Tensorflow Version: 2.8.0
Num GPUs Available:  1
Collecting Variables...
All variables have been collected.
../cache/
cw
train202
Description:  effnet: kfold, mel, no normalizing, 1 optimizer w adaptive lr, overlap threshold = 0.3,
-----------------------
training parameters
[('cache_root', '../cache/'), ('data_root', '../data/'), ('jordan_root', '../data/jwyy9np4gv-3/'), ('icbhi_root', '../data/raw_audios/icbhi_preprocessed_v2_8000/'), ('bd_root', '../data/PCV_SEGMENTED_Processed_Files/'), ('excel_path', '../data/Bangladesh_PCV_onlyStudyPatients.xlsx'), ('perch_root', '../data/raw_audios/perch_8000_10seconds'), ('ant_root', '../data/raw_audios/Antwerp_Clinical_Complete'), ('description', ' effnet: kfold, mel, no normalizing, 1 optimizer w adaptive lr, overlap threshold = 0.3,'), ('job_id', 0), ('mode', 'cw'), ('n_classes', 2), ('shape', (80, 500, 3)), ('n_epochs', 110), ('lr', 0.005), ('batch_size', 64), ('ll2_reg', 0), ('weight_decay', 0.0001), ('label_smoothing', 0), ('epsilon', 1e-07), ('es_patience', 15), ('min_delta', 0), ('train_test_ratio', 0.8), ('kfold', False), ('clause', 0), ('epoch_start', 0), ('testing', 0), ('adaptive_lr', True), ('cuberooting', 1), ('normalizing', 1), ('class_weights', True), ('early_stopping', True), ('initial_channels', 1), ('factor', 0.5), ('lr_patience', 10), ('min_lr', 1e-05), ('sr', 8000), ('audio_length', 5), ('step_size', 2.5), ('n_fft', 1024), ('hop_length', 254), ('n_mels', 128), ('overlap_threshold', 0.3), ('trainable_fb', False), ('to_decibel', True), ('train_nn', False), ('train_mel', False), ('file_dir', '../cache/cw/train202'), ('n_sequences', 9), ('activate_spectral_loss', False), ('normalize', False), ('stacking', False), ('oversample', False), ('one_hot_encoding', False), ('activation', 'sigmoid'), ('n_filters', 80), ('code', -1), ('distillation', False)]
Job id is 1.
Job dir: ../cache/cw/train202/1
- Loading Icbhi.
920 Icbhi audios have been loaded.
- Preparing Icbhi.
126 Icbhi groups of audio chunks (by filename or patients) have been prepared.
--- Samples are being split into training/val groups and de-grouped by patient ---
Job id is 2.
len(_all_samples)
7857
-----------------------
--- Final training dataset went from 0 to 4769 elements, with 2299 none's, 1353 crakles, 554 wheezes and 563 both ---
--- Final Validation dataset contains 3080 elements, with 1574 none, 860 crackles, 404 wheezes and 242 both ---
GPUs
['/device:GPU:0']
Initializing weights...
weights = {0: 0.518595041322314, 1: 0.881189948263119, 2: 2.152075812274368, 3: 2.1176731793960926}
Model: "sequential"
_________________________________________________________________
 Layer (type)                Output Shape              Param #   
=================================================================
 resnet50 (Functional)       (None, 3, 16, 2048)       23587712  
                                                                 
 global_average_pooling2d (G  (None, 2048)             0         
 lobalAveragePooling2D)                                          
                                                                 
 dense (Dense)               (None, 100)               204900    
                                                                 
 dropout (Dropout)           (None, 100)               0         
                                                                 
 dense_1 (Dense)             (None, 50)                5050      
                                                                 
 dropout_1 (Dropout)         (None, 50)                0         
                                                                 
 dense_2 (Dense)             (None, 2)                 102       
                                                                 
=================================================================
Total params: 23,797,764
Trainable params: 23,744,644
Non-trainable params: 53,120
_________________________________________________________________
Model: "leaf_model9_model_efnet1"
______________________________________________________________________________________________________________
 Layer (type)                                    Output Shape                                Param #          
==============================================================================================================
 mel_filterbanks (MelFilterbanks)                multiple                                    0                
                                                                                                              
 mel_filterbanks_1 (MelFilterbanks)              multiple                                    0 (unused)       
                                                                                                              
 sincnet (SincNet)                               multiple                                    0 (unused)       
                                                                                                              
 sequential (Sequential)                         (None, 2)                                   23797764         
                                                                                                              
==============================================================================================================
Total params: 23,797,926
Trainable params: 23,744,806
Non-trainable params: 53,120
______________________________________________________________________________________________________________
Target metric is icbhi_score
here
There is no such attribute
here2
Epoch 1/110
/home/alirachidi/classification_algorithm/trainers/modules/main/global_helpers.py:48: UserWarning: Matplotlib is currently using agg, which is a non-GUI backend, so cannot show the figure.
  plt.show()
WARNING:tensorflow:Gradients do not exist for variables ['kernel:0', 'Variable:0', 'Variable:0'] when minimizing the loss. If you're using `model.compile()`, did you forget to provide a `loss`argument?
WARNING:tensorflow:Gradients do not exist for variables ['kernel:0', 'Variable:0', 'Variable:0'] when minimizing the loss. If you're using `model.compile()`, did you forget to provide a `loss`argument?
WARNING:tensorflow:Gradients do not exist for variables ['kernel:0', 'Variable:0', 'Variable:0'] when minimizing the loss. If you're using `model.compile()`, did you forget to provide a `loss`argument?
WARNING:tensorflow:Gradients do not exist for variables ['kernel:0', 'Variable:0', 'Variable:0'] when minimizing the loss. If you're using `model.compile()`, did you forget to provide a `loss`argument?
Validation cm: [[ 176 1333    7   58]
 [ 101  758    0    1]
 [  87  295    1   21]
 [  58  177    0    7]]
Validation val_loss: 0.6427442351912523
Validation normalized_cm: [[0.112 0.847 0.004 0.037]
 [0.117 0.881 0.    0.001]
 [0.215 0.73  0.002 0.052]
 [0.24  0.731 0.    0.029]]
Validation acc: 0.30584415584415586
Validation class_accuracies: [0.11181702668360864, 0.8813953488372093, 0.0024752475247524753, 0.028925619834710745]
Validation sensitivity: 0.5086321381142098
Validation specificity: 0.11181702668360864
Validation icbhi_score: 0.3102245823989092
Validation roc_auc: None
Validation avg_accuracy: 0.25615331072007025
Validation one_indexed_epoch: 1
-- New best results were achieved. --
75/75 - 230s - loss: 0.6690 - accuracy: 0.6167 - 230s/epoch - 3s/step
here
There is no such attribute
here2
Epoch 2/110
Validation cm: [[1551    0   23    0]
 [ 859    0    1    0]
 [ 400    0    4    0]
 [ 242    0    0    0]]
Validation val_loss: 0.5948593230506817
Validation normalized_cm: [[0.985 0.    0.015 0.   ]
 [0.999 0.    0.001 0.   ]
 [0.99  0.    0.01  0.   ]
 [1.    0.    0.    0.   ]]
Validation acc: 0.5048701298701299
Validation class_accuracies: [0.9853875476493011, 0.0, 0.009900990099009901, 0.0]
Validation sensitivity: 0.0026560424966799467
Validation specificity: 0.9853875476493011
Validation icbhi_score: 0.49402179507299054
Validation roc_auc: None
Validation avg_accuracy: 0.24882213443707776
Validation one_indexed_epoch: 2
-- New best results were achieved. --
75/75 - 222s - loss: 0.5754 - accuracy: 0.7511 - 222s/epoch - 3s/step
here
There is no such attribute
here2
Epoch 3/110
Validation cm: [[1545    5   21    3]
 [ 860    0    0    0]
 [ 402    1    1    0]
 [ 241    0    1    0]]
Validation val_loss: 0.595027528366969
Validation normalized_cm: [[0.982 0.003 0.013 0.002]
 [1.    0.    0.    0.   ]
 [0.995 0.002 0.002 0.   ]
 [0.996 0.    0.004 0.   ]]
Validation acc: 0.5019480519480519
Validation class_accuracies: [0.9815756035578145, 0.0, 0.0024752475247524753, 0.0]
Validation sensitivity: 0.0006640106241699867
Validation specificity: 0.9815756035578145
Validation icbhi_score: 0.49111980709099223
Validation roc_auc: None
Validation avg_accuracy: 0.24601271277064174
Validation one_indexed_epoch: 3
The validation tracker metric at 0.49402179507299054 hasn't increased by 0 in 1 epochs
75/75 - 222s - loss: 0.5051 - accuracy: 0.7624 - 222s/epoch - 3s/step
here
There is no such attribute
here2
Epoch 4/110
Validation cm: [[1493    6   71    4]
 [ 844   11    5    0]
 [ 388    5   11    0]
 [ 234    2    6    0]]
Validation val_loss: 0.5964934605947853
Validation normalized_cm: [[0.949 0.004 0.045 0.003]
 [0.981 0.013 0.006 0.   ]
 [0.96  0.012 0.027 0.   ]
 [0.967 0.008 0.025 0.   ]]
Validation acc: 0.49188311688311687
Validation class_accuracies: [0.9485387547649301, 0.012790697674418604, 0.027227722772277228, 0.0]
Validation sensitivity: 0.014608233731739707
Validation specificity: 0.9485387547649301
Validation icbhi_score: 0.4815734942483349
Validation roc_auc: None
Validation avg_accuracy: 0.2471392938029065
Validation one_indexed_epoch: 4
The validation tracker metric at 0.49402179507299054 hasn't increased by 0 in 2 epochs
75/75 - 221s - loss: 0.4489 - accuracy: 0.7991 - 221s/epoch - 3s/step
here
There is no such attribute
here2
Epoch 5/110
Validation cm: [[676 846  10  42]
 [235 617   0   8]
 [132 257   2  13]
 [ 89 148   1   4]]
Validation val_loss: 0.605960648042428
Validation normalized_cm: [[0.429 0.537 0.006 0.027]
 [0.273 0.717 0.    0.009]
 [0.327 0.636 0.005 0.032]
 [0.368 0.612 0.004 0.017]]
Validation acc: 0.42175324675324677
Validation class_accuracies: [0.42947903430749684, 0.7174418604651163, 0.0049504950495049506, 0.01652892561983471]
Validation sensitivity: 0.41367861885790175
Validation specificity: 0.42947903430749684
Validation icbhi_score: 0.4215788265826993
Validation roc_auc: None
Validation avg_accuracy: 0.29210007886048817
Validation one_indexed_epoch: 5
The validation tracker metric at 0.49402179507299054 hasn't increased by 0 in 3 epochs
75/75 - 217s - loss: 0.3856 - accuracy: 0.8021 - 217s/epoch - 3s/step
here
There is no such attribute
here2
Epoch 6/110
Validation cm: [[1484   69   21    0]
 [ 820   38    1    1]
 [ 377   19    8    0]
 [ 227   11    3    1]]
Validation val_loss: 0.613449626786078
Validation normalized_cm: [[0.943 0.044 0.013 0.   ]
 [0.953 0.044 0.001 0.001]
 [0.933 0.047 0.02  0.   ]
 [0.938 0.045 0.012 0.004]]
Validation acc: 0.49707792207792206
Validation class_accuracies: [0.9428208386277002, 0.044186046511627906, 0.019801980198019802, 0.004132231404958678]
Validation sensitivity: 0.031208499335989376
Validation specificity: 0.9428208386277002
Validation icbhi_score: 0.48701466898184476
Validation roc_auc: None
Validation avg_accuracy: 0.2527352741855767
Validation one_indexed_epoch: 6
The validation tracker metric at 0.49402179507299054 hasn't increased by 0 in 4 epochs
75/75 - 220s - loss: 0.3307 - accuracy: 0.8299 - 220s/epoch - 3s/step
here
There is no such attribute
here2
Epoch 7/110
Validation cm: [[723 377 371 103]
 [320 420  78  42]
 [154  57 154  39]
 [101  43  64  34]]
Validation val_loss: 0.6413638207347846
Validation normalized_cm: [[0.459 0.24  0.236 0.065]
 [0.372 0.488 0.091 0.049]
 [0.381 0.141 0.381 0.097]
 [0.417 0.178 0.264 0.14 ]]
Validation acc: 0.43214285714285716
Validation class_accuracies: [0.4593392630241423, 0.4883720930232558, 0.3811881188118812, 0.14049586776859505]
Validation sensitivity: 0.4037184594953519
Validation specificity: 0.4593392630241423
Validation icbhi_score: 0.4315288612597471
Validation roc_auc: None
Validation avg_accuracy: 0.3673488356569686
Validation one_indexed_epoch: 7
The validation tracker metric at 0.49402179507299054 hasn't increased by 0 in 5 epochs
75/75 - 218s - loss: 0.3057 - accuracy: 0.8348 - 218s/epoch - 3s/step
here
There is no such attribute
here2
Epoch 8/110
Validation cm: [[681 517 281  95]
 [303 494  39  24]
 [125  98 105  76]
 [ 84  72  36  50]]
Validation val_loss: 0.7340128464517319
Validation normalized_cm: [[0.433 0.328 0.179 0.06 ]
 [0.352 0.574 0.045 0.028]
 [0.309 0.243 0.26  0.188]
 [0.347 0.298 0.149 0.207]]
Validation acc: 0.4318181818181818
Validation class_accuracies: [0.4326556543837357, 0.5744186046511628, 0.2599009900990099, 0.2066115702479339]
Validation sensitivity: 0.4309428950863214
Validation specificity: 0.4326556543837357
Validation icbhi_score: 0.43179927473502855
Validation roc_auc: None
Validation avg_accuracy: 0.36839670484546055
Validation one_indexed_epoch: 8
The validation tracker metric at 0.49402179507299054 hasn't increased by 0 in 6 epochs
75/75 - 216s - loss: 0.2530 - accuracy: 0.8291 - 216s/epoch - 3s/step
here
There is no such attribute
here2
Epoch 9/110
Validation cm: [[638  17 869  50]
 [388  17 400  55]
 [ 97   2 296   9]
 [ 70   0 167   5]]
Validation val_loss: 1.7322025223679485
Validation normalized_cm: [[0.405 0.011 0.552 0.032]
 [0.451 0.02  0.465 0.064]
 [0.24  0.005 0.733 0.022]
 [0.289 0.    0.69  0.021]]
Validation acc: 0.3103896103896104
Validation class_accuracies: [0.40533672172808133, 0.019767441860465116, 0.7326732673267327, 0.02066115702479339]
Validation sensitivity: 0.21115537848605578
Validation specificity: 0.40533672172808133
Validation icbhi_score: 0.30824605010706857
Validation roc_auc: None
Validation avg_accuracy: 0.2946096469850181
Validation one_indexed_epoch: 9
The validation tracker metric at 0.49402179507299054 hasn't increased by 0 in 7 epochs
75/75 - 220s - loss: 0.2046 - accuracy: 0.8534 - 220s/epoch - 3s/step
here
There is no such attribute
here2
Epoch 10/110
Validation cm: [[944 237 339  54]
 [471 309  45  35]
 [131  22 216  35]
 [ 77  18 114  33]]
Validation val_loss: 0.7636457770779372
Validation normalized_cm: [[0.6   0.151 0.215 0.034]
 [0.548 0.359 0.052 0.041]
 [0.324 0.054 0.535 0.087]
 [0.318 0.074 0.471 0.136]]
Validation acc: 0.4876623376623377
Validation class_accuracies: [0.5997458703939009, 0.35930232558139535, 0.5346534653465347, 0.13636363636363635]
Validation sensitivity: 0.3705179282868526
Validation specificity: 0.5997458703939009
Validation icbhi_score: 0.48513189934037676
Validation roc_auc: None
Validation avg_accuracy: 0.40751632442136687
Validation one_indexed_epoch: 10
The validation tracker metric at 0.49402179507299054 hasn't increased by 0 in 8 epochs
75/75 - 219s - loss: 0.2092 - accuracy: 0.8450 - 219s/epoch - 3s/step
Mel loss: <tf.Variable 'Variable:0' shape=() dtype=float32, numpy=0.5>
sinc loss: <tf.Variable 'Variable:0' shape=() dtype=float32, numpy=0.5>
here
There is no such attribute
here2
Epoch 11/110
Validation cm: [[ 430    7 1040   97]
 [ 216   20  579   45]
 [  44    1  317   42]
 [  38    8  169   27]]
Validation val_loss: 1.3695354983378194
Validation normalized_cm: [[0.273 0.004 0.661 0.062]
 [0.251 0.023 0.673 0.052]
 [0.109 0.002 0.785 0.104]
 [0.157 0.033 0.698 0.112]]
Validation acc: 0.2577922077922078
Validation class_accuracies: [0.2731893265565438, 0.023255813953488372, 0.7846534653465347, 0.1115702479338843]
Validation sensitivity: 0.24169986719787517
Validation specificity: 0.2731893265565438
Validation icbhi_score: 0.2574445968772095
Validation roc_auc: None
Validation avg_accuracy: 0.29816721344761277
Validation one_indexed_epoch: 11
The validation tracker metric at 0.49402179507299054 hasn't increased by 0 in 9 epochs
75/75 - 223s - loss: 0.1626 - accuracy: 0.8562 - 223s/epoch - 3s/step
here
There is no such attribute
here2
Epoch 12/110
Validation cm: [[ 91 111 766 606]
 [ 28 111 221 500]
 [ 11  18 230 145]
 [  8  10  84 140]]
Validation val_loss: 1.6156509568892878
Validation normalized_cm: [[0.058 0.071 0.487 0.385]
 [0.033 0.129 0.257 0.581]
 [0.027 0.045 0.569 0.359]
 [0.033 0.041 0.347 0.579]]
Validation acc: 0.18571428571428572
Validation class_accuracies: [0.05781448538754765, 0.12906976744186047, 0.5693069306930693, 0.5785123966942148]
Validation sensitivity: 0.3193891102257636
Validation specificity: 0.05781448538754765
Validation icbhi_score: 0.18860179780665562
Validation roc_auc: None
Validation avg_accuracy: 0.33367589505417306
Validation one_indexed_epoch: 12
The validation tracker metric at 0.49402179507299054 hasn't increased by 0 in 10 epochs
Lr has been adjusted to 0.0024999999441206455
75/75 - 226s - loss: 0.1460 - accuracy: 0.8687 - 226s/epoch - 3s/step
here
There is no such attribute
here2
Epoch 13/110
Validation cm: [[523 304 404 343]
 [155 291 116 298]
 [ 53  20 181 150]
 [ 42  12  63 125]]
Validation val_loss: 1.1024811778207242
Validation normalized_cm: [[0.332 0.193 0.257 0.218]
 [0.18  0.338 0.135 0.347]
 [0.131 0.05  0.448 0.371]
 [0.174 0.05  0.26  0.517]]
Validation acc: 0.36363636363636365
Validation class_accuracies: [0.33227445997458704, 0.3383720930232558, 0.44801980198019803, 0.5165289256198347]
Validation sensitivity: 0.39641434262948205
Validation specificity: 0.33227445997458704
Validation icbhi_score: 0.36434440130203455
Validation roc_auc: None
Validation avg_accuracy: 0.4087988201494689
Validation one_indexed_epoch: 13
The validation tracker metric at 0.49402179507299054 hasn't increased by 0 in 11 epochs
75/75 - 224s - loss: 0.1173 - accuracy: 0.8473 - 224s/epoch - 3s/step
here
There is no such attribute
here2
Epoch 14/110
Validation cm: [[484 638 226 226]
 [118 566  26 150]
 [ 51  95  99 159]
 [ 32  55  34 121]]
Validation val_loss: 1.3149665907521593
Validation normalized_cm: [[0.307 0.405 0.144 0.144]
 [0.137 0.658 0.03  0.174]
 [0.126 0.235 0.245 0.394]
 [0.132 0.227 0.14  0.5  ]]
Validation acc: 0.41233766233766234
Validation class_accuracies: [0.30749682337992373, 0.6581395348837209, 0.24504950495049505, 0.5]
Validation sensitivity: 0.5219123505976095
Validation specificity: 0.30749682337992373
Validation icbhi_score: 0.41470458698876667
Validation roc_auc: None
Validation avg_accuracy: 0.42767146580353493
Validation one_indexed_epoch: 14
The validation tracker metric at 0.49402179507299054 hasn't increased by 0 in 12 epochs
75/75 - 224s - loss: 0.0646 - accuracy: 0.8700 - 224s/epoch - 3s/step
here
There is no such attribute
here2
Epoch 15/110
Validation cm: [[1229  191  102   52]
 [ 627  200   11   22]
 [ 245   31   92   36]
 [ 129   16   51   46]]
Validation val_loss: 1.2413368672634844
Validation normalized_cm: [[0.781 0.121 0.065 0.033]
 [0.729 0.233 0.013 0.026]
 [0.606 0.077 0.228 0.089]
 [0.533 0.066 0.211 0.19 ]]
Validation acc: 0.5087662337662338
Validation class_accuracies: [0.7808132147395171, 0.23255813953488372, 0.22772277227722773, 0.19008264462809918]
Validation sensitivity: 0.2244355909694555
Validation specificity: 0.7808132147395171
Validation icbhi_score: 0.5026244028544863
Validation roc_auc: None
Validation avg_accuracy: 0.35779419279493196
Validation one_indexed_epoch: 15
-- New best results were achieved. --
75/75 - 222s - loss: 0.0480 - accuracy: 0.8763 - 222s/epoch - 3s/step
here
There is no such attribute
here2
Epoch 16/110
Validation cm: [[1048  222  271   33]
 [ 530  292   23   15]
 [ 195   33  147   29]
 [ 107   26   69   40]]
Validation val_loss: 1.3018112179437609
Validation normalized_cm: [[0.666 0.141 0.172 0.021]
 [0.616 0.34  0.027 0.017]
 [0.483 0.082 0.364 0.072]
 [0.442 0.107 0.285 0.165]]
Validation acc: 0.49577922077922076
Validation class_accuracies: [0.6658195679796697, 0.3395348837209302, 0.36386138613861385, 0.1652892561983471]
Validation sensitivity: 0.31806108897742363
Validation specificity: 0.6658195679796697
Validation icbhi_score: 0.49194032847854663
Validation roc_auc: None
Validation avg_accuracy: 0.38362627350939016
Validation one_indexed_epoch: 16
The validation tracker metric at 0.5026244028544863 hasn't increased by 0 in 1 epochs
75/75 - 220s - loss: 0.0376 - accuracy: 0.8381 - 220s/epoch - 3s/step
here
There is no such attribute
here2
Epoch 17/110
Validation cm: [[1120  144  301    9]
 [ 617  218   25    0]
 [ 214   16  169    5]
 [ 149   14   75    4]]
Validation val_loss: 1.7233386565079176
Validation normalized_cm: [[0.712 0.091 0.191 0.006]
 [0.717 0.253 0.029 0.   ]
 [0.53  0.04  0.418 0.012]
 [0.616 0.058 0.31  0.017]]
Validation acc: 0.49058441558441557
Validation class_accuracies: [0.7115628970775095, 0.2534883720930233, 0.4183168316831683, 0.01652892561983471]
Validation sensitivity: 0.2596281540504648
Validation specificity: 0.7115628970775095
Validation icbhi_score: 0.48559552556398716
Validation roc_auc: None
Validation avg_accuracy: 0.34997425661838394
Validation one_indexed_epoch: 17
The validation tracker metric at 0.5026244028544863 hasn't increased by 0 in 2 epochs
75/75 - 223s - loss: 0.0300 - accuracy: 0.8455 - 223s/epoch - 3s/step
here
There is no such attribute
here2
Epoch 18/110
Validation cm: [[370 802 235 167]
 [ 95 647  18 100]
 [ 39 111  71 183]
 [ 30  69  18 125]]
Validation val_loss: 2.1639378455281366
Validation normalized_cm: [[0.235 0.51  0.149 0.106]
 [0.11  0.752 0.021 0.116]
 [0.097 0.275 0.176 0.453]
 [0.124 0.285 0.074 0.517]]
Validation acc: 0.3938311688311688
Validation class_accuracies: [0.23506988564167725, 0.7523255813953489, 0.17574257425742573, 0.5165289256198347]
Validation sensitivity: 0.5597609561752988
Validation specificity: 0.23506988564167725
Validation icbhi_score: 0.397415420908488
Validation roc_auc: None
Validation avg_accuracy: 0.41991674172857163
Validation one_indexed_epoch: 18
The validation tracker metric at 0.5026244028544863 hasn't increased by 0 in 3 epochs
75/75 - 221s - loss: 0.0326 - accuracy: 0.8503 - 221s/epoch - 3s/step
here
There is no such attribute
here2
Epoch 19/110
Validation cm: [[750 471 265  88]
 [270 516  26  48]
 [ 99  76 142  87]
 [ 65  36  63  78]]
Validation val_loss: 1.41519576449851
Validation normalized_cm: [[0.476 0.299 0.168 0.056]
 [0.314 0.6   0.03  0.056]
 [0.245 0.188 0.351 0.215]
 [0.269 0.149 0.26  0.322]]
Validation acc: 0.4824675324675325
Validation class_accuracies: [0.4764930114358323, 0.6, 0.35148514851485146, 0.32231404958677684]
Validation sensitivity: 0.48871181938911024
Validation specificity: 0.4764930114358323
Validation icbhi_score: 0.4826024154124713
Validation roc_auc: None
Validation avg_accuracy: 0.43757305238436517
Validation one_indexed_epoch: 19
The validation tracker metric at 0.5026244028544863 hasn't increased by 0 in 4 epochs
75/75 - 222s - loss: 0.0277 - accuracy: 0.8348 - 222s/epoch - 3s/step
here
There is no such attribute
here2
Epoch 20/110
Validation cm: [[884 300 291  99]
 [365 373  47  75]
 [105  39 167  93]
 [ 69  16  81  76]]
Validation val_loss: 1.507212623835093
Validation normalized_cm: [[0.562 0.191 0.185 0.063]
 [0.424 0.434 0.055 0.087]
 [0.26  0.097 0.413 0.23 ]
 [0.285 0.066 0.335 0.314]]
Validation acc: 0.487012987012987
Validation class_accuracies: [0.5616264294790343, 0.43372093023255814, 0.41336633663366334, 0.3140495867768595]
Validation sensitivity: 0.40903054448871184
Validation specificity: 0.5616264294790343
Validation icbhi_score: 0.4853284869838731
Validation roc_auc: None
Validation avg_accuracy: 0.43069082078052884
Validation one_indexed_epoch: 20
The validation tracker metric at 0.5026244028544863 hasn't increased by 0 in 5 epochs
75/75 - 225s - loss: 0.0180 - accuracy: 0.8276 - 225s/epoch - 3s/step
Mel loss: <tf.Variable 'Variable:0' shape=() dtype=float32, numpy=0.5>
sinc loss: <tf.Variable 'Variable:0' shape=() dtype=float32, numpy=0.5>
here
There is no such attribute
here2
Epoch 21/110
Validation cm: [[1029  278  204   63]
 [ 441  366   21   32]
 [ 156   49  124   75]
 [  92   31   54   65]]
Validation val_loss: 1.4525576179425166
Validation normalized_cm: [[0.654 0.177 0.13  0.04 ]
 [0.513 0.426 0.024 0.037]
 [0.386 0.121 0.307 0.186]
 [0.38  0.128 0.223 0.269]]
Validation acc: 0.5142857142857142
Validation class_accuracies: [0.6537484116899619, 0.4255813953488372, 0.3069306930693069, 0.26859504132231404]
Validation sensitivity: 0.36852589641434264
Validation specificity: 0.6537484116899619
Validation icbhi_score: 0.5111371540521523
Validation roc_auc: None
Validation avg_accuracy: 0.413713885357605
Validation one_indexed_epoch: 21
-- New best results were achieved. --
75/75 - 230s - loss: 0.0162 - accuracy: 0.8325 - 230s/epoch - 3s/step
here
There is no such attribute
here2
Epoch 22/110
Validation cm: [[978 303 248  45]
 [384 412  28  36]
 [165  47 146  46]
 [ 78  41  68  55]]
Validation val_loss: 1.5849734465658316
Validation normalized_cm: [[0.621 0.193 0.158 0.029]
 [0.447 0.479 0.033 0.042]
 [0.408 0.116 0.361 0.114]
 [0.322 0.169 0.281 0.227]]
Validation acc: 0.5165584415584416
Validation class_accuracies: [0.6213468869123253, 0.4790697674418605, 0.3613861386138614, 0.22727272727272727]
Validation sensitivity: 0.4070385126162019
Validation specificity: 0.6213468869123253
Validation icbhi_score: 0.5141926997642636
Validation roc_auc: None
Validation avg_accuracy: 0.42226888006019364
Validation one_indexed_epoch: 22
-- New best results were achieved. --
75/75 - 227s - loss: 0.0146 - accuracy: 0.8245 - 227s/epoch - 3s/step
here
There is no such attribute
here2
Epoch 23/110
Validation cm: [[974 401 175  24]
 [325 513  13   9]
 [191  73 116  24]
 [105  44  57  36]]
Validation val_loss: 1.581214681867126
Validation normalized_cm: [[0.619 0.255 0.111 0.015]
 [0.378 0.597 0.015 0.01 ]
 [0.473 0.181 0.287 0.059]
 [0.434 0.182 0.236 0.149]]
Validation acc: 0.5321428571428571
Validation class_accuracies: [0.6188055908513341, 0.5965116279069768, 0.2871287128712871, 0.1487603305785124]
Validation sensitivity: 0.44156706507304117
Validation specificity: 0.6188055908513341
Validation icbhi_score: 0.5301863279621877
Validation roc_auc: None
Validation avg_accuracy: 0.41280156555202757
Validation one_indexed_epoch: 23
-- New best results were achieved. --
75/75 - 227s - loss: 0.0183 - accuracy: 0.8270 - 227s/epoch - 3s/step
here
There is no such attribute
here2
Epoch 24/110
Validation cm: [[1059  162  320   33]
 [ 549  252   35   24]
 [ 165   43  177   19]
 [ 106   23   80   33]]
Validation val_loss: 1.6487738213731473
Validation normalized_cm: [[0.673 0.103 0.203 0.021]
 [0.638 0.293 0.041 0.028]
 [0.408 0.106 0.438 0.047]
 [0.438 0.095 0.331 0.136]]
Validation acc: 0.49383116883116884
Validation class_accuracies: [0.6728081321473952, 0.2930232558139535, 0.4381188118811881, 0.13636363636363635]
Validation sensitivity: 0.30677290836653387
Validation specificity: 0.6728081321473952
Validation icbhi_score: 0.48979052025696457
Validation roc_auc: None
Validation avg_accuracy: 0.38507845905154325
Validation one_indexed_epoch: 24
The validation tracker metric at 0.5301863279621877 hasn't increased by 0 in 1 epochs
75/75 - 224s - loss: 0.0263 - accuracy: 0.8245 - 224s/epoch - 3s/step
here
There is no such attribute
here2
Epoch 25/110
Validation cm: [[1063   85  373   53]
 [ 585  131  120   24]
 [ 147   12  216   29]
 [  87    4  117   34]]
Validation val_loss: 1.0586109301324866
Validation normalized_cm: [[0.675 0.054 0.237 0.034]
 [0.68  0.152 0.14  0.028]
 [0.364 0.03  0.535 0.072]
 [0.36  0.017 0.483 0.14 ]]
Validation acc: 0.4688311688311688
Validation class_accuracies: [0.6753494282083863, 0.15232558139534882, 0.5346534653465347, 0.14049586776859505]
Validation sensitivity: 0.25298804780876494
Validation specificity: 0.6753494282083863
Validation icbhi_score: 0.4641687380085756
Validation roc_auc: None
Validation avg_accuracy: 0.3757060856797162
Validation one_indexed_epoch: 25
The validation tracker metric at 0.5301863279621877 hasn't increased by 0 in 2 epochs
75/75 - 223s - loss: 0.0439 - accuracy: 0.7981 - 223s/epoch - 3s/step
here
There is no such attribute
here2
Epoch 26/110
Validation cm: [[608 339 354 273]
 [268 337  87 168]
 [ 68  29 164 143]
 [ 46  18  75 103]]
Validation val_loss: 1.388681073269899
Validation normalized_cm: [[0.386 0.215 0.225 0.173]
 [0.312 0.392 0.101 0.195]
 [0.168 0.072 0.406 0.354]
 [0.19  0.074 0.31  0.426]]
Validation acc: 0.3935064935064935
Validation class_accuracies: [0.386277001270648, 0.3918604651162791, 0.40594059405940597, 0.4256198347107438]
Validation sensitivity: 0.40106241699867196
Validation specificity: 0.386277001270648
Validation icbhi_score: 0.39366970913466
Validation roc_auc: None
Validation avg_accuracy: 0.40242447378926927
Validation one_indexed_epoch: 26
The validation tracker metric at 0.5301863279621877 hasn't increased by 0 in 3 epochs
75/75 - 225s - loss: 0.0298 - accuracy: 0.8109 - 225s/epoch - 3s/step
here
There is no such attribute
here2
Epoch 27/110
Validation cm: [[650 504 272 148]
 [271 493  53  43]
 [ 98  45 144 117]
 [ 60  29  66  87]]
Validation val_loss: 1.5878770449204553
Validation normalized_cm: [[0.413 0.32  0.173 0.094]
 [0.315 0.573 0.062 0.05 ]
 [0.243 0.111 0.356 0.29 ]
 [0.248 0.12  0.273 0.36 ]]
Validation acc: 0.4461038961038961
Validation class_accuracies: [0.41296060991105465, 0.5732558139534883, 0.3564356435643564, 0.359504132231405]
Validation sensitivity: 0.4807436918990704
Validation specificity: 0.41296060991105465
Validation icbhi_score: 0.44685215090506253
Validation roc_auc: None
Validation avg_accuracy: 0.42553904991507613
Validation one_indexed_epoch: 27
The validation tracker metric at 0.5301863279621877 hasn't increased by 0 in 4 epochs
75/75 - 224s - loss: 0.0258 - accuracy: 0.7949 - 224s/epoch - 3s/step
here
There is no such attribute
here2
Epoch 28/110
Validation cm: [[1047  253  207   67]
 [ 478  351   16   15]
 [ 186   29  119   70]
 [ 103   22   72   45]]
Validation val_loss: 1.7952044157708427
Validation normalized_cm: [[0.665 0.161 0.132 0.043]
 [0.556 0.408 0.019 0.017]
 [0.46  0.072 0.295 0.173]
 [0.426 0.091 0.298 0.186]]
Validation acc: 0.5071428571428571
Validation class_accuracies: [0.6651842439644219, 0.40813953488372096, 0.29455445544554454, 0.1859504132231405]
Validation sensitivity: 0.34196547144754313
Validation specificity: 0.6651842439644219
Validation icbhi_score: 0.5035748577059825
Validation roc_auc: None
Validation avg_accuracy: 0.388457161879207
Validation one_indexed_epoch: 28
The validation tracker metric at 0.5301863279621877 hasn't increased by 0 in 5 epochs
75/75 - 225s - loss: 0.0219 - accuracy: 0.7943 - 225s/epoch - 3s/step
here
There is no such attribute
here2
Epoch 29/110
Validation cm: [[1012  253  264   45]
 [ 506  303   26   25]
 [ 154   58  129   63]
 [ 106   35   67   34]]
Validation val_loss: 1.797845078776926
Validation normalized_cm: [[0.643 0.161 0.168 0.029]
 [0.588 0.352 0.03  0.029]
 [0.381 0.144 0.319 0.156]
 [0.438 0.145 0.277 0.14 ]]
Validation acc: 0.4798701298701299
Validation class_accuracies: [0.6429479034307497, 0.35232558139534886, 0.3193069306930693, 0.14049586776859505]
Validation sensitivity: 0.3094289508632138
Validation specificity: 0.6429479034307497
Validation icbhi_score: 0.47618842714698173
Validation roc_auc: None
Validation avg_accuracy: 0.3637690708219407
Validation one_indexed_epoch: 29
The validation tracker metric at 0.5301863279621877 hasn't increased by 0 in 6 epochs
75/75 - 230s - loss: 0.0240 - accuracy: 0.7964 - 230s/epoch - 3s/step
here
There is no such attribute
here2
Epoch 30/110
Validation cm: [[582 496 409  87]
 [197 516  91  56]
 [105  81 185  33]
 [ 45  52  90  55]]
Validation val_loss: 1.3094235016329014
Validation normalized_cm: [[0.37  0.315 0.26  0.055]
 [0.229 0.6   0.106 0.065]
 [0.26  0.2   0.458 0.082]
 [0.186 0.215 0.372 0.227]]
Validation acc: 0.4344155844155844
Validation class_accuracies: [0.3697585768742058, 0.6, 0.45792079207920794, 0.22727272727272727]
Validation sensitivity: 0.50199203187251
Validation specificity: 0.3697585768742058
Validation icbhi_score: 0.43587530437335786
Validation roc_auc: None
Validation avg_accuracy: 0.41373802405653526
Validation one_indexed_epoch: 30
The validation tracker metric at 0.5301863279621877 hasn't increased by 0 in 7 epochs
75/75 - 229s - loss: 0.0436 - accuracy: 0.7949 - 229s/epoch - 3s/step
Mel loss: <tf.Variable 'Variable:0' shape=() dtype=float32, numpy=0.5>
sinc loss: <tf.Variable 'Variable:0' shape=() dtype=float32, numpy=0.5>
here
There is no such attribute
here2
Epoch 31/110
Validation cm: [[541 536 158 339]
 [121 494  19 226]
 [ 71  62  52 219]
 [ 47  33  15 147]]
Validation val_loss: 2.111167119539127
Validation normalized_cm: [[0.344 0.341 0.1   0.215]
 [0.141 0.574 0.022 0.263]
 [0.176 0.153 0.129 0.542]
 [0.194 0.136 0.062 0.607]]
Validation acc: 0.40064935064935064
Validation class_accuracies: [0.34371029224904703, 0.5744186046511628, 0.12871287128712872, 0.6074380165289256]
Validation sensitivity: 0.4601593625498008
Validation specificity: 0.34371029224904703
Validation icbhi_score: 0.4019348273994239
Validation roc_auc: None
Validation avg_accuracy: 0.41356994617906606
Validation one_indexed_epoch: 31
The validation tracker metric at 0.5301863279621877 hasn't increased by 0 in 8 epochs
75/75 - 230s - loss: 0.0386 - accuracy: 0.7756 - 230s/epoch - 3s/step
here
There is no such attribute
here2
Epoch 32/110
Validation cm: [[1077  260  200   37]
 [ 433  370   34   23]
 [ 186   38  154   26]
 [ 100   23   81   38]]
Validation val_loss: 1.4363728289060451
Validation normalized_cm: [[0.684 0.165 0.127 0.024]
 [0.503 0.43  0.04  0.027]
 [0.46  0.094 0.381 0.064]
 [0.413 0.095 0.335 0.157]]
Validation acc: 0.5321428571428571
Validation class_accuracies: [0.6842439644218552, 0.43023255813953487, 0.3811881188118812, 0.15702479338842976]
Validation sensitivity: 0.37317397078353254
Validation specificity: 0.6842439644218552
Validation icbhi_score: 0.5287089676026939
Validation roc_auc: None
Validation avg_accuracy: 0.4131723586904252
Validation one_indexed_epoch: 32
The validation tracker metric at 0.5301863279621877 hasn't increased by 0 in 9 epochs
75/75 - 227s - loss: 0.0197 - accuracy: 0.8056 - 227s/epoch - 3s/step
here
There is no such attribute
here2
Epoch 33/110
Validation cm: [[1102  287  136   49]
 [ 450  385   12   13]
 [ 212   39  102   51]
 [ 103   39   48   52]]
Validation val_loss: 1.8188536935551405
Validation normalized_cm: [[0.7   0.182 0.086 0.031]
 [0.523 0.448 0.014 0.015]
 [0.525 0.097 0.252 0.126]
 [0.426 0.161 0.198 0.215]]
Validation acc: 0.5327922077922078
Validation class_accuracies: [0.7001270648030495, 0.4476744186046512, 0.2524752475247525, 0.21487603305785125]
Validation sensitivity: 0.35790172642762286
Validation specificity: 0.7001270648030495
Validation icbhi_score: 0.5290143956153361
Validation roc_auc: None
Validation avg_accuracy: 0.4037881909975761
Validation one_indexed_epoch: 33
The validation tracker metric at 0.5301863279621877 hasn't increased by 0 in 10 epochs
Lr has been adjusted to 0.0012499999720603228
75/75 - 224s - loss: 0.0111 - accuracy: 0.7968 - 224s/epoch - 3s/step
here
There is no such attribute
here2
Epoch 34/110
Validation cm: [[1026  271  169  108]
 [ 426  374   12   48]
 [ 157   45   96  106]
 [  86   28   40   88]]
Validation val_loss: 1.712712286140068
Validation normalized_cm: [[0.652 0.172 0.107 0.069]
 [0.495 0.435 0.014 0.056]
 [0.389 0.111 0.238 0.262]
 [0.355 0.116 0.165 0.364]]
Validation acc: 0.5142857142857142
Validation class_accuracies: [0.6518424396442185, 0.43488372093023253, 0.2376237623762376, 0.36363636363636365]
Validation sensitivity: 0.3705179282868526
Validation specificity: 0.6518424396442185
Validation icbhi_score: 0.5111801839655356
Validation roc_auc: None
Validation avg_accuracy: 0.4219965716467631
Validation one_indexed_epoch: 34
The validation tracker metric at 0.5301863279621877 hasn't increased by 0 in 11 epochs
75/75 - 227s - loss: 0.0102 - accuracy: 0.7855 - 227s/epoch - 3s/step
here
There is no such attribute
here2
Epoch 35/110
Validation cm: [[950 392 129 103]
 [316 482  14  48]
 [132  74  87 111]
 [ 75  41  34  92]]
Validation val_loss: 1.676146670239833
Validation normalized_cm: [[0.604 0.249 0.082 0.065]
 [0.367 0.56  0.016 0.056]
 [0.327 0.183 0.215 0.275]
 [0.31  0.169 0.14  0.38 ]]
Validation acc: 0.5230519480519481
Validation class_accuracies: [0.6035578144853876, 0.5604651162790698, 0.21534653465346534, 0.38016528925619836]
Validation sensitivity: 0.4389110225763612
Validation specificity: 0.6035578144853876
Validation icbhi_score: 0.5212344185308744
Validation roc_auc: None
Validation avg_accuracy: 0.4398836886685303
Validation one_indexed_epoch: 35
The validation tracker metric at 0.5301863279621877 hasn't increased by 0 in 12 epochs
75/75 - 226s - loss: 0.0072 - accuracy: 0.7844 - 226s/epoch - 3s/step
here
There is no such attribute
here2
Epoch 36/110
Validation cm: [[884 479 145  66]
 [295 531  13  21]
 [131  92 111  70]
 [ 68  52  49  73]]
Validation val_loss: 1.6442847631412991
Validation normalized_cm: [[0.562 0.304 0.092 0.042]
 [0.343 0.617 0.015 0.024]
 [0.324 0.228 0.275 0.173]
 [0.281 0.215 0.202 0.302]]
Validation acc: 0.5191558441558441
Validation class_accuracies: [0.5616264294790343, 0.6174418604651163, 0.2747524752475248, 0.30165289256198347]
Validation sensitivity: 0.4747675962815405
Validation specificity: 0.5616264294790343
Validation icbhi_score: 0.5181970128802874
Validation roc_auc: None
Validation avg_accuracy: 0.4388684144384147
Validation one_indexed_epoch: 36
The validation tracker metric at 0.5301863279621877 hasn't increased by 0 in 13 epochs
75/75 - 225s - loss: 0.0057 - accuracy: 0.7916 - 225s/epoch - 3s/step
here
There is no such attribute
here2
Epoch 37/110
Validation cm: [[996 325 175  78]
 [405 413  13  29]
 [137  67 112  88]
 [ 78  41  51  72]]
Validation val_loss: 1.5804598038201805
Validation normalized_cm: [[0.633 0.206 0.111 0.05 ]
 [0.471 0.48  0.015 0.034]
 [0.339 0.166 0.277 0.218]
 [0.322 0.169 0.211 0.298]]
Validation acc: 0.5172077922077922
Validation class_accuracies: [0.6327827191867853, 0.48023255813953486, 0.27722772277227725, 0.2975206611570248]
Validation sensitivity: 0.39641434262948205
Validation specificity: 0.6327827191867853
Validation icbhi_score: 0.5145985309081337
Validation roc_auc: None
Validation avg_accuracy: 0.42194091531390554
Validation one_indexed_epoch: 37
The validation tracker metric at 0.5301863279621877 hasn't increased by 0 in 14 epochs
75/75 - 227s - loss: 0.0051 - accuracy: 0.7914 - 227s/epoch - 3s/step
here
There is no such attribute
here2
Epoch 38/110
Validation cm: [[940 451 136  47]
 [306 521  16  17]
 [156  76 127  45]
 [ 80  44  58  60]]
Validation val_loss: 1.5958197952651978
Validation normalized_cm: [[0.597 0.287 0.086 0.03 ]
 [0.356 0.606 0.019 0.02 ]
 [0.386 0.188 0.314 0.111]
 [0.331 0.182 0.24  0.248]]
Validation acc: 0.535064935064935
Validation class_accuracies: [0.5972045743329097, 0.6058139534883721, 0.31435643564356436, 0.24793388429752067]
Validation sensitivity: 0.4701195219123506
Validation specificity: 0.5972045743329097
Validation icbhi_score: 0.5336620481226302
Validation roc_auc: None
Validation avg_accuracy: 0.44132721194059177
Validation one_indexed_epoch: 38
-- New best results were achieved. --
75/75 - 229s - loss: 0.0048 - accuracy: 0.7945 - 229s/epoch - 3s/step
here
There is no such attribute
here2
Epoch 39/110
Validation cm: [[952 379 176  67]
 [333 485  17  25]
 [150  60 131  63]
 [ 78  38  55  71]]
Validation val_loss: 1.6349606349470844
Validation normalized_cm: [[0.605 0.241 0.112 0.043]
 [0.387 0.564 0.02  0.029]
 [0.371 0.149 0.324 0.156]
 [0.322 0.157 0.227 0.293]]
Validation acc: 0.5321428571428571
Validation class_accuracies: [0.6048284625158831, 0.563953488372093, 0.32425742574257427, 0.29338842975206614]
Validation sensitivity: 0.45617529880478086
Validation specificity: 0.6048284625158831
Validation icbhi_score: 0.530501880660332
Validation roc_auc: None
Validation avg_accuracy: 0.4466069515956541
Validation one_indexed_epoch: 39
The validation tracker metric at 0.5336620481226302 hasn't increased by 0 in 1 epochs
75/75 - 231s - loss: 0.0049 - accuracy: 0.7832 - 231s/epoch - 3s/step
here
There is no such attribute
here2
Epoch 40/110
Validation cm: [[977 338 188  71]
 [366 445  22  27]
 [160  50 127  67]
 [ 80  34  57  71]]
Validation val_loss: 1.691164147696271
Validation normalized_cm: [[0.621 0.215 0.119 0.045]
 [0.426 0.517 0.026 0.031]
 [0.396 0.124 0.314 0.166]
 [0.331 0.14  0.236 0.293]]
Validation acc: 0.525974025974026
Validation class_accuracies: [0.6207115628970775, 0.5174418604651163, 0.31435643564356436, 0.29338842975206614]
Validation sensitivity: 0.42695883134130147
Validation specificity: 0.6207115628970775
Validation icbhi_score: 0.5238351971191895
Validation roc_auc: None
Validation avg_accuracy: 0.43647457218945607
Validation one_indexed_epoch: 40
The validation tracker metric at 0.5336620481226302 hasn't increased by 0 in 2 epochs
75/75 - 230s - loss: 0.0034 - accuracy: 0.7916 - 230s/epoch - 3s/step
here
There is no such attribute
here2
Epoch 41/110
Validation cm: [[1012  287  197   78]
 [ 403  404   23   30]
 [ 148   55  122   79]
 [  81   31   50   80]]
Validation val_loss: 1.7271344554984582
Validation normalized_cm: [[0.643 0.182 0.125 0.05 ]
 [0.469 0.47  0.027 0.035]
 [0.366 0.136 0.302 0.196]
 [0.335 0.128 0.207 0.331]]
Validation acc: 0.5253246753246753
Validation class_accuracies: [0.6429479034307497, 0.4697674418604651, 0.30198019801980197, 0.3305785123966942]
Validation sensitivity: 0.40239043824701193
Validation specificity: 0.6429479034307497
Validation icbhi_score: 0.5226691708388809
Validation roc_auc: None
Validation avg_accuracy: 0.4363185139269278
Validation one_indexed_epoch: 41
The validation tracker metric at 0.5336620481226302 hasn't increased by 0 in 3 epochs
75/75 - 228s - loss: 0.0029 - accuracy: 0.7855 - 228s/epoch - 3s/step
here
There is no such attribute
here2
Epoch 42/110
Validation cm: [[1000  294  197   83]
 [ 389  407   28   36]
 [ 146   50  120   88]
 [  79   28   54   81]]
Validation val_loss: 1.690055444506248
Validation normalized_cm: [[0.635 0.187 0.125 0.053]
 [0.452 0.473 0.033 0.042]
 [0.361 0.124 0.297 0.218]
 [0.326 0.116 0.223 0.335]]
Validation acc: 0.522077922077922
Validation class_accuracies: [0.6353240152477764, 0.47325581395348837, 0.297029702970297, 0.3347107438016529]
Validation sensitivity: 0.4037184594953519
Validation specificity: 0.6353240152477764
Validation icbhi_score: 0.5195212373715641
Validation roc_auc: None
Validation avg_accuracy: 0.43508006899330365
Validation one_indexed_epoch: 42
The validation tracker metric at 0.5336620481226302 hasn't increased by 0 in 4 epochs
75/75 - 226s - loss: 0.0026 - accuracy: 0.7863 - 226s/epoch - 3s/step
here
There is no such attribute
here2
Epoch 43/110
Validation cm: [[1003  339  165   67]
 [ 372  443   18   27]
 [ 158   58  125   63]
 [  84   37   53   68]]
Validation val_loss: 1.7146102320817433
Validation normalized_cm: [[0.637 0.215 0.105 0.043]
 [0.433 0.515 0.021 0.031]
 [0.391 0.144 0.309 0.156]
 [0.347 0.153 0.219 0.281]]
Validation acc: 0.5321428571428571
Validation class_accuracies: [0.6372299872935197, 0.5151162790697674, 0.3094059405940594, 0.2809917355371901]
Validation sensitivity: 0.42231075697211157
Validation specificity: 0.6372299872935197
Validation icbhi_score: 0.5297703721328156
Validation roc_auc: None
Validation avg_accuracy: 0.43568598562363414
Validation one_indexed_epoch: 43
The validation tracker metric at 0.5336620481226302 hasn't increased by 0 in 5 epochs
75/75 - 229s - loss: 0.0030 - accuracy: 0.7979 - 229s/epoch - 3s/step
here
There is no such attribute
here2
Epoch 44/110
Validation cm: [[1124  213  191   46]
 [ 483  347   15   15]
 [ 206   31  123   44]
 [ 103   30   54   55]]
Validation val_loss: 1.8827830903825207
Validation normalized_cm: [[0.714 0.135 0.121 0.029]
 [0.562 0.403 0.017 0.017]
 [0.51  0.077 0.304 0.109]
 [0.426 0.124 0.223 0.227]]
Validation acc: 0.5353896103896104
Validation class_accuracies: [0.7141041931385006, 0.40348837209302324, 0.30445544554455445, 0.22727272727272727]
Validation sensitivity: 0.34860557768924305
Validation specificity: 0.7141041931385006
Validation icbhi_score: 0.5313548854138719
Validation roc_auc: None
Validation avg_accuracy: 0.41233018451220144
Validation one_indexed_epoch: 44
The validation tracker metric at 0.5336620481226302 hasn't increased by 0 in 6 epochs
75/75 - 225s - loss: 0.0031 - accuracy: 0.8054 - 225s/epoch - 3s/step
here
There is no such attribute
here2
Epoch 45/110
Validation cm: [[974 349 192  59]
 [363 458  16  23]
 [165  55 122  62]
 [ 84  39  55  64]]
Validation val_loss: 1.7955855611179796
Validation normalized_cm: [[0.619 0.222 0.122 0.037]
 [0.422 0.533 0.019 0.027]
 [0.408 0.136 0.302 0.153]
 [0.347 0.161 0.227 0.264]]
Validation acc: 0.5253246753246753
Validation class_accuracies: [0.6188055908513341, 0.5325581395348837, 0.30198019801980197, 0.2644628099173554]
Validation sensitivity: 0.42762284196547146
Validation specificity: 0.6188055908513341
Validation icbhi_score: 0.5232142164084028
Validation roc_auc: None
Validation avg_accuracy: 0.4294516845808438
Validation one_indexed_epoch: 45
The validation tracker metric at 0.5336620481226302 hasn't increased by 0 in 7 epochs
75/75 - 226s - loss: 0.0022 - accuracy: 0.7897 - 226s/epoch - 3s/step
here
There is no such attribute
here2
Epoch 46/110
Validation cm: [[923 397 192  62]
 [327 489  19  25]
 [150  65 125  64]
 [ 83  40  52  67]]
Validation val_loss: 1.803586355888359
Validation normalized_cm: [[0.586 0.252 0.122 0.039]
 [0.38  0.569 0.022 0.029]
 [0.371 0.161 0.309 0.158]
 [0.343 0.165 0.215 0.277]]
Validation acc: 0.5207792207792208
Validation class_accuracies: [0.5864040660736975, 0.5686046511627907, 0.3094059405940594, 0.2768595041322314]
Validation sensitivity: 0.45219123505976094
Validation specificity: 0.5864040660736975
Validation icbhi_score: 0.5192976505667293
Validation roc_auc: None
Validation avg_accuracy: 0.4353185404906948
Validation one_indexed_epoch: 46
The validation tracker metric at 0.5336620481226302 hasn't increased by 0 in 8 epochs
75/75 - 228s - loss: 0.0023 - accuracy: 0.8027 - 228s/epoch - 3s/step
here
There is no such attribute
here2
Epoch 47/110
Validation cm: [[844 486 184  60]
 [284 537  17  22]
 [144  84 115  61]
 [ 79  43  50  70]]
Validation val_loss: 1.8059027909601544
Validation normalized_cm: [[0.536 0.309 0.117 0.038]
 [0.33  0.624 0.02  0.026]
 [0.356 0.208 0.285 0.151]
 [0.326 0.178 0.207 0.289]]
Validation acc: 0.5084415584415585
Validation class_accuracies: [0.5362134688691232, 0.6244186046511628, 0.28465346534653463, 0.2892561983471074]
Validation sensitivity: 0.47941567065073043
Validation specificity: 0.5362134688691232
Validation icbhi_score: 0.5078145697599268
Validation roc_auc: None
Validation avg_accuracy: 0.433635434303482
Validation one_indexed_epoch: 47
The validation tracker metric at 0.5336620481226302 hasn't increased by 0 in 9 epochs
75/75 - 230s - loss: 0.0022 - accuracy: 0.8016 - 230s/epoch - 3s/step
here
There is no such attribute
here2
Epoch 48/110
Validation cm: [[928 401 185  60]
 [332 493  15  20]
 [152  69 117  66]
 [ 81  41  54  66]]
Validation val_loss: 1.825016451472991
Validation normalized_cm: [[0.59  0.255 0.118 0.038]
 [0.386 0.573 0.017 0.023]
 [0.376 0.171 0.29  0.163]
 [0.335 0.169 0.223 0.273]]
Validation acc: 0.5207792207792208
Validation class_accuracies: [0.5895806861499364, 0.5732558139534883, 0.2896039603960396, 0.2727272727272727]
Validation sensitivity: 0.448871181938911
Validation specificity: 0.5895806861499364
Validation icbhi_score: 0.5192259340444237
Validation roc_auc: None
Validation avg_accuracy: 0.4312919333066843
Validation one_indexed_epoch: 48
The validation tracker metric at 0.5336620481226302 hasn't increased by 0 in 10 epochs
Lr has been adjusted to 0.0006249999860301614
75/75 - 226s - loss: 0.0024 - accuracy: 0.8035 - 226s/epoch - 3s/step
here
There is no such attribute
here2
Epoch 49/110
Validation cm: [[917 388 199  70]
 [332 481  18  29]
 [142  65 122  75]
 [ 79  39  55  69]]
Validation val_loss: 1.8459145314860348
Validation normalized_cm: [[0.583 0.247 0.126 0.044]
 [0.386 0.559 0.021 0.034]
 [0.351 0.161 0.302 0.186]
 [0.326 0.161 0.227 0.285]]
Validation acc: 0.5159090909090909
Validation class_accuracies: [0.5825921219822109, 0.5593023255813954, 0.30198019801980197, 0.28512396694214875]
Validation sensitivity: 0.44621513944223107
Validation specificity: 0.5825921219822109
Validation icbhi_score: 0.514403630712221
Validation roc_auc: None
Validation avg_accuracy: 0.4322496531313893
Validation one_indexed_epoch: 49
The validation tracker metric at 0.5336620481226302 hasn't increased by 0 in 11 epochs
75/75 - 233s - loss: 0.0025 - accuracy: 0.7920 - 233s/epoch - 3s/step
here
There is no such attribute
here2
Epoch 50/110
Validation cm: [[921 379 203  71]
 [339 472  17  32]
 [141  59 118  86]
 [ 77  39  49  77]]
Validation val_loss: 1.8750136636371655
Validation normalized_cm: [[0.585 0.241 0.129 0.045]
 [0.394 0.549 0.02  0.037]
 [0.349 0.146 0.292 0.213]
 [0.318 0.161 0.202 0.318]]
Validation acc: 0.5155844155844156
Validation class_accuracies: [0.5851334180432021, 0.5488372093023256, 0.29207920792079206, 0.3181818181818182]
Validation sensitivity: 0.44289508632138114
Validation specificity: 0.5851334180432021
Validation icbhi_score: 0.5140142521822916
Validation roc_auc: None
Validation avg_accuracy: 0.4360579133620345
Validation one_indexed_epoch: 50
The validation tracker metric at 0.5336620481226302 hasn't increased by 0 in 12 epochs
75/75 - 229s - loss: 0.0024 - accuracy: 0.7895 - 229s/epoch - 3s/step
here
There is no such attribute
here2
Epoch 51/110
Validation cm: [[937 371 195  71]
 [348 466  17  29]
 [148  60 124  72]
 [ 79  38  55  70]]
Validation val_loss: 1.8493561258131737
Validation normalized_cm: [[0.595 0.236 0.124 0.045]
 [0.405 0.542 0.02  0.034]
 [0.366 0.149 0.307 0.178]
 [0.326 0.157 0.227 0.289]]
Validation acc: 0.5185064935064935
Validation class_accuracies: [0.5952986022871665, 0.541860465116279, 0.3069306930693069, 0.2892561983471074]
Validation sensitivity: 0.43824701195219123
Validation specificity: 0.5952986022871665
Validation icbhi_score: 0.5167728071196789
Validation roc_auc: None
Validation avg_accuracy: 0.43333648970496497
Validation one_indexed_epoch: 51
The validation tracker metric at 0.5336620481226302 hasn't increased by 0 in 13 epochs
75/75 - 228s - loss: 0.0030 - accuracy: 0.7909 - 228s/epoch - 3s/step
here
There is no such attribute
here2
Epoch 52/110
Validation cm: [[923 374 202  75]
 [338 467  23  32]
 [140  64 119  81]
 [ 77  37  56  72]]
Validation val_loss: 1.821216602039311
Validation normalized_cm: [[0.586 0.238 0.128 0.048]
 [0.393 0.543 0.027 0.037]
 [0.347 0.158 0.295 0.2  ]
 [0.318 0.153 0.231 0.298]]
Validation acc: 0.5133116883116883
Validation class_accuracies: [0.5864040660736975, 0.5430232558139535, 0.29455445544554454, 0.2975206611570248]
Validation sensitivity: 0.43691899070385126
Validation specificity: 0.5864040660736975
Validation icbhi_score: 0.5116615283887744
Validation roc_auc: None
Validation avg_accuracy: 0.43037560962255506
Validation one_indexed_epoch: 52
The validation tracker metric at 0.5336620481226302 hasn't increased by 0 in 14 epochs
75/75 - 230s - loss: 0.0018 - accuracy: 0.8037 - 230s/epoch - 3s/step
here
There is no such attribute
here2
Epoch 53/110
Validation cm: [[956 348 196  74]
 [362 447  21  30]
 [148  57 121  78]
 [ 79  36  53  74]]
Validation val_loss: 1.8376306001714016
Validation normalized_cm: [[0.607 0.221 0.125 0.047]
 [0.421 0.52  0.024 0.035]
 [0.366 0.141 0.3   0.193]
 [0.326 0.149 0.219 0.306]]
Validation acc: 0.5188311688311689
Validation class_accuracies: [0.6073697585768743, 0.5197674418604651, 0.2995049504950495, 0.30578512396694213]
Validation sensitivity: 0.4262948207171315
Validation specificity: 0.6073697585768743
Validation icbhi_score: 0.5168322896470029
Validation roc_auc: None
Validation avg_accuracy: 0.4331068187248328
Validation one_indexed_epoch: 53
The number of epochs since last 1% equals the patience
75/75 - 228s - loss: 0.0019 - accuracy: 0.7943 - 228s/epoch - 3s/step
----------------------------------
The best metrics for this job are: 

Best icbhi_score: 0.5336620481226302
Best cm: [[940 451 136  47]
 [306 521  16  17]
 [156  76 127  45]
 [ 80  44  58  60]]
Best val_loss: 1.5958197952651978
Best normalized_cm: [[0.597 0.287 0.086 0.03 ]
 [0.356 0.606 0.019 0.02 ]
 [0.386 0.188 0.314 0.111]
 [0.331 0.182 0.24  0.248]]
Best acc: 0.535064935064935
Best class_accuracies: [0.5972045743329097, 0.6058139534883721, 0.31435643564356436, 0.24793388429752067]
Best sensitivity: 0.4701195219123506
Best specificity: 0.5972045743329097
Best roc_auc: None
Best avg_accuracy: 0.44132721194059177
Best one_indexed_epoch: 38
icbhi_score
model
cm
val_loss
normalized_cm
acc
class_accuracies
sensitivity
specificity
roc_auc
avg_accuracy
one_indexed_epoch
25
25
Initial weights
[]
Post training weights
[]
Weight difference
[]
{'loss': [0.6689774990081787, 0.5754407048225403, 0.5050667524337769, 0.4489355981349945, 0.3856359124183655, 0.33068200945854187, 0.3057073950767517, 0.2529776394367218, 0.204631969332695, 0.209153413772583, 0.1626385599374771, 0.14602915942668915, 0.1172618418931961, 0.06457893550395966, 0.04801982641220093, 0.03764016181230545, 0.030028747394680977, 0.03261629864573479, 0.027680588886141777, 0.018018942326307297, 0.0161731019616127, 0.014551413245499134, 0.01827697642147541, 0.026348145678639412, 0.043919749557971954, 0.029783617705106735, 0.025798790156841278, 0.021927213296294212, 0.02396095171570778, 0.04360371455550194, 0.03857673704624176, 0.019733231514692307, 0.011051011271774769, 0.010161472484469414, 0.007214121054857969, 0.00569315068423748, 0.005093727260828018, 0.00478736124932766, 0.004854828119277954, 0.003443422494456172, 0.002942013554275036, 0.0026403269730508327, 0.00295319058932364, 0.0030937991105020046, 0.0022053420543670654, 0.0022641760297119617, 0.002229440025985241, 0.0024219986516982317, 0.002526942640542984, 0.002400991041213274, 0.0030102739110589027, 0.001846290659159422, 0.0019187707221135497], 'accuracy': [0.6166911125183105, 0.7511008381843567, 0.7624239921569824, 0.7991192936897278, 0.8020549416542053, 0.8299433588981628, 0.8347662091255188, 0.8291046619415283, 0.8534283638000488, 0.8450409173965454, 0.8561543226242065, 0.8687356114387512, 0.8473474383354187, 0.8699936866760254, 0.8762843608856201, 0.8381211757659912, 0.8454602360725403, 0.8502830862998962, 0.8347662091255188, 0.8276368379592896, 0.8324596285820007, 0.8244915008544922, 0.8270077705383301, 0.8244915008544922, 0.7980708479881287, 0.8108618259429932, 0.7949255704879761, 0.7942965030670166, 0.7963933944702148, 0.7949255704879761, 0.7756342887878418, 0.8056195974349976, 0.7968127727508545, 0.7854896187782288, 0.7844411730766296, 0.7915705442428589, 0.7913608551025391, 0.7945061922073364, 0.7831830382347107, 0.7915705442428589, 0.7854896187782288, 0.7863283753395081, 0.7978611588478088, 0.8054099678993225, 0.7896833419799805, 0.8026840090751648, 0.8016355633735657, 0.8035227656364441, 0.7919899225234985, 0.7894737124443054, 0.7909414768218994, 0.8037324547767639, 0.7942965030670166]}
End
####################################
Job dir: ../cache/cw/train202/2
Job id is 3.
Job dir: ../cache/cw/train202/3
- Loading Icbhi.
920 Icbhi audios have been loaded.
- Preparing Icbhi.
126 Icbhi groups of audio chunks (by filename or patients) have been prepared.
--- Samples are being split into training/val groups and de-grouped by patient ---
Job id is 4.
len(_all_samples)
7857
-----------------------
--- Final training dataset went from 0 to 4769 elements, with 2299 none's, 1353 crakles, 554 wheezes and 563 both ---
--- Final Validation dataset contains 3080 elements, with 1574 none, 860 crackles, 404 wheezes and 242 both ---
GPUs
['/device:GPU:0']
Initializing weights...
weights = {0: 0.518595041322314, 1: 0.881189948263119, 2: 2.152075812274368, 3: 2.1176731793960926}
Model: "sequential_1"
_________________________________________________________________
 Layer (type)                Output Shape              Param #   
=================================================================
 efficientnetb1 (Functional)  (None, 3, 16, 1280)      6575239   
                                                                 
 global_average_pooling2d_1   (None, 1280)             0         
 (GlobalAveragePooling2D)                                        
                                                                 
 dense_3 (Dense)             (None, 100)               128100    
                                                                 
 dropout_2 (Dropout)         (None, 100)               0         
                                                                 
 dense_4 (Dense)             (None, 50)                5050      
                                                                 
 dropout_3 (Dropout)         (None, 50)                0         
                                                                 
 dense_5 (Dense)             (None, 2)                 102       
                                                                 
=================================================================
Total params: 6,708,491
Trainable params: 6,646,436
Non-trainable params: 62,055
_________________________________________________________________
Model: "leaf_model9_model_efnet1_1"
______________________________________________________________________________________________________________
 Layer (type)                                    Output Shape                                Param #          
==============================================================================================================
 mel_filterbanks_2 (MelFilterbanks)              multiple                                    0                
                                                                                                              
 mel_filterbanks_3 (MelFilterbanks)              multiple                                    0 (unused)       
                                                                                                              
 sincnet (SincNet)                               multiple                                    0 (unused)       
                                                                                                              
 sequential_1 (Sequential)                       (None, 2)                                   6708491          
                                                                                                              
==============================================================================================================
Total params: 6,708,653
Trainable params: 6,646,598
Non-trainable params: 62,055
______________________________________________________________________________________________________________
Target metric is icbhi_score
here
There is no such attribute
here2
Epoch 1/110
/home/alirachidi/classification_algorithm/trainers/modules/main/global_helpers.py:48: UserWarning: Matplotlib is currently using agg, which is a non-GUI backend, so cannot show the figure.
  plt.show()
WARNING:tensorflow:Gradients do not exist for variables ['kernel:0', 'Variable:0', 'Variable:0'] when minimizing the loss. If you're using `model.compile()`, did you forget to provide a `loss`argument?
WARNING:tensorflow:Gradients do not exist for variables ['kernel:0', 'Variable:0', 'Variable:0'] when minimizing the loss. If you're using `model.compile()`, did you forget to provide a `loss`argument?
WARNING:tensorflow:Gradients do not exist for variables ['kernel:0', 'Variable:0', 'Variable:0'] when minimizing the loss. If you're using `model.compile()`, did you forget to provide a `loss`argument?
WARNING:tensorflow:Gradients do not exist for variables ['kernel:0', 'Variable:0', 'Variable:0'] when minimizing the loss. If you're using `model.compile()`, did you forget to provide a `loss`argument?
Validation cm: [[ 246 1328    0    0]
 [  33  827    0    0]
 [  59  345    0    0]
 [  17  225    0    0]]
Validation val_loss: 0.6746017693892702
Validation normalized_cm: [[0.156 0.844 0.    0.   ]
 [0.038 0.962 0.    0.   ]
 [0.146 0.854 0.    0.   ]
 [0.07  0.93  0.    0.   ]]
Validation acc: 0.3483766233766234
Validation class_accuracies: [0.156289707750953, 0.9616279069767442, 0.0, 0.0]
Validation sensitivity: 0.549136786188579
Validation specificity: 0.156289707750953
Validation icbhi_score: 0.35271324696976597
Validation roc_auc: None
Validation avg_accuracy: 0.2794794036819243
Validation one_indexed_epoch: 1
-- New best results were achieved. --
75/75 - 270s - loss: 0.6905 - accuracy: 0.5062 - 270s/epoch - 4s/step
here
There is no such attribute
here2
Epoch 2/110
Validation cm: [[1527   27   15    5]
 [ 846   14    0    0]
 [ 395    8    0    1]
 [ 239    3    0    0]]
Validation val_loss: 0.6179725872328529
Validation normalized_cm: [[0.97  0.017 0.01  0.003]
 [0.984 0.016 0.    0.   ]
 [0.978 0.02  0.    0.002]
 [0.988 0.012 0.    0.   ]]
Validation acc: 0.5003246753246753
Validation class_accuracies: [0.9701397712833545, 0.01627906976744186, 0.0, 0.0]
Validation sensitivity: 0.009296148738379814
Validation specificity: 0.9701397712833545
Validation icbhi_score: 0.48971796001086715
Validation roc_auc: None
Validation avg_accuracy: 0.2466047102626991
Validation one_indexed_epoch: 2
-- New best results were achieved. --
75/75 - 252s - loss: 0.6473 - accuracy: 0.6010 - 252s/epoch - 3s/step
here
There is no such attribute
here2
Epoch 3/110
Validation cm: [[1345  181   42    6]
 [ 725  125    8    2]
 [ 343   41   17    3]
 [ 211   27    4    0]]
Validation val_loss: 0.634626368791252
Validation normalized_cm: [[0.855 0.115 0.027 0.004]
 [0.843 0.145 0.009 0.002]
 [0.849 0.101 0.042 0.007]
 [0.872 0.112 0.017 0.   ]]
Validation acc: 0.4827922077922078
Validation class_accuracies: [0.8545108005082592, 0.14534883720930233, 0.04207920792079208, 0.0]
Validation sensitivity: 0.09428950863213811
Validation specificity: 0.8545108005082592
Validation icbhi_score: 0.4744001545701987
Validation roc_auc: None
Validation avg_accuracy: 0.2604847114095884
Validation one_indexed_epoch: 3
The validation tracker metric at 0.48971796001086715 hasn't increased by 0 in 1 epochs
75/75 - 259s - loss: 0.5871 - accuracy: 0.6769 - 259s/epoch - 3s/step
here
There is no such attribute
here2
Epoch 4/110
Validation cm: [[1502    0   72    0]
 [ 846    0   14    0]
 [ 379    0   25    0]
 [ 234    0    8    0]]
Validation val_loss: 0.5885980180718682
Validation normalized_cm: [[0.954 0.    0.046 0.   ]
 [0.984 0.    0.016 0.   ]
 [0.938 0.    0.062 0.   ]
 [0.967 0.    0.033 0.   ]]
Validation acc: 0.49577922077922076
Validation class_accuracies: [0.9542566709021602, 0.0, 0.06188118811881188, 0.0]
Validation sensitivity: 0.016600265604249667
Validation specificity: 0.9542566709021602
Validation icbhi_score: 0.4854284682532049
Validation roc_auc: None
Validation avg_accuracy: 0.254034464755243
Validation one_indexed_epoch: 4
The validation tracker metric at 0.48971796001086715 hasn't increased by 0 in 2 epochs
75/75 - 256s - loss: 0.5402 - accuracy: 0.7614 - 256s/epoch - 3s/step
here
There is no such attribute
here2
Epoch 5/110
Validation cm: [[1423   96   51    4]
 [ 746  109    4    1]
 [ 351   35   17    1]
 [ 214   24    4    0]]
Validation val_loss: 0.5904744892489987
Validation normalized_cm: [[0.904 0.061 0.032 0.003]
 [0.867 0.127 0.005 0.001]
 [0.869 0.087 0.042 0.002]
 [0.884 0.099 0.017 0.   ]]
Validation acc: 0.5029220779220779
Validation class_accuracies: [0.9040660736975857, 0.12674418604651164, 0.04207920792079208, 0.0]
Validation sensitivity: 0.08366533864541832
Validation specificity: 0.9040660736975857
Validation icbhi_score: 0.49386570617150205
Validation roc_auc: None
Validation avg_accuracy: 0.26822236691622237
Validation one_indexed_epoch: 5
-- New best results were achieved. --
75/75 - 256s - loss: 0.5122 - accuracy: 0.7714 - 256s/epoch - 3s/step
here
There is no such attribute
here2
Epoch 6/110
Validation cm: [[1574    0    0    0]
 [ 860    0    0    0]
 [ 403    0    1    0]
 [ 242    0    0    0]]
Validation val_loss: 0.5861541396853599
Validation normalized_cm: [[1.    0.    0.    0.   ]
 [1.    0.    0.    0.   ]
 [0.998 0.    0.002 0.   ]
 [1.    0.    0.    0.   ]]
Validation acc: 0.5113636363636364
Validation class_accuracies: [1.0, 0.0, 0.0024752475247524753, 0.0]
Validation sensitivity: 0.0006640106241699867
Validation specificity: 1.0
Validation icbhi_score: 0.500332005312085
Validation roc_auc: None
Validation avg_accuracy: 0.2506188118811881
Validation one_indexed_epoch: 6
-- New best results were achieved. --
75/75 - 254s - loss: 0.4773 - accuracy: 0.7870 - 254s/epoch - 3s/step
here
There is no such attribute
here2
Epoch 7/110
Validation cm: [[1544    1   29    0]
 [ 855    2    3    0]
 [ 383    0   21    0]
 [ 237    0    5    0]]
Validation val_loss: 0.5756023569588924
Validation normalized_cm: [[9.809e-01 6.353e-04 1.842e-02 0.000e+00]
 [9.942e-01 2.326e-03 3.488e-03 0.000e+00]
 [9.480e-01 0.000e+00 5.198e-02 0.000e+00]
 [9.793e-01 0.000e+00 2.066e-02 0.000e+00]]
Validation acc: 0.5087662337662338
Validation class_accuracies: [0.9809402795425667, 0.002325581395348837, 0.05198019801980198, 0.0]
Validation sensitivity: 0.015272244355909695
Validation specificity: 0.9809402795425667
Validation icbhi_score: 0.4981062619492382
Validation roc_auc: None
Validation avg_accuracy: 0.25881151473942937
Validation one_indexed_epoch: 7
The validation tracker metric at 0.500332005312085 hasn't increased by 0 in 1 epochs
75/75 - 252s - loss: 0.4493 - accuracy: 0.7847 - 252s/epoch - 3s/step
here
There is no such attribute
here2
Epoch 8/110
Validation cm: [[1552    0   22    0]
 [ 859    0    1    0]
 [ 388    0   16    0]
 [ 230    0   12    0]]
Validation val_loss: 0.5925670566496911
Validation normalized_cm: [[0.986 0.    0.014 0.   ]
 [0.999 0.    0.001 0.   ]
 [0.96  0.    0.04  0.   ]
 [0.95  0.    0.05  0.   ]]
Validation acc: 0.509090909090909
Validation class_accuracies: [0.9860228716645489, 0.0, 0.039603960396039604, 0.0]
Validation sensitivity: 0.010624169986719787
Validation specificity: 0.9860228716645489
Validation icbhi_score: 0.49832352082563436
Validation roc_auc: None
Validation avg_accuracy: 0.25640670801514714
Validation one_indexed_epoch: 8
The validation tracker metric at 0.500332005312085 hasn't increased by 0 in 2 epochs
75/75 - 238s - loss: 0.4070 - accuracy: 0.8165 - 238s/epoch - 3s/step
here
There is no such attribute
here2
Epoch 9/110
Validation cm: [[1368   14  112   80]
 [ 833    5   13    9]
 [ 301    5   63   35]
 [ 187    2   40   13]]
Validation val_loss: 0.6175776894361554
Validation normalized_cm: [[0.869 0.009 0.071 0.051]
 [0.969 0.006 0.015 0.01 ]
 [0.745 0.012 0.156 0.087]
 [0.773 0.008 0.165 0.054]]
Validation acc: 0.47045454545454546
Validation class_accuracies: [0.8691232528589581, 0.005813953488372093, 0.15594059405940594, 0.05371900826446281]
Validation sensitivity: 0.053784860557768925
Validation specificity: 0.8691232528589581
Validation icbhi_score: 0.4614540567083635
Validation roc_auc: None
Validation avg_accuracy: 0.2711492021677997
Validation one_indexed_epoch: 9
The validation tracker metric at 0.500332005312085 hasn't increased by 0 in 3 epochs
75/75 - 236s - loss: 0.3784 - accuracy: 0.8153 - 236s/epoch - 3s/step
here
There is no such attribute
here2
Epoch 10/110
Validation cm: [[1388   25  123   38]
 [ 826   16   13    5]
 [ 277   12  101   14]
 [ 168    6   58   10]]
Validation val_loss: 0.5810818475405021
Validation normalized_cm: [[0.882 0.016 0.078 0.024]
 [0.96  0.019 0.015 0.006]
 [0.686 0.03  0.25  0.035]
 [0.694 0.025 0.24  0.041]]
Validation acc: 0.49188311688311687
Validation class_accuracies: [0.8818297331639136, 0.018604651162790697, 0.25, 0.04132231404958678]
Validation sensitivity: 0.08432934926958831
Validation specificity: 0.8818297331639136
Validation icbhi_score: 0.48307954121675095
Validation roc_auc: None
Validation avg_accuracy: 0.29793917459407276
Validation one_indexed_epoch: 10
The validation tracker metric at 0.500332005312085 hasn't increased by 0 in 4 epochs
75/75 - 236s - loss: 0.3469 - accuracy: 0.8216 - 236s/epoch - 3s/step
Mel loss: <tf.Variable 'Variable:0' shape=() dtype=float32, numpy=0.5>
sinc loss: <tf.Variable 'Variable:0' shape=() dtype=float32, numpy=0.5>
here
There is no such attribute
here2
Epoch 11/110
Validation cm: [[1365   26  105   78]
 [ 824   28    5    3]
 [ 268   26   69   41]
 [ 157   34   31   20]]
Validation val_loss: 0.6386883153704104
Validation normalized_cm: [[0.867 0.017 0.067 0.05 ]
 [0.958 0.033 0.006 0.003]
 [0.663 0.064 0.171 0.101]
 [0.649 0.14  0.128 0.083]]
Validation acc: 0.4811688311688312
Validation class_accuracies: [0.8672172808132147, 0.03255813953488372, 0.1707920792079208, 0.08264462809917356]
Validation sensitivity: 0.07768924302788845
Validation specificity: 0.8672172808132147
Validation icbhi_score: 0.4724532619205516
Validation roc_auc: None
Validation avg_accuracy: 0.2883030319137982
Validation one_indexed_epoch: 11
The validation tracker metric at 0.500332005312085 hasn't increased by 0 in 5 epochs
75/75 - 243s - loss: 0.3007 - accuracy: 0.8274 - 243s/epoch - 3s/step
here
There is no such attribute
here2
Epoch 12/110
Validation cm: [[1574    0    0    0]
 [ 860    0    0    0]
 [ 403    0    1    0]
 [ 242    0    0    0]]
Validation val_loss: 0.7249976275561305
Validation normalized_cm: [[1.    0.    0.    0.   ]
 [1.    0.    0.    0.   ]
 [0.998 0.    0.002 0.   ]
 [1.    0.    0.    0.   ]]
Validation acc: 0.5113636363636364
Validation class_accuracies: [1.0, 0.0, 0.0024752475247524753, 0.0]
Validation sensitivity: 0.0006640106241699867
Validation specificity: 1.0
Validation icbhi_score: 0.500332005312085
Validation roc_auc: None
Validation avg_accuracy: 0.2506188118811881
Validation one_indexed_epoch: 12
The validation tracker metric at 0.500332005312085 hasn't increased by 0 in 6 epochs
75/75 - 243s - loss: 0.2952 - accuracy: 0.8226 - 243s/epoch - 3s/step
here
There is no such attribute
here2
Epoch 13/110
Validation cm: [[603 877  67  27]
 [166 683   7   4]
 [143 176  55  30]
 [ 75 140  22   5]]
Validation val_loss: 0.7028606437210163
Validation normalized_cm: [[0.383 0.557 0.043 0.017]
 [0.193 0.794 0.008 0.005]
 [0.354 0.436 0.136 0.074]
 [0.31  0.579 0.091 0.021]]
Validation acc: 0.437012987012987
Validation class_accuracies: [0.38310038119440915, 0.7941860465116279, 0.13613861386138615, 0.02066115702479339]
Validation sensitivity: 0.49335989375830014
Validation specificity: 0.38310038119440915
Validation icbhi_score: 0.43823013747635464
Validation roc_auc: None
Validation avg_accuracy: 0.3335215496480542
Validation one_indexed_epoch: 13
The validation tracker metric at 0.500332005312085 hasn't increased by 0 in 7 epochs
75/75 - 240s - loss: 0.2705 - accuracy: 0.8348 - 240s/epoch - 3s/step
here
There is no such attribute
here2
Epoch 14/110
Validation cm: [[1544    0   30    0]
 [ 859    0    1    0]
 [ 399    0    5    0]
 [ 235    0    7    0]]
Validation val_loss: 0.6028231018307534
Validation normalized_cm: [[0.981 0.    0.019 0.   ]
 [0.999 0.    0.001 0.   ]
 [0.988 0.    0.012 0.   ]
 [0.971 0.    0.029 0.   ]]
Validation acc: 0.5029220779220779
Validation class_accuracies: [0.9809402795425667, 0.0, 0.012376237623762377, 0.0]
Validation sensitivity: 0.0033200531208499337
Validation specificity: 0.9809402795425667
Validation icbhi_score: 0.4921301663317083
Validation roc_auc: None
Validation avg_accuracy: 0.24832912929158227
Validation one_indexed_epoch: 14
The validation tracker metric at 0.500332005312085 hasn't increased by 0 in 8 epochs
75/75 - 239s - loss: 0.2546 - accuracy: 0.8293 - 239s/epoch - 3s/step
here
There is no such attribute
here2
Epoch 15/110
Validation cm: [[935 343 231  65]
 [429 383  27  21]
 [123  48 178  55]
 [ 61  32  97  52]]
Validation val_loss: 0.6204172347308297
Validation normalized_cm: [[0.594 0.218 0.147 0.041]
 [0.499 0.445 0.031 0.024]
 [0.304 0.119 0.441 0.136]
 [0.252 0.132 0.401 0.215]]
Validation acc: 0.5025974025974026
Validation class_accuracies: [0.5940279542566709, 0.44534883720930235, 0.4405940594059406, 0.21487603305785125]
Validation sensitivity: 0.4070385126162019
Validation specificity: 0.5940279542566709
Validation icbhi_score: 0.5005332334364364
Validation roc_auc: None
Validation avg_accuracy: 0.42371172098244125
Validation one_indexed_epoch: 15
-- New best results were achieved. --
75/75 - 238s - loss: 0.2134 - accuracy: 0.8379 - 238s/epoch - 3s/step
here
There is no such attribute
here2
Epoch 16/110
Validation cm: [[1055  326  131   62]
 [ 399  443   10    8]
 [ 128   88  135   53]
 [  62   60   78   42]]
Validation val_loss: 0.6215999088726724
Validation normalized_cm: [[0.67  0.207 0.083 0.039]
 [0.464 0.515 0.012 0.009]
 [0.317 0.218 0.334 0.131]
 [0.256 0.248 0.322 0.174]]
Validation acc: 0.5438311688311688
Validation class_accuracies: [0.670266836086404, 0.5151162790697674, 0.3341584158415842, 0.17355371900826447]
Validation sensitivity: 0.4116865869853918
Validation specificity: 0.670266836086404
Validation icbhi_score: 0.5409767115358979
Validation roc_auc: None
Validation avg_accuracy: 0.4232738125015051
Validation one_indexed_epoch: 16
-- New best results were achieved. --
75/75 - 238s - loss: 0.2070 - accuracy: 0.8503 - 238s/epoch - 3s/step
here
There is no such attribute
here2
Epoch 17/110
Validation cm: [[585 760 123 106]
 [218 597  10  35]
 [ 82 115  73 134]
 [ 53  73  45  71]]
Validation val_loss: 0.7755093294416755
Validation normalized_cm: [[0.372 0.483 0.078 0.067]
 [0.253 0.694 0.012 0.041]
 [0.203 0.285 0.181 0.332]
 [0.219 0.302 0.186 0.293]]
Validation acc: 0.4305194805194805
Validation class_accuracies: [0.37166454891994916, 0.6941860465116279, 0.1806930693069307, 0.29338842975206614]
Validation sensitivity: 0.49203187250996017
Validation specificity: 0.37166454891994916
Validation icbhi_score: 0.43184821071495466
Validation roc_auc: None
Validation avg_accuracy: 0.38498302362264347
Validation one_indexed_epoch: 17
The validation tracker metric at 0.5409767115358979 hasn't increased by 0 in 1 epochs
75/75 - 238s - loss: 0.1807 - accuracy: 0.8318 - 238s/epoch - 3s/step
here
There is no such attribute
here2
Epoch 18/110
Validation cm: [[816 528 169  61]
 [302 492  33  33]
 [144  72 140  48]
 [ 76  37  95  34]]
Validation val_loss: 0.6955487336387386
Validation normalized_cm: [[0.518 0.335 0.107 0.039]
 [0.351 0.572 0.038 0.038]
 [0.356 0.178 0.347 0.119]
 [0.314 0.153 0.393 0.14 ]]
Validation acc: 0.4811688311688312
Validation class_accuracies: [0.5184243964421855, 0.5720930232558139, 0.3465346534653465, 0.14049586776859505]
Validation sensitivity: 0.44223107569721115
Validation specificity: 0.5184243964421855
Validation icbhi_score: 0.48032773606969836
Validation roc_auc: None
Validation avg_accuracy: 0.39438698523298527
Validation one_indexed_epoch: 18
The validation tracker metric at 0.5409767115358979 hasn't increased by 0 in 2 epochs
75/75 - 238s - loss: 0.1671 - accuracy: 0.8369 - 238s/epoch - 3s/step
here
There is no such attribute
here2
Epoch 19/110
Validation cm: [[802 478 281  13]
 [224 559  58  19]
 [118  86 189  11]
 [ 74  39 120   9]]
Validation val_loss: 0.7593710481822105
Validation normalized_cm: [[0.51  0.304 0.179 0.008]
 [0.26  0.65  0.067 0.022]
 [0.292 0.213 0.468 0.027]
 [0.306 0.161 0.496 0.037]]
Validation acc: 0.5061688311688312
Validation class_accuracies: [0.5095298602287166, 0.65, 0.46782178217821785, 0.0371900826446281]
Validation sensitivity: 0.50265604249668
Validation specificity: 0.5095298602287166
Validation icbhi_score: 0.5060929513626983
Validation roc_auc: None
Validation avg_accuracy: 0.41613543126289065
Validation one_indexed_epoch: 19
The validation tracker metric at 0.5409767115358979 hasn't increased by 0 in 3 epochs
75/75 - 245s - loss: 0.1606 - accuracy: 0.8406 - 245s/epoch - 3s/step
here
There is no such attribute
here2
Epoch 20/110
Validation cm: [[1007  437   68   62]
 [ 372  463    8   17]
 [ 133  112   73   86]
 [  90   71   29   52]]
Validation val_loss: 0.6892799558623334
Validation normalized_cm: [[0.64  0.278 0.043 0.039]
 [0.433 0.538 0.009 0.02 ]
 [0.329 0.277 0.181 0.213]
 [0.372 0.293 0.12  0.215]]
Validation acc: 0.5178571428571429
Validation class_accuracies: [0.6397712833545108, 0.5383720930232558, 0.1806930693069307, 0.21487603305785125]
Validation sensitivity: 0.3904382470119522
Validation specificity: 0.6397712833545108
Validation icbhi_score: 0.5151047651832315
Validation roc_auc: None
Validation avg_accuracy: 0.3934281196856371
Validation one_indexed_epoch: 20
The validation tracker metric at 0.5409767115358979 hasn't increased by 0 in 4 epochs
75/75 - 244s - loss: 0.1637 - accuracy: 0.8285 - 244s/epoch - 3s/step
Mel loss: <tf.Variable 'Variable:0' shape=() dtype=float32, numpy=0.5>
sinc loss: <tf.Variable 'Variable:0' shape=() dtype=float32, numpy=0.5>
here
There is no such attribute
here2
Epoch 21/110
Validation cm: [[1282  242   16   34]
 [ 683  174    2    1]
 [ 269   95   17   23]
 [ 150   57   12   23]]
Validation val_loss: 0.7375665484675109
Validation normalized_cm: [[0.814 0.154 0.01  0.022]
 [0.794 0.202 0.002 0.001]
 [0.666 0.235 0.042 0.057]
 [0.62  0.236 0.05  0.095]]
Validation acc: 0.4857142857142857
Validation class_accuracies: [0.8144853875476493, 0.20232558139534884, 0.04207920792079208, 0.09504132231404959]
Validation sensitivity: 0.14209827357237717
Validation specificity: 0.8144853875476493
Validation icbhi_score: 0.47829183056001323
Validation roc_auc: None
Validation avg_accuracy: 0.28848287479446
Validation one_indexed_epoch: 21
The validation tracker metric at 0.5409767115358979 hasn't increased by 0 in 5 epochs
75/75 - 242s - loss: 0.1471 - accuracy: 0.8471 - 242s/epoch - 3s/step
here
There is no such attribute
here2
Epoch 22/110
Validation cm: [[710 678 101  85]
 [220 580  23  37]
 [103 109  83 109]
 [ 57  75  34  76]]
Validation val_loss: 0.7391982613870528
Validation normalized_cm: [[0.451 0.431 0.064 0.054]
 [0.256 0.674 0.027 0.043]
 [0.255 0.27  0.205 0.27 ]
 [0.236 0.31  0.14  0.314]]
Validation acc: 0.47045454545454546
Validation class_accuracies: [0.45108005082592123, 0.6744186046511628, 0.20544554455445543, 0.3140495867768595]
Validation sensitivity: 0.4907038512616202
Validation specificity: 0.45108005082592123
Validation icbhi_score: 0.4708919510437707
Validation roc_auc: None
Validation avg_accuracy: 0.41124844670209976
Validation one_indexed_epoch: 22
The validation tracker metric at 0.5409767115358979 hasn't increased by 0 in 6 epochs
75/75 - 240s - loss: 0.1410 - accuracy: 0.8291 - 240s/epoch - 3s/step
here
There is no such attribute
here2
Epoch 23/110
Validation cm: [[865 578  57  74]
 [308 532   9  11]
 [117 147  59  81]
 [ 66  83  29  64]]
Validation val_loss: 0.6562653660036997
Validation normalized_cm: [[0.55  0.367 0.036 0.047]
 [0.358 0.619 0.01  0.013]
 [0.29  0.364 0.146 0.2  ]
 [0.273 0.343 0.12  0.264]]
Validation acc: 0.4935064935064935
Validation class_accuracies: [0.5495552731893265, 0.6186046511627907, 0.14603960396039603, 0.2644628099173554]
Validation sensitivity: 0.4349269588313413
Validation specificity: 0.5495552731893265
Validation icbhi_score: 0.49224111601033393
Validation roc_auc: None
Validation avg_accuracy: 0.39466558455746714
Validation one_indexed_epoch: 23
The validation tracker metric at 0.5409767115358979 hasn't increased by 0 in 7 epochs
75/75 - 241s - loss: 0.1137 - accuracy: 0.8310 - 241s/epoch - 3s/step
here
There is no such attribute
here2
Epoch 24/110
Validation cm: [[ 280 1100   48  146]
 [  47  777    3   33]
 [  48  185   39  132]
 [  28  128   15   71]]
Validation val_loss: 1.049267963503144
Validation normalized_cm: [[0.178 0.699 0.03  0.093]
 [0.055 0.903 0.003 0.038]
 [0.119 0.458 0.097 0.327]
 [0.116 0.529 0.062 0.293]]
Validation acc: 0.3788961038961039
Validation class_accuracies: [0.17789072426937738, 0.9034883720930232, 0.09653465346534654, 0.29338842975206614]
Validation sensitivity: 0.5889774236387783
Validation specificity: 0.17789072426937738
Validation icbhi_score: 0.3834340739540778
Validation roc_auc: None
Validation avg_accuracy: 0.36782554489495334
Validation one_indexed_epoch: 24
The validation tracker metric at 0.5409767115358979 hasn't increased by 0 in 8 epochs
75/75 - 237s - loss: 0.1010 - accuracy: 0.8362 - 237s/epoch - 3s/step
here
There is no such attribute
here2
Epoch 25/110
Validation cm: [[932 599  15  28]
 [355 501   3   1]
 [182 138  42  42]
 [ 99  92  28  23]]
Validation val_loss: 0.7950337773588559
Validation normalized_cm: [[0.592 0.381 0.01  0.018]
 [0.413 0.583 0.003 0.001]
 [0.45  0.342 0.104 0.104]
 [0.409 0.38  0.116 0.095]]
Validation acc: 0.4863636363636364
Validation class_accuracies: [0.5921219822109276, 0.5825581395348837, 0.10396039603960396, 0.09504132231404959]
Validation sensitivity: 0.3758300132802125
Validation specificity: 0.5921219822109276
Validation icbhi_score: 0.48397599774557004
Validation roc_auc: None
Validation avg_accuracy: 0.3434204600248662
Validation one_indexed_epoch: 25
The validation tracker metric at 0.5409767115358979 hasn't increased by 0 in 9 epochs
75/75 - 240s - loss: 0.1063 - accuracy: 0.8264 - 240s/epoch - 3s/step
here
There is no such attribute
here2
Epoch 26/110
Validation cm: [[1292  111  170    1]
 [ 609  216   34    1]
 [ 215   27  158    4]
 [ 122    5  113    2]]
Validation val_loss: 0.8014032865781896
Validation normalized_cm: [[8.208e-01 7.052e-02 1.080e-01 6.353e-04]
 [7.081e-01 2.512e-01 3.953e-02 1.163e-03]
 [5.322e-01 6.683e-02 3.911e-01 9.901e-03]
 [5.041e-01 2.066e-02 4.669e-01 8.264e-03]]
Validation acc: 0.5415584415584416
Validation class_accuracies: [0.820838627700127, 0.25116279069767444, 0.3910891089108911, 0.008264462809917356]
Validation sensitivity: 0.249667994687915
Validation specificity: 0.820838627700127
Validation icbhi_score: 0.535253311194021
Validation roc_auc: None
Validation avg_accuracy: 0.36783874752965245
Validation one_indexed_epoch: 26
The validation tracker metric at 0.5409767115358979 hasn't increased by 0 in 10 epochs
Lr has been adjusted to 0.0024999999441206455
75/75 - 238s - loss: 0.1018 - accuracy: 0.8220 - 238s/epoch - 3s/step
here
There is no such attribute
here2
Epoch 27/110
Validation cm: [[941 345 256  32]
 [363 403  75  19]
 [128  54 192  30]
 [ 77  14 127  24]]
Validation val_loss: 0.9188352642681692
Validation normalized_cm: [[0.598 0.219 0.163 0.02 ]
 [0.422 0.469 0.087 0.022]
 [0.317 0.134 0.475 0.074]
 [0.318 0.058 0.525 0.099]]
Validation acc: 0.5064935064935064
Validation class_accuracies: [0.5978398983481575, 0.4686046511627907, 0.4752475247524752, 0.09917355371900827]
Validation sensitivity: 0.4110225763612218
Validation specificity: 0.5978398983481575
Validation icbhi_score: 0.5044312373546896
Validation roc_auc: None
Validation avg_accuracy: 0.4102164069956079
Validation one_indexed_epoch: 27
The validation tracker metric at 0.5409767115358979 hasn't increased by 0 in 11 epochs
75/75 - 246s - loss: 0.0865 - accuracy: 0.8302 - 246s/epoch - 3s/step
here
There is no such attribute
here2
Epoch 28/110
Validation cm: [[768 431 304  71]
 [273 494  62  31]
 [ 95  74 182  53]
 [ 61  26  98  57]]
Validation val_loss: 0.8524574563270875
Validation normalized_cm: [[0.488 0.274 0.193 0.045]
 [0.317 0.574 0.072 0.036]
 [0.235 0.183 0.45  0.131]
 [0.252 0.107 0.405 0.236]]
Validation acc: 0.48733766233766235
Validation class_accuracies: [0.48792884371029227, 0.5744186046511628, 0.4504950495049505, 0.23553719008264462]
Validation sensitivity: 0.4867197875166003
Validation specificity: 0.48792884371029227
Validation icbhi_score: 0.48732431561344625
Validation roc_auc: None
Validation avg_accuracy: 0.4370949219872625
Validation one_indexed_epoch: 28
The validation tracker metric at 0.5409767115358979 hasn't increased by 0 in 12 epochs
75/75 - 244s - loss: 0.0668 - accuracy: 0.8255 - 244s/epoch - 3s/step
here
There is no such attribute
here2
Epoch 29/110
Validation cm: [[867 524 123  60]
 [293 522  29  16]
 [127  69 135  73]
 [ 65  46  72  59]]
Validation val_loss: 1.013998395444096
Validation normalized_cm: [[0.551 0.333 0.078 0.038]
 [0.341 0.607 0.034 0.019]
 [0.314 0.171 0.334 0.181]
 [0.269 0.19  0.298 0.244]]
Validation acc: 0.513961038961039
Validation class_accuracies: [0.5508259212198221, 0.6069767441860465, 0.3341584158415842, 0.24380165289256198]
Validation sensitivity: 0.4754316069057105
Validation specificity: 0.5508259212198221
Validation icbhi_score: 0.5131287640627663
Validation roc_auc: None
Validation avg_accuracy: 0.4339406835350037
Validation one_indexed_epoch: 29
The validation tracker metric at 0.5409767115358979 hasn't increased by 0 in 13 epochs
75/75 - 244s - loss: 0.0689 - accuracy: 0.8136 - 244s/epoch - 3s/step
here
There is no such attribute
here2
Epoch 30/110
Validation cm: [[518 866  57 133]
 [119 699   7  35]
 [ 58 130  58 158]
 [ 23  78  35 106]]
Validation val_loss: 0.9264166483786114
Validation normalized_cm: [[0.329 0.55  0.036 0.084]
 [0.138 0.813 0.008 0.041]
 [0.144 0.322 0.144 0.391]
 [0.095 0.322 0.145 0.438]]
Validation acc: 0.4483766233766234
Validation class_accuracies: [0.3290978398983482, 0.8127906976744186, 0.14356435643564355, 0.4380165289256198]
Validation sensitivity: 0.5730411686586986
Validation specificity: 0.3290978398983482
Validation icbhi_score: 0.4510695042785234
Validation roc_auc: None
Validation avg_accuracy: 0.43086735573350754
Validation one_indexed_epoch: 30
The validation tracker metric at 0.5409767115358979 hasn't increased by 0 in 14 epochs
75/75 - 241s - loss: 0.0626 - accuracy: 0.7985 - 241s/epoch - 3s/step
Mel loss: <tf.Variable 'Variable:0' shape=() dtype=float32, numpy=0.5>
sinc loss: <tf.Variable 'Variable:0' shape=() dtype=float32, numpy=0.5>
here
There is no such attribute
here2
Epoch 31/110
Validation cm: [[584 755 102 133]
 [179 630  10  41]
 [ 57 139  92 116]
 [ 26  78  38 100]]
Validation val_loss: 0.8371391939787131
Validation normalized_cm: [[0.371 0.48  0.065 0.084]
 [0.208 0.733 0.012 0.048]
 [0.141 0.344 0.228 0.287]
 [0.107 0.322 0.157 0.413]]
Validation acc: 0.4564935064935065
Validation class_accuracies: [0.3710292249047014, 0.7325581395348837, 0.22772277227722773, 0.4132231404958678]
Validation sensitivity: 0.545816733067729
Validation specificity: 0.3710292249047014
Validation icbhi_score: 0.4584229789862152
Validation roc_auc: None
Validation avg_accuracy: 0.4361333193031701
Validation one_indexed_epoch: 31
The number of epochs since last 1% equals the patience
75/75 - 240s - loss: 0.0537 - accuracy: 0.8245 - 240s/epoch - 3s/step
----------------------------------
The best metrics for this job are: 

Best icbhi_score: 0.5409767115358979
Best cm: [[1055  326  131   62]
 [ 399  443   10    8]
 [ 128   88  135   53]
 [  62   60   78   42]]
Best val_loss: 0.6215999088726724
Best normalized_cm: [[0.67  0.207 0.083 0.039]
 [0.464 0.515 0.012 0.009]
 [0.317 0.218 0.334 0.131]
 [0.256 0.248 0.322 0.174]]
Best acc: 0.5438311688311688
Best class_accuracies: [0.670266836086404, 0.5151162790697674, 0.3341584158415842, 0.17355371900826447]
Best sensitivity: 0.4116865869853918
Best specificity: 0.670266836086404
Best roc_auc: None
Best avg_accuracy: 0.4232738125015051
Best one_indexed_epoch: 16
/home/alirachidi/classification_algorithm/trainers/modules/main/helpers.py:20: MatplotlibDeprecationWarning: Adding an axes using the same arguments as a previous axes currently reuses the earlier instance.  In a future version, a new instance will always be created and returned.  Meanwhile, this warning can be suppressed, and the future behavior ensured, by passing a unique label to each axes instance.
  plt.subplot(2,2,n+1, )
/home/alirachidi/classification_algorithm/trainers/modules/main/helpers.py:20: MatplotlibDeprecationWarning: Adding an axes using the same arguments as a previous axes currently reuses the earlier instance.  In a future version, a new instance will always be created and returned.  Meanwhile, this warning can be suppressed, and the future behavior ensured, by passing a unique label to each axes instance.
  plt.subplot(2,2,n+1, )
icbhi_score
model
cm
val_loss
normalized_cm
acc
class_accuracies
sensitivity
specificity
roc_auc
avg_accuracy
one_indexed_epoch
25
25
Initial weights
[]
Post training weights
[]
Weight difference
[]
{'loss': [0.6905133128166199, 0.6472749710083008, 0.5871362090110779, 0.5401666164398193, 0.5121983289718628, 0.47726204991340637, 0.4493151009082794, 0.4069838523864746, 0.3784009516239166, 0.3469081223011017, 0.300695538520813, 0.29521942138671875, 0.2705262303352356, 0.2546497583389282, 0.21344906091690063, 0.2070457935333252, 0.18074148893356323, 0.1670665740966797, 0.16063116490840912, 0.16372725367546082, 0.14707182347774506, 0.14100253582000732, 0.11373172700405121, 0.10104724019765854, 0.106270931661129, 0.10182121396064758, 0.08650200068950653, 0.06679273396730423, 0.06886504590511322, 0.06256786733865738, 0.05365535616874695], 'accuracy': [0.50618577003479, 0.6009645462036133, 0.6768714785575867, 0.7613755464553833, 0.7714405655860901, 0.7869574427604675, 0.7846508622169495, 0.8165233731269836, 0.8152652382850647, 0.8215558528900146, 0.8274271488189697, 0.8226042985916138, 0.8347662091255188, 0.8293143510818481, 0.8379114866256714, 0.8502830862998962, 0.8318305611610413, 0.836863100528717, 0.8406374454498291, 0.8284755945205688, 0.8471377491950989, 0.8291046619415283, 0.830991804599762, 0.8362340331077576, 0.8263787031173706, 0.8219752311706543, 0.8301530480384827, 0.8255399465560913, 0.8135877251625061, 0.7984902262687683, 0.8244915008544922]}
End
####################################
Job dir: ../cache/cw/train202/4
