Validation cm: [[  0   0   0 740]
 [  0   0   0  92]
 [  0   0   0  77]
 [  0   0   0 130]]
Validation normalized_cm: [[0. 0. 0. 1.]
 [0. 0. 0. 1.]
 [0. 0. 0. 1.]
 [0. 0. 0. 1.]]
Validation acc: 0.12512030798845045
Validation class_accuracies: [0.0, 0.0, 0.0, 1.0]
Validation precision: None
Validation recall: None
Validation f1: None
Validation roc_auc: None
Validation avg_accuracy: 0.25
Validation one_indexed_epoch: 1
Tensorflow Version: 2.7.1
Num GPUs Available:  1
Collecting Variables...
All variables have been collected.
../cache/
cw
train33
-----------------------
Job id is 1.
- Loading Perch.
3278 Perch audios have been loaded.
- Loading Icbhi.
725 Icbhi audios have been loaded.
- Loading Antwerp.
131 Antwerp audios have been loaded.
- Preparing Perch.
862 Perch groups of audio chunks (by filename or patients) have been prepared.
- Preparing Icbhi.
112 Icbhi groups of audio chunks (by filename or patients) have been prepared.
- Preparing Antwerp.
15 Antwerp groups of audio chunks (by filename or patients) have been prepared.
--- Samples are being split into training/val groups and de-grouped by patient ---
--- Perch training dataset went from 0 to 2649 elements, with 2346 none's, 61 crakles, 186 wheezes and 56 both ---
--- Perch Validation dataset contains 629 elements, with 551 none, 12 crackles, 54 wheezes and 12 both ---
--- Icbhi training dataset went from 0 to 2040 elements, with 707 none's, 720 crakles, 285 wheezes and 327 both ---
--- Icbhi Validation dataset contains 299 elements, with 172 none, 70 crackles, 18 wheezes and 39 both ---
--- Antwerp training dataset went from 0 to 580 elements, with 82 none's, 16 crakles, 448 wheezes and 34 both ---
--- Antwerp Validation dataset contains 111 elements, with 17 none, 10 crackles, 5 wheezes and 79 both ---
-----------------------
--- Final training dataset went from 0 to 5269 elements, with 3135 none's, 797 crakles, 919 wheezes and 417 both ---
--- Final Validation dataset contains 1039 elements, with 740 none, 92 crackles, 77 wheezes and 130 both ---
Model: "leaf_model9_model"
______________________________________________________________________________________________________________
 Layer (type)                                    Output Shape                                Param #          
==============================================================================================================
 leaf (Leaf)                                     multiple                                    560              
                                                                                                              
 batch_normalization (BatchNormalization)        multiple                                    4                
                                                                                                              
 sequential (Sequential)                         (None, 80, 500, 16)                         2352             
                                                                                                              
 sequential_1 (Sequential)                       (None, 80, 500, 16)                         6448             
                                                                                                              
 sequential_2 (Sequential)                       (None, 80, 500, 16)                         32               
                                                                                                              
 concatenate (Concatenate)                       multiple                                    0                
                                                                                                              
 sequential_3 (Sequential)                       (None, 512)                                 6191296          
                                                                                                              
 dense (Dense)                                   multiple                                    1026             
                                                                                                              
==============================================================================================================
Total params: 6,201,718
Trainable params: 6,160,212
Non-trainable params: 41,506
______________________________________________________________________________________________________________
Model: "leaf_mixednet_model"
______________________________________________________________________________________________________________
 Layer (type)                                    Output Shape                                Param #          
==============================================================================================================
 leaf (Leaf)                                     multiple                                    560              
                                                                                                              
 sequential_4 (Sequential)                       (None, 128)                                 105694           
                                                                                                              
 dense_1 (Dense)                                 multiple                                    258              
                                                                                                              
==============================================================================================================
Total params: 106,512
Trainable params: 106,016
Non-trainable params: 496
______________________________________________________________________________________________________________
Target metric is avg_accuracy
Epoch 1/20
[[1. 1.]]
-- New best results were achieved. --
Saving model...
330/330 - 734s - accuracy: 0.6136 - student_loss: 0.7925 - distillation_loss: 0.0112 - val_accuracy: 0.9259 - val_student_loss: 0.2561 - 734s/epoch - 2s/step
Validation cm: [[  0   0   0 740]
 [  0   0   0  92]
 [  0   0   0  77]
 [  0   0   0 130]]
Validation normalized_cm: [[0. 0. 0. 1.]
 [0. 0. 0. 1.]
 [0. 0. 0. 1.]
 [0. 0. 0. 1.]]
Validation acc: 0.12512030798845045
Validation class_accuracies: [0.0, 0.0, 0.0, 1.0]
Validation precision: None
Validation recall: None
Validation f1: None
Validation roc_auc: None
Validation avg_accuracy: 0.25
Validation one_indexed_epoch: 2
Epoch 2/20
[[1. 1.]]
The validation tracker metric at 0.25 hasn't increased by 0 in 1 epochs
330/330 - 721s - accuracy: 0.6542 - student_loss: 0.2537 - distillation_loss: 0.0087 - val_accuracy: 0.7834 - val_student_loss: 0.3832 - 721s/epoch - 2s/step
Validation cm: [[  0   0   0 740]
 [  0   0   0  92]
 [  0   0   0  77]
 [  0   0   0 130]]
Validation normalized_cm: [[0. 0. 0. 1.]
 [0. 0. 0. 1.]
 [0. 0. 0. 1.]
 [0. 0. 0. 1.]]
Validation acc: 0.12512030798845045
Validation class_accuracies: [0.0, 0.0, 0.0, 1.0]
Validation precision: None
Validation recall: None
Validation f1: None
Validation roc_auc: None
Validation avg_accuracy: 0.25
Validation one_indexed_epoch: 3
Epoch 3/20
[[1. 1.]]
The validation tracker metric at 0.25 hasn't increased by 0 in 2 epochs
330/330 - 720s - accuracy: 0.6603 - student_loss: 0.1627 - distillation_loss: 0.0133 - val_accuracy: 0.3397 - val_student_loss: 1.3495 - 720s/epoch - 2s/step
Validation cm: [[  0   0   0 740]
 [  0   0   0  92]
 [  0   0   0  77]
 [  0   0   0 130]]
Validation normalized_cm: [[0. 0. 0. 1.]
 [0. 0. 0. 1.]
 [0. 0. 0. 1.]
 [0. 0. 0. 1.]]
Validation acc: 0.12512030798845045
Validation class_accuracies: [0.0, 0.0, 0.0, 1.0]
Validation precision: None
Validation recall: None
Validation f1: None
Validation roc_auc: None
Validation avg_accuracy: 0.25
Validation one_indexed_epoch: 4
Epoch 4/20
[[1. 1.]]
The validation tracker metric at 0.25 hasn't increased by 0 in 3 epochs
330/330 - 730s - accuracy: 0.6567 - student_loss: 0.6048 - distillation_loss: 0.0110 - val_accuracy: 0.8219 - val_student_loss: 0.5850 - 730s/epoch - 2s/step
Validation cm: [[  0   0   0 740]
 [  0   0   0  92]
 [  0   0   0  77]
 [  0   0   0 130]]
Validation normalized_cm: [[0. 0. 0. 1.]
 [0. 0. 0. 1.]
 [0. 0. 0. 1.]
 [0. 0. 0. 1.]]
Validation acc: 0.12512030798845045
Validation class_accuracies: [0.0, 0.0, 0.0, 1.0]
Validation precision: None
Validation recall: None
Validation f1: None
Validation roc_auc: None
Validation avg_accuracy: 0.25
Validation one_indexed_epoch: 5
Epoch 5/20
[[1. 1.]]
The validation tracker metric at 0.25 hasn't increased by 0 in 4 epochs
330/330 - 757s - accuracy: 0.6498 - student_loss: 0.3426 - distillation_loss: 0.0077 - val_accuracy: 0.7016 - val_student_loss: 0.0220 - 757s/epoch - 2s/step
Validation cm: [[  0   0   0 740]
 [  0   0   0  92]
 [  0   0   0  77]
 [  0   0   0 130]]
Validation normalized_cm: [[0. 0. 0. 1.]
 [0. 0. 0. 1.]
 [0. 0. 0. 1.]
 [0. 0. 0. 1.]]
Validation acc: 0.12512030798845045
Validation class_accuracies: [0.0, 0.0, 0.0, 1.0]
Validation precision: None
Validation recall: None
Validation f1: None
Validation roc_auc: None
Validation avg_accuracy: 0.25
Validation one_indexed_epoch: 6
Epoch 6/20
[[1. 1.]]
The validation tracker metric at 0.25 hasn't increased by 0 in 5 epochs
330/330 - 793s - accuracy: 0.6595 - student_loss: 0.6310 - distillation_loss: 0.0103 - val_accuracy: 0.5736 - val_student_loss: 0.4483 - 793s/epoch - 2s/step
Validation cm: [[  0   0   0 740]
 [  0   0   0  92]
 [  0   0   0  77]
 [  0   0   0 130]]
Validation normalized_cm: [[0. 0. 0. 1.]
 [0. 0. 0. 1.]
 [0. 0. 0. 1.]
 [0. 0. 0. 1.]]
Validation acc: 0.12512030798845045
Validation class_accuracies: [0.0, 0.0, 0.0, 1.0]
Validation precision: None
Validation recall: None
Validation f1: None
Validation roc_auc: None
Validation avg_accuracy: 0.25
Validation one_indexed_epoch: 7
Epoch 7/20
[[1. 1.]]
The number of epochs since last 1% equals the patience
330/330 - 791s - accuracy: 0.6929 - student_loss: 0.5435 - distillation_loss: 0.0120 - val_accuracy: 0.3936 - val_student_loss: 0.7385 - 791s/epoch - 2s/step
----------------------------------
The best metrics for this job are: 

Best avg_accuracy: 0.25
Best cm: [[  0   0   0 740]
 [  0   0   0  92]
 [  0   0   0  77]
 [  0   0   0 130]]
Best normalized_cm: [[0. 0. 0. 1.]
 [0. 0. 0. 1.]
 [0. 0. 0. 1.]
 [0. 0. 0. 1.]]
Best acc: 0.12512030798845045
Best class_accuracies: [0.0, 0.0, 0.0, 1.0]
Best precision: None
Best recall: None
Best f1: None
Best roc_auc: None
Best one_indexed_epoch: 1
/home/alirachidi/anaconda3/envs/LungSoundClass/lib/python3.7/site-packages/keras/optimizer_v2/adam.py:105: UserWarning: The `lr` argument is deprecated, use `learning_rate` instead.
  super(Adam, self).__init__(name, **kwargs)
/home/alirachidi/classification_algorithm/trainers/modules/main/global_helpers.py:48: UserWarning: Matplotlib is currently using agg, which is a non-GUI backend, so cannot show the figure.
  plt.show()
avg_accuracy
model
cm
normalized_cm
acc
class_accuracies
precision
recall
f1
roc_auc
one_indexed_epoch
