Tensorflow Version: 2.8.0
Num GPUs Available:  1
Collecting Variables...
All variables have been collected.
../cache/
cw
train149
Description:  effnet: kfold, mel, no normalizing, 1 optimizer w adaptive lr, overlap threshold = 0.3,
-----------------------
Job id is 1.
Job dir: ../cache/cw/train149/1
- Loading Icbhi.
725 Icbhi audios have been loaded.
- Preparing Icbhi.
112 Icbhi groups of audio chunks (by filename or patients) have been prepared.
--- Samples are being split into training/val groups and de-grouped by patient ---
Job id is 2.
-----------------------
--- Final training dataset went from 0 to 4349 elements, with 0 none's, 0 crakles, 0 wheezes and 0 both ---
--- Final Validation dataset contains 1716 elements, with 0 none, 0 crackles, 0 wheezes and 0 both ---
Initializing weights...
Model: "vgg16"
_________________________________________________________________
 Layer (type)                Output Shape              Param #   
=================================================================
 input_1 (InputLayer)        [(None, 80, 500, 3)]      0         
                                                                 
 block1_conv1 (Conv2D)       (None, 80, 500, 64)       1792      
                                                                 
 block1_conv2 (Conv2D)       (None, 80, 500, 64)       36928     
                                                                 
 block1_pool (MaxPooling2D)  (None, 40, 250, 64)       0         
                                                                 
 block2_conv1 (Conv2D)       (None, 40, 250, 128)      73856     
                                                                 
 block2_conv2 (Conv2D)       (None, 40, 250, 128)      147584    
                                                                 
 block2_pool (MaxPooling2D)  (None, 20, 125, 128)      0         
                                                                 
 block3_conv1 (Conv2D)       (None, 20, 125, 256)      295168    
                                                                 
 block3_conv2 (Conv2D)       (None, 20, 125, 256)      590080    
                                                                 
 block3_conv3 (Conv2D)       (None, 20, 125, 256)      590080    
                                                                 
 block3_pool (MaxPooling2D)  (None, 10, 62, 256)       0         
                                                                 
 block4_conv1 (Conv2D)       (None, 10, 62, 512)       1180160   
                                                                 
 block4_conv2 (Conv2D)       (None, 10, 62, 512)       2359808   
                                                                 
 block4_conv3 (Conv2D)       (None, 10, 62, 512)       2359808   
                                                                 
 block4_pool (MaxPooling2D)  (None, 5, 31, 512)        0         
                                                                 
 block5_conv1 (Conv2D)       (None, 5, 31, 512)        2359808   
                                                                 
 block5_conv2 (Conv2D)       (None, 5, 31, 512)        2359808   
                                                                 
 block5_conv3 (Conv2D)       (None, 5, 31, 512)        2359808   
                                                                 
 block5_pool (MaxPooling2D)  (None, 2, 15, 512)        0         
                                                                 
=================================================================
Total params: 14,714,688
Trainable params: 14,714,688
Non-trainable params: 0
_________________________________________________________________
Model: "sequential"
_________________________________________________________________
 Layer (type)                Output Shape              Param #   
=================================================================
 batch_normalization (BatchN  (None, 80, 500, 3)       12        
 ormalization)                                                   
                                                                 
 vgg16 (Functional)          (None, 2, 15, 512)        14714688  
                                                                 
 batch_normalization_1 (Batc  (None, 2, 15, 512)       2048      
 hNormalization)                                                 
                                                                 
=================================================================
Total params: 14,716,748
Trainable params: 14,715,718
Non-trainable params: 1,030
_________________________________________________________________
(None, 2, 15, 512)
Model: "sequential_1"
_________________________________________________________________
 Layer (type)                Output Shape              Param #   
=================================================================
 global_average_pooling2d (G  (None, 512)              0         
 lobalAveragePooling2D)                                          
                                                                 
 dense (Dense)               (None, 256)               131328    
                                                                 
 dropout (Dropout)           (None, 256)               0         
                                                                 
 dense_1 (Dense)             (None, 256)               65792     
                                                                 
 dropout_1 (Dropout)         (None, 256)               0         
                                                                 
 dense_2 (Dense)             (None, 4)                 1028      
                                                                 
=================================================================
Total params: 198,148
Trainable params: 198,148
Non-trainable params: 0
_________________________________________________________________
Model: "leaf_model9_model_res"
______________________________________________________________________________________________________________
 Layer (type)                                    Output Shape                                Param #          
==============================================================================================================
 mel_filterbanks (MelFilterbanks)                multiple                                    0                
                                                                                                              
 mel_filterbanks_1 (MelFilterbanks)              multiple                                    0 (unused)       
                                                                                                              
 sincnet (SincNet)                               multiple                                    0 (unused)       
                                                                                                              
 sequential (Sequential)                         (None, 2, 15, 512)                          14716748         
                                                                                                              
 sequential_1 (Sequential)                       (None, 4)                                   198148           
                                                                                                              
==============================================================================================================
Total params: 14,915,058
Trainable params: 14,914,028
Non-trainable params: 1,030
______________________________________________________________________________________________________________
Target metric is icbhi_score
Epoch 1/80
WARNING:tensorflow:Gradients do not exist for variables ['kernel:0', 'Variable:0', 'Variable:0'] when minimizing the loss. If you're using `model.compile()`, did you forget to provide a `loss`argument?
WARNING:tensorflow:Gradients do not exist for variables ['kernel:0', 'Variable:0', 'Variable:0'] when minimizing the loss. If you're using `model.compile()`, did you forget to provide a `loss`argument?
WARNING:tensorflow:Gradients do not exist for variables ['kernel:0', 'Variable:0', 'Variable:0'] when minimizing the loss. If you're using `model.compile()`, did you forget to provide a `loss`argument?
WARNING:tensorflow:Gradients do not exist for variables ['kernel:0', 'Variable:0', 'Variable:0'] when minimizing the loss. If you're using `model.compile()`, did you forget to provide a `loss`argument?
Validation cm: [[958   0   0   0]
 [562   0   0   0]
 [ 69   0   0   0]
 [127   0   0   0]]
Validation normalized_cm: [[1. 0. 0. 0.]
 [1. 0. 0. 0.]
 [1. 0. 0. 0.]
 [1. 0. 0. 0.]]
Validation acc: 0.5582750582750583
Validation class_accuracies: [1.0, 0.0, 0.0, 0.0]
Validation sensitivity: 0.0
Validation specificity: 1.0
Validation icbhi_score: 0.5
Validation roc_auc: None
Validation avg_accuracy: 0.25
Validation one_indexed_epoch: 1
-- New best results were achieved. --
There is no such attribute
544/544 - 108s - loss: 1.2988 - accuracy: 0.3960 - 108s/epoch - 199ms/step
Epoch 2/80
Validation cm: [[958   0   0   0]
 [562   0   0   0]
 [ 69   0   0   0]
 [127   0   0   0]]
Validation normalized_cm: [[1. 0. 0. 0.]
 [1. 0. 0. 0.]
 [1. 0. 0. 0.]
 [1. 0. 0. 0.]]
Validation acc: 0.5582750582750583
Validation class_accuracies: [1.0, 0.0, 0.0, 0.0]
Validation sensitivity: 0.0
Validation specificity: 1.0
Validation icbhi_score: 0.5
Validation roc_auc: None
Validation avg_accuracy: 0.25
Validation one_indexed_epoch: 2
The validation tracker metric at 0.5 hasn't increased by 0 in 1 epochs
There is no such attribute
544/544 - 104s - loss: 1.1769 - accuracy: 0.4842 - 104s/epoch - 191ms/step
Epoch 3/80
Validation cm: [[958   0   0   0]
 [562   0   0   0]
 [ 69   0   0   0]
 [127   0   0   0]]
Validation normalized_cm: [[1. 0. 0. 0.]
 [1. 0. 0. 0.]
 [1. 0. 0. 0.]
 [1. 0. 0. 0.]]
Validation acc: 0.5582750582750583
Validation class_accuracies: [1.0, 0.0, 0.0, 0.0]
Validation sensitivity: 0.0
Validation specificity: 1.0
Validation icbhi_score: 0.5
Validation roc_auc: None
Validation avg_accuracy: 0.25
Validation one_indexed_epoch: 3
The validation tracker metric at 0.5 hasn't increased by 0 in 2 epochs
There is no such attribute
544/544 - 104s - loss: 1.0950 - accuracy: 0.5098 - 104s/epoch - 192ms/step
Epoch 4/80
Validation cm: [[958   0   0   0]
 [562   0   0   0]
 [ 69   0   0   0]
 [127   0   0   0]]
Validation normalized_cm: [[1. 0. 0. 0.]
 [1. 0. 0. 0.]
 [1. 0. 0. 0.]
 [1. 0. 0. 0.]]
Validation acc: 0.5582750582750583
Validation class_accuracies: [1.0, 0.0, 0.0, 0.0]
Validation sensitivity: 0.0
Validation specificity: 1.0
Validation icbhi_score: 0.5
Validation roc_auc: None
Validation avg_accuracy: 0.25
Validation one_indexed_epoch: 4
The validation tracker metric at 0.5 hasn't increased by 0 in 3 epochs
There is no such attribute
544/544 - 105s - loss: 1.0442 - accuracy: 0.5325 - 105s/epoch - 194ms/step
Epoch 5/80
Validation cm: [[958   0   0   0]
 [562   0   0   0]
 [ 69   0   0   0]
 [127   0   0   0]]
Validation normalized_cm: [[1. 0. 0. 0.]
 [1. 0. 0. 0.]
 [1. 0. 0. 0.]
 [1. 0. 0. 0.]]
Validation acc: 0.5582750582750583
Validation class_accuracies: [1.0, 0.0, 0.0, 0.0]
Validation sensitivity: 0.0
Validation specificity: 1.0
Validation icbhi_score: 0.5
Validation roc_auc: None
Validation avg_accuracy: 0.25
Validation one_indexed_epoch: 5
The validation tracker metric at 0.5 hasn't increased by 0 in 4 epochs
There is no such attribute
544/544 - 105s - loss: 0.9975 - accuracy: 0.5714 - 105s/epoch - 193ms/step
Epoch 6/80
Validation cm: [[958   0   0   0]
 [562   0   0   0]
 [ 69   0   0   0]
 [127   0   0   0]]
Validation normalized_cm: [[1. 0. 0. 0.]
 [1. 0. 0. 0.]
 [1. 0. 0. 0.]
 [1. 0. 0. 0.]]
Validation acc: 0.5582750582750583
Validation class_accuracies: [1.0, 0.0, 0.0, 0.0]
Validation sensitivity: 0.0
Validation specificity: 1.0
Validation icbhi_score: 0.5
Validation roc_auc: None
Validation avg_accuracy: 0.25
Validation one_indexed_epoch: 6
The validation tracker metric at 0.5 hasn't increased by 0 in 5 epochs
There is no such attribute
544/544 - 106s - loss: 0.9561 - accuracy: 0.5790 - 106s/epoch - 194ms/step
Epoch 7/80
Validation cm: [[958   0   0   0]
 [562   0   0   0]
 [ 69   0   0   0]
 [127   0   0   0]]
Validation normalized_cm: [[1. 0. 0. 0.]
 [1. 0. 0. 0.]
 [1. 0. 0. 0.]
 [1. 0. 0. 0.]]
Validation acc: 0.5582750582750583
Validation class_accuracies: [1.0, 0.0, 0.0, 0.0]
Validation sensitivity: 0.0
Validation specificity: 1.0
Validation icbhi_score: 0.5
Validation roc_auc: None
Validation avg_accuracy: 0.25
Validation one_indexed_epoch: 7
The validation tracker metric at 0.5 hasn't increased by 0 in 6 epochs
There is no such attribute
544/544 - 107s - loss: 0.9075 - accuracy: 0.6082 - 107s/epoch - 197ms/step
Epoch 8/80
Validation cm: [[958   0   0   0]
 [562   0   0   0]
 [ 69   0   0   0]
 [127   0   0   0]]
Validation normalized_cm: [[1. 0. 0. 0.]
 [1. 0. 0. 0.]
 [1. 0. 0. 0.]
 [1. 0. 0. 0.]]
Validation acc: 0.5582750582750583
Validation class_accuracies: [1.0, 0.0, 0.0, 0.0]
Validation sensitivity: 0.0
Validation specificity: 1.0
Validation icbhi_score: 0.5
Validation roc_auc: None
Validation avg_accuracy: 0.25
Validation one_indexed_epoch: 8
The validation tracker metric at 0.5 hasn't increased by 0 in 7 epochs
There is no such attribute
544/544 - 107s - loss: 0.8917 - accuracy: 0.6224 - 107s/epoch - 196ms/step
Epoch 9/80
Validation cm: [[958   0   0   0]
 [562   0   0   0]
 [ 69   0   0   0]
 [127   0   0   0]]
Validation normalized_cm: [[1. 0. 0. 0.]
 [1. 0. 0. 0.]
 [1. 0. 0. 0.]
 [1. 0. 0. 0.]]
Validation acc: 0.5582750582750583
Validation class_accuracies: [1.0, 0.0, 0.0, 0.0]
Validation sensitivity: 0.0
Validation specificity: 1.0
Validation icbhi_score: 0.5
Validation roc_auc: None
Validation avg_accuracy: 0.25
Validation one_indexed_epoch: 9
The validation tracker metric at 0.5 hasn't increased by 0 in 8 epochs
There is no such attribute
544/544 - 106s - loss: 0.8625 - accuracy: 0.6355 - 106s/epoch - 196ms/step
Epoch 10/80
Validation cm: [[958   0   0   0]
 [562   0   0   0]
 [ 69   0   0   0]
 [127   0   0   0]]
Validation normalized_cm: [[1. 0. 0. 0.]
 [1. 0. 0. 0.]
 [1. 0. 0. 0.]
 [1. 0. 0. 0.]]
Validation acc: 0.5582750582750583
Validation class_accuracies: [1.0, 0.0, 0.0, 0.0]
Validation sensitivity: 0.0
Validation specificity: 1.0
Validation icbhi_score: 0.5
Validation roc_auc: None
Validation avg_accuracy: 0.25
Validation one_indexed_epoch: 10
The validation tracker metric at 0.5 hasn't increased by 0 in 9 epochs
There is no such attribute
544/544 - 105s - loss: 0.8390 - accuracy: 0.6452 - 105s/epoch - 194ms/step
Epoch 11/80
Validation cm: [[958   0   0   0]
 [562   0   0   0]
 [ 69   0   0   0]
 [127   0   0   0]]
Validation normalized_cm: [[1. 0. 0. 0.]
 [1. 0. 0. 0.]
 [1. 0. 0. 0.]
 [1. 0. 0. 0.]]
Validation acc: 0.5582750582750583
Validation class_accuracies: [1.0, 0.0, 0.0, 0.0]
Validation sensitivity: 0.0
Validation specificity: 1.0
Validation icbhi_score: 0.5
Validation roc_auc: None
Validation avg_accuracy: 0.25
Validation one_indexed_epoch: 11
The validation tracker metric at 0.5 hasn't increased by 0 in 10 epochs
Mel loss: <tf.Variable 'Variable:0' shape=() dtype=float32, numpy=0.5>
sinc loss: <tf.Variable 'Variable:0' shape=() dtype=float32, numpy=0.5>
There is no such attribute
544/544 - 104s - loss: 0.8138 - accuracy: 0.6634 - 104s/epoch - 192ms/step
Epoch 12/80
Validation cm: [[958   0   0   0]
 [562   0   0   0]
 [ 69   0   0   0]
 [127   0   0   0]]
Validation normalized_cm: [[1. 0. 0. 0.]
 [1. 0. 0. 0.]
 [1. 0. 0. 0.]
 [1. 0. 0. 0.]]
Validation acc: 0.5582750582750583
Validation class_accuracies: [1.0, 0.0, 0.0, 0.0]
Validation sensitivity: 0.0
Validation specificity: 1.0
Validation icbhi_score: 0.5
Validation roc_auc: None
Validation avg_accuracy: 0.25
Validation one_indexed_epoch: 12
The validation tracker metric at 0.5 hasn't increased by 0 in 11 epochs
There is no such attribute
544/544 - 106s - loss: 0.7927 - accuracy: 0.6622 - 106s/epoch - 195ms/step
Epoch 13/80
Validation cm: [[958   0   0   0]
 [562   0   0   0]
 [ 69   0   0   0]
 [127   0   0   0]]
Validation normalized_cm: [[1. 0. 0. 0.]
 [1. 0. 0. 0.]
 [1. 0. 0. 0.]
 [1. 0. 0. 0.]]
Validation acc: 0.5582750582750583
Validation class_accuracies: [1.0, 0.0, 0.0, 0.0]
Validation sensitivity: 0.0
Validation specificity: 1.0
Validation icbhi_score: 0.5
Validation roc_auc: None
Validation avg_accuracy: 0.25
Validation one_indexed_epoch: 13
The validation tracker metric at 0.5 hasn't increased by 0 in 12 epochs
There is no such attribute
544/544 - 105s - loss: 0.7673 - accuracy: 0.6859 - 105s/epoch - 192ms/step
Epoch 14/80
Validation cm: [[958   0   0   0]
 [562   0   0   0]
 [ 69   0   0   0]
 [127   0   0   0]]
Validation normalized_cm: [[1. 0. 0. 0.]
 [1. 0. 0. 0.]
 [1. 0. 0. 0.]
 [1. 0. 0. 0.]]
Validation acc: 0.5582750582750583
Validation class_accuracies: [1.0, 0.0, 0.0, 0.0]
Validation sensitivity: 0.0
Validation specificity: 1.0
Validation icbhi_score: 0.5
Validation roc_auc: None
Validation avg_accuracy: 0.25
Validation one_indexed_epoch: 14
The validation tracker metric at 0.5 hasn't increased by 0 in 13 epochs
There is no such attribute
544/544 - 104s - loss: 0.7489 - accuracy: 0.7029 - 104s/epoch - 192ms/step
Epoch 15/80
Validation cm: [[958   0   0   0]
 [562   0   0   0]
 [ 69   0   0   0]
 [127   0   0   0]]
Validation normalized_cm: [[1. 0. 0. 0.]
 [1. 0. 0. 0.]
 [1. 0. 0. 0.]
 [1. 0. 0. 0.]]
Validation acc: 0.5582750582750583
Validation class_accuracies: [1.0, 0.0, 0.0, 0.0]
Validation sensitivity: 0.0
Validation specificity: 1.0
Validation icbhi_score: 0.5
Validation roc_auc: None
Validation avg_accuracy: 0.25
Validation one_indexed_epoch: 15
The validation tracker metric at 0.5 hasn't increased by 0 in 14 epochs
There is no such attribute
544/544 - 106s - loss: 0.7154 - accuracy: 0.7144 - 106s/epoch - 194ms/step
Epoch 16/80
Validation cm: [[958   0   0   0]
 [562   0   0   0]
 [ 69   0   0   0]
 [127   0   0   0]]
Validation normalized_cm: [[1. 0. 0. 0.]
 [1. 0. 0. 0.]
 [1. 0. 0. 0.]
 [1. 0. 0. 0.]]
Validation acc: 0.5582750582750583
Validation class_accuracies: [1.0, 0.0, 0.0, 0.0]
Validation sensitivity: 0.0
Validation specificity: 1.0
Validation icbhi_score: 0.5
Validation roc_auc: None
Validation avg_accuracy: 0.25
Validation one_indexed_epoch: 16
The number of epochs since last 1% equals the patience
There is no such attribute
544/544 - 106s - loss: 0.6702 - accuracy: 0.7374 - 106s/epoch - 196ms/step
----------------------------------
The best metrics for this job are: 

Best icbhi_score: 0.5
Best cm: [[958   0   0   0]
 [562   0   0   0]
 [ 69   0   0   0]
 [127   0   0   0]]
Best normalized_cm: [[1. 0. 0. 0.]
 [1. 0. 0. 0.]
 [1. 0. 0. 0.]
 [1. 0. 0. 0.]]
Best acc: 0.5582750582750583
Best class_accuracies: [1.0, 0.0, 0.0, 0.0]
Best sensitivity: 0.0
Best specificity: 1.0
Best roc_auc: None
Best avg_accuracy: 0.25
Best one_indexed_epoch: 1
icbhi_score
model
cm
normalized_cm
acc
class_accuracies
sensitivity
specificity
roc_auc
avg_accuracy
one_indexed_epoch
Initial weights
[]
Post training weights
[]
Weight difference
[]
{'loss': [1.2987773418426514, 1.176944613456726, 1.0949801206588745, 1.0441681146621704, 0.9975415468215942, 0.9560528993606567, 0.9075068831443787, 0.8917416930198669, 0.8625177145004272, 0.8389779329299927, 0.8138192892074585, 0.7926904559135437, 0.7673251628875732, 0.7488787770271301, 0.7154107093811035, 0.6701708436012268], 'accuracy': [0.39595308899879456, 0.4842492640018463, 0.5097723603248596, 0.5325362086296082, 0.5713956952095032, 0.5789836645126343, 0.6081857681274414, 0.6224419474601746, 0.6355484127998352, 0.6452057957649231, 0.6633709073066711, 0.6622211933135986, 0.6859048008918762, 0.7029201984405518, 0.7144170999526978, 0.7374109029769897]}
Job id is 3.
-----------------------
--- Final training dataset went from 0 to 4634 elements, with 0 none's, 0 crakles, 0 wheezes and 0 both ---
--- Final Validation dataset contains 1431 elements, with 0 none, 0 crackles, 0 wheezes and 0 both ---
Initializing weights...
Model: "vgg16"
_________________________________________________________________
 Layer (type)                Output Shape              Param #   
=================================================================
 input_2 (InputLayer)        [(None, 80, 500, 3)]      0         
                                                                 
 block1_conv1 (Conv2D)       (None, 80, 500, 64)       1792      
                                                                 
 block1_conv2 (Conv2D)       (None, 80, 500, 64)       36928     
                                                                 
 block1_pool (MaxPooling2D)  (None, 40, 250, 64)       0         
                                                                 
 block2_conv1 (Conv2D)       (None, 40, 250, 128)      73856     
                                                                 
 block2_conv2 (Conv2D)       (None, 40, 250, 128)      147584    
                                                                 
 block2_pool (MaxPooling2D)  (None, 20, 125, 128)      0         
                                                                 
 block3_conv1 (Conv2D)       (None, 20, 125, 256)      295168    
                                                                 
 block3_conv2 (Conv2D)       (None, 20, 125, 256)      590080    
                                                                 
 block3_conv3 (Conv2D)       (None, 20, 125, 256)      590080    
                                                                 
 block3_pool (MaxPooling2D)  (None, 10, 62, 256)       0         
                                                                 
 block4_conv1 (Conv2D)       (None, 10, 62, 512)       1180160   
                                                                 
 block4_conv2 (Conv2D)       (None, 10, 62, 512)       2359808   
                                                                 
 block4_conv3 (Conv2D)       (None, 10, 62, 512)       2359808   
                                                                 
 block4_pool (MaxPooling2D)  (None, 5, 31, 512)        0         
                                                                 
 block5_conv1 (Conv2D)       (None, 5, 31, 512)        2359808   
                                                                 
 block5_conv2 (Conv2D)       (None, 5, 31, 512)        2359808   
                                                                 
 block5_conv3 (Conv2D)       (None, 5, 31, 512)        2359808   
                                                                 
 block5_pool (MaxPooling2D)  (None, 2, 15, 512)        0         
                                                                 
=================================================================
Total params: 14,714,688
Trainable params: 14,714,688
Non-trainable params: 0
_________________________________________________________________
Model: "sequential_2"
_________________________________________________________________
 Layer (type)                Output Shape              Param #   
=================================================================
 batch_normalization_2 (Batc  (None, 80, 500, 3)       12        
 hNormalization)                                                 
                                                                 
 vgg16 (Functional)          (None, 2, 15, 512)        14714688  
                                                                 
 batch_normalization_3 (Batc  (None, 2, 15, 512)       2048      
 hNormalization)                                                 
                                                                 
=================================================================
Total params: 14,716,748
Trainable params: 14,715,718
Non-trainable params: 1,030
_________________________________________________________________
(None, 2, 15, 512)
Model: "sequential_3"
_________________________________________________________________
 Layer (type)                Output Shape              Param #   
=================================================================
 global_average_pooling2d_1   (None, 512)              0         
 (GlobalAveragePooling2D)                                        
                                                                 
 dense_3 (Dense)             (None, 256)               131328    
                                                                 
 dropout_2 (Dropout)         (None, 256)               0         
                                                                 
 dense_4 (Dense)             (None, 256)               65792     
                                                                 
 dropout_3 (Dropout)         (None, 256)               0         
                                                                 
 dense_5 (Dense)             (None, 4)                 1028      
                                                                 
=================================================================
Total params: 198,148
Trainable params: 198,148
Non-trainable params: 0
_________________________________________________________________
Model: "leaf_model9_model_res_1"
______________________________________________________________________________________________________________
 Layer (type)                                    Output Shape                                Param #          
==============================================================================================================
 mel_filterbanks_2 (MelFilterbanks)              multiple                                    0                
                                                                                                              
 mel_filterbanks_3 (MelFilterbanks)              multiple                                    0 (unused)       
                                                                                                              
 sincnet (SincNet)                               multiple                                    0 (unused)       
                                                                                                              
 sequential_2 (Sequential)                       (None, 2, 15, 512)                          14716748         
                                                                                                              
 sequential_3 (Sequential)                       (None, 4)                                   198148           
                                                                                                              
==============================================================================================================
Total params: 14,915,058
Trainable params: 14,914,028
Non-trainable params: 1,030
______________________________________________________________________________________________________________
Target metric is icbhi_score
Epoch 1/80
/home/alirachidi/classification_algorithm/trainers/modules/main/global_helpers.py:48: UserWarning: Matplotlib is currently using agg, which is a non-GUI backend, so cannot show the figure.
  plt.show()
WARNING:tensorflow:Gradients do not exist for variables ['kernel:0', 'Variable:0', 'Variable:0'] when minimizing the loss. If you're using `model.compile()`, did you forget to provide a `loss`argument?
WARNING:tensorflow:Gradients do not exist for variables ['kernel:0', 'Variable:0', 'Variable:0'] when minimizing the loss. If you're using `model.compile()`, did you forget to provide a `loss`argument?
WARNING:tensorflow:Gradients do not exist for variables ['kernel:0', 'Variable:0', 'Variable:0'] when minimizing the loss. If you're using `model.compile()`, did you forget to provide a `loss`argument?
WARNING:tensorflow:Gradients do not exist for variables ['kernel:0', 'Variable:0', 'Variable:0'] when minimizing the loss. If you're using `model.compile()`, did you forget to provide a `loss`argument?
Validation cm: [[535   0   0   0]
 [492   0   0   0]
 [198   0   0   0]
 [206   0   0   0]]
Validation normalized_cm: [[1. 0. 0. 0.]
 [1. 0. 0. 0.]
 [1. 0. 0. 0.]
 [1. 0. 0. 0.]]
Validation acc: 0.37386443046820406
Validation class_accuracies: [1.0, 0.0, 0.0, 0.0]
Validation sensitivity: 0.0
Validation specificity: 1.0
Validation icbhi_score: 0.5
Validation roc_auc: None
Validation avg_accuracy: 0.25
Validation one_indexed_epoch: 1
-- New best results were achieved. --
There is no such attribute
580/580 - 96s - loss: 1.2835 - accuracy: 0.4288 - 96s/epoch - 165ms/step
Epoch 2/80
Validation cm: [[535   0   0   0]
 [492   0   0   0]
 [198   0   0   0]
 [206   0   0   0]]
Validation normalized_cm: [[1. 0. 0. 0.]
 [1. 0. 0. 0.]
 [1. 0. 0. 0.]
 [1. 0. 0. 0.]]
Validation acc: 0.37386443046820406
Validation class_accuracies: [1.0, 0.0, 0.0, 0.0]
Validation sensitivity: 0.0
Validation specificity: 1.0
Validation icbhi_score: 0.5
Validation roc_auc: None
Validation avg_accuracy: 0.25
Validation one_indexed_epoch: 2
The validation tracker metric at 0.5 hasn't increased by 0 in 1 epochs
There is no such attribute
580/580 - 94s - loss: 1.1362 - accuracy: 0.5278 - 94s/epoch - 163ms/step
Epoch 3/80
Validation cm: [[535   0   0   0]
 [492   0   0   0]
 [198   0   0   0]
 [206   0   0   0]]
Validation normalized_cm: [[1. 0. 0. 0.]
 [1. 0. 0. 0.]
 [1. 0. 0. 0.]
 [1. 0. 0. 0.]]
Validation acc: 0.37386443046820406
Validation class_accuracies: [1.0, 0.0, 0.0, 0.0]
Validation sensitivity: 0.0
Validation specificity: 1.0
Validation icbhi_score: 0.5
Validation roc_auc: None
Validation avg_accuracy: 0.25
Validation one_indexed_epoch: 3
The validation tracker metric at 0.5 hasn't increased by 0 in 2 epochs
There is no such attribute
580/580 - 96s - loss: 1.0750 - accuracy: 0.5475 - 96s/epoch - 165ms/step
Epoch 4/80
Validation cm: [[535   0   0   0]
 [492   0   0   0]
 [198   0   0   0]
 [206   0   0   0]]
Validation normalized_cm: [[1. 0. 0. 0.]
 [1. 0. 0. 0.]
 [1. 0. 0. 0.]
 [1. 0. 0. 0.]]
Validation acc: 0.37386443046820406
Validation class_accuracies: [1.0, 0.0, 0.0, 0.0]
Validation sensitivity: 0.0
Validation specificity: 1.0
Validation icbhi_score: 0.5
Validation roc_auc: None
Validation avg_accuracy: 0.25
Validation one_indexed_epoch: 4
The validation tracker metric at 0.5 hasn't increased by 0 in 3 epochs
There is no such attribute
580/580 - 94s - loss: 1.0250 - accuracy: 0.5727 - 94s/epoch - 163ms/step
Epoch 5/80
Validation cm: [[535   0   0   0]
 [492   0   0   0]
 [198   0   0   0]
 [206   0   0   0]]
Validation normalized_cm: [[1. 0. 0. 0.]
 [1. 0. 0. 0.]
 [1. 0. 0. 0.]
 [1. 0. 0. 0.]]
Validation acc: 0.37386443046820406
Validation class_accuracies: [1.0, 0.0, 0.0, 0.0]
Validation sensitivity: 0.0
Validation specificity: 1.0
Validation icbhi_score: 0.5
Validation roc_auc: None
Validation avg_accuracy: 0.25
Validation one_indexed_epoch: 5
The validation tracker metric at 0.5 hasn't increased by 0 in 4 epochs
There is no such attribute
580/580 - 95s - loss: 0.9813 - accuracy: 0.5783 - 95s/epoch - 164ms/step
Epoch 6/80
Validation cm: [[535   0   0   0]
 [492   0   0   0]
 [198   0   0   0]
 [206   0   0   0]]
Validation normalized_cm: [[1. 0. 0. 0.]
 [1. 0. 0. 0.]
 [1. 0. 0. 0.]
 [1. 0. 0. 0.]]
Validation acc: 0.37386443046820406
Validation class_accuracies: [1.0, 0.0, 0.0, 0.0]
Validation sensitivity: 0.0
Validation specificity: 1.0
Validation icbhi_score: 0.5
Validation roc_auc: None
Validation avg_accuracy: 0.25
Validation one_indexed_epoch: 6
The validation tracker metric at 0.5 hasn't increased by 0 in 5 epochs
There is no such attribute
580/580 - 96s - loss: 0.9264 - accuracy: 0.6165 - 96s/epoch - 166ms/step
Epoch 7/80
