Traceback (most recent call last):
  File "/home/alirachidi/anaconda3/envs/LungSoundClass/lib/python3.7/runpy.py", line 193, in _run_module_as_main
    "__main__", mod_spec)
  File "/home/alirachidi/anaconda3/envs/LungSoundClass/lib/python3.7/runpy.py", line 85, in _run_code
    exec(code, run_globals)
  File "/home/alirachidi/classification_algorithm/trainers/cw/models/train4.py", line 351, in <module>
    launch_job({"Bd": 0, "Jordan": 0, "Icbhi": 1, "Perch": 1, "Ant": 1, "SimAnt": 1,}, mixednet, spec_aug_params, audio_aug_params, spec_parser)
  File "/home/alirachidi/classification_algorithm/trainers/cw/models/train4.py", line 307, in launch_job
    train_model(datasets, model, spec_aug_params, audio_aug_params, parse_function)
  File "/home/alirachidi/classification_algorithm/trainers/cw/models/train4.py", line 170, in train_model
    print(torch.rand(1, device="cuda:0"))
RuntimeError: CUDA error: out of memory
CUDA kernel errors might be asynchronously reported at some other API call,so the stacktrace below might be incorrect.
For debugging consider passing CUDA_LAUNCH_BLOCKING=1.
Tensorflow Version: 2.4.0
Num GPUs Available:  1
Collecting Variables...
All variables have been collected.
-----------------------
Job id is 1.
- Loading Perch.
21 Perch audios have been loaded.
- Loading Icbhi.
17 Icbhi audios have been loaded.
- Loading Antwerp.
7 Antwerp audios have been loaded.
- Preparing Perch.
20 Perch groups of audio chunks (by filename or patients) have been prepared.
- Preparing Icbhi.
10 Icbhi groups of audio chunks (by filename or patients) have been prepared.
- Preparing Antwerp.
4 Antwerp groups of audio chunks (by filename or patients) have been prepared.
--- Samples are being split into training/val groups and de-grouped by patient ---
--- Perch training dataset went from 0 to 30 elements, with 12 none's, 2 crakles, 2 wheezes and 4 both ---
--- Perch Validation dataset contains 33 elements, with 12 none, 4 crackles, 4 wheezes and 2 both ---
--- Icbhi training dataset went from 0 to 63 elements, with 37 none's, 22 crakles, 2 wheezes and 2 both ---
--- Icbhi Validation dataset contains 56 elements, with 32 none, 11 crackles, 7 wheezes and 6 both ---
--- Antwerp training dataset went from 0 to 56 elements, with 2 none's, 0 crakles, 54 wheezes and 0 both ---
--- Antwerp Validation dataset contains 21 elements, with 1 none, 10 crackles, 0 wheezes and 10 both ---
cuda:0
