-----------------------
Sample Rate: 8000
Type of spectrogram: coch
number of fft : -1, hop length : -1, window length : -1, number of mels: -1
Expected Dimensions: (64, 1250)
Destination & Name: ../../data/datasets/all_sw_coch_preprocessed_v2_param_v28_augm_v0_cleaned_8000.pkl

General Parameters:
 {"SR": 8000, "SPEC_TYPE": "coch", "COCH_A": "COCH_A.txt", "COCH_B": "COCH_B.txt", "P": "p.txt", "AUGMENTATION": 1,
"HEIGHT": 64, "WIDTH": 1250,  "N_FFT": -1, "HOP_LENGTH": -1, "SPEC_WIN_LENGTH": -1, "N_MELS": -1, 
"AUDIO_LENGTH": 10, "STEP_SIZE": 5, "OVERLAP_THRESHOLD": 0.15, "LENGTH_THRESHOLD": 0.5, "TEST": 0, "BP": 1, "FS": 8000, "COCH_PATH": "../../cochlear_preprocessing/128_channels/", 
"ANTWERP_SIMULATED_ROOT": "../../data/raw_audios/Antwerp_Simulated/", "ICBHI_ROOT": "../../data/raw_audios/icbhi_preprocessed_v2_cleaned_8000/", "PERCH_ROOT": "../../data/raw_audios/perch_8000_10seconds/", "ANTWERP_ROOT": "../../data/raw_audios/Antwerp_Clinical_Complete/",
"ALL_FILE_DEST": "../../data/datasets/all_sw_coch_preprocessed_v2_param_v28_augm_v0_cleaned_8000.pkl"} 

Audio Augm. Parameters:
 {"add": 1, "ratio": 0.2, "gaussian_noise": 1, "vtlp": 0, "shift": 1, "min_snr": 0.001, "max_snr": 1} 

Spectrogram Augm. Parameters:
 {"add": 1, "ratio": 0.2, "time_masking": 1, "frequency_masking": 1} 
-----------------------
Collecting Variables...
Generating ANTWERP...
Number of Files: 131
Expected number of 10-sec audio chunks: 691
Number of 10-sec audio chunks: 691
Augmenting raw audios...
Original length: 691
Augmented length: 829
Generating spectograms...
Augmenting spectrograms...
Original length: 829
Augmented length: 994
Generating PERCH...
Number of Files: 3278
Expected number of 10-sec audio chunks: 3278
Number of 10-sec audio chunks: 3278
Augmenting raw audios...
Original length: 3278
Augmented length: 3933
Generating spectograms...
Completed 2000 elements...
Augmenting spectrograms...
Original length: 3933
Augmented length: 4719
Generating ANTWERP...
Number of Files: 1800
Expected number of 10-sec audio chunks: 11155
Number of 10-sec audio chunks: 11157
Augmenting raw audios...
Original length: 11157
Augmented length: 13388
Generating spectograms...
Completed 2000 elements...
Completed 4000 elements...
Completed 6000 elements...
Completed 8000 elements...
Completed 10000 elements...
Completed 12000 elements...
Augmenting spectrograms...
Original length: 13386
Augmented length: 16063
Generating ICBHI...
Number of Files: 725
Expected number of 10-sec audio chunks: 2339
Number of 10-sec audio chunks: 2307
Augmenting raw audios...
Original length: 2307
Augmented length: 2768
Generating spectograms...
Completed 2000 elements...
Augmenting spectrograms...
Original length: 2768
Augmented length: 3321
All datasets are completed.
Writing...
Find dataset at ../../data/txt_datasets/all_sw_coch_preprocessed_v2_param_v28_augm_v0_cleaned_8000
Done.
