Category:  coch
Dataset:  all_sw_coch_preprocessed_v2_param_v29_augm_v0_cleaned_8000.pkl
File:  conv.train2059
Description:  mixednet_sigm_lowerlr
2021-04-15 20:18:46.219889: I tensorflow/stream_executor/platform/default/dso_loader.cc:49] Successfully opened dynamic library libcudart.so.11.0
2021-04-15 20:18:48.172669: I tensorflow/compiler/jit/xla_cpu_device.cc:41] Not creating XLA devices, tf_xla_enable_xla_devices not set
2021-04-15 20:18:48.173653: I tensorflow/stream_executor/platform/default/dso_loader.cc:49] Successfully opened dynamic library libcuda.so.1
2021-04-15 20:18:48.255432: I tensorflow/stream_executor/cuda/cuda_gpu_executor.cc:941] successful NUMA node read from SysFS had negative value (-1), but there must be at least one NUMA node, so returning NUMA node zero
2021-04-15 20:18:48.256207: I tensorflow/core/common_runtime/gpu/gpu_device.cc:1720] Found device 0 with properties: 
pciBusID: 0000:00:04.0 name: Tesla V100-SXM2-16GB computeCapability: 7.0
coreClock: 1.53GHz coreCount: 80 deviceMemorySize: 15.78GiB deviceMemoryBandwidth: 836.37GiB/s
2021-04-15 20:18:48.256342: I tensorflow/stream_executor/cuda/cuda_gpu_executor.cc:941] successful NUMA node read from SysFS had negative value (-1), but there must be at least one NUMA node, so returning NUMA node zero
2021-04-15 20:18:48.257025: I tensorflow/core/common_runtime/gpu/gpu_device.cc:1720] Found device 1 with properties: 
pciBusID: 0000:00:05.0 name: Tesla V100-SXM2-16GB computeCapability: 7.0
coreClock: 1.53GHz coreCount: 80 deviceMemorySize: 15.78GiB deviceMemoryBandwidth: 836.37GiB/s
2021-04-15 20:18:48.257058: I tensorflow/stream_executor/platform/default/dso_loader.cc:49] Successfully opened dynamic library libcudart.so.11.0
2021-04-15 20:18:48.261221: I tensorflow/stream_executor/platform/default/dso_loader.cc:49] Successfully opened dynamic library libcublas.so.11
2021-04-15 20:18:48.261331: I tensorflow/stream_executor/platform/default/dso_loader.cc:49] Successfully opened dynamic library libcublasLt.so.11
2021-04-15 20:18:48.262696: I tensorflow/stream_executor/platform/default/dso_loader.cc:49] Successfully opened dynamic library libcufft.so.10
2021-04-15 20:18:48.263057: I tensorflow/stream_executor/platform/default/dso_loader.cc:49] Successfully opened dynamic library libcurand.so.10
2021-04-15 20:18:48.264281: I tensorflow/stream_executor/platform/default/dso_loader.cc:49] Successfully opened dynamic library libcusolver.so.10
2021-04-15 20:18:48.265360: I tensorflow/stream_executor/platform/default/dso_loader.cc:49] Successfully opened dynamic library libcusparse.so.11
2021-04-15 20:18:48.265594: I tensorflow/stream_executor/platform/default/dso_loader.cc:49] Successfully opened dynamic library libcudnn.so.8
2021-04-15 20:18:48.265731: I tensorflow/stream_executor/cuda/cuda_gpu_executor.cc:941] successful NUMA node read from SysFS had negative value (-1), but there must be at least one NUMA node, so returning NUMA node zero
2021-04-15 20:18:48.266559: I tensorflow/stream_executor/cuda/cuda_gpu_executor.cc:941] successful NUMA node read from SysFS had negative value (-1), but there must be at least one NUMA node, so returning NUMA node zero
2021-04-15 20:18:48.267440: I tensorflow/stream_executor/cuda/cuda_gpu_executor.cc:941] successful NUMA node read from SysFS had negative value (-1), but there must be at least one NUMA node, so returning NUMA node zero
2021-04-15 20:18:48.268164: I tensorflow/stream_executor/cuda/cuda_gpu_executor.cc:941] successful NUMA node read from SysFS had negative value (-1), but there must be at least one NUMA node, so returning NUMA node zero
2021-04-15 20:18:48.268860: I tensorflow/core/common_runtime/gpu/gpu_device.cc:1862] Adding visible gpu devices: 0, 1
2021-04-15 20:18:48.271291: I tensorflow/compiler/jit/xla_gpu_device.cc:99] Not creating XLA devices, tf_xla_enable_xla_devices not set
2021-04-15 20:18:48.696080: I tensorflow/stream_executor/cuda/cuda_gpu_executor.cc:941] successful NUMA node read from SysFS had negative value (-1), but there must be at least one NUMA node, so returning NUMA node zero
2021-04-15 20:18:48.696786: I tensorflow/core/common_runtime/gpu/gpu_device.cc:1720] Found device 0 with properties: 
pciBusID: 0000:00:04.0 name: Tesla V100-SXM2-16GB computeCapability: 7.0
coreClock: 1.53GHz coreCount: 80 deviceMemorySize: 15.78GiB deviceMemoryBandwidth: 836.37GiB/s
2021-04-15 20:18:48.696938: I tensorflow/stream_executor/cuda/cuda_gpu_executor.cc:941] successful NUMA node read from SysFS had negative value (-1), but there must be at least one NUMA node, so returning NUMA node zero
2021-04-15 20:18:48.697609: I tensorflow/core/common_runtime/gpu/gpu_device.cc:1720] Found device 1 with properties: 
pciBusID: 0000:00:05.0 name: Tesla V100-SXM2-16GB computeCapability: 7.0
coreClock: 1.53GHz coreCount: 80 deviceMemorySize: 15.78GiB deviceMemoryBandwidth: 836.37GiB/s
2021-04-15 20:18:48.697645: I tensorflow/stream_executor/platform/default/dso_loader.cc:49] Successfully opened dynamic library libcudart.so.11.0
2021-04-15 20:18:48.697695: I tensorflow/stream_executor/platform/default/dso_loader.cc:49] Successfully opened dynamic library libcublas.so.11
2021-04-15 20:18:48.697709: I tensorflow/stream_executor/platform/default/dso_loader.cc:49] Successfully opened dynamic library libcublasLt.so.11
2021-04-15 20:18:48.697722: I tensorflow/stream_executor/platform/default/dso_loader.cc:49] Successfully opened dynamic library libcufft.so.10
2021-04-15 20:18:48.697736: I tensorflow/stream_executor/platform/default/dso_loader.cc:49] Successfully opened dynamic library libcurand.so.10
2021-04-15 20:18:48.697749: I tensorflow/stream_executor/platform/default/dso_loader.cc:49] Successfully opened dynamic library libcusolver.so.10
2021-04-15 20:18:48.697762: I tensorflow/stream_executor/platform/default/dso_loader.cc:49] Successfully opened dynamic library libcusparse.so.11
2021-04-15 20:18:48.697776: I tensorflow/stream_executor/platform/default/dso_loader.cc:49] Successfully opened dynamic library libcudnn.so.8
2021-04-15 20:18:48.697855: I tensorflow/stream_executor/cuda/cuda_gpu_executor.cc:941] successful NUMA node read from SysFS had negative value (-1), but there must be at least one NUMA node, so returning NUMA node zero
2021-04-15 20:18:48.698555: I tensorflow/stream_executor/cuda/cuda_gpu_executor.cc:941] successful NUMA node read from SysFS had negative value (-1), but there must be at least one NUMA node, so returning NUMA node zero
2021-04-15 20:18:48.699328: I tensorflow/stream_executor/cuda/cuda_gpu_executor.cc:941] successful NUMA node read from SysFS had negative value (-1), but there must be at least one NUMA node, so returning NUMA node zero
2021-04-15 20:18:48.700068: I tensorflow/stream_executor/cuda/cuda_gpu_executor.cc:941] successful NUMA node read from SysFS had negative value (-1), but there must be at least one NUMA node, so returning NUMA node zero
2021-04-15 20:18:48.700693: I tensorflow/core/common_runtime/gpu/gpu_device.cc:1862] Adding visible gpu devices: 0, 1
2021-04-15 20:18:48.700732: I tensorflow/stream_executor/platform/default/dso_loader.cc:49] Successfully opened dynamic library libcudart.so.11.0
2021-04-15 20:18:49.603482: I tensorflow/core/common_runtime/gpu/gpu_device.cc:1261] Device interconnect StreamExecutor with strength 1 edge matrix:
2021-04-15 20:18:49.603539: I tensorflow/core/common_runtime/gpu/gpu_device.cc:1267]      0 1 
2021-04-15 20:18:49.603548: I tensorflow/core/common_runtime/gpu/gpu_device.cc:1280] 0:   N Y 
2021-04-15 20:18:49.603555: I tensorflow/core/common_runtime/gpu/gpu_device.cc:1280] 1:   Y N 
2021-04-15 20:18:49.603940: I tensorflow/stream_executor/cuda/cuda_gpu_executor.cc:941] successful NUMA node read from SysFS had negative value (-1), but there must be at least one NUMA node, so returning NUMA node zero
2021-04-15 20:18:49.604790: I tensorflow/stream_executor/cuda/cuda_gpu_executor.cc:941] successful NUMA node read from SysFS had negative value (-1), but there must be at least one NUMA node, so returning NUMA node zero
2021-04-15 20:18:49.605563: I tensorflow/stream_executor/cuda/cuda_gpu_executor.cc:941] successful NUMA node read from SysFS had negative value (-1), but there must be at least one NUMA node, so returning NUMA node zero
2021-04-15 20:18:49.606436: I tensorflow/stream_executor/cuda/cuda_gpu_executor.cc:941] successful NUMA node read from SysFS had negative value (-1), but there must be at least one NUMA node, so returning NUMA node zero
2021-04-15 20:18:49.607233: I tensorflow/core/common_runtime/gpu/gpu_device.cc:1406] Created TensorFlow device (/job:localhost/replica:0/task:0/device:GPU:0 with 14760 MB memory) -> physical GPU (device: 0, name: Tesla V100-SXM2-16GB, pci bus id: 0000:00:04.0, compute capability: 7.0)
2021-04-15 20:18:49.607805: I tensorflow/stream_executor/cuda/cuda_gpu_executor.cc:941] successful NUMA node read from SysFS had negative value (-1), but there must be at least one NUMA node, so returning NUMA node zero
2021-04-15 20:18:49.608548: I tensorflow/stream_executor/cuda/cuda_gpu_executor.cc:941] successful NUMA node read from SysFS had negative value (-1), but there must be at least one NUMA node, so returning NUMA node zero
2021-04-15 20:18:49.609310: I tensorflow/core/common_runtime/gpu/gpu_device.cc:1406] Created TensorFlow device (/job:localhost/replica:0/task:0/device:GPU:1 with 14760 MB memory) -> physical GPU (device: 1, name: Tesla V100-SXM2-16GB, pci bus id: 0000:00:05.0, compute capability: 7.0)
2021-04-15 20:19:25.276090: I tensorflow/core/profiler/lib/profiler_session.cc:136] Profiler session initializing.
2021-04-15 20:19:25.276134: I tensorflow/core/profiler/lib/profiler_session.cc:155] Profiler session started.
2021-04-15 20:19:25.276171: I tensorflow/core/profiler/internal/gpu/cupti_tracer.cc:1365] Profiler found 2 GPUs
2021-04-15 20:19:25.276387: W tensorflow/stream_executor/platform/default/dso_loader.cc:60] Could not load dynamic library 'libcupti.so.11.0'; dlerror: libcupti.so.11.0: cannot open shared object file: No such file or directory; LD_LIBRARY_PATH: /usr/local/cuda-11.2/lib64
2021-04-15 20:19:25.277245: I tensorflow/stream_executor/platform/default/dso_loader.cc:49] Successfully opened dynamic library libcupti.so
2021-04-15 20:19:25.634959: I tensorflow/core/profiler/lib/profiler_session.cc:172] Profiler session tear down.
2021-04-15 20:19:25.640312: I tensorflow/core/profiler/internal/gpu/cupti_tracer.cc:1487] CUPTI activity buffer flushed
2021-04-15 20:19:26.386295: I tensorflow/compiler/mlir/mlir_graph_optimization_pass.cc:116] None of the MLIR optimization passes are enabled (registered 2)
2021-04-15 20:19:26.387007: I tensorflow/core/platform/profile_utils/cpu_utils.cc:112] CPU Frequency: 2299995000 Hz
2021-04-15 20:19:28.497609: I tensorflow/stream_executor/platform/default/dso_loader.cc:49] Successfully opened dynamic library libcublas.so.11
2021-04-15 20:19:28.971381: I tensorflow/stream_executor/platform/default/dso_loader.cc:49] Successfully opened dynamic library libcublasLt.so.11
2021-04-15 20:19:29.827719: I tensorflow/stream_executor/platform/default/dso_loader.cc:49] Successfully opened dynamic library libcudnn.so.8
[[11 0]
 [5 0]]
2021-04-15 20:19:32.942709: I tensorflow/core/profiler/lib/profiler_session.cc:136] Profiler session initializing.
2021-04-15 20:19:32.942755: I tensorflow/core/profiler/lib/profiler_session.cc:155] Profiler session started.
[[11 0]
 [5 0]]
2021-04-15 20:19:34.577984: I tensorflow/core/profiler/lib/profiler_session.cc:71] Profiler session collecting data.
2021-04-15 20:19:34.583684: I tensorflow/core/profiler/internal/gpu/cupti_tracer.cc:1487] CUPTI activity buffer flushed
2021-04-15 20:19:34.677813: I tensorflow/core/profiler/internal/gpu/cupti_collector.cc:228]  GpuTracer has collected 546 callback api events and 542 activity events. 
2021-04-15 20:19:34.698287: I tensorflow/core/profiler/lib/profiler_session.cc:172] Profiler session tear down.
[[14 1]
 [1 0]]
[[8 0]
 [7 1]]
[[8 5]
 [3 0]]
[[12 3]
 [1 0]]
[[11 3]
 [2 0]]
[[10 1]
 [4 1]]
[[12 1]
 [2 1]]
[[10 1]
 [5 0]]
[[9 3]
 [3 1]]
[[6 4]
 [5 1]]
[[10 1]
 [4 1]]
[[9 2]
 [5 0]]
[[5 2]
 [8 1]]
[[9 2]
 [4 1]]
[[7 3]
 [5 1]]
[[9 2]
 [3 2]]
[[9 5]
 [1 1]]
[[51 0]
 [24 0]]
Tensorflow Version: 2.4.0
Num GPUs Available:  2
-----------------------
Using module located at /main/models/conv/train2059.py
Using train_file located at ../../data/datasets/all_sw_coch_preprocessed_v2_param_v29_augm_v0_cleaned_8000.pkl
Using logs_path located at ../../cache/conv___04_2003___all_sw_coch_preprocessed_v2_param_v29_augm_v0_cleaned_8000___mixednet_sigm_lowerlr___2059/logs/
-----------------------
Collecting Variables...
Model Parameters: {'N_CLASSES': 1, 'SR': 8000, 'BATCH_SIZE': 16, 'LR': 0.0001, 'SHAPE': (6, 128, 1250), 'WEIGHT_DECAY': 0.001, 'LL2_REG': 0, 'EPSILON': 1e-07, 'LABEL_SMOOTHING': 0}
Learning Rate Parameters: {'factor': 0.75, 'patience': 6, 'min_lr': 1e-06}
Early Stopping Patience and Delta: 22, 1.0%
-----------------------
Original number of folders: 453
here
here
here
Actual number of folders: 379
Size of training set: 304
Size of validation set: 75
[[ 0 51]
 [ 1 24]]
Initializing weights...
weights = {0: 0.7018518518518518, 1: 1.738532110091743}
Model: "conv2d"
_________________________________________________________________
Layer (type)                 Output Shape              Param #   
=================================================================
input_1 (InputLayer)         [(None, 6, 128, 1250)]    0         
_________________________________________________________________
conv2d (Conv2D)              (None, 8, 128, 1250)      440       
_________________________________________________________________
mix_depth_group_convolution2 (None, 8, 128, 1250)      1080      
_________________________________________________________________
average_pooling2d (AveragePo (None, 8, 64, 625)        0         
_________________________________________________________________
batch_normalization (BatchNo (None, 8, 64, 625)        2500      
_________________________________________________________________
conv2d_1 (Conv2D)            (None, 16, 64, 625)       1168      
_________________________________________________________________
mix_depth_group_convolution2 (None, 16, 64, 625)       2160      
_________________________________________________________________
average_pooling2d_1 (Average (None, 16, 32, 313)       0         
_________________________________________________________________
batch_normalization_1 (Batch (None, 16, 32, 313)       1252      
_________________________________________________________________
conv2d_2 (Conv2D)            (None, 32, 32, 313)       4640      
_________________________________________________________________
mix_depth_group_convolution2 (None, 32, 32, 313)       4320      
_________________________________________________________________
average_pooling2d_2 (Average (None, 32, 16, 157)       0         
_________________________________________________________________
batch_normalization_2 (Batch (None, 32, 16, 157)       628       
_________________________________________________________________
conv2d_3 (Conv2D)            (None, 64, 16, 157)       18496     
_________________________________________________________________
mix_depth_group_convolution2 (None, 64, 16, 157)       8640      
_________________________________________________________________
average_pooling2d_3 (Average (None, 64, 8, 79)         0         
_________________________________________________________________
batch_normalization_3 (Batch (None, 64, 8, 79)         316       
_________________________________________________________________
conv2d_4 (Conv2D)            (None, 128, 8, 79)        73856     
_________________________________________________________________
mix_depth_group_convolution2 (None, 128, 8, 79)        17280     
_________________________________________________________________
average_pooling2d_4 (Average (None, 128, 4, 40)        0         
_________________________________________________________________
batch_normalization_4 (Batch (None, 128, 4, 40)        160       
_________________________________________________________________
global_average_pooling2d (Gl (None, 128)               0         
_________________________________________________________________
dense (Dense)                (None, 1)                 129       
=================================================================
Total params: 137,065
Trainable params: 134,637
Non-trainable params: 2,428
_________________________________________________________________
Epoch 1/40
19/19 - 28s - loss: 0.7096 - accuracy: 0.6316 - precision: 0.2353 - recall: 0.1412 - gen_confusion_matrix: 4.0000 - val_loss: 0.6920 - val_accuracy: 0.6800 - val_precision: 0.0000e+00 - val_recall: 0.0000e+00 - val_gen_confusion_matrix: 18.7500
[[7 6]
 [2 1]]
[[8 5]
 [0 3]]
[[9 2]
 [5 0]]
[[8 3]
 [1 4]]
[[6 4]
 [3 3]]
[[6 6]
 [2 2]]
[[3 8]
 [1 4]]
[[3 10]
 [1 2]]
[[8 4]
 [0 4]]
[[7 6]
 [2 1]]
[[10 1]
 [3 2]]
[[7 6]
 [3 0]]
[[10 2]
 [3 1]]
[[13 1]
 [1 1]]
[[12 0]
 [4 0]]
[[7 2]
 [6 1]]
[[8 0]
 [8 0]]
[[11 0]
 [4 1]]
[[9 1]
 [4 2]]
[[51 0]
 [24 0]]
Epoch 2/40
19/19 - 24s - loss: 0.6929 - accuracy: 0.6053 - precision: 0.3232 - recall: 0.3765 - gen_confusion_matrix: 4.0000 - val_loss: 0.6905 - val_accuracy: 0.6800 - val_precision: 0.0000e+00 - val_recall: 0.0000e+00 - val_gen_confusion_matrix: 18.7500
[[8 4]
 [3 1]]
[[9 3]
 [4 0]]
[[6 3]
 [5 2]]
[[9 5]
 [0 2]]
[[3 8]
 [2 3]]
[[5 11]
 [0 0]]
[[5 6]
 [3 2]]
[[4 9]
 [0 3]]
[[5 4]
 [4 3]]
[[8 5]
 [1 2]]
[[9 4]
 [3 0]]
[[8 3]
 [2 3]]
[[10 3]
 [3 0]]
[[7 2]
 [4 3]]
[[9 1]
 [4 2]]
[[7 4]
 [4 1]]
[[7 3]
 [3 3]]
[[7 4]
 [3 2]]
[[6 5]
 [3 2]]
[[51 0]
 [24 0]]
Epoch 3/40
19/19 - 23s - loss: 0.6830 - accuracy: 0.5461 - precision: 0.2810 - recall: 0.4000 - gen_confusion_matrix: 4.0000 - val_loss: 0.6890 - val_accuracy: 0.6800 - val_precision: 0.0000e+00 - val_recall: 0.0000e+00 - val_gen_confusion_matrix: 18.7500
[[5 7]
 [3 1]]
[[8 4]
 [2 2]]
[[8 2]
 [3 3]]
[[8 5]
 [2 1]]
[[5 8]
 [1 2]]
[[8 3]
 [2 3]]
[[8 3]
 [3 2]]
[[11 4]
 [0 1]]
[[7 3]
 [4 2]]
[[8 4]
 [2 2]]
[[8 1]
 [4 3]]
[[9 2]
 [4 1]]
[[10 3]
 [2 1]]
[[7 4]
 [3 2]]
[[7 4]
 [4 1]]
[[8 4]
 [3 1]]
[[8 3]
 [3 2]]
[[12 3]
 [1 0]]
[[7 0]
 [5 4]]
[[51 0]
 [24 0]]
Epoch 4/40
19/19 - 23s - loss: 0.6789 - accuracy: 0.6118 - precision: 0.3366 - recall: 0.4000 - gen_confusion_matrix: 4.0000 - val_loss: 0.6874 - val_accuracy: 0.6800 - val_precision: 0.0000e+00 - val_recall: 0.0000e+00 - val_gen_confusion_matrix: 18.7500
[[8 3]
 [4 1]]
[[10 2]
 [2 2]]
[[9 2]
 [3 2]]
[[11 1]
 [3 1]]
[[10 0]
 [2 4]]
[[9 4]
 [1 2]]
[[11 3]
 [1 1]]
[[13 1]
 [1 1]]
[[6 3]
 [4 3]]
[[10 1]
 [3 2]]
[[6 5]
 [2 3]]
[[8 3]
 [4 1]]
[[6 4]
 [3 3]]
[[9 3]
 [2 2]]
[[8 3]
 [3 2]]
[[9 3]
 [0 4]]
[[7 3]
 [3 3]]
[[8 4]
 [4 0]]
[[6 7]
 [2 1]]
[[51 0]
 [24 0]]
Epoch 5/40
19/19 - 24s - loss: 0.6768 - accuracy: 0.6645 - precision: 0.4086 - recall: 0.4471 - gen_confusion_matrix: 4.0000 - val_loss: 0.6861 - val_accuracy: 0.6800 - val_precision: 0.0000e+00 - val_recall: 0.0000e+00 - val_gen_confusion_matrix: 18.7500
[[3 9]
 [1 3]]
[[7 2]
 [3 4]]
[[5 7]
 [2 2]]
[[11 3]
 [0 2]]
[[7 5]
 [3 1]]
[[8 7]
 [1 0]]
[[9 3]
 [3 1]]
[[6 4]
 [4 2]]
[[9 1]
 [5 1]]
[[10 1]
 [4 1]]
[[9 0]
 [4 3]]
[[10 2]
 [2 2]]
[[12 2]
 [2 0]]
[[8 3]
 [3 2]]
[[9 2]
 [3 2]]
[[13 2]
 [1 0]]
[[11 1]
 [4 0]]
[[9 1]
 [3 3]]
[[4 4]
 [5 3]]
[[51 0]
 [24 0]]
Epoch 6/40
19/19 - 24s - loss: 0.6704 - accuracy: 0.6316 - precision: 0.3516 - recall: 0.3765 - gen_confusion_matrix: 4.0000 - val_loss: 0.6844 - val_accuracy: 0.6800 - val_precision: 0.0000e+00 - val_recall: 0.0000e+00 - val_gen_confusion_matrix: 18.7500
[[6 2]
 [6 2]]
[[12 1]
 [1 2]]
[[7 6]
 [0 3]]
[[8 1]
 [4 3]]
[[8 2]
 [3 3]]
[[4 7]
 [0 5]]
[[7 7]
 [0 2]]
[[5 7]
 [2 2]]
[[3 8]
 [0 5]]
[[5 6]
 [1 4]]
[[5 7]
 [2 2]]
[[3 6]
 [1 6]]
[[6 8]
 [0 2]]
[[6 6]
 [3 1]]
[[5 6]
 [1 4]]
[[3 7]
 [3 3]]
[[10 5]
 [0 1]]
[[9 3]
 [1 3]]
[[9 3]
 [2 2]]
[[51 0]
 [24 0]]
Epoch 7/40
19/19 - 24s - loss: 0.6679 - accuracy: 0.5789 - precision: 0.3595 - recall: 0.6471 - gen_confusion_matrix: 4.0000 - val_loss: 0.6829 - val_accuracy: 0.6800 - val_precision: 0.0000e+00 - val_recall: 0.0000e+00 - val_gen_confusion_matrix: 18.7500
[[10 2]
 [1 3]]
[[7 3]
 [3 3]]
[[11 2]
 [2 1]]
[[8 2]
 [3 3]]
[[12 1]
 [1 2]]
[[10 1]
 [4 1]]
[[8 2]
 [6 0]]
[[8 2]
 [5 1]]
[[11 2]
 [2 1]]
[[10 0]
 [3 3]]
[[13 1]
 [0 2]]
[[10 1]
 [4 1]]
[[12 2]
 [1 1]]
[[10 2]
 [4 0]]
[[10 2]
 [4 0]]
[[11 2]
 [1 2]]
[[10 1]
 [5 0]]
[[10 2]
 [3 1]]
[[6 2]
 [5 3]]
[[51 0]
 [24 0]]

Epoch 00007: ReduceLROnPlateau reducing learning rate to 7.499999810534064e-05.
Epoch 8/40
19/19 - 24s - loss: 0.6625 - accuracy: 0.7072 - precision: 0.4667 - recall: 0.3294 - gen_confusion_matrix: 4.0000 - val_loss: 0.6812 - val_accuracy: 0.6800 - val_precision: 0.0000e+00 - val_recall: 0.0000e+00 - val_gen_confusion_matrix: 18.7500
[[8 1]
 [4 3]]
[[9 1]
 [5 1]]
[[9 3]
 [1 3]]
[[8 2]
 [4 2]]
[[8 1]
 [3 4]]
[[6 4]
 [2 4]]
[[6 6]
 [3 1]]
[[5 7]
 [0 4]]
[[5 5]
 [1 5]]
[[5 7]
 [1 3]]
[[2 7]
 [3 4]]
[[8 5]
 [0 3]]
[[3 11]
 [0 2]]
[[5 8]
 [0 3]]
[[6 7]
 [1 2]]
[[5 10]
 [0 1]]
[[7 7]
 [1 1]]
[[6 2]
 [5 3]]
[[9 5]
 [1 1]]
[[51 0]
 [24 0]]
Epoch 9/40
19/19 - 24s - loss: 0.6738 - accuracy: 0.5592 - precision: 0.3356 - recall: 0.5882 - gen_confusion_matrix: 4.0000 - val_loss: 0.6798 - val_accuracy: 0.6800 - val_precision: 0.0000e+00 - val_recall: 0.0000e+00 - val_gen_confusion_matrix: 18.7500
[[6 6]
 [2 2]]
[[10 1]
 [2 3]]
[[10 2]
 [2 2]]
[[9 2]
 [4 1]]
[[11 2]
 [2 1]]
[[10 2]
 [3 1]]
[[11 1]
 [4 0]]
[[11 2]
 [3 0]]
[[10 1]
 [5 0]]
[[12 0]
 [4 0]]
[[7 0]
 [7 2]]
[[14 0]
 [1 1]]
[[11 2]
 [2 1]]
[[7 0]
 [9 0]]
[[8 0]
 [7 1]]
[[9 2]
 [5 0]]
[[11 2]
 [1 2]]
[[14 1]
 [0 1]]
[[11 1]
 [2 2]]
[[51 0]
 [24 0]]
Epoch 10/40
19/19 - 24s - loss: 0.6642 - accuracy: 0.6974 - precision: 0.4255 - recall: 0.2353 - gen_confusion_matrix: 4.0000 - val_loss: 0.6780 - val_accuracy: 0.6800 - val_precision: 0.0000e+00 - val_recall: 0.0000e+00 - val_gen_confusion_matrix: 18.7500
[[6 5]
 [3 2]]
[[7 4]
 [3 2]]
[[8 4]
 [1 3]]
[[7 1]
 [4 4]]
[[7 5]
 [2 2]]
[[11 4]
 [1 0]]
[[10 4]
 [1 1]]
[[5 4]
 [2 5]]
[[7 3]
 [4 2]]
[[7 5]
 [0 4]]
[[8 3]
 [2 3]]
[[7 4]
 [3 2]]
[[10 3]
 [0 3]]
[[7 8]
 [0 1]]
[[7 2]
 [2 5]]
[[5 7]
 [2 2]]
[[4 6]
 [1 5]]
[[8 3]
 [2 3]]
[[8 5]
 [1 2]]
[[51 0]
 [24 0]]
Epoch 11/40
19/19 - 24s - loss: 0.6531 - accuracy: 0.6250 - precision: 0.3893 - recall: 0.6000 - gen_confusion_matrix: 4.0000 - val_loss: 0.6761 - val_accuracy: 0.6800 - val_precision: 0.0000e+00 - val_recall: 0.0000e+00 - val_gen_confusion_matrix: 18.7500
[[5 5]
 [1 5]]
[[11 2]
 [1 2]]
[[8 4]
 [1 3]]
[[8 3]
 [3 2]]
[[11 3]
 [1 1]]
[[5 2]
 [5 4]]
[[10 4]
 [0 2]]
[[7 2]
 [3 4]]
[[11 4]
 [1 0]]
[[6 1]
 [5 4]]
[[8 4]
 [3 1]]
[[6 4]
 [3 3]]
[[9 4]
 [1 2]]
[[10 3]
 [3 0]]
[[9 4]
 [1 2]]
[[9 4]
 [1 2]]
[[10 3]
 [3 0]]
[[7 2]
 [5 2]]
[[10 1]
 [2 3]]
[[51 0]
 [24 0]]
Epoch 12/40
19/19 - 24s - loss: 0.6536 - accuracy: 0.6645 - precision: 0.4158 - recall: 0.4941 - gen_confusion_matrix: 4.0000 - val_loss: 0.6740 - val_accuracy: 0.6800 - val_precision: 0.0000e+00 - val_recall: 0.0000e+00 - val_gen_confusion_matrix: 18.7500
[[10 3]
 [1 2]]
[[7 3]
 [2 4]]
[[12 2]
 [1 1]]
[[11 2]
 [3 0]]
[[11 1]
 [3 1]]
[[11 2]
 [2 1]]
[[14 1]
 [1 0]]
[[8 0]
 [5 3]]
[[9 1]
 [5 1]]
[[10 1]
 [4 1]]
[[11 2]
 [2 1]]
[[10 1]
 [4 1]]
[[9 1]
 [5 1]]
[[8 0]
 [3 5]]
[[11 1]
 [2 2]]
[[10 2]
 [1 3]]
[[11 3]
 [1 1]]
[[9 3]
 [1 3]]
[[6 2]
 [4 4]]
[[51 0]
 [24 0]]
Epoch 13/40
19/19 - 23s - loss: 0.6540 - accuracy: 0.7336 - precision: 0.5303 - recall: 0.4118 - gen_confusion_matrix: 4.0000 - val_loss: 0.6724 - val_accuracy: 0.6800 - val_precision: 0.0000e+00 - val_recall: 0.0000e+00 - val_gen_confusion_matrix: 18.7500
[[11 2]
 [0 3]]
[[7 4]
 [2 3]]
[[9 6]
 [0 1]]
[[4 4]
 [3 5]]
[[9 5]
 [2 0]]
[[8 4]
 [3 1]]
[[7 5]
 [2 2]]
[[5 6]
 [1 4]]
[[10 1]
 [1 4]]
[[9 4]
 [1 2]]
[[7 5]
 [2 2]]
[[7 1]
 [3 5]]
[[7 5]
 [1 3]]
[[8 4]
 [2 2]]
[[8 3]
 [2 3]]
[[8 5]
 [2 1]]
[[8 2]
 [5 1]]
[[4 4]
 [3 5]]
[[10 3]
 [1 2]]
[[51 0]
 [24 0]]

Epoch 00013: ReduceLROnPlateau reducing learning rate to 5.6249997214763425e-05.
Epoch 14/40
19/19 - 24s - loss: 0.6493 - accuracy: 0.6414 - precision: 0.4016 - recall: 0.5765 - gen_confusion_matrix: 4.0000 - val_loss: 0.6704 - val_accuracy: 0.6800 - val_precision: 0.0000e+00 - val_recall: 0.0000e+00 - val_gen_confusion_matrix: 18.7500
[[9 4]
 [2 1]]
[[8 2]
 [1 5]]
[[7 4]
 [1 4]]
[[7 2]
 [2 5]]
[[7 5]
 [1 3]]
[[6 4]
 [3 3]]
[[8 3]
 [2 3]]
[[5 7]
 [3 1]]
[[8 5]
 [1 2]]
[[7 4]
 [2 3]]
[[5 4]
 [2 5]]
[[10 3]
 [1 2]]
[[8 3]
 [3 2]]
[[6 4]
 [3 3]]
[[8 6]
 [1 1]]
[[11 3]
 [1 1]]
[[10 2]
 [1 3]]
[[7 5]
 [2 2]]
[[10 2]
 [1 3]]
[[51 0]
 [24 0]]
Epoch 15/40
19/19 - 24s - loss: 0.6479 - accuracy: 0.6546 - precision: 0.4194 - recall: 0.6118 - gen_confusion_matrix: 4.0000 - val_loss: 0.6684 - val_accuracy: 0.6800 - val_precision: 0.0000e+00 - val_recall: 0.0000e+00 - val_gen_confusion_matrix: 18.7500
[[9 5]
 [2 0]]
[[5 8]
 [2 1]]
[[10 5]
 [1 0]]
[[5 3]
 [4 4]]
[[9 1]
 [5 1]]
[[9 3]
 [4 0]]
[[10 1]
 [3 2]]
[[11 1]
 [1 3]]
[[12 2]
 [2 0]]
[[12 2]
 [0 2]]
[[10 1]
 [4 1]]
[[11 0]
 [3 2]]
[[11 0]
 [4 1]]
[[11 0]
 [2 3]]
[[10 1]
 [3 2]]
[[10 2]
 [3 1]]
[[9 1]
 [4 2]]
[[7 2]
 [4 3]]
[[8 2]
 [5 1]]
[[51 0]
 [24 0]]
Epoch 16/40
19/19 - 24s - loss: 0.6572 - accuracy: 0.6842 - precision: 0.4203 - recall: 0.3412 - gen_confusion_matrix: 4.0000 - val_loss: 0.6659 - val_accuracy: 0.6800 - val_precision: 0.0000e+00 - val_recall: 0.0000e+00 - val_gen_confusion_matrix: 18.7500
[[8 4]
 [2 2]]
[[8 3]
 [1 4]]
[[9 5]
 [1 1]]
[[6 3]
 [3 4]]
[[7 4]
 [1 4]]
[[9 1]
 [3 3]]
[[10 4]
 [0 2]]
[[8 3]
 [2 3]]
[[6 6]
 [2 2]]
[[6 7]
 [0 3]]
[[4 7]
 [3 2]]
[[8 3]
 [1 4]]
[[9 1]
 [3 3]]
[[6 3]
 [1 6]]
[[5 8]
 [1 2]]
[[5 5]
 [4 2]]
[[10 5]
 [0 1]]
[[5 7]
 [3 1]]
[[8 3]
 [3 2]]
[[51 0]
 [24 0]]
Epoch 17/40
19/19 - 23s - loss: 0.6483 - accuracy: 0.6184 - precision: 0.3835 - recall: 0.6000 - gen_confusion_matrix: 4.0000 - val_loss: 0.6640 - val_accuracy: 0.6800 - val_precision: 0.0000e+00 - val_recall: 0.0000e+00 - val_gen_confusion_matrix: 18.7500
[[9 5]
 [0 2]]
[[7 3]
 [3 3]]
[[9 4]
 [1 2]]
[[8 2]
 [0 6]]
[[7 3]
 [3 3]]
[[7 4]
 [3 2]]
[[8 3]
 [4 1]]
[[6 8]
 [2 0]]
[[9 4]
 [2 1]]
[[10 3]
 [1 2]]
[[11 2]
 [1 2]]
[[7 4]
 [3 2]]
[[7 2]
 [3 4]]
[[9 0]
 [3 4]]
[[13 0]
 [1 2]]
[[8 2]
 [4 2]]
[[12 2]
 [2 0]]
[[10 1]
 [3 2]]
[[10 0]
 [2 4]]
[[51 0]
 [24 0]]
Epoch 18/40
19/19 - 24s - loss: 0.6404 - accuracy: 0.6941 - precision: 0.4583 - recall: 0.5176 - gen_confusion_matrix: 4.0000 - val_loss: 0.6618 - val_accuracy: 0.6800 - val_precision: 0.0000e+00 - val_recall: 0.0000e+00 - val_gen_confusion_matrix: 18.7500
[[10 2]
 [0 4]]
[[10 2]
 [2 2]]
[[8 4]
 [2 2]]
[[10 1]
 [2 3]]
[[10 2]
 [3 1]]
[[10 0]
 [2 4]]
[[11 1]
 [1 3]]
[[10 0]
 [1 5]]
[[5 4]
 [3 4]]
[[10 2]
 [2 2]]
[[8 6]
 [2 0]]
[[9 5]
 [1 1]]
[[6 4]
 [4 2]]
[[8 4]
 [2 2]]
[[8 2]
 [2 4]]
[[7 3]
 [3 3]]
[[12 1]
 [2 1]]
[[10 2]
 [0 4]]
[[6 6]
 [2 2]]
[[51 0]
 [24 0]]
Epoch 19/40
19/19 - 23s - loss: 0.6386 - accuracy: 0.7138 - precision: 0.4900 - recall: 0.5765 - gen_confusion_matrix: 4.0000 - val_loss: 0.6600 - val_accuracy: 0.6800 - val_precision: 0.0000e+00 - val_recall: 0.0000e+00 - val_gen_confusion_matrix: 18.7500
[[8 5]
 [1 2]]
[[9 1]
 [2 4]]
[[8 3]
 [1 4]]
[[6 3]
 [4 3]]
[[8 4]
 [3 1]]
[[7 3]
 [1 5]]
[[8 5]
 [1 2]]
[[6 6]
 [2 2]]
[[7 4]
 [3 2]]
[[7 3]
 [4 2]]
[[9 5]
 [1 1]]
[[9 5]
 [1 1]]
[[6 5]
 [3 2]]
[[7 3]
 [3 3]]
[[9 3]
 [2 2]]
[[10 1]
 [1 4]]
[[7 5]
 [1 3]]
[[8 2]
 [2 4]]
[[9 5]
 [0 2]]
[[51 0]
 [24 0]]

Epoch 00019: ReduceLROnPlateau reducing learning rate to 4.218749927531462e-05.
Epoch 20/40
19/19 - 23s - loss: 0.6396 - accuracy: 0.6480 - precision: 0.4083 - recall: 0.5765 - gen_confusion_matrix: 4.0000 - val_loss: 0.6576 - val_accuracy: 0.6800 - val_precision: 0.0000e+00 - val_recall: 0.0000e+00 - val_gen_confusion_matrix: 18.7500
[[9 5]
 [1 1]]
[[9 4]
 [1 2]]
[[8 2]
 [1 5]]
[[11 3]
 [1 1]]
[[8 3]
 [3 2]]
[[10 2]
 [4 0]]
[[9 3]
 [3 1]]
[[11 0]
 [1 4]]
[[10 1]
 [3 2]]
[[9 1]
 [3 3]]
[[11 1]
 [1 3]]
[[10 3]
 [2 1]]
[[7 2]
 [4 3]]
[[9 1]
 [4 2]]
[[9 2]
 [2 3]]
[[9 0]
 [5 2]]
[[9 5]
 [1 1]]
[[10 2]
 [2 2]]
[[9 2]
 [2 3]]
[[51 0]
 [24 0]]
Epoch 21/40
19/19 - 23s - loss: 0.6385 - accuracy: 0.7171 - precision: 0.4940 - recall: 0.4824 - gen_confusion_matrix: 4.0000 - val_loss: 0.6555 - val_accuracy: 0.6800 - val_precision: 0.0000e+00 - val_recall: 0.0000e+00 - val_gen_confusion_matrix: 18.7500
[[8 4]
 [2 2]]
[[10 2]
 [2 2]]
[[10 2]
 [2 2]]
[[11 3]
 [1 1]]
[[7 4]
 [1 4]]
[[7 5]
 [2 2]]
[[4 3]
 [5 4]]
[[8 2]
 [2 4]]
[[8 3]
 [2 3]]
[[11 0]
 [3 2]]
[[8 7]
 [0 1]]
[[7 4]
 [3 2]]
[[8 0]
 [3 5]]
[[9 5]
 [0 2]]
[[8 4]
 [2 2]]
[[6 4]
 [1 5]]
[[8 2]
 [2 4]]
[[8 6]
 [1 1]]
[[9 4]
 [1 2]]
[[51 0]
 [24 0]]
Epoch 22/40
19/19 - 23s - loss: 0.6308 - accuracy: 0.6743 - precision: 0.4386 - recall: 0.5882 - gen_confusion_matrix: 4.0000 - val_loss: 0.6533 - val_accuracy: 0.6800 - val_precision: 0.0000e+00 - val_recall: 0.0000e+00 - val_gen_confusion_matrix: 18.7500
[[8 3]
 [1 4]]
[[9 2]
 [0 5]]
[[9 2]
 [2 3]]
[[7 3]
 [3 3]]
[[8 3]
 [1 4]]
[[4 8]
 [1 3]]
[[9 4]
 [1 2]]
[[7 3]
 [3 3]]
[[9 4]
 [0 3]]
[[9 4]
 [0 3]]
[[6 5]
 [3 2]]
[[10 4]
 [1 1]]
[[9 1]
 [3 3]]
[[8 5]
 [0 3]]
[[8 5]
 [2 1]]
[[10 3]
 [2 1]]
[[6 3]
 [5 2]]
[[6 2]
 [6 2]]
[[9 4]
 [1 2]]
[[51 0]
 [24 0]]
Epoch 23/40
19/19 - 23s - loss: 0.6394 - accuracy: 0.6612 - precision: 0.4237 - recall: 0.5882 - gen_confusion_matrix: 4.0000 - val_loss: 0.6503 - val_accuracy: 0.6800 - val_precision: 0.0000e+00 - val_recall: 0.0000e+00 - val_gen_confusion_matrix: 18.7500
[[7 4]
 [3 2]]
2021-04-15 20:28:38.104472: I tensorflow/core/profiler/lib/profiler_session.cc:136] Profiler session initializing.
2021-04-15 20:28:38.104531: I tensorflow/core/profiler/lib/profiler_session.cc:155] Profiler session started.
[[5 1]
 [4 6]]
2021-04-15 20:28:39.719103: I tensorflow/core/profiler/lib/profiler_session.cc:71] Profiler session collecting data.
2021-04-15 20:28:39.725578: I tensorflow/core/profiler/internal/gpu/cupti_tracer.cc:1487] CUPTI activity buffer flushed
2021-04-15 20:28:39.922920: I tensorflow/core/profiler/internal/gpu/cupti_collector.cc:228]  GpuTracer has collected 546 callback api events and 542 activity events. 
2021-04-15 20:28:39.978769: I tensorflow/core/profiler/lib/profiler_session.cc:172] Profiler session tear down.
[[6 7]
 [2 1]]
[[8 2]
 [3 3]]
[[9 2]
 [1 4]]
[[8 4]
 [3 1]]
[[11 1]
 [1 3]]
[[8 3]
 [2 3]]
[[7 4]
 [2 3]]
[[9 5]
 [0 2]]
[[8 4]
 [1 3]]
[[12 3]
 [1 0]]
[[10 3]
 [0 3]]
[[8 4]
 [1 3]]
[[11 1]
 [3 1]]
[[8 0]
 [2 6]]
[[10 4]
 [0 2]]
[[9 2]
 [3 2]]
[[9 2]
 [3 2]]
[[51 0]
 [24 0]]
Epoch 00023: early stopping
Epoch 1/40
19/19 - 23s - loss: 0.6282 - accuracy: 0.7007 - precision: 0.4717 - recall: 0.5882 - gen_confusion_matrix: 4.0000 - val_loss: 0.6483 - val_accuracy: 0.6800 - val_precision: 0.0000e+00 - val_recall: 0.0000e+00 - val_gen_confusion_matrix: 18.7500
[[8 4]
 [3 1]]
[[6 3]
 [5 2]]
[[7 3]
 [2 4]]
[[10 2]
 [1 3]]
[[7 3]
 [3 3]]
[[10 2]
 [0 4]]
[[8 1]
 [5 2]]
[[7 3]
 [4 2]]
[[8 4]
 [1 3]]
[[8 4]
 [2 2]]
[[7 6]
 [1 2]]
[[10 3]
 [1 2]]
[[7 5]
 [3 1]]
[[10 2]
 [1 3]]
[[7 5]
 [1 3]]
[[10 5]
 [0 1]]
[[7 2]
 [4 3]]
[[10 3]
 [1 2]]
[[8 4]
 [2 2]]
[[51 0]
 [24 0]]
Epoch 2/40
19/19 - 23s - loss: 0.6379 - accuracy: 0.6579 - precision: 0.4128 - recall: 0.5294 - gen_confusion_matrix: 4.0000 - val_loss: 0.6471 - val_accuracy: 0.6800 - val_precision: 0.0000e+00 - val_recall: 0.0000e+00 - val_gen_confusion_matrix: 18.7500
[[7 3]
 [3 3]]
[[12 0]
 [1 3]]
[[7 3]
 [4 2]]
[[7 3]
 [2 4]]
[[9 4]
 [2 1]]
[[15 1]
 [0 0]]
[[12 3]
 [0 1]]
[[9 1]
 [2 4]]
[[9 0]
 [3 4]]
[[11 3]
 [1 1]]
[[9 1]
 [4 2]]
[[6 3]
 [5 2]]
[[8 2]
 [4 2]]
[[6 3]
 [3 4]]
[[11 2]
 [1 2]]
[[10 3]
 [1 2]]
[[12 2]
 [1 1]]
[[7 2]
 [2 5]]
[[10 3]
 [2 1]]
[[51 0]
 [24 0]]
Epoch 3/40
19/19 - 23s - loss: 0.6284 - accuracy: 0.7270 - precision: 0.5116 - recall: 0.5176 - gen_confusion_matrix: 4.0000 - val_loss: 0.6454 - val_accuracy: 0.6800 - val_precision: 0.0000e+00 - val_recall: 0.0000e+00 - val_gen_confusion_matrix: 18.7500
[[10 4]
 [1 1]]
[[10 2]
 [3 1]]
[[7 5]
 [2 2]]
[[11 2]
 [2 1]]
[[6 2]
 [3 5]]
[[11 2]
 [0 3]]
[[6 2]
 [4 4]]
[[10 0]
 [2 4]]
[[9 3]
 [2 2]]
[[8 5]
 [2 1]]
[[13 1]
 [0 2]]
[[6 2]
 [5 3]]
[[10 4]
 [1 1]]
[[10 4]
 [1 1]]
[[11 3]
 [0 2]]
[[7 5]
 [3 1]]
[[7 2]
 [3 4]]
[[8 2]
 [4 2]]
[[8 1]
 [2 5]]
[[51 0]
 [24 0]]
Epoch 4/40
19/19 - 23s - loss: 0.6272 - accuracy: 0.7007 - precision: 0.4688 - recall: 0.5294 - gen_confusion_matrix: 4.0000 - val_loss: 0.6442 - val_accuracy: 0.6800 - val_precision: 0.0000e+00 - val_recall: 0.0000e+00 - val_gen_confusion_matrix: 18.7500
[[9 3]
 [2 2]]
[[9 0]
 [1 6]]
[[10 4]
 [0 2]]
[[8 6]
 [1 1]]
[[7 3]
 [5 1]]
[[7 4]
 [2 3]]
[[8 2]
 [3 3]]
[[11 4]
 [1 0]]
[[9 2]
 [1 4]]
[[10 3]
 [1 2]]
[[7 5]
 [3 1]]
[[8 2]
 [3 3]]
[[7 6]
 [2 1]]
[[8 3]
 [2 3]]
[[6 3]
 [2 5]]
[[11 1]
 [1 3]]
[[6 3]
 [4 3]]
[[10 1]
 [2 3]]
[[7 6]
 [0 3]]
[[51 0]
 [24 0]]
Epoch 5/40
19/19 - 23s - loss: 0.6360 - accuracy: 0.6809 - precision: 0.4455 - recall: 0.5765 - gen_confusion_matrix: 4.0000 - val_loss: 0.6446 - val_accuracy: 0.6800 - val_precision: 0.0000e+00 - val_recall: 0.0000e+00 - val_gen_confusion_matrix: 18.7500
[[8 5]
 [1 2]]
[[8 3]
 [1 4]]
[[9 3]
 [2 2]]
[[8 2]
 [0 6]]
[[10 4]
 [2 0]]
[[6 1]
 [4 5]]
[[9 3]
 [2 2]]
[[7 4]
 [2 3]]
[[8 5]
 [1 2]]
[[5 2]
 [6 3]]
[[10 2]
 [1 3]]
[[12 1]
 [2 1]]
[[8 4]
 [1 3]]
[[11 3]
 [2 0]]
[[8 6]
 [2 0]]
[[8 1]
 [3 4]]
[[8 2]
 [2 4]]
[[7 7]
 [0 2]]
[[9 2]
 [1 4]]
[[50 1]
 [24 0]]
Epoch 6/40
19/19 - 23s - loss: 0.6302 - accuracy: 0.6875 - precision: 0.4545 - recall: 0.5882 - gen_confusion_matrix: 4.0000 - val_loss: 0.6458 - val_accuracy: 0.6667 - val_precision: 0.0000e+00 - val_recall: 0.0000e+00 - val_gen_confusion_matrix: 18.7500
[[10 3]
 [0 3]]
[[6 0]
 [4 6]]
[[9 4]
 [0 3]]
[[10 1]
 [1 4]]
[[9 2]
 [3 2]]
[[5 5]
 [3 3]]
[[9 3]
 [1 3]]
[[14 1]
 [0 1]]
[[7 6]
 [2 1]]
[[11 4]
 [0 1]]
[[9 1]
 [1 5]]
[[9 3]
 [3 1]]
[[8 3]
 [2 3]]
[[7 3]
 [4 2]]
[[10 3]
 [1 2]]
[[6 5]
 [3 2]]
[[7 3]
 [5 1]]
[[8 3]
 [1 4]]
[[8 4]
 [4 0]]
[[49 2]
 [24 0]]
Epoch 7/40
19/19 - 23s - loss: 0.6342 - accuracy: 0.6875 - precision: 0.4519 - recall: 0.5529 - gen_confusion_matrix: 4.0000 - val_loss: 0.6436 - val_accuracy: 0.6533 - val_precision: 0.0000e+00 - val_recall: 0.0000e+00 - val_gen_confusion_matrix: 18.7500
[[6 5]
 [3 2]]
[[9 2]
 [1 4]]
[[11 0]
 [1 4]]
[[10 0]
 [2 4]]
[[10 3]
 [1 2]]
[[5 3]
 [4 4]]
[[7 4]
 [1 4]]
[[10 2]
 [1 3]]
[[10 4]
 [0 2]]
[[10 2]
 [1 3]]
[[10 4]
 [1 1]]
[[8 2]
 [5 1]]
[[4 4]
 [5 3]]
[[9 2]
 [2 3]]
[[9 4]
 [2 1]]
[[10 4]
 [2 0]]
[[11 0]
 [2 3]]
[[8 5]
 [0 3]]
[[9 3]
 [1 3]]
[[49 2]
 [24 0]]

Epoch 00007: ReduceLROnPlateau reducing learning rate to 3.164062582072802e-05.
Epoch 8/40
19/19 - 23s - loss: 0.6188 - accuracy: 0.7105 - precision: 0.4854 - recall: 0.5882 - gen_confusion_matrix: 4.0000 - val_loss: 0.6455 - val_accuracy: 0.6533 - val_precision: 0.0000e+00 - val_recall: 0.0000e+00 - val_gen_confusion_matrix: 18.7500
[[8 1]
 [5 2]]
[[9 3]
 [1 3]]
[[12 0]
 [1 3]]
[[11 1]
 [2 2]]
[[11 2]
 [1 2]]
[[7 4]
 [3 2]]
[[11 4]
 [0 1]]
[[9 4]
 [3 0]]
[[10 0]
 [1 5]]
[[10 1]
 [4 1]]
[[11 2]
 [1 2]]
[[8 1]
 [4 3]]
[[10 3]
 [3 0]]
[[10 3]
 [1 2]]
[[8 2]
 [2 4]]
[[10 2]
 [1 3]]
[[8 1]
 [3 4]]
[[9 3]
 [3 1]]
[[8 2]
 [3 3]]
[[49 2]
 [24 0]]
Epoch 9/40
19/19 - 23s - loss: 0.6202 - accuracy: 0.7336 - precision: 0.5244 - recall: 0.5059 - gen_confusion_matrix: 4.0000 - val_loss: 0.6454 - val_accuracy: 0.6533 - val_precision: 0.0000e+00 - val_recall: 0.0000e+00 - val_gen_confusion_matrix: 18.7500
[[13 0]
 [3 0]]
[[8 2]
 [3 3]]
[[7 1]
 [3 5]]
[[10 3]
 [2 1]]
[[9 1]
 [2 4]]
[[6 4]
 [3 3]]
[[8 5]
 [0 3]]
[[6 5]
 [3 2]]
[[4 2]
 [5 5]]
[[11 2]
 [0 3]]
[[10 5]
 [1 0]]
[[6 2]
 [3 5]]
[[9 5]
 [1 1]]
[[7 7]
 [1 1]]
[[6 6]
 [0 4]]
[[9 4]
 [1 2]]
[[5 5]
 [3 3]]
[[7 6]
 [1 2]]
[[8 5]
 [1 2]]
[[48 3]
 [24 0]]
Epoch 10/40
19/19 - 23s - loss: 0.6290 - accuracy: 0.6513 - precision: 0.4118 - recall: 0.5765 - gen_confusion_matrix: 4.0000 - val_loss: 0.6522 - val_accuracy: 0.6400 - val_precision: 0.0000e+00 - val_recall: 0.0000e+00 - val_gen_confusion_matrix: 18.7500
[[7 4]
 [2 3]]
[[9 5]
 [1 1]]
[[7 2]
 [3 4]]
[[6 5]
 [3 2]]
[[8 4]
 [1 3]]
[[9 2]
 [3 2]]
[[8 3]
 [2 3]]
[[12 1]
 [0 3]]
[[10 2]
 [1 3]]
[[11 1]
 [1 3]]
[[7 2]
 [2 5]]
[[7 5]
 [2 2]]
[[9 3]
 [1 3]]
[[8 4]
 [3 1]]
[[9 1]
 [3 3]]
[[10 3]
 [2 1]]
[[10 3]
 [1 2]]
[[11 1]
 [0 4]]
[[9 1]
 [2 4]]
[[48 3]
 [24 0]]
Epoch 11/40
19/19 - 23s - loss: 0.6193 - accuracy: 0.7204 - precision: 0.5000 - recall: 0.6118 - gen_confusion_matrix: 4.0000 - val_loss: 0.6502 - val_accuracy: 0.6400 - val_precision: 0.0000e+00 - val_recall: 0.0000e+00 - val_gen_confusion_matrix: 18.7500
[[9 2]
 [3 2]]
[[7 3]
 [2 4]]
[[7 3]
 [3 3]]
[[11 1]
 [3 1]]
[[8 5]
 [1 2]]
[[8 2]
 [0 6]]
[[9 6]
 [1 0]]
[[10 2]
 [2 2]]
[[7 6]
 [2 1]]
[[7 4]
 [4 1]]
[[10 3]
 [0 3]]
[[8 2]
 [3 3]]
[[10 3]
 [2 1]]
[[10 1]
 [1 4]]
[[9 0]
 [2 5]]
[[10 2]
 [2 2]]
[[9 1]
 [3 3]]
[[13 1]
 [1 1]]
[[9 1]
 [2 4]]
[[48 3]
 [22 2]]
Epoch 12/40
19/19 - 23s - loss: 0.6197 - accuracy: 0.7204 - precision: 0.5000 - recall: 0.5647 - gen_confusion_matrix: 4.0000 - val_loss: 0.6532 - val_accuracy: 0.6667 - val_precision: 0.4000 - val_recall: 0.0833 - val_gen_confusion_matrix: 18.7500
[[9 2]
 [2 3]]
[[11 1]
 [2 2]]
[[8 2]
 [2 4]]
[[8 3]
 [1 4]]
[[9 4]
 [1 2]]
[[8 2]
 [2 4]]
[[4 5]
 [4 3]]
[[9 1]
 [3 3]]
[[8 5]
 [1 2]]
[[7 3]
 [4 2]]
[[6 4]
 [3 3]]
[[8 7]
 [1 0]]
[[9 4]
 [1 2]]
[[8 4]
 [0 4]]
[[7 5]
 [1 3]]
[[8 3]
 [1 4]]
[[9 2]
 [1 4]]
[[9 6]
 [0 1]]
[[7 4]
 [3 2]]
[[45 6]
 [21 3]]
Epoch 13/40
19/19 - 23s - loss: 0.6161 - accuracy: 0.6711 - precision: 0.4370 - recall: 0.6118 - gen_confusion_matrix: 4.0000 - val_loss: 0.6601 - val_accuracy: 0.6400 - val_precision: 0.3333 - val_recall: 0.1250 - val_gen_confusion_matrix: 18.7500
[[7 6]
 [1 2]]
[[7 6]
 [0 3]]
[[10 2]
 [2 2]]
[[11 2]
 [2 1]]
[[9 4]
 [2 1]]
[[9 3]
 [4 0]]
[[10 2]
 [3 1]]
[[13 0]
 [0 3]]
[[12 3]
 [0 1]]
[[8 2]
 [5 1]]
[[7 1]
 [4 4]]
[[12 0]
 [2 2]]
[[8 1]
 [5 2]]
[[9 2]
 [1 4]]
[[9 0]
 [5 2]]
[[11 1]
 [2 2]]
[[11 0]
 [2 3]]
[[9 1]
 [2 4]]
[[9 2]
 [4 1]]
[[47 4]
 [21 3]]

Epoch 00013: ReduceLROnPlateau reducing learning rate to 2.3730469365546014e-05.
Epoch 14/40
19/19 - 23s - loss: 0.6293 - accuracy: 0.7237 - precision: 0.5065 - recall: 0.4588 - gen_confusion_matrix: 4.0000 - val_loss: 0.6559 - val_accuracy: 0.6667 - val_precision: 0.4286 - val_recall: 0.1250 - val_gen_confusion_matrix: 18.7500
[[11 3]
 [2 0]]
[[11 2]
 [0 3]]
[[10 3]
 [3 0]]
[[10 3]
 [1 2]]
[[10 1]
 [0 5]]
[[6 4]
 [3 3]]
[[10 0]
 [1 5]]
[[9 0]
 [3 4]]
[[10 2]
 [3 1]]
[[9 2]
 [2 3]]
[[7 2]
 [2 5]]
[[10 2]
 [2 2]]
[[9 2]
 [3 2]]
[[7 3]
 [4 2]]
[[12 2]
 [0 2]]
[[6 6]
 [3 1]]
[[10 3]
 [1 2]]
[[11 3]
 [0 2]]
[[8 0]
 [1 7]]
[[44 7]
 [18 6]]
Epoch 15/40
19/19 - 23s - loss: 0.6163 - accuracy: 0.7467 - precision: 0.5426 - recall: 0.6000 - gen_confusion_matrix: 4.0000 - val_loss: 0.6703 - val_accuracy: 0.6667 - val_precision: 0.4615 - val_recall: 0.2500 - val_gen_confusion_matrix: 18.7500
[[8 5]
 [1 2]]
[[9 4]
 [0 3]]
[[12 2]
 [0 2]]
[[8 2]
 [1 5]]
[[7 7]
 [2 0]]
[[10 2]
 [3 1]]
[[9 1]
 [1 5]]
[[11 1]
 [1 3]]
[[8 2]
 [2 4]]
[[6 5]
 [4 1]]
[[8 3]
 [3 2]]
[[8 1]
 [4 3]]
[[10 4]
 [1 1]]
[[8 4]
 [1 3]]
[[9 2]
 [2 3]]
[[7 4]
 [3 2]]
[[9 2]
 [4 1]]
[[10 1]
 [2 3]]
[[8 2]
 [2 4]]
[[44 7]
 [19 5]]
Epoch 16/40
19/19 - 23s - loss: 0.6217 - accuracy: 0.7007 - precision: 0.4706 - recall: 0.5647 - gen_confusion_matrix: 4.0000 - val_loss: 0.6697 - val_accuracy: 0.6533 - val_precision: 0.4167 - val_recall: 0.2083 - val_gen_confusion_matrix: 18.7500
[[8 3]
 [2 3]]
[[12 1]
 [2 1]]
[[11 3]
 [1 1]]
[[8 2]
 [2 4]]
[[13 0]
 [1 2]]
[[8 1]
 [3 4]]
[[8 3]
 [4 1]]
[[7 6]
 [2 1]]
[[9 5]
 [2 0]]
[[8 4]
 [2 2]]
[[7 2]
 [0 7]]
[[9 2]
 [2 3]]
[[10 1]
 [2 3]]
[[9 1]
 [2 4]]
[[11 2]
 [1 2]]
[[8 4]
 [2 2]]
[[9 2]
 [1 4]]
[[10 2]
 [1 3]]
[[7 3]
 [2 4]]
[[43 8]
 [18 6]]
Epoch 17/40
19/19 - 23s - loss: 0.6076 - accuracy: 0.7336 - precision: 0.5204 - recall: 0.6000 - gen_confusion_matrix: 4.0000 - val_loss: 0.6762 - val_accuracy: 0.6533 - val_precision: 0.4286 - val_recall: 0.2500 - val_gen_confusion_matrix: 18.7500
[[8 2]
 [2 4]]
[[9 3]
 [0 4]]
[[6 3]
 [2 5]]
[[9 2]
 [2 3]]
[[10 1]
 [2 3]]
[[9 1]
 [1 5]]
[[7 1]
 [3 5]]
[[9 7]
 [0 0]]
[[12 3]
 [0 1]]
[[7 3]
 [3 3]]
[[9 4]
 [0 3]]
[[3 4]
 [6 3]]
[[13 2]
 [1 0]]
[[7 3]
 [3 3]]
[[7 5]
 [0 4]]
[[10 4]
 [1 1]]
[[9 4]
 [0 3]]
[[7 3]
 [3 3]]
[[8 5]
 [0 3]]
[[42 9]
 [17 7]]
Epoch 18/40
19/19 - 23s - loss: 0.6107 - accuracy: 0.7072 - precision: 0.4828 - recall: 0.6588 - gen_confusion_matrix: 4.0000 - val_loss: 0.6844 - val_accuracy: 0.6533 - val_precision: 0.4375 - val_recall: 0.2917 - val_gen_confusion_matrix: 18.7500
[[9 4]
 [2 1]]
[[5 3]
 [3 5]]
[[7 2]
 [2 5]]
[[9 3]
 [2 2]]
[[9 6]
 [0 1]]
[[12 4]
 [0 0]]
[[7 2]
 [2 5]]
[[6 3]
 [0 7]]
[[10 3]
 [1 2]]
[[11 1]
 [1 3]]
[[10 1]
 [3 2]]
[[6 4]
 [2 4]]
[[7 0]
 [4 5]]
[[9 1]
 [0 6]]
[[10 1]
 [3 2]]
[[10 4]
 [1 1]]
[[8 4]
 [1 3]]
[[9 6]
 [1 0]]
[[12 1]
 [1 2]]
[[42 9]
 [18 6]]
Epoch 19/40
19/19 - 23s - loss: 0.6154 - accuracy: 0.7303 - precision: 0.5138 - recall: 0.6588 - gen_confusion_matrix: 4.0000 - val_loss: 0.6815 - val_accuracy: 0.6400 - val_precision: 0.4000 - val_recall: 0.2500 - val_gen_confusion_matrix: 18.7500
[[7 3]
 [2 4]]
[[10 2]
 [0 4]]
[[10 2]
 [1 3]]
[[13 0]
 [1 2]]
[[13 0]
 [1 2]]
[[9 3]
 [1 3]]
[[7 2]
 [2 5]]
[[7 2]
 [3 4]]
[[6 4]
 [1 5]]
[[10 3]
 [3 0]]
[[8 2]
 [4 2]]
[[8 2]
 [2 4]]
[[7 4]
 [3 2]]
[[7 3]
 [2 4]]
[[4 6]
 [2 4]]
[[11 3]
 [0 2]]
[[10 5]
 [0 1]]
[[10 4]
 [1 1]]
[[11 1]
 [2 2]]
[[42 9]
 [16 8]]

Epoch 00019: ReduceLROnPlateau reducing learning rate to 1.7797852706280537e-05.
Epoch 20/40
19/19 - 23s - loss: 0.6135 - accuracy: 0.7303 - precision: 0.5143 - recall: 0.6353 - gen_confusion_matrix: 4.0000 - val_loss: 0.6878 - val_accuracy: 0.6667 - val_precision: 0.4706 - val_recall: 0.3333 - val_gen_confusion_matrix: 18.7500
[[6 3]
 [3 4]]
[[10 1]
 [0 5]]
[[9 5]
 [0 2]]
[[6 5]
 [2 3]]
[[8 1]
 [1 6]]
[[10 3]
 [1 2]]
[[7 5]
 [3 1]]
[[7 1]
 [2 6]]
[[10 3]
 [1 2]]
[[8 2]
 [4 2]]
[[10 3]
 [2 1]]
[[5 3]
 [4 4]]
[[11 0]
 [0 5]]
[[11 3]
 [1 1]]
[[10 4]
 [0 2]]
[[10 2]
 [3 1]]
[[10 2]
 [2 2]]
[[9 4]
 [3 0]]
[[8 4]
 [1 3]]
[[40 11]
 [16 8]]
Epoch 21/40
19/19 - 23s - loss: 0.6109 - accuracy: 0.7138 - precision: 0.4906 - recall: 0.6118 - gen_confusion_matrix: 4.0000 - val_loss: 0.6898 - val_accuracy: 0.6400 - val_precision: 0.4211 - val_recall: 0.3333 - val_gen_confusion_matrix: 18.7500
[[7 5]
 [1 3]]
[[6 4]
 [3 3]]
[[8 2]
 [2 4]]
[[11 2]
 [3 0]]
[[10 1]
 [1 4]]
[[11 1]
 [0 4]]
[[8 5]
 [1 2]]
[[7 3]
 [3 3]]
[[8 2]
 [2 4]]
[[6 4]
 [4 2]]
[[16]]
[[9 1]
 [2 4]]
[[7 3]
 [3 3]]
[[10 3]
 [1 2]]
[[9 1]
 [3 3]]
[[9 3]
 [1 3]]
[[10 4]
 [0 2]]
[[10 3]
 [1 2]]
[[8 2]
 [2 4]]
[[40 11]
 [16 8]]
Epoch 22/40
19/19 - 23s - loss: 0.6085 - accuracy: 0.7303 - precision: 0.5149 - recall: 0.6118 - gen_confusion_matrix: 4.1644 - val_loss: 0.6908 - val_accuracy: 0.6400 - val_precision: 0.4211 - val_recall: 0.3333 - val_gen_confusion_matrix: 18.7500
[[9 2]
 [3 2]]
[[10 2]
 [2 2]]
[[10 0]
 [2 4]]
[[7 5]
 [2 2]]
[[6 4]
 [1 5]]
[[10 3]
 [2 1]]
[[9 4]
 [1 2]]
[[7 2]
 [4 3]]
[[12 1]
 [1 2]]
[[12 0]
 [1 3]]
[[9 2]
 [3 2]]
[[7 2]
 [3 4]]
[[8 4]
 [3 1]]
[[7 1]
 [4 4]]
[[8 4]
 [1 3]]
[[11 0]
 [2 3]]
[[9 5]
 [0 2]]
[[11 2]
 [0 3]]
[[11 3]
 [0 2]]
[[40 11]
 [15 9]]
Epoch 23/40
19/19 - 23s - loss: 0.6127 - accuracy: 0.7336 - precision: 0.5208 - recall: 0.5882 - gen_confusion_matrix: 4.0000 - val_loss: 0.7002 - val_accuracy: 0.6533 - val_precision: 0.4500 - val_recall: 0.3750 - val_gen_confusion_matrix: 18.7500
Epoch 00023: early stopping

 See logs at ../../cache/conv___04_2003___all_sw_coch_preprocessed_v2_param_v29_augm_v0_cleaned_8000___mixednet_sigm_lowerlr___2059/logs/