Category:  coch
Dataset:  all_sw_coch_preprocessed_v2_param_v29_augm_v0_cleaned_8000.pkl
File:  conv.train2078
Description:  mod9_sorted_postshuffle
2021-04-24 15:44:51.425584: I tensorflow/stream_executor/platform/default/dso_loader.cc:49] Successfully opened dynamic library libcudart.so.11.0
2021-04-24 15:44:53.389542: I tensorflow/compiler/jit/xla_cpu_device.cc:41] Not creating XLA devices, tf_xla_enable_xla_devices not set
2021-04-24 15:44:53.390462: I tensorflow/stream_executor/platform/default/dso_loader.cc:49] Successfully opened dynamic library libcuda.so.1
2021-04-24 15:44:53.443597: I tensorflow/stream_executor/cuda/cuda_gpu_executor.cc:941] successful NUMA node read from SysFS had negative value (-1), but there must be at least one NUMA node, so returning NUMA node zero
2021-04-24 15:44:53.444352: I tensorflow/core/common_runtime/gpu/gpu_device.cc:1720] Found device 0 with properties: 
pciBusID: 0000:00:04.0 name: Tesla V100-SXM2-16GB computeCapability: 7.0
coreClock: 1.53GHz coreCount: 80 deviceMemorySize: 15.78GiB deviceMemoryBandwidth: 836.37GiB/s
2021-04-24 15:44:53.444388: I tensorflow/stream_executor/platform/default/dso_loader.cc:49] Successfully opened dynamic library libcudart.so.11.0
2021-04-24 15:44:53.447968: I tensorflow/stream_executor/platform/default/dso_loader.cc:49] Successfully opened dynamic library libcublas.so.11
2021-04-24 15:44:53.448044: I tensorflow/stream_executor/platform/default/dso_loader.cc:49] Successfully opened dynamic library libcublasLt.so.11
2021-04-24 15:44:53.449118: I tensorflow/stream_executor/platform/default/dso_loader.cc:49] Successfully opened dynamic library libcufft.so.10
2021-04-24 15:44:53.449401: I tensorflow/stream_executor/platform/default/dso_loader.cc:49] Successfully opened dynamic library libcurand.so.10
2021-04-24 15:44:53.450402: I tensorflow/stream_executor/platform/default/dso_loader.cc:49] Successfully opened dynamic library libcusolver.so.10
2021-04-24 15:44:53.451346: I tensorflow/stream_executor/platform/default/dso_loader.cc:49] Successfully opened dynamic library libcusparse.so.11
2021-04-24 15:44:53.451506: I tensorflow/stream_executor/platform/default/dso_loader.cc:49] Successfully opened dynamic library libcudnn.so.8
2021-04-24 15:44:53.451613: I tensorflow/stream_executor/cuda/cuda_gpu_executor.cc:941] successful NUMA node read from SysFS had negative value (-1), but there must be at least one NUMA node, so returning NUMA node zero
2021-04-24 15:44:53.452492: I tensorflow/stream_executor/cuda/cuda_gpu_executor.cc:941] successful NUMA node read from SysFS had negative value (-1), but there must be at least one NUMA node, so returning NUMA node zero
2021-04-24 15:44:53.453256: I tensorflow/core/common_runtime/gpu/gpu_device.cc:1862] Adding visible gpu devices: 0
2021-04-24 15:44:53.455217: I tensorflow/compiler/jit/xla_gpu_device.cc:99] Not creating XLA devices, tf_xla_enable_xla_devices not set
2021-04-24 15:44:53.455400: I tensorflow/stream_executor/cuda/cuda_gpu_executor.cc:941] successful NUMA node read from SysFS had negative value (-1), but there must be at least one NUMA node, so returning NUMA node zero
2021-04-24 15:44:53.456172: I tensorflow/core/common_runtime/gpu/gpu_device.cc:1720] Found device 0 with properties: 
pciBusID: 0000:00:04.0 name: Tesla V100-SXM2-16GB computeCapability: 7.0
coreClock: 1.53GHz coreCount: 80 deviceMemorySize: 15.78GiB deviceMemoryBandwidth: 836.37GiB/s
2021-04-24 15:44:53.456200: I tensorflow/stream_executor/platform/default/dso_loader.cc:49] Successfully opened dynamic library libcudart.so.11.0
2021-04-24 15:44:53.456229: I tensorflow/stream_executor/platform/default/dso_loader.cc:49] Successfully opened dynamic library libcublas.so.11
2021-04-24 15:44:53.456243: I tensorflow/stream_executor/platform/default/dso_loader.cc:49] Successfully opened dynamic library libcublasLt.so.11
2021-04-24 15:44:53.456257: I tensorflow/stream_executor/platform/default/dso_loader.cc:49] Successfully opened dynamic library libcufft.so.10
2021-04-24 15:44:53.456278: I tensorflow/stream_executor/platform/default/dso_loader.cc:49] Successfully opened dynamic library libcurand.so.10
2021-04-24 15:44:53.456305: I tensorflow/stream_executor/platform/default/dso_loader.cc:49] Successfully opened dynamic library libcusolver.so.10
2021-04-24 15:44:53.456319: I tensorflow/stream_executor/platform/default/dso_loader.cc:49] Successfully opened dynamic library libcusparse.so.11
2021-04-24 15:44:53.456333: I tensorflow/stream_executor/platform/default/dso_loader.cc:49] Successfully opened dynamic library libcudnn.so.8
2021-04-24 15:44:53.456403: I tensorflow/stream_executor/cuda/cuda_gpu_executor.cc:941] successful NUMA node read from SysFS had negative value (-1), but there must be at least one NUMA node, so returning NUMA node zero
2021-04-24 15:44:53.457121: I tensorflow/stream_executor/cuda/cuda_gpu_executor.cc:941] successful NUMA node read from SysFS had negative value (-1), but there must be at least one NUMA node, so returning NUMA node zero
2021-04-24 15:44:53.457768: I tensorflow/core/common_runtime/gpu/gpu_device.cc:1862] Adding visible gpu devices: 0
2021-04-24 15:44:53.457802: I tensorflow/stream_executor/platform/default/dso_loader.cc:49] Successfully opened dynamic library libcudart.so.11.0
2021-04-24 15:44:54.183834: I tensorflow/core/common_runtime/gpu/gpu_device.cc:1261] Device interconnect StreamExecutor with strength 1 edge matrix:
2021-04-24 15:44:54.183878: I tensorflow/core/common_runtime/gpu/gpu_device.cc:1267]      0 
2021-04-24 15:44:54.183901: I tensorflow/core/common_runtime/gpu/gpu_device.cc:1280] 0:   N 
2021-04-24 15:44:54.184204: I tensorflow/stream_executor/cuda/cuda_gpu_executor.cc:941] successful NUMA node read from SysFS had negative value (-1), but there must be at least one NUMA node, so returning NUMA node zero
2021-04-24 15:44:54.185046: I tensorflow/stream_executor/cuda/cuda_gpu_executor.cc:941] successful NUMA node read from SysFS had negative value (-1), but there must be at least one NUMA node, so returning NUMA node zero
2021-04-24 15:44:54.185788: I tensorflow/stream_executor/cuda/cuda_gpu_executor.cc:941] successful NUMA node read from SysFS had negative value (-1), but there must be at least one NUMA node, so returning NUMA node zero
2021-04-24 15:44:54.186529: I tensorflow/core/common_runtime/gpu/gpu_device.cc:1406] Created TensorFlow device (/job:localhost/replica:0/task:0/device:GPU:0 with 14760 MB memory) -> physical GPU (device: 0, name: Tesla V100-SXM2-16GB, pci bus id: 0000:00:04.0, compute capability: 7.0)
2021-04-24 15:44:54.553199: I tensorflow/core/profiler/lib/profiler_session.cc:136] Profiler session initializing.
2021-04-24 15:44:54.553246: I tensorflow/core/profiler/lib/profiler_session.cc:155] Profiler session started.
2021-04-24 15:44:54.553278: I tensorflow/core/profiler/internal/gpu/cupti_tracer.cc:1365] Profiler found 1 GPUs
2021-04-24 15:44:54.553486: W tensorflow/stream_executor/platform/default/dso_loader.cc:60] Could not load dynamic library 'libcupti.so.11.0'; dlerror: libcupti.so.11.0: cannot open shared object file: No such file or directory; LD_LIBRARY_PATH: /usr/local/cuda-11.2/lib64
2021-04-24 15:44:54.554287: I tensorflow/stream_executor/platform/default/dso_loader.cc:49] Successfully opened dynamic library libcupti.so
2021-04-24 15:44:54.747427: I tensorflow/core/profiler/lib/profiler_session.cc:172] Profiler session tear down.
2021-04-24 15:44:54.749978: I tensorflow/core/profiler/internal/gpu/cupti_tracer.cc:1487] CUPTI activity buffer flushed
Tensorflow Version: 2.4.0
Num GPUs Available:  1
-----------------------
Using module located at /main/models/conv/train2078.py
Using train_file located at ../../data/datasets/all_sw_coch_preprocessed_v2_param_v29_augm_v0_cleaned_8000.pkl
Using logs_path located at ../../cache/conv___04_1519___all_sw_coch_preprocessed_v2_param_v29_augm_v0_cleaned_8000___mod9_sorted_postshuffle___2078/logs/
-----------------------
Collecting Variables...
Model Parameters: {'N_CLASSES': 1, 'SR': 8000, 'BATCH_SIZE': 16, 'LR': 0.0001, 'SHAPE': (128, 1250, 3), 'WEIGHT_DECAY': 0.001, 'LL2_REG': 0, 'EPSILON': 1e-07, 'LABEL_SMOOTHING': 0.4}
Learning Rate Parameters: {'factor': 0.75, 'patience': 4, 'min_lr': 1e-08}
Early Stopping Patience and Delta: 25, 1.0%
-----------------------
Size of training set: 4316
Size of validation set: 1078
Initializing weights...
weights = {0: 0.6776381909547738, 1: 1.9073550212164074}
Model: "conv2d"
__________________________________________________________________________________________________
Layer (type)                    Output Shape         Param #     Connected to                     
==================================================================================================
input_1 (InputLayer)            [(None, 128, 1250, 3 0                                            
__________________________________________________________________________________________________
batch_normalization (BatchNorma (None, 128, 1250, 3) 12          input_1[0][0]                    
__________________________________________________________________________________________________
conv2d (Conv2D)                 (None, 128, 1250, 16 64          batch_normalization[0][0]        
__________________________________________________________________________________________________
conv2d_2 (Conv2D)               (None, 128, 1250, 16 64          batch_normalization[0][0]        
__________________________________________________________________________________________________
max_pooling2d (MaxPooling2D)    (None, 128, 1250, 3) 0           batch_normalization[0][0]        
__________________________________________________________________________________________________
conv2d_1 (Conv2D)               (None, 128, 1250, 16 2320        conv2d[0][0]                     
__________________________________________________________________________________________________
conv2d_3 (Conv2D)               (None, 128, 1250, 16 6416        conv2d_2[0][0]                   
__________________________________________________________________________________________________
conv2d_4 (Conv2D)               (None, 128, 1250, 16 64          max_pooling2d[0][0]              
__________________________________________________________________________________________________
concatenate (Concatenate)       (None, 128, 1250, 48 0           conv2d_1[0][0]                   
                                                                 conv2d_3[0][0]                   
                                                                 conv2d_4[0][0]                   
__________________________________________________________________________________________________
average_pooling2d (AveragePooli (None, 64, 625, 48)  0           concatenate[0][0]                
__________________________________________________________________________________________________
batch_normalization_1 (BatchNor (None, 64, 625, 48)  192         average_pooling2d[0][0]          
__________________________________________________________________________________________________
dropout (Dropout)               (None, 64, 625, 48)  0           batch_normalization_1[0][0]      
__________________________________________________________________________________________________
inverted_residual (InvertedResi (None, 64, 625, 32)  35840       dropout[0][0]                    
__________________________________________________________________________________________________
inverted_residual_1 (InvertedRe (None, 64, 625, 32)  20864       inverted_residual[0][0]          
__________________________________________________________________________________________________
average_pooling2d_1 (AveragePoo (None, 32, 312, 32)  0           inverted_residual_1[0][0]        
__________________________________________________________________________________________________
batch_normalization_2 (BatchNor (None, 32, 312, 32)  128         average_pooling2d_1[0][0]        
__________________________________________________________________________________________________
dropout_1 (Dropout)             (None, 32, 312, 32)  0           batch_normalization_2[0][0]      
__________________________________________________________________________________________________
inverted_residual_2 (InvertedRe (None, 32, 312, 64)  27136       dropout_1[0][0]                  
__________________________________________________________________________________________________
inverted_residual_3 (InvertedRe (None, 32, 312, 64)  66304       inverted_residual_2[0][0]        
__________________________________________________________________________________________________
average_pooling2d_2 (AveragePoo (None, 16, 156, 64)  0           inverted_residual_3[0][0]        
__________________________________________________________________________________________________
batch_normalization_3 (BatchNor (None, 16, 156, 64)  256         average_pooling2d_2[0][0]        
__________________________________________________________________________________________________
dropout_2 (Dropout)             (None, 16, 156, 64)  0           batch_normalization_3[0][0]      
__________________________________________________________________________________________________
inverted_residual_4 (InvertedRe (None, 16, 156, 128) 91136       dropout_2[0][0]                  
__________________________________________________________________________________________________
inverted_residual_5 (InvertedRe (None, 16, 156, 128) 230912      inverted_residual_4[0][0]        
__________________________________________________________________________________________________
average_pooling2d_3 (AveragePoo (None, 8, 78, 128)   0           inverted_residual_5[0][0]        
__________________________________________________________________________________________________
batch_normalization_4 (BatchNor (None, 8, 78, 128)   512         average_pooling2d_3[0][0]        
__________________________________________________________________________________________________
dropout_3 (Dropout)             (None, 8, 78, 128)   0           batch_normalization_4[0][0]      
__________________________________________________________________________________________________
inverted_residual_6 (InvertedRe (None, 8, 78, 256)   329728      dropout_3[0][0]                  
__________________________________________________________________________________________________
inverted_residual_7 (InvertedRe (None, 8, 78, 256)   855040      inverted_residual_6[0][0]        
__________________________________________________________________________________________________
average_pooling2d_4 (AveragePoo (None, 4, 39, 256)   0           inverted_residual_7[0][0]        
__________________________________________________________________________________________________
batch_normalization_5 (BatchNor (None, 4, 39, 256)   1024        average_pooling2d_4[0][0]        
__________________________________________________________________________________________________
dropout_4 (Dropout)             (None, 4, 39, 256)   0           batch_normalization_5[0][0]      
__________________________________________________________________________________________________
inverted_residual_8 (InvertedRe (None, 4, 39, 512)   1249280     dropout_4[0][0]                  
__________________________________________________________________________________________________
inverted_residual_9 (InvertedRe (None, 4, 39, 512)   3282944     inverted_residual_8[0][0]        
__________________________________________________________________________________________________
global_average_pooling2d (Globa (None, 512)          0           inverted_residual_9[0][0]        2021-04-24 15:44:55.659552: I tensorflow/compiler/mlir/mlir_graph_optimization_pass.cc:116] None of the MLIR optimization passes are enabled (registered 2)
2021-04-24 15:44:55.661469: I tensorflow/core/platform/profile_utils/cpu_utils.cc:112] CPU Frequency: 2299995000 Hz
2021-04-24 15:44:59.317896: I tensorflow/stream_executor/platform/default/dso_loader.cc:49] Successfully opened dynamic library libcublas.so.11
2021-04-24 15:44:59.782830: I tensorflow/stream_executor/platform/default/dso_loader.cc:49] Successfully opened dynamic library libcublasLt.so.11
2021-04-24 15:44:59.799148: I tensorflow/stream_executor/platform/default/dso_loader.cc:49] Successfully opened dynamic library libcudnn.so.8
2021-04-24 15:45:03.458727: I tensorflow/core/profiler/lib/profiler_session.cc:136] Profiler session initializing.
2021-04-24 15:45:03.458784: I tensorflow/core/profiler/lib/profiler_session.cc:155] Profiler session started.
2021-04-24 15:45:04.679306: I tensorflow/core/profiler/lib/profiler_session.cc:71] Profiler session collecting data.
2021-04-24 15:45:04.682664: I tensorflow/core/profiler/internal/gpu/cupti_tracer.cc:1487] CUPTI activity buffer flushed
2021-04-24 15:45:04.719816: I tensorflow/core/profiler/internal/gpu/cupti_collector.cc:228]  GpuTracer has collected 1490 callback api events and 1486 activity events. 
2021-04-24 15:45:04.750813: I tensorflow/core/profiler/lib/profiler_session.cc:172] Profiler session tear down.
[[25 0]
 [7 0]]
[[25 0]
 [7 0]]
[[27 0]
 [5 0]]
[[28 0]
 [4 0]]
[[24 0]
 [8 0]]
[[27 0]
 [5 0]]
[[24 0]
 [8 0]]
[[25 0]
 [7 0]]
[[24 0]
 [8 0]]
[[26 0]
 [6 0]]
[[26 0]
 [6 0]]
[[27 0]
 [5 0]]
[[27 0]
 [5 0]]
[[26 0]
 [6 0]]
[[28 0]
 [4 0]]
[[23 0]
 [9 0]]
[[28 0]
 [4 0]]
[[26 0]
 [6 0]]
[[26 0]
 [6 0]]
[[26 0]
 [6 0]]
[[27 0]
 [5 0]]
[[27 0]
 [5 0]]
[[29 0]
 [3 0]]
[[23 0]
 [9 0]]
[[21 0]
 [11 0]]
[[28 0]
 [4 0]]
[[27 0]
 [5 0]]
[[26 0]
 [6 0]]
[[27 0]
 [5 0]]
[[24 0]
 [8 0]]
[[29 0]
 [3 0]]
[[30 0]
 [2 0]]
[[24 0]
 [8 0]]

__________________________________________________________________________________________________
dense (Dense)                   (None, 1)            513         global_average_pooling2d[0][0]   
==================================================================================================
Total params: 6,200,749
Trainable params: 6,159,239
Non-trainable params: 41,510
__________________________________________________________________________________________________
Epoch 1/40
270/270 - 230s - loss: 0.7423 - accuracy: 0.5044 - precision: 0.3029 - recall: 0.5857 - gen_confusion_matrix: 3.9963 - val_loss: 0.6217 - val_accuracy: 0.8145 - val_precision: 0.0000e+00 - val_recall: 0.0000e+00 - val_gen_confusion_matrix: 7.9265
[[1 29]
 [0 2]]
[[0 26]
 [0 6]]
[[0 18]
 [0 14]]
[[0 22]
 [0 10]]
[[0 23]
 [1 8]]
[[0 29]
 [0 3]]
[[0 26]
 [0 6]]
[[0 28]
 [0 4]]
[[0 27]
 [0 5]]
[[1 27]
 [0 4]]
[[0 29]
 [0 3]]
[[1 25]
 [0 6]]
[[0 26]
 [0 6]]
[[0 25]
 [0 7]]
[[1 22]
 [0 9]]
[[1 26]
 [0 5]]
[[1 26]
 [0 5]]
[[0 21]
 [0 11]]
[[1 25]
 [0 6]]
[[1 28]
 [0 3]]
[[4 26]
 [0 2]]
[[1 27]
 [0 4]]
[[0 27]
 [0 5]]
[[2 23]
 [0 7]]
[[0 26]
 [0 6]]
[[0 28]
 [0 4]]
[[2 27]
 [0 3]]
[[1 24]
 [0 7]]
[[0 24]
 [0 8]]
[[0 24]
 [0 8]]
[[1 26]
 [0 5]]
[[0 26]
 [0 6]]
[[1 25]
 [0 6]]
Epoch 2/40
270/270 - 216s - loss: 0.7183 - accuracy: 0.4944 - precision: 0.2990 - recall: 0.5931 - gen_confusion_matrix: 3.9963 - val_loss: 0.6964 - val_accuracy: 0.2050 - val_precision: 0.1886 - val_recall: 0.9950 - val_gen_confusion_matrix: 7.9265
[[25 0]
 [7 0]]
[[27 0]
 [5 0]]
[[23 0]
 [9 0]]
[[26 0]
 [6 0]]
[[24 0]
 [8 0]]
[[29 0]
 [3 0]]
[[27 1]
 [4 0]]
[[22 0]
 [10 0]]
[[27 0]
 [5 0]]
[[27 0]
 [5 0]]
[[28 0]
 [4 0]]
[[27 0]
 [5 0]]
[[24 0]
 [8 0]]
[[27 0]
 [5 0]]
[[29 1]
 [2 0]]
[[26 0]
 [6 0]]
[[23 0]
 [9 0]]
[[24 0]
 [8 0]]
[[22 0]
 [9 1]]
[[24 0]
 [8 0]]
[[26 0]
 [6 0]]
[[29 0]
 [3 0]]
[[28 0]
 [4 0]]
[[29 0]
 [3 0]]
[[29 0]
 [3 0]]
[[22 0]
 [10 0]]
[[25 0]
 [7 0]]
[[27 0]
 [5 0]]
[[27 0]
 [5 0]]
[[27 0]
 [5 0]]
[[25 0]
 [7 0]]
[[26 0]
 [6 0]]
[[27 0]
 [5 0]]
Epoch 3/40
270/270 - 227s - loss: 0.7097 - accuracy: 0.5158 - precision: 0.3141 - recall: 0.6096 - gen_confusion_matrix: 3.9963 - val_loss: 0.6305 - val_accuracy: 0.8145 - val_precision: 0.5000 - val_recall: 0.0100 - val_gen_confusion_matrix: 7.9265
[[4 21]
 [1 6]]
[[6 21]
 [1 4]]
[[6 19]
 [3 4]]
[[3 24]
 [1 4]]
[[4 22]
 [1 5]]
[[4 20]
 [0 8]]
[[2 28]
 [0 2]]
[[4 25]
 [0 3]]
[[7 19]
 [0 6]]
[[6 22]
 [2 2]]
[[6 21]
 [0 5]]
[[6 21]
 [0 5]]
[[3 26]
 [0 3]]
[[5 25]
 [0 2]]
[[1 24]
 [1 6]]
[[5 18]
 [1 8]]
[[3 25]
 [0 4]]
[[7 17]
 [3 5]]
[[4 21]
 [0 7]]
[[7 15]
 [1 9]]
[[5 21]
 [0 6]]
[[4 18]
 [0 10]]
[[8 17]
 [1 6]]
[[3 19]
 [0 10]]
[[4 22]
 [1 5]]
[[7 20]
 [1 4]]
[[6 22]
 [0 4]]
[[5 19]
 [0 8]]
[[6 20]
 [1 5]]
[[5 21]
 [0 6]]
[[10 15]
 [2 5]]
[[4 24]
 [1 3]]
[[4 24]
 [0 4]]
Epoch 4/40
270/270 - 225s - loss: 0.7068 - accuracy: 0.5438 - precision: 0.3346 - recall: 0.6293 - gen_confusion_matrix: 3.9963 - val_loss: 0.7244 - val_accuracy: 0.3173 - val_precision: 0.1989 - val_recall: 0.8850 - val_gen_confusion_matrix: 7.9265
[[4 19]
 [3 6]]
[[3 24]
 [1 4]]
[[6 21]
 [0 5]]
[[5 26]
 [0 1]]
[[6 18]
 [2 6]]
[[8 19]
 [2 3]]
[[7 16]
 [2 7]]
[[7 23]
 [0 2]]
[[2 25]
 [1 4]]
[[7 17]
 [1 7]]
[[4 20]
 [1 7]]
[[5 24]
 [0 3]]
[[3 24]
 [0 5]]
[[4 22]
 [0 6]]
[[5 17]
 [1 9]]
[[7 21]
 [1 3]]
[[8 16]
 [1 7]]
[[7 21]
 [1 3]]
[[7 17]
 [2 6]]
[[7 19]
 [0 6]]
[[1 23]
 [1 7]]
[[5 23]
 [1 3]]
[[5 21]
 [1 5]]
[[4 24]
 [0 4]]
[[3 22]
 [1 6]]
[[3 22]
 [1 6]]
[[7 16]
 [1 8]]
[[10 19]
 [0 3]]
[[6 20]
 [2 4]]
[[9 15]
 [2 6]]
[[3 24]
 [0 5]]
[[5 23]
 [1 3]]
[[2 22]
 [1 7]]
Epoch 5/40
270/270 - 225s - loss: 0.7011 - accuracy: 0.5528 - precision: 0.3470 - recall: 0.6689 - gen_confusion_matrix: 3.9963 - val_loss: 0.7379 - val_accuracy: 0.3256 - val_precision: 0.1954 - val_recall: 0.8450 - val_gen_confusion_matrix: 7.9265
[[17 6]
 [4 5]]
[[15 7]
 [4 6]]
[[17 7]
 [2 6]]
[[22 4]
 [4 2]]
[[20 9]
 [1 2]]
[[19 11]
 [2 0]]
[[17 7]
 [4 4]]
[[18 6]
 [5 3]]
[[17 7]
 [4 4]]
[[20 9]
 [1 2]]
[[20 7]
 [3 2]]
[[17 9]
 [4 2]]
[[17 7]
 [4 4]]
[[20 7]
 [4 1]]
[[24 5]
 [3 0]]
[[21 6]
 [3 2]]
[[18 5]
 [5 4]]
[[21 4]
 [5 2]]
[[20 6]
 [3 3]]
[[19 6]
 [1 6]]
[[19 7]
 [4 2]]
[[24 6]
 [2 0]]
[[24 6]
 [0 2]]
[[19 8]
 [3 2]]
[[14 9]
 [6 3]]
[[19 8]
 [1 4]]
[[19 8]
 [3 2]]
[[14 14]
 [2 2]]
[[17 11]
 [3 1]]
[[15 9]
 [4 4]]
[[20 4]
 [1 7]]
[[17 9]
 [1 5]]
[[17 9]
 [3 3]]

Epoch 00005: ReduceLROnPlateau reducing learning rate to 7.499999810534064e-05.
Epoch 6/40
270/270 - 226s - loss: 0.6983 - accuracy: 0.5646 - precision: 0.3566 - recall: 0.6812 - gen_confusion_matrix: 3.9963 - val_loss: 0.6694 - val_accuracy: 0.6744 - val_precision: 0.2824 - val_recall: 0.4900 - val_gen_confusion_matrix: 7.9265
[[22 6]
 [4 0]]
[[18 9]
 [3 2]]
[[22 6]
 [1 3]]
[[12 5]
 [7 8]]
[[17 7]
 [4 4]]
[[26 4]
 [1 1]]
[[22 6]
 [2 2]]
[[19 5]
 [2 6]]
[[19 7]
 [4 2]]
[[19 7]
 [5 1]]
[[19 9]
 [1 3]]
[[15 9]
 [7 1]]
[[18 9]
 [4 1]]
[[18 6]
 [6 2]]
[[20 9]
 [1 2]]
[[18 8]
 [5 1]]
[[16 7]
 [3 6]]
[[25 4]
 [1 2]]
[[20 6]
 [5 1]]
[[18 4]
 [4 6]]
[[22 6]
 [2 2]]
[[20 5]
 [5 2]]
[[14 11]
 [4 3]]
[[19 6]
 [6 1]]
[[18 8]
 [5 1]]
[[18 10]
 [3 1]]
[[19 12]
 [0 1]]
[[19 9]
 [1 3]]
[[18 9]
 [4 1]]
[[18 7]
 [6 1]]
[[19 6]
 [4 3]]
[[18 8]
 [5 1]]
[[19 6]
 [6 1]]
Epoch 7/40
270/270 - 225s - loss: 0.6958 - accuracy: 0.5836 - precision: 0.3674 - recall: 0.6656 - gen_confusion_matrix: 3.9963 - val_loss: 0.6752 - val_accuracy: 0.6623 - val_precision: 0.2405 - val_recall: 0.3800 - val_gen_confusion_matrix: 7.9265
[[16 9]
 [6 1]]
[[20 5]
 [5 2]]
[[23 2]
 [5 2]]
[[20 7]
 [4 1]]
[[18 9]
 [3 2]]
[[23 5]
 [3 1]]
[[20 4]
 [7 1]]
[[17 8]
 [2 5]]
[[20 5]
 [5 2]]
[[18 8]
 [5 1]]
[[17 8]
 [5 2]]
[[22 4]
 [4 2]]
[[18 9]
 [3 2]]
[[17 6]
 [7 2]]
[[20 4]
 [7 1]]
[[23 5]
 [2 2]]
[[22 7]
 [2 1]]
[[25 5]
 [2 0]]
[[17 7]
 [7 1]]
[[21 6]
 [5 0]]
[[23 5]
 [2 2]]
[[21 4]
 [5 2]]
[[21 3]
 [4 4]]
[[21 7]
 [2 2]]
[[16 5]
 [7 4]]
[[22 4]
 [6 0]]
[[18 7]
 [3 4]]
[[19 6]
 [4 3]]
[[27 4]
 [0 1]]
[[21 5]
 [5 1]]
[[22 5]
 [4 1]]
[[19 7]
 [4 2]]
[[26 3]
 [2 1]]
Epoch 8/40
270/270 - 228s - loss: 0.6884 - accuracy: 0.6084 - precision: 0.3902 - recall: 0.6969 - gen_confusion_matrix: 3.9963 - val_loss: 0.6663 - val_accuracy: 0.6920 - val_precision: 0.2381 - val_recall: 0.3000 - val_gen_confusion_matrix: 7.9265
[[22 6]
 [2 2]]
[[20 4]
 [5 3]]
[[26 4]
 [1 1]]
[[25 2]
 [3 2]]
[[20 5]
 [4 3]]
[[22 3]
 [7 0]]
[[19 7]
 [4 2]]
[[17 7]
 [5 3]]
[[23 4]
 [3 2]]
[[19 8]
 [3 2]]
[[25 2]
 [2 3]]
[[24 2]
 [5 1]]
[[25 2]
 [2 3]]
[[22 5]
 [4 1]]
[[22 4]
 [5 1]]
[[19 7]
 [5 1]]
[[14 12]
 [4 2]]
[[22 5]
 [4 1]]
[[20 5]
 [5 2]]
[[24 4]
 [3 1]]
[[20 8]
 [4 0]]
[[20 9]
 [3 0]]
[[21 7]
 [4 0]]
[[20 5]
 [7 0]]
[[15 9]
 [5 3]]
[[22 6]
 [3 1]]
[[22 3]
 [6 1]]
[[26 2]
 [4 0]]
[[16 5]
 [10 1]]
[[16 10]
 [3 3]]
[[17 3]
 [10 2]]
[[19 6]
 [4 3]]
[[18 8]
 [4 2]]
Epoch 9/40
270/270 - 228s - loss: 0.6831 - accuracy: 0.6365 - precision: 0.4154 - recall: 0.7183 - gen_confusion_matrix: 3.9963 - val_loss: 0.6709 - val_accuracy: 0.6957 - val_precision: 0.2288 - val_recall: 0.2700 - val_gen_confusion_matrix: 7.9265
[[17 8]
 [3 4]]
[[18 12]
 [1 1]]
[[20 7]
 [2 3]]
[[13 12]
 [2 5]]
[[23 4]
 [1 4]]
[[19 7]
 [3 3]]
[[14 11]
 [2 5]]
[[20 8]
 [2 2]]
[[18 7]
 [5 2]]
[[17 10]
 [3 2]]
[[17 7]
 [2 6]]
[[12 12]
 [4 4]]
[[19 7]
 [1 5]]
[[16 9]
 [5 2]]
[[21 6]
 [1 4]]
[[15 13]
 [3 1]]
[[12 15]
 [3 2]]
[[13 12]
 [2 5]]
[[20 6]
 [3 3]]
[[21 7]
 [1 3]]
[[19 6]
 [2 5]]
[[15 9]
 [2 6]]
[[19 7]
 [3 3]]
[[14 8]
 [5 5]]
[[18 10]
 [1 3]]
[[21 6]
 [0 5]]
[[16 12]
 [1 3]]
[[17 9]
 [3 3]]
[[17 11]
 [2 2]]
[[14 8]
 [7 3]]
[[16 8]
 [2 6]]
[[18 10]
 [4 0]]
[[14 12]
 [3 3]]

Epoch 00009: ReduceLROnPlateau reducing learning rate to 5.6249997214763425e-05.
Epoch 10/40
270/270 - 227s - loss: 0.6759 - accuracy: 0.6474 - precision: 0.4257 - recall: 0.7265 - gen_confusion_matrix: 3.9963 - val_loss: 0.7081 - val_accuracy: 0.6382 - val_precision: 0.2727 - val_recall: 0.5700 - val_gen_confusion_matrix: 7.9265
[[22 3]
 [5 2]]
[[18 8]
 [1 5]]
[[22 5]
 [5 0]]
[[19 9]
 [4 0]]
[[18 9]
 [3 2]]
[[22 4]
 [6 0]]
[[18 6]
 [5 3]]
[[19 9]
 [4 0]]
[[20 4]
 [6 2]]
[[19 7]
 [4 2]]
[[20 7]
 [3 2]]
[[17 8]
 [5 2]]
[[22 4]
 [5 1]]
[[19 9]
 [4 0]]
[[17 7]
 [4 4]]
[[21 7]
 [3 1]]
[[21 7]
 [4 0]]
[[16 8]
 [5 3]]
[[22 1]
 [6 3]]
[[24 3]
 [4 1]]
[[21 6]
 [4 1]]
[[19 4]
 [7 2]]
[[19 8]
 [3 2]]
[[23 5]
 [0 4]]
[[23 7]
 [2 0]]
[[20 3]
 [6 3]]
[[24 3]
 [2 3]]
[[19 9]
 [3 1]]
[[15 8]
 [7 2]]
[[20 4]
 [6 2]]
[[18 7]
 [3 4]]
[[19 8]
 [3 2]]
[[25 5]
 [2 0]]
Epoch 11/40
270/270 - 229s - loss: 0.6654 - accuracy: 0.6796 - precision: 0.4573 - recall: 0.7463 - gen_confusion_matrix: 3.9963 - val_loss: 0.6819 - val_accuracy: 0.6744 - val_precision: 0.2193 - val_recall: 0.2950 - val_gen_confusion_matrix: 7.9265
[[15 11]
 [2 4]]
[[11 14]
 [1 6]]
[[8 19]
 [2 3]]
[[13 12]
 [1 6]]
[[11 13]
 [4 4]]
[[17 9]
 [2 4]]
[[17 12]
 [2 1]]
[[15 13]
 [2 2]]
[[12 14]
 [3 3]]
[[8 18]
 [4 2]]
[[14 12]
 [3 3]]
[[12 16]
 [2 2]]
[[13 9]
 [4 6]]
[[12 14]
 [1 5]]
[[11 17]
 [1 3]]
[[12 13]
 [2 5]]
[[13 18]
 [0 1]]
[[15 11]
 [1 5]]
[[10 13]
 [3 6]]
[[8 19]
 [1 4]]
[[16 11]
 [3 2]]
[[11 15]
 [3 3]]
[[10 13]
 [3 6]]
[[11 16]
 [1 4]]
[[8 16]
 [4 4]]
[[11 17]
 [1 3]]
[[12 15]
 [2 3]]
[[11 15]
 [2 4]]
[[14 12]
 [2 4]]
[[13 10]
 [4 5]]
[[13 17]
 [0 2]]
[[10 15]
 [1 6]]
[[15 12]
 [4 1]]
Epoch 12/40
270/270 - 216s - loss: 0.6543 - accuracy: 0.7171 - precision: 0.4982 - recall: 0.7842 - gen_confusion_matrix: 3.9963 - val_loss: 0.8089 - val_accuracy: 0.4935 - val_precision: 0.2097 - val_recall: 0.6250 - val_gen_confusion_matrix: 7.9265
[[12 14]
 [2 4]]
[[8 16]
 [3 5]]
[[11 12]
 [0 9]]
[[10 14]
 [2 6]]
[[11 15]
 [2 4]]
[[11 16]
 [0 5]]
[[6 21]
 [1 4]]
[[12 14]
 [2 4]]
[[12 17]
 [2 1]]
[[12 15]
 [2 3]]
[[13 14]
 [1 4]]
[[9 16]
 [1 6]]
[[8 19]
 [2 3]]
[[12 13]
 [3 4]]
[[12 13]
 [3 4]]
[[8 18]
 [1 5]]
[[10 17]
 [2 3]]
[[13 15]
 [0 4]]
[[6 18]
 [1 7]]
[[10 16]
 [2 4]]
[[13 13]
 [1 5]]
[[10 14]
 [2 6]]
[[12 13]
 [1 6]]
[[8 16]
 [2 6]]
[[13 15]
 [3 1]]
[[10 19]
 [1 2]]
[[15 13]
 [2 2]]
[[11 16]
 [1 4]]
[[12 14]
 [1 5]]
[[10 14]
 [1 7]]
[[12 16]
 [0 4]]
[[10 16]
 [3 3]]
[[9 21]
 [1 1]]
Epoch 13/40
270/270 - 215s - loss: 0.6484 - accuracy: 0.7282 - precision: 0.5107 - recall: 0.8048 - gen_confusion_matrix: 3.9963 - val_loss: 0.7966 - val_accuracy: 0.4638 - val_precision: 0.2179 - val_recall: 0.7300 - val_gen_confusion_matrix: 7.9265
[[9 14]
 [3 6]]
[[7 14]
 [2 9]]
[[10 16]
 [2 4]]
[[11 16]
 [2 3]]
[[12 17]
 [0 3]]
[[6 21]
 [2 3]]
[[11 13]
 [3 5]]
[[12 16]
 [1 3]]
[[10 19]
 [0 3]]
[[11 14]
 [2 5]]
[[9 20]
 [1 2]]
[[11 15]
 [2 4]]
[[8 14]
 [5 5]]
[[8 18]
 [1 5]]
[[6 24]
 [1 1]]
[[8 23]
 [0 1]]
[[10 17]
 [3 2]]
[[13 17]
 [1 1]]
[[11 17]
 [0 4]]
[[8 19]
 [1 4]]
[[7 19]
 [3 3]]
[[10 13]
 [3 6]]
[[12 14]
 [4 2]]
[[14 12]
 [0 6]]
[[10 14]
 [3 5]]
[[6 16]
 [3 7]]
[[15 13]
 [2 2]]
[[7 19]
 [3 3]]
[[4 21]
 [1 6]]
[[14 12]
 [2 4]]
[[8 17]
 [3 4]]
[[7 15]
 [1 9]]
[[7 17]
 [5 3]]

Epoch 00013: ReduceLROnPlateau reducing learning rate to 4.218749927531462e-05.
Epoch 14/40
270/270 - 218s - loss: 0.6351 - accuracy: 0.7620 - precision: 0.5506 - recall: 0.8386 - gen_confusion_matrix: 3.9963 - val_loss: 0.8639 - val_accuracy: 0.4212 - val_precision: 0.1945 - val_recall: 0.6750 - val_gen_confusion_matrix: 7.9265
[[6 16]
 [2 8]]
[[9 18]
 [2 3]]
[[10 17]
 [0 5]]
[[11 14]
 [2 5]]
[[8 20]
 [2 2]]
[[4 26]
 [0 2]]
[[14 13]
 [1 4]]
[[8 17]
 [2 5]]
[[5 22]
 [1 4]]
[[12 18]
 [1 1]]
[[8 20]
 [0 4]]
[[8 22]
 [0 2]]
[[6 19]
 [2 5]]
[[7 18]
 [4 3]]
[[10 19]
 [1 2]]
[[9 16]
 [0 7]]
[[12 15]
 [3 2]]
[[11 14]
 [2 5]]
[[6 19]
 [2 5]]
[[10 18]
 [2 2]]
[[9 18]
 [1 4]]
[[9 14]
 [5 4]]
[[7 15]
 [4 6]]
[[11 16]
 [1 4]]
[[5 17]
 [1 9]]
[[11 13]
 [4 4]]
[[7 17]
 [3 5]]
[[13 13]
 [4 2]]
[[6 20]
 [1 5]]
[[8 18]
 [1 5]]
[[7 15]
 [1 9]]
[[11 15]
 [2 4]]
[[12 17]
 [1 2]]
Epoch 15/40
270/270 - 214s - loss: 0.6259 - accuracy: 0.7806 - precision: 0.5738 - recall: 0.8550 - gen_confusion_matrix: 3.9963 - val_loss: 0.8406 - val_accuracy: 0.4045 - val_precision: 0.1948 - val_recall: 0.7050 - val_gen_confusion_matrix: 7.9265
[[11 16]
 [2 3]]
[[15 12]
 [3 2]]
[[16 12]
 [0 4]]
[[13 13]
 [3 3]]
[[11 13]
 [1 7]]
[[14 12]
 [2 4]]
[[12 15]
 [1 4]]
[[12 11]
 [1 8]]
[[16 12]
 [1 3]]
[[14 15]
 [1 2]]
[[15 11]
 [1 5]]
[[12 14]
 [5 1]]
[[15 13]
 [2 2]]
[[12 18]
 [1 1]]
[[13 14]
 [2 3]]
[[12 13]
 [0 7]]
[[11 15]
 [4 2]]
[[11 13]
 [2 6]]
[[12 10]
 [4 6]]
[[17 12]
 [1 2]]
[[16 14]
 [0 2]]
[[12 12]
 [3 5]]
[[13 10]
 [3 6]]
[[8 13]
 [3 8]]
[[15 12]
 [2 3]]
[[9 18]
 [2 3]]
[[16 12]
 [1 3]]
[[14 16]
 [1 1]]
[[13 13]
 [2 4]]
[[12 10]
 [1 9]]
[[10 13]
 [3 6]]
[[9 15]
 [2 6]]
[[11 14]
 [1 6]]
Epoch 16/40
270/270 - 216s - loss: 0.6207 - accuracy: 0.7984 - precision: 0.5981 - recall: 0.8641 - gen_confusion_matrix: 3.9963 - val_loss: 0.7791 - val_accuracy: 0.5306 - val_precision: 0.2380 - val_recall: 0.6950 - val_gen_confusion_matrix: 7.9265
[[11 10]
 [4 7]]
[[7 17]
 [3 5]]
[[14 11]
 [2 5]]
[[15 13]
 [2 2]]
[[14 15]
 [1 2]]
[[9 18]
 [2 3]]
[[12 16]
 [1 3]]
[[8 18]
 [0 6]]
[[10 15]
 [1 6]]
[[16 11]
 [1 4]]
[[8 17]
 [0 7]]
[[12 15]
 [1 4]]
[[12 14]
 [2 4]]
[[15 13]
 [3 1]]
[[15 13]
 [1 3]]
[[15 11]
 [3 3]]
[[12 14]
 [3 3]]
[[15 11]
 [1 5]]
[[11 15]
 [3 3]]
[[11 14]
 [3 4]]
[[12 14]
 [3 3]]
[[9 16]
 [1 6]]
[[11 16]
 [1 4]]
[[13 12]
 [4 3]]
[[14 13]
 [4 1]]
[[10 15]
 [3 4]]
[[9 16]
 [3 4]]
[[12 12]
 [1 7]]
[[11 15]
 [3 3]]
[[13 10]
 [3 6]]
[[14 15]
 [0 3]]
[[13 12]
 [3 4]]
[[12 16]
 [2 2]]
Epoch 17/40
270/270 - 214s - loss: 0.6132 - accuracy: 0.8151 - precision: 0.6212 - recall: 0.8781 - gen_confusion_matrix: 3.9963 - val_loss: 0.7838 - val_accuracy: 0.4935 - val_precision: 0.2145 - val_recall: 0.6500 - val_gen_confusion_matrix: 7.9265
[[18 10]
 [0 4]]
[[11 13]
 [2 6]]
[[12 13]
 [3 4]]
[[11 15]
 [1 5]]
[[12 14]
 [2 4]]
[[13 14]
 [1 4]]
[[8 23]
 [0 1]]
[[10 13]
 [2 7]]
[[12 13]
 [1 6]]
[[9 19]
 [0 4]]
[[10 13]
 [2 7]]
[[10 18]
 [1 3]]
[[8 18]
 [1 5]]
[[8 17]
 [1 6]]
[[11 17]
 [2 2]]
[[10 17]
 [1 4]]
[[13 14]
 [1 4]]
[[12 15]
 [0 5]]
[[12 13]
 [0 7]]
[[12 17]
 [0 3]]
[[10 14]
 [4 4]]
[[10 11]
 [3 8]]
[[9 17]
 [2 4]]
[[11 15]
 [3 3]]
[[10 17]
 [2 3]]
[[11 11]
 [3 7]]
[[13 16]
 [1 2]]
[[8 14]
 [3 7]]
[[12 14]
 [1 5]]
[[12 15]
 [2 3]]
[[12 16]
 [1 3]]
[[11 14]
 [2 5]]
[[14 13]
 [2 3]]

Epoch 00017: ReduceLROnPlateau reducing learning rate to 3.164062582072802e-05.
Epoch 18/40
270/270 - 214s - loss: 0.6109 - accuracy: 0.8174 - precision: 0.6253 - recall: 0.8756 - gen_confusion_matrix: 3.9963 - val_loss: 0.8356 - val_accuracy: 0.4842 - val_precision: 0.2278 - val_recall: 0.7450 - val_gen_confusion_matrix: 7.9265
[[14 13]
 [3 2]]
[[12 15]
 [3 2]]
[[12 11]
 [3 6]]
[[14 9]
 [4 5]]
[[12 12]
 [3 5]]
[[20 6]
 [0 6]]
[[18 10]
 [2 2]]
[[21 9]
 [1 1]]
[[17 6]
 [4 5]]
[[16 7]
 [7 2]]
[[15 13]
 [3 1]]
[[18 8]
 [2 4]]
[[18 7]
 [3 4]]
[[17 11]
 [3 1]]
[[18 7]
 [4 3]]
[[12 13]
 [4 3]]
[[20 8]
 [1 3]]
[[12 16]
 [4 0]]
[[22 10]
 [0 0]]
[[19 6]
 [3 4]]
[[18 8]
 [5 1]]
[[18 9]
 [2 3]]
[[21 8]
 [2 1]]
[[18 8]
 [5 1]]
[[16 10]
 [3 3]]
[[17 8]
 [5 2]]
[[17 9]
 [2 4]]
[[18 8]
 [3 3]]
[[17 8]
 [4 3]]
[[19 7]
 [4 2]]
[[14 8]
 [5 5]]
[[17 11]
 [1 3]]
[[14 10]
 [3 5]]
Epoch 19/40
270/270 - 215s - loss: 0.6053 - accuracy: 0.8316 - precision: 0.6470 - recall: 0.8830 - gen_confusion_matrix: 3.9963 - val_loss: 0.7453 - val_accuracy: 0.6104 - val_precision: 0.2343 - val_recall: 0.4850 - val_gen_confusion_matrix: 7.9265
[[10 19]
 [2 1]]
[[13 16]
 [0 3]]
[[11 14]
 [3 4]]
[[14 14]
 [1 3]]
[[8 18]
 [2 4]]
[[9 18]
 [2 3]]
[[11 14]
 [1 6]]
[[13 13]
 [2 4]]
[[10 16]
 [3 3]]
[[12 13]
 [1 6]]
[[10 15]
 [1 6]]
[[13 13]
 [2 4]]
[[9 14]
 [4 5]]
[[10 17]
 [2 3]]
[[11 13]
 [1 7]]
[[7 18]
 [3 4]]
[[10 14]
 [3 5]]
[[9 19]
 [2 2]]
[[13 16]
 [1 2]]
[[14 15]
 [1 2]]
[[13 12]
 [3 4]]
[[12 14]
 [3 3]]
[[12 11]
 [1 8]]
[[11 16]
 [1 4]]
[[13 14]
 [2 3]]
[[16 11]
 [1 4]]
[[14 14]
 [1 3]]
[[12 15]
 [1 4]]
[[9 16]
 [6 1]]
[[12 13]
 [2 5]]
[[9 9]
 [4 10]]
[[15 12]
 [2 3]]
[[12 17]
 [0 3]]
Epoch 20/40
270/270 - 216s - loss: 0.6004 - accuracy: 0.8489 - precision: 0.6720 - recall: 0.9044 - gen_confusion_matrix: 3.9963 - val_loss: 0.8167 - val_accuracy: 0.4833 - val_precision: 0.2153 - val_recall: 0.6750 - val_gen_confusion_matrix: 7.9265
[[7 22]
 [1 2]]
[[1 22]
 [2 7]]
[[5 19]
 [2 6]]
[[12 15]
 [0 5]]
[[9 17]
 [1 5]]
[[6 21]
 [0 5]]
[[6 21]
 [0 5]]
[[9 19]
 [0 4]]
[[6 21]
 [0 5]]
[[3 22]
 [0 7]]
[[6 17]
 [1 8]]
[[6 23]
 [1 2]]
[[5 19]
 [2 6]]
[[8 19]
 [1 4]]
[[6 20]
 [0 6]]
[[3 26]
 [0 3]]
[[4 21]
 [2 5]]
[[10 17]
 [1 4]]
[[7 21]
 [1 3]]
[[5 19]
 [2 6]]
[[9 16]
 [1 6]]
[[8 19]
 [1 4]]
[[7 16]
 [3 6]]
[[6 22]
 [0 4]]
[[6 21]
 [1 4]]
[[4 22]
 [1 5]]
[[7 19]
 [3 3]]
[[9 18]
 [0 5]]
[[4 20]
 [1 7]]
[[8 19]
 [0 5]]
[[9 17]
 [1 5]]
[[3 21]
 [0 8]]
[[5 22]
 [0 5]]
Epoch 21/40
270/270 - 214s - loss: 0.5960 - accuracy: 0.8580 - precision: 0.6865 - recall: 0.9110 - gen_confusion_matrix: 3.9963 - val_loss: 0.9757 - val_accuracy: 0.3553 - val_precision: 0.2036 - val_recall: 0.8500 - val_gen_confusion_matrix: 7.9265
[[17 11]
 [2 2]]
[[13 10]
 [6 3]]
[[19 7]
 [2 4]]
[[19 8]
 [3 2]]
[[17 11]
 [1 3]]
[[20 8]
 [2 2]]
[[20 7]
 [4 1]]
[[17 9]
 [6 0]]
[[14 10]
 [3 5]]
[[15 10]
 [5 2]]
[[17 9]
 [2 4]]
[[20 6]
 [3 3]]
[[15 10]
 [6 1]]
[[11 8]
 [8 5]]
[[17 8]
 [5 2]]
[[20 7]
 [1 4]]
[[21 7]
 [3 1]]
[[19 6]
 [3 4]]
[[19 7]
 [4 2]]
[[19 8]
 [2 3]]
[[18 10]
 [3 1]]
[[21 7]
 [2 2]]
[[16 6]
 [6 4]]
[[16 9]
 [5 2]]
[[19 7]
 [4 2]]
[[13 14]
 [3 2]]
[[16 8]
 [4 4]]
[[18 9]
 [4 1]]
[[16 14]
 [2 0]]
[[21 6]
 [1 4]]
[[17 7]
 [4 4]]
[[16 10]
 [5 1]]
[[19 8]
 [4 1]]

Epoch 00021: ReduceLROnPlateau reducing learning rate to 2.3730469365546014e-05.
Epoch 22/40
270/270 - 214s - loss: 0.5910 - accuracy: 0.8686 - precision: 0.7028 - recall: 0.9234 - gen_confusion_matrix: 3.9963 - val_loss: 0.7124 - val_accuracy: 0.6243 - val_precision: 0.2207 - val_recall: 0.4050 - val_gen_confusion_matrix: 7.9265
[[7 19]
 [3 3]]
[[11 15]
 [4 2]]
[[16 9]
 [3 4]]
[[18 10]
 [1 3]]
[[20 9]
 [0 3]]
[[10 12]
 [3 7]]
[[14 14]
 [3 1]]
[[16 10]
 [2 4]]
[[17 10]
 [2 3]]
[[15 10]
 [1 6]]
[[14 12]
 [2 4]]
[[11 16]
 [4 1]]
[[18 12]
 [1 1]]
[[18 9]
 [1 4]]
[[12 17]
 [2 1]]
[[19 12]
 [0 1]]
[[18 8]
 [2 4]]
[[13 6]
 [8 5]]
[[21 5]
 [3 3]]
[[12 9]
 [4 7]]
[[15 9]
 [5 3]]
[[13 14]
 [0 5]]
[[12 11]
 [6 3]]
[[10 13]
 [3 6]]
[[18 13]
 [1 0]]
[[13 13]
 [1 5]]
[[16 14]
 [1 1]]
[[15 9]
 [3 5]]
[[18 11]
 [1 2]]
[[8 18]
 [4 2]]
[[15 13]
 [4 0]]
[[9 10]
 [6 7]]
[[14 11]
 [4 3]]
Epoch 23/40
270/270 - 216s - loss: 0.5909 - accuracy: 0.8756 - precision: 0.7157 - recall: 0.9250 - gen_confusion_matrix: 3.9963 - val_loss: 0.7606 - val_accuracy: 0.5538 - val_precision: 0.2196 - val_recall: 0.5500 - val_gen_confusion_matrix: 7.9265
[[21 5]
 [5 1]]
[[21 6]
 [3 2]]
[[15 7]
 [9 1]]
[[19 7]
 [3 3]]
[[16 13]
 [2 1]]
[[22 4]
 [5 1]]
[[15 6]
 [6 5]]
[[20 4]
 [5 3]]
[[20 6]
 [3 3]]
[[20 8]
 [4 0]]
[[17 10]
 [4 1]]
[[20 9]
 [2 1]]
[[17 9]
 [4 2]]
[[19 7]
 [3 3]]
[[15 13]
 [2 2]]
[[18 7]
 [4 3]]
[[21 6]
 [2 3]]
[[19 7]
 [5 1]]
[[21 7]
 [3 1]]
[[18 7]
 [3 4]]
[[17 10]
 [3 2]]
[[16 7]
 [4 5]]
[[14 8]
 [6 4]]
[[20 5]
 [3 4]]
[[17 10]
 [3 2]]
[[19 7]
 [4 2]]
[[19 4]
 [6 3]]
[[20 4]
 [7 1]]
[[18 9]
 [2 3]]
[[14 15]
 [2 1]]
[[23 6]
 [2 1]]
[[18 10]
 [3 1]]
[[22 7]
 [0 3]]
Epoch 24/40
270/270 - 215s - loss: 0.5885 - accuracy: 0.8756 - precision: 0.7125 - recall: 0.9349 - gen_confusion_matrix: 3.9963 - val_loss: 0.7166 - val_accuracy: 0.6456 - val_precision: 0.2242 - val_recall: 0.3700 - val_gen_confusion_matrix: 7.9265
[[11 17]
 [1 3]]
[[5 22]
 [0 5]]
[[13 12]
 [3 4]]
[[12 13]
 [1 6]]
[[7 19]
 [2 4]]
[[10 16]
 [2 4]]
[[12 12]
 [1 7]]
[[10 14]
 [3 5]]
[[12 17]
 [1 2]]
[[11 15]
 [2 4]]
[[14 14]
 [1 3]]
[[15 10]
 [2 5]]
[[6 18]
 [2 6]]
[[12 13]
 [1 6]]
[[9 15]
 [1 7]]
[[12 16]
 [3 1]]
[[12 14]
 [2 4]]
[[11 19]
 [1 1]]
[[13 14]
 [1 4]]
[[6 22]
 [2 2]]
[[8 21]
 [0 3]]
[[12 14]
 [2 4]]
[[8 17]
 [2 5]]
[[14 11]
 [1 6]]
[[9 18]
 [1 4]]
[[11 16]
 [0 5]]
[[12 17]
 [2 1]]
[[10 14]
 [4 4]]
[[12 12]
 [2 6]]
[[11 17]
 [1 3]]
[[11 11]
 [2 8]]
[[10 18]
 [1 3]]
[[10 13]
 [6 3]]
Epoch 25/40
270/270 - 214s - loss: 0.5871 - accuracy: 0.8825 - precision: 0.7279 - recall: 0.9300 - gen_confusion_matrix: 3.9963 - val_loss: 0.8336 - val_accuracy: 0.4647 - val_precision: 0.2140 - val_recall: 0.7050 - val_gen_confusion_matrix: 7.9265
[[16 9]
 [4 3]]
[[13 12]
 [2 5]]
[[18 12]
 [2 0]]
[[13 11]
 [3 5]]
[[11 14]
 [3 4]]
[[13 14]
 [1 4]]
[[17 9]
 [3 3]]
[[8 12]
 [6 6]]
[[12 16]
 [1 3]]
[[13 11]
 [5 3]]
[[20 7]
 [3 2]]
[[14 9]
 [5 4]]
[[10 17]
 [3 2]]
[[15 13]
 [1 3]]
[[10 16]
 [2 4]]
[[18 10]
 [3 1]]
[[11 14]
 [3 4]]
[[17 11]
 [2 2]]
[[14 7]
 [2 9]]
[[15 11]
 [3 3]]
[[16 10]
 [5 1]]
[[14 13]
 [3 2]]
[[20 8]
 [1 3]]
[[17 11]
 [3 1]]
[[20 10]
 [2 0]]
[[14 12]
 [0 6]]
[[13 14]
 [1 4]]
[[14 12]
 [2 4]]
[[10 13]
 [5 4]]
[[17 6]
 [6 3]]
[[17 9]
 [1 5]]
[[18 10]
 [3 1]]
[[16 12]
 [2 2]]

Epoch 00025: ReduceLROnPlateau reducing learning rate to 1.7797852706280537e-05.
Epoch 26/40
270/270 - 213s - loss: 0.5845 - accuracy: 0.8879 - precision: 0.7386 - recall: 0.9308 - gen_confusion_matrix: 3.9963 - val_loss: 0.7648 - val_accuracy: 0.5575 - val_precision: 0.2179 - val_recall: 0.5350 - val_gen_confusion_matrix: 7.9265
Epoch 00026: early stopping

 See logs at ../../cache/conv___04_1519___all_sw_coch_preprocessed_v2_param_v29_augm_v0_cleaned_8000___mod9_sorted_postshuffle___2078/logs/