Category:  coch
Dataset:  all_sw_coch_preprocessed_v2_param_v29_augm_v0_cleaned_8000.pkl
File:  conv.train2188
Description:  augm
2021-06-03 23:03:35.892922: I tensorflow/stream_executor/platform/default/dso_loader.cc:49] Successfully opened dynamic library libcudart.so.11.0
WARNING:tensorflow:From /home/alirachidi/classification_algorithm/trainers/main/models/conv/modules/augmentation.py:19: experimental_run_functions_eagerly (from tensorflow.python.eager.def_function) is deprecated and will be removed in a future version.
Instructions for updating:
Use `tf.config.run_functions_eagerly` instead of the experimental version.
2021-06-03 23:03:38.192598: I tensorflow/compiler/jit/xla_cpu_device.cc:41] Not creating XLA devices, tf_xla_enable_xla_devices not set
2021-06-03 23:03:38.193527: I tensorflow/stream_executor/platform/default/dso_loader.cc:49] Successfully opened dynamic library libcuda.so.1
2021-06-03 23:03:38.205907: I tensorflow/stream_executor/cuda/cuda_gpu_executor.cc:941] successful NUMA node read from SysFS had negative value (-1), but there must be at least one NUMA node, so returning NUMA node zero
2021-06-03 23:03:38.206585: I tensorflow/core/common_runtime/gpu/gpu_device.cc:1720] Found device 0 with properties: 
pciBusID: 0000:00:04.0 name: Tesla T4 computeCapability: 7.5
coreClock: 1.59GHz coreCount: 40 deviceMemorySize: 14.75GiB deviceMemoryBandwidth: 298.08GiB/s
2021-06-03 23:03:38.206610: I tensorflow/stream_executor/platform/default/dso_loader.cc:49] Successfully opened dynamic library libcudart.so.11.0
2021-06-03 23:03:38.209921: I tensorflow/stream_executor/platform/default/dso_loader.cc:49] Successfully opened dynamic library libcublas.so.11
2021-06-03 23:03:38.210010: I tensorflow/stream_executor/platform/default/dso_loader.cc:49] Successfully opened dynamic library libcublasLt.so.11
2021-06-03 23:03:38.211140: I tensorflow/stream_executor/platform/default/dso_loader.cc:49] Successfully opened dynamic library libcufft.so.10
2021-06-03 23:03:38.211415: I tensorflow/stream_executor/platform/default/dso_loader.cc:49] Successfully opened dynamic library libcurand.so.10
2021-06-03 23:03:38.212394: I tensorflow/stream_executor/platform/default/dso_loader.cc:49] Successfully opened dynamic library libcusolver.so.10
2021-06-03 23:03:38.213236: I tensorflow/stream_executor/platform/default/dso_loader.cc:49] Successfully opened dynamic library libcusparse.so.11
2021-06-03 23:03:38.213387: I tensorflow/stream_executor/platform/default/dso_loader.cc:49] Successfully opened dynamic library libcudnn.so.8
2021-06-03 23:03:38.213491: I tensorflow/stream_executor/cuda/cuda_gpu_executor.cc:941] successful NUMA node read from SysFS had negative value (-1), but there must be at least one NUMA node, so returning NUMA node zero
2021-06-03 23:03:38.214214: I tensorflow/stream_executor/cuda/cuda_gpu_executor.cc:941] successful NUMA node read from SysFS had negative value (-1), but there must be at least one NUMA node, so returning NUMA node zero
2021-06-03 23:03:38.214835: I tensorflow/core/common_runtime/gpu/gpu_device.cc:1862] Adding visible gpu devices: 0
Tensorflow Version: 2.4.0
Num GPUs Available:  1
-----------------------
Using module: nv/train2188.py
Using train_file: ../../data/datasets/all_sw_coch_preprocessed_v2_param_v29_augm_v0_cleaned_8000.pkl
Job directory: ../../new_cache/conv__2188__06_2246__v29__augm
Parameters: {'N_CLASSES': 1, 'SR': 8000, 'BATCH_SIZE': 16, 'LR': 0.001, 'SHAPE': [128, 1250], 'LL2_REG': 0, 'WEIGHT_DECAY': 0.001, 'N_EPOCHS': 80, 'FACTOR': 0.75, 'PATIENCE': 4, 'MIN_LR': 1e-08, 'LABEL_SMOOTHING': 0, 'EPSILON': 1e-07, 'ES_PATIENCE': 25, 'OVERSAMPLE': 0, 'MIN_DELTA': 0, 'PARAM': 'v29', 'EPOCH_START': 1, 'CLAUSE': 1, 'TARGET': 1, 'INITIAL_CHANNELS': 1, 'CLASS_WEIGHTS': 0, 'SIX': 0, 'CONCAT': 0, 'TESTING': 0}
Augmentation parameters for audio: {'ADD': 1, 'QUANTITY': 500, 'WAV_PATH': 'v36,v37'}
Augmentation parameters for spectrograms: {'ADD': 1, 'QUANTITY': 500, 'TIME_MASKING': 1, 'FREQUENCY_MASKING': 1, 'LOUDNESS': 0}
-----------------------
Collecting Variables...
All variables have been collected.
/home/alirachidi/anaconda3/envs/LungSoundClass/lib/python3.7/site-packages/tensorflow_addons/utils/ensure_tf_install.py:68: UserWarning: Tensorflow Addons supports using Python ops for all Tensorflow versions above or equal to 2.2.0 and strictly below 2.3.0 (nightly versions are not supported). 
 The versions of TensorFlow you are currently using is 2.4.0 and is not supported. 
Some things might work, some things might not.
If you were to encounter a bug, do not file an issue.
If you want to make sure you're using a tested and supported configuration, either change the TensorFlow version or the TensorFlow Addons's version. 
You can find the compatibility matrix in TensorFlow Addon's readme:
https://github.com/tensorflow/addons
  UserWarning,
wandb: W&B syncing is set to `offline` in this directory.  Run `wandb online` or set WANDB_MODE=online to enable cloud syncing.
2021-06-03 23:07:03.380715: I tensorflow/compiler/jit/xla_gpu_device.cc:99] Not creating XLA devices, tf_xla_enable_xla_devices not set
2021-06-03 23:07:03.381032: I tensorflow/stream_executor/cuda/cuda_gpu_executor.cc:941] successful NUMA node read from SysFS had negative value (-1), but there must be at least one NUMA node, so returning NUMA node zero
2021-06-03 23:07:03.382122: I tensorflow/core/common_runtime/gpu/gpu_device.cc:1720] Found device 0 with properties: 
pciBusID: 0000:00:04.0 name: Tesla T4 computeCapability: 7.5
coreClock: 1.59GHz coreCount: 40 deviceMemorySize: 14.75GiB deviceMemoryBandwidth: 298.08GiB/s
2021-06-03 23:07:03.382226: I tensorflow/stream_executor/platform/default/dso_loader.cc:49] Successfully opened dynamic library libcudart.so.11.0
2021-06-03 23:07:03.382388: I tensorflow/stream_executor/platform/default/dso_loader.cc:49] Successfully opened dynamic library libcublas.so.11
2021-06-03 23:07:03.382529: I tensorflow/stream_executor/platform/default/dso_loader.cc:49] Successfully opened dynamic library libcublasLt.so.11
2021-06-03 23:07:03.382634: I tensorflow/stream_executor/platform/default/dso_loader.cc:49] Successfully opened dynamic library libcufft.so.10
2021-06-03 23:07:03.382699: I tensorflow/stream_executor/platform/default/dso_loader.cc:49] Successfully opened dynamic library libcurand.so.10
2021-06-03 23:07:03.382771: I tensorflow/stream_executor/platform/default/dso_loader.cc:49] Successfully opened dynamic library libcusolver.so.10
2021-06-03 23:07:03.382843: I tensorflow/stream_executor/platform/default/dso_loader.cc:49] Successfully opened dynamic library libcusparse.so.11
2021-06-03 23:07:03.382920: I tensorflow/stream_executor/platform/default/dso_loader.cc:49] Successfully opened dynamic library libcudnn.so.8
2021-06-03 23:07:03.383150: I tensorflow/stream_executor/cuda/cuda_gpu_executor.cc:941] successful NUMA node read from SysFS had negative value (-1), but there must be at least one NUMA node, so returning NUMA node zero
2021-06-03 23:07:03.384290: I tensorflow/stream_executor/cuda/cuda_gpu_executor.cc:941] successful NUMA node read from SysFS had negative value (-1), but there must be at least one NUMA node, so returning NUMA node zero
2021-06-03 23:07:03.385226: I tensorflow/core/common_runtime/gpu/gpu_device.cc:1862] Adding visible gpu devices: 0
2021-06-03 23:07:03.385285: I tensorflow/stream_executor/platform/default/dso_loader.cc:49] Successfully opened dynamic library libcudart.so.11.0
2021-06-03 23:07:04.089162: I tensorflow/core/common_runtime/gpu/gpu_device.cc:1261] Device interconnect StreamExecutor with strength 1 edge matrix:
2021-06-03 23:07:04.089208: I tensorflow/core/common_runtime/gpu/gpu_device.cc:1267]      0 
2021-06-03 23:07:04.089216: I tensorflow/core/common_runtime/gpu/gpu_device.cc:1280] 0:   N 
2021-06-03 23:07:04.089525: I tensorflow/stream_executor/cuda/cuda_gpu_executor.cc:941] successful NUMA node read from SysFS had negative value (-1), but there must be at least one NUMA node, so returning NUMA node zero
2021-06-03 23:07:04.090331: I tensorflow/stream_executor/cuda/cuda_gpu_executor.cc:941] successful NUMA node read from SysFS had negative value (-1), but there must be at least one NUMA node, so returning NUMA node zero
2021-06-03 23:07:04.091043: I tensorflow/stream_executor/cuda/cuda_gpu_executor.cc:941] successful NUMA node read from SysFS had negative value (-1), but there must be at least one NUMA node, so returning NUMA node zero
2021-06-03 23:07:04.092098: I tensorflow/core/common_runtime/gpu/gpu_device.cc:1406] Created TensorFlow device (/job:localhost/replica:0/task:0/device:GPU:0 with 13968 MB memory) -> physical GPU (device: 0, name: Tesla T4, pci bus id: 0000:00:04.0, compute capability: 7.5)
Original number of folders: 453
Original length of train samples: 4212
Augmenting audios...
Augmenting audios...
Length of training samples after audio augmentation: 5212
Augmenting spectrograms...
2 functions are being applied
Length of training samples after spec augmentation: 5712
The initial learning rate for this job is: 0.0007373949579831934
With concat = False and six = False, size of training set: 5712...
...and size of validation set: 1072
Model: "conv2d"
__________________________________________________________________________________________________
Layer (type)                    Output Shape         Param #     Connected to                     
==================================================================================================
input_1 (InputLayer)            [(None, 128, 1250, 1 0                                            
__________________________________________________________________________________________________
batch_normalization (BatchNorma (None, 128, 1250, 1) 4           input_1[0][0]                    
__________________________________________________________________________________________________
conv2d (Conv2D)                 (None, 128, 1250, 16 32          batch_normalization[0][0]        
__________________________________________________________________________________________________
conv2d_2 (Conv2D)               (None, 128, 1250, 16 32          batch_normalization[0][0]        
__________________________________________________________________________________________________
max_pooling2d (MaxPooling2D)    (None, 128, 1250, 1) 0           batch_normalization[0][0]        
__________________________________________________________________________________________________
conv2d_1 (Conv2D)               (None, 128, 1250, 16 2320        conv2d[0][0]                     
__________________________________________________________________________________________________
conv2d_3 (Conv2D)               (None, 128, 1250, 16 6416        conv2d_2[0][0]                   
__________________________________________________________________________________________________
conv2d_4 (Conv2D)               (None, 128, 1250, 16 32          max_pooling2d[0][0]              
__________________________________________________________________________________________________
concatenate (Concatenate)       (None, 128, 1250, 48 0           conv2d_1[0][0]                   
                                                                 conv2d_3[0][0]                   
                                                                 conv2d_4[0][0]                   
__________________________________________________________________________________________________
average_pooling2d (AveragePooli (None, 64, 625, 48)  0           concatenate[0][0]                
__________________________________________________________________________________________________
batch_normalization_1 (BatchNor (None, 64, 625, 48)  192         average_pooling2d[0][0]          
__________________________________________________________________________________________________
dropout (Dropout)               (None, 64, 625, 48)  0           batch_normalization_1[0][0]      
__________________________________________________________________________________________________
inverted_residual (InvertedResi (None, 64, 625, 32)  35840       dropout[0][0]                    
__________________________________________________________________________________________________
inverted_residual_1 (InvertedRe (None, 64, 625, 32)  20864       inverted_residual[0][0]          
__________________________________________________________________________________________________
average_pooling2d_1 (AveragePoo (None, 32, 312, 32)  0           inverted_residual_1[0][0]        
__________________________________________________________________________________________________
batch_normalization_2 (BatchNor (None, 32, 312, 32)  128         average_pooling2d_1[0][0]        
__________________________________________________________________________________________________
dropout_1 (Dropout)             (None, 32, 312, 32)  0           batch_normalization_2[0][0]      
__________________________________________________________________________________________________
inverted_residual_2 (InvertedRe (None, 32, 312, 64)  27136       dropout_1[0][0]                  
__________________________________________________________________________________________________
inverted_residual_3 (InvertedRe (None, 32, 312, 64)  66304       inverted_residual_2[0][0]        
__________________________________________________________________________________________________
average_pooling2d_2 (AveragePoo (None, 16, 156, 64)  0           inverted_residual_3[0][0]        
__________________________________________________________________________________________________
batch_normalization_3 (BatchNor (None, 16, 156, 64)  256         average_pooling2d_2[0][0]        
__________________________________________________________________________________________________
dropout_2 (Dropout)             (None, 16, 156, 64)  0           batch_normalization_3[0][0]      
__________________________________________________________________________________________________
inverted_residual_4 (InvertedRe (None, 16, 156, 128) 91136       dropout_2[0][0]                  
__________________________________________________________________________________________________
inverted_residual_5 (InvertedRe (None, 16, 156, 128) 230912      inverted_residual_4[0][0]        
__________________________________________________________________________________________________
average_pooling2d_3 (AveragePoo (None, 8, 78, 128)   0           inverted_residual_5[0][0]        
__________________________________________________________________________________________________
batch_normalization_4 (BatchNor (None, 8, 78, 128)   512         average_pooling2d_3[0][0]        
__________________________________________________________________________________________________
dropout_3 (Dropout)             (None, 8, 78, 128)   0           batch_normalization_4[0][0]      
__________________________________________________________________________________________________
inverted_residual_6 (InvertedRe (None, 8, 78, 256)   329728      dropout_3[0][0]                  
__________________________________________________________________________________________________
inverted_residual_7 (InvertedRe (None, 8, 78, 256)   855040      inverted_residual_6[0][0]        
__________________________________________________________________________________________________
average_pooling2d_4 (AveragePoo (None, 4, 39, 256)   0           inverted_residual_7[0][0]        
__________________________________________________________________________________________________
batch_normalization_5 (BatchNor (None, 4, 39, 256)   1024        average_pooling2d_4[0][0]        
__________________________________________________________________________________________________
dropout_4 (Dropout)             (None, 4, 39, 256)   0           batch_normalization_5[0][0]      
__________________________________________________________________________________________________
inverted_residual_8 (InvertedRe (None, 4, 39, 512)   1249280     dropout_4[0][0]                  
__________________________________________________________________________________________________
inverted_residual_9 (InvertedRe (None, 4, 39, 512)   3282944     inverted_residual_8[0][0]        
__________________________________________________________________________________________________
global_average_pooling2d (Globa (None, 512)          0           inverted_residual_9[0][0]        
__________________________________________________________________________________________________
dense (Dense)                   (None, 1)            513         global_average_pooling2d[0][0]   
==================================================================================================
Total params: 6,200,645
Trainable params: 6,159,139
Non-trainable params: 41,506
__________________________________________________________________________________________________
2021-06-03 23:07:05.373866: I tensorflow/compiler/mlir/mlir_graph_optimization_pass.cc:116] None of the MLIR optimization passes are enabled (registered 2)
/home/alirachidi/anaconda3/envs/LungSoundClass/lib/python3.7/site-packages/tensorflow/python/data/ops/dataset_ops.py:3504: UserWarning: Even though the tf.config.experimental_run_functions_eagerly option is set, this option does not apply to tf.data functions. tf.data functions are still traced and executed as graphs.
  "Even though the tf.config.experimental_run_functions_eagerly "
2021-06-03 23:07:05.375818: I tensorflow/core/platform/profile_utils/cpu_utils.cc:112] CPU Frequency: 2299995000 Hz
2021-06-03 23:07:05.718326: I tensorflow/stream_executor/platform/default/dso_loader.cc:49] Successfully opened dynamic library libcudnn.so.8
2021-06-03 23:07:07.589732: I tensorflow/stream_executor/platform/default/dso_loader.cc:49] Successfully opened dynamic library libcublas.so.11
2021-06-03 23:07:08.096461: I tensorflow/stream_executor/platform/default/dso_loader.cc:49] Successfully opened dynamic library libcublasLt.so.11
Epoch 1/80
357/357 - 495s - loss: 0.6095 - accuracy: 0.7306 - val_loss: 0.5866 - val_accuracy: 0.7313
Confusion matrix: 
 [[784   0]
 [288   0]]
/home/alirachidi/anaconda3/envs/LungSoundClass/lib/python3.7/site-packages/sklearn/metrics/_classification.py:1272: UndefinedMetricWarning: Precision and F-score are ill-defined and being set to 0.0 due to no predicted samples. Use `zero_division` parameter to control this behavior.
  _warn_prf(average, modifier, msg_start, len(result))
Normalized Confusion matrix: 
 [[1. 0.]
 [1. 0.]]
Validation f1: 0.00
Validation accuracy: 73.13
Validation recall: 0.00
Validation precision: 0.00
Validation AUC: 0.23478747995151833
Validation class accuracies: [1.0, 0.0]
The clause is activated.
The training is defaulting to either class.
Epoch 2/80
357/357 - 496s - loss: 0.5685 - accuracy: 0.7423 - val_loss: 0.6973 - val_accuracy: 0.7183
Confusion matrix: 
 [[745  39]
 [263  25]]
/home/alirachidi/anaconda3/envs/LungSoundClass/lib/python3.7/site-packages/tensorflow/python/data/ops/dataset_ops.py:3504: UserWarning: Even though the tf.config.experimental_run_functions_eagerly option is set, this option does not apply to tf.data functions. tf.data functions are still traced and executed as graphs.
  "Even though the tf.config.experimental_run_functions_eagerly "
Normalized Confusion matrix: 
 [[0.9502551  0.0497449 ]
 [0.91319444 0.08680556]]
Validation f1: 14.20
Validation accuracy: 71.83
Validation recall: 8.68
Validation precision: 39.06
Validation AUC: 0.29901628833714977
Validation class accuracies: [0.9502551020408163, 0.08680555555555555]
The clause is activated.
The training is defaulting to either class.
Epoch 3/80
357/357 - 496s - loss: 0.5696 - accuracy: 0.7393 - val_loss: 17.8138 - val_accuracy: 0.2677
Confusion matrix: 
 [[  0 784]
 [  1 287]]
/home/alirachidi/anaconda3/envs/LungSoundClass/lib/python3.7/site-packages/tensorflow/python/data/ops/dataset_ops.py:3504: UserWarning: Even though the tf.config.experimental_run_functions_eagerly option is set, this option does not apply to tf.data functions. tf.data functions are still traced and executed as graphs.
  "Even though the tf.config.experimental_run_functions_eagerly "
Normalized Confusion matrix: 
 [[0.         1.        ]
 [0.00347222 0.99652778]]
Validation f1: 42.24
Validation accuracy: 26.77
Validation recall: 99.65
Validation precision: 26.80
Validation AUC: 0.562649287312638
Validation class accuracies: [0.0, 0.9965277777777778]
The clause is activated.
The training is defaulting to either class.
Epoch 4/80
357/357 - 496s - loss: 0.5669 - accuracy: 0.7449 - val_loss: 0.6442 - val_accuracy: 0.7313
Confusion matrix: 
 [[784   0]
 [288   0]]
/home/alirachidi/anaconda3/envs/LungSoundClass/lib/python3.7/site-packages/tensorflow/python/data/ops/dataset_ops.py:3504: UserWarning: Even though the tf.config.experimental_run_functions_eagerly option is set, this option does not apply to tf.data functions. tf.data functions are still traced and executed as graphs.
  "Even though the tf.config.experimental_run_functions_eagerly "
/home/alirachidi/anaconda3/envs/LungSoundClass/lib/python3.7/site-packages/sklearn/metrics/_classification.py:1272: UndefinedMetricWarning: Precision and F-score are ill-defined and being set to 0.0 due to no predicted samples. Use `zero_division` parameter to control this behavior.
  _warn_prf(average, modifier, msg_start, len(result))
Normalized Confusion matrix: 
 [[1. 0.]
 [1. 0.]]
Validation f1: 0.00
Validation accuracy: 73.13
Validation recall: 0.00
Validation precision: 0.00
Validation AUC: 0.31990517719164746
Validation class accuracies: [1.0, 0.0]
The clause is activated.
The training is defaulting to either class.
Epoch 5/80
357/357 - 496s - loss: 0.5623 - accuracy: 0.7453 - val_loss: 0.5768 - val_accuracy: 0.7313
Confusion matrix: 
 [[784   0]
 [288   0]]
Normalized Confusion matrix: 
 [[1. 0.]
 [1. 0.]]
/home/alirachidi/anaconda3/envs/LungSoundClass/lib/python3.7/site-packages/tensorflow/python/data/ops/dataset_ops.py:3504: UserWarning: Even though the tf.config.experimental_run_functions_eagerly option is set, this option does not apply to tf.data functions. tf.data functions are still traced and executed as graphs.
  "Even though the tf.config.experimental_run_functions_eagerly "
/home/alirachidi/anaconda3/envs/LungSoundClass/lib/python3.7/site-packages/sklearn/metrics/_classification.py:1272: UndefinedMetricWarning: Precision and F-score are ill-defined and being set to 0.0 due to no predicted samples. Use `zero_division` parameter to control this behavior.
  _warn_prf(average, modifier, msg_start, len(result))
Validation f1: 0.00
Validation accuracy: 73.13
Validation recall: 0.00
Validation precision: 0.00
Validation AUC: 0.31727135588472866
Validation class accuracies: [1.0, 0.0]
The clause is activated.
The training is defaulting to either class.
Epoch 6/80
357/357 - 496s - loss: 0.5603 - accuracy: 0.7444 - val_loss: 0.5669 - val_accuracy: 0.7313
Confusion matrix: 
 [[784   0]
 [288   0]]
Normalized Confusion matrix: 
 [[1. 0.]
 [1. 0.]]
/home/alirachidi/anaconda3/envs/LungSoundClass/lib/python3.7/site-packages/tensorflow/python/data/ops/dataset_ops.py:3504: UserWarning: Even though the tf.config.experimental_run_functions_eagerly option is set, this option does not apply to tf.data functions. tf.data functions are still traced and executed as graphs.
  "Even though the tf.config.experimental_run_functions_eagerly "
/home/alirachidi/anaconda3/envs/LungSoundClass/lib/python3.7/site-packages/sklearn/metrics/_classification.py:1272: UndefinedMetricWarning: Precision and F-score are ill-defined and being set to 0.0 due to no predicted samples. Use `zero_division` parameter to control this behavior.
  _warn_prf(average, modifier, msg_start, len(result))
Validation f1: 0.00
Validation accuracy: 73.13
Validation recall: 0.00
Validation precision: 0.00
Validation AUC: 0.3431973925361735
Validation class accuracies: [1.0, 0.0]
The clause is activated.
The training is defaulting to either class.
Epoch 7/80
357/357 - 496s - loss: 0.5598 - accuracy: 0.7447 - val_loss: 0.5699 - val_accuracy: 0.7313
Confusion matrix: 
 [[784   0]
 [288   0]]
Normalized Confusion matrix: 
 [[1. 0.]
 [1. 0.]]
/home/alirachidi/anaconda3/envs/LungSoundClass/lib/python3.7/site-packages/tensorflow/python/data/ops/dataset_ops.py:3504: UserWarning: Even though the tf.config.experimental_run_functions_eagerly option is set, this option does not apply to tf.data functions. tf.data functions are still traced and executed as graphs.
  "Even though the tf.config.experimental_run_functions_eagerly "
/home/alirachidi/anaconda3/envs/LungSoundClass/lib/python3.7/site-packages/sklearn/metrics/_classification.py:1272: UndefinedMetricWarning: Precision and F-score are ill-defined and being set to 0.0 due to no predicted samples. Use `zero_division` parameter to control this behavior.
  _warn_prf(average, modifier, msg_start, len(result))
Validation f1: 0.00
Validation accuracy: 73.13
Validation recall: 0.00
Validation precision: 0.00
Validation AUC: 0.3506420517953056
Validation class accuracies: [1.0, 0.0]
The clause is activated.
The training is defaulting to either class.
Epoch 8/80
357/357 - 496s - loss: 0.5566 - accuracy: 0.7426 - val_loss: 1.2269 - val_accuracy: 0.7239
Confusion matrix: 
 [[770  14]
 [282   6]]
/home/alirachidi/anaconda3/envs/LungSoundClass/lib/python3.7/site-packages/tensorflow/python/data/ops/dataset_ops.py:3504: UserWarning: Even though the tf.config.experimental_run_functions_eagerly option is set, this option does not apply to tf.data functions. tf.data functions are still traced and executed as graphs.
  "Even though the tf.config.experimental_run_functions_eagerly "
Normalized Confusion matrix: 
 [[0.98214286 0.01785714]
 [0.97916667 0.02083333]]
Validation f1: 3.90
Validation accuracy: 72.39
Validation recall: 2.08
Validation precision: 30.00
Validation AUC: 0.24651045547326011
Validation class accuracies: [0.9821428571428571, 0.020833333333333332]
The clause is activated.
The training is defaulting to either class.
Epoch 9/80
357/357 - 497s - loss: 0.5583 - accuracy: 0.7444 - val_loss: 0.5864 - val_accuracy: 0.7323
Confusion matrix: 
 [[783   1]
 [286   2]]
/home/alirachidi/anaconda3/envs/LungSoundClass/lib/python3.7/site-packages/tensorflow/python/data/ops/dataset_ops.py:3504: UserWarning: Even though the tf.config.experimental_run_functions_eagerly option is set, this option does not apply to tf.data functions. tf.data functions are still traced and executed as graphs.
  "Even though the tf.config.experimental_run_functions_eagerly "
Normalized Confusion matrix: 
 [[0.99872449 0.00127551]
 [0.99305556 0.00694444]]
Validation f1: 1.37
Validation accuracy: 73.23
Validation recall: 0.69
Validation precision: 66.67
Validation AUC: 0.33847936186467575
Validation class accuracies: [0.9987244897959183, 0.006944444444444444]
The clause is activated.
The training is defaulting to either class.
Epoch 10/80
357/357 - 496s - loss: 0.5513 - accuracy: 0.7444 - val_loss: 0.6213 - val_accuracy: 0.7323
Confusion matrix: 
 [[784   0]
 [287   1]]
/home/alirachidi/anaconda3/envs/LungSoundClass/lib/python3.7/site-packages/tensorflow/python/data/ops/dataset_ops.py:3504: UserWarning: Even though the tf.config.experimental_run_functions_eagerly option is set, this option does not apply to tf.data functions. tf.data functions are still traced and executed as graphs.
  "Even though the tf.config.experimental_run_functions_eagerly "
Normalized Confusion matrix: 
 [[1.         0.        ]
 [0.99652778 0.00347222]]
Validation f1: 0.69
Validation accuracy: 73.23
Validation recall: 0.35
Validation precision: 100.00
Validation AUC: 0.36583961150655825
Validation class accuracies: [1.0, 0.003472222222222222]
The clause is activated.
The training is defaulting to either class.
Epoch 11/80
357/357 - 496s - loss: 0.5430 - accuracy: 0.7481 - val_loss: 0.6000 - val_accuracy: 0.7276
Confusion matrix: 
 [[775   9]
 [283   5]]
/home/alirachidi/anaconda3/envs/LungSoundClass/lib/python3.7/site-packages/tensorflow/python/data/ops/dataset_ops.py:3504: UserWarning: Even though the tf.config.experimental_run_functions_eagerly option is set, this option does not apply to tf.data functions. tf.data functions are still traced and executed as graphs.
  "Even though the tf.config.experimental_run_functions_eagerly "
Normalized Confusion matrix: 
 [[0.98852041 0.01147959]
 [0.98263889 0.01736111]]
Validation f1: 3.31
Validation accuracy: 72.76
Validation recall: 1.74
Validation precision: 35.71
Validation AUC: 0.2888527745109882
Validation class accuracies: [0.9885204081632653, 0.017361111111111112]
The clause is activated.
The training is defaulting to either class.
Epoch 12/80
357/357 - 497s - loss: 0.5422 - accuracy: 0.7463 - val_loss: 0.6004 - val_accuracy: 0.7257
Confusion matrix: 
 [[770  14]
 [280   8]]
/home/alirachidi/anaconda3/envs/LungSoundClass/lib/python3.7/site-packages/tensorflow/python/data/ops/dataset_ops.py:3504: UserWarning: Even though the tf.config.experimental_run_functions_eagerly option is set, this option does not apply to tf.data functions. tf.data functions are still traced and executed as graphs.
  "Even though the tf.config.experimental_run_functions_eagerly "
Normalized Confusion matrix: 
 [[0.98214286 0.01785714]
 [0.97222222 0.02777778]]
Validation f1: 5.16
Validation accuracy: 72.57
Validation recall: 2.78
Validation precision: 36.36
Validation AUC: 0.32121243650397324
Validation class accuracies: [0.9821428571428571, 0.027777777777777776]
The clause is activated.
The training is defaulting to either class.
Epoch 13/80
357/357 - 496s - loss: 0.5364 - accuracy: 0.7475 - val_loss: 0.6272 - val_accuracy: 0.7127
Confusion matrix: 
 [[733  51]
 [257  31]]
/home/alirachidi/anaconda3/envs/LungSoundClass/lib/python3.7/site-packages/tensorflow/python/data/ops/dataset_ops.py:3504: UserWarning: Even though the tf.config.experimental_run_functions_eagerly option is set, this option does not apply to tf.data functions. tf.data functions are still traced and executed as graphs.
  "Even though the tf.config.experimental_run_functions_eagerly "
Normalized Confusion matrix: 
 [[0.93494898 0.06505102]
 [0.89236111 0.10763889]]
Validation f1: 16.76
Validation accuracy: 71.27
Validation recall: 10.76
Validation precision: 37.80
Validation AUC: 0.3223754388015465
Validation class accuracies: [0.9349489795918368, 0.1076388888888889]
The clause is activated.
The training is defaulting to either class.
Epoch 14/80
357/357 - 496s - loss: 0.5312 - accuracy: 0.7504 - val_loss: 0.5910 - val_accuracy: 0.7220
Confusion matrix: 
 [[759  25]
 [273  15]]
/home/alirachidi/anaconda3/envs/LungSoundClass/lib/python3.7/site-packages/tensorflow/python/data/ops/dataset_ops.py:3504: UserWarning: Even though the tf.config.experimental_run_functions_eagerly option is set, this option does not apply to tf.data functions. tf.data functions are still traced and executed as graphs.
  "Even though the tf.config.experimental_run_functions_eagerly "
Normalized Confusion matrix: 
 [[0.96811224 0.03188776]
 [0.94791667 0.05208333]]
Validation f1: 9.15
Validation accuracy: 72.20
Validation recall: 5.21
Validation precision: 37.50
Validation AUC: 0.32800244882129365
Validation class accuracies: [0.9681122448979592, 0.052083333333333336]
The clause is activated.
The training is defaulting to either class.
Epoch 15/80
357/357 - 496s - loss: 0.5248 - accuracy: 0.7500 - val_loss: 0.6165 - val_accuracy: 0.7201
Confusion matrix: 
 [[749  35]
 [265  23]]
/home/alirachidi/anaconda3/envs/LungSoundClass/lib/python3.7/site-packages/tensorflow/python/data/ops/dataset_ops.py:3504: UserWarning: Even though the tf.config.experimental_run_functions_eagerly option is set, this option does not apply to tf.data functions. tf.data functions are still traced and executed as graphs.
  "Even though the tf.config.experimental_run_functions_eagerly "
Normalized Confusion matrix: 
 [[0.95535714 0.04464286]
 [0.92013889 0.07986111]]
Validation f1: 13.29
Validation accuracy: 72.01
Validation recall: 7.99
Validation precision: 39.66
Validation AUC: 0.3159952182171622
Validation class accuracies: [0.9553571428571429, 0.0798611111111111]
The clause is activated.
The training is defaulting to either class.
Epoch 16/80
357/357 - 496s - loss: 0.5060 - accuracy: 0.7654 - val_loss: 0.6200 - val_accuracy: 0.7220
Confusion matrix: 
 [[757  27]
 [271  17]]
/home/alirachidi/anaconda3/envs/LungSoundClass/lib/python3.7/site-packages/tensorflow/python/data/ops/dataset_ops.py:3504: UserWarning: Even though the tf.config.experimental_run_functions_eagerly option is set, this option does not apply to tf.data functions. tf.data functions are still traced and executed as graphs.
  "Even though the tf.config.experimental_run_functions_eagerly "
Normalized Confusion matrix: 
 [[0.96556122 0.03443878]
 [0.94097222 0.05902778]]
Validation f1: 10.24
Validation accuracy: 72.20
Validation recall: 5.90
Validation precision: 38.64
Validation AUC: 0.3149653308274483
Validation class accuracies: [0.9655612244897959, 0.059027777777777776]
The clause is activated.
The training is defaulting to either class.
Epoch 17/80
357/357 - 496s - loss: 0.4982 - accuracy: 0.7659 - val_loss: 0.6197 - val_accuracy: 0.7043
Confusion matrix: 
 [[703  81]
 [236  52]]
/home/alirachidi/anaconda3/envs/LungSoundClass/lib/python3.7/site-packages/tensorflow/python/data/ops/dataset_ops.py:3504: UserWarning: Even though the tf.config.experimental_run_functions_eagerly option is set, this option does not apply to tf.data functions. tf.data functions are still traced and executed as graphs.
  "Even though the tf.config.experimental_run_functions_eagerly "
Normalized Confusion matrix: 
 [[0.89668367 0.10331633]
 [0.81944444 0.18055556]]
Validation f1: 24.70
Validation accuracy: 70.43
Validation recall: 18.06
Validation precision: 39.10
Validation AUC: 0.3292193508564678
Validation class accuracies: [0.8966836734693877, 0.18055555555555555]
The clause is activated.
Not defaulting.
Lr has been adjusted to 0.000750000006519258
Saving model...
Epoch 18/80
357/357 - 497s - loss: 0.4662 - accuracy: 0.7864 - val_loss: 0.7472 - val_accuracy: 0.7248
Confusion matrix: 
 [[768  16]
 [279   9]]
/home/alirachidi/anaconda3/envs/LungSoundClass/lib/python3.7/site-packages/tensorflow/python/data/ops/dataset_ops.py:3504: UserWarning: Even though the tf.config.experimental_run_functions_eagerly option is set, this option does not apply to tf.data functions. tf.data functions are still traced and executed as graphs.
  "Even though the tf.config.experimental_run_functions_eagerly "
Normalized Confusion matrix: 
 [[0.97959184 0.02040816]
 [0.96875    0.03125   ]]
Validation f1: 5.75
Validation accuracy: 72.48
Validation recall: 3.12
Validation precision: 36.00
Validation AUC: 0.31155778548673696
Validation class accuracies: [0.9795918367346939, 0.03125]
The clause is activated.
The training is defaulting to either class.
Epoch 19/80
357/357 - 496s - loss: 0.4416 - accuracy: 0.7985 - val_loss: 0.7180 - val_accuracy: 0.6418
Confusion matrix: 
 [[610 174]
 [210  78]]
/home/alirachidi/anaconda3/envs/LungSoundClass/lib/python3.7/site-packages/tensorflow/python/data/ops/dataset_ops.py:3504: UserWarning: Even though the tf.config.experimental_run_functions_eagerly option is set, this option does not apply to tf.data functions. tf.data functions are still traced and executed as graphs.
  "Even though the tf.config.experimental_run_functions_eagerly "
Normalized Confusion matrix: 
 [[0.77806122 0.22193878]
 [0.72916667 0.27083333]]
Validation f1: 28.89
Validation accuracy: 64.18
Validation recall: 27.08
Validation precision: 30.95
Validation AUC: 0.3217026475750143
Validation class accuracies: [0.7780612244897959, 0.2708333333333333]
The clause is activated.
Not defaulting.
Lr has been adjusted to 0.0005624999757856131
Saving model...
Epoch 20/80
357/357 - 496s - loss: 0.3976 - accuracy: 0.8253 - val_loss: 0.7469 - val_accuracy: 0.7006
Confusion matrix: 
 [[723  61]
 [260  28]]
/home/alirachidi/anaconda3/envs/LungSoundClass/lib/python3.7/site-packages/tensorflow/python/data/ops/dataset_ops.py:3504: UserWarning: Even though the tf.config.experimental_run_functions_eagerly option is set, this option does not apply to tf.data functions. tf.data functions are still traced and executed as graphs.
  "Even though the tf.config.experimental_run_functions_eagerly "
Normalized Confusion matrix: 
 [[0.92219388 0.07780612]
 [0.90277778 0.09722222]]
Validation f1: 14.85
Validation accuracy: 70.06
Validation recall: 9.72
Validation precision: 31.46
Validation AUC: 0.30611312810968966
Validation class accuracies: [0.9221938775510204, 0.09722222222222222]
The clause is activated.
The training is defaulting to either class.
Epoch 21/80
357/357 - 496s - loss: 0.3698 - accuracy: 0.8342 - val_loss: 0.7844 - val_accuracy: 0.6241
Confusion matrix: 
 [[593 191]
 [212  76]]
/home/alirachidi/anaconda3/envs/LungSoundClass/lib/python3.7/site-packages/tensorflow/python/data/ops/dataset_ops.py:3504: UserWarning: Even though the tf.config.experimental_run_functions_eagerly option is set, this option does not apply to tf.data functions. tf.data functions are still traced and executed as graphs.
  "Even though the tf.config.experimental_run_functions_eagerly "
Normalized Confusion matrix: 
 [[0.75637755 0.24362245]
 [0.73611111 0.26388889]]
Validation f1: 27.39
Validation accuracy: 62.41
Validation recall: 26.39
Validation precision: 28.46
Validation AUC: 0.2913769424929284
Validation class accuracies: [0.7563775510204082, 0.2638888888888889]
The clause is activated.
Not defaulting.
The validation tracker metric at 0.2888888888888889 hasn't increased by 0 in 1 epochs
Epoch 22/80
357/357 - 496s - loss: 0.3302 - accuracy: 0.8608 - val_loss: 1.0079 - val_accuracy: 0.6828
Confusion matrix: 
 [[662 122]
 [218  70]]
/home/alirachidi/anaconda3/envs/LungSoundClass/lib/python3.7/site-packages/tensorflow/python/data/ops/dataset_ops.py:3504: UserWarning: Even though the tf.config.experimental_run_functions_eagerly option is set, this option does not apply to tf.data functions. tf.data functions are still traced and executed as graphs.
  "Even though the tf.config.experimental_run_functions_eagerly "
Normalized Confusion matrix: 
 [[0.84438776 0.15561224]
 [0.75694444 0.24305556]]
Validation f1: 29.17
Validation accuracy: 68.28
Validation recall: 24.31
Validation precision: 36.46
Validation AUC: 0.3223688392214472
Validation class accuracies: [0.8443877551020408, 0.24305555555555555]
The clause is activated.
Not defaulting.
Lr has been adjusted to 0.0004218749818392098
Saving model...
Epoch 23/80
357/357 - 496s - loss: 0.2873 - accuracy: 0.8801 - val_loss: 1.1094 - val_accuracy: 0.5746
Confusion matrix: 
 [[504 280]
 [176 112]]
/home/alirachidi/anaconda3/envs/LungSoundClass/lib/python3.7/site-packages/tensorflow/python/data/ops/dataset_ops.py:3504: UserWarning: Even though the tf.config.experimental_run_functions_eagerly option is set, this option does not apply to tf.data functions. tf.data functions are still traced and executed as graphs.
  "Even though the tf.config.experimental_run_functions_eagerly "
Normalized Confusion matrix: 
 [[0.64285714 0.35714286]
 [0.61111111 0.38888889]]
Validation f1: 32.94
Validation accuracy: 57.46
Validation recall: 38.89
Validation precision: 28.57
Validation AUC: 0.3093778531108383
Validation class accuracies: [0.6428571428571429, 0.3888888888888889]
The clause is activated.
Not defaulting.
Lr has been adjusted to 0.0003164062509313226
Saving model...
Epoch 24/80
357/357 - 496s - loss: 0.2580 - accuracy: 0.8909 - val_loss: 1.1064 - val_accuracy: 0.6213
Confusion matrix: 
 [[592 192]
 [214  74]]
/home/alirachidi/anaconda3/envs/LungSoundClass/lib/python3.7/site-packages/tensorflow/python/data/ops/dataset_ops.py:3504: UserWarning: Even though the tf.config.experimental_run_functions_eagerly option is set, this option does not apply to tf.data functions. tf.data functions are still traced and executed as graphs.
  "Even though the tf.config.experimental_run_functions_eagerly "
Normalized Confusion matrix: 
 [[0.75510204 0.24489796]
 [0.74305556 0.25694444]]
Validation f1: 26.71
Validation accuracy: 62.13
Validation recall: 25.69
Validation precision: 27.82
Validation AUC: 0.2813580049025176
Validation class accuracies: [0.7551020408163265, 0.2569444444444444]
The clause is activated.
Not defaulting.
The validation tracker metric at 0.3294117647058823 hasn't increased by 0 in 1 epochs
Epoch 25/80
357/357 - 496s - loss: 0.2367 - accuracy: 0.9007 - val_loss: 1.1069 - val_accuracy: 0.5840
Confusion matrix: 
 [[537 247]
 [199  89]]
/home/alirachidi/anaconda3/envs/LungSoundClass/lib/python3.7/site-packages/tensorflow/python/data/ops/dataset_ops.py:3504: UserWarning: Even though the tf.config.experimental_run_functions_eagerly option is set, this option does not apply to tf.data functions. tf.data functions are still traced and executed as graphs.
  "Even though the tf.config.experimental_run_functions_eagerly "
Normalized Confusion matrix: 
 [[0.68494898 0.31505102]
 [0.69097222 0.30902778]]
Validation f1: 28.53
Validation accuracy: 58.40
Validation recall: 30.90
Validation precision: 26.49
Validation AUC: 0.28503519507861474
Validation class accuracies: [0.6849489795918368, 0.3090277777777778]
The clause is activated.
Not defaulting.
The validation tracker metric at 0.3294117647058823 hasn't increased by 0 in 2 epochs
Epoch 26/80
357/357 - 496s - loss: 0.2104 - accuracy: 0.9158 - val_loss: 1.1809 - val_accuracy: 0.6306
Confusion matrix: 
 [[597 187]
 [209  79]]
/home/alirachidi/anaconda3/envs/LungSoundClass/lib/python3.7/site-packages/tensorflow/python/data/ops/dataset_ops.py:3504: UserWarning: Even though the tf.config.experimental_run_functions_eagerly option is set, this option does not apply to tf.data functions. tf.data functions are still traced and executed as graphs.
  "Even though the tf.config.experimental_run_functions_eagerly "
Normalized Confusion matrix: 
 [[0.76147959 0.23852041]
 [0.72569444 0.27430556]]
Validation f1: 28.52
Validation accuracy: 63.06
Validation recall: 27.43
Validation precision: 29.70
Validation AUC: 0.29317327290091827
Validation class accuracies: [0.7614795918367347, 0.2743055555555556]
The clause is activated.
Not defaulting.
The validation tracker metric at 0.3294117647058823 hasn't increased by 0 in 3 epochs
Epoch 27/80
357/357 - 496s - loss: 0.1939 - accuracy: 0.9231 - val_loss: 1.3037 - val_accuracy: 0.6269
Confusion matrix: 
 [[585 199]
 [201  87]]
/home/alirachidi/anaconda3/envs/LungSoundClass/lib/python3.7/site-packages/tensorflow/python/data/ops/dataset_ops.py:3504: UserWarning: Even though the tf.config.experimental_run_functions_eagerly option is set, this option does not apply to tf.data functions. tf.data functions are still traced and executed as graphs.
  "Even though the tf.config.experimental_run_functions_eagerly "
Normalized Confusion matrix: 
 [[0.74617347 0.25382653]
 [0.69791667 0.30208333]]
Validation f1: 30.31
Validation accuracy: 62.69
Validation recall: 30.21
Validation precision: 30.42
Validation AUC: 0.3046035375198336
Validation class accuracies: [0.7461734693877551, 0.3020833333333333]
The clause is activated.
Not defaulting.
The validation tracker metric at 0.3294117647058823 hasn't increased by 0 in 4 epochs
Lr has been adjusted to 0.00023730468819849193
Epoch 28/80
357/357 - 496s - loss: 0.1754 - accuracy: 0.9331 - val_loss: 1.2386 - val_accuracy: 0.6250
Confusion matrix: 
 [[594 190]
 [212  76]]
/home/alirachidi/anaconda3/envs/LungSoundClass/lib/python3.7/site-packages/tensorflow/python/data/ops/dataset_ops.py:3504: UserWarning: Even though the tf.config.experimental_run_functions_eagerly option is set, this option does not apply to tf.data functions. tf.data functions are still traced and executed as graphs.
  "Even though the tf.config.experimental_run_functions_eagerly "
Normalized Confusion matrix: 
 [[0.75765306 0.24234694]
 [0.73611111 0.26388889]]
Validation f1: 27.44
Validation accuracy: 62.50
Validation recall: 26.39
Validation precision: 28.57
Validation AUC: 0.2829490184740442
Validation class accuracies: [0.7576530612244898, 0.2638888888888889]
The clause is activated.
Not defaulting.
The validation tracker metric at 0.3294117647058823 hasn't increased by 0 in 5 epochs
Epoch 29/80
357/357 - 496s - loss: 0.1670 - accuracy: 0.9359 - val_loss: 1.2496 - val_accuracy: 0.6698
Confusion matrix: 
 [[670 114]
 [240  48]]
/home/alirachidi/anaconda3/envs/LungSoundClass/lib/python3.7/site-packages/tensorflow/python/data/ops/dataset_ops.py:3504: UserWarning: Even though the tf.config.experimental_run_functions_eagerly option is set, this option does not apply to tf.data functions. tf.data functions are still traced and executed as graphs.
  "Even though the tf.config.experimental_run_functions_eagerly "
Normalized Confusion matrix: 
 [[0.85459184 0.14540816]
 [0.83333333 0.16666667]]
Validation f1: 21.33
Validation accuracy: 66.98
Validation recall: 16.67
Validation precision: 29.63
Validation AUC: 0.2855719967112572
Validation class accuracies: [0.8545918367346939, 0.16666666666666666]
The clause is activated.
Not defaulting.
The validation tracker metric at 0.3294117647058823 hasn't increased by 0 in 6 epochs
Epoch 30/80
357/357 - 497s - loss: 0.1532 - accuracy: 0.9424 - val_loss: 1.3456 - val_accuracy: 0.6231
Confusion matrix: 
 [[593 191]
 [213  75]]
/home/alirachidi/anaconda3/envs/LungSoundClass/lib/python3.7/site-packages/tensorflow/python/data/ops/dataset_ops.py:3504: UserWarning: Even though the tf.config.experimental_run_functions_eagerly option is set, this option does not apply to tf.data functions. tf.data functions are still traced and executed as graphs.
  "Even though the tf.config.experimental_run_functions_eagerly "
Normalized Confusion matrix: 
 [[0.75637755 0.24362245]
 [0.73958333 0.26041667]]
Validation f1: 27.08
Validation accuracy: 62.31
Validation recall: 26.04
Validation precision: 28.20
Validation AUC: 0.2903682721472949
Validation class accuracies: [0.7563775510204082, 0.2604166666666667]
The clause is activated.
Not defaulting.
The validation tracker metric at 0.3294117647058823 hasn't increased by 0 in 7 epochs
Epoch 31/80
357/357 - 496s - loss: 0.1445 - accuracy: 0.9445 - val_loss: 1.4207 - val_accuracy: 0.6632
Confusion matrix: 
 [[648 136]
 [225  63]]
/home/alirachidi/anaconda3/envs/LungSoundClass/lib/python3.7/site-packages/tensorflow/python/data/ops/dataset_ops.py:3504: UserWarning: Even though the tf.config.experimental_run_functions_eagerly option is set, this option does not apply to tf.data functions. tf.data functions are still traced and executed as graphs.
  "Even though the tf.config.experimental_run_functions_eagerly "
Normalized Confusion matrix: 
 [[0.82653061 0.17346939]
 [0.78125    0.21875   ]]
Validation f1: 25.87
Validation accuracy: 66.32
Validation recall: 21.88
Validation precision: 31.66
Validation AUC: 0.289873331751299
Validation class accuracies: [0.826530612244898, 0.21875]
The clause is activated.
Not defaulting.
The validation tracker metric at 0.3294117647058823 hasn't increased by 0 in 8 epochs
Lr has been adjusted to 0.00017797850887291133
Epoch 32/80
357/357 - 496s - loss: 0.1231 - accuracy: 0.9555 - val_loss: 1.5056 - val_accuracy: 0.6063
Confusion matrix: 
 [[569 215]
 [207  81]]
/home/alirachidi/anaconda3/envs/LungSoundClass/lib/python3.7/site-packages/tensorflow/python/data/ops/dataset_ops.py:3504: UserWarning: Even though the tf.config.experimental_run_functions_eagerly option is set, this option does not apply to tf.data functions. tf.data functions are still traced and executed as graphs.
  "Even though the tf.config.experimental_run_functions_eagerly "
Normalized Confusion matrix: 
 [[0.72576531 0.27423469]
 [0.71875    0.28125   ]]
Validation f1: 27.74
Validation accuracy: 60.63
Validation recall: 28.12
Validation precision: 27.36
Validation AUC: 0.29016861946738903
Validation class accuracies: [0.7257653061224489, 0.28125]
The clause is activated.
Not defaulting.
The validation tracker metric at 0.3294117647058823 hasn't increased by 0 in 9 epochs
Epoch 33/80
357/357 - 497s - loss: 0.1199 - accuracy: 0.9561 - val_loss: 1.4714 - val_accuracy: 0.6409
Confusion matrix: 
 [[621 163]
 [222  66]]
/home/alirachidi/anaconda3/envs/LungSoundClass/lib/python3.7/site-packages/tensorflow/python/data/ops/dataset_ops.py:3504: UserWarning: Even though the tf.config.experimental_run_functions_eagerly option is set, this option does not apply to tf.data functions. tf.data functions are still traced and executed as graphs.
  "Even though the tf.config.experimental_run_functions_eagerly "
Normalized Confusion matrix: 
 [[0.79209184 0.20790816]
 [0.77083333 0.22916667]]
Validation f1: 25.53
Validation accuracy: 64.09
Validation recall: 22.92
Validation precision: 28.82
Validation AUC: 0.27927801513997513
Validation class accuracies: [0.7920918367346939, 0.22916666666666666]
The clause is activated.
Not defaulting.
The validation tracker metric at 0.3294117647058823 hasn't increased by 0 in 10 epochs
Epoch 34/80
357/357 - 496s - loss: 0.1155 - accuracy: 0.9578 - val_loss: 1.5590 - val_accuracy: 0.6334
Confusion matrix: 
 [[615 169]
 [224  64]]
/home/alirachidi/anaconda3/envs/LungSoundClass/lib/python3.7/site-packages/tensorflow/python/data/ops/dataset_ops.py:3504: UserWarning: Even though the tf.config.experimental_run_functions_eagerly option is set, this option does not apply to tf.data functions. tf.data functions are still traced and executed as graphs.
  "Even though the tf.config.experimental_run_functions_eagerly "
Normalized Confusion matrix: 
 [[0.78443878 0.21556122]
 [0.77777778 0.22222222]]
Validation f1: 24.57
Validation accuracy: 63.34
Validation recall: 22.22
Validation precision: 27.47
Validation AUC: 0.2831490470183281
Validation class accuracies: [0.7844387755102041, 0.2222222222222222]
The clause is activated.
Not defaulting.
The validation tracker metric at 0.3294117647058823 hasn't increased by 0 in 11 epochs
Epoch 35/80
357/357 - 496s - loss: 0.1157 - accuracy: 0.9587 - val_loss: 1.5266 - val_accuracy: 0.6166
Confusion matrix: 
 [[578 206]
 [205  83]]
/home/alirachidi/anaconda3/envs/LungSoundClass/lib/python3.7/site-packages/tensorflow/python/data/ops/dataset_ops.py:3504: UserWarning: Even though the tf.config.experimental_run_functions_eagerly option is set, this option does not apply to tf.data functions. tf.data functions are still traced and executed as graphs.
  "Even though the tf.config.experimental_run_functions_eagerly "
Normalized Confusion matrix: 
 [[0.7372449  0.2627551 ]
 [0.71180556 0.28819444]]
Validation f1: 28.77
Validation accuracy: 61.66
Validation recall: 28.82
Validation precision: 28.72
Validation AUC: 0.2903745114713731
Validation class accuracies: [0.7372448979591837, 0.2881944444444444]
The clause is activated.
Not defaulting.
The validation tracker metric at 0.3294117647058823 hasn't increased by 0 in 12 epochs
Lr has been adjusted to 0.00013348387437872589
Epoch 36/80
357/357 - 496s - loss: 0.1087 - accuracy: 0.9610 - val_loss: 1.6508 - val_accuracy: 0.6539
Confusion matrix: 
 [[634 150]
 [221  67]]
/home/alirachidi/anaconda3/envs/LungSoundClass/lib/python3.7/site-packages/tensorflow/python/data/ops/dataset_ops.py:3504: UserWarning: Even though the tf.config.experimental_run_functions_eagerly option is set, this option does not apply to tf.data functions. tf.data functions are still traced and executed as graphs.
  "Even though the tf.config.experimental_run_functions_eagerly "
Normalized Confusion matrix: 
 [[0.80867347 0.19132653]
 [0.76736111 0.23263889]]
Validation f1: 26.53
Validation accuracy: 65.39
Validation recall: 23.26
Validation precision: 30.88
Validation AUC: 0.2912739881955278
Validation class accuracies: [0.8086734693877551, 0.2326388888888889]
The clause is activated.
Not defaulting.
The validation tracker metric at 0.3294117647058823 hasn't increased by 0 in 13 epochs
Epoch 37/80
357/357 - 496s - loss: 0.1009 - accuracy: 0.9655 - val_loss: 1.6477 - val_accuracy: 0.6073
Confusion matrix: 
 [[570 214]
 [207  81]]
/home/alirachidi/anaconda3/envs/LungSoundClass/lib/python3.7/site-packages/tensorflow/python/data/ops/dataset_ops.py:3504: UserWarning: Even though the tf.config.experimental_run_functions_eagerly option is set, this option does not apply to tf.data functions. tf.data functions are still traced and executed as graphs.
  "Even though the tf.config.experimental_run_functions_eagerly "
Normalized Confusion matrix: 
 [[0.72704082 0.27295918]
 [0.71875    0.28125   ]]
Validation f1: 27.79
Validation accuracy: 60.73
Validation recall: 28.12
Validation precision: 27.46
Validation AUC: 0.2909302691858967
Validation class accuracies: [0.7270408163265306, 0.28125]
The clause is activated.
Not defaulting.
The validation tracker metric at 0.3294117647058823 hasn't increased by 0 in 14 epochs
Epoch 38/80
357/357 - 496s - loss: 0.1112 - accuracy: 0.9599 - val_loss: 1.6935 - val_accuracy: 0.6101
Confusion matrix: 
 [[581 203]
 [215  73]]
/home/alirachidi/anaconda3/envs/LungSoundClass/lib/python3.7/site-packages/tensorflow/python/data/ops/dataset_ops.py:3504: UserWarning: Even though the tf.config.experimental_run_functions_eagerly option is set, this option does not apply to tf.data functions. tf.data functions are still traced and executed as graphs.
  "Even though the tf.config.experimental_run_functions_eagerly "
Normalized Confusion matrix: 
 [[0.74107143 0.25892857]
 [0.74652778 0.25347222]]
Validation f1: 25.89
Validation accuracy: 61.01
Validation recall: 25.35
Validation precision: 26.45
Validation AUC: 0.2778949381542282
Validation class accuracies: [0.7410714285714286, 0.2534722222222222]
The clause is activated.
Not defaulting.
The validation tracker metric at 0.3294117647058823 hasn't increased by 0 in 15 epochs
Epoch 39/80
357/357 - 496s - loss: 0.0865 - accuracy: 0.9688 - val_loss: 1.6935 - val_accuracy: 0.6063
Confusion matrix: 
 [[569 215]
 [207  81]]
Normalized Confusion matrix: 
 [[0.72576531 0.27423469]
 [0.71875    0.28125   ]]
/home/alirachidi/anaconda3/envs/LungSoundClass/lib/python3.7/site-packages/tensorflow/python/data/ops/dataset_ops.py:3504: UserWarning: Even though the tf.config.experimental_run_functions_eagerly option is set, this option does not apply to tf.data functions. tf.data functions are still traced and executed as graphs.
  "Even though the tf.config.experimental_run_functions_eagerly "
Validation f1: 27.74
Validation accuracy: 60.63
Validation recall: 28.12
Validation precision: 27.36
Validation AUC: 0.28725188305636734
Validation class accuracies: [0.7257653061224489, 0.28125]
The clause is activated.
Not defaulting.
The validation tracker metric at 0.3294117647058823 hasn't increased by 0 in 16 epochs
Lr has been adjusted to 0.00010011290578404441
Epoch 40/80
357/357 - 496s - loss: 0.0904 - accuracy: 0.9683 - val_loss: 1.7366 - val_accuracy: 0.6362
Confusion matrix: 
 [[611 173]
 [217  71]]
/home/alirachidi/anaconda3/envs/LungSoundClass/lib/python3.7/site-packages/tensorflow/python/data/ops/dataset_ops.py:3504: UserWarning: Even though the tf.config.experimental_run_functions_eagerly option is set, this option does not apply to tf.data functions. tf.data functions are still traced and executed as graphs.
  "Even though the tf.config.experimental_run_functions_eagerly "
Normalized Confusion matrix: 
 [[0.77933673 0.22066327]
 [0.75347222 0.24652778]]
Validation f1: 26.69
Validation accuracy: 63.62
Validation recall: 24.65
Validation precision: 29.10
Validation AUC: 0.28327086016878295
Validation class accuracies: [0.7793367346938775, 0.2465277777777778]
The clause is activated.
Not defaulting.
The validation tracker metric at 0.3294117647058823 hasn't increased by 0 in 17 epochs
Epoch 41/80
357/357 - 496s - loss: 0.0853 - accuracy: 0.9706 - val_loss: 1.6987 - val_accuracy: 0.6241
Confusion matrix: 
 [[599 185]
 [218  70]]
/home/alirachidi/anaconda3/envs/LungSoundClass/lib/python3.7/site-packages/tensorflow/python/data/ops/dataset_ops.py:3504: UserWarning: Even though the tf.config.experimental_run_functions_eagerly option is set, this option does not apply to tf.data functions. tf.data functions are still traced and executed as graphs.
  "Even though the tf.config.experimental_run_functions_eagerly "
Normalized Confusion matrix: 
 [[0.76403061 0.23596939]
 [0.75694444 0.24305556]]
Validation f1: 25.78
Validation accuracy: 62.41
Validation recall: 24.31
Validation precision: 27.45
Validation AUC: 0.27953115808222384
Validation class accuracies: [0.764030612244898, 0.24305555555555555]
The clause is activated.
Not defaulting.
The validation tracker metric at 0.3294117647058823 hasn't increased by 0 in 18 epochs
Epoch 42/80
357/357 - 496s - loss: 0.0856 - accuracy: 0.9666 - val_loss: 1.7380 - val_accuracy: 0.6175
Confusion matrix: 
 [[588 196]
 [214  74]]
/home/alirachidi/anaconda3/envs/LungSoundClass/lib/python3.7/site-packages/tensorflow/python/data/ops/dataset_ops.py:3504: UserWarning: Even though the tf.config.experimental_run_functions_eagerly option is set, this option does not apply to tf.data functions. tf.data functions are still traced and executed as graphs.
  "Even though the tf.config.experimental_run_functions_eagerly "
Normalized Confusion matrix: 
 [[0.75       0.25      ]
 [0.74305556 0.25694444]]
Validation f1: 26.52
Validation accuracy: 61.75
Validation recall: 25.69
Validation precision: 27.41
Validation AUC: 0.28610364586405945
Validation class accuracies: [0.75, 0.2569444444444444]
The clause is activated.
Not defaulting.
The validation tracker metric at 0.3294117647058823 hasn't increased by 0 in 19 epochs
Epoch 43/80
357/357 - 496s - loss: 0.0777 - accuracy: 0.9729 - val_loss: 1.7672 - val_accuracy: 0.6063
Confusion matrix: 
 [[570 214]
 [208  80]]
/home/alirachidi/anaconda3/envs/LungSoundClass/lib/python3.7/site-packages/tensorflow/python/data/ops/dataset_ops.py:3504: UserWarning: Even though the tf.config.experimental_run_functions_eagerly option is set, this option does not apply to tf.data functions. tf.data functions are still traced and executed as graphs.
  "Even though the tf.config.experimental_run_functions_eagerly "
Normalized Confusion matrix: 
 [[0.72704082 0.27295918]
 [0.72222222 0.27777778]]
Validation f1: 27.49
Validation accuracy: 60.63
Validation recall: 27.78
Validation precision: 27.21
Validation AUC: 0.28859687267981265
Validation class accuracies: [0.7270408163265306, 0.2777777777777778]
The clause is activated.
Not defaulting.
The validation tracker metric at 0.3294117647058823 hasn't increased by 0 in 20 epochs
Lr has been adjusted to 7.508468115702271e-05
Epoch 44/80
357/357 - 496s - loss: 0.0829 - accuracy: 0.9708 - val_loss: 1.7516 - val_accuracy: 0.6213
Confusion matrix: 
 [[591 193]
 [213  75]]
/home/alirachidi/anaconda3/envs/LungSoundClass/lib/python3.7/site-packages/tensorflow/python/data/ops/dataset_ops.py:3504: UserWarning: Even though the tf.config.experimental_run_functions_eagerly option is set, this option does not apply to tf.data functions. tf.data functions are still traced and executed as graphs.
  "Even though the tf.config.experimental_run_functions_eagerly "
Normalized Confusion matrix: 
 [[0.75382653 0.24617347]
 [0.73958333 0.26041667]]
Validation f1: 26.98
Validation accuracy: 62.13
Validation recall: 26.04
Validation precision: 27.99
Validation AUC: 0.29337337503203
Validation class accuracies: [0.7538265306122449, 0.2604166666666667]
The clause is activated.
Not defaulting.
The validation tracker metric at 0.3294117647058823 hasn't increased by 0 in 21 epochs
Epoch 45/80
357/357 - 496s - loss: 0.0817 - accuracy: 0.9722 - val_loss: 1.7925 - val_accuracy: 0.6203
Confusion matrix: 
 [[592 192]
 [215  73]]
/home/alirachidi/anaconda3/envs/LungSoundClass/lib/python3.7/site-packages/tensorflow/python/data/ops/dataset_ops.py:3504: UserWarning: Even though the tf.config.experimental_run_functions_eagerly option is set, this option does not apply to tf.data functions. tf.data functions are still traced and executed as graphs.
  "Even though the tf.config.experimental_run_functions_eagerly "
Normalized Confusion matrix: 
 [[0.75510204 0.24489796]
 [0.74652778 0.25347222]]
Validation f1: 26.40
Validation accuracy: 62.03
Validation recall: 25.35
Validation precision: 27.55
Validation AUC: 0.2870210660591197
Validation class accuracies: [0.7551020408163265, 0.2534722222222222]
The clause is activated.
Not defaulting.
The validation tracker metric at 0.3294117647058823 hasn't increased by 0 in 22 epochs
Epoch 46/80
357/357 - 496s - loss: 0.0876 - accuracy: 0.9669 - val_loss: 1.7583 - val_accuracy: 0.6334
Confusion matrix: 
 [[611 173]
 [220  68]]
/home/alirachidi/anaconda3/envs/LungSoundClass/lib/python3.7/site-packages/tensorflow/python/data/ops/dataset_ops.py:3504: UserWarning: Even though the tf.config.experimental_run_functions_eagerly option is set, this option does not apply to tf.data functions. tf.data functions are still traced and executed as graphs.
  "Even though the tf.config.experimental_run_functions_eagerly "
Normalized Confusion matrix: 
 [[0.77933673 0.22066327]
 [0.76388889 0.23611111]]
Validation f1: 25.71
Validation accuracy: 63.34
Validation recall: 23.61
Validation precision: 28.22
Validation AUC: 0.2802384193714389
Validation class accuracies: [0.7793367346938775, 0.2361111111111111]
The clause is activated.
Not defaulting.
The validation tracker metric at 0.3294117647058823 hasn't increased by 0 in 23 epochs
Epoch 47/80
357/357 - 496s - loss: 0.0739 - accuracy: 0.9755 - val_loss: 1.7684 - val_accuracy: 0.6259
Confusion matrix: 
 [[591 193]
 [208  80]]
/home/alirachidi/anaconda3/envs/LungSoundClass/lib/python3.7/site-packages/tensorflow/python/data/ops/dataset_ops.py:3504: UserWarning: Even though the tf.config.experimental_run_functions_eagerly option is set, this option does not apply to tf.data functions. tf.data functions are still traced and executed as graphs.
  "Even though the tf.config.experimental_run_functions_eagerly "
Normalized Confusion matrix: 
 [[0.75382653 0.24617347]
 [0.72222222 0.27777778]]
Validation f1: 28.52
Validation accuracy: 62.59
Validation recall: 27.78
Validation precision: 29.30
Validation AUC: 0.2930824367243987
Validation class accuracies: [0.7538265306122449, 0.2777777777777778]
The clause is activated.
Not defaulting.
The validation tracker metric at 0.3294117647058823 hasn't increased by 0 in 24 epochs
Lr has been adjusted to 5.6313510867767036e-05
Epoch 48/80
357/357 - 496s - loss: 0.0784 - accuracy: 0.9702 - val_loss: 1.8113 - val_accuracy: 0.6325
Confusion matrix: 
 [[606 178]
 [216  72]]
/home/alirachidi/anaconda3/envs/LungSoundClass/lib/python3.7/site-packages/tensorflow/python/data/ops/dataset_ops.py:3504: UserWarning: Even though the tf.config.experimental_run_functions_eagerly option is set, this option does not apply to tf.data functions. tf.data functions are still traced and executed as graphs.
  "Even though the tf.config.experimental_run_functions_eagerly "
Normalized Confusion matrix: 
 [[0.77295918 0.22704082]
 [0.75       0.25      ]]
Validation f1: 26.77
Validation accuracy: 63.25
Validation recall: 25.00
Validation precision: 28.80
Validation AUC: 0.28814814692456625
Validation class accuracies: [0.7729591836734694, 0.25]

The metrics for job 0 with the best target metric are: 
Best cm: [[504 280]
 [176 112]]
Best normalized cm: [[0.64285714 0.35714286]
 [0.61111111 0.38888889]]
Best f1: 0.33
Best accuracy: 0.57
Best recall: 0.39
Best precision: 0.29
Best AUC: 0.31
Best class accuracies: [0.6428571428571429, 0.3888888888888889]
Best epoch: 23
The clause is activated.
Not defaulting.
The number of epochs since last 1% equals the patience

Starting the Bangladesh analysis...
Epoch: 80
Starting...
CM: [[11 42]
 [ 4 18]]
F1: 0.43902439024390244
AUC: 0.5857575757575758
Accuracy: 0.38666666666666666
Precision: 0.3
Recall: 0.8181818181818182
Ended. Saving the Excel Sheet ../../new_cache/conv__2188__06_2246__v29__augm/validation_sheet_80.xls...
Done.
Epoch: 80
Starting...
CM: [[26 27]
 [11 11]]
F1: 0.3666666666666667
AUC: 0.4680701754385965
Accuracy: 0.49333333333333335
Precision: 0.2894736842105263
Recall: 0.5
Ended. Saving the Excel Sheet ../../new_cache/conv__2188__06_2246__v29__augm/validation_sheet_80.xls...
Done.
Epoch: 80
Starting...
CM: [[39 14]
 [14  8]]
F1: 0.36363636363636365
AUC: 0.456969696969697
Accuracy: 0.6266666666666667
Precision: 0.36363636363636365
Recall: 0.36363636363636365
Ended. Saving the Excel Sheet ../../new_cache/conv__2188__06_2246__v29__augm/validation_sheet_80.xls...
Done.
Epoch: epoch17
Starting...
CM: [[30 23]
 [ 8 14]]
F1: 0.4745762711864407
AUC: 0.5607043407043407
Accuracy: 0.5866666666666667
Precision: 0.3783783783783784
Recall: 0.6363636363636364
Ended. Saving the Excel Sheet ../../new_cache/conv__2188__06_2246__v29__augm/validation_sheet_epoch17.xls...
Done.
Epoch: epoch17
Starting...
CM: [[40 13]
 [13  9]]
F1: 0.4090909090909091
AUC: 0.49575757575757573
Accuracy: 0.6533333333333333
Precision: 0.4090909090909091
Recall: 0.4090909090909091
Ended. Saving the Excel Sheet ../../new_cache/conv__2188__06_2246__v29__augm/validation_sheet_epoch17.xls...
Done.
Epoch: epoch17
Starting...
CM: [[47  6]
 [17  5]]
F1: 0.30303030303030304
AUC: 0.4542424242424242
Accuracy: 0.6933333333333334
Precision: 0.45454545454545453
Recall: 0.22727272727272727
Ended. Saving the Excel Sheet ../../new_cache/conv__2188__06_2246__v29__augm/validation_sheet_epoch17.xls...
Done.
Epoch: epoch19
Starting...
CM: [[17 36]
 [ 2 20]]
F1: 0.5128205128205129
AUC: 0.6464502164502165
Accuracy: 0.49333333333333335
Precision: 0.35714285714285715
Recall: 0.9090909090909091
Ended. Saving the Excel Sheet ../../new_cache/conv__2188__06_2246__v29__augm/validation_sheet_epoch19.xls...
Done.
Epoch: epoch19
Starting...
CM: [[27 26]
 [ 9 13]]
F1: 0.4262295081967213
AUC: 0.5221212121212121
Accuracy: 0.5333333333333333
Precision: 0.3333333333333333
Recall: 0.5909090909090909
Ended. Saving the Excel Sheet ../../new_cache/conv__2188__06_2246__v29__augm/validation_sheet_epoch19.xls...
Done.
Epoch: epoch19
Starting...
CM: [[38 15]
 [14  8]]
F1: 0.3555555555555555
AUC: 0.449064558629776
Accuracy: 0.6133333333333333
Precision: 0.34782608695652173
Recall: 0.36363636363636365
Ended. Saving the Excel Sheet ../../new_cache/conv__2188__06_2246__v29__augm/validation_sheet_epoch19.xls...
Done.
Epoch: epoch22
Starting...
CM: [[18 35]
 [ 5 17]]
F1: 0.45945945945945943
AUC: 0.5831585081585081
Accuracy: 0.4666666666666667
Precision: 0.3269230769230769
Recall: 0.7727272727272727
Ended. Saving the Excel Sheet ../../new_cache/conv__2188__06_2246__v29__augm/validation_sheet_epoch22.xls...
Done.
Epoch: epoch22
Starting...
CM: [[34 19]
 [ 9 13]]
F1: 0.4814814814814815
AUC: 0.5585795454545455
Accuracy: 0.6266666666666667
Precision: 0.40625
Recall: 0.5909090909090909
Ended. Saving the Excel Sheet ../../new_cache/conv__2188__06_2246__v29__augm/validation_sheet_epoch22.xls...
Done.
Epoch: epoch22
Starting...
CM: [[46  7]
 [17  5]]
F1: 0.29411764705882354
AUC: 0.4353030303030303
Accuracy: 0.68
Precision: 0.4166666666666667
Recall: 0.22727272727272727
Ended. Saving the Excel Sheet ../../new_cache/conv__2188__06_2246__v29__augm/validation_sheet_epoch22.xls...
Done.
Epoch: epoch23
Starting...
CM: [[ 9 44]
 [ 1 21]]
F1: 0.4827586206896552
AUC: 0.6454778554778554
Accuracy: 0.4
Precision: 0.3230769230769231
Recall: 0.9545454545454546
Ended. Saving the Excel Sheet ../../new_cache/conv__2188__06_2246__v29__augm/validation_sheet_epoch23.xls...
Done.
Epoch: epoch23
Starting...
CM: [[19 34]
 [ 5 17]]
F1: 0.4657534246575343
AUC: 0.5863636363636364
Accuracy: 0.48
Precision: 0.3333333333333333
Recall: 0.7727272727272727
Ended. Saving the Excel Sheet ../../new_cache/conv__2188__06_2246__v29__augm/validation_sheet_epoch23.xls...
Done.
Epoch: epoch23
Starting...
CM: [[27 26]
 [10 12]]
F1: 0.39999999999999997
AUC: 0.49728867623604467
Accuracy: 0.52
Precision: 0.3157894736842105
Recall: 0.5454545454545454
Ended. Saving the Excel Sheet ../../new_cache/conv__2188__06_2246__v29__augm/validation_sheet_epoch23.xls...
Done.
/home/alirachidi/anaconda3/envs/LungSoundClass/lib/python3.7/site-packages/tensorflow/python/data/ops/dataset_ops.py:3504: UserWarning: Even though the tf.config.experimental_run_functions_eagerly option is set, this option does not apply to tf.data functions. tf.data functions are still traced and executed as graphs.
  "Even though the tf.config.experimental_run_functions_eagerly "
wandb: Waiting for W&B process to finish, PID 11615
wandb: Program ended successfully.
wandb: Find user logs for this run at: /home/alirachidi/classification_algorithm/trainers/main/wandb/offline-run-20210603_230338-sfcdcwjq/logs/debug.log
wandb: Find internal logs for this run at: /home/alirachidi/classification_algorithm/trainers/main/wandb/offline-run-20210603_230338-sfcdcwjq/logs/debug-internal.log
wandb: Run summary:
wandb:       train_accuracy 0.97024
wandb:         val_accuracy 0.63246
wandb:             _runtime 25742
wandb:           _timestamp 1622787161
wandb:                _step 350
wandb:           train_loss 0.07845
wandb:             val_loss 1.81134
wandb:           val_recall 0.25
wandb:        val_precision 0.288
wandb:               val_f1 0.26766
wandb:              val_auc 0.28815
wandb:                   lr 6e-05
wandb:          best_val_f1 0.32941
wandb:    best_val_accuracy 0.57463
wandb:   best_val_precision 0.28571
wandb:      best_val_recall 0.38889
wandb:             best_auc 0.30938
wandb:           best_epoch 23
wandb:           best_bd_f1 0.51282
wandb:          best_bd_auc 0.64645
wandb:     best_bd_accuracy 0.49333
wandb:    best_bd_precision 0.35714
wandb:       best_bd_recall 0.90909
wandb:        best_bd_epoch epoch19
wandb: Run history:
wandb:   train_accuracy 
wandb:     val_accuracy 
wandb:         _runtime 
wandb:       _timestamp 
wandb:            _step 
wandb:       train_loss 
wandb:         val_loss 
wandb:       val_recall 
wandb:    val_precision 
wandb:           val_f1 
wandb:          val_auc 
wandb:               lr 
wandb: 
wandb: You can sync this run to the cloud by running:
wandb: wandb sync /home/alirachidi/classification_algorithm/trainers/main/wandb/offline-run-20210603_230338-sfcdcwjq


 See logs at ../../new_cache/conv__2188__06_2246__v29__augm/logs/