Category:  coch
Dataset:  all_sw_coch_preprocessed_v2_param_v29_augm_v0_cleaned_8000.pkl
File:  conv.train2211
Description:  massive_lstm_bis
2021-06-11 04:07:07.583233: I tensorflow/stream_executor/platform/default/dso_loader.cc:49] Successfully opened dynamic library libcudart.so.11.0
WARNING:tensorflow:From /home/alirachidi/classification_algorithm/trainers/main/models/conv/modules/augmentation.py:19: experimental_run_functions_eagerly (from tensorflow.python.eager.def_function) is deprecated and will be removed in a future version.
Instructions for updating:
Use `tf.config.run_functions_eagerly` instead of the experimental version.
2021-06-11 04:07:09.892023: I tensorflow/compiler/jit/xla_cpu_device.cc:41] Not creating XLA devices, tf_xla_enable_xla_devices not set
2021-06-11 04:07:09.892984: I tensorflow/stream_executor/platform/default/dso_loader.cc:49] Successfully opened dynamic library libcuda.so.1
2021-06-11 04:07:09.938386: I tensorflow/stream_executor/cuda/cuda_gpu_executor.cc:941] successful NUMA node read from SysFS had negative value (-1), but there must be at least one NUMA node, so returning NUMA node zero
2021-06-11 04:07:09.939082: I tensorflow/core/common_runtime/gpu/gpu_device.cc:1720] Found device 0 with properties: 
pciBusID: 0000:00:05.0 name: Tesla T4 computeCapability: 7.5
coreClock: 1.59GHz coreCount: 40 deviceMemorySize: 14.75GiB deviceMemoryBandwidth: 298.08GiB/s
2021-06-11 04:07:09.939118: I tensorflow/stream_executor/platform/default/dso_loader.cc:49] Successfully opened dynamic library libcudart.so.11.0
2021-06-11 04:07:09.942459: I tensorflow/stream_executor/platform/default/dso_loader.cc:49] Successfully opened dynamic library libcublas.so.11
2021-06-11 04:07:09.942557: I tensorflow/stream_executor/platform/default/dso_loader.cc:49] Successfully opened dynamic library libcublasLt.so.11
2021-06-11 04:07:09.943578: I tensorflow/stream_executor/platform/default/dso_loader.cc:49] Successfully opened dynamic library libcufft.so.10
2021-06-11 04:07:09.943858: I tensorflow/stream_executor/platform/default/dso_loader.cc:49] Successfully opened dynamic library libcurand.so.10
2021-06-11 04:07:09.944801: I tensorflow/stream_executor/platform/default/dso_loader.cc:49] Successfully opened dynamic library libcusolver.so.10
2021-06-11 04:07:09.945660: I tensorflow/stream_executor/platform/default/dso_loader.cc:49] Successfully opened dynamic library libcusparse.so.11
2021-06-11 04:07:09.945828: I tensorflow/stream_executor/platform/default/dso_loader.cc:49] Successfully opened dynamic library libcudnn.so.8
2021-06-11 04:07:09.945941: I tensorflow/stream_executor/cuda/cuda_gpu_executor.cc:941] successful NUMA node read from SysFS had negative value (-1), but there must be at least one NUMA node, so returning NUMA node zero
2021-06-11 04:07:09.946772: I tensorflow/stream_executor/cuda/cuda_gpu_executor.cc:941] successful NUMA node read from SysFS had negative value (-1), but there must be at least one NUMA node, so returning NUMA node zero
2021-06-11 04:07:09.947387: I tensorflow/core/common_runtime/gpu/gpu_device.cc:1862] Adding visible gpu devices: 0
Tensorflow Version: 2.4.0
Num GPUs Available:  1
-----------------------
Using module: nv/train2211.py
Using train_file: ../../data/datasets/all_sw_coch_preprocessed_v2_param_v29_augm_v0_cleaned_8000.pkl
Job directory: ../../new_cache/conv__2211__06_0406__v29__massive_lstm_bis
Parameters: {'N_CLASSES': 1, 'SR': 8000, 'BATCH_SIZE': 12, 'LR': 0.0005, 'SHAPE': [128, 1250], 'LL2_REG': 0, 'WEIGHT_DECAY': 0.001, 'N_EPOCHS': 80, 'FACTOR': 0.75, 'PATIENCE': 6, 'MIN_LR': 1e-07, 'LABEL_SMOOTHING': 0, 'EPSILON': 1e-07, 'ES_PATIENCE': 40, 'OVERSAMPLE': 0, 'MIN_DELTA': 0, 'PARAM': 'v29', 'EPOCH_START': 1, 'CLAUSE': 1, 'CUBEROOTING': 1, 'AUGMENTATION': 0, 'TARGET': 1, 'INITIAL_CHANNELS': 1, 'ADAPTIVE_LR': 1, 'CLASS_WEIGHTS': 1, 'SIX': 0, 'CONCAT': 0, 'TESTING': 0}
Augmentation parameters for audio: {'ADD': 1, 'QUANTITY': 250, 'WAV_PATH': 'v36,v37'}
Augmentation parameters for spectrograms: {'ADD': 1, 'QUANTITY': 150, 'TIME_MASKING': 1, 'FREQUENCY_MASKING': 1, 'LOUDNESS': 0}
-----------------------
Collecting Variables...
All variables have been collected.
/home/alirachidi/anaconda3/envs/LungSoundClass/lib/python3.7/site-packages/tensorflow_addons/utils/ensure_tf_install.py:68: UserWarning: Tensorflow Addons supports using Python ops for all Tensorflow versions above or equal to 2.2.0 and strictly below 2.3.0 (nightly versions are not supported). 
 The versions of TensorFlow you are currently using is 2.4.0 and is not supported. 
Some things might work, some things might not.
If you were to encounter a bug, do not file an issue.
If you want to make sure you're using a tested and supported configuration, either change the TensorFlow version or the TensorFlow Addons's version. 
You can find the compatibility matrix in TensorFlow Addon's readme:
https://github.com/tensorflow/addons
  UserWarning,
wandb: W&B syncing is set to `offline` in this directory.  Run `wandb online` or set WANDB_MODE=online to enable cloud syncing.
2021-06-11 04:07:50.834673: I tensorflow/compiler/jit/xla_gpu_device.cc:99] Not creating XLA devices, tf_xla_enable_xla_devices not set
2021-06-11 04:07:50.834924: I tensorflow/stream_executor/cuda/cuda_gpu_executor.cc:941] successful NUMA node read from SysFS had negative value (-1), but there must be at least one NUMA node, so returning NUMA node zero
2021-06-11 04:07:50.835618: I tensorflow/core/common_runtime/gpu/gpu_device.cc:1720] Found device 0 with properties: 
pciBusID: 0000:00:05.0 name: Tesla T4 computeCapability: 7.5
coreClock: 1.59GHz coreCount: 40 deviceMemorySize: 14.75GiB deviceMemoryBandwidth: 298.08GiB/s
2021-06-11 04:07:50.835669: I tensorflow/stream_executor/platform/default/dso_loader.cc:49] Successfully opened dynamic library libcudart.so.11.0
2021-06-11 04:07:50.835742: I tensorflow/stream_executor/platform/default/dso_loader.cc:49] Successfully opened dynamic library libcublas.so.11
2021-06-11 04:07:50.835769: I tensorflow/stream_executor/platform/default/dso_loader.cc:49] Successfully opened dynamic library libcublasLt.so.11
2021-06-11 04:07:50.835797: I tensorflow/stream_executor/platform/default/dso_loader.cc:49] Successfully opened dynamic library libcufft.so.10
2021-06-11 04:07:50.835822: I tensorflow/stream_executor/platform/default/dso_loader.cc:49] Successfully opened dynamic library libcurand.so.10
2021-06-11 04:07:50.835847: I tensorflow/stream_executor/platform/default/dso_loader.cc:49] Successfully opened dynamic library libcusolver.so.10
2021-06-11 04:07:50.835873: I tensorflow/stream_executor/platform/default/dso_loader.cc:49] Successfully opened dynamic library libcusparse.so.11
2021-06-11 04:07:50.835897: I tensorflow/stream_executor/platform/default/dso_loader.cc:49] Successfully opened dynamic library libcudnn.so.8
2021-06-11 04:07:50.836011: I tensorflow/stream_executor/cuda/cuda_gpu_executor.cc:941] successful NUMA node read from SysFS had negative value (-1), but there must be at least one NUMA node, so returning NUMA node zero
2021-06-11 04:07:50.836736: I tensorflow/stream_executor/cuda/cuda_gpu_executor.cc:941] successful NUMA node read from SysFS had negative value (-1), but there must be at least one NUMA node, so returning NUMA node zero
2021-06-11 04:07:50.837369: I tensorflow/core/common_runtime/gpu/gpu_device.cc:1862] Adding visible gpu devices: 0
2021-06-11 04:07:50.837426: I tensorflow/stream_executor/platform/default/dso_loader.cc:49] Successfully opened dynamic library libcudart.so.11.0
2021-06-11 04:07:51.535680: I tensorflow/core/common_runtime/gpu/gpu_device.cc:1261] Device interconnect StreamExecutor with strength 1 edge matrix:
2021-06-11 04:07:51.535730: I tensorflow/core/common_runtime/gpu/gpu_device.cc:1267]      0 
2021-06-11 04:07:51.535741: I tensorflow/core/common_runtime/gpu/gpu_device.cc:1280] 0:   N 
2021-06-11 04:07:51.536035: I tensorflow/stream_executor/cuda/cuda_gpu_executor.cc:941] successful NUMA node read from SysFS had negative value (-1), but there must be at least one NUMA node, so returning NUMA node zero
2021-06-11 04:07:51.536811: I tensorflow/stream_executor/cuda/cuda_gpu_executor.cc:941] successful NUMA node read from SysFS had negative value (-1), but there must be at least one NUMA node, so returning NUMA node zero
2021-06-11 04:07:51.537513: I tensorflow/stream_executor/cuda/cuda_gpu_executor.cc:941] successful NUMA node read from SysFS had negative value (-1), but there must be at least one NUMA node, so returning NUMA node zero
2021-06-11 04:07:51.538159: I tensorflow/core/common_runtime/gpu/gpu_device.cc:1406] Created TensorFlow device (/job:localhost/replica:0/task:0/device:GPU:0 with 13968 MB memory) -> physical GPU (device: 0, name: Tesla T4, pci bus id: 0000:00:05.0, compute capability: 7.5)
Original number of folders: 453
Pneumonia patients: 109, Non-pneumonia patients: 270
-----------------------
Number of train recordings: 4212 with pneumonia: 1080 and non-pneumonia: 3132
Number of val recordings: 1072 with pneumonia: 288 and non-pneumonia: 784
-----------------------
The initial learning rate for this job is: 0.001
Initializing weights...
weights = {0: 0.6724137931034483, 1: 1.95}
Model: "conv2d"
______________________________________________________________________________________________________________
Layer (type)                        Output Shape            Param #      Connected to                         
==============================================================================================================
input_1 (InputLayer)                [(None, 5, 250, 128, 1) 0                                                 
______________________________________________________________________________________________________________
batch_normalization (BatchNormaliza (None, 5, 250, 128, 1)  4            input_1[0][0]                        
______________________________________________________________________________________________________________
time_distributed (TimeDistributed)  (None, 5, 250, 128, 16) 32           batch_normalization[0][0]            
______________________________________________________________________________________________________________
time_distributed_2 (TimeDistributed (None, 5, 250, 128, 16) 32           batch_normalization[0][0]            
______________________________________________________________________________________________________________
time_distributed_4 (TimeDistributed (None, 5, 250, 128, 1)  0            batch_normalization[0][0]            
______________________________________________________________________________________________________________
time_distributed_1 (TimeDistributed (None, 5, 250, 128, 16) 2320         time_distributed[0][0]               
______________________________________________________________________________________________________________
time_distributed_3 (TimeDistributed (None, 5, 250, 128, 16) 6416         time_distributed_2[0][0]             
______________________________________________________________________________________________________________
time_distributed_5 (TimeDistributed (None, 5, 250, 128, 16) 32           time_distributed_4[0][0]             
______________________________________________________________________________________________________________
concatenate (Concatenate)           (None, 5, 250, 128, 48) 0            time_distributed_1[0][0]             
                                                                         time_distributed_3[0][0]             
                                                                         time_distributed_5[0][0]             
______________________________________________________________________________________________________________
time_distributed_6 (TimeDistributed (None, 5, 125, 64, 48)  0            concatenate[0][0]                    
______________________________________________________________________________________________________________
time_distributed_7 (TimeDistributed (None, 5, 125, 64, 48)  192          time_distributed_6[0][0]             
______________________________________________________________________________________________________________
time_distributed_8 (TimeDistributed (None, 5, 125, 64, 32)  13856        time_distributed_7[0][0]             
______________________________________________________________________________________________________________
time_distributed_9 (TimeDistributed (None, 5, 125, 64, 32)  828          time_distributed_8[0][0]             
______________________________________________________________________________________________________________
time_distributed_10 (TimeDistribute (None, 5, 125, 64, 32)  128          time_distributed_9[0][0]             
______________________________________________________________________________________________________________
time_distributed_inverted_residual  (None, 5, 125, 64, 64)  11104        time_distributed_10[0][0]            
______________________________________________________________________________________________________________
time_distributed_inverted_residual_ (None, 5, 125, 64, 64)  28096        time_distributed_inverted_residual[0]
______________________________________________________________________________________________________________
time_distributed_11 (TimeDistribute (None, 5, 63, 32, 64)   0            time_distributed_inverted_residual_1[
______________________________________________________________________________________________________________
time_distributed_12 (TimeDistribute (None, 5, 63, 32, 64)   256          time_distributed_11[0][0]            
______________________________________________________________________________________________________________
time_distributed_inverted_residual_ (None, 5, 63, 32, 128)  40640        time_distributed_12[0][0]            
______________________________________________________________________________________________________________
time_distributed_inverted_residual_ (None, 5, 63, 32, 128)  105344       time_distributed_inverted_residual_2[
______________________________________________________________________________________________________________
time_distributed_13 (TimeDistribute (None, 5, 32, 16, 128)  0            time_distributed_inverted_residual_3[
______________________________________________________________________________________________________________
time_distributed_14 (TimeDistribute (None, 5, 32, 16, 128)  512          time_distributed_13[0][0]            
______________________________________________________________________________________________________________
time_distributed_inverted_residual_ (None, 5, 32, 16, 256)  155008       time_distributed_14[0][0]            
______________________________________________________________________________________________________________
time_distributed_inverted_residual_ (None, 5, 32, 16, 256)  407296       time_distributed_inverted_residual_4[
______________________________________________________________________________________________________________
time_distributed_15 (TimeDistribute (None, 5, 16, 8, 256)   0            time_distributed_inverted_residual_5[
______________________________________________________________________________________________________________
time_distributed_16 (TimeDistribute (None, 5, 16, 8, 256)   1024         time_distributed_15[0][0]            
______________________________________________________________________________________________________________
time_distributed_17 (TimeDistribute (None, 5, 256)          0            time_distributed_16[0][0]            
______________________________________________________________________________________________________________
bidirectional (Bidirectional)       (None, 5, 32)           34944        time_distributed_17[0][0]            
______________________________________________________________________________________________________________
bidirectional_1 (Bidirectional)     (None, 5, 64)           16640        bidirectional[0][0]                  
______________________________________________________________________________________________________________
bidirectional_2 (Bidirectional)     (None, 5, 128)          66048        bidirectional_1[0][0]                
______________________________________________________________________________________________________________
bidirectional_3 (Bidirectional)     (None, 5, 256)          263168       bidirectional_2[0][0]                
______________________________________________________________________________________________________________
bidirectional_4 (Bidirectional)     (None, 5, 512)          1050624      bidirectional_3[0][0]                
______________________________________________________________________________________________________________
time_distributed_18 (TimeDistribute2021-06-11 04:07:55.128569: I tensorflow/compiler/mlir/mlir_graph_optimization_pass.cc:116] None of the MLIR optimization passes are enabled (registered 2)
/home/alirachidi/anaconda3/envs/LungSoundClass/lib/python3.7/site-packages/tensorflow/python/data/ops/dataset_ops.py:3504: UserWarning: Even though the tf.config.experimental_run_functions_eagerly option is set, this option does not apply to tf.data functions. tf.data functions are still traced and executed as graphs.
  "Even though the tf.config.experimental_run_functions_eagerly "
2021-06-11 04:07:55.131831: I tensorflow/core/platform/profile_utils/cpu_utils.cc:112] CPU Frequency: 2299995000 Hz
 (None, 5, 16)           8208         bidirectional_4[0][0]                
______________________________________________________________________________________________________________
dense_1 (Dense)                     (None, 5, 1)            17           time_distributed_18[0][0]            
______________________________________________________________________________________________________________
flatten (Flatten)                   (None, 5)               0            dense_1[0][0]                        
______________________________________________________________________________________________________________
dense_2 (Dense)                     (None, 1)               6            flatten[0][0]                        
==============================================================================================================
Total params: 2,212,775
Trainable params: 2,201,861
Non-trainable params: 10,914
______________________________________________________________________________________________________________
2021-06-11 04:07:55.514649: I tensorflow/stream_executor/platform/default/dso_loader.cc:49] Successfully opened dynamic library libcudnn.so.8
2021-06-11 04:07:57.402972: I tensorflow/stream_executor/platform/default/dso_loader.cc:49] Successfully opened dynamic library libcublas.so.11
2021-06-11 04:07:57.857216: I tensorflow/stream_executor/platform/default/dso_loader.cc:49] Successfully opened dynamic library libcublasLt.so.11
Epoch 1/80
351/351 - 335s - loss: 0.6941 - accuracy: 0.3224 - val_loss: 0.6973 - val_accuracy: 0.2687
Confusion matrix: 
 [[  0 784]
 [  0 288]]
Normalized Confusion matrix: 
 [[0. 1.]
 [0. 1.]]
Validation f1: 42.35
Validation accuracy: 26.87
Validation recall: 100.00
Validation precision: 26.87
Validation AUC: 0.25976823325871556
Validation class accuracies: [0.0, 1.0]
The clause is activated.
The training is defaulting to either class.
Epoch 2/80
351/351 - 339s - loss: 0.6934 - accuracy: 0.2994 - val_loss: 0.6932 - val_accuracy: 0.4720
Confusion matrix: 
 [[356 428]
 [138 150]]
/home/alirachidi/anaconda3/envs/LungSoundClass/lib/python3.7/site-packages/tensorflow/python/data/ops/dataset_ops.py:3504: UserWarning: Even though the tf.config.experimental_run_functions_eagerly option is set, this option does not apply to tf.data functions. tf.data functions are still traced and executed as graphs.
  "Even though the tf.config.experimental_run_functions_eagerly "
Normalized Confusion matrix: 
 [[0.454 0.546]
 [0.479 0.521]]
Validation f1: 34.64
Validation accuracy: 47.20
Validation recall: 52.08
Validation precision: 25.95
Validation AUC: 0.2589426306441146
Validation class accuracies: [0.45408163265306123, 0.5208333333333334]
The clause is activated.
Not defaulting.
Saving model...
Epoch 3/80
351/351 - 338s - loss: 0.6935 - accuracy: 0.4418 - val_loss: 0.7013 - val_accuracy: 0.2687
Confusion matrix: 
 [[  0 784]
 [  0 288]]
Normalized Confusion matrix: 
 [[0. 1.]
 [0. 1.]]
Validation f1: 42.35
/home/alirachidi/anaconda3/envs/LungSoundClass/lib/python3.7/site-packages/tensorflow/python/data/ops/dataset_ops.py:3504: UserWarning: Even though the tf.config.experimental_run_functions_eagerly option is set, this option does not apply to tf.data functions. tf.data functions are still traced and executed as graphs.
  "Even though the tf.config.experimental_run_functions_eagerly "
Validation accuracy: 26.87
Validation recall: 100.00
Validation precision: 26.87
Validation AUC: 0.28881188728062346
Validation class accuracies: [0.0, 1.0]
The clause is activated.
The training is defaulting to either class.
Epoch 4/80
351/351 - 338s - loss: 0.6928 - accuracy: 0.4888 - val_loss: 0.7012 - val_accuracy: 0.2687
Confusion matrix: 
 [[  2 782]
 [  2 286]]
/home/alirachidi/anaconda3/envs/LungSoundClass/lib/python3.7/site-packages/tensorflow/python/data/ops/dataset_ops.py:3504: UserWarning: Even though the tf.config.experimental_run_functions_eagerly option is set, this option does not apply to tf.data functions. tf.data functions are still traced and executed as graphs.
  "Even though the tf.config.experimental_run_functions_eagerly "
Normalized Confusion matrix: 
 [[0.003 0.997]
 [0.007 0.993]]
Validation f1: 42.18
Validation accuracy: 26.87
Validation recall: 99.31
Validation precision: 26.78
Validation AUC: 0.2898583272559325
Validation class accuracies: [0.002551020408163265, 0.9930555555555556]
The clause is activated.
The training is defaulting to either class.
Epoch 5/80
351/351 - 339s - loss: 0.6921 - accuracy: 0.5684 - val_loss: 0.7270 - val_accuracy: 0.2677
Confusion matrix: 
 [[  5 779]
 [  6 282]]
/home/alirachidi/anaconda3/envs/LungSoundClass/lib/python3.7/site-packages/tensorflow/python/data/ops/dataset_ops.py:3504: UserWarning: Even though the tf.config.experimental_run_functions_eagerly option is set, this option does not apply to tf.data functions. tf.data functions are still traced and executed as graphs.
  "Even though the tf.config.experimental_run_functions_eagerly "
Normalized Confusion matrix: 
 [[0.006 0.994]
 [0.021 0.979]]
Validation f1: 41.81
Validation accuracy: 26.77
Validation recall: 97.92
Validation precision: 26.58
Validation AUC: 0.2841272750767272
Validation class accuracies: [0.006377551020408163, 0.9791666666666666]
The clause is activated.
The training is defaulting to either class.
Epoch 6/80
351/351 - 338s - loss: 0.6900 - accuracy: 0.5807 - val_loss: 0.6705 - val_accuracy: 0.7080
Confusion matrix: 
 [[745  39]
 [274  14]]
/home/alirachidi/anaconda3/envs/LungSoundClass/lib/python3.7/site-packages/tensorflow/python/data/ops/dataset_ops.py:3504: UserWarning: Even though the tf.config.experimental_run_functions_eagerly option is set, this option does not apply to tf.data functions. tf.data functions are still traced and executed as graphs.
  "Even though the tf.config.experimental_run_functions_eagerly "
Normalized Confusion matrix: 
 [[0.95  0.05 ]
 [0.951 0.049]]
Validation f1: 8.21
Validation accuracy: 70.80
Validation recall: 4.86
Validation precision: 26.42
Validation AUC: 0.28362860818942565
Validation class accuracies: [0.9502551020408163, 0.04861111111111111]
The clause is activated.
The training is defaulting to either class.
Epoch 7/80
351/351 - 338s - loss: 0.6878 - accuracy: 0.5762 - val_loss: 0.7296 - val_accuracy: 0.3778
Confusion matrix: 
 [[203 581]
 [ 86 202]]
/home/alirachidi/anaconda3/envs/LungSoundClass/lib/python3.7/site-packages/tensorflow/python/data/ops/dataset_ops.py:3504: UserWarning: Even though the tf.config.experimental_run_functions_eagerly option is set, this option does not apply to tf.data functions. tf.data functions are still traced and executed as graphs.
  "Even though the tf.config.experimental_run_functions_eagerly "
Normalized Confusion matrix: 
 [[0.259 0.741]
 [0.299 0.701]]
Validation f1: 37.72
Validation accuracy: 37.78
Validation recall: 70.14
Validation precision: 25.80
Validation AUC: 0.26155644295638913
Validation class accuracies: [0.25892857142857145, 0.7013888888888888]
The clause is activated.
Not defaulting.
Saving model...
Epoch 8/80
351/351 - 339s - loss: 0.6833 - accuracy: 0.5717 - val_loss: 0.6868 - val_accuracy: 0.5774
Confusion matrix: 
 [[525 259]
 [194  94]]
/home/alirachidi/anaconda3/envs/LungSoundClass/lib/python3.7/site-packages/tensorflow/python/data/ops/dataset_ops.py:3504: UserWarning: Even though the tf.config.experimental_run_functions_eagerly option is set, this option does not apply to tf.data functions. tf.data functions are still traced and executed as graphs.
  "Even though the tf.config.experimental_run_functions_eagerly "
Normalized Confusion matrix: 
 [[0.67  0.33 ]
 [0.674 0.326]]
Validation f1: 29.33
Validation accuracy: 57.74
Validation recall: 32.64
Validation precision: 26.63
Validation AUC: 0.27863289914723816
Validation class accuracies: [0.6696428571428571, 0.3263888888888889]
The clause is activated.
Not defaulting.
The validation tracker metric at 0.3772175536881419 hasn't increased by 0 in 1 epochs
Epoch 9/80
351/351 - 339s - loss: 0.6801 - accuracy: 0.5826 - val_loss: 0.6907 - val_accuracy: 0.5345
Confusion matrix: 
 [[457 327]
 [172 116]]
/home/alirachidi/anaconda3/envs/LungSoundClass/lib/python3.7/site-packages/tensorflow/python/data/ops/dataset_ops.py:3504: UserWarning: Even though the tf.config.experimental_run_functions_eagerly option is set, this option does not apply to tf.data functions. tf.data functions are still traced and executed as graphs.
  "Even though the tf.config.experimental_run_functions_eagerly "
Normalized Confusion matrix: 
 [[0.583 0.417]
 [0.597 0.403]]
Validation f1: 31.74
Validation accuracy: 53.45
Validation recall: 40.28
Validation precision: 26.19
Validation AUC: 0.26953518672001653
Validation class accuracies: [0.5829081632653061, 0.4027777777777778]
The clause is activated.
Not defaulting.
The validation tracker metric at 0.3772175536881419 hasn't increased by 0 in 2 epochs
Epoch 10/80
351/351 - 338s - loss: 0.6756 - accuracy: 0.5933 - val_loss: 0.7686 - val_accuracy: 0.3974
Confusion matrix: 
 [[205 579]
 [ 67 221]]
/home/alirachidi/anaconda3/envs/LungSoundClass/lib/python3.7/site-packages/tensorflow/python/data/ops/dataset_ops.py:3504: UserWarning: Even though the tf.config.experimental_run_functions_eagerly option is set, this option does not apply to tf.data functions. tf.data functions are still traced and executed as graphs.
  "Even though the tf.config.experimental_run_functions_eagerly "
Normalized Confusion matrix: 
 [[0.261 0.739]
 [0.233 0.767]]
Validation f1: 40.62
Validation accuracy: 39.74
Validation recall: 76.74
Validation precision: 27.62
Validation AUC: 0.28152396960269127
Validation class accuracies: [0.2614795918367347, 0.7673611111111112]
The clause is activated.
Not defaulting.
Saving model...
Epoch 11/80
351/351 - 339s - loss: 0.6721 - accuracy: 0.5548 - val_loss: 0.7010 - val_accuracy: 0.4860
Confusion matrix: 
 [[364 420]
 [131 157]]
/home/alirachidi/anaconda3/envs/LungSoundClass/lib/python3.7/site-packages/tensorflow/python/data/ops/dataset_ops.py:3504: UserWarning: Even though the tf.config.experimental_run_functions_eagerly option is set, this option does not apply to tf.data functions. tf.data functions are still traced and executed as graphs.
  "Even though the tf.config.experimental_run_functions_eagerly "
Normalized Confusion matrix: 
 [[0.464 0.536]
 [0.455 0.545]]
Validation f1: 36.30
Validation accuracy: 48.60
Validation recall: 54.51
Validation precision: 27.21
Validation AUC: 0.2943394148512071
Validation class accuracies: [0.4642857142857143, 0.5451388888888888]
The clause is activated.
Not defaulting.
The validation tracker metric at 0.40624999999999994 hasn't increased by 0 in 1 epochs
Epoch 12/80
351/351 - 338s - loss: 0.6646 - accuracy: 0.5850 - val_loss: 0.6301 - val_accuracy: 0.6660
Confusion matrix: 
 [[658 126]
 [232  56]]
/home/alirachidi/anaconda3/envs/LungSoundClass/lib/python3.7/site-packages/tensorflow/python/data/ops/dataset_ops.py:3504: UserWarning: Even though the tf.config.experimental_run_functions_eagerly option is set, this option does not apply to tf.data functions. tf.data functions are still traced and executed as graphs.
  "Even though the tf.config.experimental_run_functions_eagerly "
Normalized Confusion matrix: 
 [[0.839 0.161]
 [0.806 0.194]]
Validation f1: 23.83
Validation accuracy: 66.60
Validation recall: 19.44
Validation precision: 30.77
Validation AUC: 0.29546815056422526
Validation class accuracies: [0.8392857142857143, 0.19444444444444445]
The clause is activated.
Not defaulting.
The validation tracker metric at 0.40624999999999994 hasn't increased by 0 in 2 epochs
Epoch 13/80
351/351 - 339s - loss: 0.6570 - accuracy: 0.6002 - val_loss: 0.7708 - val_accuracy: 0.4170
Confusion matrix: 
 [[231 553]
 [ 72 216]]
/home/alirachidi/anaconda3/envs/LungSoundClass/lib/python3.7/site-packages/tensorflow/python/data/ops/dataset_ops.py:3504: UserWarning: Even though the tf.config.experimental_run_functions_eagerly option is set, this option does not apply to tf.data functions. tf.data functions are still traced and executed as graphs.
  "Even though the tf.config.experimental_run_functions_eagerly "
Normalized Confusion matrix: 
 [[0.295 0.705]
 [0.25  0.75 ]]
Validation f1: 40.87
Validation accuracy: 41.70
Validation recall: 75.00
Validation precision: 28.09
Validation AUC: 0.3024060023094933
Validation class accuracies: [0.29464285714285715, 0.75]
The clause is activated.
Not defaulting.
Saving model...
Epoch 14/80
351/351 - 339s - loss: 0.6464 - accuracy: 0.6033 - val_loss: 0.6953 - val_accuracy: 0.5364
Confusion matrix: 
 [[433 351]
 [146 142]]
/home/alirachidi/anaconda3/envs/LungSoundClass/lib/python3.7/site-packages/tensorflow/python/data/ops/dataset_ops.py:3504: UserWarning: Even though the tf.config.experimental_run_functions_eagerly option is set, this option does not apply to tf.data functions. tf.data functions are still traced and executed as graphs.
  "Even though the tf.config.experimental_run_functions_eagerly "
Normalized Confusion matrix: 
 [[0.552 0.448]
 [0.507 0.493]]
Validation f1: 36.36
Validation accuracy: 53.64
Validation recall: 49.31
Validation precision: 28.80
Validation AUC: 0.282436075191237
Validation class accuracies: [0.5522959183673469, 0.4930555555555556]
The clause is activated.
Not defaulting.
The validation tracker metric at 0.4087038789025544 hasn't increased by 0 in 1 epochs
Epoch 15/80
351/351 - 338s - loss: 0.6396 - accuracy: 0.6173 - val_loss: 0.6280 - val_accuracy: 0.6465
Confusion matrix: 
 [[638 146]
 [233  55]]
/home/alirachidi/anaconda3/envs/LungSoundClass/lib/python3.7/site-packages/tensorflow/python/data/ops/dataset_ops.py:3504: UserWarning: Even though the tf.config.experimental_run_functions_eagerly option is set, this option does not apply to tf.data functions. tf.data functions are still traced and executed as graphs.
  "Even though the tf.config.experimental_run_functions_eagerly "
Normalized Confusion matrix: 
 [[0.814 0.186]
 [0.809 0.191]]
Validation f1: 22.49
Validation accuracy: 64.65
Validation recall: 19.10
Validation precision: 27.36
Validation AUC: 0.2900237867240629
Validation class accuracies: [0.8137755102040817, 0.1909722222222222]
The clause is activated.
Not defaulting.
The validation tracker metric at 0.4087038789025544 hasn't increased by 0 in 2 epochs
Epoch 16/80
351/351 - 339s - loss: 0.6246 - accuracy: 0.6439 - val_loss: 0.7724 - val_accuracy: 0.4776
Confusion matrix: 
 [[341 443]
 [117 171]]
/home/alirachidi/anaconda3/envs/LungSoundClass/lib/python3.7/site-packages/tensorflow/python/data/ops/dataset_ops.py:3504: UserWarning: Even though the tf.config.experimental_run_functions_eagerly option is set, this option does not apply to tf.data functions. tf.data functions are still traced and executed as graphs.
  "Even though the tf.config.experimental_run_functions_eagerly "
Normalized Confusion matrix: 
 [[0.435 0.565]
 [0.406 0.594]]
Validation f1: 37.92
Validation accuracy: 47.76
Validation recall: 59.38
Validation precision: 27.85
Validation AUC: 0.28336902271121467
Validation class accuracies: [0.43494897959183676, 0.59375]
The clause is activated.
Not defaulting.
The validation tracker metric at 0.4087038789025544 hasn't increased by 0 in 3 epochs
Epoch 17/80
351/351 - 339s - loss: 0.6136 - accuracy: 0.6519 - val_loss: 0.6909 - val_accuracy: 0.5774
Confusion matrix: 
 [[493 291]
 [162 126]]
/home/alirachidi/anaconda3/envs/LungSoundClass/lib/python3.7/site-packages/tensorflow/python/data/ops/dataset_ops.py:3504: UserWarning: Even though the tf.config.experimental_run_functions_eagerly option is set, this option does not apply to tf.data functions. tf.data functions are still traced and executed as graphs.
  "Even though the tf.config.experimental_run_functions_eagerly "
Normalized Confusion matrix: 
 [[0.629 0.371]
 [0.562 0.438]]
Validation f1: 35.74
Validation accuracy: 57.74
Validation recall: 43.75
Validation precision: 30.22
Validation AUC: 0.2915375822229265
Validation class accuracies: [0.6288265306122449, 0.4375]
The clause is activated.
Not defaulting.
The validation tracker metric at 0.4087038789025544 hasn't increased by 0 in 4 epochs
Epoch 18/80
351/351 - 339s - loss: 0.6009 - accuracy: 0.6690 - val_loss: 0.6426 - val_accuracy: 0.6343
Confusion matrix: 
 [[614 170]
 [222  66]]
/home/alirachidi/anaconda3/envs/LungSoundClass/lib/python3.7/site-packages/tensorflow/python/data/ops/dataset_ops.py:3504: UserWarning: Even though the tf.config.experimental_run_functions_eagerly option is set, this option does not apply to tf.data functions. tf.data functions are still traced and executed as graphs.
  "Even though the tf.config.experimental_run_functions_eagerly "
Normalized Confusion matrix: 
 [[0.783 0.217]
 [0.771 0.229]]
Validation f1: 25.19
Validation accuracy: 63.43
Validation recall: 22.92
Validation precision: 27.97
Validation AUC: 0.28858114245438155
Validation class accuracies: [0.7831632653061225, 0.22916666666666666]
The clause is activated.
Not defaulting.
The validation tracker metric at 0.4087038789025544 hasn't increased by 0 in 5 epochs
Epoch 19/80
351/351 - 339s - loss: 0.5851 - accuracy: 0.7075 - val_loss: 0.7978 - val_accuracy: 0.4785
Confusion matrix: 
 [[347 437]
 [122 166]]
/home/alirachidi/anaconda3/envs/LungSoundClass/lib/python3.7/site-packages/tensorflow/python/data/ops/dataset_ops.py:3504: UserWarning: Even though the tf.config.experimental_run_functions_eagerly option is set, this option does not apply to tf.data functions. tf.data functions are still traced and executed as graphs.
  "Even though the tf.config.experimental_run_functions_eagerly "
Normalized Confusion matrix: 
 [[0.443 0.557]
 [0.424 0.576]]
Validation f1: 37.26
Validation accuracy: 47.85
Validation recall: 57.64
Validation precision: 27.53
Validation AUC: 0.2917003749805087
Validation class accuracies: [0.44260204081632654, 0.5763888888888888]
The clause is activated.
Not defaulting.
The validation tracker metric at 0.4087038789025544 hasn't increased by 0 in 6 epochs
Lr has been adjusted to 0.000375000003259629
Epoch 20/80
351/351 - 339s - loss: 0.5499 - accuracy: 0.7308 - val_loss: 0.7044 - val_accuracy: 0.5840
Confusion matrix: 
 [[515 269]
 [177 111]]
/home/alirachidi/anaconda3/envs/LungSoundClass/lib/python3.7/site-packages/tensorflow/python/data/ops/dataset_ops.py:3504: UserWarning: Even though the tf.config.experimental_run_functions_eagerly option is set, this option does not apply to tf.data functions. tf.data functions are still traced and executed as graphs.
  "Even though the tf.config.experimental_run_functions_eagerly "
Normalized Confusion matrix: 
 [[0.657 0.343]
 [0.615 0.385]]
Validation f1: 33.23
Validation accuracy: 58.40
Validation recall: 38.54
Validation precision: 29.21
Validation AUC: 0.2988798443321397
Validation class accuracies: [0.6568877551020408, 0.3854166666666667]
The clause is activated.
Not defaulting.
The validation tracker metric at 0.4087038789025544 hasn't increased by 0 in 7 epochs
Epoch 21/80
351/351 - 338s - loss: 0.5407 - accuracy: 0.7405 - val_loss: 0.6901 - val_accuracy: 0.6073
Confusion matrix: 
 [[558 226]
 [195  93]]
/home/alirachidi/anaconda3/envs/LungSoundClass/lib/python3.7/site-packages/tensorflow/python/data/ops/dataset_ops.py:3504: UserWarning: Even though the tf.config.experimental_run_functions_eagerly option is set, this option does not apply to tf.data functions. tf.data functions are still traced and executed as graphs.
  "Even though the tf.config.experimental_run_functions_eagerly "
Normalized Confusion matrix: 
 [[0.712 0.288]
 [0.677 0.323]]
Validation f1: 30.64
Validation accuracy: 60.73
Validation recall: 32.29
Validation precision: 29.15
Validation AUC: 0.2854851257759012
Validation class accuracies: [0.7117346938775511, 0.3229166666666667]
The clause is activated.
Not defaulting.
The validation tracker metric at 0.4087038789025544 hasn't increased by 0 in 8 epochs
Epoch 22/80
351/351 - 340s - loss: 0.5117 - accuracy: 0.7761 - val_loss: 0.7611 - val_accuracy: 0.5410
Confusion matrix: 
 [[467 317]
 [175 113]]
/home/alirachidi/anaconda3/envs/LungSoundClass/lib/python3.7/site-packages/tensorflow/python/data/ops/dataset_ops.py:3504: UserWarning: Even though the tf.config.experimental_run_functions_eagerly option is set, this option does not apply to tf.data functions. tf.data functions are still traced and executed as graphs.
  "Even though the tf.config.experimental_run_functions_eagerly "
Normalized Confusion matrix: 
 [[0.596 0.404]
 [0.608 0.392]]
Validation f1: 31.48
Validation accuracy: 54.10
Validation recall: 39.24
Validation precision: 26.28
Validation AUC: 0.2847052305466672
Validation class accuracies: [0.5956632653061225, 0.3923611111111111]
The clause is activated.
Not defaulting.
The validation tracker metric at 0.4087038789025544 hasn't increased by 0 in 9 epochs
Epoch 23/80
351/351 - 338s - loss: 0.5029 - accuracy: 0.7802 - val_loss: 0.7913 - val_accuracy: 0.5140
Confusion matrix: 
 [[412 372]
 [149 139]]
/home/alirachidi/anaconda3/envs/LungSoundClass/lib/python3.7/site-packages/tensorflow/python/data/ops/dataset_ops.py:3504: UserWarning: Even though the tf.config.experimental_run_functions_eagerly option is set, this option does not apply to tf.data functions. tf.data functions are still traced and executed as graphs.
  "Even though the tf.config.experimental_run_functions_eagerly "
Normalized Confusion matrix: 
 [[0.526 0.474]
 [0.517 0.483]]
Validation f1: 34.79
Validation accuracy: 51.40
Validation recall: 48.26
Validation precision: 27.20
Validation AUC: 0.2957539837952736
Validation class accuracies: [0.5255102040816326, 0.4826388888888889]
The clause is activated.
Not defaulting.
The validation tracker metric at 0.4087038789025544 hasn't increased by 0 in 10 epochs
Epoch 24/80
351/351 - 338s - loss: 0.4890 - accuracy: 0.7996 - val_loss: 0.8804 - val_accuracy: 0.4431
Confusion matrix: 
 [[292 492]
 [105 183]]
/home/alirachidi/anaconda3/envs/LungSoundClass/lib/python3.7/site-packages/tensorflow/python/data/ops/dataset_ops.py:3504: UserWarning: Even though the tf.config.experimental_run_functions_eagerly option is set, this option does not apply to tf.data functions. tf.data functions are still traced and executed as graphs.
  "Even though the tf.config.experimental_run_functions_eagerly "
Normalized Confusion matrix: 
 [[0.372 0.628]
 [0.365 0.635]]
Validation f1: 38.01
Validation accuracy: 44.31
Validation recall: 63.54
Validation precision: 27.11
Validation AUC: 0.28327003218567015
Validation class accuracies: [0.37244897959183676, 0.6354166666666666]
The clause is activated.
Not defaulting.
The validation tracker metric at 0.4087038789025544 hasn't increased by 0 in 11 epochs
Epoch 25/80
351/351 - 338s - loss: 0.4790 - accuracy: 0.8032 - val_loss: 0.8166 - val_accuracy: 0.4981
Confusion matrix: 
 [[386 398]
 [140 148]]
/home/alirachidi/anaconda3/envs/LungSoundClass/lib/python3.7/site-packages/tensorflow/python/data/ops/dataset_ops.py:3504: UserWarning: Even though the tf.config.experimental_run_functions_eagerly option is set, this option does not apply to tf.data functions. tf.data functions are still traced and executed as graphs.
  "Even though the tf.config.experimental_run_functions_eagerly "
Normalized Confusion matrix: 
 [[0.492 0.508]
 [0.486 0.514]]
Validation f1: 35.49
Validation accuracy: 49.81
Validation recall: 51.39
Validation precision: 27.11
Validation AUC: 0.27540871014747104
Validation class accuracies: [0.4923469387755102, 0.5138888888888888]
The clause is activated.
Not defaulting.
The validation tracker metric at 0.4087038789025544 hasn't increased by 0 in 12 epochs
Lr has been adjusted to 0.00028124998789280653
Epoch 26/80
351/351 - 339s - loss: 0.4670 - accuracy: 0.8134 - val_loss: 0.6385 - val_accuracy: 0.6726
Confusion matrix: 
 [[673 111]
 [240  48]]
/home/alirachidi/anaconda3/envs/LungSoundClass/lib/python3.7/site-packages/tensorflow/python/data/ops/dataset_ops.py:3504: UserWarning: Even though the tf.config.experimental_run_functions_eagerly option is set, this option does not apply to tf.data functions. tf.data functions are still traced and executed as graphs.
  "Even though the tf.config.experimental_run_functions_eagerly "
Normalized Confusion matrix: 
 [[0.858 0.142]
 [0.833 0.167]]
Validation f1: 21.48
Validation accuracy: 67.26
Validation recall: 16.67
Validation precision: 30.19
Validation AUC: 0.2823557378834387
Validation class accuracies: [0.8584183673469388, 0.16666666666666666]
The clause is activated.
Not defaulting.
The validation tracker metric at 0.4087038789025544 hasn't increased by 0 in 13 epochs
Epoch 27/80
351/351 - 340s - loss: 0.4467 - accuracy: 0.8367 - val_loss: 0.6349 - val_accuracy: 0.6782
Confusion matrix: 
 [[676 108]
 [237  51]]
/home/alirachidi/anaconda3/envs/LungSoundClass/lib/python3.7/site-packages/tensorflow/python/data/ops/dataset_ops.py:3504: UserWarning: Even though the tf.config.experimental_run_functions_eagerly option is set, this option does not apply to tf.data functions. tf.data functions are still traced and executed as graphs.
  "Even though the tf.config.experimental_run_functions_eagerly "
Normalized Confusion matrix: 
 [[0.862 0.138]
 [0.823 0.177]]
Validation f1: 22.82
Validation accuracy: 67.82
Validation recall: 17.71
Validation precision: 32.08
Validation AUC: 0.2839563394737303
Validation class accuracies: [0.8622448979591837, 0.17708333333333334]
The clause is activated.
Not defaulting.
The validation tracker metric at 0.4087038789025544 hasn't increased by 0 in 14 epochs
Epoch 28/80
351/351 - 341s - loss: 0.4383 - accuracy: 0.8485 - val_loss: 0.6972 - val_accuracy: 0.6147
Confusion matrix: 
 [[585 199]
 [214  74]]
/home/alirachidi/anaconda3/envs/LungSoundClass/lib/python3.7/site-packages/tensorflow/python/data/ops/dataset_ops.py:3504: UserWarning: Even though the tf.config.experimental_run_functions_eagerly option is set, this option does not apply to tf.data functions. tf.data functions are still traced and executed as graphs.
  "Even though the tf.config.experimental_run_functions_eagerly "
Normalized Confusion matrix: 
 [[0.746 0.254]
 [0.743 0.257]]
Validation f1: 26.38
Validation accuracy: 61.47
Validation recall: 25.69
Validation precision: 27.11
Validation AUC: 0.27588184111072167
Validation class accuracies: [0.7461734693877551, 0.2569444444444444]
The clause is activated.
Not defaulting.
The validation tracker metric at 0.4087038789025544 hasn't increased by 0 in 15 epochs
Epoch 29/80
351/351 - 342s - loss: 0.4445 - accuracy: 0.8345 - val_loss: 0.6755 - val_accuracy: 0.6381
Confusion matrix: 
 [[619 165]
 [223  65]]
/home/alirachidi/anaconda3/envs/LungSoundClass/lib/python3.7/site-packages/tensorflow/python/data/ops/dataset_ops.py:3504: UserWarning: Even though the tf.config.experimental_run_functions_eagerly option is set, this option does not apply to tf.data functions. tf.data functions are still traced and executed as graphs.
  "Even though the tf.config.experimental_run_functions_eagerly "
Normalized Confusion matrix: 
 [[0.79  0.21 ]
 [0.774 0.226]]
Validation f1: 25.10
Validation accuracy: 63.81
Validation recall: 22.57
Validation precision: 28.26
Validation AUC: 0.2898730938427927
Validation class accuracies: [0.7895408163265306, 0.22569444444444445]
The clause is activated.
Not defaulting.
The validation tracker metric at 0.4087038789025544 hasn't increased by 0 in 16 epochs
Epoch 30/80
351/351 - 342s - loss: 0.4217 - accuracy: 0.8597 - val_loss: 0.7481 - val_accuracy: 0.5746
Confusion matrix: 
 [[508 276]
 [180 108]]
/home/alirachidi/anaconda3/envs/LungSoundClass/lib/python3.7/site-packages/tensorflow/python/data/ops/dataset_ops.py:3504: UserWarning: Even though the tf.config.experimental_run_functions_eagerly option is set, this option does not apply to tf.data functions. tf.data functions are still traced and executed as graphs.
  "Even though the tf.config.experimental_run_functions_eagerly "
Normalized Confusion matrix: 
 [[0.648 0.352]
 [0.625 0.375]]
Validation f1: 32.14
Validation accuracy: 57.46
Validation recall: 37.50
Validation precision: 28.12
Validation AUC: 0.28686469349441557
Validation class accuracies: [0.6479591836734694, 0.375]
The clause is activated.
Not defaulting.
The validation tracker metric at 0.4087038789025544 hasn't increased by 0 in 17 epochs
Epoch 31/80
351/351 - 344s - loss: 0.4104 - accuracy: 0.8649 - val_loss: 0.8132 - val_accuracy: 0.5177
Confusion matrix: 
 [[421 363]
 [154 134]]
/home/alirachidi/anaconda3/envs/LungSoundClass/lib/python3.7/site-packages/tensorflow/python/data/ops/dataset_ops.py:3504: UserWarning: Even though the tf.config.experimental_run_functions_eagerly option is set, this option does not apply to tf.data functions. tf.data functions are still traced and executed as graphs.
  "Even though the tf.config.experimental_run_functions_eagerly "
Normalized Confusion matrix: 
 [[0.537 0.463]
 [0.535 0.465]]
Validation f1: 34.14
Validation accuracy: 51.77
Validation recall: 46.53
Validation precision: 26.96
Validation AUC: 0.29282880874819395
Validation class accuracies: [0.5369897959183674, 0.4652777777777778]
The clause is activated.
Not defaulting.
The validation tracker metric at 0.4087038789025544 hasn't increased by 0 in 18 epochs
Lr has been adjusted to 0.0002109374909196049
Epoch 32/80
351/351 - 345s - loss: 0.4087 - accuracy: 0.8663 - val_loss: 0.7263 - val_accuracy: 0.6007
Confusion matrix: 
 [[551 233]
 [195  93]]
/home/alirachidi/anaconda3/envs/LungSoundClass/lib/python3.7/site-packages/tensorflow/python/data/ops/dataset_ops.py:3504: UserWarning: Even though the tf.config.experimental_run_functions_eagerly option is set, this option does not apply to tf.data functions. tf.data functions are still traced and executed as graphs.
  "Even though the tf.config.experimental_run_functions_eagerly "
Normalized Confusion matrix: 
 [[0.703 0.297]
 [0.677 0.323]]
Validation f1: 30.29
Validation accuracy: 60.07
Validation recall: 32.29
Validation precision: 28.53
Validation AUC: 0.2875143512058511
Validation class accuracies: [0.7028061224489796, 0.3229166666666667]
The clause is activated.
Not defaulting.
The validation tracker metric at 0.4087038789025544 hasn't increased by 0 in 19 epochs
Epoch 33/80
351/351 - 345s - loss: 0.4000 - accuracy: 0.8739 - val_loss: 0.6783 - val_accuracy: 0.6465
Confusion matrix: 
 [[627 157]
 [222  66]]
/home/alirachidi/anaconda3/envs/LungSoundClass/lib/python3.7/site-packages/tensorflow/python/data/ops/dataset_ops.py:3504: UserWarning: Even though the tf.config.experimental_run_functions_eagerly option is set, this option does not apply to tf.data functions. tf.data functions are still traced and executed as graphs.
  "Even though the tf.config.experimental_run_functions_eagerly "
Normalized Confusion matrix: 
 [[0.8   0.2  ]
 [0.771 0.229]]
Validation f1: 25.83
Validation accuracy: 64.65
Validation recall: 22.92
Validation precision: 29.60
Validation AUC: 0.28942971679670193
Validation class accuracies: [0.7997448979591837, 0.22916666666666666]
The clause is activated.
Not defaulting.
The validation tracker metric at 0.4087038789025544 hasn't increased by 0 in 20 epochs
Epoch 34/80
351/351 - 345s - loss: 0.3941 - accuracy: 0.8756 - val_loss: 0.7472 - val_accuracy: 0.5802
Confusion matrix: 
 [[529 255]
 [195  93]]
/home/alirachidi/anaconda3/envs/LungSoundClass/lib/python3.7/site-packages/tensorflow/python/data/ops/dataset_ops.py:3504: UserWarning: Even though the tf.config.experimental_run_functions_eagerly option is set, this option does not apply to tf.data functions. tf.data functions are still traced and executed as graphs.
  "Even though the tf.config.experimental_run_functions_eagerly "
Normalized Confusion matrix: 
 [[0.675 0.325]
 [0.677 0.323]]
Validation f1: 29.25
Validation accuracy: 58.02
Validation recall: 32.29
Validation precision: 26.72
Validation AUC: 0.27243442569418574
Validation class accuracies: [0.6747448979591837, 0.3229166666666667]
The clause is activated.
Not defaulting.
The validation tracker metric at 0.4087038789025544 hasn't increased by 0 in 21 epochs
Epoch 35/80
351/351 - 344s - loss: 0.3904 - accuracy: 0.8815 - val_loss: 0.6893 - val_accuracy: 0.6371
Confusion matrix: 
 [[614 170]
 [219  69]]
/home/alirachidi/anaconda3/envs/LungSoundClass/lib/python3.7/site-packages/tensorflow/python/data/ops/dataset_ops.py:3504: UserWarning: Even though the tf.config.experimental_run_functions_eagerly option is set, this option does not apply to tf.data functions. tf.data functions are still traced and executed as graphs.
  "Even though the tf.config.experimental_run_functions_eagerly "
Normalized Confusion matrix: 
 [[0.783 0.217]
 [0.76  0.24 ]]
Validation f1: 26.19
Validation accuracy: 63.71
Validation recall: 23.96
Validation precision: 28.87
Validation AUC: 0.2965996840538522
Validation class accuracies: [0.7831632653061225, 0.23958333333333334]
The clause is activated.
Not defaulting.
The validation tracker metric at 0.4087038789025544 hasn't increased by 0 in 22 epochs
Epoch 36/80
351/351 - 341s - loss: 0.3816 - accuracy: 0.8879 - val_loss: 0.7704 - val_accuracy: 0.5644
Confusion matrix: 
 [[492 292]
 [175 113]]
/home/alirachidi/anaconda3/envs/LungSoundClass/lib/python3.7/site-packages/tensorflow/python/data/ops/dataset_ops.py:3504: UserWarning: Even though the tf.config.experimental_run_functions_eagerly option is set, this option does not apply to tf.data functions. tf.data functions are still traced and executed as graphs.
  "Even though the tf.config.experimental_run_functions_eagerly "
Normalized Confusion matrix: 
 [[0.628 0.372]
 [0.608 0.392]]
Validation f1: 32.61
Validation accuracy: 56.44
Validation recall: 39.24
Validation precision: 27.90
Validation AUC: 0.27602074605897176
Validation class accuracies: [0.6275510204081632, 0.3923611111111111]
The clause is activated.
Not defaulting.
The validation tracker metric at 0.4087038789025544 hasn't increased by 0 in 23 epochs
Epoch 37/80
351/351 - 342s - loss: 0.3793 - accuracy: 0.8898 - val_loss: 0.6914 - val_accuracy: 0.6371
Confusion matrix: 
 [[621 163]
 [226  62]]
/home/alirachidi/anaconda3/envs/LungSoundClass/lib/python3.7/site-packages/tensorflow/python/data/ops/dataset_ops.py:3504: UserWarning: Even though the tf.config.experimental_run_functions_eagerly option is set, this option does not apply to tf.data functions. tf.data functions are still traced and executed as graphs.
  "Even though the tf.config.experimental_run_functions_eagerly "
Normalized Confusion matrix: 
 [[0.792 0.208]
 [0.785 0.215]]
Validation f1: 24.17
Validation accuracy: 63.71
Validation recall: 21.53
Validation precision: 27.56
Validation AUC: 0.2885566209308479
Validation class accuracies: [0.7920918367346939, 0.2152777777777778]
The clause is activated.
Not defaulting.
The validation tracker metric at 0.4087038789025544 hasn't increased by 0 in 24 epochs
Lr has been adjusted to 0.0001582031254656613
Epoch 38/80
351/351 - 341s - loss: 0.3756 - accuracy: 0.8908 - val_loss: 0.7137 - val_accuracy: 0.6147
Confusion matrix: 
 [[586 198]
 [215  73]]
/home/alirachidi/anaconda3/envs/LungSoundClass/lib/python3.7/site-packages/tensorflow/python/data/ops/dataset_ops.py:3504: UserWarning: Even though the tf.config.experimental_run_functions_eagerly option is set, this option does not apply to tf.data functions. tf.data functions are still traced and executed as graphs.
  "Even though the tf.config.experimental_run_functions_eagerly "
Normalized Confusion matrix: 
 [[0.747 0.253]
 [0.747 0.253]]
Validation f1: 26.12
Validation accuracy: 61.47
Validation recall: 25.35
Validation precision: 26.94
Validation AUC: 0.2737788006347882
Validation class accuracies: [0.7474489795918368, 0.2534722222222222]
The clause is activated.
Not defaulting.
The validation tracker metric at 0.4087038789025544 hasn't increased by 0 in 25 epochs
Epoch 39/80
351/351 - 342s - loss: 0.3696 - accuracy: 0.8970 - val_loss: 0.7519 - val_accuracy: 0.5886
Confusion matrix: 
 [[536 248]
 [193  95]]
/home/alirachidi/anaconda3/envs/LungSoundClass/lib/python3.7/site-packages/tensorflow/python/data/ops/dataset_ops.py:3504: UserWarning: Even though the tf.config.experimental_run_functions_eagerly option is set, this option does not apply to tf.data functions. tf.data functions are still traced and executed as graphs.
  "Even though the tf.config.experimental_run_functions_eagerly "
Normalized Confusion matrix: 
 [[0.684 0.316]
 [0.67  0.33 ]]
Validation f1: 30.11
Validation accuracy: 58.86
Validation recall: 32.99
Validation precision: 27.70
Validation AUC: 0.27401956018162965
Validation class accuracies: [0.6836734693877551, 0.3298611111111111]
The clause is activated.
Not defaulting.
The validation tracker metric at 0.4087038789025544 hasn't increased by 0 in 26 epochs
Epoch 40/80
351/351 - 341s - loss: 0.3651 - accuracy: 0.8991 - val_loss: 0.6916 - val_accuracy: 0.6409
Confusion matrix: 
 [[628 156]
 [229  59]]
/home/alirachidi/anaconda3/envs/LungSoundClass/lib/python3.7/site-packages/tensorflow/python/data/ops/dataset_ops.py:3504: UserWarning: Even though the tf.config.experimental_run_functions_eagerly option is set, this option does not apply to tf.data functions. tf.data functions are still traced and executed as graphs.
  "Even though the tf.config.experimental_run_functions_eagerly "
Normalized Confusion matrix: 
 [[0.801 0.199]
 [0.795 0.205]]
Validation f1: 23.46
Validation accuracy: 64.09
Validation recall: 20.49
Validation precision: 27.44
Validation AUC: 0.28877834188522433
Validation class accuracies: [0.8010204081632653, 0.2048611111111111]
The clause is activated.
Not defaulting.
The validation tracker metric at 0.4087038789025544 hasn't increased by 0 in 27 epochs
Epoch 41/80
351/351 - 342s - loss: 0.3643 - accuracy: 0.9034 - val_loss: 0.6640 - val_accuracy: 0.6679
Confusion matrix: 
 [[663 121]
 [235  53]]
/home/alirachidi/anaconda3/envs/LungSoundClass/lib/python3.7/site-packages/tensorflow/python/data/ops/dataset_ops.py:3504: UserWarning: Even though the tf.config.experimental_run_functions_eagerly option is set, this option does not apply to tf.data functions. tf.data functions are still traced and executed as graphs.
  "Even though the tf.config.experimental_run_functions_eagerly "
Normalized Confusion matrix: 
 [[0.846 0.154]
 [0.816 0.184]]
Validation f1: 22.94
Validation accuracy: 66.79
Validation recall: 18.40
Validation precision: 30.46
Validation AUC: 0.29159488967430663
Validation class accuracies: [0.8456632653061225, 0.1840277777777778]
The clause is activated.
Not defaulting.
The validation tracker metric at 0.4087038789025544 hasn't increased by 0 in 28 epochs
Epoch 42/80
351/351 - 342s - loss: 0.3499 - accuracy: 0.9143 - val_loss: 0.7091 - val_accuracy: 0.6231
Confusion matrix: 
 [[593 191]
 [213  75]]
/home/alirachidi/anaconda3/envs/LungSoundClass/lib/python3.7/site-packages/tensorflow/python/data/ops/dataset_ops.py:3504: UserWarning: Even though the tf.config.experimental_run_functions_eagerly option is set, this option does not apply to tf.data functions. tf.data functions are still traced and executed as graphs.
  "Even though the tf.config.experimental_run_functions_eagerly "
Normalized Confusion matrix: 
 [[0.756 0.244]
 [0.74  0.26 ]]
Validation f1: 27.08
Validation accuracy: 62.31
Validation recall: 26.04
Validation precision: 28.20
Validation AUC: 0.2880943520740378
Validation class accuracies: [0.7563775510204082, 0.2604166666666667]
The clause is activated.
Not defaulting.
The validation tracker metric at 0.4087038789025544 hasn't increased by 0 in 29 epochs
Epoch 43/80
351/351 - 341s - loss: 0.3618 - accuracy: 0.9010 - val_loss: 0.8211 - val_accuracy: 0.5345
Confusion matrix: 
 [[453 331]
 [168 120]]
/home/alirachidi/anaconda3/envs/LungSoundClass/lib/python3.7/site-packages/tensorflow/python/data/ops/dataset_ops.py:3504: UserWarning: Even though the tf.config.experimental_run_functions_eagerly option is set, this option does not apply to tf.data functions. tf.data functions are still traced and executed as graphs.
  "Even though the tf.config.experimental_run_functions_eagerly "
Normalized Confusion matrix: 
 [[0.578 0.422]
 [0.583 0.417]]
Validation f1: 32.48
Validation accuracy: 53.45
Validation recall: 41.67
Validation precision: 26.61
Validation AUC: 0.2860528969522882
Validation class accuracies: [0.5778061224489796, 0.4166666666666667]
The clause is activated.
Not defaulting.
The validation tracker metric at 0.4087038789025544 hasn't increased by 0 in 30 epochs
Lr has been adjusted to 0.00011865234409924597
Epoch 44/80
351/351 - 342s - loss: 0.3602 - accuracy: 0.9027 - val_loss: 0.7293 - val_accuracy: 0.6073
Confusion matrix: 
 [[568 216]
 [205  83]]
/home/alirachidi/anaconda3/envs/LungSoundClass/lib/python3.7/site-packages/tensorflow/python/data/ops/dataset_ops.py:3504: UserWarning: Even though the tf.config.experimental_run_functions_eagerly option is set, this option does not apply to tf.data functions. tf.data functions are still traced and executed as graphs.
  "Even though the tf.config.experimental_run_functions_eagerly "
Normalized Confusion matrix: 
 [[0.724 0.276]
 [0.712 0.288]]
Validation f1: 28.28
Validation accuracy: 60.73
Validation recall: 28.82
Validation precision: 27.76
Validation AUC: 0.2830366979153507
Validation class accuracies: [0.7244897959183674, 0.2881944444444444]
The clause is activated.
Not defaulting.
The validation tracker metric at 0.4087038789025544 hasn't increased by 0 in 31 epochs
Epoch 45/80
351/351 - 340s - loss: 0.3588 - accuracy: 0.9065 - val_loss: 0.7131 - val_accuracy: 0.6222
Confusion matrix: 
 [[600 184]
 [221  67]]
/home/alirachidi/anaconda3/envs/LungSoundClass/lib/python3.7/site-packages/tensorflow/python/data/ops/dataset_ops.py:3504: UserWarning: Even though the tf.config.experimental_run_functions_eagerly option is set, this option does not apply to tf.data functions. tf.data functions are still traced and executed as graphs.
  "Even though the tf.config.experimental_run_functions_eagerly "
Normalized Confusion matrix: 
 [[0.765 0.235]
 [0.767 0.233]]
Validation f1: 24.86
Validation accuracy: 62.22
Validation recall: 23.26
Validation precision: 26.69
Validation AUC: 0.2844007188026207
Validation class accuracies: [0.7653061224489796, 0.2326388888888889]
The clause is activated.
Not defaulting.
The validation tracker metric at 0.4087038789025544 hasn't increased by 0 in 32 epochs
Epoch 46/80
351/351 - 340s - loss: 0.3477 - accuracy: 0.9107 - val_loss: 0.7405 - val_accuracy: 0.6026
Confusion matrix: 
 [[562 222]
 [204  84]]
/home/alirachidi/anaconda3/envs/LungSoundClass/lib/python3.7/site-packages/tensorflow/python/data/ops/dataset_ops.py:3504: UserWarning: Even though the tf.config.experimental_run_functions_eagerly option is set, this option does not apply to tf.data functions. tf.data functions are still traced and executed as graphs.
  "Even though the tf.config.experimental_run_functions_eagerly "
Normalized Confusion matrix: 
 [[0.717 0.283]
 [0.708 0.292]]
Validation f1: 28.28
Validation accuracy: 60.26
Validation recall: 29.17
Validation precision: 27.45
Validation AUC: 0.2801023919705967
Validation class accuracies: [0.7168367346938775, 0.2916666666666667]
The clause is activated.
Not defaulting.
The validation tracker metric at 0.4087038789025544 hasn't increased by 0 in 33 epochs
Epoch 47/80
351/351 - 341s - loss: 0.3440 - accuracy: 0.9171 - val_loss: 0.7361 - val_accuracy: 0.6017
Confusion matrix: 
 [[562 222]
 [205  83]]
/home/alirachidi/anaconda3/envs/LungSoundClass/lib/python3.7/site-packages/tensorflow/python/data/ops/dataset_ops.py:3504: UserWarning: Even though the tf.config.experimental_run_functions_eagerly option is set, this option does not apply to tf.data functions. tf.data functions are still traced and executed as graphs.
  "Even though the tf.config.experimental_run_functions_eagerly "
Normalized Confusion matrix: 
 [[0.717 0.283]
 [0.712 0.288]]
Validation f1: 27.99
Validation accuracy: 60.17
Validation recall: 28.82
Validation precision: 27.21
Validation AUC: 0.28604297962433084
Validation class accuracies: [0.7168367346938775, 0.2881944444444444]
The clause is activated.
Not defaulting.
The validation tracker metric at 0.4087038789025544 hasn't increased by 0 in 34 epochs
Epoch 48/80
351/351 - 339s - loss: 0.3439 - accuracy: 0.9160 - val_loss: 0.6794 - val_accuracy: 0.6521
Confusion matrix: 
 [[650 134]
 [239  49]]
/home/alirachidi/anaconda3/envs/LungSoundClass/lib/python3.7/site-packages/tensorflow/python/data/ops/dataset_ops.py:3504: UserWarning: Even though the tf.config.experimental_run_functions_eagerly option is set, this option does not apply to tf.data functions. tf.data functions are still traced and executed as graphs.
  "Even though the tf.config.experimental_run_functions_eagerly "
Normalized Confusion matrix: 
 [[0.829 0.171]
 [0.83  0.17 ]]
Validation f1: 20.81
Validation accuracy: 65.21
Validation recall: 17.01
Validation precision: 26.78
Validation AUC: 0.29307301248687917
Validation class accuracies: [0.8290816326530612, 0.1701388888888889]
The clause is activated.
Not defaulting.
The validation tracker metric at 0.4087038789025544 hasn't increased by 0 in 35 epochs
Epoch 49/80
351/351 - 339s - loss: 0.3473 - accuracy: 0.9105 - val_loss: 0.6939 - val_accuracy: 0.6446
Confusion matrix: 
 [[632 152]
 [229  59]]
/home/alirachidi/anaconda3/envs/LungSoundClass/lib/python3.7/site-packages/tensorflow/python/data/ops/dataset_ops.py:3504: UserWarning: Even though the tf.config.experimental_run_functions_eagerly option is set, this option does not apply to tf.data functions. tf.data functions are still traced and executed as graphs.
  "Even though the tf.config.experimental_run_functions_eagerly "
Normalized Confusion matrix: 
 [[0.806 0.194]
 [0.795 0.205]]
Validation f1: 23.65
Validation accuracy: 64.46
Validation recall: 20.49
Validation precision: 27.96
Validation AUC: 0.2831302510721396
Validation class accuracies: [0.8061224489795918, 0.2048611111111111]
The clause is activated.
Not defaulting.
The validation tracker metric at 0.4087038789025544 hasn't increased by 0 in 36 epochs
Lr has been adjusted to 8.898925443645567e-05
Epoch 50/80
351/351 - 340s - loss: 0.3493 - accuracy: 0.9091 - val_loss: 0.7287 - val_accuracy: 0.6129
Confusion matrix: 
 [[578 206]
 [209  79]]
/home/alirachidi/anaconda3/envs/LungSoundClass/lib/python3.7/site-packages/tensorflow/python/data/ops/dataset_ops.py:3504: UserWarning: Even though the tf.config.experimental_run_functions_eagerly option is set, this option does not apply to tf.data functions. tf.data functions are still traced and executed as graphs.
  "Even though the tf.config.experimental_run_functions_eagerly "
Normalized Confusion matrix: 
 [[0.737 0.263]
 [0.726 0.274]]
Validation f1: 27.57
Validation accuracy: 61.29
Validation recall: 27.43
Validation precision: 27.72
Validation AUC: 0.2828321150770434
Validation class accuracies: [0.7372448979591837, 0.2743055555555556]
The clause is activated.
Not defaulting.
The validation tracker metric at 0.4087038789025544 hasn't increased by 0 in 37 epochs
Epoch 51/80
351/351 - 339s - loss: 0.3373 - accuracy: 0.9202 - val_loss: 0.7021 - val_accuracy: 0.6343
Confusion matrix: 
 [[617 167]
 [225  63]]
/home/alirachidi/anaconda3/envs/LungSoundClass/lib/python3.7/site-packages/tensorflow/python/data/ops/dataset_ops.py:3504: UserWarning: Even though the tf.config.experimental_run_functions_eagerly option is set, this option does not apply to tf.data functions. tf.data functions are still traced and executed as graphs.
  "Even though the tf.config.experimental_run_functions_eagerly "
Normalized Confusion matrix: 
 [[0.787 0.213]
 [0.781 0.219]]
Validation f1: 24.32
Validation accuracy: 63.43
Validation recall: 21.88
Validation precision: 27.39
Validation AUC: 0.2921300453788087
Validation class accuracies: [0.7869897959183674, 0.21875]
The clause is activated.
Not defaulting.
The validation tracker metric at 0.4087038789025544 hasn't increased by 0 in 38 epochs
Epoch 52/80
351/351 - 340s - loss: 0.3412 - accuracy: 0.9198 - val_loss: 0.7025 - val_accuracy: 0.6353
Confusion matrix: 
 [[619 165]
 [226  62]]
/home/alirachidi/anaconda3/envs/LungSoundClass/lib/python3.7/site-packages/tensorflow/python/data/ops/dataset_ops.py:3504: UserWarning: Even though the tf.config.experimental_run_functions_eagerly option is set, this option does not apply to tf.data functions. tf.data functions are still traced and executed as graphs.
  "Even though the tf.config.experimental_run_functions_eagerly "
Normalized Confusion matrix: 
 [[0.79  0.21 ]
 [0.785 0.215]]
Validation f1: 24.08
Validation accuracy: 63.53
Validation recall: 21.53
Validation precision: 27.31
Validation AUC: 0.2944794579670074
Validation class accuracies: [0.7895408163265306, 0.2152777777777778]
The clause is activated.
Not defaulting.
The validation tracker metric at 0.4087038789025544 hasn't increased by 0 in 39 epochs
Epoch 53/80
351/351 - 341s - loss: 0.3411 - accuracy: 0.9162 - val_loss: 0.7381 - val_accuracy: 0.6082
Confusion matrix: 
 [[568 216]
 [204  84]]
/home/alirachidi/anaconda3/envs/LungSoundClass/lib/python3.7/site-packages/tensorflow/python/data/ops/dataset_ops.py:3504: UserWarning: Even though the tf.config.experimental_run_functions_eagerly option is set, this option does not apply to tf.data functions. tf.data functions are still traced and executed as graphs.
  "Even though the tf.config.experimental_run_functions_eagerly "
Normalized Confusion matrix: 
 [[0.724 0.276]
 [0.708 0.292]]
Validation f1: 28.57
Validation accuracy: 60.82
Validation recall: 29.17
Validation precision: 28.00
Validation AUC: 0.2806638681538633
Validation class accuracies: [0.7244897959183674, 0.2916666666666667]

The metrics for job 0 with the best target metric are: 
Best cm: [[231 553]
 [ 72 216]]
Best normalized cm: [[0.295 0.705]
 [0.25  0.75 ]]
Best f1: 0.41
Best accuracy: 0.42
Best recall: 0.75
Best precision: 0.28
Best AUC: 0.30
Best class accuracies: [0.29464285714285715, 0.75]
Best epoch: 13
The clause is activated.
Not defaulting.
The number of epochs since last 1% equals the patience

Starting the Bangladesh analysis...
Epoch: 80
Starting...
CM: [[ 5 48]
 [ 1 21]]
F1: 0.46153846153846156
AUC: 0.6361133069828723
Accuracy: 0.3466666666666667
Precision: 0.30434782608695654
Recall: 0.9545454545454546
Ended. Saving the Excel Sheet ../../new_cache/conv__2211__06_0406__v29__massive_lstm_bis/validation_sheet_80.xls...
Done.
Epoch: 80
Starting...
CM: [[14 39]
 [ 3 19]]
F1: 0.47500000000000003
AUC: 0.6156112852664577
Accuracy: 0.44
Precision: 0.3275862068965517
Recall: 0.8636363636363636
Ended. Saving the Excel Sheet ../../new_cache/conv__2211__06_0406__v29__massive_lstm_bis/validation_sheet_80.xls...
Done.
Epoch: 80
Starting...
CM: [[24 29]
 [10 12]]
F1: 0.3809523809523809
AUC: 0.4857354028085735
Accuracy: 0.48
Precision: 0.2926829268292683
Recall: 0.5454545454545454
Ended. Saving the Excel Sheet ../../new_cache/conv__2211__06_0406__v29__massive_lstm_bis/validation_sheet_80.xls...
Done.
Epoch: epoch10
Starting...
CM: [[ 2 51]
 [ 0 22]]
F1: 0.4631578947368421
AUC: 0.6506849315068493
Accuracy: 0.32
Precision: 0.3013698630136986
Recall: 1.0
Ended. Saving the Excel Sheet ../../new_cache/conv__2211__06_0406__v29__massive_lstm_bis/validation_sheet_epoch10.xls...
Done.
Epoch: epoch10
Starting...
CM: [[ 7 46]
 [ 2 20]]
F1: 0.45454545454545453
AUC: 0.6193939393939394
Accuracy: 0.36
Precision: 0.30303030303030304
Recall: 0.9090909090909091
Ended. Saving the Excel Sheet ../../new_cache/conv__2211__06_0406__v29__massive_lstm_bis/validation_sheet_epoch10.xls...
Done.
Epoch: epoch10
Starting...
CM: [[20 33]
 [ 6 16]]
F1: 0.45070422535211263
AUC: 0.5669016697588126
Accuracy: 0.48
Precision: 0.32653061224489793
Recall: 0.7272727272727273
Ended. Saving the Excel Sheet ../../new_cache/conv__2211__06_0406__v29__massive_lstm_bis/validation_sheet_epoch10.xls...
Done.
Epoch: epoch13
Starting...
CM: [[ 0 53]
 [ 0 22]]
F1: 0.45360824742268036
AUC: 0.6466666666666667
Accuracy: 0.29333333333333333
Precision: 0.29333333333333333
Recall: 1.0
Ended. Saving the Excel Sheet ../../new_cache/conv__2211__06_0406__v29__massive_lstm_bis/validation_sheet_epoch13.xls...
Done.
Epoch: epoch13
Starting...
CM: [[ 0 53]
 [ 0 22]]
F1: 0.45360824742268036
AUC: 0.6466666666666667
Accuracy: 0.29333333333333333
Precision: 0.29333333333333333
Recall: 1.0
Ended. Saving the Excel Sheet ../../new_cache/conv__2211__06_0406__v29__massive_lstm_bis/validation_sheet_epoch13.xls...
Done.
Epoch: epoch13
Starting...
CM: [[ 3 50]
 [ 1 21]]
F1: 0.45161290322580644
AUC: 0.6318267178830559
Accuracy: 0.32
Precision: 0.29577464788732394
Recall: 0.9545454545454546
Ended. Saving the Excel Sheet ../../new_cache/conv__2211__06_0406__v29__massive_lstm_bis/validation_sheet_epoch13.xls...
Done.
Epoch: epoch2
Starting...
CM: [[ 3 50]
 [ 0 22]]
F1: 0.46808510638297873
AUC: 0.6527777777777778
Accuracy: 0.3333333333333333
Precision: 0.3055555555555556
Recall: 1.0
Ended. Saving the Excel Sheet ../../new_cache/conv__2211__06_0406__v29__massive_lstm_bis/validation_sheet_epoch2.xls...
Done.
Epoch: epoch2
Starting...
CM: [[ 8 45]
 [ 1 21]]
F1: 0.47727272727272724
AUC: 0.643030303030303
Accuracy: 0.38666666666666666
Precision: 0.3181818181818182
Recall: 0.9545454545454546
Ended. Saving the Excel Sheet ../../new_cache/conv__2211__06_0406__v29__massive_lstm_bis/validation_sheet_epoch2.xls...
Done.
Epoch: epoch2
Starting...
CM: [[19 34]
 [ 3 19]]
F1: 0.5066666666666666
AUC: 0.6310634648370498
Accuracy: 0.5066666666666667
Precision: 0.3584905660377358
Recall: 0.8636363636363636
Ended. Saving the Excel Sheet ../../new_cache/conv__2211__06_0406__v29__massive_lstm_bis/validation_sheet_epoch2.xls...
Done.
Epoch: epoch7
Starting...
CM: [[ 1 52]
 [ 0 22]]
F1: 0.4583333333333333
AUC: 0.6486486486486487
Accuracy: 0.30666666666666664
Precision: 0.2972972972972973
Recall: 1.0
Ended. Saving the Excel Sheet ../../new_cache/conv__2211__06_0406__v29__massive_lstm_bis/validation_sheet_epoch7.xls...
Done.
Epoch: epoch7
Starting...
CM: [[ 1 52]
 [ 1 21]]
F1: 0.44210526315789467
AUC: 0.6277750103777501
Accuracy: 0.29333333333333333
Precision: 0.2876712328767123
Recall: 0.9545454545454546
Ended. Saving the Excel Sheet ../../new_cache/conv__2211__06_0406__v29__massive_lstm_bis/validation_sheet_epoch7.xls...
Done.
Epoch: epoch7
Starting...
CM: [[ 2 51]
 [ 1 21]]
F1: 0.4468085106382979
AUC: 0.6297727272727274
Accuracy: 0.30666666666666664
Precision: 0.2916666666666667
Recall: 0.9545454545454546
Ended. Saving the Excel Sheet ../../new_cache/conv__2211__06_0406__v29__massive_lstm_bis/validation_sheet_epoch7.xls...
Done.
/home/alirachidi/anaconda3/envs/LungSoundClass/lib/python3.7/site-packages/tensorflow/python/data/ops/dataset_ops.py:3504: UserWarning: Even though the tf.config.experimental_run_functions_eagerly option is set, this option does not apply to tf.data functions. tf.data functions are still traced and executed as graphs.
  "Even though the tf.config.experimental_run_functions_eagerly "
wandb: Waiting for W&B process to finish, PID 8585
wandb: Program ended successfully.
wandb: Find user logs for this run at: /home/alirachidi/classification_algorithm/trainers/main/wandb/offline-run-20210611_040710-1lkokckp/logs/debug.log
wandb: Find internal logs for this run at: /home/alirachidi/classification_algorithm/trainers/main/wandb/offline-run-20210611_040710-1lkokckp/logs/debug-internal.log
wandb: Run summary:
wandb:       train_accuracy 0.91619
wandb:         val_accuracy 0.60821
wandb:             _runtime 20465
wandb:           _timestamp 1623404895
wandb:                _step 386
wandb:           train_loss 0.34109
wandb:             val_loss 0.73814
wandb:           val_recall 0.29167
wandb:        val_precision 0.28
wandb:               val_f1 0.28571
wandb:              val_auc 0.28066
wandb:                   lr 9e-05
wandb:          best_val_f1 0.4087
wandb:    best_val_accuracy 0.41698
wandb:   best_val_precision 0.28088
wandb:      best_val_recall 0.75
wandb:             best_auc 0.30241
wandb:           best_epoch 13
wandb:           best_bd_f1 0.50667
wandb:          best_bd_auc 0.63106
wandb:     best_bd_accuracy 0.50667
wandb:    best_bd_precision 0.35849
wandb:       best_bd_recall 0.86364
wandb:        best_bd_epoch epoch2
wandb: Run history:
wandb:   train_accuracy 
wandb:     val_accuracy 
wandb:         _runtime 
wandb:       _timestamp 
wandb:            _step 
wandb:       train_loss 
wandb:         val_loss 
wandb:       val_recall 
wandb:    val_precision 
wandb:           val_f1 
wandb:          val_auc 
wandb:               lr 
wandb: 
wandb: You can sync this run to the cloud by running:
wandb: wandb sync /home/alirachidi/classification_algorithm/trainers/main/wandb/offline-run-20210611_040710-1lkokckp


 See logs at ../../new_cache/conv__2211__06_0406__v29__massive_lstm_bis/logs/