Category:  coch
Dataset:  all_sw_coch_preprocessed_v2_param_v24_augm_v0_cleaned_8000.pkl
File:  conv.train2017
Description:  mod9_cvsd_highercutoff_64
2021-03-19 13:34:57.149745: I tensorflow/stream_executor/platform/default/dso_loader.cc:49] Successfully opened dynamic library libcudart.so.11.0
2021-03-19 13:34:59.487289: I tensorflow/compiler/jit/xla_cpu_device.cc:41] Not creating XLA devices, tf_xla_enable_xla_devices not set
2021-03-19 13:34:59.488270: I tensorflow/stream_executor/platform/default/dso_loader.cc:49] Successfully opened dynamic library libcuda.so.1
2021-03-19 13:34:59.529346: I tensorflow/stream_executor/cuda/cuda_gpu_executor.cc:941] successful NUMA node read from SysFS had negative value (-1), but there must be at least one NUMA node, so returning NUMA node zero
2021-03-19 13:34:59.530147: I tensorflow/core/common_runtime/gpu/gpu_device.cc:1720] Found device 0 with properties: 
pciBusID: 0000:00:04.0 name: Tesla V100-SXM2-16GB computeCapability: 7.0
coreClock: 1.53GHz coreCount: 80 deviceMemorySize: 15.78GiB deviceMemoryBandwidth: 836.37GiB/s
2021-03-19 13:34:59.530175: I tensorflow/stream_executor/platform/default/dso_loader.cc:49] Successfully opened dynamic library libcudart.so.11.0
2021-03-19 13:34:59.533824: I tensorflow/stream_executor/platform/default/dso_loader.cc:49] Successfully opened dynamic library libcublas.so.11
2021-03-19 13:34:59.533898: I tensorflow/stream_executor/platform/default/dso_loader.cc:49] Successfully opened dynamic library libcublasLt.so.11
2021-03-19 13:34:59.534990: I tensorflow/stream_executor/platform/default/dso_loader.cc:49] Successfully opened dynamic library libcufft.so.10
2021-03-19 13:34:59.535312: I tensorflow/stream_executor/platform/default/dso_loader.cc:49] Successfully opened dynamic library libcurand.so.10
2021-03-19 13:34:59.536399: I tensorflow/stream_executor/platform/default/dso_loader.cc:49] Successfully opened dynamic library libcusolver.so.10
2021-03-19 13:34:59.537238: I tensorflow/stream_executor/platform/default/dso_loader.cc:49] Successfully opened dynamic library libcusparse.so.11
2021-03-19 13:34:59.537395: I tensorflow/stream_executor/platform/default/dso_loader.cc:49] Successfully opened dynamic library libcudnn.so.8
2021-03-19 13:34:59.537506: I tensorflow/stream_executor/cuda/cuda_gpu_executor.cc:941] successful NUMA node read from SysFS had negative value (-1), but there must be at least one NUMA node, so returning NUMA node zero
2021-03-19 13:34:59.538345: I tensorflow/stream_executor/cuda/cuda_gpu_executor.cc:941] successful NUMA node read from SysFS had negative value (-1), but there must be at least one NUMA node, so returning NUMA node zero
2021-03-19 13:34:59.539123: I tensorflow/core/common_runtime/gpu/gpu_device.cc:1862] Adding visible gpu devices: 0
2021-03-19 13:34:59.541027: I tensorflow/compiler/jit/xla_gpu_device.cc:99] Not creating XLA devices, tf_xla_enable_xla_devices not set
2021-03-19 13:34:59.541222: I tensorflow/stream_executor/cuda/cuda_gpu_executor.cc:941] successful NUMA node read from SysFS had negative value (-1), but there must be at least one NUMA node, so returning NUMA node zero
2021-03-19 13:34:59.541911: I tensorflow/core/common_runtime/gpu/gpu_device.cc:1720] Found device 0 with properties: 
pciBusID: 0000:00:04.0 name: Tesla V100-SXM2-16GB computeCapability: 7.0
coreClock: 1.53GHz coreCount: 80 deviceMemorySize: 15.78GiB deviceMemoryBandwidth: 836.37GiB/s
2021-03-19 13:34:59.541933: I tensorflow/stream_executor/platform/default/dso_loader.cc:49] Successfully opened dynamic library libcudart.so.11.0
2021-03-19 13:34:59.541961: I tensorflow/stream_executor/platform/default/dso_loader.cc:49] Successfully opened dynamic library libcublas.so.11
2021-03-19 13:34:59.541975: I tensorflow/stream_executor/platform/default/dso_loader.cc:49] Successfully opened dynamic library libcublasLt.so.11
2021-03-19 13:34:59.541988: I tensorflow/stream_executor/platform/default/dso_loader.cc:49] Successfully opened dynamic library libcufft.so.10
2021-03-19 13:34:59.542001: I tensorflow/stream_executor/platform/default/dso_loader.cc:49] Successfully opened dynamic library libcurand.so.10
2021-03-19 13:34:59.542026: I tensorflow/stream_executor/platform/default/dso_loader.cc:49] Successfully opened dynamic library libcusolver.so.10
2021-03-19 13:34:59.542039: I tensorflow/stream_executor/platform/default/dso_loader.cc:49] Successfully opened dynamic library libcusparse.so.11
2021-03-19 13:34:59.542052: I tensorflow/stream_executor/platform/default/dso_loader.cc:49] Successfully opened dynamic library libcudnn.so.8
2021-03-19 13:34:59.542118: I tensorflow/stream_executor/cuda/cuda_gpu_executor.cc:941] successful NUMA node read from SysFS had negative value (-1), but there must be at least one NUMA node, so returning NUMA node zero
2021-03-19 13:34:59.542820: I tensorflow/stream_executor/cuda/cuda_gpu_executor.cc:941] successful NUMA node read from SysFS had negative value (-1), but there must be at least one NUMA node, so returning NUMA node zero
2021-03-19 13:34:59.543497: I tensorflow/core/common_runtime/gpu/gpu_device.cc:1862] Adding visible gpu devices: 0
2021-03-19 13:34:59.543542: I tensorflow/stream_executor/platform/default/dso_loader.cc:49] Successfully opened dynamic library libcudart.so.11.0
2021-03-19 13:35:00.368758: I tensorflow/core/common_runtime/gpu/gpu_device.cc:1261] Device interconnect StreamExecutor with strength 1 edge matrix:
2021-03-19 13:35:00.368822: I tensorflow/core/common_runtime/gpu/gpu_device.cc:1267]      0 
2021-03-19 13:35:00.368837: I tensorflow/core/common_runtime/gpu/gpu_device.cc:1280] 0:   N 
2021-03-19 13:35:00.369232: I tensorflow/stream_executor/cuda/cuda_gpu_executor.cc:941] successful NUMA node read from SysFS had negative value (-1), but there must be at least one NUMA node, so returning NUMA node zero
2021-03-19 13:35:00.370467: I tensorflow/stream_executor/cuda/cuda_gpu_executor.cc:941] successful NUMA node read from SysFS had negative value (-1), but there must be at least one NUMA node, so returning NUMA node zero
2021-03-19 13:35:00.371751: I tensorflow/stream_executor/cuda/cuda_gpu_executor.cc:941] successful NUMA node read from SysFS had negative value (-1), but there must be at least one NUMA node, so returning NUMA node zero
2021-03-19 13:35:00.372812: I tensorflow/core/common_runtime/gpu/gpu_device.cc:1406] Created TensorFlow device (/job:localhost/replica:0/task:0/device:GPU:0 with 14760 MB memory) -> physical GPU (device: 0, name: Tesla V100-SXM2-16GB, pci bus id: 0000:00:04.0, compute capability: 7.0)
2021-03-19 13:35:01.027705: I tensorflow/core/profiler/lib/profiler_session.cc:136] Profiler session initializing.
2021-03-19 13:35:01.027788: I tensorflow/core/profiler/lib/profiler_session.cc:155] Profiler session started.
2021-03-19 13:35:01.030011: I tensorflow/core/profiler/internal/gpu/cupti_tracer.cc:1365] Profiler found 1 GPUs
2021-03-19 13:35:01.030605: W tensorflow/stream_executor/platform/default/dso_loader.cc:60] Could not load dynamic library 'libcupti.so.11.0'; dlerror: libcupti.so.11.0: cannot open shared object file: No such file or directory; LD_LIBRARY_PATH: /usr/local/cuda-11.2/lib64
2021-03-19 13:35:01.049803: I tensorflow/stream_executor/platform/default/dso_loader.cc:49] Successfully opened dynamic library libcupti.so
2021-03-19 13:35:01.334799: I tensorflow/core/profiler/lib/profiler_session.cc:172] Profiler session tear down.
2021-03-19 13:35:01.337606: I tensorflow/core/profiler/internal/gpu/cupti_tracer.cc:1487] CUPTI activity buffer flushed
Tensorflow Version: 2.4.0
Num GPUs Available:  1
-----------------------
Using module located at /main/models/conv/train2017.py
Using train_file located at ../../data/datasets/all_sw_coch_preprocessed_v2_param_v24_augm_v0_cleaned_8000.pkl
Using logs_path located at ../../cache/conv___03_1333___all_sw_coch_preprocessed_v2_param_v24_augm_v0_cleaned_8000___mod9_cvsd_highercutoff_64___2017/logs/
-----------------------
Collecting Variables...
Model Parameters: {'N_CLASSES': 2, 'SR': 8000, 'BATCH_SIZE': 32, 'LR': 0.001, 'SHAPE': (64, 1250, 3), 'WEIGHT_DECAY': 0.0001, 'LL2_REG': 0, 'EPSILON': 1e-07}
Learning Rate Parameters: {'factor': 0.5, 'patience': 4, 'min_lr': 1e-05}
Early Stopping Patience and Delta: 8, 1.0%
-----------------------
Size of training set: 13920
Size of validation set: 3479
Initializing weights...
weights = {0: 0.6412722983930415, 1: 1.212304905239688, 2: 1.122516129032258, 3: 1.379559150015858}
Model: "conv2d"
__________________________________________________________________________________________________
Layer (type)                    Output Shape         Param #     Connected to                     
==================================================================================================
input_1 (InputLayer)            [(None, 64, 1250, 3) 0                                            
__________________________________________________________________________________________________
batch_normalization (BatchNorma (None, 64, 1250, 3)  12          input_1[0][0]                    
__________________________________________________________________________________________________
conv2d (Conv2D)                 (None, 64, 1250, 16) 64          batch_normalization[0][0]        
__________________________________________________________________________________________________
conv2d_2 (Conv2D)               (None, 64, 1250, 16) 64          batch_normalization[0][0]        
__________________________________________________________________________________________________
max_pooling2d (MaxPooling2D)    (None, 64, 1250, 3)  0           batch_normalization[0][0]        
__________________________________________________________________________________________________
conv2d_1 (Conv2D)               (None, 64, 1250, 16) 2320        conv2d[0][0]                     
__________________________________________________________________________________________________
conv2d_3 (Conv2D)               (None, 64, 1250, 16) 6416        conv2d_2[0][0]                   
__________________________________________________________________________________________________
conv2d_4 (Conv2D)               (None, 64, 1250, 16) 64          max_pooling2d[0][0]              
__________________________________________________________________________________________________
concatenate (Concatenate)       (None, 64, 1250, 48) 0           conv2d_1[0][0]                   
                                                                 conv2d_3[0][0]                   
                                                                 conv2d_4[0][0]                   
__________________________________________________________________________________________________
average_pooling2d (AveragePooli (None, 32, 625, 48)  0           concatenate[0][0]                
__________________________________________________________________________________________________
batch_normalization_1 (BatchNor (None, 32, 625, 48)  192         average_pooling2d[0][0]          
__________________________________________________________________________________________________
dropout (Dropout)               (None, 32, 625, 48)  0           batch_normalization_1[0][0]      
__________________________________________________________________________________________________
inverted_residual (InvertedResi (None, 32, 625, 32)  35840       dropout[0][0]                    
__________________________________________________________________________________________________
inverted_residual_1 (InvertedRe (None, 32, 625, 32)  20864       inverted_residual[0][0]          
__________________________________________________________________________________________________
average_pooling2d_1 (AveragePoo (None, 16, 312, 32)  0           inverted_residual_1[0][0]        
__________________________________________________________________________________________________
batch_normalization_2 (BatchNor (None, 16, 312, 32)  128         average_pooling2d_1[0][0]        
__________________________________________________________________________________________________
dropout_1 (Dropout)             (None, 16, 312, 32)  0           batch_normalization_2[0][0]      
__________________________________________________________________________________________________
inverted_residual_2 (InvertedRe (None, 16, 312, 64)  27136       dropout_1[0][0]                  
__________________________________________________________________________________________________
inverted_residual_3 (InvertedRe (None, 16, 312, 64)  66304       inverted_residual_2[0][0]        
__________________________________________________________________________________________________
average_pooling2d_2 (AveragePoo (None, 8, 156, 64)   0           inverted_residual_3[0][0]        
__________________________________________________________________________________________________
batch_normalization_3 (BatchNor (None, 8, 156, 64)   256         average_pooling2d_2[0][0]        
__________________________________________________________________________________________________
dropout_2 (Dropout)             (None, 8, 156, 64)   0           batch_normalization_3[0][0]      
__________________________________________________________________________________________________
inverted_residual_4 (InvertedRe (None, 8, 156, 128)  91136       dropout_2[0][0]                  
__________________________________________________________________________________________________
inverted_residual_5 (InvertedRe (None, 8, 156, 128)  230912      inverted_residual_4[0][0]        
__________________________________________________________________________________________________
average_pooling2d_3 (AveragePoo (None, 4, 78, 128)   0           inverted_residual_5[0][0]        
__________________________________________________________________________________________________
batch_normalization_4 (BatchNor (None, 4, 78, 128)   512         average_pooling2d_3[0][0]        
__________________________________________________________________________________________________
dropout_3 (Dropout)             (None, 4, 78, 128)   0           batch_normalization_4[0][0]      
__________________________________________________________________________________________________
inverted_residual_6 (InvertedRe (None, 4, 78, 256)   329728      dropout_3[0][0]                  
__________________________________________________________________________________________________
inverted_residual_7 (InvertedRe (None, 4, 78, 256)   855040      inverted_residual_6[0][0]        
__________________________________________________________________________________________________
average_pooling2d_4 (AveragePoo (None, 2, 39, 256)   0           inverted_residual_7[0][0]        
__________________________________________________________________________________________________
batch_normalization_5 (BatchNor (None, 2, 39, 256)   1024        average_pooling2d_4[0][0]        
__________________________________________________________________________________________________
dropout_4 (Dropout)             (None, 2, 39, 256)   0           batch_normalization_5[0][0]      
__________________________________________________________________________________________________
inverted_residual_8 (InvertedRe (None, 2, 39, 512)   1249280     dropout_4[0][0]                  
__________________________________________________________________________________________________
inverted_residual_9 (InvertedRe (None, 2, 39, 512)   3282944     inverted_residual_8[0][0]        
__________________________________________________________________________________________________
global_average_pooling2d (Globa (None, 512)          0           inverted_residual_9[0][0]        2021-03-19 13:35:02.526089: I tensorflow/compiler/mlir/mlir_graph_optimization_pass.cc:116] None of the MLIR optimization passes are enabled (registered 2)
2021-03-19 13:35:02.529069: I tensorflow/core/platform/profile_utils/cpu_utils.cc:112] CPU Frequency: 2299995000 Hz
2021-03-19 13:35:06.595055: I tensorflow/stream_executor/platform/default/dso_loader.cc:49] Successfully opened dynamic library libcublas.so.11
2021-03-19 13:35:07.120457: I tensorflow/stream_executor/platform/default/dso_loader.cc:49] Successfully opened dynamic library libcublasLt.so.11
2021-03-19 13:35:07.185915: I tensorflow/stream_executor/platform/default/dso_loader.cc:49] Successfully opened dynamic library libcudnn.so.8
2021-03-19 13:35:11.558325: I tensorflow/core/profiler/lib/profiler_session.cc:136] Profiler session initializing.
2021-03-19 13:35:11.558382: I tensorflow/core/profiler/lib/profiler_session.cc:155] Profiler session started.
2021-03-19 13:35:12.906241: I tensorflow/core/profiler/lib/profiler_session.cc:71] Profiler session collecting data.
2021-03-19 13:35:12.909239: I tensorflow/core/profiler/internal/gpu/cupti_tracer.cc:1487] CUPTI activity buffer flushed
2021-03-19 13:35:12.974791: I tensorflow/core/profiler/internal/gpu/cupti_collector.cc:228]  GpuTracer has collected 1823 callback api events and 1819 activity events. 
2021-03-19 13:35:13.066024: I tensorflow/core/profiler/lib/profiler_session.cc:172] Profiler session tear down.

__________________________________________________________________________________________________
dense (Dense)                   (None, 2)            1026        global_average_pooling2d[0][0]   
==================================================================================================
Total params: 6,201,262
Trainable params: 6,159,752
Non-trainable params: 41,510
__________________________________________________________________________________________________
Epoch 1/40
435/435 - 347s - loss: 0.3418 - calc_accuracy: 0.6420 - val_loss: 0.7122 - val_calc_accuracy: 0.3893
Epoch 2/40
435/435 - 332s - loss: 0.2584 - calc_accuracy: 0.7298 - val_loss: 0.3630 - val_calc_accuracy: 0.7244
Epoch 3/40
435/435 - 330s - loss: 0.2386 - calc_accuracy: 0.7499 - val_loss: 0.4988 - val_calc_accuracy: 0.6780
Epoch 4/40
435/435 - 330s - loss: 0.2238 - calc_accuracy: 0.7639 - val_loss: 0.4678 - val_calc_accuracy: 0.7016
Epoch 5/40
435/435 - 331s - loss: 0.2121 - calc_accuracy: 0.7766 - val_loss: 0.3451 - val_calc_accuracy: 0.7519
Epoch 6/40
435/435 - 330s - loss: 0.2037 - calc_accuracy: 0.7851 - val_loss: 0.4002 - val_calc_accuracy: 0.7406
Epoch 7/40
435/435 - 331s - loss: 0.1986 - calc_accuracy: 0.7915 - val_loss: 0.3023 - val_calc_accuracy: 0.7647
Epoch 8/40
435/435 - 325s - loss: 0.1900 - calc_accuracy: 0.7986 - val_loss: 0.2857 - val_calc_accuracy: 0.7899
Epoch 9/40
435/435 - 318s - loss: 0.1836 - calc_accuracy: 0.8048 - val_loss: 0.2605 - val_calc_accuracy: 0.8068
Epoch 10/40
435/435 - 318s - loss: 0.1742 - calc_accuracy: 0.8142 - val_loss: 0.3378 - val_calc_accuracy: 0.7305
Epoch 11/40
435/435 - 320s - loss: 0.1692 - calc_accuracy: 0.8239 - val_loss: 0.2517 - val_calc_accuracy: 0.8159
Epoch 12/40
435/435 - 328s - loss: 0.1612 - calc_accuracy: 0.8341 - val_loss: 0.2904 - val_calc_accuracy: 0.7709
Epoch 13/40
435/435 - 329s - loss: 0.1559 - calc_accuracy: 0.8366 - val_loss: 0.2149 - val_calc_accuracy: 0.8372
Epoch 14/40
435/435 - 330s - loss: 0.1485 - calc_accuracy: 0.8457 - val_loss: 0.2671 - val_calc_accuracy: 0.8224
Epoch 15/40
435/435 - 329s - loss: 0.1412 - calc_accuracy: 0.8517 - val_loss: 0.2647 - val_calc_accuracy: 0.8055
Epoch 16/40
435/435 - 328s - loss: 0.1337 - calc_accuracy: 0.8594 - val_loss: 0.2580 - val_calc_accuracy: 0.7980
Epoch 17/40
435/435 - 328s - loss: 0.1262 - calc_accuracy: 0.8718 - val_loss: 0.2159 - val_calc_accuracy: 0.8456
Epoch 18/40
435/435 - 328s - loss: 0.1213 - calc_accuracy: 0.8741 - val_loss: 0.6396 - val_calc_accuracy: 0.6208
Epoch 19/40
435/435 - 328s - loss: 0.1132 - calc_accuracy: 0.8810 - val_loss: 0.2127 - val_calc_accuracy: 0.8326
Epoch 20/40
435/435 - 329s - loss: 0.1072 - calc_accuracy: 0.8890 - val_loss: 0.2950 - val_calc_accuracy: 0.8048
Epoch 21/40
435/435 - 329s - loss: 0.1008 - calc_accuracy: 0.8932 - val_loss: 0.3281 - val_calc_accuracy: 0.7970

Epoch 00021: ReduceLROnPlateau reducing learning rate to 0.0005000000237487257.
Epoch 00021: early stopping

 See logs at ../../cache/conv___03_1333___all_sw_coch_preprocessed_v2_param_v24_augm_v0_cleaned_8000___mod9_cvsd_highercutoff_64___2017/logs/