Category:  coch
Dataset:  all_sw_coch_preprocessed_v2_param_v26_augm_v0_cleaned_8000.pkl
File:  conv.train2021
Description:  MoE_1024
2021-03-26 10:11:48.598583: I tensorflow/stream_executor/platform/default/dso_loader.cc:49] Successfully opened dynamic library libcudart.so.11.0
2021-03-26 10:11:50.468914: I tensorflow/compiler/jit/xla_cpu_device.cc:41] Not creating XLA devices, tf_xla_enable_xla_devices not set
2021-03-26 10:11:50.469725: I tensorflow/stream_executor/platform/default/dso_loader.cc:49] Successfully opened dynamic library libcuda.so.1
2021-03-26 10:11:50.517865: I tensorflow/stream_executor/cuda/cuda_gpu_executor.cc:941] successful NUMA node read from SysFS had negative value (-1), but there must be at least one NUMA node, so returning NUMA node zero
2021-03-26 10:11:50.518613: I tensorflow/core/common_runtime/gpu/gpu_device.cc:1720] Found device 0 with properties: 
pciBusID: 0000:00:04.0 name: Tesla T4 computeCapability: 7.5
coreClock: 1.59GHz coreCount: 40 deviceMemorySize: 14.75GiB deviceMemoryBandwidth: 298.08GiB/s
2021-03-26 10:11:50.518653: I tensorflow/stream_executor/platform/default/dso_loader.cc:49] Successfully opened dynamic library libcudart.so.11.0
2021-03-26 10:11:50.521925: I tensorflow/stream_executor/platform/default/dso_loader.cc:49] Successfully opened dynamic library libcublas.so.11
2021-03-26 10:11:50.521997: I tensorflow/stream_executor/platform/default/dso_loader.cc:49] Successfully opened dynamic library libcublasLt.so.11
2021-03-26 10:11:50.523049: I tensorflow/stream_executor/platform/default/dso_loader.cc:49] Successfully opened dynamic library libcufft.so.10
2021-03-26 10:11:50.523329: I tensorflow/stream_executor/platform/default/dso_loader.cc:49] Successfully opened dynamic library libcurand.so.10
2021-03-26 10:11:50.524302: I tensorflow/stream_executor/platform/default/dso_loader.cc:49] Successfully opened dynamic library libcusolver.so.10
2021-03-26 10:11:50.525146: I tensorflow/stream_executor/platform/default/dso_loader.cc:49] Successfully opened dynamic library libcusparse.so.11
2021-03-26 10:11:50.525299: I tensorflow/stream_executor/platform/default/dso_loader.cc:49] Successfully opened dynamic library libcudnn.so.8
2021-03-26 10:11:50.525412: I tensorflow/stream_executor/cuda/cuda_gpu_executor.cc:941] successful NUMA node read from SysFS had negative value (-1), but there must be at least one NUMA node, so returning NUMA node zero
2021-03-26 10:11:50.526177: I tensorflow/stream_executor/cuda/cuda_gpu_executor.cc:941] successful NUMA node read from SysFS had negative value (-1), but there must be at least one NUMA node, so returning NUMA node zero
2021-03-26 10:11:50.526870: I tensorflow/core/common_runtime/gpu/gpu_device.cc:1862] Adding visible gpu devices: 0
2021-03-26 10:11:50.528949: I tensorflow/compiler/jit/xla_gpu_device.cc:99] Not creating XLA devices, tf_xla_enable_xla_devices not set
2021-03-26 10:11:50.529091: I tensorflow/stream_executor/cuda/cuda_gpu_executor.cc:941] successful NUMA node read from SysFS had negative value (-1), but there must be at least one NUMA node, so returning NUMA node zero
2021-03-26 10:11:50.529766: I tensorflow/core/common_runtime/gpu/gpu_device.cc:1720] Found device 0 with properties: 
pciBusID: 0000:00:04.0 name: Tesla T4 computeCapability: 7.5
coreClock: 1.59GHz coreCount: 40 deviceMemorySize: 14.75GiB deviceMemoryBandwidth: 298.08GiB/s
2021-03-26 10:11:50.529791: I tensorflow/stream_executor/platform/default/dso_loader.cc:49] Successfully opened dynamic library libcudart.so.11.0
2021-03-26 10:11:50.529822: I tensorflow/stream_executor/platform/default/dso_loader.cc:49] Successfully opened dynamic library libcublas.so.11
2021-03-26 10:11:50.529858: I tensorflow/stream_executor/platform/default/dso_loader.cc:49] Successfully opened dynamic library libcublasLt.so.11
2021-03-26 10:11:50.529890: I tensorflow/stream_executor/platform/default/dso_loader.cc:49] Successfully opened dynamic library libcufft.so.10
2021-03-26 10:11:50.529909: I tensorflow/stream_executor/platform/default/dso_loader.cc:49] Successfully opened dynamic library libcurand.so.10
2021-03-26 10:11:50.529938: I tensorflow/stream_executor/platform/default/dso_loader.cc:49] Successfully opened dynamic library libcusolver.so.10
2021-03-26 10:11:50.529955: I tensorflow/stream_executor/platform/default/dso_loader.cc:49] Successfully opened dynamic library libcusparse.so.11
2021-03-26 10:11:50.529973: I tensorflow/stream_executor/platform/default/dso_loader.cc:49] Successfully opened dynamic library libcudnn.so.8
2021-03-26 10:11:50.530039: I tensorflow/stream_executor/cuda/cuda_gpu_executor.cc:941] successful NUMA node read from SysFS had negative value (-1), but there must be at least one NUMA node, so returning NUMA node zero
2021-03-26 10:11:50.530765: I tensorflow/stream_executor/cuda/cuda_gpu_executor.cc:941] successful NUMA node read from SysFS had negative value (-1), but there must be at least one NUMA node, so returning NUMA node zero
2021-03-26 10:11:50.531412: I tensorflow/core/common_runtime/gpu/gpu_device.cc:1862] Adding visible gpu devices: 0
2021-03-26 10:11:50.531457: I tensorflow/stream_executor/platform/default/dso_loader.cc:49] Successfully opened dynamic library libcudart.so.11.0
2021-03-26 10:11:51.216703: I tensorflow/core/common_runtime/gpu/gpu_device.cc:1261] Device interconnect StreamExecutor with strength 1 edge matrix:
2021-03-26 10:11:51.216755: I tensorflow/core/common_runtime/gpu/gpu_device.cc:1267]      0 
2021-03-26 10:11:51.216764: I tensorflow/core/common_runtime/gpu/gpu_device.cc:1280] 0:   N 
2021-03-26 10:11:51.217069: I tensorflow/stream_executor/cuda/cuda_gpu_executor.cc:941] successful NUMA node read from SysFS had negative value (-1), but there must be at least one NUMA node, so returning NUMA node zero
2021-03-26 10:11:51.217889: I tensorflow/stream_executor/cuda/cuda_gpu_executor.cc:941] successful NUMA node read from SysFS had negative value (-1), but there must be at least one NUMA node, so returning NUMA node zero
2021-03-26 10:11:51.218629: I tensorflow/stream_executor/cuda/cuda_gpu_executor.cc:941] successful NUMA node read from SysFS had negative value (-1), but there must be at least one NUMA node, so returning NUMA node zero
2021-03-26 10:11:51.219277: I tensorflow/core/common_runtime/gpu/gpu_device.cc:1406] Created TensorFlow device (/job:localhost/replica:0/task:0/device:GPU:0 with 13968 MB memory) -> physical GPU (device: 0, name: Tesla T4, pci bus id: 0000:00:04.0, compute capability: 7.5)
2021-03-26 10:11:51.671371: I tensorflow/core/profiler/lib/profiler_session.cc:136] Profiler session initializing.
2021-03-26 10:11:51.671407: I tensorflow/core/profiler/lib/profiler_session.cc:155] Profiler session started.
2021-03-26 10:11:51.671438: I tensorflow/core/profiler/internal/gpu/cupti_tracer.cc:1365] Profiler found 1 GPUs
2021-03-26 10:11:51.671648: W tensorflow/stream_executor/platform/default/dso_loader.cc:60] Could not load dynamic library 'libcupti.so.11.0'; dlerror: libcupti.so.11.0: cannot open shared object file: No such file or directory; LD_LIBRARY_PATH: /usr/local/cuda-11.2/lib64
2021-03-26 10:11:51.672431: I tensorflow/stream_executor/platform/default/dso_loader.cc:49] Successfully opened dynamic library libcupti.so
2021-03-26 10:11:51.857226: I tensorflow/core/profiler/lib/profiler_session.cc:172] Profiler session tear down.
2021-03-26 10:11:51.859833: I tensorflow/core/profiler/internal/gpu/cupti_tracer.cc:1487] CUPTI activity buffer flushed
Tensorflow Version: 2.4.0
Num GPUs Available:  1
-----------------------
Using module located at /main/models/conv/train2021.py
Using train_file located at ../../data/datasets/all_sw_coch_preprocessed_v2_param_v26_augm_v0_cleaned_8000.pkl
Using logs_path located at ../../cache/conv___03_1007___all_sw_coch_preprocessed_v2_param_v26_augm_v0_cleaned_8000___MoE_1024___2021/logs/
-----------------------
Collecting Variables...
Model Parameters: {'N_CLASSES': 2, 'SR': 8000, 'BATCH_SIZE': 16, 'LR': 0.001, 'SHAPE': (128, 1250, 3), 'WEIGHT_DECAY': 0.0001, 'LL2_REG': 0, 'EPSILON': 1e-07, 'LABEL_SMOOTHING': 0}
Learning Rate Parameters: {'factor': 0.5, 'patience': 3, 'min_lr': 1e-05}
Early Stopping Patience and Delta: 8, 1.0%
-----------------------
Size of training set: 13945
Size of validation set: 3486
Initializing weights...
weights = {0: 0.6399045521292217, 1: 1.2145345596432553, 2: 1.1234209847898944, 3: 1.3816582117945466}
Model: "conv2d"
__________________________________________________________________________________________________
Layer (type)                    Output Shape         Param #     Connected to                     
==================================================================================================
input_1 (InputLayer)            [(None, 128, 1250, 3 0                                            
__________________________________________________________________________________________________
batch_normalization (BatchNorma (None, 128, 1250, 3) 12          input_1[0][0]                    
__________________________________________________________________________________________________
conv2d (Conv2D)                 (None, 128, 1250, 16 64          batch_normalization[0][0]        
__________________________________________________________________________________________________
conv2d_2 (Conv2D)               (None, 128, 1250, 16 64          batch_normalization[0][0]        
__________________________________________________________________________________________________
max_pooling2d (MaxPooling2D)    (None, 128, 1250, 3) 0           batch_normalization[0][0]        
__________________________________________________________________________________________________
conv2d_1 (Conv2D)               (None, 128, 1250, 16 2320        conv2d[0][0]                     
__________________________________________________________________________________________________
conv2d_3 (Conv2D)               (None, 128, 1250, 16 6416        conv2d_2[0][0]                   
__________________________________________________________________________________________________
conv2d_4 (Conv2D)               (None, 128, 1250, 16 64          max_pooling2d[0][0]              
__________________________________________________________________________________________________
concatenate (Concatenate)       (None, 128, 1250, 48 0           conv2d_1[0][0]                   
                                                                 conv2d_3[0][0]                   
                                                                 conv2d_4[0][0]                   
__________________________________________________________________________________________________
average_pooling2d (AveragePooli (None, 64, 625, 48)  0           concatenate[0][0]                
__________________________________________________________________________________________________
batch_normalization_1 (BatchNor (None, 64, 625, 48)  192         average_pooling2d[0][0]          
__________________________________________________________________________________________________
dropout (Dropout)               (None, 64, 625, 48)  0           batch_normalization_1[0][0]      
__________________________________________________________________________________________________
inverted_residual (InvertedResi (None, 64, 625, 32)  35840       dropout[0][0]                    
__________________________________________________________________________________________________
inverted_residual_1 (InvertedRe (None, 64, 625, 32)  20864       inverted_residual[0][0]          
__________________________________________________________________________________________________
average_pooling2d_1 (AveragePoo (None, 32, 312, 32)  0           inverted_residual_1[0][0]        
__________________________________________________________________________________________________
batch_normalization_2 (BatchNor (None, 32, 312, 32)  128         average_pooling2d_1[0][0]        
__________________________________________________________________________________________________
dropout_1 (Dropout)             (None, 32, 312, 32)  0           batch_normalization_2[0][0]      
__________________________________________________________________________________________________
inverted_residual_2 (InvertedRe (None, 32, 312, 64)  27136       dropout_1[0][0]                  
__________________________________________________________________________________________________
inverted_residual_3 (InvertedRe (None, 32, 312, 64)  66304       inverted_residual_2[0][0]        
__________________________________________________________________________________________________
average_pooling2d_2 (AveragePoo (None, 16, 156, 64)  0           inverted_residual_3[0][0]        
__________________________________________________________________________________________________
batch_normalization_3 (BatchNor (None, 16, 156, 64)  256         average_pooling2d_2[0][0]        
__________________________________________________________________________________________________
dropout_2 (Dropout)             (None, 16, 156, 64)  0           batch_normalization_3[0][0]      
__________________________________________________________________________________________________
inverted_residual_4 (InvertedRe (None, 16, 156, 128) 91136       dropout_2[0][0]                  
__________________________________________________________________________________________________
inverted_residual_5 (InvertedRe (None, 16, 156, 128) 230912      inverted_residual_4[0][0]        
__________________________________________________________________________________________________
average_pooling2d_3 (AveragePoo (None, 8, 78, 128)   0           inverted_residual_5[0][0]        
__________________________________________________________________________________________________
batch_normalization_4 (BatchNor (None, 8, 78, 128)   512         average_pooling2d_3[0][0]        
__________________________________________________________________________________________________
dropout_3 (Dropout)             (None, 8, 78, 128)   0           batch_normalization_4[0][0]      
__________________________________________________________________________________________________
inverted_residual_6 (InvertedRe (None, 8, 78, 256)   329728      dropout_3[0][0]                  
__________________________________________________________________________________________________
inverted_residual_7 (InvertedRe (None, 8, 78, 256)   855040      inverted_residual_6[0][0]        
__________________________________________________________________________________________________
average_pooling2d_4 (AveragePoo (None, 4, 39, 256)   0           inverted_residual_7[0][0]        
__________________________________________________________________________________________________
batch_normalization_5 (BatchNor (None, 4, 39, 256)   1024        average_pooling2d_4[0][0]        
__________________________________________________________________________________________________
dropout_4 (Dropout)             (None, 4, 39, 256)   0           batch_normalization_5[0][0]      
__________________________________________________________________________________________________
inverted_residual_8 (InvertedRe (None, 4, 39, 512)   1249280     dropout_4[0][0]                  
__________________________________________________________________________________________________
inverted_residual_9 (InvertedRe (None, 4, 39, 512)   3282944     inverted_residual_8[0][0]        
__________________________________________________________________________________________________
global_average_pooling2d (Globa (None, 512)          0           inverted_residual_9[0][0]        2021-03-26 10:11:52.870821: I tensorflow/compiler/mlir/mlir_graph_optimization_pass.cc:116] None of the MLIR optimization passes are enabled (registered 2)
2021-03-26 10:11:52.872334: I tensorflow/core/platform/profile_utils/cpu_utils.cc:112] CPU Frequency: 2299995000 Hz
2021-03-26 10:11:57.529192: I tensorflow/stream_executor/platform/default/dso_loader.cc:49] Successfully opened dynamic library libcublas.so.11
2021-03-26 10:11:58.124953: I tensorflow/stream_executor/platform/default/dso_loader.cc:49] Successfully opened dynamic library libcublasLt.so.11
2021-03-26 10:11:58.137947: I tensorflow/stream_executor/platform/default/dso_loader.cc:49] Successfully opened dynamic library libcudnn.so.8
2021-03-26 10:12:05.997607: I tensorflow/core/profiler/lib/profiler_session.cc:136] Profiler session initializing.
2021-03-26 10:12:05.997646: I tensorflow/core/profiler/lib/profiler_session.cc:155] Profiler session started.
2021-03-26 10:12:08.386614: I tensorflow/core/profiler/lib/profiler_session.cc:71] Profiler session collecting data.
2021-03-26 10:12:08.390148: I tensorflow/core/profiler/internal/gpu/cupti_tracer.cc:1487] CUPTI activity buffer flushed
2021-03-26 10:12:08.435440: I tensorflow/core/profiler/internal/gpu/cupti_collector.cc:228]  GpuTracer has collected 2390 callback api events and 2386 activity events. 
2021-03-26 10:12:08.490692: I tensorflow/core/profiler/lib/profiler_session.cc:172] Profiler session tear down.

__________________________________________________________________________________________________
dense_mo_e (DenseMoE)           (None, 1024)         1051650     global_average_pooling2d[0][0]   
__________________________________________________________________________________________________
dense (Dense)                   (None, 2)            2050        dense_mo_e[0][0]                 
==================================================================================================
Total params: 7,253,936
Trainable params: 7,212,426
Non-trainable params: 41,510
__________________________________________________________________________________________________
Epoch 1/40
872/872 - 1680s - loss: 0.3626 - calc_accuracy: 0.6164 - val_loss: 0.4698 - val_calc_accuracy: 0.6370
Epoch 2/40
872/872 - 1680s - loss: 0.2626 - calc_accuracy: 0.7285 - val_loss: 0.6026 - val_calc_accuracy: 0.5858
Epoch 3/40
872/872 - 1697s - loss: 0.2420 - calc_accuracy: 0.7487 - val_loss: 0.4523 - val_calc_accuracy: 0.6961
Epoch 4/40
872/872 - 1709s - loss: 0.2296 - calc_accuracy: 0.7561 - val_loss: 0.3246 - val_calc_accuracy: 0.7490
Epoch 5/40
872/872 - 1691s - loss: 0.2064 - calc_accuracy: 0.7842 - val_loss: 0.2536 - val_calc_accuracy: 0.8092
Epoch 6/40
872/872 - 1676s - loss: 0.1853 - calc_accuracy: 0.8122 - val_loss: 0.2475 - val_calc_accuracy: 0.8279
Epoch 7/40
872/872 - 1681s - loss: 0.1729 - calc_accuracy: 0.8243 - val_loss: 0.3065 - val_calc_accuracy: 0.7935
Epoch 8/40
872/872 - 1699s - loss: 0.1651 - calc_accuracy: 0.8333 - val_loss: 0.2238 - val_calc_accuracy: 0.8457
Epoch 9/40
872/872 - 1710s - loss: 0.1569 - calc_accuracy: 0.8450 - val_loss: 0.2517 - val_calc_accuracy: 0.7957
Epoch 10/40
872/872 - 1728s - loss: 0.1471 - calc_accuracy: 0.8488 - val_loss: 0.2327 - val_calc_accuracy: 0.8502
Epoch 11/40
872/872 - 1722s - loss: 0.1412 - calc_accuracy: 0.8581 - val_loss: 0.1833 - val_calc_accuracy: 0.8620
Epoch 12/40
872/872 - 1714s - loss: 0.1345 - calc_accuracy: 0.8642 - val_loss: 0.1917 - val_calc_accuracy: 0.8707
Epoch 13/40
872/872 - 1717s - loss: 0.1332 - calc_accuracy: 0.8647 - val_loss: 0.2506 - val_calc_accuracy: 0.8247
Epoch 14/40
872/872 - 1665s - loss: 0.1239 - calc_accuracy: 0.8769 - val_loss: 0.2788 - val_calc_accuracy: 0.8242
Epoch 15/40
872/872 - 1662s - loss: 0.1190 - calc_accuracy: 0.8779 - val_loss: 0.3940 - val_calc_accuracy: 0.7855

Epoch 00015: ReduceLROnPlateau reducing learning rate to 0.0005000000237487257.
Epoch 16/40
872/872 - 1661s - loss: 0.1039 - calc_accuracy: 0.8924 - val_loss: 0.1595 - val_calc_accuracy: 0.8876
Epoch 17/40
872/872 - 1661s - loss: 0.0975 - calc_accuracy: 0.8986 - val_loss: 0.2041 - val_calc_accuracy: 0.8689
Epoch 18/40
872/872 - 1663s - loss: 0.0909 - calc_accuracy: 0.9063 - val_loss: 0.1555 - val_calc_accuracy: 0.8945
Epoch 19/40
872/872 - 1663s - loss: 0.0887 - calc_accuracy: 0.9118 - val_loss: 0.1545 - val_calc_accuracy: 0.8973
