Category:  coch
Dataset:  all_sw_coch_preprocessed_v2_param_v26_augm_v0_cleaned_8000.pkl
File:  conv.train2022
Description:  new_parent_teach
2021-03-26 10:55:43.485034: I tensorflow/stream_executor/platform/default/dso_loader.cc:49] Successfully opened dynamic library libcudart.so.11.0
2021-03-26 10:55:45.425828: I tensorflow/compiler/jit/xla_cpu_device.cc:41] Not creating XLA devices, tf_xla_enable_xla_devices not set
2021-03-26 10:55:45.432532: I tensorflow/stream_executor/platform/default/dso_loader.cc:49] Successfully opened dynamic library libcuda.so.1
2021-03-26 10:55:45.469554: I tensorflow/stream_executor/cuda/cuda_gpu_executor.cc:941] successful NUMA node read from SysFS had negative value (-1), but there must be at least one NUMA node, so returning NUMA node zero
2021-03-26 10:55:45.470265: I tensorflow/core/common_runtime/gpu/gpu_device.cc:1720] Found device 0 with properties: 
pciBusID: 0000:00:05.0 name: Tesla T4 computeCapability: 7.5
coreClock: 1.59GHz coreCount: 40 deviceMemorySize: 14.75GiB deviceMemoryBandwidth: 298.08GiB/s
2021-03-26 10:55:45.470294: I tensorflow/stream_executor/platform/default/dso_loader.cc:49] Successfully opened dynamic library libcudart.so.11.0
2021-03-26 10:55:45.481232: I tensorflow/stream_executor/platform/default/dso_loader.cc:49] Successfully opened dynamic library libcublas.so.11
2021-03-26 10:55:45.481290: I tensorflow/stream_executor/platform/default/dso_loader.cc:49] Successfully opened dynamic library libcublasLt.so.11
2021-03-26 10:55:45.483312: I tensorflow/stream_executor/platform/default/dso_loader.cc:49] Successfully opened dynamic library libcufft.so.10
2021-03-26 10:55:45.486351: I tensorflow/stream_executor/platform/default/dso_loader.cc:49] Successfully opened dynamic library libcurand.so.10
2021-03-26 10:55:45.488438: I tensorflow/stream_executor/platform/default/dso_loader.cc:49] Successfully opened dynamic library libcusolver.so.10
2021-03-26 10:55:45.490930: I tensorflow/stream_executor/platform/default/dso_loader.cc:49] Successfully opened dynamic library libcusparse.so.11
2021-03-26 10:55:45.491523: I tensorflow/stream_executor/platform/default/dso_loader.cc:49] Successfully opened dynamic library libcudnn.so.8
2021-03-26 10:55:45.491640: I tensorflow/stream_executor/cuda/cuda_gpu_executor.cc:941] successful NUMA node read from SysFS had negative value (-1), but there must be at least one NUMA node, so returning NUMA node zero
2021-03-26 10:55:45.492362: I tensorflow/stream_executor/cuda/cuda_gpu_executor.cc:941] successful NUMA node read from SysFS had negative value (-1), but there must be at least one NUMA node, so returning NUMA node zero
2021-03-26 10:55:45.493005: I tensorflow/core/common_runtime/gpu/gpu_device.cc:1862] Adding visible gpu devices: 0
2021-03-26 10:55:45.494827: I tensorflow/compiler/jit/xla_gpu_device.cc:99] Not creating XLA devices, tf_xla_enable_xla_devices not set
2021-03-26 10:55:45.494955: I tensorflow/stream_executor/cuda/cuda_gpu_executor.cc:941] successful NUMA node read from SysFS had negative value (-1), but there must be at least one NUMA node, so returning NUMA node zero
2021-03-26 10:55:45.495605: I tensorflow/core/common_runtime/gpu/gpu_device.cc:1720] Found device 0 with properties: 
pciBusID: 0000:00:05.0 name: Tesla T4 computeCapability: 7.5
coreClock: 1.59GHz coreCount: 40 deviceMemorySize: 14.75GiB deviceMemoryBandwidth: 298.08GiB/s
2021-03-26 10:55:45.495625: I tensorflow/stream_executor/platform/default/dso_loader.cc:49] Successfully opened dynamic library libcudart.so.11.0
2021-03-26 10:55:45.495647: I tensorflow/stream_executor/platform/default/dso_loader.cc:49] Successfully opened dynamic library libcublas.so.11
2021-03-26 10:55:45.495660: I tensorflow/stream_executor/platform/default/dso_loader.cc:49] Successfully opened dynamic library libcublasLt.so.11
2021-03-26 10:55:45.495672: I tensorflow/stream_executor/platform/default/dso_loader.cc:49] Successfully opened dynamic library libcufft.so.10
2021-03-26 10:55:45.495684: I tensorflow/stream_executor/platform/default/dso_loader.cc:49] Successfully opened dynamic library libcurand.so.10
2021-03-26 10:55:45.495705: I tensorflow/stream_executor/platform/default/dso_loader.cc:49] Successfully opened dynamic library libcusolver.so.10
2021-03-26 10:55:45.495718: I tensorflow/stream_executor/platform/default/dso_loader.cc:49] Successfully opened dynamic library libcusparse.so.11
2021-03-26 10:55:45.495740: I tensorflow/stream_executor/platform/default/dso_loader.cc:49] Successfully opened dynamic library libcudnn.so.8
2021-03-26 10:55:45.495802: I tensorflow/stream_executor/cuda/cuda_gpu_executor.cc:941] successful NUMA node read from SysFS had negative value (-1), but there must be at least one NUMA node, so returning NUMA node zero
2021-03-26 10:55:45.496471: I tensorflow/stream_executor/cuda/cuda_gpu_executor.cc:941] successful NUMA node read from SysFS had negative value (-1), but there must be at least one NUMA node, so returning NUMA node zero
2021-03-26 10:55:45.497100: I tensorflow/core/common_runtime/gpu/gpu_device.cc:1862] Adding visible gpu devices: 0
2021-03-26 10:55:45.497136: I tensorflow/stream_executor/platform/default/dso_loader.cc:49] Successfully opened dynamic library libcudart.so.11.0
2021-03-26 10:55:46.219171: I tensorflow/core/common_runtime/gpu/gpu_device.cc:1261] Device interconnect StreamExecutor with strength 1 edge matrix:
2021-03-26 10:55:46.219207: I tensorflow/core/common_runtime/gpu/gpu_device.cc:1267]      0 
2021-03-26 10:55:46.219216: I tensorflow/core/common_runtime/gpu/gpu_device.cc:1280] 0:   N 
2021-03-26 10:55:46.219459: I tensorflow/stream_executor/cuda/cuda_gpu_executor.cc:941] successful NUMA node read from SysFS had negative value (-1), but there must be at least one NUMA node, so returning NUMA node zero
2021-03-26 10:55:46.220203: I tensorflow/stream_executor/cuda/cuda_gpu_executor.cc:941] successful NUMA node read from SysFS had negative value (-1), but there must be at least one NUMA node, so returning NUMA node zero
2021-03-26 10:55:46.220874: I tensorflow/stream_executor/cuda/cuda_gpu_executor.cc:941] successful NUMA node read from SysFS had negative value (-1), but there must be at least one NUMA node, so returning NUMA node zero
2021-03-26 10:55:46.221519: I tensorflow/core/common_runtime/gpu/gpu_device.cc:1406] Created TensorFlow device (/job:localhost/replica:0/task:0/device:GPU:0 with 13968 MB memory) -> physical GPU (device: 0, name: Tesla T4, pci bus id: 0000:00:05.0, compute capability: 7.5)
2021-03-26 10:55:46.672751: I tensorflow/core/profiler/lib/profiler_session.cc:136] Profiler session initializing.
2021-03-26 10:55:46.672784: I tensorflow/core/profiler/lib/profiler_session.cc:155] Profiler session started.
2021-03-26 10:55:46.672814: I tensorflow/core/profiler/internal/gpu/cupti_tracer.cc:1365] Profiler found 1 GPUs
2021-03-26 10:55:46.672984: W tensorflow/stream_executor/platform/default/dso_loader.cc:60] Could not load dynamic library 'libcupti.so.11.0'; dlerror: libcupti.so.11.0: cannot open shared object file: No such file or directory; LD_LIBRARY_PATH: /usr/local/cuda-11.2/lib64
2021-03-26 10:55:46.676953: I tensorflow/stream_executor/platform/default/dso_loader.cc:49] Successfully opened dynamic library libcupti.so
2021-03-26 10:55:46.862204: I tensorflow/core/profiler/lib/profiler_session.cc:172] Profiler session tear down.
2021-03-26 10:55:46.864807: I tensorflow/core/profiler/internal/gpu/cupti_tracer.cc:1487] CUPTI activity buffer flushed
Tensorflow Version: 2.4.0
Num GPUs Available:  1
-----------------------
Using module located at /main/models/conv/train2022.py
Using train_file located at ../../data/datasets/all_sw_coch_preprocessed_v2_param_v26_augm_v0_cleaned_8000.pkl
Using logs_path located at ../../cache/conv___03_1053___all_sw_coch_preprocessed_v2_param_v26_augm_v0_cleaned_8000___new_parent_teach___2022/logs/
-----------------------
Collecting Variables...
Model Parameters: {'N_CLASSES': 2, 'SR': 8000, 'BATCH_SIZE': 16, 'LR': 0.001, 'SHAPE': (128, 1250, 3), 'WEIGHT_DECAY': 0.0001, 'LL2_REG': 0, 'EPSILON': 1e-07, 'LABEL_SMOOTHING': 0}
Learning Rate Parameters: {'factor': 0.5, 'patience': 3, 'min_lr': 1e-05}
Early Stopping Patience and Delta: 8, 1.0%
-----------------------
Size of training set: 13945
Size of validation set: 3486
Initializing weights...
weights = {0: 0.6399045521292217, 1: 1.2145345596432553, 2: 1.1234209847898944, 3: 1.3816582117945466}
Model: "teacher"
__________________________________________________________________________________________________
Layer (type)                    Output Shape         Param #     Connected to                     
==================================================================================================
input_1 (InputLayer)            [(None, 128, 1250, 3 0                                            
__________________________________________________________________________________________________
batch_normalization (BatchNorma (None, 128, 1250, 3) 12          input_1[0][0]                    
__________________________________________________________________________________________________
conv2d (Conv2D)                 (None, 128, 1250, 16 64          batch_normalization[0][0]        
__________________________________________________________________________________________________
conv2d_2 (Conv2D)               (None, 128, 1250, 16 64          batch_normalization[0][0]        
__________________________________________________________________________________________________
max_pooling2d (MaxPooling2D)    (None, 128, 1250, 3) 0           batch_normalization[0][0]        
__________________________________________________________________________________________________
conv2d_1 (Conv2D)               (None, 128, 1250, 16 2320        conv2d[0][0]                     
__________________________________________________________________________________________________
conv2d_3 (Conv2D)               (None, 128, 1250, 16 6416        conv2d_2[0][0]                   
__________________________________________________________________________________________________
conv2d_4 (Conv2D)               (None, 128, 1250, 16 64          max_pooling2d[0][0]              
__________________________________________________________________________________________________
concatenate (Concatenate)       (None, 128, 1250, 48 0           conv2d_1[0][0]                   
                                                                 conv2d_3[0][0]                   
                                                                 conv2d_4[0][0]                   
__________________________________________________________________________________________________
average_pooling2d (AveragePooli (None, 64, 625, 48)  0           concatenate[0][0]                
__________________________________________________________________________________________________
batch_normalization_1 (BatchNor (None, 64, 625, 48)  192         average_pooling2d[0][0]          
__________________________________________________________________________________________________
dropout (Dropout)               (None, 64, 625, 48)  0           batch_normalization_1[0][0]      
__________________________________________________________________________________________________
inverted_residual (InvertedResi (None, 64, 625, 32)  35840       dropout[0][0]                    
__________________________________________________________________________________________________
inverted_residual_1 (InvertedRe (None, 64, 625, 32)  20864       inverted_residual[0][0]          
__________________________________________________________________________________________________
average_pooling2d_1 (AveragePoo (None, 32, 312, 32)  0           inverted_residual_1[0][0]        
__________________________________________________________________________________________________
batch_normalization_2 (BatchNor (None, 32, 312, 32)  128         average_pooling2d_1[0][0]        
__________________________________________________________________________________________________
dropout_1 (Dropout)             (None, 32, 312, 32)  0           batch_normalization_2[0][0]      
__________________________________________________________________________________________________
inverted_residual_2 (InvertedRe (None, 32, 312, 64)  27136       dropout_1[0][0]                  
__________________________________________________________________________________________________
inverted_residual_3 (InvertedRe (None, 32, 312, 64)  66304       inverted_residual_2[0][0]        
__________________________________________________________________________________________________
average_pooling2d_2 (AveragePoo (None, 16, 156, 64)  0           inverted_residual_3[0][0]        
__________________________________________________________________________________________________
batch_normalization_3 (BatchNor (None, 16, 156, 64)  256         average_pooling2d_2[0][0]        
__________________________________________________________________________________________________
dropout_2 (Dropout)             (None, 16, 156, 64)  0           batch_normalization_3[0][0]      
__________________________________________________________________________________________________
inverted_residual_4 (InvertedRe (None, 16, 156, 128) 91136       dropout_2[0][0]                  
__________________________________________________________________________________________________
inverted_residual_5 (InvertedRe (None, 16, 156, 128) 230912      inverted_residual_4[0][0]        
__________________________________________________________________________________________________
average_pooling2d_3 (AveragePoo (None, 8, 78, 128)   0           inverted_residual_5[0][0]        
__________________________________________________________________________________________________
batch_normalization_4 (BatchNor (None, 8, 78, 128)   512         average_pooling2d_3[0][0]        
__________________________________________________________________________________________________
dropout_3 (Dropout)             (None, 8, 78, 128)   0           batch_normalization_4[0][0]      
__________________________________________________________________________________________________
inverted_residual_6 (InvertedRe (None, 8, 78, 256)   329728      dropout_3[0][0]                  
__________________________________________________________________________________________________
inverted_residual_7 (InvertedRe (None, 8, 78, 256)   855040      inverted_residual_6[0][0]        
__________________________________________________________________________________________________
average_pooling2d_4 (AveragePoo (None, 4, 39, 256)   0           inverted_residual_7[0][0]        
__________________________________________________________________________________________________
batch_normalization_5 (BatchNor (None, 4, 39, 256)   1024        average_pooling2d_4[0][0]        
__________________________________________________________________________________________________
dropout_4 (Dropout)             (None, 4, 39, 256)   0           batch_normalization_5[0][0]      
__________________________________________________________________________________________________
inverted_residual_8 (InvertedRe (None, 4, 39, 512)   1249280     dropout_4[0][0]                  
__________________________________________________________________________________________________
inverted_residual_9 (InvertedRe (None, 4, 39, 512)   3282944     inverted_residual_8[0][0]        
__________________________________________________________________________________________________
global_average_pooling2d (Globa (None, 512)          0           inverted_residual_9[0][0]        
__________________________________________________________________________________________________
dense (Dense)                   (None, 2)            1026        global_average_pooling2d[0][0]   
==================================================================================================
Total params: 6,201,262
Trainable params: 6,159,752
Non-trainable params: 41,510
__________________________________________________________________________________________________
Model: "student"
__________________________________________________________________________________________________
Layer (type)                    Output Shape         Param #     Connected to                     
==================================================================================================
input_2 (InputLayer)            [(None, 128, 1250, 3 0                                            
__________________________________________________________________________________________________
batch_normalization_6 (BatchNor (None, 128, 1250, 3) 12          input_2[0][0]                    
__________________________________________________________________________________________________
conv2d_5 (Conv2D)               (None, 128, 1250, 8) 32          batch_normalization_6[0][0]      
__________________________________________________________________________________________________
conv2d_7 (Conv2D)               (None, 128, 1250, 8) 32          batch_normalization_6[0][0]      
__________________________________________________________________________________________________
max_pooling2d_1 (MaxPooling2D)  (None, 128, 1250, 3) 0           batch_normalization_6[0][0]      
__________________________________________________________________________________________________
conv2d_6 (Conv2D)               (None, 128, 1250, 8) 584         conv2d_5[0][0]                   
__________________________________________________________________________________________________
conv2d_8 (Conv2D)               (None, 128, 1250, 8) 1608        conv2d_7[0][0]                   
__________________________________________________________________________________________________
conv2d_9 (Conv2D)               (None, 128, 1250, 8) 32          max_pooling2d_1[0][0]            
__________________________________________________________________________________________________
concatenate_1 (Concatenate)     (None, 128, 1250, 24 0           conv2d_6[0][0]                   
                                                                 conv2d_8[0][0]                   
                                                                 conv2d_9[0][0]                   
__________________________________________________________________________________________________
average_pooling2d_5 (AveragePoo (None, 64, 625, 24)  0           concatenate_1[0][0]              
__________________________________________________________________________________________________
batch_normalization_7 (BatchNor (None, 64, 625, 24)  96          average_pooling2d_5[0][0]        
__________________________________________________________________________________________________
conv2d_10 (Conv2D)              (None, 64, 625, 16)  400         batch_normalization_7[0][0]      
__________________________________________________________________________________________________
conv2d_12 (Conv2D)              (None, 64, 625, 16)  400         batch_normalization_7[0][0]      
__________________________________________________________________________________________________
max_pooling2d_2 (MaxPooling2D)  (None, 64, 625, 24)  0           batch_normalization_7[0][0]      
__________________________________________________________________________________________________
conv2d_11 (Conv2D)              (None, 64, 625, 16)  2320        conv2d_10[0][0]                  
__________________________________________________________________________________________________
conv2d_13 (Conv2D)              (None, 64, 625, 16)  6416        conv2d_12[0][0]                  
__________________________________________________________________________________________________
conv2d_14 (Conv2D)              (None, 64, 625, 16)  400         max_pooling2d_2[0][0]            
__________________________________________________________________________________________________
concatenate_2 (Concatenate)     (None, 64, 625, 48)  0           conv2d_11[0][0]                  
                                                                 conv2d_13[0][0]                  
                                                                 conv2d_14[0][0]                  
__________________________________________________________________________________________________
average_pooling2d_6 (AveragePoo (None, 32, 313, 48)  0           concatenate_2[0][0]              
__________________________________________________________________________________________________
batch_normalization_8 (BatchNor (None, 32, 313, 48)  192         average_pooling2d_6[0][0]        
__________________________________________________________________________________________________
conv2d_15 (Conv2D)              (None, 32, 313, 32)  1568        batch_normalization_8[0][0]      
__________________________________________________________________________________________________
conv2d_17 (Conv2D)              (None, 32, 313, 32)  1568        batch_normalization_8[0][0]      
__________________________________________________________________________________________________
max_pooling2d_3 (MaxPooling2D)  (None, 32, 313, 48)  0           batch_normalization_8[0][0]      
__________________________________________________________________________________________________
conv2d_16 (Conv2D)              (None, 32, 313, 32)  9248        conv2d_15[0][0]                  
__________________________________________________________________________________________________
conv2d_18 (Conv2D)              (None, 32, 313, 32)  25632       conv2d_17[0][0]                  
__________________________________________________________________________________________________
conv2d_19 (Conv2D)              (None, 32, 313, 32)  1568        max_pooling2d_3[0][0]            
__________________________________________________________________________________________________
concatenate_3 (Concatenate)     (None, 32, 313, 96)  0           conv2d_16[0][0]                  
                                                                 conv2d_18[0][0]                  
                                                                 conv2d_19[0][0]                  
__________________________________________________________________________________________________
average_pooling2d_7 (AveragePoo (None, 16, 157, 96)  0           concatenate_3[0][0]              
__________________________________________________________________________________________________
batch_normalization_9 (BatchNor (None, 16, 157, 96)  384         average_pooling2d_7[0][0]        
__________________________________________________________________________________________________
conv2d_20 (Conv2D)              (None, 16, 157, 64)  6208        batch_normalization_9[0][0]      
__________________________________________________________________________________________________
conv2d_22 (Conv2D)              (None, 16, 157, 64)  6208        batch_normalization_9[0][0]      
__________________________________________________________________________________________________
max_pooling2d_4 (MaxPooling2D)  (None, 16, 157, 96)  0           batch_normalization_9[0][0]      
__________________________________________________________________________________________________
conv2d_21 (Conv2D)              (None, 16, 157, 64)  36928       conv2d_20[0][0]                  
__________________________________________________________________________________________________
conv2d_23 (Conv2D)              (None, 16, 157, 64)  102464      conv2d_22[0][0]                  
__________________________________________________________________________________________________
conv2d_24 (Conv2D)              (None, 16, 157, 64)  6208        max_pooling2d_4[0][0]            2021-03-26 10:55:48.266163: I tensorflow/compiler/mlir/mlir_graph_optimization_pass.cc:116] None of the MLIR optimization passes are enabled (registered 2)
2021-03-26 10:55:48.267491: I tensorflow/core/platform/profile_utils/cpu_utils.cc:112] CPU Frequency: 2299995000 Hz
2021-03-26 10:55:50.624638: I tensorflow/stream_executor/platform/default/dso_loader.cc:49] Successfully opened dynamic library libcublas.so.11
2021-03-26 10:55:51.225523: I tensorflow/stream_executor/platform/default/dso_loader.cc:49] Successfully opened dynamic library libcublasLt.so.11
2021-03-26 10:55:51.235116: I tensorflow/stream_executor/platform/default/dso_loader.cc:49] Successfully opened dynamic library libcudnn.so.8
2021-03-26 10:55:57.822406: I tensorflow/core/profiler/lib/profiler_session.cc:136] Profiler session initializing.
2021-03-26 10:55:57.822456: I tensorflow/core/profiler/lib/profiler_session.cc:155] Profiler session started.
2021-03-26 10:55:59.127646: I tensorflow/core/profiler/lib/profiler_session.cc:71] Profiler session collecting data.
2021-03-26 10:55:59.130352: I tensorflow/core/profiler/internal/gpu/cupti_tracer.cc:1487] CUPTI activity buffer flushed
2021-03-26 10:55:59.168503: I tensorflow/core/profiler/internal/gpu/cupti_collector.cc:228]  GpuTracer has collected 1894 callback api events and 1890 activity events. 
2021-03-26 10:55:59.202979: I tensorflow/core/profiler/lib/profiler_session.cc:172] Profiler session tear down.

__________________________________________________________________________________________________
concatenate_4 (Concatenate)     (None, 16, 157, 192) 0           conv2d_21[0][0]                  
                                                                 conv2d_23[0][0]                  
                                                                 conv2d_24[0][0]                  
__________________________________________________________________________________________________
average_pooling2d_8 (AveragePoo (None, 8, 79, 192)   0           concatenate_4[0][0]              
__________________________________________________________________________________________________
batch_normalization_10 (BatchNo (None, 8, 79, 192)   768         average_pooling2d_8[0][0]        
__________________________________________________________________________________________________
global_average_pooling2d_1 (Glo (None, 192)          0           batch_normalization_10[0][0]     
__________________________________________________________________________________________________
dense_1 (Dense)                 (None, 2)            386         global_average_pooling2d_1[0][0] 
==================================================================================================
Total params: 211,662
Trainable params: 210,936
Non-trainable params: 726
__________________________________________________________________________________________________
Epoch 1/40
(<tf.Tensor 'IteratorGetNext:0' shape=(None, 128, 1250, 3) dtype=float32>, <tf.Tensor 'IteratorGetNext:1' shape=(None, 2) dtype=float32>)
872/872 - 534s - calc_accuracy: 0.6192 - student_loss: 0.3358 - distillation_loss: -1.0293e-02 - val_calc_accuracy: 0.6319 - val_student_loss: 0.4220
Epoch 2/40
872/872 - 525s - calc_accuracy: 0.6976 - student_loss: 0.3021 - distillation_loss: -5.4442e-03 - val_calc_accuracy: 0.5359 - val_student_loss: 0.7079
Epoch 3/40
872/872 - 532s - calc_accuracy: 0.7155 - student_loss: 0.3001 - distillation_loss: -7.7366e-03 - val_calc_accuracy: 0.5367 - val_student_loss: 0.5294
Epoch 4/40
872/872 - 527s - calc_accuracy: 0.7359 - student_loss: 0.2085 - distillation_loss: -3.1014e-03 - val_calc_accuracy: 0.7504 - val_student_loss: 0.3487
Epoch 5/40
872/872 - 522s - calc_accuracy: 0.7496 - student_loss: 0.1949 - distillation_loss: -5.8452e-03 - val_calc_accuracy: 0.7461 - val_student_loss: 0.3536
Epoch 6/40
872/872 - 528s - calc_accuracy: 0.7652 - student_loss: 0.3190 - distillation_loss: 1.5834e-04 - val_calc_accuracy: 0.6180 - val_student_loss: 0.2790
Epoch 7/40
872/872 - 528s - calc_accuracy: 0.7796 - student_loss: 0.2451 - distillation_loss: -2.4394e-03 - val_calc_accuracy: 0.7407 - val_student_loss: 0.4542

Epoch 00007: ReduceLROnPlateau reducing learning rate to 0.0005000000237487257.
Epoch 8/40
872/872 - 521s - calc_accuracy: 0.8032 - student_loss: 0.1357 - distillation_loss: -8.6515e-04 - val_calc_accuracy: 0.7937 - val_student_loss: 0.3342
Epoch 9/40
872/872 - 529s - calc_accuracy: 0.8133 - student_loss: 0.3702 - distillation_loss: -1.7585e-03 - val_calc_accuracy: 0.7609 - val_student_loss: 0.4248
Epoch 10/40
872/872 - 528s - calc_accuracy: 0.8205 - student_loss: 0.4849 - distillation_loss: -1.5109e-02 - val_calc_accuracy: 0.8270 - val_student_loss: 0.2318
Epoch 11/40
872/872 - 547s - calc_accuracy: 0.8302 - student_loss: 0.5488 - distillation_loss: 0.0043 - val_calc_accuracy: 0.8099 - val_student_loss: 0.1780
Epoch 12/40
872/872 - 526s - calc_accuracy: 0.8374 - student_loss: 0.1355 - distillation_loss: -1.0547e-03 - val_calc_accuracy: 0.8408 - val_student_loss: 0.1130
Epoch 13/40
872/872 - 528s - calc_accuracy: 0.8424 - student_loss: 0.3871 - distillation_loss: -1.2432e-02 - val_calc_accuracy: 0.8250 - val_student_loss: 0.1746
Epoch 14/40
872/872 - 528s - calc_accuracy: 0.8499 - student_loss: 0.1909 - distillation_loss: -2.3059e-03 - val_calc_accuracy: 0.8035 - val_student_loss: 0.2563
Epoch 15/40
872/872 - 526s - calc_accuracy: 0.8551 - student_loss: 0.1827 - distillation_loss: 0.0052 - val_calc_accuracy: 0.8316 - val_student_loss: 0.2043

Epoch 00015: ReduceLROnPlateau reducing learning rate to 0.0002500000118743628.
Epoch 16/40
872/872 - 528s - calc_accuracy: 0.8624 - student_loss: 0.4847 - distillation_loss: -1.2032e-02 - val_calc_accuracy: 0.8528 - val_student_loss: 0.2127
Epoch 17/40
872/872 - 527s - calc_accuracy: 0.8730 - student_loss: 0.3209 - distillation_loss: 9.9508e-04 - val_calc_accuracy: 0.8440 - val_student_loss: 0.2597
Epoch 18/40
872/872 - 529s - calc_accuracy: 0.8773 - student_loss: 0.4048 - distillation_loss: 0.0018 - val_calc_accuracy: 0.8446 - val_student_loss: 0.1434
Epoch 19/40
872/872 - 530s - calc_accuracy: 0.8784 - student_loss: 0.1233 - distillation_loss: -6.5475e-03 - val_calc_accuracy: 0.8522 - val_student_loss: 0.2833

Epoch 00019: ReduceLROnPlateau reducing learning rate to 0.0001250000059371814.
Epoch 20/40
872/872 - 533s - calc_accuracy: 0.8845 - student_loss: 0.1750 - distillation_loss: -6.5185e-04 - val_calc_accuracy: 0.8511 - val_student_loss: 0.1356
Epoch 21/40
872/872 - 530s - calc_accuracy: 0.8892 - student_loss: 0.3155 - distillation_loss: 0.0048 - val_calc_accuracy: 0.8572 - val_student_loss: 0.1496
Epoch 22/40
872/872 - 534s - calc_accuracy: 0.8871 - student_loss: 0.1771 - distillation_loss: -5.1310e-03 - val_calc_accuracy: 0.8567 - val_student_loss: 0.1067
Epoch 23/40
872/872 - 530s - calc_accuracy: 0.8864 - student_loss: 0.2148 - distillation_loss: -5.5747e-03 - val_calc_accuracy: 0.8445 - val_student_loss: 0.1850
Epoch 24/40
872/872 - 522s - calc_accuracy: 0.8870 - student_loss: 0.1614 - distillation_loss: -9.6010e-04 - val_calc_accuracy: 0.8524 - val_student_loss: 0.1476
2021-03-26 14:27:36.260056: I tensorflow/core/profiler/lib/profiler_session.cc:136] Profiler session initializing.
2021-03-26 14:27:36.260130: I tensorflow/core/profiler/lib/profiler_session.cc:155] Profiler session started.
2021-03-26 14:27:37.165253: I tensorflow/core/profiler/lib/profiler_session.cc:71] Profiler session collecting data.
2021-03-26 14:27:37.168602: I tensorflow/core/profiler/internal/gpu/cupti_tracer.cc:1487] CUPTI activity buffer flushed
2021-03-26 14:27:37.226835: I tensorflow/core/profiler/internal/gpu/cupti_collector.cc:228]  GpuTracer has collected 1054 callback api events and 1050 activity events. 
2021-03-26 14:27:37.269048: I tensorflow/core/profiler/lib/profiler_session.cc:172] Profiler session tear down.

Epoch 00024: ReduceLROnPlateau reducing learning rate to 6.25000029685907e-05.
Epoch 00024: early stopping
Training student model alone.
Epoch 1/40
872/872 - 320s - loss: 0.5738 - calc_accuracy: 0.5235 - val_loss: 0.5163 - val_calc_accuracy: 0.5963
Epoch 2/40
872/872 - 316s - loss: 0.5095 - calc_accuracy: 0.6036 - val_loss: 0.5154 - val_calc_accuracy: 0.5670
Epoch 3/40
872/872 - 331s - loss: 0.4704 - calc_accuracy: 0.6438 - val_loss: 0.4545 - val_calc_accuracy: 0.6302
Epoch 4/40
872/872 - 349s - loss: 0.4440 - calc_accuracy: 0.6613 - val_loss: 0.4199 - val_calc_accuracy: 0.6816
Epoch 5/40
872/872 - 381s - loss: 0.4268 - calc_accuracy: 0.6771 - val_loss: 0.4072 - val_calc_accuracy: 0.6875
Epoch 6/40
872/872 - 341s - loss: 0.4210 - calc_accuracy: 0.6780 - val_loss: 0.4035 - val_calc_accuracy: 0.6802
Epoch 7/40
872/872 - 343s - loss: 0.4111 - calc_accuracy: 0.6872 - val_loss: 0.3966 - val_calc_accuracy: 0.6974
Epoch 8/40
872/872 - 342s - loss: 0.4034 - calc_accuracy: 0.6924 - val_loss: 0.3805 - val_calc_accuracy: 0.6956
Epoch 9/40
872/872 - 348s - loss: 0.3963 - calc_accuracy: 0.6994 - val_loss: 0.3748 - val_calc_accuracy: 0.7105
Epoch 10/40
872/872 - 384s - loss: 0.3916 - calc_accuracy: 0.7009 - val_loss: 0.3776 - val_calc_accuracy: 0.7061
Epoch 11/40
872/872 - 349s - loss: 0.3878 - calc_accuracy: 0.7038 - val_loss: 0.3732 - val_calc_accuracy: 0.7156
Epoch 12/40
872/872 - 343s - loss: 0.3856 - calc_accuracy: 0.7043 - val_loss: 0.3601 - val_calc_accuracy: 0.7262
Epoch 13/40
872/872 - 341s - loss: 0.3817 - calc_accuracy: 0.7076 - val_loss: 0.3777 - val_calc_accuracy: 0.6967
Epoch 14/40
872/872 - 342s - loss: 0.3778 - calc_accuracy: 0.7102 - val_loss: 0.3700 - val_calc_accuracy: 0.7036
Epoch 15/40
872/872 - 365s - loss: 0.3753 - calc_accuracy: 0.7111 - val_loss: 0.3573 - val_calc_accuracy: 0.7252

Epoch 00015: ReduceLROnPlateau reducing learning rate to 3.125000148429535e-05.
Epoch 16/40
872/872 - 339s - loss: 0.3717 - calc_accuracy: 0.7164 - val_loss: 0.3495 - val_calc_accuracy: 0.7269
Epoch 17/40
872/872 - 336s - loss: 0.3685 - calc_accuracy: 0.7199 - val_loss: 0.3496 - val_calc_accuracy: 0.7261
Epoch 18/40
872/872 - 337s - loss: 0.3675 - calc_accuracy: 0.7214 - val_loss: 0.3508 - val_calc_accuracy: 0.7267
Epoch 19/40
872/872 - 338s - loss: 0.3701 - calc_accuracy: 0.7180 - val_loss: 0.3567 - val_calc_accuracy: 0.7210

Epoch 00019: ReduceLROnPlateau reducing learning rate to 1.5625000742147677e-05.
Epoch 20/40
872/872 - 369s - loss: 0.3688 - calc_accuracy: 0.7181 - val_loss: 0.3520 - val_calc_accuracy: 0.7195
Epoch 00020: early stopping

 See logs at ../../cache/conv___03_1053___all_sw_coch_preprocessed_v2_param_v26_augm_v0_cleaned_8000___new_parent_teach___2022/logs/