Category:  coch
Dataset:  all_sw_coch_preprocessed_v2_param_v26_augm_v0_cleaned_8000.pkl
File:  conv.train2026
Description:  par_tea_mini_10
2021-03-29 18:21:38.733670: I tensorflow/stream_executor/platform/default/dso_loader.cc:49] Successfully opened dynamic library libcudart.so.11.0
2021-03-29 18:21:40.996136: I tensorflow/compiler/jit/xla_cpu_device.cc:41] Not creating XLA devices, tf_xla_enable_xla_devices not set
2021-03-29 18:21:40.997517: I tensorflow/stream_executor/platform/default/dso_loader.cc:49] Successfully opened dynamic library libcuda.so.1
2021-03-29 18:21:41.068531: I tensorflow/stream_executor/cuda/cuda_gpu_executor.cc:941] successful NUMA node read from SysFS had negative value (-1), but there must be at least one NUMA node, so returning NUMA node zero
2021-03-29 18:21:41.069663: I tensorflow/core/common_runtime/gpu/gpu_device.cc:1720] Found device 0 with properties: 
pciBusID: 0000:00:05.0 name: Tesla T4 computeCapability: 7.5
coreClock: 1.59GHz coreCount: 40 deviceMemorySize: 14.75GiB deviceMemoryBandwidth: 298.08GiB/s
2021-03-29 18:21:41.069730: I tensorflow/stream_executor/platform/default/dso_loader.cc:49] Successfully opened dynamic library libcudart.so.11.0
2021-03-29 18:21:41.074957: I tensorflow/stream_executor/platform/default/dso_loader.cc:49] Successfully opened dynamic library libcublas.so.11
2021-03-29 18:21:41.075122: I tensorflow/stream_executor/platform/default/dso_loader.cc:49] Successfully opened dynamic library libcublasLt.so.11
2021-03-29 18:21:41.076871: I tensorflow/stream_executor/platform/default/dso_loader.cc:49] Successfully opened dynamic library libcufft.so.10
2021-03-29 18:21:41.077355: I tensorflow/stream_executor/platform/default/dso_loader.cc:49] Successfully opened dynamic library libcurand.so.10
2021-03-29 18:21:41.079131: I tensorflow/stream_executor/platform/default/dso_loader.cc:49] Successfully opened dynamic library libcusolver.so.10
2021-03-29 18:21:41.080537: I tensorflow/stream_executor/platform/default/dso_loader.cc:49] Successfully opened dynamic library libcusparse.so.11
2021-03-29 18:21:41.080821: I tensorflow/stream_executor/platform/default/dso_loader.cc:49] Successfully opened dynamic library libcudnn.so.8
2021-03-29 18:21:41.081013: I tensorflow/stream_executor/cuda/cuda_gpu_executor.cc:941] successful NUMA node read from SysFS had negative value (-1), but there must be at least one NUMA node, so returning NUMA node zero
2021-03-29 18:21:41.082270: I tensorflow/stream_executor/cuda/cuda_gpu_executor.cc:941] successful NUMA node read from SysFS had negative value (-1), but there must be at least one NUMA node, so returning NUMA node zero
2021-03-29 18:21:41.083340: I tensorflow/core/common_runtime/gpu/gpu_device.cc:1862] Adding visible gpu devices: 0
2021-03-29 18:21:41.086262: I tensorflow/compiler/jit/xla_gpu_device.cc:99] Not creating XLA devices, tf_xla_enable_xla_devices not set
2021-03-29 18:21:41.086456: I tensorflow/stream_executor/cuda/cuda_gpu_executor.cc:941] successful NUMA node read from SysFS had negative value (-1), but there must be at least one NUMA node, so returning NUMA node zero
2021-03-29 18:21:41.087540: I tensorflow/core/common_runtime/gpu/gpu_device.cc:1720] Found device 0 with properties: 
pciBusID: 0000:00:05.0 name: Tesla T4 computeCapability: 7.5
coreClock: 1.59GHz coreCount: 40 deviceMemorySize: 14.75GiB deviceMemoryBandwidth: 298.08GiB/s
2021-03-29 18:21:41.087589: I tensorflow/stream_executor/platform/default/dso_loader.cc:49] Successfully opened dynamic library libcudart.so.11.0
2021-03-29 18:21:41.087651: I tensorflow/stream_executor/platform/default/dso_loader.cc:49] Successfully opened dynamic library libcublas.so.11
2021-03-29 18:21:41.087713: I tensorflow/stream_executor/platform/default/dso_loader.cc:49] Successfully opened dynamic library libcublasLt.so.11
2021-03-29 18:21:41.087743: I tensorflow/stream_executor/platform/default/dso_loader.cc:49] Successfully opened dynamic library libcufft.so.10
2021-03-29 18:21:41.087772: I tensorflow/stream_executor/platform/default/dso_loader.cc:49] Successfully opened dynamic library libcurand.so.10
2021-03-29 18:21:41.087852: I tensorflow/stream_executor/platform/default/dso_loader.cc:49] Successfully opened dynamic library libcusolver.so.10
2021-03-29 18:21:41.087887: I tensorflow/stream_executor/platform/default/dso_loader.cc:49] Successfully opened dynamic library libcusparse.so.11
2021-03-29 18:21:41.087917: I tensorflow/stream_executor/platform/default/dso_loader.cc:49] Successfully opened dynamic library libcudnn.so.8
2021-03-29 18:21:41.088033: I tensorflow/stream_executor/cuda/cuda_gpu_executor.cc:941] successful NUMA node read from SysFS had negative value (-1), but there must be at least one NUMA node, so returning NUMA node zero
2021-03-29 18:21:41.089233: I tensorflow/stream_executor/cuda/cuda_gpu_executor.cc:941] successful NUMA node read from SysFS had negative value (-1), but there must be at least one NUMA node, so returning NUMA node zero
2021-03-29 18:21:41.090305: I tensorflow/core/common_runtime/gpu/gpu_device.cc:1862] Adding visible gpu devices: 0
2021-03-29 18:21:41.090372: I tensorflow/stream_executor/platform/default/dso_loader.cc:49] Successfully opened dynamic library libcudart.so.11.0
2021-03-29 18:21:41.917945: I tensorflow/core/common_runtime/gpu/gpu_device.cc:1261] Device interconnect StreamExecutor with strength 1 edge matrix:
2021-03-29 18:21:41.917990: I tensorflow/core/common_runtime/gpu/gpu_device.cc:1267]      0 
2021-03-29 18:21:41.917999: I tensorflow/core/common_runtime/gpu/gpu_device.cc:1280] 0:   N 
2021-03-29 18:21:41.918305: I tensorflow/stream_executor/cuda/cuda_gpu_executor.cc:941] successful NUMA node read from SysFS had negative value (-1), but there must be at least one NUMA node, so returning NUMA node zero
2021-03-29 18:21:41.919102: I tensorflow/stream_executor/cuda/cuda_gpu_executor.cc:941] successful NUMA node read from SysFS had negative value (-1), but there must be at least one NUMA node, so returning NUMA node zero
2021-03-29 18:21:41.919896: I tensorflow/stream_executor/cuda/cuda_gpu_executor.cc:941] successful NUMA node read from SysFS had negative value (-1), but there must be at least one NUMA node, so returning NUMA node zero
2021-03-29 18:21:41.920618: I tensorflow/core/common_runtime/gpu/gpu_device.cc:1406] Created TensorFlow device (/job:localhost/replica:0/task:0/device:GPU:0 with 13968 MB memory) -> physical GPU (device: 0, name: Tesla T4, pci bus id: 0000:00:05.0, compute capability: 7.5)
2021-03-29 18:21:42.481819: I tensorflow/core/profiler/lib/profiler_session.cc:136] Profiler session initializing.
2021-03-29 18:21:42.481885: I tensorflow/core/profiler/lib/profiler_session.cc:155] Profiler session started.
2021-03-29 18:21:42.481940: I tensorflow/core/profiler/internal/gpu/cupti_tracer.cc:1365] Profiler found 1 GPUs
2021-03-29 18:21:42.482271: W tensorflow/stream_executor/platform/default/dso_loader.cc:60] Could not load dynamic library 'libcupti.so.11.0'; dlerror: libcupti.so.11.0: cannot open shared object file: No such file or directory; LD_LIBRARY_PATH: /usr/local/cuda-11.2/lib64
2021-03-29 18:21:42.483621: I tensorflow/stream_executor/platform/default/dso_loader.cc:49] Successfully opened dynamic library libcupti.so
2021-03-29 18:21:42.757455: I tensorflow/core/profiler/lib/profiler_session.cc:172] Profiler session tear down.
2021-03-29 18:21:42.760648: I tensorflow/core/profiler/internal/gpu/cupti_tracer.cc:1487] CUPTI activity buffer flushed
Tensorflow Version: 2.4.0
Num GPUs Available:  1
-----------------------
Using module located at /main/models/conv/train2026.py
Using train_file located at ../../data/datasets/all_sw_coch_preprocessed_v2_param_v26_augm_v0_cleaned_8000.pkl
Using logs_path located at ../../cache/conv___03_1818___all_sw_coch_preprocessed_v2_param_v26_augm_v0_cleaned_8000___par_tea_mini_10___2026/logs/
-----------------------
Collecting Variables...
Model Parameters: {'N_CLASSES': 2, 'SR': 8000, 'BATCH_SIZE': 16, 'LR': 0.001, 'SHAPE': (128, 1250, 3), 'WEIGHT_DECAY': 0.0001, 'LL2_REG': 0, 'EPSILON': 1e-07, 'LABEL_SMOOTHING': 0}
Learning Rate Parameters: {'factor': 0.5, 'patience': 3, 'min_lr': 1e-05}
Early Stopping Patience and Delta: 8, 1.0%
-----------------------
Size of training set: 13945
Size of validation set: 3486
Initializing weights...
weights = {0: 0.6399045521292217, 1: 1.2145345596432553, 2: 1.1234209847898944, 3: 1.3816582117945466}
Model: "teacher"
__________________________________________________________________________________________________
Layer (type)                    Output Shape         Param #     Connected to                     
==================================================================================================
input_1 (InputLayer)            [(None, 128, 1250, 3 0                                            
__________________________________________________________________________________________________
batch_normalization (BatchNorma (None, 128, 1250, 3) 12          input_1[0][0]                    
__________________________________________________________________________________________________
conv2d (Conv2D)                 (None, 128, 1250, 16 64          batch_normalization[0][0]        
__________________________________________________________________________________________________
conv2d_2 (Conv2D)               (None, 128, 1250, 16 64          batch_normalization[0][0]        
__________________________________________________________________________________________________
max_pooling2d (MaxPooling2D)    (None, 128, 1250, 3) 0           batch_normalization[0][0]        
__________________________________________________________________________________________________
conv2d_1 (Conv2D)               (None, 128, 1250, 16 2320        conv2d[0][0]                     
__________________________________________________________________________________________________
conv2d_3 (Conv2D)               (None, 128, 1250, 16 6416        conv2d_2[0][0]                   
__________________________________________________________________________________________________
conv2d_4 (Conv2D)               (None, 128, 1250, 16 64          max_pooling2d[0][0]              
__________________________________________________________________________________________________
concatenate (Concatenate)       (None, 128, 1250, 48 0           conv2d_1[0][0]                   
                                                                 conv2d_3[0][0]                   
                                                                 conv2d_4[0][0]                   
__________________________________________________________________________________________________
average_pooling2d (AveragePooli (None, 64, 625, 48)  0           concatenate[0][0]                
__________________________________________________________________________________________________
batch_normalization_1 (BatchNor (None, 64, 625, 48)  192         average_pooling2d[0][0]          
__________________________________________________________________________________________________
dropout (Dropout)               (None, 64, 625, 48)  0           batch_normalization_1[0][0]      
__________________________________________________________________________________________________
inverted_residual (InvertedResi (None, 64, 625, 32)  35840       dropout[0][0]                    
__________________________________________________________________________________________________
inverted_residual_1 (InvertedRe (None, 64, 625, 32)  20864       inverted_residual[0][0]          
__________________________________________________________________________________________________
average_pooling2d_1 (AveragePoo (None, 32, 312, 32)  0           inverted_residual_1[0][0]        
__________________________________________________________________________________________________
batch_normalization_2 (BatchNor (None, 32, 312, 32)  128         average_pooling2d_1[0][0]        
__________________________________________________________________________________________________
dropout_1 (Dropout)             (None, 32, 312, 32)  0           batch_normalization_2[0][0]      
__________________________________________________________________________________________________
inverted_residual_2 (InvertedRe (None, 32, 312, 64)  27136       dropout_1[0][0]                  
__________________________________________________________________________________________________
inverted_residual_3 (InvertedRe (None, 32, 312, 64)  66304       inverted_residual_2[0][0]        
__________________________________________________________________________________________________
average_pooling2d_2 (AveragePoo (None, 16, 156, 64)  0           inverted_residual_3[0][0]        
__________________________________________________________________________________________________
batch_normalization_3 (BatchNor (None, 16, 156, 64)  256         average_pooling2d_2[0][0]        
__________________________________________________________________________________________________
dropout_2 (Dropout)             (None, 16, 156, 64)  0           batch_normalization_3[0][0]      
__________________________________________________________________________________________________
inverted_residual_4 (InvertedRe (None, 16, 156, 128) 91136       dropout_2[0][0]                  
__________________________________________________________________________________________________
inverted_residual_5 (InvertedRe (None, 16, 156, 128) 230912      inverted_residual_4[0][0]        
__________________________________________________________________________________________________
average_pooling2d_3 (AveragePoo (None, 8, 78, 128)   0           inverted_residual_5[0][0]        
__________________________________________________________________________________________________
batch_normalization_4 (BatchNor (None, 8, 78, 128)   512         average_pooling2d_3[0][0]        
__________________________________________________________________________________________________
dropout_3 (Dropout)             (None, 8, 78, 128)   0           batch_normalization_4[0][0]      
__________________________________________________________________________________________________
inverted_residual_6 (InvertedRe (None, 8, 78, 256)   329728      dropout_3[0][0]                  
__________________________________________________________________________________________________
inverted_residual_7 (InvertedRe (None, 8, 78, 256)   855040      inverted_residual_6[0][0]        
__________________________________________________________________________________________________
average_pooling2d_4 (AveragePoo (None, 4, 39, 256)   0           inverted_residual_7[0][0]        
__________________________________________________________________________________________________
batch_normalization_5 (BatchNor (None, 4, 39, 256)   1024        average_pooling2d_4[0][0]        
__________________________________________________________________________________________________
dropout_4 (Dropout)             (None, 4, 39, 256)   0           batch_normalization_5[0][0]      
__________________________________________________________________________________________________
inverted_residual_8 (InvertedRe (None, 4, 39, 512)   1249280     dropout_4[0][0]                  
__________________________________________________________________________________________________
inverted_residual_9 (InvertedRe (None, 4, 39, 512)   3282944     inverted_residual_8[0][0]        
__________________________________________________________________________________________________
global_average_pooling2d (Globa (None, 512)          0           inverted_residual_9[0][0]        
__________________________________________________________________________________________________
dense (Dense)                   (None, 2)            1026        global_average_pooling2d[0][0]   
==================================================================================================
Total params: 6,201,262
Trainable params: 6,159,752
Non-trainable params: 41,510
__________________________________________________________________________________________________
Model: "student"
__________________________________________________________________________________________________
Layer (type)                    Output Shape         Param #     Connected to                     
==================================================================================================
input_2 (InputLayer)            [(None, 128, 1250, 3 0                                            
__________________________________________________________________________________________________
batch_normalization_6 (BatchNor (None, 128, 1250, 3) 12          input_2[0][0]                    
__________________________________________________________________________________________________
conv2d_5 (Conv2D)               (None, 128, 1250, 8) 32          batch_normalization_6[0][0]      
__________________________________________________________________________________________________
conv2d_7 (Conv2D)               (None, 128, 1250, 8) 32          batch_normalization_6[0][0]      
__________________________________________________________________________________________________
max_pooling2d_1 (MaxPooling2D)  (None, 128, 1250, 3) 0           batch_normalization_6[0][0]      
__________________________________________________________________________________________________
conv2d_6 (Conv2D)               (None, 128, 1250, 8) 584         conv2d_5[0][0]                   
__________________________________________________________________________________________________
conv2d_8 (Conv2D)               (None, 128, 1250, 8) 1608        conv2d_7[0][0]                   
__________________________________________________________________________________________________
conv2d_9 (Conv2D)               (None, 128, 1250, 8) 32          max_pooling2d_1[0][0]            
__________________________________________________________________________________________________
concatenate_1 (Concatenate)     (None, 128, 1250, 24 0           conv2d_6[0][0]                   
                                                                 conv2d_8[0][0]                   
                                                                 conv2d_9[0][0]                   
__________________________________________________________________________________________________
average_pooling2d_5 (AveragePoo (None, 64, 625, 24)  0           concatenate_1[0][0]              
__________________________________________________________________________________________________
batch_normalization_7 (BatchNor (None, 64, 625, 24)  96          average_pooling2d_5[0][0]        
__________________________________________________________________________________________________
conv2d_10 (Conv2D)              (None, 64, 625, 16)  400         batch_normalization_7[0][0]      
__________________________________________________________________________________________________
conv2d_12 (Conv2D)              (None, 64, 625, 16)  400         batch_normalization_7[0][0]      
__________________________________________________________________________________________________
max_pooling2d_2 (MaxPooling2D)  (None, 64, 625, 24)  0           batch_normalization_7[0][0]      
__________________________________________________________________________________________________
conv2d_11 (Conv2D)              (None, 64, 625, 16)  2320        conv2d_10[0][0]                  
__________________________________________________________________________________________________
conv2d_13 (Conv2D)              (None, 64, 625, 16)  6416        conv2d_12[0][0]                  
__________________________________________________________________________________________________
conv2d_14 (Conv2D)              (None, 64, 625, 16)  400         max_pooling2d_2[0][0]            
__________________________________________________________________________________________________
concatenate_2 (Concatenate)     (None, 64, 625, 48)  0           conv2d_11[0][0]                  
                                                                 conv2d_13[0][0]                  
                                                                 conv2d_14[0][0]                  
__________________________________________________________________________________________________
average_pooling2d_6 (AveragePoo (None, 32, 313, 48)  0           concatenate_2[0][0]              
__________________________________________________________________________________________________
batch_normalization_8 (BatchNor (None, 32, 313, 48)  192         average_pooling2d_6[0][0]        
__________________________________________________________________________________________________
conv2d_15 (Conv2D)              (None, 32, 313, 32)  1568        batch_normalization_8[0][0]      
__________________________________________________________________________________________________
conv2d_17 (Conv2D)              (None, 32, 313, 32)  1568        batch_normalization_8[0][0]      
__________________________________________________________________________________________________
max_pooling2d_3 (MaxPooling2D)  (None, 32, 313, 48)  0           batch_normalization_8[0][0]      
__________________________________________________________________________________________________
conv2d_16 (Conv2D)              (None, 32, 313, 32)  9248        conv2d_15[0][0]                  
__________________________________________________________________________________________________
conv2d_18 (Conv2D)              (None, 32, 313, 32)  25632       conv2d_17[0][0]                  
__________________________________________________________________________________________________
conv2d_19 (Conv2D)              (None, 32, 313, 32)  1568        max_pooling2d_3[0][0]            
__________________________________________________________________________________________________
concatenate_3 (Concatenate)     (None, 32, 313, 96)  0           conv2d_16[0][0]                  
                                                                 conv2d_18[0][0]                  
                                                                 conv2d_19[0][0]                  
__________________________________________________________________________________________________
average_pooling2d_7 (AveragePoo (None, 16, 157, 96)  0           concatenate_3[0][0]              
__________________________________________________________________________________________________
batch_normalization_9 (BatchNor (None, 16, 157, 96)  384         average_pooling2d_7[0][0]        
__________________________________________________________________________________________________
conv2d_20 (Conv2D)              (None, 16, 157, 64)  6208        batch_normalization_9[0][0]      
__________________________________________________________________________________________________
conv2d_22 (Conv2D)              (None, 16, 157, 64)  6208        batch_normalization_9[0][0]      
__________________________________________________________________________________________________
max_pooling2d_4 (MaxPooling2D)  (None, 16, 157, 96)  0           batch_normalization_9[0][0]      
__________________________________________________________________________________________________
conv2d_21 (Conv2D)              (None, 16, 157, 64)  36928       conv2d_20[0][0]                  
__________________________________________________________________________________________________
conv2d_23 (Conv2D)              (None, 16, 157, 64)  102464      conv2d_22[0][0]                  
__________________________________________________________________________________________________
conv2d_24 (Conv2D)              (None, 16, 157, 64)  6208        max_pooling2d_4[0][0]            2021-03-29 18:21:44.372424: I tensorflow/compiler/mlir/mlir_graph_optimization_pass.cc:116] None of the MLIR optimization passes are enabled (registered 2)
2021-03-29 18:21:44.375902: I tensorflow/core/platform/profile_utils/cpu_utils.cc:112] CPU Frequency: 2299995000 Hz
2021-03-29 18:21:47.452148: I tensorflow/stream_executor/platform/default/dso_loader.cc:49] Successfully opened dynamic library libcublas.so.11
2021-03-29 18:21:48.976107: I tensorflow/stream_executor/platform/default/dso_loader.cc:49] Successfully opened dynamic library libcublasLt.so.11
2021-03-29 18:21:49.003477: I tensorflow/stream_executor/platform/default/dso_loader.cc:49] Successfully opened dynamic library libcudnn.so.8

__________________________________________________________________________________________________
concatenate_4 (Concatenate)     (None, 16, 157, 192) 0           conv2d_21[0][0]                  
                                                                 conv2d_23[0][0]                  
                                                                 conv2d_24[0][0]                  
__________________________________________________________________________________________________
average_pooling2d_8 (AveragePoo (None, 8, 79, 192)   0           concatenate_4[0][0]              
__________________________________________________________________________________________________
batch_normalization_10 (BatchNo (None, 8, 79, 192)   768         average_pooling2d_8[0][0]        
__________________________________________________________________________________________________
global_average_pooling2d_1 (Glo (None, 192)          0           batch_normalization_10[0][0]     
__________________________________________________________________________________________________
dense_1 (Dense)                 (None, 2)            386         global_average_pooling2d_1[0][0] 
==================================================================================================
Total params: 211,662
Trainable params: 210,936
Non-trainable params: 726
__________________________________________________________________________________________________
Epoch 1/40
872/872 - 537s - calc_accuracy: 0.6230 - student_loss: 0.3566 - distillation_loss: -1.0493e-02 - val_calc_accuracy: 0.6936 - val_student_loss: 0.3787
Epoch 2/40
872/872 - 529s - calc_accuracy: 0.7009 - student_loss: 0.2786 - distillation_loss: -5.2675e-03 - val_calc_accuracy: 0.5908 - val_student_loss: 0.6947
Epoch 3/40
872/872 - 528s - calc_accuracy: 0.7172 - student_loss: 0.2696 - distillation_loss: -8.1060e-03 - val_calc_accuracy: 0.6563 - val_student_loss: 0.4031
Epoch 4/40
872/872 - 522s - calc_accuracy: 0.7388 - student_loss: 0.2295 - distillation_loss: -3.1859e-03 - val_calc_accuracy: 0.7618 - val_student_loss: 0.3569
Epoch 5/40
872/872 - 528s - calc_accuracy: 0.7495 - student_loss: 0.1588 - distillation_loss: -5.7692e-03 - val_calc_accuracy: 0.6601 - val_student_loss: 0.3297
Epoch 6/40
872/872 - 527s - calc_accuracy: 0.7654 - student_loss: 0.3490 - distillation_loss: 2.0657e-04 - val_calc_accuracy: 0.7808 - val_student_loss: 0.2275
Epoch 7/40
872/872 - 522s - calc_accuracy: 0.7845 - student_loss: 0.1667 - distillation_loss: -1.8758e-03 - val_calc_accuracy: 0.7355 - val_student_loss: 0.5217
Epoch 8/40
872/872 - 530s - calc_accuracy: 0.7893 - student_loss: 0.1321 - distillation_loss: -1.4716e-03 - val_calc_accuracy: 0.7949 - val_student_loss: 0.3187
Epoch 9/40
872/872 - 529s - calc_accuracy: 0.8071 - student_loss: 0.3672 - distillation_loss: -2.3558e-03 - val_calc_accuracy: 0.7102 - val_student_loss: 0.5107
Epoch 10/40
872/872 - 549s - calc_accuracy: 0.8156 - student_loss: 0.4879 - distillation_loss: -1.5880e-02 - val_calc_accuracy: 0.8138 - val_student_loss: 0.2153
Epoch 11/40
872/872 - 534s - calc_accuracy: 0.8280 - student_loss: 0.5495 - distillation_loss: 0.0028 - val_calc_accuracy: 0.8312 - val_student_loss: 0.2791
Epoch 12/40
872/872 - 535s - calc_accuracy: 0.8389 - student_loss: 0.0963 - distillation_loss: -1.3034e-03 - val_calc_accuracy: 0.8218 - val_student_loss: 0.7348
Epoch 13/40
872/872 - 534s - calc_accuracy: 0.8444 - student_loss: 0.3984 - distillation_loss: -1.2718e-02 - val_calc_accuracy: 0.7507 - val_student_loss: 0.3246
Epoch 14/40
872/872 - 533s - calc_accuracy: 0.8530 - student_loss: 0.1916 - distillation_loss: -1.1739e-03 - val_calc_accuracy: 0.7918 - val_student_loss: 0.3066
Epoch 15/40
872/872 - 536s - calc_accuracy: 0.8552 - student_loss: 0.0635 - distillation_loss: 0.0021 - val_calc_accuracy: 0.8408 - val_student_loss: 0.1207
Epoch 16/40
872/872 - 531s - calc_accuracy: 0.8664 - student_loss: 0.5747 - distillation_loss: -1.1478e-02 - val_calc_accuracy: 0.8259 - val_student_loss: 0.2203
Epoch 17/40
872/872 - 532s - calc_accuracy: 0.8722 - student_loss: 0.4208 - distillation_loss: 0.0032 - val_calc_accuracy: 0.8181 - val_student_loss: 0.2245
Epoch 18/40
872/872 - 534s - calc_accuracy: 0.8810 - student_loss: 0.2880 - distillation_loss: 0.0011 - val_calc_accuracy: 0.8463 - val_student_loss: 0.1680
Epoch 19/40
872/872 - 532s - calc_accuracy: 0.8850 - student_loss: 0.0890 - distillation_loss: -5.1410e-03 - val_calc_accuracy: 0.8350 - val_student_loss: 0.3381
Epoch 20/40
872/872 - 533s - calc_accuracy: 0.8925 - student_loss: 0.0836 - distillation_loss: -1.3218e-03 - val_calc_accuracy: 0.8385 - val_student_loss: 0.1542
Epoch 21/40
872/872 - 535s - calc_accuracy: 0.9009 - student_loss: 0.3500 - distillation_loss: 0.0055 - val_calc_accuracy: 0.8575 - val_student_loss: 0.1625
Epoch 22/40
872/872 - 535s - calc_accuracy: 0.9043 - student_loss: 0.1017 - distillation_loss: -3.4375e-03 - val_calc_accuracy: 0.8468 - val_student_loss: 0.1813
Epoch 23/40
872/872 - 528s - calc_accuracy: 0.9095 - student_loss: 0.1454 - distillation_loss: -4.1713e-03 - val_calc_accuracy: 0.8356 - val_student_loss: 0.2779
Epoch 24/40
872/872 - 532s - calc_accuracy: 0.9112 - student_loss: 0.1672 - distillation_loss: 5.2852e-04 - val_calc_accuracy: 0.8614 - val_student_loss: 0.1962
Epoch 25/40
872/872 - 536s - calc_accuracy: 0.9179 - student_loss: 0.0592 - distillation_loss: -9.1487e-04 - val_calc_accuracy: 0.8234 - val_student_loss: 0.1198
Epoch 26/40
872/872 - 532s - calc_accuracy: 0.9263 - student_loss: 0.1428 - distillation_loss: -3.5805e-03 - val_calc_accuracy: 0.8225 - val_student_loss: 0.2482
Epoch 27/40
872/872 - 537s - calc_accuracy: 0.9301 - student_loss: 0.1748 - distillation_loss: -6.0248e-03 - val_calc_accuracy: 0.8517 - val_student_loss: 0.2220
Epoch 28/40
872/872 - 529s - calc_accuracy: 0.9335 - student_loss: 0.0407 - distillation_loss: 4.9089e-04 - val_calc_accuracy: 0.8370 - val_student_loss: 0.2475
Epoch 29/40
872/872 - 548s - calc_accuracy: 0.9379 - student_loss: 0.0581 - distillation_loss: -4.6505e-03 - val_calc_accuracy: 0.8468 - val_student_loss: 0.1494
Epoch 30/40
872/872 - 534s - calc_accuracy: 0.9459 - student_loss: 0.0198 - distillation_loss: -2.9585e-03 - val_calc_accuracy: 0.8485 - val_student_loss: 0.2133
Epoch 31/40
872/872 - 534s - calc_accuracy: 0.9461 - student_loss: 0.1553 - distillation_loss: 0.0026 - val_calc_accuracy: 0.8492 - val_student_loss: 0.1456
Epoch 32/40
872/872 - 529s - calc_accuracy: 0.9458 - student_loss: 0.0459 - distillation_loss: -8.2410e-04 - val_calc_accuracy: 0.8645 - val_student_loss: 0.3043
