Category:  coch
Dataset:  all_sw_coch_preprocessed_v2_param_v26_augm_v0_cleaned_8000.pkl
File:  conv.train2029
Description:  512ch_4
2021-03-30 16:27:53.353556: I tensorflow/stream_executor/platform/default/dso_loader.cc:49] Successfully opened dynamic library libcudart.so.11.0
2021-03-30 16:27:55.525937: I tensorflow/compiler/jit/xla_cpu_device.cc:41] Not creating XLA devices, tf_xla_enable_xla_devices not set
2021-03-30 16:27:55.527070: I tensorflow/stream_executor/platform/default/dso_loader.cc:49] Successfully opened dynamic library libcuda.so.1
2021-03-30 16:27:55.576750: I tensorflow/stream_executor/cuda/cuda_gpu_executor.cc:941] successful NUMA node read from SysFS had negative value (-1), but there must be at least one NUMA node, so returning NUMA node zero
2021-03-30 16:27:55.577459: I tensorflow/core/common_runtime/gpu/gpu_device.cc:1720] Found device 0 with properties: 
pciBusID: 0000:00:05.0 name: Tesla T4 computeCapability: 7.5
coreClock: 1.59GHz coreCount: 40 deviceMemorySize: 14.75GiB deviceMemoryBandwidth: 298.08GiB/s
2021-03-30 16:27:55.577492: I tensorflow/stream_executor/platform/default/dso_loader.cc:49] Successfully opened dynamic library libcudart.so.11.0
2021-03-30 16:27:55.581617: I tensorflow/stream_executor/platform/default/dso_loader.cc:49] Successfully opened dynamic library libcublas.so.11
2021-03-30 16:27:55.581783: I tensorflow/stream_executor/platform/default/dso_loader.cc:49] Successfully opened dynamic library libcublasLt.so.11
2021-03-30 16:27:55.583106: I tensorflow/stream_executor/platform/default/dso_loader.cc:49] Successfully opened dynamic library libcufft.so.10
2021-03-30 16:27:55.583440: I tensorflow/stream_executor/platform/default/dso_loader.cc:49] Successfully opened dynamic library libcurand.so.10
2021-03-30 16:27:55.584514: I tensorflow/stream_executor/platform/default/dso_loader.cc:49] Successfully opened dynamic library libcusolver.so.10
2021-03-30 16:27:55.585456: I tensorflow/stream_executor/platform/default/dso_loader.cc:49] Successfully opened dynamic library libcusparse.so.11
2021-03-30 16:27:55.585616: I tensorflow/stream_executor/platform/default/dso_loader.cc:49] Successfully opened dynamic library libcudnn.so.8
2021-03-30 16:27:55.585773: I tensorflow/stream_executor/cuda/cuda_gpu_executor.cc:941] successful NUMA node read from SysFS had negative value (-1), but there must be at least one NUMA node, so returning NUMA node zero
2021-03-30 16:27:55.586528: I tensorflow/stream_executor/cuda/cuda_gpu_executor.cc:941] successful NUMA node read from SysFS had negative value (-1), but there must be at least one NUMA node, so returning NUMA node zero
2021-03-30 16:27:55.587167: I tensorflow/core/common_runtime/gpu/gpu_device.cc:1862] Adding visible gpu devices: 0
2021-03-30 16:27:55.589380: I tensorflow/compiler/jit/xla_gpu_device.cc:99] Not creating XLA devices, tf_xla_enable_xla_devices not set
2021-03-30 16:27:55.589578: I tensorflow/stream_executor/cuda/cuda_gpu_executor.cc:941] successful NUMA node read from SysFS had negative value (-1), but there must be at least one NUMA node, so returning NUMA node zero
2021-03-30 16:27:55.590317: I tensorflow/core/common_runtime/gpu/gpu_device.cc:1720] Found device 0 with properties: 
pciBusID: 0000:00:05.0 name: Tesla T4 computeCapability: 7.5
coreClock: 1.59GHz coreCount: 40 deviceMemorySize: 14.75GiB deviceMemoryBandwidth: 298.08GiB/s
2021-03-30 16:27:55.590356: I tensorflow/stream_executor/platform/default/dso_loader.cc:49] Successfully opened dynamic library libcudart.so.11.0
2021-03-30 16:27:55.590395: I tensorflow/stream_executor/platform/default/dso_loader.cc:49] Successfully opened dynamic library libcublas.so.11
2021-03-30 16:27:55.590413: I tensorflow/stream_executor/platform/default/dso_loader.cc:49] Successfully opened dynamic library libcublasLt.so.11
2021-03-30 16:27:55.590430: I tensorflow/stream_executor/platform/default/dso_loader.cc:49] Successfully opened dynamic library libcufft.so.10
2021-03-30 16:27:55.590446: I tensorflow/stream_executor/platform/default/dso_loader.cc:49] Successfully opened dynamic library libcurand.so.10
2021-03-30 16:27:55.590474: I tensorflow/stream_executor/platform/default/dso_loader.cc:49] Successfully opened dynamic library libcusolver.so.10
2021-03-30 16:27:55.590491: I tensorflow/stream_executor/platform/default/dso_loader.cc:49] Successfully opened dynamic library libcusparse.so.11
2021-03-30 16:27:55.590507: I tensorflow/stream_executor/platform/default/dso_loader.cc:49] Successfully opened dynamic library libcudnn.so.8
2021-03-30 16:27:55.590588: I tensorflow/stream_executor/cuda/cuda_gpu_executor.cc:941] successful NUMA node read from SysFS had negative value (-1), but there must be at least one NUMA node, so returning NUMA node zero
2021-03-30 16:27:55.591387: I tensorflow/stream_executor/cuda/cuda_gpu_executor.cc:941] successful NUMA node read from SysFS had negative value (-1), but there must be at least one NUMA node, so returning NUMA node zero
2021-03-30 16:27:55.592066: I tensorflow/core/common_runtime/gpu/gpu_device.cc:1862] Adding visible gpu devices: 0
2021-03-30 16:27:55.592108: I tensorflow/stream_executor/platform/default/dso_loader.cc:49] Successfully opened dynamic library libcudart.so.11.0
2021-03-30 16:27:56.418192: I tensorflow/core/common_runtime/gpu/gpu_device.cc:1261] Device interconnect StreamExecutor with strength 1 edge matrix:
2021-03-30 16:27:56.418253: I tensorflow/core/common_runtime/gpu/gpu_device.cc:1267]      0 
2021-03-30 16:27:56.418266: I tensorflow/core/common_runtime/gpu/gpu_device.cc:1280] 0:   N 
2021-03-30 16:27:56.418693: I tensorflow/stream_executor/cuda/cuda_gpu_executor.cc:941] successful NUMA node read from SysFS had negative value (-1), but there must be at least one NUMA node, so returning NUMA node zero
2021-03-30 16:27:56.419823: I tensorflow/stream_executor/cuda/cuda_gpu_executor.cc:941] successful NUMA node read from SysFS had negative value (-1), but there must be at least one NUMA node, so returning NUMA node zero
2021-03-30 16:27:56.420578: I tensorflow/stream_executor/cuda/cuda_gpu_executor.cc:941] successful NUMA node read from SysFS had negative value (-1), but there must be at least one NUMA node, so returning NUMA node zero
2021-03-30 16:27:56.421316: I tensorflow/core/common_runtime/gpu/gpu_device.cc:1406] Created TensorFlow device (/job:localhost/replica:0/task:0/device:GPU:0 with 13968 MB memory) -> physical GPU (device: 0, name: Tesla T4, pci bus id: 0000:00:05.0, compute capability: 7.5)
2021-03-30 16:27:57.195272: I tensorflow/core/profiler/lib/profiler_session.cc:136] Profiler session initializing.
2021-03-30 16:27:57.195343: I tensorflow/core/profiler/lib/profiler_session.cc:155] Profiler session started.
2021-03-30 16:27:57.195399: I tensorflow/core/profiler/internal/gpu/cupti_tracer.cc:1365] Profiler found 1 GPUs
2021-03-30 16:27:57.195737: W tensorflow/stream_executor/platform/default/dso_loader.cc:60] Could not load dynamic library 'libcupti.so.11.0'; dlerror: libcupti.so.11.0: cannot open shared object file: No such file or directory; LD_LIBRARY_PATH: /usr/local/cuda-11.2/lib64
2021-03-30 16:27:57.196896: I tensorflow/stream_executor/platform/default/dso_loader.cc:49] Successfully opened dynamic library libcupti.so
2021-03-30 16:27:57.479213: I tensorflow/core/profiler/lib/profiler_session.cc:172] Profiler session tear down.
2021-03-30 16:27:57.482059: I tensorflow/core/profiler/internal/gpu/cupti_tracer.cc:1487] CUPTI activity buffer flushed
Tensorflow Version: 2.4.0
Num GPUs Available:  1
-----------------------
Using module located at /main/models/conv/train2029.py
Using train_file located at ../../data/datasets/all_sw_coch_preprocessed_v2_param_v26_augm_v0_cleaned_8000.pkl
Using logs_path located at ../../cache/conv___03_1627___all_sw_coch_preprocessed_v2_param_v26_augm_v0_cleaned_8000___512ch_4___2029/logs/
-----------------------
Collecting Variables...
Model Parameters: {'N_CLASSES': 2, 'SR': 8000, 'BATCH_SIZE': 16, 'LR': 0.001, 'SHAPE': (128, 1250, 3), 'WEIGHT_DECAY': 0.0001, 'LL2_REG': 0, 'EPSILON': 1e-07, 'LABEL_SMOOTHING': 0}
Learning Rate Parameters: {'factor': 0.75, 'patience': 3, 'min_lr': 1e-05}
Early Stopping Patience and Delta: 9, 1.0%
-----------------------
Size of training set: 13945
Size of validation set: 3486
Initializing weights...
weights = {0: 0.6399045521292217, 1: 1.2145345596432553, 2: 1.1234209847898944, 3: 1.3816582117945466}
Model: "conv2d"
__________________________________________________________________________________________________
Layer (type)                    Output Shape         Param #     Connected to                     
==================================================================================================
input_1 (InputLayer)            [(None, 128, 1250, 3 0                                            
__________________________________________________________________________________________________
batch_normalization (BatchNorma (None, 128, 1250, 3) 12          input_1[0][0]                    
__________________________________________________________________________________________________
conv2d (Conv2D)                 (None, 128, 1250, 16 64          batch_normalization[0][0]        
__________________________________________________________________________________________________
conv2d_2 (Conv2D)               (None, 128, 1250, 16 64          batch_normalization[0][0]        
__________________________________________________________________________________________________
max_pooling2d (MaxPooling2D)    (None, 128, 1250, 3) 0           batch_normalization[0][0]        
__________________________________________________________________________________________________
conv2d_1 (Conv2D)               (None, 128, 1250, 16 2320        conv2d[0][0]                     
__________________________________________________________________________________________________
conv2d_3 (Conv2D)               (None, 128, 1250, 16 6416        conv2d_2[0][0]                   
__________________________________________________________________________________________________
conv2d_4 (Conv2D)               (None, 128, 1250, 16 64          max_pooling2d[0][0]              
__________________________________________________________________________________________________
concatenate (Concatenate)       (None, 128, 1250, 48 0           conv2d_1[0][0]                   
                                                                 conv2d_3[0][0]                   
                                                                 conv2d_4[0][0]                   
__________________________________________________________________________________________________
average_pooling2d (AveragePooli (None, 64, 625, 48)  0           concatenate[0][0]                
__________________________________________________________________________________________________
batch_normalization_1 (BatchNor (None, 64, 625, 48)  192         average_pooling2d[0][0]          
__________________________________________________________________________________________________
dropout (Dropout)               (None, 64, 625, 48)  0           batch_normalization_1[0][0]      
__________________________________________________________________________________________________
inverted_residual (InvertedResi (None, 64, 625, 32)  35840       dropout[0][0]                    
__________________________________________________________________________________________________
inverted_residual_1 (InvertedRe (None, 64, 625, 32)  20864       inverted_residual[0][0]          
__________________________________________________________________________________________________
average_pooling2d_1 (AveragePoo (None, 32, 312, 32)  0           inverted_residual_1[0][0]        
__________________________________________________________________________________________________
batch_normalization_2 (BatchNor (None, 32, 312, 32)  128         average_pooling2d_1[0][0]        
__________________________________________________________________________________________________
dropout_1 (Dropout)             (None, 32, 312, 32)  0           batch_normalization_2[0][0]      
__________________________________________________________________________________________________
inverted_residual_2 (InvertedRe (None, 32, 312, 64)  27136       dropout_1[0][0]                  
__________________________________________________________________________________________________
inverted_residual_3 (InvertedRe (None, 32, 312, 64)  66304       inverted_residual_2[0][0]        
__________________________________________________________________________________________________
average_pooling2d_2 (AveragePoo (None, 16, 156, 64)  0           inverted_residual_3[0][0]        
__________________________________________________________________________________________________
batch_normalization_3 (BatchNor (None, 16, 156, 64)  256         average_pooling2d_2[0][0]        
__________________________________________________________________________________________________
dropout_2 (Dropout)             (None, 16, 156, 64)  0           batch_normalization_3[0][0]      
__________________________________________________________________________________________________
inverted_residual_4 (InvertedRe (None, 16, 156, 128) 91136       dropout_2[0][0]                  
__________________________________________________________________________________________________
inverted_residual_5 (InvertedRe (None, 16, 156, 128) 230912      inverted_residual_4[0][0]        
__________________________________________________________________________________________________
average_pooling2d_3 (AveragePoo (None, 8, 78, 128)   0           inverted_residual_5[0][0]        
__________________________________________________________________________________________________
batch_normalization_4 (BatchNor (None, 8, 78, 128)   512         average_pooling2d_3[0][0]        
__________________________________________________________________________________________________
dropout_3 (Dropout)             (None, 8, 78, 128)   0           batch_normalization_4[0][0]      
__________________________________________________________________________________________________
inverted_residual_6 (InvertedRe (None, 8, 78, 256)   329728      dropout_3[0][0]                  
__________________________________________________________________________________________________
inverted_residual_7 (InvertedRe (None, 8, 78, 256)   855040      inverted_residual_6[0][0]        
__________________________________________________________________________________________________
average_pooling2d_4 (AveragePoo (None, 4, 39, 256)   0           inverted_residual_7[0][0]        
__________________________________________________________________________________________________
batch_normalization_5 (BatchNor (None, 4, 39, 256)   1024        average_pooling2d_4[0][0]        
__________________________________________________________________________________________________
dropout_4 (Dropout)             (None, 4, 39, 256)   0           batch_normalization_5[0][0]      
__________________________________________________________________________________________________
inverted_residual_8 (InvertedRe (None, 4, 39, 512)   1249280     dropout_4[0][0]                  
__________________________________________________________________________________________________
inverted_residual_9 (InvertedRe (None, 4, 39, 512)   3282944     inverted_residual_8[0][0]        
__________________________________________________________________________________________________
global_average_pooling2d (Globa (None, 512)          0           inverted_residual_9[0][0]        2021-03-30 16:27:58.730388: I tensorflow/compiler/mlir/mlir_graph_optimization_pass.cc:116] None of the MLIR optimization passes are enabled (registered 2)
2021-03-30 16:27:58.732517: I tensorflow/core/platform/profile_utils/cpu_utils.cc:112] CPU Frequency: 2299995000 Hz
2021-03-30 16:28:03.402696: I tensorflow/stream_executor/platform/default/dso_loader.cc:49] Successfully opened dynamic library libcublas.so.11
2021-03-30 16:28:04.129054: I tensorflow/stream_executor/platform/default/dso_loader.cc:49] Successfully opened dynamic library libcublasLt.so.11
2021-03-30 16:28:04.143650: I tensorflow/stream_executor/platform/default/dso_loader.cc:49] Successfully opened dynamic library libcudnn.so.8
2021-03-30 16:28:12.479804: I tensorflow/core/profiler/lib/profiler_session.cc:136] Profiler session initializing.
2021-03-30 16:28:12.479854: I tensorflow/core/profiler/lib/profiler_session.cc:155] Profiler session started.
2021-03-30 16:28:14.894058: I tensorflow/core/profiler/lib/profiler_session.cc:71] Profiler session collecting data.
2021-03-30 16:28:14.897835: I tensorflow/core/profiler/internal/gpu/cupti_tracer.cc:1487] CUPTI activity buffer flushed
2021-03-30 16:28:14.945127: I tensorflow/core/profiler/internal/gpu/cupti_collector.cc:228]  GpuTracer has collected 2326 callback api events and 2322 activity events. 
2021-03-30 16:28:14.995748: I tensorflow/core/profiler/lib/profiler_session.cc:172] Profiler session tear down.

__________________________________________________________________________________________________
dense_mo_e (DenseMoE)           (None, 512)          1052676     global_average_pooling2d[0][0]   
__________________________________________________________________________________________________
dense (Dense)                   (None, 2)            1026        dense_mo_e[0][0]                 
==================================================================================================
Total params: 7,253,938
Trainable params: 7,212,428
Non-trainable params: 41,510
__________________________________________________________________________________________________
Epoch 1/40
872/872 - 1686s - loss: 0.3653 - calc_accuracy: 0.5996 - val_loss: 0.5028 - val_calc_accuracy: 0.6676
Epoch 2/40
872/872 - 1680s - loss: 0.2694 - calc_accuracy: 0.7175 - val_loss: 0.7349 - val_calc_accuracy: 0.5742
Epoch 3/40
872/872 - 1680s - loss: 0.2447 - calc_accuracy: 0.7423 - val_loss: 0.4029 - val_calc_accuracy: 0.7242
Epoch 4/40
872/872 - 1683s - loss: 0.2318 - calc_accuracy: 0.7568 - val_loss: 0.3228 - val_calc_accuracy: 0.7579
Epoch 5/40
872/872 - 1682s - loss: 0.2190 - calc_accuracy: 0.7740 - val_loss: 0.5150 - val_calc_accuracy: 0.6145
Epoch 6/40
872/872 - 1681s - loss: 0.1984 - calc_accuracy: 0.7981 - val_loss: 0.2356 - val_calc_accuracy: 0.8273
Epoch 7/40
872/872 - 1674s - loss: 0.1812 - calc_accuracy: 0.8167 - val_loss: 0.2319 - val_calc_accuracy: 0.8156
Epoch 8/40
872/872 - 1678s - loss: 0.1712 - calc_accuracy: 0.8295 - val_loss: 0.1882 - val_calc_accuracy: 0.8637
Epoch 9/40
872/872 - 1686s - loss: 0.1600 - calc_accuracy: 0.8422 - val_loss: 0.2020 - val_calc_accuracy: 0.8560
Epoch 10/40
872/872 - 1673s - loss: 0.1528 - calc_accuracy: 0.8436 - val_loss: 0.1859 - val_calc_accuracy: 0.8666
Epoch 11/40
872/872 - 1672s - loss: 0.1482 - calc_accuracy: 0.8504 - val_loss: 0.1903 - val_calc_accuracy: 0.8552
Epoch 12/40
872/872 - 1672s - loss: 0.1412 - calc_accuracy: 0.8573 - val_loss: 0.1849 - val_calc_accuracy: 0.8615
Epoch 13/40
872/872 - 1672s - loss: 0.1374 - calc_accuracy: 0.8618 - val_loss: 0.1860 - val_calc_accuracy: 0.8652

Epoch 00013: ReduceLROnPlateau reducing learning rate to 0.0007500000356230885.
Epoch 14/40
872/872 - 1678s - loss: 0.1225 - calc_accuracy: 0.8792 - val_loss: 0.2421 - val_calc_accuracy: 0.8397
Epoch 15/40
872/872 - 1672s - loss: 0.1162 - calc_accuracy: 0.8829 - val_loss: 0.2128 - val_calc_accuracy: 0.8538
Epoch 16/40
872/872 - 1673s - loss: 0.1147 - calc_accuracy: 0.8821 - val_loss: 0.2955 - val_calc_accuracy: 0.8055

Epoch 00016: ReduceLROnPlateau reducing learning rate to 0.0005625000048894435.
Epoch 17/40
872/872 - 1677s - loss: 0.1041 - calc_accuracy: 0.8921 - val_loss: 0.1506 - val_calc_accuracy: 0.8953
Epoch 18/40
872/872 - 1671s - loss: 0.0985 - calc_accuracy: 0.8990 - val_loss: 0.1605 - val_calc_accuracy: 0.8967
Epoch 19/40
872/872 - 1671s - loss: 0.0978 - calc_accuracy: 0.8990 - val_loss: 0.1599 - val_calc_accuracy: 0.8893
Epoch 20/40
872/872 - 1670s - loss: 0.0936 - calc_accuracy: 0.9030 - val_loss: 0.1600 - val_calc_accuracy: 0.8890
Epoch 21/40
872/872 - 1672s - loss: 0.0891 - calc_accuracy: 0.9063 - val_loss: 0.1524 - val_calc_accuracy: 0.8910

Epoch 00021: ReduceLROnPlateau reducing learning rate to 0.0004218749818392098.
Epoch 22/40
872/872 - 1672s - loss: 0.0833 - calc_accuracy: 0.9144 - val_loss: 0.1471 - val_calc_accuracy: 0.8970
Epoch 23/40
872/872 - 1670s - loss: 0.0801 - calc_accuracy: 0.9177 - val_loss: 0.1487 - val_calc_accuracy: 0.8999
Epoch 24/40
872/872 - 1673s - loss: 0.0751 - calc_accuracy: 0.9199 - val_loss: 0.1395 - val_calc_accuracy: 0.9091
Epoch 25/40
872/872 - 1676s - loss: 0.0735 - calc_accuracy: 0.9245 - val_loss: 0.1580 - val_calc_accuracy: 0.8945
Epoch 26/40
872/872 - 1675s - loss: 0.0704 - calc_accuracy: 0.9267 - val_loss: 0.1547 - val_calc_accuracy: 0.8973
Epoch 27/40
872/872 - 1675s - loss: 0.0668 - calc_accuracy: 0.9296 - val_loss: 0.1549 - val_calc_accuracy: 0.9013

Epoch 00027: ReduceLROnPlateau reducing learning rate to 0.00031640623637940735.
Epoch 28/40
872/872 - 1675s - loss: 0.0617 - calc_accuracy: 0.9361 - val_loss: 0.1454 - val_calc_accuracy: 0.9076
Epoch 29/40
872/872 - 1673s - loss: 0.0581 - calc_accuracy: 0.9369 - val_loss: 0.1601 - val_calc_accuracy: 0.9017
Epoch 30/40
872/872 - 1677s - loss: 0.0550 - calc_accuracy: 0.9416 - val_loss: 0.1624 - val_calc_accuracy: 0.9030

Epoch 00030: ReduceLROnPlateau reducing learning rate to 0.00023730468819849193.
Epoch 31/40
872/872 - 1674s - loss: 0.0526 - calc_accuracy: 0.9451 - val_loss: 0.1518 - val_calc_accuracy: 0.9102
Epoch 32/40
872/872 - 1675s - loss: 0.0500 - calc_accuracy: 0.9469 - val_loss: 0.1551 - val_calc_accuracy: 0.9067
Epoch 33/40
872/872 - 1676s - loss: 0.0477 - calc_accuracy: 0.9509 - val_loss: 0.1533 - val_calc_accuracy: 0.9096
Using TensorFlow backend.
Epoch 00033: early stopping

 See logs at ../../cache/conv___03_1627___all_sw_coch_preprocessed_v2_param_v26_augm_v0_cleaned_8000___512ch_4___2029/logs/