Category:  coch
Dataset:  all_sw_coch_preprocessed_v2_param_v26_augm_v0_cleaned_8000.pkl
File:  conv.train2038
Description:  mod9_ext
2021-04-06 11:27:02.131039: I tensorflow/stream_executor/platform/default/dso_loader.cc:49] Successfully opened dynamic library libcudart.so.11.0
2021-04-06 11:27:04.557636: I tensorflow/compiler/jit/xla_cpu_device.cc:41] Not creating XLA devices, tf_xla_enable_xla_devices not set
2021-04-06 11:27:04.558708: I tensorflow/stream_executor/platform/default/dso_loader.cc:49] Successfully opened dynamic library libcuda.so.1
2021-04-06 11:27:04.610978: I tensorflow/stream_executor/cuda/cuda_gpu_executor.cc:941] successful NUMA node read from SysFS had negative value (-1), but there must be at least one NUMA node, so returning NUMA node zero
2021-04-06 11:27:04.611754: I tensorflow/core/common_runtime/gpu/gpu_device.cc:1720] Found device 0 with properties: 
pciBusID: 0000:00:04.0 name: Tesla T4 computeCapability: 7.5
coreClock: 1.59GHz coreCount: 40 deviceMemorySize: 14.75GiB deviceMemoryBandwidth: 298.08GiB/s
2021-04-06 11:27:04.611783: I tensorflow/stream_executor/platform/default/dso_loader.cc:49] Successfully opened dynamic library libcudart.so.11.0
2021-04-06 11:27:04.627032: I tensorflow/stream_executor/platform/default/dso_loader.cc:49] Successfully opened dynamic library libcublas.so.11
2021-04-06 11:27:04.627113: I tensorflow/stream_executor/platform/default/dso_loader.cc:49] Successfully opened dynamic library libcublasLt.so.11
2021-04-06 11:27:04.629247: I tensorflow/stream_executor/platform/default/dso_loader.cc:49] Successfully opened dynamic library libcufft.so.10
2021-04-06 11:27:04.632785: I tensorflow/stream_executor/platform/default/dso_loader.cc:49] Successfully opened dynamic library libcurand.so.10
2021-04-06 11:27:04.635634: I tensorflow/stream_executor/platform/default/dso_loader.cc:49] Successfully opened dynamic library libcusolver.so.10
2021-04-06 11:27:04.638856: I tensorflow/stream_executor/platform/default/dso_loader.cc:49] Successfully opened dynamic library libcusparse.so.11
2021-04-06 11:27:04.639723: I tensorflow/stream_executor/platform/default/dso_loader.cc:49] Successfully opened dynamic library libcudnn.so.8
2021-04-06 11:27:04.639858: I tensorflow/stream_executor/cuda/cuda_gpu_executor.cc:941] successful NUMA node read from SysFS had negative value (-1), but there must be at least one NUMA node, so returning NUMA node zero
2021-04-06 11:27:04.640608: I tensorflow/stream_executor/cuda/cuda_gpu_executor.cc:941] successful NUMA node read from SysFS had negative value (-1), but there must be at least one NUMA node, so returning NUMA node zero
2021-04-06 11:27:04.641281: I tensorflow/core/common_runtime/gpu/gpu_device.cc:1862] Adding visible gpu devices: 0
2021-04-06 11:27:04.644140: I tensorflow/compiler/jit/xla_gpu_device.cc:99] Not creating XLA devices, tf_xla_enable_xla_devices not set
2021-04-06 11:27:04.644299: I tensorflow/stream_executor/cuda/cuda_gpu_executor.cc:941] successful NUMA node read from SysFS had negative value (-1), but there must be at least one NUMA node, so returning NUMA node zero
2021-04-06 11:27:04.644987: I tensorflow/core/common_runtime/gpu/gpu_device.cc:1720] Found device 0 with properties: 
pciBusID: 0000:00:04.0 name: Tesla T4 computeCapability: 7.5
coreClock: 1.59GHz coreCount: 40 deviceMemorySize: 14.75GiB deviceMemoryBandwidth: 298.08GiB/s
2021-04-06 11:27:04.645011: I tensorflow/stream_executor/platform/default/dso_loader.cc:49] Successfully opened dynamic library libcudart.so.11.0
2021-04-06 11:27:04.645040: I tensorflow/stream_executor/platform/default/dso_loader.cc:49] Successfully opened dynamic library libcublas.so.11
2021-04-06 11:27:04.645056: I tensorflow/stream_executor/platform/default/dso_loader.cc:49] Successfully opened dynamic library libcublasLt.so.11
2021-04-06 11:27:04.645070: I tensorflow/stream_executor/platform/default/dso_loader.cc:49] Successfully opened dynamic library libcufft.so.10
2021-04-06 11:27:04.645084: I tensorflow/stream_executor/platform/default/dso_loader.cc:49] Successfully opened dynamic library libcurand.so.10
2021-04-06 11:27:04.645109: I tensorflow/stream_executor/platform/default/dso_loader.cc:49] Successfully opened dynamic library libcusolver.so.10
2021-04-06 11:27:04.645124: I tensorflow/stream_executor/platform/default/dso_loader.cc:49] Successfully opened dynamic library libcusparse.so.11
2021-04-06 11:27:04.645138: I tensorflow/stream_executor/platform/default/dso_loader.cc:49] Successfully opened dynamic library libcudnn.so.8
2021-04-06 11:27:04.645213: I tensorflow/stream_executor/cuda/cuda_gpu_executor.cc:941] successful NUMA node read from SysFS had negative value (-1), but there must be at least one NUMA node, so returning NUMA node zero
2021-04-06 11:27:04.646008: I tensorflow/stream_executor/cuda/cuda_gpu_executor.cc:941] successful NUMA node read from SysFS had negative value (-1), but there must be at least one NUMA node, so returning NUMA node zero
2021-04-06 11:27:04.646785: I tensorflow/core/common_runtime/gpu/gpu_device.cc:1862] Adding visible gpu devices: 0
2021-04-06 11:27:04.646837: I tensorflow/stream_executor/platform/default/dso_loader.cc:49] Successfully opened dynamic library libcudart.so.11.0
2021-04-06 11:27:05.407097: I tensorflow/core/common_runtime/gpu/gpu_device.cc:1261] Device interconnect StreamExecutor with strength 1 edge matrix:
2021-04-06 11:27:05.407145: I tensorflow/core/common_runtime/gpu/gpu_device.cc:1267]      0 
2021-04-06 11:27:05.407155: I tensorflow/core/common_runtime/gpu/gpu_device.cc:1280] 0:   N 
2021-04-06 11:27:05.407495: I tensorflow/stream_executor/cuda/cuda_gpu_executor.cc:941] successful NUMA node read from SysFS had negative value (-1), but there must be at least one NUMA node, so returning NUMA node zero
2021-04-06 11:27:05.408331: I tensorflow/stream_executor/cuda/cuda_gpu_executor.cc:941] successful NUMA node read from SysFS had negative value (-1), but there must be at least one NUMA node, so returning NUMA node zero
2021-04-06 11:27:05.409072: I tensorflow/stream_executor/cuda/cuda_gpu_executor.cc:941] successful NUMA node read from SysFS had negative value (-1), but there must be at least one NUMA node, so returning NUMA node zero
2021-04-06 11:27:05.409765: I tensorflow/core/common_runtime/gpu/gpu_device.cc:1406] Created TensorFlow device (/job:localhost/replica:0/task:0/device:GPU:0 with 13968 MB memory) -> physical GPU (device: 0, name: Tesla T4, pci bus id: 0000:00:04.0, compute capability: 7.5)
2021-04-06 11:27:05.935554: I tensorflow/core/profiler/lib/profiler_session.cc:136] Profiler session initializing.
2021-04-06 11:27:05.935611: I tensorflow/core/profiler/lib/profiler_session.cc:155] Profiler session started.
2021-04-06 11:27:05.935671: I tensorflow/core/profiler/internal/gpu/cupti_tracer.cc:1365] Profiler found 1 GPUs
2021-04-06 11:27:05.935922: W tensorflow/stream_executor/platform/default/dso_loader.cc:60] Could not load dynamic library 'libcupti.so.11.0'; dlerror: libcupti.so.11.0: cannot open shared object file: No such file or directory; LD_LIBRARY_PATH: /usr/local/cuda-11.2/lib64
2021-04-06 11:27:05.941107: I tensorflow/stream_executor/platform/default/dso_loader.cc:49] Successfully opened dynamic library libcupti.so
2021-04-06 11:27:06.147516: I tensorflow/core/profiler/lib/profiler_session.cc:172] Profiler session tear down.
2021-04-06 11:27:06.150223: I tensorflow/core/profiler/internal/gpu/cupti_tracer.cc:1487] CUPTI activity buffer flushed
Tensorflow Version: 2.4.0
Num GPUs Available:  1
-----------------------
Using module located at /main/models/conv/train2038.py
Using train_file located at ../../data/datasets/all_sw_coch_preprocessed_v2_param_v26_augm_v0_cleaned_8000.pkl
Using logs_path located at ../../cache/conv___04_1126___all_sw_coch_preprocessed_v2_param_v26_augm_v0_cleaned_8000___mod9_ext___2038/logs/
-----------------------
Collecting Variables...
Model Parameters: {'N_CLASSES': 2, 'SR': 8000, 'BATCH_SIZE': 16, 'LR': 0.001, 'SHAPE': (128, 1250, 3), 'WEIGHT_DECAY': 0.0001, 'LL2_REG': 0, 'EPSILON': 1e-07, 'LABEL_SMOOTHING': 0}
Learning Rate Parameters: {'factor': 0.75, 'patience': 3, 'min_lr': 1e-05}
Early Stopping Patience and Delta: 9, 1.0%
-----------------------
Size of training set: 13945
Size of validation set: 3486
Initializing weights...
weights = {0: 0.6399045521292217, 1: 1.2145345596432553, 2: 1.1234209847898944, 3: 1.3816582117945466}
Model: "conv2d"
__________________________________________________________________________________________________
Layer (type)                    Output Shape         Param #     Connected to                     
==================================================================================================
input_1 (InputLayer)            [(None, 128, 1250, 3 0                                            
__________________________________________________________________________________________________
batch_normalization (BatchNorma (None, 128, 1250, 3) 12          input_1[0][0]                    
__________________________________________________________________________________________________
conv2d (Conv2D)                 (None, 128, 1250, 16 64          batch_normalization[0][0]        
__________________________________________________________________________________________________
conv2d_2 (Conv2D)               (None, 128, 1250, 16 64          batch_normalization[0][0]        
__________________________________________________________________________________________________
max_pooling2d (MaxPooling2D)    (None, 128, 1250, 3) 0           batch_normalization[0][0]        
__________________________________________________________________________________________________
conv2d_1 (Conv2D)               (None, 128, 1250, 16 2320        conv2d[0][0]                     
__________________________________________________________________________________________________
conv2d_3 (Conv2D)               (None, 128, 1250, 16 6416        conv2d_2[0][0]                   
__________________________________________________________________________________________________
conv2d_4 (Conv2D)               (None, 128, 1250, 16 64          max_pooling2d[0][0]              
__________________________________________________________________________________________________
concatenate (Concatenate)       (None, 128, 1250, 48 0           conv2d_1[0][0]                   
                                                                 conv2d_3[0][0]                   
                                                                 conv2d_4[0][0]                   
__________________________________________________________________________________________________
average_pooling2d (AveragePooli (None, 64, 625, 48)  0           concatenate[0][0]                
__________________________________________________________________________________________________
batch_normalization_1 (BatchNor (None, 64, 625, 48)  192         average_pooling2d[0][0]          
__________________________________________________________________________________________________
dropout (Dropout)               (None, 64, 625, 48)  0           batch_normalization_1[0][0]      
__________________________________________________________________________________________________
inverted_residual (InvertedResi (None, 64, 625, 48)  40512       dropout[0][0]                    
__________________________________________________________________________________________________
inverted_residual_1 (InvertedRe (None, 64, 625, 48)  40512       inverted_residual[0][0]          
__________________________________________________________________________________________________
average_pooling2d_1 (AveragePoo (None, 32, 312, 48)  0           inverted_residual_1[0][0]        
__________________________________________________________________________________________________
batch_normalization_2 (BatchNor (None, 32, 312, 48)  192         average_pooling2d_1[0][0]        
__________________________________________________________________________________________________
dropout_1 (Dropout)             (None, 32, 312, 48)  0           batch_normalization_2[0][0]      
__________________________________________________________________________________________________
inverted_residual_2 (InvertedRe (None, 32, 312, 64)  45184       dropout_1[0][0]                  
__________________________________________________________________________________________________
inverted_residual_3 (InvertedRe (None, 32, 312, 64)  66304       inverted_residual_2[0][0]        
__________________________________________________________________________________________________
average_pooling2d_2 (AveragePoo (None, 16, 156, 64)  0           inverted_residual_3[0][0]        
__________________________________________________________________________________________________
batch_normalization_3 (BatchNor (None, 16, 156, 64)  256         average_pooling2d_2[0][0]        
__________________________________________________________________________________________________
dropout_2 (Dropout)             (None, 16, 156, 64)  0           batch_normalization_3[0][0]      
__________________________________________________________________________________________________
inverted_residual_4 (InvertedRe (None, 16, 156, 128) 91136       dropout_2[0][0]                  
__________________________________________________________________________________________________
inverted_residual_5 (InvertedRe (None, 16, 156, 128) 230912      inverted_residual_4[0][0]        
__________________________________________________________________________________________________
average_pooling2d_3 (AveragePoo (None, 8, 78, 128)   0           inverted_residual_5[0][0]        
__________________________________________________________________________________________________
batch_normalization_4 (BatchNor (None, 8, 78, 128)   512         average_pooling2d_3[0][0]        
__________________________________________________________________________________________________
dropout_3 (Dropout)             (None, 8, 78, 128)   0           batch_normalization_4[0][0]      
__________________________________________________________________________________________________
inverted_residual_6 (InvertedRe (None, 8, 78, 256)   329728      dropout_3[0][0]                  
__________________________________________________________________________________________________
inverted_residual_7 (InvertedRe (None, 8, 78, 256)   855040      inverted_residual_6[0][0]        
__________________________________________________________________________________________________
average_pooling2d_4 (AveragePoo (None, 4, 39, 256)   0           inverted_residual_7[0][0]        
__________________________________________________________________________________________________
batch_normalization_5 (BatchNor (None, 4, 39, 256)   1024        average_pooling2d_4[0][0]        
__________________________________________________________________________________________________
dropout_4 (Dropout)             (None, 4, 39, 256)   0           batch_normalization_5[0][0]      
__________________________________________________________________________________________________
inverted_residual_8 (InvertedRe (None, 4, 39, 512)   1249280     dropout_4[0][0]                  
__________________________________________________________________________________________________
inverted_residual_9 (InvertedRe (None, 4, 39, 512)   3282944     inverted_residual_8[0][0]        
__________________________________________________________________________________________________
average_pooling2d_5 (AveragePoo (None, 2, 19, 512)   0           inverted_residual_9[0][0]        2021-04-06 11:27:07.137429: I tensorflow/compiler/mlir/mlir_graph_optimization_pass.cc:116] None of the MLIR optimization passes are enabled (registered 2)
2021-04-06 11:27:07.139677: I tensorflow/core/platform/profile_utils/cpu_utils.cc:112] CPU Frequency: 2299995000 Hz
2021-04-06 11:27:10.699906: I tensorflow/stream_executor/platform/default/dso_loader.cc:49] Successfully opened dynamic library libcublas.so.11
2021-04-06 11:27:11.351127: I tensorflow/stream_executor/platform/default/dso_loader.cc:49] Successfully opened dynamic library libcublasLt.so.11
2021-04-06 11:27:11.364200: I tensorflow/stream_executor/platform/default/dso_loader.cc:49] Successfully opened dynamic library libcudnn.so.8
2021-04-06 11:27:19.408455: I tensorflow/core/profiler/lib/profiler_session.cc:136] Profiler session initializing.
2021-04-06 11:27:19.408537: I tensorflow/core/profiler/lib/profiler_session.cc:155] Profiler session started.
2021-04-06 11:27:22.170849: I tensorflow/core/profiler/lib/profiler_session.cc:71] Profiler session collecting data.
2021-04-06 11:27:22.173532: I tensorflow/core/profiler/internal/gpu/cupti_tracer.cc:1487] CUPTI activity buffer flushed
2021-04-06 11:27:22.216369: I tensorflow/core/profiler/internal/gpu/cupti_collector.cc:228]  GpuTracer has collected 2244 callback api events and 2240 activity events. 
2021-04-06 11:27:22.260364: I tensorflow/core/profiler/lib/profiler_session.cc:172] Profiler session tear down.

__________________________________________________________________________________________________
batch_normalization_6 (BatchNor (None, 2, 19, 512)   2048        average_pooling2d_5[0][0]        
__________________________________________________________________________________________________
dropout_5 (Dropout)             (None, 2, 19, 512)   0           batch_normalization_6[0][0]      
__________________________________________________________________________________________________
global_average_pooling2d (Globa (None, 512)          0           dropout_5[0][0]                  
__________________________________________________________________________________________________
dense (Dense)                   (None, 2)            1026        global_average_pooling2d[0][0]   
==================================================================================================
Total params: 6,245,742
Trainable params: 6,202,344
Non-trainable params: 43,398
__________________________________________________________________________________________________
Epoch 1/40
872/872 - 2006s - loss: 0.3414 - calc_accuracy: 0.6318 - val_loss: 0.8911 - val_calc_accuracy: 0.5316
Epoch 2/40
872/872 - 2033s - loss: 0.2679 - calc_accuracy: 0.7188 - val_loss: 0.4019 - val_calc_accuracy: 0.7435
Epoch 3/40
872/872 - 2029s - loss: 0.2509 - calc_accuracy: 0.7384 - val_loss: 0.3253 - val_calc_accuracy: 0.7678
Epoch 4/40
872/872 - 2034s - loss: 0.2279 - calc_accuracy: 0.7659 - val_loss: 0.3115 - val_calc_accuracy: 0.7438
Epoch 5/40
872/872 - 2035s - loss: 0.2006 - calc_accuracy: 0.8003 - val_loss: 0.3565 - val_calc_accuracy: 0.6942
Epoch 6/40
872/872 - 2030s - loss: 0.1873 - calc_accuracy: 0.8134 - val_loss: 0.2294 - val_calc_accuracy: 0.8328
Epoch 7/40
872/872 - 2026s - loss: 0.1719 - calc_accuracy: 0.8254 - val_loss: 0.3754 - val_calc_accuracy: 0.7688
Epoch 8/40
872/872 - 2016s - loss: 0.1661 - calc_accuracy: 0.8339 - val_loss: 0.2729 - val_calc_accuracy: 0.7989
Epoch 9/40
872/872 - 1992s - loss: 0.1560 - calc_accuracy: 0.8426 - val_loss: 0.2186 - val_calc_accuracy: 0.8235

Epoch 00009: ReduceLROnPlateau reducing learning rate to 0.0007500000356230885.
Epoch 10/40
872/872 - 1988s - loss: 0.1394 - calc_accuracy: 0.8620 - val_loss: 0.2023 - val_calc_accuracy: 0.8577
Epoch 11/40
872/872 - 1986s - loss: 0.1352 - calc_accuracy: 0.8646 - val_loss: 0.2026 - val_calc_accuracy: 0.8497
Epoch 12/40
872/872 - 1987s - loss: 0.1260 - calc_accuracy: 0.8720 - val_loss: 0.2170 - val_calc_accuracy: 0.8498
Epoch 13/40
872/872 - 1987s - loss: 0.1263 - calc_accuracy: 0.8752 - val_loss: 0.1673 - val_calc_accuracy: 0.8755
Epoch 14/40
872/872 - 1984s - loss: 0.1131 - calc_accuracy: 0.8869 - val_loss: 0.1941 - val_calc_accuracy: 0.8793
Epoch 15/40
872/872 - 1985s - loss: 0.1084 - calc_accuracy: 0.8924 - val_loss: 0.1703 - val_calc_accuracy: 0.8836
Epoch 16/40
872/872 - 1986s - loss: 0.1077 - calc_accuracy: 0.8924 - val_loss: 0.1574 - val_calc_accuracy: 0.8899
Epoch 17/40
872/872 - 2019s - loss: 0.0983 - calc_accuracy: 0.9026 - val_loss: 0.2098 - val_calc_accuracy: 0.8588
Epoch 18/40
872/872 - 2005s - loss: 0.0930 - calc_accuracy: 0.9071 - val_loss: 0.1997 - val_calc_accuracy: 0.8778
Epoch 19/40
872/872 - 2039s - loss: 0.0861 - calc_accuracy: 0.9144 - val_loss: 0.1569 - val_calc_accuracy: 0.8961
Epoch 20/40
872/872 - 2007s - loss: 0.0833 - calc_accuracy: 0.9149 - val_loss: 0.1909 - val_calc_accuracy: 0.8853
Epoch 21/40
872/872 - 1993s - loss: 0.0755 - calc_accuracy: 0.9258 - val_loss: 0.1687 - val_calc_accuracy: 0.8861
Epoch 22/40
872/872 - 1988s - loss: 0.0741 - calc_accuracy: 0.9242 - val_loss: 0.1570 - val_calc_accuracy: 0.8945

Epoch 00022: ReduceLROnPlateau reducing learning rate to 0.0005625000048894435.
Epoch 23/40
872/872 - 1989s - loss: 0.0667 - calc_accuracy: 0.9333 - val_loss: 0.1550 - val_calc_accuracy: 0.9060
Epoch 24/40
872/872 - 2015s - loss: 0.0598 - calc_accuracy: 0.9407 - val_loss: 0.1487 - val_calc_accuracy: 0.9094
Epoch 25/40
872/872 - 2006s - loss: 0.0535 - calc_accuracy: 0.9473 - val_loss: 0.1582 - val_calc_accuracy: 0.9114
Epoch 26/40
872/872 - 2012s - loss: 0.0496 - calc_accuracy: 0.9495 - val_loss: 0.1810 - val_calc_accuracy: 0.8987
Epoch 27/40
872/872 - 2035s - loss: 0.0491 - calc_accuracy: 0.9503 - val_loss: 0.1702 - val_calc_accuracy: 0.9079
Epoch 28/40
872/872 - 1989s - loss: 0.0453 - calc_accuracy: 0.9549 - val_loss: 0.1688 - val_calc_accuracy: 0.9113

Epoch 00028: ReduceLROnPlateau reducing learning rate to 0.0004218749818392098.
Epoch 29/40
872/872 - 1987s - loss: 0.0380 - calc_accuracy: 0.9626 - val_loss: 0.1619 - val_calc_accuracy: 0.9137
Epoch 30/40
872/872 - 1987s - loss: 0.0312 - calc_accuracy: 0.9675 - val_loss: 0.2162 - val_calc_accuracy: 0.9036
Epoch 31/40
872/872 - 1985s - loss: 0.0329 - calc_accuracy: 0.9672 - val_loss: 0.1874 - val_calc_accuracy: 0.9074
Epoch 32/40
872/872 - 1986s - loss: 0.0299 - calc_accuracy: 0.9701 - val_loss: 0.2097 - val_calc_accuracy: 0.9039

Epoch 00032: ReduceLROnPlateau reducing learning rate to 0.00031640623637940735.
Epoch 00032: early stopping

 See logs at ../../cache/conv___04_1126___all_sw_coch_preprocessed_v2_param_v26_augm_v0_cleaned_8000___mod9_ext___2038/logs/