Category:  coch
Dataset:  all_sw_coch_preprocessed_v2_param_v26_augm_v0_cleaned_8000.pkl
File:  conv.train2045
Description:  mod9_labels
2021-04-10 10:58:05.876651: I tensorflow/stream_executor/platform/default/dso_loader.cc:49] Successfully opened dynamic library libcudart.so.11.0
2021-04-10 10:58:13.451484: I tensorflow/compiler/jit/xla_cpu_device.cc:41] Not creating XLA devices, tf_xla_enable_xla_devices not set
2021-04-10 10:58:13.456908: I tensorflow/stream_executor/platform/default/dso_loader.cc:49] Successfully opened dynamic library libcuda.so.1
2021-04-10 10:58:13.547168: I tensorflow/stream_executor/cuda/cuda_gpu_executor.cc:941] successful NUMA node read from SysFS had negative value (-1), but there must be at least one NUMA node, so returning NUMA node zero
2021-04-10 10:58:13.547998: I tensorflow/core/common_runtime/gpu/gpu_device.cc:1720] Found device 0 with properties: 
pciBusID: 0000:00:04.0 name: Tesla V100-SXM2-16GB computeCapability: 7.0
coreClock: 1.53GHz coreCount: 80 deviceMemorySize: 15.78GiB deviceMemoryBandwidth: 836.37GiB/s
2021-04-10 10:58:13.548043: I tensorflow/stream_executor/platform/default/dso_loader.cc:49] Successfully opened dynamic library libcudart.so.11.0
2021-04-10 10:58:13.596393: I tensorflow/stream_executor/platform/default/dso_loader.cc:49] Successfully opened dynamic library libcublas.so.11
2021-04-10 10:58:13.596641: I tensorflow/stream_executor/platform/default/dso_loader.cc:49] Successfully opened dynamic library libcublasLt.so.11
2021-04-10 10:58:13.612930: I tensorflow/stream_executor/platform/default/dso_loader.cc:49] Successfully opened dynamic library libcufft.so.10
2021-04-10 10:58:13.625197: I tensorflow/stream_executor/platform/default/dso_loader.cc:49] Successfully opened dynamic library libcurand.so.10
2021-04-10 10:58:13.633808: I tensorflow/stream_executor/platform/default/dso_loader.cc:49] Successfully opened dynamic library libcusolver.so.10
2021-04-10 10:58:13.648073: I tensorflow/stream_executor/platform/default/dso_loader.cc:49] Successfully opened dynamic library libcusparse.so.11
2021-04-10 10:58:13.651295: I tensorflow/stream_executor/platform/default/dso_loader.cc:49] Successfully opened dynamic library libcudnn.so.8
2021-04-10 10:58:13.651492: I tensorflow/stream_executor/cuda/cuda_gpu_executor.cc:941] successful NUMA node read from SysFS had negative value (-1), but there must be at least one NUMA node, so returning NUMA node zero
2021-04-10 10:58:13.652377: I tensorflow/stream_executor/cuda/cuda_gpu_executor.cc:941] successful NUMA node read from SysFS had negative value (-1), but there must be at least one NUMA node, so returning NUMA node zero
2021-04-10 10:58:13.653067: I tensorflow/core/common_runtime/gpu/gpu_device.cc:1862] Adding visible gpu devices: 0
2021-04-10 10:58:13.661130: I tensorflow/compiler/jit/xla_gpu_device.cc:99] Not creating XLA devices, tf_xla_enable_xla_devices not set
2021-04-10 10:58:13.661326: I tensorflow/stream_executor/cuda/cuda_gpu_executor.cc:941] successful NUMA node read from SysFS had negative value (-1), but there must be at least one NUMA node, so returning NUMA node zero
2021-04-10 10:58:13.662110: I tensorflow/core/common_runtime/gpu/gpu_device.cc:1720] Found device 0 with properties: 
pciBusID: 0000:00:04.0 name: Tesla V100-SXM2-16GB computeCapability: 7.0
coreClock: 1.53GHz coreCount: 80 deviceMemorySize: 15.78GiB deviceMemoryBandwidth: 836.37GiB/s
2021-04-10 10:58:13.662140: I tensorflow/stream_executor/platform/default/dso_loader.cc:49] Successfully opened dynamic library libcudart.so.11.0
2021-04-10 10:58:13.662182: I tensorflow/stream_executor/platform/default/dso_loader.cc:49] Successfully opened dynamic library libcublas.so.11
2021-04-10 10:58:13.662197: I tensorflow/stream_executor/platform/default/dso_loader.cc:49] Successfully opened dynamic library libcublasLt.so.11
2021-04-10 10:58:13.662213: I tensorflow/stream_executor/platform/default/dso_loader.cc:49] Successfully opened dynamic library libcufft.so.10
2021-04-10 10:58:13.662228: I tensorflow/stream_executor/platform/default/dso_loader.cc:49] Successfully opened dynamic library libcurand.so.10
2021-04-10 10:58:13.662254: I tensorflow/stream_executor/platform/default/dso_loader.cc:49] Successfully opened dynamic library libcusolver.so.10
2021-04-10 10:58:13.662269: I tensorflow/stream_executor/platform/default/dso_loader.cc:49] Successfully opened dynamic library libcusparse.so.11
2021-04-10 10:58:13.662283: I tensorflow/stream_executor/platform/default/dso_loader.cc:49] Successfully opened dynamic library libcudnn.so.8
2021-04-10 10:58:13.662389: I tensorflow/stream_executor/cuda/cuda_gpu_executor.cc:941] successful NUMA node read from SysFS had negative value (-1), but there must be at least one NUMA node, so returning NUMA node zero
2021-04-10 10:58:13.663179: I tensorflow/stream_executor/cuda/cuda_gpu_executor.cc:941] successful NUMA node read from SysFS had negative value (-1), but there must be at least one NUMA node, so returning NUMA node zero
2021-04-10 10:58:13.663926: I tensorflow/core/common_runtime/gpu/gpu_device.cc:1862] Adding visible gpu devices: 0
2021-04-10 10:58:13.665233: I tensorflow/stream_executor/platform/default/dso_loader.cc:49] Successfully opened dynamic library libcudart.so.11.0
2021-04-10 10:58:16.080742: I tensorflow/core/common_runtime/gpu/gpu_device.cc:1261] Device interconnect StreamExecutor with strength 1 edge matrix:
2021-04-10 10:58:16.080794: I tensorflow/core/common_runtime/gpu/gpu_device.cc:1267]      0 
2021-04-10 10:58:16.080804: I tensorflow/core/common_runtime/gpu/gpu_device.cc:1280] 0:   N 
2021-04-10 10:58:16.081145: I tensorflow/stream_executor/cuda/cuda_gpu_executor.cc:941] successful NUMA node read from SysFS had negative value (-1), but there must be at least one NUMA node, so returning NUMA node zero
2021-04-10 10:58:16.081943: I tensorflow/stream_executor/cuda/cuda_gpu_executor.cc:941] successful NUMA node read from SysFS had negative value (-1), but there must be at least one NUMA node, so returning NUMA node zero
2021-04-10 10:58:16.082672: I tensorflow/stream_executor/cuda/cuda_gpu_executor.cc:941] successful NUMA node read from SysFS had negative value (-1), but there must be at least one NUMA node, so returning NUMA node zero
2021-04-10 10:58:16.083374: I tensorflow/core/common_runtime/gpu/gpu_device.cc:1406] Created TensorFlow device (/job:localhost/replica:0/task:0/device:GPU:0 with 14760 MB memory) -> physical GPU (device: 0, name: Tesla V100-SXM2-16GB, pci bus id: 0000:00:04.0, compute capability: 7.0)
2021-04-10 10:58:16.650062: I tensorflow/core/profiler/lib/profiler_session.cc:136] Profiler session initializing.
2021-04-10 10:58:16.650118: I tensorflow/core/profiler/lib/profiler_session.cc:155] Profiler session started.
2021-04-10 10:58:16.651863: I tensorflow/core/profiler/internal/gpu/cupti_tracer.cc:1365] Profiler found 1 GPUs
2021-04-10 10:58:16.652345: W tensorflow/stream_executor/platform/default/dso_loader.cc:60] Could not load dynamic library 'libcupti.so.11.0'; dlerror: libcupti.so.11.0: cannot open shared object file: No such file or directory; LD_LIBRARY_PATH: /usr/local/cuda-11.2/lib64
2021-04-10 10:58:16.678212: I tensorflow/stream_executor/platform/default/dso_loader.cc:49] Successfully opened dynamic library libcupti.so
2021-04-10 10:58:16.886513: I tensorflow/core/profiler/lib/profiler_session.cc:172] Profiler session tear down.
2021-04-10 10:58:16.889188: I tensorflow/core/profiler/internal/gpu/cupti_tracer.cc:1487] CUPTI activity buffer flushed
Tensorflow Version: 2.4.0
Num GPUs Available:  1
-----------------------
Using module located at /main/models/conv/train2045.py
Using train_file located at ../../data/datasets/all_sw_coch_preprocessed_v2_param_v26_augm_v0_cleaned_8000.pkl
Using logs_path located at ../../cache/conv___04_1057___all_sw_coch_preprocessed_v2_param_v26_augm_v0_cleaned_8000___mod9_labels___2045/logs/
-----------------------
Collecting Variables...
Model Parameters: {'N_CLASSES': 2, 'SR': 8000, 'BATCH_SIZE': 16, 'LR': 0.001, 'SHAPE': (128, 1250, 3), 'WEIGHT_DECAY': 0.0001, 'LL2_REG': 0, 'EPSILON': 1e-07, 'LABEL_SMOOTHING': 1}
Learning Rate Parameters: {'factor': 0.75, 'patience': 3, 'min_lr': 1e-05}
Early Stopping Patience and Delta: 9, 1.0%
-----------------------
Size of training set: 13945
Size of validation set: 3486
Initializing weights...
weights = {0: 0.6399045521292217, 1: 1.2145345596432553, 2: 1.1234209847898944, 3: 1.3816582117945466}
Model: "conv2d"
__________________________________________________________________________________________________
Layer (type)                    Output Shape         Param #     Connected to                     
==================================================================================================
input_1 (InputLayer)            [(None, 128, 1250, 3 0                                            
__________________________________________________________________________________________________
batch_normalization (BatchNorma (None, 128, 1250, 3) 12          input_1[0][0]                    
__________________________________________________________________________________________________
conv2d (Conv2D)                 (None, 128, 1250, 16 64          batch_normalization[0][0]        
__________________________________________________________________________________________________
conv2d_2 (Conv2D)               (None, 128, 1250, 16 64          batch_normalization[0][0]        
__________________________________________________________________________________________________
max_pooling2d (MaxPooling2D)    (None, 128, 1250, 3) 0           batch_normalization[0][0]        
__________________________________________________________________________________________________
conv2d_1 (Conv2D)               (None, 128, 1250, 16 2320        conv2d[0][0]                     
__________________________________________________________________________________________________
conv2d_3 (Conv2D)               (None, 128, 1250, 16 6416        conv2d_2[0][0]                   
__________________________________________________________________________________________________
conv2d_4 (Conv2D)               (None, 128, 1250, 16 64          max_pooling2d[0][0]              
__________________________________________________________________________________________________
concatenate (Concatenate)       (None, 128, 1250, 48 0           conv2d_1[0][0]                   
                                                                 conv2d_3[0][0]                   
                                                                 conv2d_4[0][0]                   
__________________________________________________________________________________________________
average_pooling2d (AveragePooli (None, 64, 625, 48)  0           concatenate[0][0]                
__________________________________________________________________________________________________
batch_normalization_1 (BatchNor (None, 64, 625, 48)  192         average_pooling2d[0][0]          
__________________________________________________________________________________________________
dropout (Dropout)               (None, 64, 625, 48)  0           batch_normalization_1[0][0]      
__________________________________________________________________________________________________
inverted_residual (InvertedResi (None, 64, 625, 32)  35840       dropout[0][0]                    
__________________________________________________________________________________________________
inverted_residual_1 (InvertedRe (None, 64, 625, 32)  20864       inverted_residual[0][0]          
__________________________________________________________________________________________________
average_pooling2d_1 (AveragePoo (None, 32, 312, 32)  0           inverted_residual_1[0][0]        
__________________________________________________________________________________________________
batch_normalization_2 (BatchNor (None, 32, 312, 32)  128         average_pooling2d_1[0][0]        
__________________________________________________________________________________________________
dropout_1 (Dropout)             (None, 32, 312, 32)  0           batch_normalization_2[0][0]      
__________________________________________________________________________________________________
inverted_residual_2 (InvertedRe (None, 32, 312, 64)  27136       dropout_1[0][0]                  
__________________________________________________________________________________________________
inverted_residual_3 (InvertedRe (None, 32, 312, 64)  66304       inverted_residual_2[0][0]        
__________________________________________________________________________________________________
average_pooling2d_2 (AveragePoo (None, 16, 156, 64)  0           inverted_residual_3[0][0]        
__________________________________________________________________________________________________
batch_normalization_3 (BatchNor (None, 16, 156, 64)  256         average_pooling2d_2[0][0]        
__________________________________________________________________________________________________
dropout_2 (Dropout)             (None, 16, 156, 64)  0           batch_normalization_3[0][0]      
__________________________________________________________________________________________________
inverted_residual_4 (InvertedRe (None, 16, 156, 128) 91136       dropout_2[0][0]                  
__________________________________________________________________________________________________
inverted_residual_5 (InvertedRe (None, 16, 156, 128) 230912      inverted_residual_4[0][0]        
__________________________________________________________________________________________________
average_pooling2d_3 (AveragePoo (None, 8, 78, 128)   0           inverted_residual_5[0][0]        
__________________________________________________________________________________________________
batch_normalization_4 (BatchNor (None, 8, 78, 128)   512         average_pooling2d_3[0][0]        
__________________________________________________________________________________________________
dropout_3 (Dropout)             (None, 8, 78, 128)   0           batch_normalization_4[0][0]      
__________________________________________________________________________________________________
inverted_residual_6 (InvertedRe (None, 8, 78, 256)   329728      dropout_3[0][0]                  
__________________________________________________________________________________________________
inverted_residual_7 (InvertedRe (None, 8, 78, 256)   855040      inverted_residual_6[0][0]        
__________________________________________________________________________________________________
average_pooling2d_4 (AveragePoo (None, 4, 39, 256)   0           inverted_residual_7[0][0]        
__________________________________________________________________________________________________
batch_normalization_5 (BatchNor (None, 4, 39, 256)   1024        average_pooling2d_4[0][0]        
__________________________________________________________________________________________________
dropout_4 (Dropout)             (None, 4, 39, 256)   0           batch_normalization_5[0][0]      
__________________________________________________________________________________________________
inverted_residual_8 (InvertedRe (None, 4, 39, 512)   1249280     dropout_4[0][0]                  
__________________________________________________________________________________________________
inverted_residual_9 (InvertedRe (None, 4, 39, 512)   3282944     inverted_residual_8[0][0]        
__________________________________________________________________________________________________
global_average_pooling2d (Globa (None, 512)          0           inverted_residual_9[0][0]        2021-04-10 10:58:17.910507: I tensorflow/compiler/mlir/mlir_graph_optimization_pass.cc:116] None of the MLIR optimization passes are enabled (registered 2)
2021-04-10 10:58:17.914497: I tensorflow/core/platform/profile_utils/cpu_utils.cc:112] CPU Frequency: 2299995000 Hz
2021-04-10 10:58:21.593097: I tensorflow/stream_executor/platform/default/dso_loader.cc:49] Successfully opened dynamic library libcublas.so.11
2021-04-10 10:58:23.628278: I tensorflow/stream_executor/platform/default/dso_loader.cc:49] Successfully opened dynamic library libcublasLt.so.11
2021-04-10 10:58:23.649412: I tensorflow/stream_executor/platform/default/dso_loader.cc:49] Successfully opened dynamic library libcudnn.so.8
2021-04-10 10:58:31.298994: I tensorflow/core/profiler/lib/profiler_session.cc:136] Profiler session initializing.
2021-04-10 10:58:31.299045: I tensorflow/core/profiler/lib/profiler_session.cc:155] Profiler session started.
2021-04-10 10:58:32.591022: I tensorflow/core/profiler/lib/profiler_session.cc:71] Profiler session collecting data.
2021-04-10 10:58:32.594625: I tensorflow/core/profiler/internal/gpu/cupti_tracer.cc:1487] CUPTI activity buffer flushed
2021-04-10 10:58:32.639241: I tensorflow/core/profiler/internal/gpu/cupti_collector.cc:228]  GpuTracer has collected 1560 callback api events and 1556 activity events. 
2021-04-10 10:58:32.684272: I tensorflow/core/profiler/lib/profiler_session.cc:172] Profiler session tear down.

__________________________________________________________________________________________________
dense (Dense)                   (None, 2)            1026        global_average_pooling2d[0][0]   
==================================================================================================
Total params: 6,201,262
Trainable params: 6,159,752
Non-trainable params: 41,510
__________________________________________________________________________________________________
Epoch 1/40
872/872 - 715s - loss: 0.5405 - calc_accuracy: 0.2549 - val_loss: 0.6946 - val_calc_accuracy: 0.3935
Epoch 2/40
872/872 - 701s - loss: 0.5328 - calc_accuracy: 0.2400 - val_loss: 0.6932 - val_calc_accuracy: 0.2851
Epoch 3/40
872/872 - 702s - loss: 0.5329 - calc_accuracy: 0.2455 - val_loss: 0.6933 - val_calc_accuracy: 0.2189
Epoch 4/40
872/872 - 702s - loss: 0.5327 - calc_accuracy: 0.2600 - val_loss: 0.6933 - val_calc_accuracy: 0.1712

Epoch 00004: ReduceLROnPlateau reducing learning rate to 0.0007500000356230885.
Epoch 5/40
872/872 - 702s - loss: 0.5327 - calc_accuracy: 0.2589 - val_loss: 0.6932 - val_calc_accuracy: 0.1732
Epoch 6/40
872/872 - 700s - loss: 0.5327 - calc_accuracy: 0.2509 - val_loss: 0.6933 - val_calc_accuracy: 0.1744
Epoch 7/40
872/872 - 705s - loss: 0.5327 - calc_accuracy: 0.2665 - val_loss: 0.6937 - val_calc_accuracy: 0.2310

Epoch 00007: ReduceLROnPlateau reducing learning rate to 0.0005625000048894435.
Epoch 8/40
872/872 - 702s - loss: 0.5327 - calc_accuracy: 0.2551 - val_loss: 0.6932 - val_calc_accuracy: 0.2212
Epoch 9/40
872/872 - 703s - loss: 0.5327 - calc_accuracy: 0.2613 - val_loss: 0.7025 - val_calc_accuracy: 0.3879
Epoch 10/40
872/872 - 702s - loss: 0.5327 - calc_accuracy: 0.2603 - val_loss: 0.6932 - val_calc_accuracy: 0.2407

Epoch 00010: ReduceLROnPlateau reducing learning rate to 0.0004218749818392098.
Epoch 00010: early stopping

 See logs at ../../cache/conv___04_1057___all_sw_coch_preprocessed_v2_param_v26_augm_v0_cleaned_8000___mod9_labels___2045/logs/