Category:  coch
Dataset:  all_sw_coch_preprocessed_v2_param_v29_augm_v0_cleaned_8000.pkl
File:  conv.train2062
Description:  Moe
2021-04-19 11:53:56.628360: I tensorflow/stream_executor/platform/default/dso_loader.cc:49] Successfully opened dynamic library libcudart.so.11.0
2021-04-19 11:53:58.595228: I tensorflow/compiler/jit/xla_cpu_device.cc:41] Not creating XLA devices, tf_xla_enable_xla_devices not set
2021-04-19 11:53:58.596088: I tensorflow/stream_executor/platform/default/dso_loader.cc:49] Successfully opened dynamic library libcuda.so.1
2021-04-19 11:53:58.649704: I tensorflow/stream_executor/cuda/cuda_gpu_executor.cc:941] successful NUMA node read from SysFS had negative value (-1), but there must be at least one NUMA node, so returning NUMA node zero
2021-04-19 11:53:58.650459: I tensorflow/core/common_runtime/gpu/gpu_device.cc:1720] Found device 0 with properties: 
pciBusID: 0000:00:04.0 name: Tesla V100-SXM2-16GB computeCapability: 7.0
coreClock: 1.53GHz coreCount: 80 deviceMemorySize: 15.78GiB deviceMemoryBandwidth: 836.37GiB/s
2021-04-19 11:53:58.650486: I tensorflow/stream_executor/platform/default/dso_loader.cc:49] Successfully opened dynamic library libcudart.so.11.0
2021-04-19 11:53:58.654147: I tensorflow/stream_executor/platform/default/dso_loader.cc:49] Successfully opened dynamic library libcublas.so.11
2021-04-19 11:53:58.654231: I tensorflow/stream_executor/platform/default/dso_loader.cc:49] Successfully opened dynamic library libcublasLt.so.11
2021-04-19 11:53:58.655464: I tensorflow/stream_executor/platform/default/dso_loader.cc:49] Successfully opened dynamic library libcufft.so.10
2021-04-19 11:53:58.655764: I tensorflow/stream_executor/platform/default/dso_loader.cc:49] Successfully opened dynamic library libcurand.so.10
2021-04-19 11:53:58.656817: I tensorflow/stream_executor/platform/default/dso_loader.cc:49] Successfully opened dynamic library libcusolver.so.10
2021-04-19 11:53:58.657684: I tensorflow/stream_executor/platform/default/dso_loader.cc:49] Successfully opened dynamic library libcusparse.so.11
2021-04-19 11:53:58.657846: I tensorflow/stream_executor/platform/default/dso_loader.cc:49] Successfully opened dynamic library libcudnn.so.8
2021-04-19 11:53:58.657955: I tensorflow/stream_executor/cuda/cuda_gpu_executor.cc:941] successful NUMA node read from SysFS had negative value (-1), but there must be at least one NUMA node, so returning NUMA node zero
2021-04-19 11:53:58.658686: I tensorflow/stream_executor/cuda/cuda_gpu_executor.cc:941] successful NUMA node read from SysFS had negative value (-1), but there must be at least one NUMA node, so returning NUMA node zero
2021-04-19 11:53:58.659379: I tensorflow/core/common_runtime/gpu/gpu_device.cc:1862] Adding visible gpu devices: 0
2021-04-19 11:53:58.661474: I tensorflow/compiler/jit/xla_gpu_device.cc:99] Not creating XLA devices, tf_xla_enable_xla_devices not set
2021-04-19 11:53:58.661626: I tensorflow/stream_executor/cuda/cuda_gpu_executor.cc:941] successful NUMA node read from SysFS had negative value (-1), but there must be at least one NUMA node, so returning NUMA node zero
2021-04-19 11:53:58.662409: I tensorflow/core/common_runtime/gpu/gpu_device.cc:1720] Found device 0 with properties: 
pciBusID: 0000:00:04.0 name: Tesla V100-SXM2-16GB computeCapability: 7.0
coreClock: 1.53GHz coreCount: 80 deviceMemorySize: 15.78GiB deviceMemoryBandwidth: 836.37GiB/s
2021-04-19 11:53:58.662437: I tensorflow/stream_executor/platform/default/dso_loader.cc:49] Successfully opened dynamic library libcudart.so.11.0
2021-04-19 11:53:58.662466: I tensorflow/stream_executor/platform/default/dso_loader.cc:49] Successfully opened dynamic library libcublas.so.11
2021-04-19 11:53:58.662482: I tensorflow/stream_executor/platform/default/dso_loader.cc:49] Successfully opened dynamic library libcublasLt.so.11
2021-04-19 11:53:58.662497: I tensorflow/stream_executor/platform/default/dso_loader.cc:49] Successfully opened dynamic library libcufft.so.10
2021-04-19 11:53:58.662513: I tensorflow/stream_executor/platform/default/dso_loader.cc:49] Successfully opened dynamic library libcurand.so.10
2021-04-19 11:53:58.662540: I tensorflow/stream_executor/platform/default/dso_loader.cc:49] Successfully opened dynamic library libcusolver.so.10
2021-04-19 11:53:58.662565: I tensorflow/stream_executor/platform/default/dso_loader.cc:49] Successfully opened dynamic library libcusparse.so.11
2021-04-19 11:53:58.662578: I tensorflow/stream_executor/platform/default/dso_loader.cc:49] Successfully opened dynamic library libcudnn.so.8
2021-04-19 11:53:58.662644: I tensorflow/stream_executor/cuda/cuda_gpu_executor.cc:941] successful NUMA node read from SysFS had negative value (-1), but there must be at least one NUMA node, so returning NUMA node zero
2021-04-19 11:53:58.663373: I tensorflow/stream_executor/cuda/cuda_gpu_executor.cc:941] successful NUMA node read from SysFS had negative value (-1), but there must be at least one NUMA node, so returning NUMA node zero
2021-04-19 11:53:58.664027: I tensorflow/core/common_runtime/gpu/gpu_device.cc:1862] Adding visible gpu devices: 0
2021-04-19 11:53:58.664063: I tensorflow/stream_executor/platform/default/dso_loader.cc:49] Successfully opened dynamic library libcudart.so.11.0
2021-04-19 11:53:59.382465: I tensorflow/core/common_runtime/gpu/gpu_device.cc:1261] Device interconnect StreamExecutor with strength 1 edge matrix:
2021-04-19 11:53:59.382515: I tensorflow/core/common_runtime/gpu/gpu_device.cc:1267]      0 
2021-04-19 11:53:59.382525: I tensorflow/core/common_runtime/gpu/gpu_device.cc:1280] 0:   N 
2021-04-19 11:53:59.382828: I tensorflow/stream_executor/cuda/cuda_gpu_executor.cc:941] successful NUMA node read from SysFS had negative value (-1), but there must be at least one NUMA node, so returning NUMA node zero
2021-04-19 11:53:59.383702: I tensorflow/stream_executor/cuda/cuda_gpu_executor.cc:941] successful NUMA node read from SysFS had negative value (-1), but there must be at least one NUMA node, so returning NUMA node zero
2021-04-19 11:53:59.384432: I tensorflow/stream_executor/cuda/cuda_gpu_executor.cc:941] successful NUMA node read from SysFS had negative value (-1), but there must be at least one NUMA node, so returning NUMA node zero
2021-04-19 11:53:59.385104: I tensorflow/core/common_runtime/gpu/gpu_device.cc:1406] Created TensorFlow device (/job:localhost/replica:0/task:0/device:GPU:0 with 14760 MB memory) -> physical GPU (device: 0, name: Tesla V100-SXM2-16GB, pci bus id: 0000:00:04.0, compute capability: 7.0)
2021-04-19 11:54:35.546919: I tensorflow/core/profiler/lib/profiler_session.cc:136] Profiler session initializing.
2021-04-19 11:54:35.546960: I tensorflow/core/profiler/lib/profiler_session.cc:155] Profiler session started.
2021-04-19 11:54:35.546993: I tensorflow/core/profiler/internal/gpu/cupti_tracer.cc:1365] Profiler found 1 GPUs
2021-04-19 11:54:35.547198: W tensorflow/stream_executor/platform/default/dso_loader.cc:60] Could not load dynamic library 'libcupti.so.11.0'; dlerror: libcupti.so.11.0: cannot open shared object file: No such file or directory; LD_LIBRARY_PATH: /usr/local/cuda-11.2/lib64
2021-04-19 11:54:35.548021: I tensorflow/stream_executor/platform/default/dso_loader.cc:49] Successfully opened dynamic library libcupti.so
2021-04-19 11:54:35.713485: I tensorflow/core/profiler/lib/profiler_session.cc:172] Profiler session tear down.
2021-04-19 11:54:35.716147: I tensorflow/core/profiler/internal/gpu/cupti_tracer.cc:1487] CUPTI activity buffer flushed
2021-04-19 11:54:36.544414: I tensorflow/compiler/mlir/mlir_graph_optimization_pass.cc:116] None of the MLIR optimization passes are enabled (registered 2)
2021-04-19 11:54:36.545490: I tensorflow/core/platform/profile_utils/cpu_utils.cc:112] CPU Frequency: 2299995000 Hz
WARNING:tensorflow:Gradients do not exist for variables ['dense_mo_e/expert_bias:0', 'dense_mo_e/gating_bias:0'] when minimizing the loss.
WARNING:tensorflow:Gradients do not exist for variables ['dense_mo_e/expert_bias:0', 'dense_mo_e/gating_bias:0'] when minimizing the loss.
2021-04-19 11:54:39.278560: I tensorflow/stream_executor/platform/default/dso_loader.cc:49] Successfully opened dynamic library libcublas.so.11
2021-04-19 11:54:39.776370: I tensorflow/stream_executor/platform/default/dso_loader.cc:49] Successfully opened dynamic library libcublasLt.so.11
2021-04-19 11:54:39.834843: I tensorflow/stream_executor/platform/default/dso_loader.cc:49] Successfully opened dynamic library libcudnn.so.8
2021-04-19 11:54:42.134304: I tensorflow/core/profiler/lib/profiler_session.cc:136] Profiler session initializing.
2021-04-19 11:54:42.134352: I tensorflow/core/profiler/lib/profiler_session.cc:155] Profiler session started.
2021-04-19 11:54:42.982801: I tensorflow/core/profiler/lib/profiler_session.cc:71] Profiler session collecting data.
2021-04-19 11:54:42.985587: I tensorflow/core/profiler/internal/gpu/cupti_tracer.cc:1487] CUPTI activity buffer flushed
2021-04-19 11:54:43.026386: I tensorflow/core/profiler/internal/gpu/cupti_collector.cc:228]  GpuTracer has collected 639 callback api events and 635 activity events. 
2021-04-19 11:54:43.052897: I tensorflow/core/profiler/lib/profiler_session.cc:172] Profiler session tear down.
[[51 0]
 [24 0]]
Tensorflow Version: 2.4.0
Num GPUs Available:  1
-----------------------
Using module located at /main/models/conv/train2062.py
Using train_file located at ../../data/datasets/all_sw_coch_preprocessed_v2_param_v29_augm_v0_cleaned_8000.pkl
Using logs_path located at ../../cache/conv___04_1149___all_sw_coch_preprocessed_v2_param_v29_augm_v0_cleaned_8000___Moe___2062/logs/
-----------------------
Collecting Variables...
Model Parameters: {'N_CLASSES': 1, 'SR': 8000, 'BATCH_SIZE': 4, 'LR': 1e-06, 'SHAPE': (6, 128, 1250), 'WEIGHT_DECAY': 0.0001, 'LL2_REG': 0, 'EPSILON': 1e-07, 'LABEL_SMOOTHING': 0}
Learning Rate Parameters: {'factor': 0.75, 'patience': 6, 'min_lr': 1e-09}
Early Stopping Patience and Delta: 22, 1.0%
-----------------------
Original number of folders: 453
here
here
here
Actual number of folders: 379
Size of training set: 304
Size of validation set: 75
[[ 0 51]
 [ 1 24]]
Initializing weights...
weights = {0: 0.7018518518518518, 1: 1.738532110091743}
Model: "conv2d"
_________________________________________________________________
Layer (type)                 Output Shape              Param #   
=================================================================
input_1 (InputLayer)         [(None, 6, 128, 1250)]    0         
_________________________________________________________________
conv2d (Conv2D)              (None, 8, 128, 1250)      440       
_________________________________________________________________
mix_depth_group_convolution2 (None, 8, 128, 1250)      1080      
_________________________________________________________________
average_pooling2d (AveragePo (None, 8, 64, 625)        0         
_________________________________________________________________
batch_normalization (BatchNo (None, 8, 64, 625)        2500      
_________________________________________________________________
conv2d_1 (Conv2D)            (None, 16, 64, 625)       1168      
_________________________________________________________________
mix_depth_group_convolution2 (None, 16, 64, 625)       2160      
_________________________________________________________________
average_pooling2d_1 (Average (None, 16, 32, 313)       0         
_________________________________________________________________
batch_normalization_1 (Batch (None, 16, 32, 313)       1252      
_________________________________________________________________
conv2d_2 (Conv2D)            (None, 32, 32, 313)       4640      
_________________________________________________________________
mix_depth_group_convolution2 (None, 32, 32, 313)       4320      
_________________________________________________________________
average_pooling2d_2 (Average (None, 32, 16, 157)       0         
_________________________________________________________________
batch_normalization_2 (Batch (None, 32, 16, 157)       628       
_________________________________________________________________
conv2d_3 (Conv2D)            (None, 64, 16, 157)       18496     
_________________________________________________________________
mix_depth_group_convolution2 (None, 64, 16, 157)       8640      
_________________________________________________________________
average_pooling2d_3 (Average (None, 64, 8, 79)         0         
_________________________________________________________________
batch_normalization_3 (Batch (None, 64, 8, 79)         316       
_________________________________________________________________
conv2d_4 (Conv2D)            (None, 128, 8, 79)        73856     
_________________________________________________________________
mix_depth_group_convolution2 (None, 128, 8, 79)        17280     
_________________________________________________________________
average_pooling2d_4 (Average (None, 128, 4, 40)        0         
_________________________________________________________________
batch_normalization_4 (Batch (None, 128, 4, 40)        160       
_________________________________________________________________
global_average_pooling2d (Gl (None, 128)               0         
_________________________________________________________________
dense_mo_e (DenseMoE)        (None, 512)               198531    
_________________________________________________________________
dense (Dense)                (None, 1)                 513       
=================================================================
Total params: 335,980
Trainable params: 333,552
Non-trainable params: 2,428
_________________________________________________________________
Epoch 1/40
76/76 - 34s - loss: 0.6890 - accuracy: 0.3092 - precision: 0.2837 - recall: 0.9647 - gen_confusion_matrix: 1.0000 - val_loss: 0.6929 - val_accuracy: 0.6800 - val_precision: 0.0000e+00 - val_recall: 0.0000e+00 - val_gen_confusion_matrix: 18.7500
[[51 0]
 [24 0]]
Epoch 2/40
76/76 - 28s - loss: 0.6871 - accuracy: 0.3092 - precision: 0.2837 - recall: 0.9647 - gen_confusion_matrix: 1.0000 - val_loss: 0.6926 - val_accuracy: 0.6800 - val_precision: 0.0000e+00 - val_recall: 0.0000e+00 - val_gen_confusion_matrix: 18.7500
[[51 0]
 [24 0]]
Epoch 3/40
76/76 - 28s - loss: 0.6874 - accuracy: 0.3257 - precision: 0.2887 - recall: 0.9647 - gen_confusion_matrix: 1.0000 - val_loss: 0.6923 - val_accuracy: 0.6800 - val_precision: 0.0000e+00 - val_recall: 0.0000e+00 - val_gen_confusion_matrix: 18.7500
[[51 0]
 [24 0]]
Epoch 4/40
76/76 - 27s - loss: 0.6858 - accuracy: 0.3586 - precision: 0.2917 - recall: 0.9059 - gen_confusion_matrix: 1.0000 - val_loss: 0.6918 - val_accuracy: 0.6800 - val_precision: 0.0000e+00 - val_recall: 0.0000e+00 - val_gen_confusion_matrix: 18.7500
[[51 0]
 [24 0]]
Epoch 5/40
76/76 - 29s - loss: 0.6848 - accuracy: 0.3816 - precision: 0.2996 - recall: 0.9059 - gen_confusion_matrix: 1.0000 - val_loss: 0.6913 - val_accuracy: 0.6800 - val_precision: 0.0000e+00 - val_recall: 0.0000e+00 - val_gen_confusion_matrix: 18.7500
[[51 0]
 [24 0]]
Epoch 6/40
76/76 - 28s - loss: 0.6855 - accuracy: 0.3750 - precision: 0.2925 - recall: 0.8706 - gen_confusion_matrix: 1.0000 - val_loss: 0.6907 - val_accuracy: 0.6800 - val_precision: 0.0000e+00 - val_recall: 0.0000e+00 - val_gen_confusion_matrix: 18.7500
[[51 0]
 [24 0]]
Epoch 7/40
76/76 - 28s - loss: 0.6873 - accuracy: 0.3849 - precision: 0.2960 - recall: 0.8706 - gen_confusion_matrix: 1.0000 - val_loss: 0.6903 - val_accuracy: 0.6800 - val_precision: 0.0000e+00 - val_recall: 0.0000e+00 - val_gen_confusion_matrix: 18.7500
[[49 2]
 [23 1]]

Epoch 00007: ReduceLROnPlateau reducing learning rate to 7.49999998106432e-07.
Epoch 8/40
76/76 - 27s - loss: 0.6840 - accuracy: 0.4243 - precision: 0.3060 - recall: 0.8353 - gen_confusion_matrix: 1.0000 - val_loss: 0.6905 - val_accuracy: 0.6667 - val_precision: 0.3333 - val_recall: 0.0417 - val_gen_confusion_matrix: 18.7500
[[37 14]
 [14 10]]
Epoch 9/40
76/76 - 27s - loss: 0.6863 - accuracy: 0.4046 - precision: 0.2895 - recall: 0.7765 - gen_confusion_matrix: 1.0000 - val_loss: 0.6916 - val_accuracy: 0.6267 - val_precision: 0.4167 - val_recall: 0.4167 - val_gen_confusion_matrix: 18.7500
[[30 21]
 [8 16]]
Epoch 10/40
76/76 - 28s - loss: 0.6856 - accuracy: 0.4046 - precision: 0.2931 - recall: 0.8000 - gen_confusion_matrix: 1.0000 - val_loss: 0.6936 - val_accuracy: 0.6133 - val_precision: 0.4324 - val_recall: 0.6667 - val_gen_confusion_matrix: 18.7500
[[26 25]
 [7 17]]
Epoch 11/40
76/76 - 28s - loss: 0.6840 - accuracy: 0.4342 - precision: 0.3100 - recall: 0.8353 - gen_confusion_matrix: 1.0000 - val_loss: 0.6957 - val_accuracy: 0.5733 - val_precision: 0.4048 - val_recall: 0.7083 - val_gen_confusion_matrix: 18.7500
[[24 27]
 [7 17]]
Epoch 12/40
76/76 - 27s - loss: 0.6855 - accuracy: 0.4276 - precision: 0.3057 - recall: 0.8235 - gen_confusion_matrix: 1.0000 - val_loss: 0.6974 - val_accuracy: 0.5467 - val_precision: 0.3864 - val_recall: 0.7083 - val_gen_confusion_matrix: 18.7500
[[24 27]
 [7 17]]
Epoch 13/40
76/76 - 28s - loss: 0.6839 - accuracy: 0.4671 - precision: 0.3103 - recall: 0.7412 - gen_confusion_matrix: 1.0000 - val_loss: 0.6984 - val_accuracy: 0.5467 - val_precision: 0.3864 - val_recall: 0.7083 - val_gen_confusion_matrix: 18.7500
[[23 28]
 [7 17]]

Epoch 00013: ReduceLROnPlateau reducing learning rate to 5.625000198961061e-07.
Epoch 14/40
76/76 - 27s - loss: 0.6841 - accuracy: 0.4967 - precision: 0.3283 - recall: 0.7647 - gen_confusion_matrix: 1.0000 - val_loss: 0.6992 - val_accuracy: 0.5333 - val_precision: 0.3778 - val_recall: 0.7083 - val_gen_confusion_matrix: 18.7500
[[23 28]
 [7 17]]
Epoch 15/40
76/76 - 28s - loss: 0.6828 - accuracy: 0.4770 - precision: 0.3221 - recall: 0.7882 - gen_confusion_matrix: 1.0000 - val_loss: 0.6999 - val_accuracy: 0.5333 - val_precision: 0.3778 - val_recall: 0.7083 - val_gen_confusion_matrix: 18.7500
[[23 28]
 [7 17]]
Epoch 16/40
76/76 - 26s - loss: 0.6825 - accuracy: 0.5066 - precision: 0.3333 - recall: 0.7647 - gen_confusion_matrix: 1.0000 - val_loss: 0.6996 - val_accuracy: 0.5333 - val_precision: 0.3778 - val_recall: 0.7083 - val_gen_confusion_matrix: 18.7500
[[23 28]
 [7 17]]
Epoch 17/40
76/76 - 26s - loss: 0.6845 - accuracy: 0.4868 - precision: 0.3301 - recall: 0.8118 - gen_confusion_matrix: 1.0000 - val_loss: 0.6997 - val_accuracy: 0.5333 - val_precision: 0.3778 - val_recall: 0.7083 - val_gen_confusion_matrix: 18.7500
[[23 28]
 [7 17]]
Epoch 18/40
76/76 - 27s - loss: 0.6850 - accuracy: 0.5099 - precision: 0.3316 - recall: 0.7412 - gen_confusion_matrix: 1.0000 - val_loss: 0.6992 - val_accuracy: 0.5333 - val_precision: 0.3778 - val_recall: 0.7083 - val_gen_confusion_matrix: 18.7500
[[23 28]
 [7 17]]
Epoch 19/40
76/76 - 26s - loss: 0.6830 - accuracy: 0.4934 - precision: 0.3175 - recall: 0.7059 - gen_confusion_matrix: 1.0000 - val_loss: 0.6993 - val_accuracy: 0.5333 - val_precision: 0.3778 - val_recall: 0.7083 - val_gen_confusion_matrix: 18.7500
[[23 28]
 [7 17]]

Epoch 00019: ReduceLROnPlateau reducing learning rate to 4.2187501492207957e-07.
Epoch 20/40
76/76 - 27s - loss: 0.6840 - accuracy: 0.4803 - precision: 0.3128 - recall: 0.7176 - gen_confusion_matrix: 1.0000 - val_loss: 0.6995 - val_accuracy: 0.5333 - val_precision: 0.3778 - val_recall: 0.7083 - val_gen_confusion_matrix: 18.7500
[[24 27]
 [7 17]]
Epoch 21/40
76/76 - 28s - loss: 0.6828 - accuracy: 0.4737 - precision: 0.3077 - recall: 0.7059 - gen_confusion_matrix: 1.0000 - val_loss: 0.6992 - val_accuracy: 0.5467 - val_precision: 0.3864 - val_recall: 0.7083 - val_gen_confusion_matrix: 18.7500
[[24 27]
 [7 17]]
Epoch 22/40
76/76 - 28s - loss: 0.6839 - accuracy: 0.4901 - precision: 0.3118 - recall: 0.6824 - gen_confusion_matrix: 1.0000 - val_loss: 0.6995 - val_accuracy: 0.5467 - val_precision: 0.3864 - val_recall: 0.7083 - val_gen_confusion_matrix: 18.7500
[[25 26]
 [7 17]]
Epoch 23/40
76/76 - 29s - loss: 0.6831 - accuracy: 0.5197 - precision: 0.3315 - recall: 0.7059 - gen_confusion_matrix: 1.0000 - val_loss: 0.6991 - val_accuracy: 0.5600 - val_precision: 0.3953 - val_recall: 0.7083 - val_gen_confusion_matrix: 18.7500
[[25 26]
 [7 17]]
Epoch 24/40
76/76 - 28s - loss: 0.6842 - accuracy: 0.4934 - precision: 0.3155 - recall: 0.6941 - gen_confusion_matrix: 1.0000 - val_loss: 0.6989 - val_accuracy: 0.5600 - val_precision: 0.3953 - val_recall: 0.7083 - val_gen_confusion_matrix: 18.7500
[[25 26]
 [7 17]]
Epoch 25/40
76/76 - 41s - loss: 0.6809 - accuracy: 0.5164 - precision: 0.3278 - recall: 0.6941 - gen_confusion_matrix: 1.0000 - val_loss: 0.6988 - val_accuracy: 0.5600 - val_precision: 0.3953 - val_recall: 0.7083 - val_gen_confusion_matrix: 18.7500
[[25 26]
 [7 17]]

Epoch 00025: ReduceLROnPlateau reducing learning rate to 3.164062718497007e-07.
Epoch 26/40
76/76 - 44s - loss: 0.6843 - accuracy: 0.4967 - precision: 0.3229 - recall: 0.7294 - gen_confusion_matrix: 1.0000 - val_loss: 0.6986 - val_accuracy: 0.5600 - val_precision: 0.3953 - val_recall: 0.7083 - val_gen_confusion_matrix: 18.7500
[[25 26]
 [7 17]]
Epoch 27/40
76/76 - 35s - loss: 0.6847 - accuracy: 0.5099 - precision: 0.3280 - recall: 0.7176 - gen_confusion_matrix: 1.0000 - val_loss: 0.6983 - val_accuracy: 0.5600 - val_precision: 0.3953 - val_recall: 0.7083 - val_gen_confusion_matrix: 18.7500
[[25 26]
 [7 17]]
Epoch 28/40
76/76 - 28s - loss: 0.6811 - accuracy: 0.5428 - precision: 0.3500 - recall: 0.7412 - gen_confusion_matrix: 1.0000 - val_loss: 0.6976 - val_accuracy: 0.5600 - val_precision: 0.3953 - val_recall: 0.7083 - val_gen_confusion_matrix: 18.7500
[[25 26]
 [7 17]]
Epoch 29/40
76/76 - 29s - loss: 0.6843 - accuracy: 0.4967 - precision: 0.3172 - recall: 0.6941 - gen_confusion_matrix: 1.0000 - val_loss: 0.6977 - val_accuracy: 0.5600 - val_precision: 0.3953 - val_recall: 0.7083 - val_gen_confusion_matrix: 18.7500
[[25 26]
 [7 17]]
Epoch 30/40
76/76 - 29s - loss: 0.6846 - accuracy: 0.5000 - precision: 0.3086 - recall: 0.6353 - gen_confusion_matrix: 1.0000 - val_loss: 0.6974 - val_accuracy: 0.5600 - val_precision: 0.3953 - val_recall: 0.7083 - val_gen_confusion_matrix: 18.7500
[[25 26]
 [7 17]]
Epoch 31/40
76/76 - 27s - loss: 0.6832 - accuracy: 0.4934 - precision: 0.3029 - recall: 0.6235 - gen_confusion_matrix: 1.0000 - val_loss: 0.6974 - val_accuracy: 0.5600 - val_precision: 0.3953 - val_recall: 0.7083 - val_gen_confusion_matrix: 18.7500
[[25 26]
 [7 17]]

Epoch 00031: ReduceLROnPlateau reducing learning rate to 2.3730470388727554e-07.
Epoch 32/40
76/76 - 28s - loss: 0.6864 - accuracy: 0.4638 - precision: 0.2833 - recall: 0.6000 - gen_confusion_matrix: 1.0000 - val_loss: 0.6975 - val_accuracy: 0.5600 - val_precision: 0.3953 - val_recall: 0.7083 - val_gen_confusion_matrix: 18.7500
[[25 26]
 [7 17]]
Epoch 33/40
76/76 - 27s - loss: 0.6827 - accuracy: 0.5099 - precision: 0.3140 - recall: 0.6353 - gen_confusion_matrix: 1.0000 - val_loss: 0.6972 - val_accuracy: 0.5600 - val_precision: 0.3953 - val_recall: 0.7083 - val_gen_confusion_matrix: 18.7500
[[25 26]
 [7 17]]
Epoch 34/40
76/76 - 27s - loss: 0.6851 - accuracy: 0.4605 - precision: 0.2953 - recall: 0.6706 - gen_confusion_matrix: 1.0000 - val_loss: 0.6978 - val_accuracy: 0.5600 - val_precision: 0.3953 - val_recall: 0.7083 - val_gen_confusion_matrix: 18.7500
[[25 26]
 [7 17]]
Epoch 35/40
76/76 - 28s - loss: 0.6827 - accuracy: 0.5296 - precision: 0.3274 - recall: 0.6471 - gen_confusion_matrix: 1.0000 - val_loss: 0.6971 - val_accuracy: 0.5600 - val_precision: 0.3953 - val_recall: 0.7083 - val_gen_confusion_matrix: 18.7500
[[25 26]
 [7 17]]
Epoch 36/40
76/76 - 27s - loss: 0.6832 - accuracy: 0.5033 - precision: 0.3081 - recall: 0.6235 - gen_confusion_matrix: 1.0000 - val_loss: 0.6970 - val_accuracy: 0.5600 - val_precision: 0.3953 - val_recall: 0.7083 - val_gen_confusion_matrix: 18.7500
[[25 26]
 [7 17]]
Epoch 37/40
76/76 - 27s - loss: 0.6818 - accuracy: 0.5033 - precision: 0.3146 - recall: 0.6588 - gen_confusion_matrix: 1.0000 - val_loss: 0.6969 - val_accuracy: 0.5600 - val_precision: 0.3953 - val_recall: 0.7083 - val_gen_confusion_matrix: 18.7500
[[26 25]
 [7 17]]

Epoch 00037: ReduceLROnPlateau reducing learning rate to 1.7797852791545665e-07.
Epoch 38/40
76/76 - 28s - loss: 0.6827 - accuracy: 0.5362 - precision: 0.3372 - recall: 0.6824 - gen_confusion_matrix: 1.0000 - val_loss: 0.6966 - val_accuracy: 0.5733 - val_precision: 0.4048 - val_recall: 0.7083 - val_gen_confusion_matrix: 18.7500
[[25 26]
 [7 17]]
Epoch 39/40
76/76 - 28s - loss: 0.6815 - accuracy: 0.5526 - precision: 0.3455 - recall: 0.6706 - gen_confusion_matrix: 1.0000 - val_loss: 0.6967 - val_accuracy: 0.5600 - val_precision: 0.3953 - val_recall: 0.7083 - val_gen_confusion_matrix: 18.7500
[[26 25]
 [7 17]]
Epoch 40/40
76/76 - 27s - loss: 0.6826 - accuracy: 0.5493 - precision: 0.3395 - recall: 0.6471 - gen_confusion_matrix: 1.0000 - val_loss: 0.6964 - val_accuracy: 0.5733 - val_precision: 0.4048 - val_recall: 0.7083 - val_gen_confusion_matrix: 18.7500

 See logs at ../../cache/conv___04_1149___all_sw_coch_preprocessed_v2_param_v29_augm_v0_cleaned_8000___Moe___2062/logs/