Category:  coch
Dataset:  all_sw_coch_preprocessed_v2_param_v29_augm_v0_cleaned_8000.pkl
File:  conv.train2071
Description:  multi_bis
2021-04-19 13:48:09.327302: I tensorflow/stream_executor/platform/default/dso_loader.cc:49] Successfully opened dynamic library libcudart.so.11.0
2021-04-19 13:48:12.803673: I tensorflow/compiler/jit/xla_cpu_device.cc:41] Not creating XLA devices, tf_xla_enable_xla_devices not set
2021-04-19 13:48:12.804974: I tensorflow/stream_executor/platform/default/dso_loader.cc:49] Successfully opened dynamic library libcuda.so.1
2021-04-19 13:48:12.958047: I tensorflow/stream_executor/cuda/cuda_gpu_executor.cc:941] successful NUMA node read from SysFS had negative value (-1), but there must be at least one NUMA node, so returning NUMA node zero
2021-04-19 13:48:12.959105: I tensorflow/core/common_runtime/gpu/gpu_device.cc:1720] Found device 0 with properties: 
pciBusID: 0000:00:05.0 name: Tesla V100-SXM2-16GB computeCapability: 7.0
coreClock: 1.53GHz coreCount: 80 deviceMemorySize: 15.78GiB deviceMemoryBandwidth: 836.37GiB/s
2021-04-19 13:48:12.959169: I tensorflow/stream_executor/platform/default/dso_loader.cc:49] Successfully opened dynamic library libcudart.so.11.0
2021-04-19 13:48:12.964593: I tensorflow/stream_executor/platform/default/dso_loader.cc:49] Successfully opened dynamic library libcublas.so.11
2021-04-19 13:48:12.964760: I tensorflow/stream_executor/platform/default/dso_loader.cc:49] Successfully opened dynamic library libcublasLt.so.11
2021-04-19 13:48:12.966359: I tensorflow/stream_executor/platform/default/dso_loader.cc:49] Successfully opened dynamic library libcufft.so.10
2021-04-19 13:48:12.966892: I tensorflow/stream_executor/platform/default/dso_loader.cc:49] Successfully opened dynamic library libcurand.so.10
2021-04-19 13:48:12.968949: I tensorflow/stream_executor/platform/default/dso_loader.cc:49] Successfully opened dynamic library libcusolver.so.10
2021-04-19 13:48:12.970131: I tensorflow/stream_executor/platform/default/dso_loader.cc:49] Successfully opened dynamic library libcusparse.so.11
2021-04-19 13:48:12.970322: I tensorflow/stream_executor/platform/default/dso_loader.cc:49] Successfully opened dynamic library libcudnn.so.8
2021-04-19 13:48:12.970534: I tensorflow/stream_executor/cuda/cuda_gpu_executor.cc:941] successful NUMA node read from SysFS had negative value (-1), but there must be at least one NUMA node, so returning NUMA node zero
2021-04-19 13:48:12.971669: I tensorflow/stream_executor/cuda/cuda_gpu_executor.cc:941] successful NUMA node read from SysFS had negative value (-1), but there must be at least one NUMA node, so returning NUMA node zero
2021-04-19 13:48:12.972623: I tensorflow/core/common_runtime/gpu/gpu_device.cc:1862] Adding visible gpu devices: 0
2021-04-19 13:48:12.975237: I tensorflow/compiler/jit/xla_gpu_device.cc:99] Not creating XLA devices, tf_xla_enable_xla_devices not set
2021-04-19 13:48:12.975402: I tensorflow/stream_executor/cuda/cuda_gpu_executor.cc:941] successful NUMA node read from SysFS had negative value (-1), but there must be at least one NUMA node, so returning NUMA node zero
2021-04-19 13:48:12.976415: I tensorflow/core/common_runtime/gpu/gpu_device.cc:1720] Found device 0 with properties: 
pciBusID: 0000:00:05.0 name: Tesla V100-SXM2-16GB computeCapability: 7.0
coreClock: 1.53GHz coreCount: 80 deviceMemorySize: 15.78GiB deviceMemoryBandwidth: 836.37GiB/s
2021-04-19 13:48:12.976448: I tensorflow/stream_executor/platform/default/dso_loader.cc:49] Successfully opened dynamic library libcudart.so.11.0
2021-04-19 13:48:12.976491: I tensorflow/stream_executor/platform/default/dso_loader.cc:49] Successfully opened dynamic library libcublas.so.11
2021-04-19 13:48:12.976514: I tensorflow/stream_executor/platform/default/dso_loader.cc:49] Successfully opened dynamic library libcublasLt.so.11
2021-04-19 13:48:12.976536: I tensorflow/stream_executor/platform/default/dso_loader.cc:49] Successfully opened dynamic library libcufft.so.10
2021-04-19 13:48:12.976557: I tensorflow/stream_executor/platform/default/dso_loader.cc:49] Successfully opened dynamic library libcurand.so.10
2021-04-19 13:48:12.976592: I tensorflow/stream_executor/platform/default/dso_loader.cc:49] Successfully opened dynamic library libcusolver.so.10
2021-04-19 13:48:12.976614: I tensorflow/stream_executor/platform/default/dso_loader.cc:49] Successfully opened dynamic library libcusparse.so.11
2021-04-19 13:48:12.976636: I tensorflow/stream_executor/platform/default/dso_loader.cc:49] Successfully opened dynamic library libcudnn.so.8
2021-04-19 13:48:12.976742: I tensorflow/stream_executor/cuda/cuda_gpu_executor.cc:941] successful NUMA node read from SysFS had negative value (-1), but there must be at least one NUMA node, so returning NUMA node zero
2021-04-19 13:48:12.977810: I tensorflow/stream_executor/cuda/cuda_gpu_executor.cc:941] successful NUMA node read from SysFS had negative value (-1), but there must be at least one NUMA node, so returning NUMA node zero
2021-04-19 13:48:12.978821: I tensorflow/core/common_runtime/gpu/gpu_device.cc:1862] Adding visible gpu devices: 0
2021-04-19 13:48:12.978870: I tensorflow/stream_executor/platform/default/dso_loader.cc:49] Successfully opened dynamic library libcudart.so.11.0
2021-04-19 13:48:14.135163: I tensorflow/core/common_runtime/gpu/gpu_device.cc:1261] Device interconnect StreamExecutor with strength 1 edge matrix:
2021-04-19 13:48:14.135229: I tensorflow/core/common_runtime/gpu/gpu_device.cc:1267]      0 
2021-04-19 13:48:14.135240: I tensorflow/core/common_runtime/gpu/gpu_device.cc:1280] 0:   N 
2021-04-19 13:48:14.135525: I tensorflow/stream_executor/cuda/cuda_gpu_executor.cc:941] successful NUMA node read from SysFS had negative value (-1), but there must be at least one NUMA node, so returning NUMA node zero
2021-04-19 13:48:14.138098: I tensorflow/stream_executor/cuda/cuda_gpu_executor.cc:941] successful NUMA node read from SysFS had negative value (-1), but there must be at least one NUMA node, so returning NUMA node zero
2021-04-19 13:48:14.138839: I tensorflow/stream_executor/cuda/cuda_gpu_executor.cc:941] successful NUMA node read from SysFS had negative value (-1), but there must be at least one NUMA node, so returning NUMA node zero
2021-04-19 13:48:14.139536: I tensorflow/core/common_runtime/gpu/gpu_device.cc:1406] Created TensorFlow device (/job:localhost/replica:0/task:0/device:GPU:0 with 14760 MB memory) -> physical GPU (device: 0, name: Tesla V100-SXM2-16GB, pci bus id: 0000:00:05.0, compute capability: 7.0)
2021-04-19 13:49:17.541712: I tensorflow/core/profiler/lib/profiler_session.cc:136] Profiler session initializing.
2021-04-19 13:49:17.541782: I tensorflow/core/profiler/lib/profiler_session.cc:155] Profiler session started.
2021-04-19 13:49:17.541827: I tensorflow/core/profiler/internal/gpu/cupti_tracer.cc:1365] Profiler found 1 GPUs
2021-04-19 13:49:17.542160: W tensorflow/stream_executor/platform/default/dso_loader.cc:60] Could not load dynamic library 'libcupti.so.11.0'; dlerror: libcupti.so.11.0: cannot open shared object file: No such file or directory; LD_LIBRARY_PATH: /usr/local/cuda-11.2/lib64
2021-04-19 13:49:17.543398: I tensorflow/stream_executor/platform/default/dso_loader.cc:49] Successfully opened dynamic library libcupti.so
2021-04-19 13:49:17.768567: I tensorflow/core/profiler/lib/profiler_session.cc:172] Profiler session tear down.
2021-04-19 13:49:17.771296: I tensorflow/core/profiler/internal/gpu/cupti_tracer.cc:1487] CUPTI activity buffer flushed
Tensorflow Version: 2.4.0
Num GPUs Available:  1
-----------------------
Using module located at /main/models/conv/train2071.py
Using train_file located at ../../data/datasets/all_sw_coch_preprocessed_v2_param_v29_augm_v0_cleaned_8000.pkl
Using logs_path located at ../../cache/conv___04_1347___all_sw_coch_preprocessed_v2_param_v29_augm_v0_cleaned_8000___multi_bis___2071/logs/
-----------------------
Collecting Variables...
Model Parameters: {'N_CLASSES': 1, 'SR': 8000, 'BATCH_SIZE': 4, 'LR': 1e-05, 'SHAPE': (1, 128, 1250), 'WEIGHT_DECAY': 0.0001, 'LL2_REG': 0, 'EPSILON': 1e-07, 'LABEL_SMOOTHING': 0}
Learning Rate Parameters: {'factor': 0.75, 'patience': 6, 'min_lr': 1e-08}
Early Stopping Patience and Delta: 22, 1.0%
-----------------------
Original number of folders: 453
here
here
here
Number of 1-indexed chunks: 1737
Actual number of folders: 379
Size of training set: 304
Size of validation set: 75
[[ 0 51]
 [ 1 24]]
Initializing weights...
weights = {0: 0.7018518518518518, 1: 1.738532110091743}
Model: "model"
__________________________________________________________________________________________________
Layer (type)                    Output Shape         Param #     Connected to                     
==================================================================================================
input_1 (InputLayer)            [(None, 1, 128, 1250 0                                            
__________________________________________________________________________________________________
input_2 (InputLayer)            [(None, 1, 128, 1250 0                                            
__________________________________________________________________________________________________
input_3 (InputLayer)            [(None, 1, 128, 1250 0                                            
__________________________________________________________________________________________________
input_4 (InputLayer)            [(None, 1, 128, 1250 0                                            
__________________________________________________________________________________________________
input_5 (InputLayer)            [(None, 1, 128, 1250 0                                            
__________________________________________________________________________________________________
input_6 (InputLayer)            [(None, 1, 128, 1250 0                                            
__________________________________________________________________________________________________
conv2d (Conv2D)                 (None, 8, 128, 1250) 80          input_1[0][0]                    
__________________________________________________________________________________________________
conv2d_5 (Conv2D)               (None, 8, 128, 1250) 80          input_2[0][0]                    
__________________________________________________________________________________________________
conv2d_10 (Conv2D)              (None, 8, 128, 1250) 80          input_3[0][0]                    
__________________________________________________________________________________________________
conv2d_15 (Conv2D)              (None, 8, 128, 1250) 80          input_4[0][0]                    
__________________________________________________________________________________________________
conv2d_20 (Conv2D)              (None, 8, 128, 1250) 80          input_5[0][0]                    
__________________________________________________________________________________________________
conv2d_25 (Conv2D)              (None, 8, 128, 1250) 80          input_6[0][0]                    
__________________________________________________________________________________________________
mix_depth_group_convolution2d ( (None, 8, 128, 1250) 1080        conv2d[0][0]                     
__________________________________________________________________________________________________
mix_depth_group_convolution2d_5 (None, 8, 128, 1250) 1080        conv2d_5[0][0]                   
__________________________________________________________________________________________________
mix_depth_group_convolution2d_1 (None, 8, 128, 1250) 1080        conv2d_10[0][0]                  
__________________________________________________________________________________________________
mix_depth_group_convolution2d_1 (None, 8, 128, 1250) 1080        conv2d_15[0][0]                  
__________________________________________________________________________________________________
mix_depth_group_convolution2d_2 (None, 8, 128, 1250) 1080        conv2d_20[0][0]                  
__________________________________________________________________________________________________
mix_depth_group_convolution2d_2 (None, 8, 128, 1250) 1080        conv2d_25[0][0]                  
__________________________________________________________________________________________________
average_pooling2d (AveragePooli (None, 8, 64, 625)   0           mix_depth_group_convolution2d[0][
__________________________________________________________________________________________________
average_pooling2d_5 (AveragePoo (None, 8, 64, 625)   0           mix_depth_group_convolution2d_5[0
__________________________________________________________________________________________________
average_pooling2d_10 (AveragePo (None, 8, 64, 625)   0           mix_depth_group_convolution2d_10[
__________________________________________________________________________________________________
average_pooling2d_15 (AveragePo (None, 8, 64, 625)   0           mix_depth_group_convolution2d_15[
__________________________________________________________________________________________________
average_pooling2d_20 (AveragePo (None, 8, 64, 625)   0           mix_depth_group_convolution2d_20[
__________________________________________________________________________________________________
average_pooling2d_25 (AveragePo (None, 8, 64, 625)   0           mix_depth_group_convolution2d_25[
__________________________________________________________________________________________________
batch_normalization (BatchNorma (None, 8, 64, 625)   2500        average_pooling2d[0][0]          
__________________________________________________________________________________________________
batch_normalization_5 (BatchNor (None, 8, 64, 625)   2500        average_pooling2d_5[0][0]        
__________________________________________________________________________________________________
batch_normalization_10 (BatchNo (None, 8, 64, 625)   2500        average_pooling2d_10[0][0]       
__________________________________________________________________________________________________
batch_normalization_15 (BatchNo (None, 8, 64, 625)   2500        average_pooling2d_15[0][0]       
__________________________________________________________________________________________________
batch_normalization_20 (BatchNo (None, 8, 64, 625)   2500        average_pooling2d_20[0][0]       
__________________________________________________________________________________________________
batch_normalization_25 (BatchNo (None, 8, 64, 625)   2500        average_pooling2d_25[0][0]       
__________________________________________________________________________________________________
conv2d_1 (Conv2D)               (None, 16, 64, 625)  1168        batch_normalization[0][0]        
__________________________________________________________________________________________________
conv2d_6 (Conv2D)               (None, 16, 64, 625)  1168        batch_normalization_5[0][0]      
__________________________________________________________________________________________________
conv2d_11 (Conv2D)              (None, 16, 64, 625)  1168        batch_normalization_10[0][0]     
__________________________________________________________________________________________________
conv2d_16 (Conv2D)              (None, 16, 64, 625)  1168        batch_normalization_15[0][0]     
__________________________________________________________________________________________________
conv2d_21 (Conv2D)              (None, 16, 64, 625)  1168        batch_normalization_20[0][0]     
__________________________________________________________________________________________________
conv2d_26 (Conv2D)              (None, 16, 64, 625)  1168        batch_normalization_25[0][0]     
__________________________________________________________________________________________________
mix_depth_group_convolution2d_1 (None, 16, 64, 625)  2160        conv2d_1[0][0]                   
__________________________________________________________________________________________________
mix_depth_group_convolution2d_6 (None, 16, 64, 625)  2160        conv2d_6[0][0]                   
__________________________________________________________________________________________________
mix_depth_group_convolution2d_1 (None, 16, 64, 625)  2160        conv2d_11[0][0]                  
__________________________________________________________________________________________________
mix_depth_group_convolution2d_1 (None, 16, 64, 625)  2160        conv2d_16[0][0]                  
__________________________________________________________________________________________________
mix_depth_group_convolution2d_2 (None, 16, 64, 625)  2160        conv2d_21[0][0]                  
__________________________________________________________________________________________________
mix_depth_group_convolution2d_2 (None, 16, 64, 625)  2160        conv2d_26[0][0]                  
__________________________________________________________________________________________________
average_pooling2d_1 (AveragePoo (None, 16, 32, 313)  0           mix_depth_group_convolution2d_1[0
__________________________________________________________________________________________________
average_pooling2d_6 (AveragePoo (None, 16, 32, 313)  0           mix_depth_group_convolution2d_6[0
__________________________________________________________________________________________________
average_pooling2d_11 (AveragePo (None, 16, 32, 313)  0           mix_depth_group_convolution2d_11[
__________________________________________________________________________________________________
average_pooling2d_16 (AveragePo (None, 16, 32, 313)  0           mix_depth_group_convolution2d_16[
__________________________________________________________________________________________________
average_pooling2d_21 (AveragePo (None, 16, 32, 313)  0           mix_depth_group_convolution2d_21[
__________________________________________________________________________________________________
average_pooling2d_26 (AveragePo (None, 16, 32, 313)  0           mix_depth_group_convolution2d_26[
__________________________________________________________________________________________________
batch_normalization_1 (BatchNor (None, 16, 32, 313)  1252        average_pooling2d_1[0][0]        
__________________________________________________________________________________________________
batch_normalization_6 (BatchNor (None, 16, 32, 313)  1252        average_pooling2d_6[0][0]        
__________________________________________________________________________________________________
batch_normalization_11 (BatchNo (None, 16, 32, 313)  1252        average_pooling2d_11[0][0]       
__________________________________________________________________________________________________
batch_normalization_16 (BatchNo (None, 16, 32, 313)  1252        average_pooling2d_16[0][0]       
__________________________________________________________________________________________________
batch_normalization_21 (BatchNo (None, 16, 32, 313)  1252        average_pooling2d_21[0][0]       
__________________________________________________________________________________________________
batch_normalization_26 (BatchNo (None, 16, 32, 313)  1252        average_pooling2d_26[0][0]       
__________________________________________________________________________________________________
conv2d_2 (Conv2D)               (None, 32, 32, 313)  4640        batch_normalization_1[0][0]      
__________________________________________________________________________________________________
conv2d_7 (Conv2D)               (None, 32, 32, 313)  4640        batch_normalization_6[0][0]      
__________________________________________________________________________________________________
conv2d_12 (Conv2D)              (None, 32, 32, 313)  4640        batch_normalization_11[0][0]     
__________________________________________________________________________________________________
conv2d_17 (Conv2D)              (None, 32, 32, 313)  4640        batch_normalization_16[0][0]     
__________________________________________________________________________________________________
conv2d_22 (Conv2D)              (None, 32, 32, 313)  4640        batch_normalization_21[0][0]     
__________________________________________________________________________________________________
conv2d_27 (Conv2D)              (None, 32, 32, 313)  4640        batch_normalization_26[0][0]     
__________________________________________________________________________________________________
mix_depth_group_convolution2d_2 (None, 32, 32, 313)  4320        conv2d_2[0][0]                   
__________________________________________________________________________________________________
mix_depth_group_convolution2d_7 (None, 32, 32, 313)  4320        conv2d_7[0][0]                   
__________________________________________________________________________________________________
mix_depth_group_convolution2d_1 (None, 32, 32, 313)  4320        conv2d_12[0][0]                  
__________________________________________________________________________________________________
mix_depth_group_convolution2d_1 (None, 32, 32, 313)  4320        conv2d_17[0][0]                  
__________________________________________________________________________________________________
mix_depth_group_convolution2d_2 (None, 32, 32, 313)  4320        conv2d_22[0][0]                  
__________________________________________________________________________________________________
mix_depth_group_convolution2d_2 (None, 32, 32, 313)  4320        conv2d_27[0][0]                  
__________________________________________________________________________________________________
average_pooling2d_2 (AveragePoo (None, 32, 16, 157)  0           mix_depth_group_convolution2d_2[0
__________________________________________________________________________________________________
average_pooling2d_7 (AveragePoo (None, 32, 16, 157)  0           mix_depth_group_convolution2d_7[0
__________________________________________________________________________________________________
average_pooling2d_12 (AveragePo (None, 32, 16, 157)  0           mix_depth_group_convolution2d_12[
__________________________________________________________________________________________________
average_pooling2d_17 (AveragePo (None, 32, 16, 157)  0           mix_depth_group_convolution2d_17[
__________________________________________________________________________________________________
average_pooling2d_22 (AveragePo (None, 32, 16, 157)  0           mix_depth_group_convolution2d_22[
__________________________________________________________________________________________________
average_pooling2d_27 (AveragePo (None, 32, 16, 157)  0           mix_depth_group_convolution2d_27[
__________________________________________________________________________________________________
batch_normalization_2 (BatchNor (None, 32, 16, 157)  628         average_pooling2d_2[0][0]        
__________________________________________________________________________________________________
batch_normalization_7 (BatchNor (None, 32, 16, 157)  628         average_pooling2d_7[0][0]        
__________________________________________________________________________________________________
batch_normalization_12 (BatchNo (None, 32, 16, 157)  628         average_pooling2d_12[0][0]       
__________________________________________________________________________________________________
batch_normalization_17 (BatchNo (None, 32, 16, 157)  628         average_pooling2d_17[0][0]       
__________________________________________________________________________________________________
batch_normalization_22 (BatchNo (None, 32, 16, 157)  628         average_pooling2d_22[0][0]       
__________________________________________________________________________________________________
batch_normalization_27 (BatchNo (None, 32, 16, 157)  628         average_pooling2d_27[0][0]       
__________________________________________________________________________________________________
conv2d_3 (Conv2D)               (None, 64, 16, 157)  18496       batch_normalization_2[0][0]      
__________________________________________________________________________________________________
conv2d_8 (Conv2D)               (None, 64, 16, 157)  18496       batch_normalization_7[0][0]      
__________________________________________________________________________________________________
conv2d_13 (Conv2D)              (None, 64, 16, 157)  18496       batch_normalization_12[0][0]     
__________________________________________________________________________________________________
conv2d_18 (Conv2D)              (None, 64, 16, 157)  18496       batch_normalization_17[0][0]     
__________________________________________________________________________________________________
conv2d_23 (Conv2D)              (None, 64, 16, 157)  18496       batch_normalization_22[0][0]     
__________________________________________________________________________________________________
conv2d_28 (Conv2D)              (None, 64, 16, 157)  18496       batch_normalization_27[0][0]     
__________________________________________________________________________________________________
mix_depth_group_convolution2d_3 (None, 64, 16, 157)  8640        conv2d_3[0][0]                   
__________________________________________________________________________________________________
mix_depth_group_convolution2d_8 (None, 64, 16, 157)  8640        conv2d_8[0][0]                   
__________________________________________________________________________________________________
mix_depth_group_convolution2d_1 (None, 64, 16, 157)  8640        conv2d_13[0][0]                  
__________________________________________________________________________________________________
mix_depth_group_convolution2d_1 (None, 64, 16, 157)  8640        conv2d_18[0][0]                  
__________________________________________________________________________________________________
mix_depth_group_convolution2d_2 (None, 64, 16, 157)  8640        conv2d_23[0][0]                  
__________________________________________________________________________________________________
mix_depth_group_convolution2d_2 (None, 64, 16, 157)  8640        conv2d_28[0][0]                  
__________________________________________________________________________________________________
average_pooling2d_3 (AveragePoo (None, 64, 8, 79)    0           mix_depth_group_convolution2d_3[0
__________________________________________________________________________________________________
average_pooling2d_8 (AveragePoo (None, 64, 8, 79)    0           mix_depth_group_convolution2d_8[0
__________________________________________________________________________________________________
average_pooling2d_13 (AveragePo (None, 64, 8, 79)    0           mix_depth_group_convolution2d_13[
__________________________________________________________________________________________________
average_pooling2d_18 (AveragePo (None, 64, 8, 79)    0           mix_depth_group_convolution2d_18[
__________________________________________________________________________________________________
average_pooling2d_23 (AveragePo (None, 64, 8, 79)    0           mix_depth_group_convolution2d_23[
__________________________________________________________________________________________________
average_pooling2d_28 (AveragePo (None, 64, 8, 79)    0           mix_depth_group_convolution2d_28[
__________________________________________________________________________________________________
batch_normalization_3 (BatchNor (None, 64, 8, 79)    316         average_pooling2d_3[0][0]        
__________________________________________________________________________________________________
batch_normalization_8 (BatchNor (None, 64, 8, 79)    316         average_pooling2d_8[0][0]        
__________________________________________________________________________________________________
batch_normalization_13 (BatchNo (None, 64, 8, 79)    316         average_pooling2d_13[0][0]       
__________________________________________________________________________________________________
batch_normalization_18 (BatchNo (None, 64, 8, 79)    316         average_pooling2d_18[0][0]       
__________________________________________________________________________________________________
batch_normalization_23 (BatchNo (None, 64, 8, 79)    316         average_pooling2d_23[0][0]       
__________________________________________________________________________________________________
batch_normalization_28 (BatchNo (None, 64, 8, 79)    316         average_pooling2d_28[0][0]       
__________________________________________________________________________________________________
conv2d_4 (Conv2D)               (None, 128, 8, 79)   73856       batch_normalization_3[0][0]      
__________________________________________________________________________________________________
conv2d_9 (Conv2D)               (None, 128, 8, 79)   73856       batch_normalization_8[0][0]      
__________________________________________________________________________________________________
conv2d_14 (Conv2D)              (None, 128, 8, 79)   73856       batch_normalization_13[0][0]     
__________________________________________________________________________________________________
conv2d_19 (Conv2D)              (None, 128, 8, 79)   73856       batch_normalization_18[0][0]     
__________________________________________________________________________________________________
conv2d_24 (Conv2D)              (None, 128, 8, 79)   73856       batch_normalization_23[0][0]     
__________________________________________________________________________________________________
conv2d_29 (Conv2D)              (None, 128, 8, 79)   73856       batch_normalization_28[0][0]     
__________________________________________________________________________________________________
mix_depth_group_convolution2d_4 (None, 128, 8, 79)   17280       conv2d_4[0][0]                   
__________________________________________________________________________________________________
mix_depth_group_convolution2d_9 (None, 128, 8, 79)   17280       conv2d_9[0][0]                   
__________________________________________________________________________________________________
mix_depth_group_convolution2d_1 (None, 128, 8, 79)   17280       conv2d_14[0][0]                  
__________________________________________________________________________________________________
mix_depth_group_convolution2d_1 (None, 128, 8, 79)   17280       conv2d_19[0][0]                  
__________________________________________________________________________________________________
mix_depth_group_convolution2d_2 (None, 128, 8, 79)   17280       conv2d_24[0][0]                  
__________________________________________________________________________________________________
mix_depth_group_convolution2d_2 (None, 128, 8, 79)   17280       conv2d_29[0][0]                  
__________________________________________________________________________________________________
average_pooling2d_4 (AveragePoo (None, 128, 4, 40)   0           mix_depth_group_convolution2d_4[0
__________________________________________________________________________________________________
average_pooling2d_9 (AveragePoo (None, 128, 4, 40)   0           mix_depth_group_convolution2d_9[0
__________________________________________________________________________________________________
average_pooling2d_14 (AveragePo (None, 128, 4, 40)   0           mix_depth_group_convolution2d_14[
__________________________________________________________________________________________________
average_pooling2d_19 (AveragePo (None, 128, 4, 40)   0           mix_depth_group_convolution2d_19[
__________________________________________________________________________________________________2021-04-19 13:49:21.238766: I tensorflow/compiler/mlir/mlir_graph_optimization_pass.cc:116] None of the MLIR optimization passes are enabled (registered 2)
2021-04-19 13:49:21.240242: I tensorflow/core/platform/profile_utils/cpu_utils.cc:112] CPU Frequency: 2299995000 Hz
2021-04-19 13:49:36.563161: I tensorflow/stream_executor/platform/default/dso_loader.cc:49] Successfully opened dynamic library libcublas.so.11
2021-04-19 13:49:37.911715: I tensorflow/stream_executor/platform/default/dso_loader.cc:49] Successfully opened dynamic library libcublasLt.so.11
2021-04-19 13:49:38.090164: I tensorflow/stream_executor/platform/default/dso_loader.cc:49] Successfully opened dynamic library libcudnn.so.8
2021-04-19 13:49:41.946600: I tensorflow/core/profiler/lib/profiler_session.cc:136] Profiler session initializing.
2021-04-19 13:49:41.946654: I tensorflow/core/profiler/lib/profiler_session.cc:155] Profiler session started.
2021-04-19 13:49:43.633309: I tensorflow/core/profiler/lib/profiler_session.cc:71] Profiler session collecting data.
2021-04-19 13:49:43.636180: I tensorflow/core/profiler/internal/gpu/cupti_tracer.cc:1487] CUPTI activity buffer flushed
2021-04-19 13:49:43.729470: I tensorflow/core/profiler/internal/gpu/cupti_collector.cc:228]  GpuTracer has collected 2567 callback api events and 2563 activity events. 
2021-04-19 13:49:43.865632: I tensorflow/core/profiler/lib/profiler_session.cc:172] Profiler session tear down.
[[0 51]
 [0 24]]

average_pooling2d_24 (AveragePo (None, 128, 4, 40)   0           mix_depth_group_convolution2d_24[
__________________________________________________________________________________________________
average_pooling2d_29 (AveragePo (None, 128, 4, 40)   0           mix_depth_group_convolution2d_29[
__________________________________________________________________________________________________
batch_normalization_4 (BatchNor (None, 128, 4, 40)   160         average_pooling2d_4[0][0]        
__________________________________________________________________________________________________
batch_normalization_9 (BatchNor (None, 128, 4, 40)   160         average_pooling2d_9[0][0]        
__________________________________________________________________________________________________
batch_normalization_14 (BatchNo (None, 128, 4, 40)   160         average_pooling2d_14[0][0]       
__________________________________________________________________________________________________
batch_normalization_19 (BatchNo (None, 128, 4, 40)   160         average_pooling2d_19[0][0]       
__________________________________________________________________________________________________
batch_normalization_24 (BatchNo (None, 128, 4, 40)   160         average_pooling2d_24[0][0]       
__________________________________________________________________________________________________
batch_normalization_29 (BatchNo (None, 128, 4, 40)   160         average_pooling2d_29[0][0]       
__________________________________________________________________________________________________
global_average_pooling2d (Globa (None, 128)          0           batch_normalization_4[0][0]      
__________________________________________________________________________________________________
global_average_pooling2d_1 (Glo (None, 128)          0           batch_normalization_9[0][0]      
__________________________________________________________________________________________________
global_average_pooling2d_2 (Glo (None, 128)          0           batch_normalization_14[0][0]     
__________________________________________________________________________________________________
global_average_pooling2d_3 (Glo (None, 128)          0           batch_normalization_19[0][0]     
__________________________________________________________________________________________________
global_average_pooling2d_4 (Glo (None, 128)          0           batch_normalization_24[0][0]     
__________________________________________________________________________________________________
global_average_pooling2d_5 (Glo (None, 128)          0           batch_normalization_29[0][0]     
__________________________________________________________________________________________________
dense (Dense)                   (None, 1)            129         global_average_pooling2d[0][0]   
__________________________________________________________________________________________________
dense_1 (Dense)                 (None, 1)            129         global_average_pooling2d_1[0][0] 
__________________________________________________________________________________________________
dense_2 (Dense)                 (None, 1)            129         global_average_pooling2d_2[0][0] 
__________________________________________________________________________________________________
dense_3 (Dense)                 (None, 1)            129         global_average_pooling2d_3[0][0] 
__________________________________________________________________________________________________
dense_4 (Dense)                 (None, 1)            129         global_average_pooling2d_4[0][0] 
__________________________________________________________________________________________________
dense_5 (Dense)                 (None, 1)            129         global_average_pooling2d_5[0][0] 
__________________________________________________________________________________________________
concatenate (Concatenate)       (None, 6)            0           dense[0][0]                      
                                                                 dense_1[0][0]                    
                                                                 dense_2[0][0]                    
                                                                 dense_3[0][0]                    
                                                                 dense_4[0][0]                    
                                                                 dense_5[0][0]                    
__________________________________________________________________________________________________
dense_6 (Dense)                 (None, 32)           224         concatenate[0][0]                
__________________________________________________________________________________________________
dense_7 (Dense)                 (None, 1)            33          dense_6[0][0]                    
==================================================================================================
Total params: 820,487
Trainable params: 805,919
Non-trainable params: 14,568
__________________________________________________________________________________________________
Epoch 1/40
76/76 - 106s - loss: 0.6905 - accuracy: 0.3059 - precision: 0.2614 - recall: 0.8118 - gen_confusion_matrix: 1.0000 - val_loss: 0.7220 - val_accuracy: 0.3200 - val_precision: 0.3200 - val_recall: 1.0000 - val_gen_confusion_matrix: 18.7500
[[0 51]
 [0 24]]
Epoch 2/40
76/76 - 79s - loss: 0.6892 - accuracy: 0.4046 - precision: 0.2600 - recall: 0.6118 - gen_confusion_matrix: 1.0000 - val_loss: 0.7225 - val_accuracy: 0.3200 - val_precision: 0.3200 - val_recall: 1.0000 - val_gen_confusion_matrix: 18.7500
[[0 51]
 [0 24]]
Epoch 3/40
76/76 - 81s - loss: 0.6873 - accuracy: 0.5000 - precision: 0.2519 - recall: 0.4000 - gen_confusion_matrix: 1.0201 - val_loss: 0.7239 - val_accuracy: 0.3200 - val_precision: 0.3200 - val_recall: 1.0000 - val_gen_confusion_matrix: 18.7500
[[0 51]
 [0 24]]
Epoch 4/40
76/76 - 79s - loss: 0.6852 - accuracy: 0.5625 - precision: 0.3261 - recall: 0.5294 - gen_confusion_matrix: 1.0100 - val_loss: 0.7252 - val_accuracy: 0.3200 - val_precision: 0.3200 - val_recall: 1.0000 - val_gen_confusion_matrix: 18.7500
[[0 51]
 [0 24]]
Epoch 5/40
76/76 - 68s - loss: 0.6856 - accuracy: 0.5526 - precision: 0.2992 - recall: 0.4471 - gen_confusion_matrix: 1.0100 - val_loss: 0.7269 - val_accuracy: 0.3200 - val_precision: 0.3200 - val_recall: 1.0000 - val_gen_confusion_matrix: 18.7500
[[0 51]
 [0 24]]
Epoch 6/40
76/76 - 61s - loss: 0.6846 - accuracy: 0.6414 - precision: 0.3571 - recall: 0.3529 - gen_confusion_matrix: 1.0857 - val_loss: 0.7267 - val_accuracy: 0.3200 - val_precision: 0.3200 - val_recall: 1.0000 - val_gen_confusion_matrix: 18.7500
[[0 51]
 [0 24]]
Epoch 7/40
76/76 - 61s - loss: 0.6842 - accuracy: 0.5987 - precision: 0.3609 - recall: 0.5647 - gen_confusion_matrix: 1.0305 - val_loss: 0.7247 - val_accuracy: 0.3200 - val_precision: 0.3200 - val_recall: 1.0000 - val_gen_confusion_matrix: 18.7500
[[0 51]
 [0 24]]

Epoch 00007: ReduceLROnPlateau reducing learning rate to 7.499999810534064e-06.
Epoch 8/40
76/76 - 60s - loss: 0.6806 - accuracy: 0.6711 - precision: 0.4074 - recall: 0.3882 - gen_confusion_matrix: 1.0742 - val_loss: 0.7153 - val_accuracy: 0.3200 - val_precision: 0.3200 - val_recall: 1.0000 - val_gen_confusion_matrix: 18.7500
[[3 48]
 [2 22]]
Epoch 9/40
76/76 - 61s - loss: 0.6818 - accuracy: 0.5789 - precision: 0.3359 - recall: 0.5176 - gen_confusion_matrix: 1.0305 - val_loss: 0.7052 - val_accuracy: 0.3333 - val_precision: 0.3143 - val_recall: 0.9167 - val_gen_confusion_matrix: 18.7500
[[24 27]
 [7 17]]
Epoch 10/40
76/76 - 60s - loss: 0.6815 - accuracy: 0.6513 - precision: 0.3433 - recall: 0.2706 - gen_confusion_matrix: 1.0975 - val_loss: 0.6942 - val_accuracy: 0.5467 - val_precision: 0.3864 - val_recall: 0.7083 - val_gen_confusion_matrix: 18.7500
[[38 13]
 [13 11]]
Epoch 11/40
76/76 - 60s - loss: 0.6811 - accuracy: 0.6316 - precision: 0.3448 - recall: 0.3529 - gen_confusion_matrix: 1.0411 - val_loss: 0.6858 - val_accuracy: 0.6533 - val_precision: 0.4583 - val_recall: 0.4583 - val_gen_confusion_matrix: 18.7500
[[43 8]
 [17 7]]
Epoch 12/40
76/76 - 60s - loss: 0.6808 - accuracy: 0.6382 - precision: 0.3596 - recall: 0.3765 - gen_confusion_matrix: 1.0519 - val_loss: 0.6812 - val_accuracy: 0.6667 - val_precision: 0.4667 - val_recall: 0.2917 - val_gen_confusion_matrix: 18.7500
[[43 8]
 [17 7]]
Epoch 13/40
76/76 - 61s - loss: 0.6816 - accuracy: 0.6678 - precision: 0.3750 - recall: 0.2824 - gen_confusion_matrix: 1.1343 - val_loss: 0.6780 - val_accuracy: 0.6667 - val_precision: 0.4667 - val_recall: 0.2917 - val_gen_confusion_matrix: 18.7500
[[39 12]
 [14 10]]
Epoch 14/40
76/76 - 61s - loss: 0.6787 - accuracy: 0.6579 - precision: 0.3733 - recall: 0.3294 - gen_confusion_matrix: 1.0519 - val_loss: 0.6785 - val_accuracy: 0.6533 - val_precision: 0.4545 - val_recall: 0.4167 - val_gen_confusion_matrix: 18.7500
[[38 13]
 [12 12]]
Epoch 15/40
76/76 - 60s - loss: 0.6799 - accuracy: 0.6316 - precision: 0.3805 - recall: 0.5059 - gen_confusion_matrix: 1.0100 - val_loss: 0.6792 - val_accuracy: 0.6667 - val_precision: 0.4800 - val_recall: 0.5000 - val_gen_confusion_matrix: 18.7500
[[40 11]
 [14 10]]
Epoch 16/40
76/76 - 60s - loss: 0.6781 - accuracy: 0.6579 - precision: 0.3766 - recall: 0.3412 - gen_confusion_matrix: 1.0411 - val_loss: 0.6743 - val_accuracy: 0.6667 - val_precision: 0.4762 - val_recall: 0.4167 - val_gen_confusion_matrix: 18.7500
[[39 12]
 [12 12]]
Epoch 17/40
76/76 - 61s - loss: 0.6776 - accuracy: 0.6349 - precision: 0.3774 - recall: 0.4706 - gen_confusion_matrix: 1.0305 - val_loss: 0.6771 - val_accuracy: 0.6800 - val_precision: 0.5000 - val_recall: 0.5000 - val_gen_confusion_matrix: 18.7500
[[39 12]
 [13 11]]
Epoch 18/40
76/76 - 60s - loss: 0.6772 - accuracy: 0.6349 - precision: 0.3725 - recall: 0.4471 - gen_confusion_matrix: 1.0305 - val_loss: 0.6749 - val_accuracy: 0.6667 - val_precision: 0.4783 - val_recall: 0.4583 - val_gen_confusion_matrix: 18.7500
[[38 13]
 [12 12]]
Epoch 19/40
76/76 - 60s - loss: 0.6768 - accuracy: 0.6678 - precision: 0.4245 - recall: 0.5294 - gen_confusion_matrix: 1.0201 - val_loss: 0.6765 - val_accuracy: 0.6667 - val_precision: 0.4800 - val_recall: 0.5000 - val_gen_confusion_matrix: 18.7500
[[38 13]
 [12 12]]
Epoch 20/40
76/76 - 61s - loss: 0.6791 - accuracy: 0.6184 - precision: 0.3604 - recall: 0.4706 - gen_confusion_matrix: 1.0411 - val_loss: 0.6769 - val_accuracy: 0.6667 - val_precision: 0.4800 - val_recall: 0.5000 - val_gen_confusion_matrix: 18.7500
[[39 12]
 [13 11]]
Epoch 21/40
76/76 - 60s - loss: 0.6768 - accuracy: 0.6579 - precision: 0.3933 - recall: 0.4118 - gen_confusion_matrix: 1.0201 - val_loss: 0.6766 - val_accuracy: 0.6667 - val_precision: 0.4783 - val_recall: 0.4583 - val_gen_confusion_matrix: 18.7500
[[37 14]
 [12 12]]
Epoch 22/40
76/76 - 60s - loss: 0.6781 - accuracy: 0.6316 - precision: 0.3761 - recall: 0.4824 - gen_confusion_matrix: 1.0519 - val_loss: 0.6776 - val_accuracy: 0.6533 - val_precision: 0.4615 - val_recall: 0.5000 - val_gen_confusion_matrix: 18.7500
[[39 12]
 [13 11]]
Epoch 23/40
76/76 - 60s - loss: 0.6766 - accuracy: 0.6711 - precision: 0.4299 - recall: 0.5412 - gen_confusion_matrix: 1.0201 - val_loss: 0.6742 - val_accuracy: 0.6667 - val_precision: 0.4783 - val_recall: 0.4583 - val_gen_confusion_matrix: 18.7500
[[39 12]
 [13 11]]

Epoch 00023: ReduceLROnPlateau reducing learning rate to 5.624999857900548e-06.
Epoch 24/40
76/76 - 60s - loss: 0.6754 - accuracy: 0.6579 - precision: 0.4159 - recall: 0.5529 - gen_confusion_matrix: 1.0305 - val_loss: 0.6761 - val_accuracy: 0.6667 - val_precision: 0.4783 - val_recall: 0.4583 - val_gen_confusion_matrix: 18.7500
[[39 12]
 [13 11]]
Epoch 25/40
76/76 - 60s - loss: 0.6714 - accuracy: 0.6382 - precision: 0.3932 - recall: 0.5412 - gen_confusion_matrix: 1.0201 - val_loss: 0.6743 - val_accuracy: 0.6667 - val_precision: 0.4783 - val_recall: 0.4583 - val_gen_confusion_matrix: 18.7500
[[38 13]
 [13 11]]
Epoch 26/40
76/76 - 60s - loss: 0.6738 - accuracy: 0.6414 - precision: 0.3909 - recall: 0.5059 - gen_confusion_matrix: 1.0201 - val_loss: 0.6748 - val_accuracy: 0.6533 - val_precision: 0.4583 - val_recall: 0.4583 - val_gen_confusion_matrix: 18.7500
[[38 13]
 [13 11]]
Epoch 27/40
76/76 - 60s - loss: 0.6754 - accuracy: 0.6480 - precision: 0.3900 - recall: 0.4588 - gen_confusion_matrix: 1.0305 - val_loss: 0.6750 - val_accuracy: 0.6533 - val_precision: 0.4583 - val_recall: 0.4583 - val_gen_confusion_matrix: 18.7500
[[39 12]
 [13 11]]
Epoch 28/40
76/76 - 60s - loss: 0.6757 - accuracy: 0.6447 - precision: 0.3861 - recall: 0.4588 - gen_confusion_matrix: 1.0201 - val_loss: 0.6729 - val_accuracy: 0.6667 - val_precision: 0.4783 - val_recall: 0.4583 - val_gen_confusion_matrix: 18.7500
[[38 13]
 [13 11]]
Epoch 29/40
76/76 - 60s - loss: 0.6737 - accuracy: 0.6612 - precision: 0.4118 - recall: 0.4941 - gen_confusion_matrix: 1.0411 - val_loss: 0.6749 - val_accuracy: 0.6533 - val_precision: 0.4583 - val_recall: 0.4583 - val_gen_confusion_matrix: 18.7500
[[37 14]
 [13 11]]

Epoch 00029: ReduceLROnPlateau reducing learning rate to 4.2187500639556674e-06.
Epoch 30/40
76/76 - 61s - loss: 0.6746 - accuracy: 0.6546 - precision: 0.4091 - recall: 0.5294 - gen_confusion_matrix: 1.0629 - val_loss: 0.6754 - val_accuracy: 0.6400 - val_precision: 0.4400 - val_recall: 0.4583 - val_gen_confusion_matrix: 18.7500
[[38 13]
 [13 11]]
Epoch 31/40
76/76 - 60s - loss: 0.6742 - accuracy: 0.6546 - precision: 0.4057 - recall: 0.5059 - gen_confusion_matrix: 1.0201 - val_loss: 0.6753 - val_accuracy: 0.6533 - val_precision: 0.4583 - val_recall: 0.4583 - val_gen_confusion_matrix: 18.7500
[[36 15]
 [11 13]]
Epoch 32/40
76/76 - 60s - loss: 0.6762 - accuracy: 0.6382 - precision: 0.3932 - recall: 0.5412 - gen_confusion_matrix: 1.0100 - val_loss: 0.6760 - val_accuracy: 0.6533 - val_precision: 0.4643 - val_recall: 0.5417 - val_gen_confusion_matrix: 18.7500
[[38 13]
 [13 11]]
Epoch 33/40
76/76 - 60s - loss: 0.6764 - accuracy: 0.6217 - precision: 0.3585 - recall: 0.4471 - gen_confusion_matrix: 1.0201 - val_loss: 0.6745 - val_accuracy: 0.6533 - val_precision: 0.4583 - val_recall: 0.4583 - val_gen_confusion_matrix: 18.7500
[[36 15]
 [10 14]]
Epoch 34/40
76/76 - 60s - loss: 0.6761 - accuracy: 0.6020 - precision: 0.3571 - recall: 0.5294 - gen_confusion_matrix: 1.0305 - val_loss: 0.6758 - val_accuracy: 0.6667 - val_precision: 0.4828 - val_recall: 0.5833 - val_gen_confusion_matrix: 18.7500
[[38 13]
 [13 11]]
Epoch 35/40
76/76 - 60s - loss: 0.6743 - accuracy: 0.6612 - precision: 0.4135 - recall: 0.5059 - gen_confusion_matrix: 1.0519 - val_loss: 0.6745 - val_accuracy: 0.6533 - val_precision: 0.4583 - val_recall: 0.4583 - val_gen_confusion_matrix: 18.7500
[[38 13]
 [11 13]]

Epoch 00035: ReduceLROnPlateau reducing learning rate to 3.164062718497007e-06.
Epoch 36/40
76/76 - 60s - loss: 0.6736 - accuracy: 0.6612 - precision: 0.4118 - recall: 0.4941 - gen_confusion_matrix: 1.0411 - val_loss: 0.6748 - val_accuracy: 0.6800 - val_precision: 0.5000 - val_recall: 0.5417 - val_gen_confusion_matrix: 18.7500
[[34 17]
 [11 13]]
Epoch 37/40
76/76 - 60s - loss: 0.6693 - accuracy: 0.6711 - precision: 0.4370 - recall: 0.6118 - gen_confusion_matrix: 1.0201 - val_loss: 0.6753 - val_accuracy: 0.6267 - val_precision: 0.4333 - val_recall: 0.5417 - val_gen_confusion_matrix: 18.7500
[[36 15]
 [11 13]]
Epoch 38/40
76/76 - 60s - loss: 0.6745 - accuracy: 0.6513 - precision: 0.3960 - recall: 0.4706 - gen_confusion_matrix: 1.0201 - val_loss: 0.6747 - val_accuracy: 0.6533 - val_precision: 0.4643 - val_recall: 0.5417 - val_gen_confusion_matrix: 18.7500
[[36 15]
 [11 13]]
Epoch 39/40
76/76 - 61s - loss: 0.6727 - accuracy: 0.6678 - precision: 0.4259 - recall: 0.5412 - gen_confusion_matrix: 1.0519 - val_loss: 0.6754 - val_accuracy: 0.6533 - val_precision: 0.4643 - val_recall: 0.5417 - val_gen_confusion_matrix: 18.7500
[[34 17]
 [11 13]]
Epoch 40/40
76/76 - 60s - loss: 0.6722 - accuracy: 0.6678 - precision: 0.4245 - recall: 0.5294 - gen_confusion_matrix: 1.0411 - val_loss: 0.6751 - val_accuracy: 0.6267 - val_precision: 0.4333 - val_recall: 0.5417 - val_gen_confusion_matrix: 18.7500

 See logs at ../../cache/conv___04_1347___all_sw_coch_preprocessed_v2_param_v29_augm_v0_cleaned_8000___multi_bis___2071/logs/