Category:  coch
Dataset:  all_sw_coch_preprocessed_v2_param_v29_augm_v0_cleaned_8000.pkl
File:  conv.train2077
Description:  redo
2021-04-29 21:17:30.454370: I tensorflow/stream_executor/platform/default/dso_loader.cc:49] Successfully opened dynamic library libcudart.so.11.0
2021-04-29 21:17:32.688258: I tensorflow/compiler/jit/xla_cpu_device.cc:41] Not creating XLA devices, tf_xla_enable_xla_devices not set
2021-04-29 21:17:32.689311: I tensorflow/stream_executor/platform/default/dso_loader.cc:49] Successfully opened dynamic library libcuda.so.1
2021-04-29 21:17:32.744203: I tensorflow/stream_executor/cuda/cuda_gpu_executor.cc:941] successful NUMA node read from SysFS had negative value (-1), but there must be at least one NUMA node, so returning NUMA node zero
2021-04-29 21:17:32.745019: I tensorflow/core/common_runtime/gpu/gpu_device.cc:1720] Found device 0 with properties: 
pciBusID: 0000:00:04.0 name: Tesla T4 computeCapability: 7.5
coreClock: 1.59GHz coreCount: 40 deviceMemorySize: 14.75GiB deviceMemoryBandwidth: 298.08GiB/s
2021-04-29 21:17:32.745056: I tensorflow/stream_executor/platform/default/dso_loader.cc:49] Successfully opened dynamic library libcudart.so.11.0
2021-04-29 21:17:32.748813: I tensorflow/stream_executor/platform/default/dso_loader.cc:49] Successfully opened dynamic library libcublas.so.11
2021-04-29 21:17:32.748938: I tensorflow/stream_executor/platform/default/dso_loader.cc:49] Successfully opened dynamic library libcublasLt.so.11
2021-04-29 21:17:32.750158: I tensorflow/stream_executor/platform/default/dso_loader.cc:49] Successfully opened dynamic library libcufft.so.10
2021-04-29 21:17:32.750497: I tensorflow/stream_executor/platform/default/dso_loader.cc:49] Successfully opened dynamic library libcurand.so.10
2021-04-29 21:17:32.751586: I tensorflow/stream_executor/platform/default/dso_loader.cc:49] Successfully opened dynamic library libcusolver.so.10
2021-04-29 21:17:32.752543: I tensorflow/stream_executor/platform/default/dso_loader.cc:49] Successfully opened dynamic library libcusparse.so.11
2021-04-29 21:17:32.752724: I tensorflow/stream_executor/platform/default/dso_loader.cc:49] Successfully opened dynamic library libcudnn.so.8
2021-04-29 21:17:32.752876: I tensorflow/stream_executor/cuda/cuda_gpu_executor.cc:941] successful NUMA node read from SysFS had negative value (-1), but there must be at least one NUMA node, so returning NUMA node zero
2021-04-29 21:17:32.753773: I tensorflow/stream_executor/cuda/cuda_gpu_executor.cc:941] successful NUMA node read from SysFS had negative value (-1), but there must be at least one NUMA node, so returning NUMA node zero
2021-04-29 21:17:32.754501: I tensorflow/core/common_runtime/gpu/gpu_device.cc:1862] Adding visible gpu devices: 0
2021-04-29 21:17:32.756819: I tensorflow/compiler/jit/xla_gpu_device.cc:99] Not creating XLA devices, tf_xla_enable_xla_devices not set
2021-04-29 21:17:32.756992: I tensorflow/stream_executor/cuda/cuda_gpu_executor.cc:941] successful NUMA node read from SysFS had negative value (-1), but there must be at least one NUMA node, so returning NUMA node zero
2021-04-29 21:17:32.757763: I tensorflow/core/common_runtime/gpu/gpu_device.cc:1720] Found device 0 with properties: 
pciBusID: 0000:00:04.0 name: Tesla T4 computeCapability: 7.5
coreClock: 1.59GHz coreCount: 40 deviceMemorySize: 14.75GiB deviceMemoryBandwidth: 298.08GiB/s
2021-04-29 21:17:32.757789: I tensorflow/stream_executor/platform/default/dso_loader.cc:49] Successfully opened dynamic library libcudart.so.11.0
2021-04-29 21:17:32.757821: I tensorflow/stream_executor/platform/default/dso_loader.cc:49] Successfully opened dynamic library libcublas.so.11
2021-04-29 21:17:32.757837: I tensorflow/stream_executor/platform/default/dso_loader.cc:49] Successfully opened dynamic library libcublasLt.so.11
2021-04-29 21:17:32.757852: I tensorflow/stream_executor/platform/default/dso_loader.cc:49] Successfully opened dynamic library libcufft.so.10
2021-04-29 21:17:32.757866: I tensorflow/stream_executor/platform/default/dso_loader.cc:49] Successfully opened dynamic library libcurand.so.10
2021-04-29 21:17:32.757893: I tensorflow/stream_executor/platform/default/dso_loader.cc:49] Successfully opened dynamic library libcusolver.so.10
2021-04-29 21:17:32.757909: I tensorflow/stream_executor/platform/default/dso_loader.cc:49] Successfully opened dynamic library libcusparse.so.11
2021-04-29 21:17:32.757925: I tensorflow/stream_executor/platform/default/dso_loader.cc:49] Successfully opened dynamic library libcudnn.so.8
2021-04-29 21:17:32.758005: I tensorflow/stream_executor/cuda/cuda_gpu_executor.cc:941] successful NUMA node read from SysFS had negative value (-1), but there must be at least one NUMA node, so returning NUMA node zero
2021-04-29 21:17:32.758806: I tensorflow/stream_executor/cuda/cuda_gpu_executor.cc:941] successful NUMA node read from SysFS had negative value (-1), but there must be at least one NUMA node, so returning NUMA node zero
2021-04-29 21:17:32.759518: I tensorflow/core/common_runtime/gpu/gpu_device.cc:1862] Adding visible gpu devices: 0
2021-04-29 21:17:32.759559: I tensorflow/stream_executor/platform/default/dso_loader.cc:49] Successfully opened dynamic library libcudart.so.11.0
2021-04-29 21:17:33.549735: I tensorflow/core/common_runtime/gpu/gpu_device.cc:1261] Device interconnect StreamExecutor with strength 1 edge matrix:
2021-04-29 21:17:33.549785: I tensorflow/core/common_runtime/gpu/gpu_device.cc:1267]      0 
2021-04-29 21:17:33.549794: I tensorflow/core/common_runtime/gpu/gpu_device.cc:1280] 0:   N 
2021-04-29 21:17:33.550219: I tensorflow/stream_executor/cuda/cuda_gpu_executor.cc:941] successful NUMA node read from SysFS had negative value (-1), but there must be at least one NUMA node, so returning NUMA node zero
2021-04-29 21:17:33.551116: I tensorflow/stream_executor/cuda/cuda_gpu_executor.cc:941] successful NUMA node read from SysFS had negative value (-1), but there must be at least one NUMA node, so returning NUMA node zero
2021-04-29 21:17:33.551920: I tensorflow/stream_executor/cuda/cuda_gpu_executor.cc:941] successful NUMA node read from SysFS had negative value (-1), but there must be at least one NUMA node, so returning NUMA node zero
2021-04-29 21:17:33.552631: I tensorflow/core/common_runtime/gpu/gpu_device.cc:1406] Created TensorFlow device (/job:localhost/replica:0/task:0/device:GPU:0 with 13968 MB memory) -> physical GPU (device: 0, name: Tesla T4, pci bus id: 0000:00:04.0, compute capability: 7.5)
2021-04-29 21:17:33.971070: I tensorflow/core/profiler/lib/profiler_session.cc:136] Profiler session initializing.
2021-04-29 21:17:33.971125: I tensorflow/core/profiler/lib/profiler_session.cc:155] Profiler session started.
2021-04-29 21:17:33.971164: I tensorflow/core/profiler/internal/gpu/cupti_tracer.cc:1365] Profiler found 1 GPUs
2021-04-29 21:17:33.971409: W tensorflow/stream_executor/platform/default/dso_loader.cc:60] Could not load dynamic library 'libcupti.so.11.0'; dlerror: libcupti.so.11.0: cannot open shared object file: No such file or directory; LD_LIBRARY_PATH: /usr/local/cuda-11.2/lib64
2021-04-29 21:17:33.972341: I tensorflow/stream_executor/platform/default/dso_loader.cc:49] Successfully opened dynamic library libcupti.so
2021-04-29 21:17:34.179630: I tensorflow/core/profiler/lib/profiler_session.cc:172] Profiler session tear down.
2021-04-29 21:17:34.182296: I tensorflow/core/profiler/internal/gpu/cupti_tracer.cc:1487] CUPTI activity buffer flushed
Tensorflow Version: 2.4.0
Num GPUs Available:  1
-----------------------
Using module located at /main/models/conv/train2077.py
Using train_file located at ../../data/datasets/all_sw_coch_preprocessed_v2_param_v29_augm_v0_cleaned_8000.pkl
Using logs_path located at ../../cache/conv___04_2116___all_sw_coch_preprocessed_v2_param_v29_augm_v0_cleaned_8000___redo___2077/logs/
-----------------------
Collecting Variables...
Model Parameters: {'N_CLASSES': 1, 'SR': 8000, 'BATCH_SIZE': 16, 'LR': 0.00005, 'SHAPE': (128, 1250, 3), 'WEIGHT_DECAY': 0.001, 'LL2_REG': 0, 'EPSILON': 1e-07, 'LABEL_SMOOTHING': 0.4}
Learning Rate Parameters: {'factor': 0.75, 'patience': 4, 'min_lr': 1e-08}
Early Stopping Patience and Delta: 25, 1.0%
-----------------------
Size of training set: 4316
Size of validation set: 1078
Initializing weights...
weights = {0: 0.6776381909547738, 1: 1.9073550212164074}
Model: "conv2d"
__________________________________________________________________________________________________
Layer (type)                    Output Shape         Param #     Connected to                     
==================================================================================================
input_1 (InputLayer)            [(None, 128, 1250, 3 0                                            
__________________________________________________________________________________________________
batch_normalization (BatchNorma (None, 128, 1250, 3) 12          input_1[0][0]                    
__________________________________________________________________________________________________
conv2d (Conv2D)                 (None, 128, 1250, 16 64          batch_normalization[0][0]        
__________________________________________________________________________________________________
conv2d_2 (Conv2D)               (None, 128, 1250, 16 64          batch_normalization[0][0]        
__________________________________________________________________________________________________
max_pooling2d (MaxPooling2D)    (None, 128, 1250, 3) 0           batch_normalization[0][0]        
__________________________________________________________________________________________________
conv2d_1 (Conv2D)               (None, 128, 1250, 16 2320        conv2d[0][0]                     
__________________________________________________________________________________________________
conv2d_3 (Conv2D)               (None, 128, 1250, 16 6416        conv2d_2[0][0]                   
__________________________________________________________________________________________________
conv2d_4 (Conv2D)               (None, 128, 1250, 16 64          max_pooling2d[0][0]              
__________________________________________________________________________________________________
concatenate (Concatenate)       (None, 128, 1250, 48 0           conv2d_1[0][0]                   
                                                                 conv2d_3[0][0]                   
                                                                 conv2d_4[0][0]                   
__________________________________________________________________________________________________
average_pooling2d (AveragePooli (None, 64, 625, 48)  0           concatenate[0][0]                
__________________________________________________________________________________________________
batch_normalization_1 (BatchNor (None, 64, 625, 48)  192         average_pooling2d[0][0]          
__________________________________________________________________________________________________
dropout (Dropout)               (None, 64, 625, 48)  0           batch_normalization_1[0][0]      
__________________________________________________________________________________________________
mix_depth_group_convolution     (None, 64, 625, 48)  1242        dropout[0][0]                    
__________________________________________________________________________________________________
inverted_residual (InvertedResi (None, 64, 625, 32)  35840       mix_depth_group_convolution                  
__________________________________________________________________________________________________
inverted_residual_1 (InvertedRe (None, 64, 625, 32)  20864       inverted_residual[0][0]          
__________________________________________________________________________________________________
average_pooling2d_1 (AveragePoo (None, 32, 312, 32)  0           inverted_residual_1[0][0]        
__________________________________________________________________________________________________
batch_normalization_2 (BatchNor (None, 32, 312, 32)  128         average_pooling2d_1[0][0]        
__________________________________________________________________________________________________
dropout_1 (Dropout)             (None, 32, 312, 32)  0           batch_normalization_2[0][0]      
__________________________________________________________________________________________________
inverted_residual_2 (InvertedRe (None, 32, 312, 64)  27136       dropout_1[0][0]                  
__________________________________________________________________________________________________
inverted_residual_3 (InvertedRe (None, 32, 312, 64)  66304       inverted_residual_2[0][0]        
__________________________________________________________________________________________________
average_pooling2d_2 (AveragePoo (None, 16, 156, 64)  0           inverted_residual_3[0][0]        
__________________________________________________________________________________________________
batch_normalization_3 (BatchNor (None, 16, 156, 64)  256         average_pooling2d_2[0][0]        
__________________________________________________________________________________________________
dropout_2 (Dropout)             (None, 16, 156, 64)  0           batch_normalization_3[0][0]      
__________________________________________________________________________________________________
inverted_residual_4 (InvertedRe (None, 16, 156, 128) 91136       dropout_2[0][0]                  
__________________________________________________________________________________________________
inverted_residual_5 (InvertedRe (None, 16, 156, 128) 230912      inverted_residual_4[0][0]        
__________________________________________________________________________________________________
average_pooling2d_3 (AveragePoo (None, 8, 78, 128)   0           inverted_residual_5[0][0]        
__________________________________________________________________________________________________
batch_normalization_4 (BatchNor (None, 8, 78, 128)   512         average_pooling2d_3[0][0]        
__________________________________________________________________________________________________
dropout_3 (Dropout)             (None, 8, 78, 128)   0           batch_normalization_4[0][0]      
__________________________________________________________________________________________________
inverted_residual_6 (InvertedRe (None, 8, 78, 256)   329728      dropout_3[0][0]                  
__________________________________________________________________________________________________
inverted_residual_7 (InvertedRe (None, 8, 78, 256)   855040      inverted_residual_6[0][0]        
__________________________________________________________________________________________________
average_pooling2d_4 (AveragePoo (None, 4, 39, 256)   0           inverted_residual_7[0][0]        
__________________________________________________________________________________________________
batch_normalization_5 (BatchNor (None, 4, 39, 256)   1024        average_pooling2d_4[0][0]        
__________________________________________________________________________________________________
dropout_4 (Dropout)             (None, 4, 39, 256)   0           batch_normalization_5[0][0]      
__________________________________________________________________________________________________
inverted_residual_8 (InvertedRe (None, 4, 39, 512)   1249280     dropout_4[0][0]                  
__________________________________________________________________________________________________
inverted_residual_9 (InvertedRe (None, 4, 39, 512)   3282944     inverted_residual_8[0][0]        
__________________________________________________________________________________________________
global_average_pooling2d (Globa (None, 512)          0           inverted_residual_9[0][0]        2021-04-29 21:17:35.207332: I tensorflow/compiler/mlir/mlir_graph_optimization_pass.cc:116] None of the MLIR optimization passes are enabled (registered 2)
2021-04-29 21:17:35.209523: I tensorflow/core/platform/profile_utils/cpu_utils.cc:112] CPU Frequency: 2299995000 Hz
2021-04-29 21:17:39.763587: I tensorflow/stream_executor/platform/default/dso_loader.cc:49] Successfully opened dynamic library libcublas.so.11
2021-04-29 21:17:40.471322: I tensorflow/stream_executor/platform/default/dso_loader.cc:49] Successfully opened dynamic library libcublasLt.so.11
2021-04-29 21:17:40.488676: I tensorflow/stream_executor/platform/default/dso_loader.cc:49] Successfully opened dynamic library libcudnn.so.8
2021-04-29 21:17:48.346294: I tensorflow/core/profiler/lib/profiler_session.cc:136] Profiler session initializing.
2021-04-29 21:17:48.346339: I tensorflow/core/profiler/lib/profiler_session.cc:155] Profiler session started.
2021-04-29 21:17:50.663189: I tensorflow/core/profiler/lib/profiler_session.cc:71] Profiler session collecting data.
2021-04-29 21:17:50.666789: I tensorflow/core/profiler/internal/gpu/cupti_tracer.cc:1487] CUPTI activity buffer flushed
2021-04-29 21:17:50.707500: I tensorflow/core/profiler/internal/gpu/cupti_collector.cc:228]  GpuTracer has collected 2155 callback api events and 2151 activity events. 
2021-04-29 21:17:50.751189: I tensorflow/core/profiler/lib/profiler_session.cc:172] Profiler session tear down.
[[30 0]
 [18 0]]
[[32 0]
 [16 0]]
[[37 0]
 [11 0]]
[[37 0]
 [11 0]]
[[37 0]
 [11 0]]
[[30 0]
 [18 0]]
[[35 0]
 [13 0]]
[[37 0]
 [11 0]]
[[36 0]
 [12 0]]
[[37 0]
 [11 0]]
[[38 0]
 [10 0]]
[[36 0]
 [12 0]]
[[40 0]
 [8 0]]
[[35 0]
 [13 0]]
[[39 0]
 [9 0]]
[[34 0]
 [14 0]]
[[34 0]
 [14 0]]
[[32 0]
 [16 0]]
[[35 0]
 [13 0]]
[[37 0]
 [11 0]]
[[33 0]
 [15 0]]
[[29 0]
 [19 0]]

__________________________________________________________________________________________________
dense (Dense)                   (None, 1)            513         global_average_pooling2d[0][0]   
==================================================================================================
Total params: 6,200,749
Trainable params: 6,159,239
Non-trainable params: 41,510
__________________________________________________________________________________________________
Epoch 1/40
270/270 - 543s - loss: 0.7215 - accuracy: 0.5491 - precision: 0.2930 - recall: 0.5242 - gen_confusion_matrix: 3.9963 - val_loss: 0.6561 - val_accuracy: 0.7254 - val_precision: 0.0000e+00 - val_recall: 0.0000e+00 - val_gen_confusion_matrix: 11.7174
[[33 0]
 [15 0]]
[[34 0]
 [14 0]]
[[37 0]
 [11 0]]
[[30 0]
 [18 0]]
[[42 0]
 [6 0]]
[[35 0]
 [13 0]]
[[35 0]
 [13 0]]
[[40 0]
 [8 0]]
[[37 0]
 [11 0]]
[[37 0]
 [11 0]]
[[34 0]
 [14 0]]
[[38 0]
 [10 0]]
[[34 0]
 [14 0]]
[[34 0]
 [14 0]]
[[31 0]
 [17 0]]
[[34 0]
 [14 0]]
[[38 0]
 [10 0]]
[[36 0]
 [12 0]]
[[33 0]
 [15 0]]
[[30 0]
 [18 0]]
[[30 0]
 [18 0]]
[[35 0]
 [13 0]]
Epoch 2/40
270/270 - 525s - loss: 0.6974 - accuracy: 0.5642 - precision: 0.3060 - recall: 0.5385 - gen_confusion_matrix: 3.9963 - val_loss: 0.6578 - val_accuracy: 0.7254 - val_precision: 0.0000e+00 - val_recall: 0.0000e+00 - val_gen_confusion_matrix: 11.7174
[[33 0]
 [14 1]]
[[35 2]
 [11 0]]
[[33 1]
 [14 0]]
[[40 0]
 [8 0]]
[[37 0]
 [11 0]]
[[35 0]
 [13 0]]
[[34 0]
 [14 0]]
[[29 0]
 [19 0]]
[[37 0]
 [10 1]]
[[31 1]
 [16 0]]
[[34 0]
 [14 0]]
[[37 1]
 [10 0]]
[[38 0]
 [10 0]]
[[33 0]
 [14 1]]
[[34 1]
 [13 0]]
[[33 0]
 [15 0]]
[[30 0]
 [18 0]]
[[36 0]
 [12 0]]
[[33 1]
 [14 0]]
[[32 0]
 [16 0]]
[[34 0]
 [14 0]]
[[39 0]
 [9 0]]
Epoch 3/40
270/270 - 521s - loss: 0.6865 - accuracy: 0.5767 - precision: 0.3200 - recall: 0.5635 - gen_confusion_matrix: 3.9963 - val_loss: 0.6548 - val_accuracy: 0.7217 - val_precision: 0.3000 - val_recall: 0.0101 - val_gen_confusion_matrix: 11.7174
[[33 4]
 [11 0]]
[[31 3]
 [14 0]]
[[26 6]
 [11 5]]
[[27 4]
 [14 3]]
[[31 3]
 [11 3]]
[[35 2]
 [8 3]]
[[33 3]
 [12 0]]
[[34 1]
 [12 1]]
[[29 2]
 [16 1]]
[[27 3]
 [13 5]]
[[37 3]
 [6 2]]
[[32 4]
 [12 0]]
[[38 0]
 [10 0]]
[[39 0]
 [8 1]]
[[34 2]
 [10 2]]
[[37 1]
 [7 3]]
[[28 2]
 [16 2]]
[[28 2]
 [16 2]]
[[36 0]
 [9 3]]
[[30 5]
 [13 0]]
[[38 2]
 [7 1]]
[[30 1]
 [14 3]]
Epoch 4/40
270/270 - 529s - loss: 0.6832 - accuracy: 0.5950 - precision: 0.3417 - recall: 0.6082 - gen_confusion_matrix: 3.9963 - val_loss: 0.6596 - val_accuracy: 0.7134 - val_precision: 0.4301 - val_recall: 0.1351 - val_gen_confusion_matrix: 11.7174
[[23 17]
 [4 4]]
[[19 16]
 [6 7]]
[[21 18]
 [4 5]]
[[23 14]
 [5 6]]
[[18 17]
 [6 7]]
[[20 19]
 [3 6]]
[[22 15]
 [7 4]]
[[19 14]
 [5 10]]
[[19 9]
 [7 13]]
[[21 13]
 [7 7]]
[[27 12]
 [2 7]]
[[19 9]
 [8 12]]
[[22 11]
 [8 7]]
[[17 17]
 [9 5]]
[[23 12]
 [7 6]]
[[19 9]
 [12 8]]
[[16 21]
 [4 7]]
[[23 18]
 [5 2]]
[[20 16]
 [7 5]]
[[20 11]
 [8 9]]
[[23 9]
 [7 9]]
[[27 9]
 [9 3]]
Epoch 5/40
270/270 - 521s - loss: 0.6814 - accuracy: 0.5973 - precision: 0.3404 - recall: 0.5912 - gen_confusion_matrix: 3.9963 - val_loss: 0.6863 - val_accuracy: 0.5788 - val_precision: 0.3297 - val_recall: 0.5169 - val_gen_confusion_matrix: 11.7174
[[32 5]
 [11 0]]
[[34 0]
 [11 3]]
[[31 2]
 [13 2]]
[[38 2]
 [6 2]]
[[31 6]
 [11 0]]
[[30 1]
 [13 4]]
[[34 1]
 [10 3]]
[[31 1]
 [13 3]]
[[26 5]
 [12 5]]
[[38 2]
 [8 0]]
[[34 4]
 [7 3]]
[[37 2]
 [7 2]]
[[35 1]
 [12 0]]
[[29 2]
 [16 1]]
[[38 2]
 [8 0]]
[[38 0]
 [9 1]]
[[29 1]
 [18 0]]
[[33 0]
 [14 1]]
[[33 1]
 [12 2]]
[[26 4]
 [17 1]]
[[28 1]
 [14 5]]
[[35 2]
 [11 0]]

Epoch 00005: ReduceLROnPlateau reducing learning rate to 7.499999810534064e-05.
Epoch 6/40
270/270 - 520s - loss: 0.6753 - accuracy: 0.6168 - precision: 0.3584 - recall: 0.6064 - gen_confusion_matrix: 3.9963 - val_loss: 0.6674 - val_accuracy: 0.7189 - val_precision: 0.4588 - val_recall: 0.1318 - val_gen_confusion_matrix: 11.7174
[[39 0]
 [7 2]]
[[28 1]
 [16 3]]
[[34 2]
 [12 0]]
[[31 0]
 [17 0]]
[[36 1]
 [10 1]]
[[30 3]
 [13 2]]
[[33 1]
 [12 2]]
[[32 1]
 [15 0]]
[[34 2]
 [11 1]]
[[35 2]
 [11 0]]
[[34 2]
 [9 3]]
[[34 2]
 [11 1]]
[[34 1]
 [12 1]]
[[33 4]
 [11 0]]
[[34 3]
 [10 1]]
[[24 2]
 [18 4]]
[[33 1]
 [12 2]]
[[30 3]
 [13 2]]
[[39 2]
 [6 1]]
[[30 4]
 [13 1]]
[[36 2]
 [10 0]]
[[34 3]
 [11 0]]
Epoch 7/40
270/270 - 523s - loss: 0.6729 - accuracy: 0.6311 - precision: 0.3759 - recall: 0.6422 - gen_confusion_matrix: 3.9963 - val_loss: 0.6565 - val_accuracy: 0.7115 - val_precision: 0.3913 - val_recall: 0.0912 - val_gen_confusion_matrix: 11.7174
[[34 0]
 [14 0]]
[[28 1]
 [19 0]]
[[32 1]
 [15 0]]
[[30 0]
 [17 1]]
[[32 1]
 [15 0]]
[[36 0]
 [10 2]]
[[34 1]
 [13 0]]
[[38 0]
 [10 0]]
[[38 0]
 [10 0]]
[[35 0]
 [13 0]]
[[36 0]
 [12 0]]
[[36 0]
 [11 1]]
[[28 0]
 [20 0]]
[[35 0]
 [13 0]]
[[38 0]
 [10 0]]
[[32 0]
 [16 0]]
[[36 0]
 [12 0]]
[[38 0]
 [9 1]]
[[36 0]
 [12 0]]
[[39 0]
 [9 0]]
[[36 0]
 [12 0]]
[[35 0]
 [13 0]]
Epoch 8/40
270/270 - 521s - loss: 0.6684 - accuracy: 0.6425 - precision: 0.3875 - recall: 0.6547 - gen_confusion_matrix: 3.9963 - val_loss: 0.7044 - val_accuracy: 0.7273 - val_precision: 0.6000 - val_recall: 0.0203 - val_gen_confusion_matrix: 11.7174
[[13 23]
 [1 11]]
[[15 23]
 [1 9]]
[[11 22]
 [8 7]]
[[12 27]
 [2 7]]
[[14 24]
 [0 10]]
[[14 21]
 [4 9]]
[[12 21]
 [3 12]]
[[11 24]
 [2 11]]
[[9 24]
 [3 12]]
[[17 18]
 [2 11]]
[[12 21]
 [2 13]]
[[12 12]
 [8 16]]
[[18 17]
 [3 10]]
[[11 20]
 [4 13]]
[[12 19]
 [4 13]]
[[12 23]
 [3 10]]
[[11 21]
 [3 13]]
[[16 23]
 [0 9]]
[[19 18]
 [1 10]]
[[9 24]
 [4 11]]
[[19 22]
 [0 7]]
[[17 22]
 [3 6]]
Epoch 9/40
270/270 - 521s - loss: 0.6643 - accuracy: 0.6592 - precision: 0.4042 - recall: 0.6664 - gen_confusion_matrix: 3.9963 - val_loss: 0.7694 - val_accuracy: 0.4963 - val_precision: 0.3273 - val_recall: 0.7905 - val_gen_confusion_matrix: 11.7174
[[19 11]
 [15 3]]
[[26 11]
 [7 4]]
[[30 8]
 [5 5]]
[[30 9]
 [4 5]]
[[26 12]
 [6 4]]
[[26 9]
 [6 7]]
[[30 8]
 [7 3]]
[[30 8]
 [6 4]]
[[28 5]
 [11 4]]
[[28 8]
 [6 6]]
[[22 8]
 [7 11]]
[[28 7]
 [5 8]]
[[27 8]
 [7 6]]
[[25 10]
 [9 4]]
[[29 7]
 [8 4]]
[[21 11]
 [8 8]]
[[19 9]
 [13 7]]
[[25 7]
 [9 7]]
[[29 8]
 [4 7]]
[[29 7]
 [6 6]]
[[25 11]
 [5 7]]
[[21 10]
 [14 3]]
Epoch 10/40
270/270 - 520s - loss: 0.6620 - accuracy: 0.6576 - precision: 0.4026 - recall: 0.6655 - gen_confusion_matrix: 3.9963 - val_loss: 0.6665 - val_accuracy: 0.6614 - val_precision: 0.3918 - val_recall: 0.4223 - val_gen_confusion_matrix: 11.7174
[[25 7]
 [12 4]]
[[32 6]
 [7 3]]
[[25 4]
 [15 4]]
[[31 2]
 [14 1]]
[[29 3]
 [9 7]]
[[27 10]
 [7 4]]
[[33 4]
 [9 2]]
[[28 6]
 [10 4]]
[[29 9]
 [9 1]]
[[30 5]
 [11 2]]
[[31 3]
 [9 5]]
[[32 2]
 [9 5]]
[[32 3]
 [11 2]]
[[30 3]
 [8 7]]
[[28 6]
 [11 3]]
[[31 5]
 [8 4]]
[[30 6]
 [9 3]]
[[26 2]
 [18 2]]
[[30 2]
 [10 6]]
[[31 7]
 [7 3]]
[[36 3]
 [6 3]]
[[35 6]
 [4 3]]
Epoch 11/40
270/270 - 521s - loss: 0.6527 - accuracy: 0.6861 - precision: 0.4348 - recall: 0.7066 - gen_confusion_matrix: 3.9963 - val_loss: 0.6630 - val_accuracy: 0.7022 - val_precision: 0.4324 - val_recall: 0.2703 - val_gen_confusion_matrix: 11.7174
[[25 15]
 [2 6]]
[[23 9]
 [6 10]]
[[23 11]
 [3 11]]
[[22 11]
 [6 9]]
[[25 10]
 [7 6]]
[[27 11]
 [2 8]]
[[21 17]
 [3 7]]
[[24 10]
 [5 9]]
[[22 16]
 [3 7]]
[[22 9]
 [6 11]]
[[24 6]
 [3 15]]
[[23 10]
 [8 7]]
[[20 9]
 [10 9]]
[[22 12]
 [4 10]]
[[23 13]
 [7 5]]
[[24 13]
 [3 8]]
[[26 11]
 [5 6]]
[[18 15]
 [9 6]]
[[28 8]
 [1 11]]
[[28 8]
 [5 7]]
[[25 12]
 [6 5]]
[[29 8]
 [3 8]]
Epoch 12/40
270/270 - 519s - loss: 0.6466 - accuracy: 0.7088 - precision: 0.4607 - recall: 0.7290 - gen_confusion_matrix: 3.9963 - val_loss: 0.6764 - val_accuracy: 0.6651 - val_precision: 0.4256 - val_recall: 0.6284 - val_gen_confusion_matrix: 11.7174
[[28 7]
 [7 6]]
[[34 2]
 [7 5]]
[[34 3]
 [6 5]]
[[23 7]
 [13 5]]
[[30 5]
 [10 3]]
[[34 1]
 [8 5]]
[[32 5]
 [6 5]]
[[32 7]
 [5 4]]
[[30 5]
 [8 5]]
[[28 4]
 [13 3]]
[[35 4]
 [5 4]]
[[28 3]
 [11 6]]
[[29 5]
 [8 6]]
[[31 4]
 [8 5]]
[[21 9]
 [14 4]]
[[31 3]
 [9 5]]
[[29 7]
 [7 5]]
[[30 4]
 [13 1]]
[[30 3]
 [9 6]]
[[37 2]
 [8 1]]
[[30 2]
 [12 4]]
[[32 7]
 [5 4]]

Epoch 00012: ReduceLROnPlateau reducing learning rate to 5.6249997214763425e-05.
Epoch 13/40
270/270 - 519s - loss: 0.6356 - accuracy: 0.7298 - precision: 0.4863 - recall: 0.7603 - gen_confusion_matrix: 3.9963 - val_loss: 0.6468 - val_accuracy: 0.7263 - val_precision: 0.5025 - val_recall: 0.3378 - val_gen_confusion_matrix: 11.7174
[[33 0]
 [13 2]]
[[30 4]
 [9 5]]
[[34 3]
 [5 6]]
[[33 1]
 [9 5]]
[[29 4]
 [12 3]]
[[33 1]
 [9 5]]
[[35 2]
 [10 1]]
[[25 2]
 [18 3]]
[[33 3]
 [9 3]]
[[26 6]
 [15 1]]
[[34 1]
 [8 5]]
[[28 2]
 [14 4]]
[[36 1]
 [9 2]]
[[30 5]
 [12 1]]
[[37 3]
 [7 1]]
[[35 1]
 [7 5]]
[[33 1]
 [12 2]]
[[27 5]
 [13 3]]
[[35 3]
 [7 3]]
[[35 1]
 [6 6]]
[[30 5]
 [12 1]]
[[37 0]
 [8 3]]
Epoch 14/40
270/270 - 521s - loss: 0.6263 - accuracy: 0.7502 - precision: 0.5116 - recall: 0.7907 - gen_confusion_matrix: 3.9963 - val_loss: 0.6719 - val_accuracy: 0.7384 - val_precision: 0.5547 - val_recall: 0.2399 - val_gen_confusion_matrix: 11.7174
[[27 5]
 [9 7]]
[[28 7]
 [8 5]]
[[32 6]
 [6 4]]
[[32 7]
 [2 7]]
[[29 6]
 [4 9]]
[[37 5]
 [2 4]]
[[24 6]
 [9 9]]
[[33 7]
 [4 4]]
[[27 6]
 [8 7]]
[[30 5]
 [5 8]]
[[26 5]
 [12 5]]
[[28 5]
 [8 7]]
[[28 6]
 [5 9]]
[[27 10]
 [6 5]]
[[22 8]
 [11 7]]
[[25 7]
 [10 6]]
[[20 9]
 [11 8]]
[[28 6]
 [10 4]]
[[26 7]
 [10 5]]
[[33 4]
 [7 4]]
[[33 5]
 [2 8]]
[[27 10]
 [5 6]]
Epoch 15/40
270/270 - 520s - loss: 0.6151 - accuracy: 0.7799 - precision: 0.5504 - recall: 0.8211 - gen_confusion_matrix: 3.9963 - val_loss: 0.6584 - val_accuracy: 0.7208 - val_precision: 0.4912 - val_recall: 0.4696 - val_gen_confusion_matrix: 11.7174
[[25 10]
 [7 6]]
[[22 7]
 [8 11]]
[[20 14]
 [5 9]]
[[25 13]
 [7 3]]
[[31 3]
 [3 11]]
[[18 12]
 [5 13]]
[[31 9]
 [2 6]]
[[25 8]
 [6 9]]
[[29 9]
 [3 7]]
[[29 11]
 [5 3]]
[[29 7]
 [5 7]]
[[30 4]
 [6 8]]
[[24 11]
 [4 9]]
[[21 13]
 [3 11]]
[[30 9]
 [3 6]]
[[21 8]
 [12 7]]
[[24 8]
 [8 8]]
[[24 10]
 [4 10]]
[[28 14]
 [4 2]]
[[26 8]
 [5 9]]
[[26 7]
 [4 11]]
[[23 10]
 [8 7]]
Epoch 16/40
270/270 - 520s - loss: 0.6089 - accuracy: 0.8019 - precision: 0.5817 - recall: 0.8372 - gen_confusion_matrix: 3.9963 - val_loss: 0.6644 - val_accuracy: 0.6948 - val_precision: 0.4569 - val_recall: 0.5912 - val_gen_confusion_matrix: 11.7174
[[30 8]
 [4 6]]
[[31 5]
 [7 5]]
[[29 4]
 [8 7]]
[[32 9]
 [4 3]]
[[29 7]
 [6 6]]
[[27 6]
 [6 9]]
[[31 9]
 [4 4]]
[[35 5]
 [5 3]]
[[30 10]
 [1 7]]
[[25 8]
 [8 7]]
[[31 6]
 [5 6]]
[[24 5]
 [9 10]]
[[20 8]
 [10 10]]
[[26 5]
 [8 9]]
[[22 10]
 [9 7]]
[[27 7]
 [9 5]]
[[34 6]
 [2 6]]
[[28 8]
 [6 6]]
[[25 5]
 [7 11]]
[[26 9]
 [7 6]]
[[20 9]
 [9 10]]
[[24 11]
 [7 6]]
Epoch 17/40
270/270 - 519s - loss: 0.6060 - accuracy: 0.8049 - precision: 0.5861 - recall: 0.8399 - gen_confusion_matrix: 3.9963 - val_loss: 0.6540 - val_accuracy: 0.7189 - val_precision: 0.4889 - val_recall: 0.5203 - val_gen_confusion_matrix: 11.7174
[[32 1]
 [11 4]]
[[32 2]
 [11 3]]
[[34 0]
 [10 4]]
[[34 3]
 [6 5]]
[[35 1]
 [8 4]]
[[35 1]
 [10 2]]
[[35 0]
 [8 5]]
[[30 2]
 [11 5]]
[[29 2]
 [14 3]]
[[34 1]
 [11 2]]
[[30 1]
 [14 3]]
[[33 3]
 [11 1]]
[[36 0]
 [10 2]]
[[32 0]
 [12 4]]
[[36 4]
 [5 3]]
[[36 2]
 [9 1]]
[[35 4]
 [7 2]]
[[38 1]
 [7 2]]
[[27 4]
 [13 4]]
[[29 2]
 [15 2]]
[[36 1]
 [8 3]]
[[31 2]
 [9 6]]
Epoch 18/40
270/270 - 520s - loss: 0.5985 - accuracy: 0.8234 - precision: 0.6117 - recall: 0.8721 - gen_confusion_matrix: 3.9963 - val_loss: 0.6638 - val_accuracy: 0.7570 - val_precision: 0.6574 - val_recall: 0.2399 - val_gen_confusion_matrix: 11.7174
[[25 10]
 [8 5]]
[[26 3]
 [9 10]]
[[32 6]
 [4 6]]
[[29 7]
 [4 8]]
[[28 6]
 [9 5]]
[[22 10]
 [11 5]]
[[22 5]
 [8 13]]
[[28 8]
 [7 5]]
[[29 6]
 [6 7]]
[[25 11]
 [2 10]]
[[25 8]
 [6 9]]
[[28 8]
 [6 6]]
[[33 5]
 [2 8]]
[[29 5]
 [3 11]]
[[30 8]
 [5 5]]
[[29 7]
 [3 9]]
[[33 5]
 [5 5]]
[[29 7]
 [7 5]]
[[25 11]
 [9 3]]
[[35 6]
 [4 3]]
[[24 6]
 [6 12]]
[[28 5]
 [8 7]]
Epoch 19/40
270/270 - 521s - loss: 0.5923 - accuracy: 0.8367 - precision: 0.6335 - recall: 0.8766 - gen_confusion_matrix: 3.9963 - val_loss: 0.6760 - val_accuracy: 0.7310 - val_precision: 0.5096 - val_recall: 0.5405 - val_gen_confusion_matrix: 11.7174
[[34 0]
 [10 4]]
[[35 1]
 [8 4]]
[[28 4]
 [11 5]]
[[30 3]
 [12 3]]
[[31 2]
 [9 6]]
[[39 1]
 [6 2]]
[[39 4]
 [2 3]]
[[31 1]
 [11 5]]
[[34 3]
 [7 4]]
[[35 2]
 [8 3]]
[[27 3]
 [10 8]]
[[33 2]
 [10 3]]
[[33 2]
 [6 7]]
[[28 1]
 [13 6]]
[[32 1]
 [11 4]]
[[28 5]
 [9 6]]
[[30 6]
 [6 6]]
[[36 1]
 [7 4]]
[[32 1]
 [12 3]]
[[34 2]
 [8 4]]
[[34 3]
 [10 1]]
[[28 5]
 [11 4]]
Epoch 20/40
270/270 - 520s - loss: 0.5903 - accuracy: 0.8443 - precision: 0.6473 - recall: 0.8766 - gen_confusion_matrix: 3.9963 - val_loss: 0.6609 - val_accuracy: 0.7653 - val_precision: 0.6424 - val_recall: 0.3277 - val_gen_confusion_matrix: 11.7174
[[33 2]
 [9 4]]
[[36 4]
 [6 2]]
[[34 2]
 [8 4]]
[[30 3]
 [12 3]]
[[33 4]
 [8 3]]
[[30 2]
 [5 11]]
[[32 2]
 [11 3]]
[[36 2]
 [6 4]]
[[30 2]
 [12 4]]
[[31 3]
 [12 2]]
[[36 3]
 [7 2]]
[[32 4]
 [8 4]]
[[33 2]
 [10 3]]
[[33 0]
 [9 6]]
[[33 3]
 [7 5]]
[[27 3]
 [10 8]]
[[29 0]
 [13 6]]
[[30 2]
 [11 5]]
[[36 2]
 [8 2]]
[[41 1]
 [3 3]]
[[28 4]
 [10 6]]
[[32 2]
 [10 4]]
Epoch 21/40
270/270 - 520s - loss: 0.5851 - accuracy: 0.8561 - precision: 0.6701 - recall: 0.8757 - gen_confusion_matrix: 3.9963 - val_loss: 0.6648 - val_accuracy: 0.7672 - val_precision: 0.6510 - val_recall: 0.3277 - val_gen_confusion_matrix: 11.7174
[[31 0]
 [13 4]]
[[35 0]
 [8 5]]
[[36 2]
 [8 2]]
[[31 1]
 [11 5]]
[[35 2]
 [9 2]]
[[36 1]
 [7 4]]
[[36 1]
 [6 5]]
[[34 0]
 [9 5]]
[[36 1]
 [6 5]]
[[35 3]
 [8 2]]
[[34 1]
 [8 5]]
[[32 1]
 [9 6]]
[[34 1]
 [11 2]]
[[31 2]
 [10 5]]
[[36 2]
 [6 4]]
[[29 0]
 [17 2]]
[[33 2]
 [11 2]]
[[31 4]
 [9 4]]
[[30 2]
 [10 6]]
[[27 4]
 [13 4]]
[[37 2]
 [8 1]]
[[37 2]
 [8 1]]
Epoch 22/40
270/270 - 520s - loss: 0.5775 - accuracy: 0.8714 - precision: 0.6937 - recall: 0.9016 - gen_confusion_matrix: 3.9963 - val_loss: 0.6872 - val_accuracy: 0.7690 - val_precision: 0.7009 - val_recall: 0.2770 - val_gen_confusion_matrix: 11.7174
[[29 0]
 [12 7]]
[[34 2]
 [8 4]]
[[31 1]
 [9 7]]
[[35 2]
 [7 4]]
[[25 1]
 [13 9]]
[[33 4]
 [9 2]]
[[34 6]
 [5 3]]
[[29 2]
 [9 8]]
[[32 1]
 [12 3]]
[[31 8]
 [7 2]]
[[31 6]
 [8 3]]
[[32 6]
 [4 6]]
[[35 1]
 [8 4]]
[[28 3]
 [12 5]]
[[31 8]
 [7 2]]
[[39 2]
 [5 2]]
[[36 0]
 [10 2]]
[[29 2]
 [11 6]]
[[31 2]
 [9 6]]
[[26 5]
 [10 7]]
[[30 3]
 [11 4]]
[[36 4]
 [5 3]]
Epoch 23/40
270/270 - 519s - loss: 0.5777 - accuracy: 0.8691 - precision: 0.6906 - recall: 0.8962 - gen_confusion_matrix: 3.9963 - val_loss: 0.6962 - val_accuracy: 0.7505 - val_precision: 0.5789 - val_recall: 0.3345 - val_gen_confusion_matrix: 11.7174
[[29 8]
 [2 9]]
[[32 6]
 [5 5]]
[[30 8]
 [4 6]]
[[32 4]
 [6 6]]
[[29 7]
 [6 6]]
[[17 12]
 [4 15]]
[[30 7]
 [4 7]]
[[30 6]
 [8 4]]
[[29 8]
 [3 8]]
[[30 10]
 [3 5]]
[[29 8]
 [6 5]]
[[22 8]
 [8 10]]
[[22 10]
 [4 12]]
[[28 7]
 [3 10]]
[[29 6]
 [8 5]]
[[30 6]
 [5 7]]
[[23 6]
 [9 10]]
[[32 6]
 [5 5]]
[[24 12]
 [3 9]]
[[25 7]
 [7 9]]
[[29 2]
 [10 7]]
[[24 6]
 [6 12]]
Epoch 24/40
270/270 - 518s - loss: 0.5708 - accuracy: 0.8839 - precision: 0.7144 - recall: 0.9195 - gen_confusion_matrix: 3.9963 - val_loss: 0.6602 - val_accuracy: 0.7365 - val_precision: 0.5179 - val_recall: 0.5878 - val_gen_confusion_matrix: 11.7174
[[27 6]
 [6 9]]
[[24 7]
 [6 11]]
[[28 10]
 [5 5]]
[[22 13]
 [6 7]]
[[23 7]
 [4 14]]
[[29 1]
 [8 10]]
[[28 8]
 [6 6]]
[[34 4]
 [3 7]]
[[29 10]
 [3 6]]
[[30 6]
 [5 7]]
[[31 7]
 [4 6]]
[[33 5]
 [3 7]]
[[30 5]
 [6 7]]
[[23 10]
 [9 6]]
[[28 9]
 [5 6]]
[[34 3]
 [1 10]]
[[28 5]
 [6 9]]
[[24 10]
 [6 8]]
[[31 3]
 [7 7]]
[[24 9]
 [7 8]]
[[28 6]
 [5 9]]
[[25 7]
 [5 11]]
Epoch 25/40
270/270 - 520s - loss: 0.5692 - accuracy: 0.8969 - precision: 0.7444 - recall: 0.9168 - gen_confusion_matrix: 3.9963 - val_loss: 0.6538 - val_accuracy: 0.7477 - val_precision: 0.5361 - val_recall: 0.6014 - val_gen_confusion_matrix: 11.7174
[[37 0]
 [7 4]]
[[37 2]
 [8 1]]
[[38 2]
 [7 1]]
[[31 0]
 [13 4]]
[[38 0]
 [8 2]]
[[36 0]
 [11 1]]
[[36 0]
 [10 2]]
[[35 1]
 [10 2]]
[[26 0]
 [14 8]]
[[39 0]
 [7 2]]
[[34 1]
 [13 0]]
[[31 2]
 [13 2]]
[[33 1]
 [12 2]]
[[37 0]
 [10 1]]
[[28 0]
 [19 1]]
[[30 0]
 [12 6]]
[[36 1]
 [10 1]]
[[34 0]
 [12 2]]
[[30 1]
 [12 5]]
[[37 1]
 [9 1]]
[[37 3]
 [6 2]]
[[30 0]
 [12 6]]
Epoch 26/40
270/270 - 519s - loss: 0.5670 - accuracy: 0.9020 - precision: 0.7535 - recall: 0.9240 - gen_confusion_matrix: 3.9963 - val_loss: 0.7407 - val_accuracy: 0.7635 - val_precision: 0.7887 - val_recall: 0.1892 - val_gen_confusion_matrix: 11.7174
[[31 3]
 [8 6]]
[[33 3]
 [8 4]]
[[29 5]
 [4 10]]
[[26 4]
 [9 9]]
[[30 5]
 [5 8]]
[[30 6]
 [5 7]]
[[33 3]
 [7 5]]
[[23 11]
 [5 9]]
[[36 4]
 [4 4]]
[[28 7]
 [5 8]]
[[33 4]
 [5 6]]
[[28 5]
 [7 8]]
[[34 6]
 [4 4]]
[[25 8]
 [5 10]]
[[30 8]
 [5 5]]
[[31 6]
 [4 7]]
[[25 10]
 [9 4]]
[[33 2]
 [4 9]]
[[28 4]
 [5 11]]
[[29 2]
 [6 11]]
[[28 3]
 [11 6]]
[[29 4]
 [5 10]]

Epoch 00026: ReduceLROnPlateau reducing learning rate to 4.218749927531462e-05.
Epoch 27/40
270/270 - 519s - loss: 0.5628 - accuracy: 0.9057 - precision: 0.7616 - recall: 0.9258 - gen_confusion_matrix: 3.9963 - val_loss: 0.6504 - val_accuracy: 0.7690 - val_precision: 0.5842 - val_recall: 0.5507 - val_gen_confusion_matrix: 11.7174
[[37 1]
 [10 0]]
[[31 3]
 [6 8]]
[[37 2]
 [8 1]]
[[26 2]
 [11 9]]
[[30 4]
 [7 7]]
[[33 3]
 [10 2]]
[[37 2]
 [7 2]]
[[33 1]
 [7 7]]
[[35 3]
 [5 5]]
[[37 2]
 [4 5]]
[[34 3]
 [9 2]]
[[35 4]
 [5 4]]
[[34 3]
 [5 6]]
[[29 2]
 [8 9]]
[[28 2]
 [10 8]]
[[35 6]
 [4 3]]
[[31 4]
 [11 2]]
[[33 3]
 [8 4]]
[[23 2]
 [11 12]]
[[28 2]
 [13 5]]
[[33 3]
 [8 4]]
[[28 2]
 [6 12]]
Epoch 28/40
270/270 - 518s - loss: 0.5631 - accuracy: 0.9029 - precision: 0.7523 - recall: 0.9320 - gen_confusion_matrix: 3.9963 - val_loss: 0.6611 - val_accuracy: 0.7839 - val_precision: 0.6740 - val_recall: 0.4122 - val_gen_confusion_matrix: 11.7174
[[34 1]
 [8 5]]
[[33 1]
 [10 4]]
[[35 1]
 [7 5]]
[[34 2]
 [9 3]]
[[26 2]
 [15 5]]
[[27 0]
 [15 6]]
[[38 0]
 [9 1]]
[[36 2]
 [6 4]]
[[37 2]
 [9 0]]
[[36 0]
 [8 4]]
[[34 0]
 [9 5]]
[[34 1]
 [10 3]]
[[35 3]
 [9 1]]
[[34 1]
 [7 6]]
[[28 2]
 [14 4]]
[[37 0]
 [6 5]]
[[33 0]
 [13 2]]
[[36 1]
 [9 2]]
[[27 1]
 [10 10]]
[[35 2]
 [9 2]]
[[39 1]
 [6 2]]
[[39 0]
 [8 1]]
Epoch 29/40
270/270 - 519s - loss: 0.5609 - accuracy: 0.9131 - precision: 0.7750 - recall: 0.9365 - gen_confusion_matrix: 3.9963 - val_loss: 0.6831 - val_accuracy: 0.7801 - val_precision: 0.7757 - val_recall: 0.2804 - val_gen_confusion_matrix: 11.7174
[[31 6]
 [6 5]]
[[31 3]
 [6 8]]
[[26 0]
 [13 9]]
[[35 1]
 [7 5]]
[[28 6]
 [9 5]]
[[34 2]
 [8 4]]
[[35 1]
 [8 4]]
[[27 3]
 [14 4]]
[[34 4]
 [5 5]]
[[36 2]
 [5 5]]
[[34 2]
 [8 4]]
[[32 4]
 [4 8]]
[[35 0]
 [7 6]]
[[38 2]
 [6 2]]
[[31 3]
 [6 8]]
[[30 2]
 [9 7]]
[[32 2]
 [10 4]]
[[34 1]
 [8 5]]
[[31 4]
 [9 4]]
[[33 4]
 [5 6]]
[[29 4]
 [9 6]]
[[32 2]
 [6 8]]
Epoch 30/40
270/270 - 526s - loss: 0.5585 - accuracy: 0.9254 - precision: 0.8038 - recall: 0.9419 - gen_confusion_matrix: 3.9963 - val_loss: 0.6452 - val_accuracy: 0.7857 - val_precision: 0.6757 - val_recall: 0.4223 - val_gen_confusion_matrix: 11.7174
[[37 2]
 [7 2]]
[[35 2]
 [4 7]]
[[29 3]
 [7 9]]
[[36 3]
 [7 2]]
[[33 3]
 [5 7]]
[[33 1]
 [13 1]]
[[31 1]
 [12 4]]
[[32 1]
 [10 5]]
[[34 0]
 [9 5]]
[[36 0]
 [7 5]]
[[32 1]
 [12 3]]
[[31 2]
 [11 4]]
[[31 3]
 [11 3]]
[[33 4]
 [6 5]]
[[28 2]
 [13 5]]
[[36 1]
 [7 4]]
[[35 0]
 [4 9]]
[[29 1]
 [10 8]]
[[38 1]
 [9 0]]
[[32 3]
 [10 3]]
[[32 2]
 [9 5]]
[[34 5]
 [8 1]]
Epoch 31/40
270/270 - 529s - loss: 0.5558 - accuracy: 0.9228 - precision: 0.7897 - recall: 0.9571 - gen_confusion_matrix: 3.9963 - val_loss: 0.6793 - val_accuracy: 0.7792 - val_precision: 0.7042 - val_recall: 0.3378 - val_gen_confusion_matrix: 11.7174
[[29 2]
 [7 10]]
[[31 5]
 [7 5]]
[[28 5]
 [9 6]]
[[29 4]
 [9 6]]
[[36 2]
 [3 7]]
[[28 2]
 [14 4]]
[[29 9]
 [4 6]]
[[35 2]
 [6 5]]
[[33 1]
 [6 8]]
[[31 3]
 [8 6]]
[[30 2]
 [8 8]]
[[36 2]
 [4 6]]
[[32 5]
 [9 2]]
[[35 3]
 [5 5]]
[[36 1]
 [8 3]]
[[37 0]
 [4 7]]
[[28 2]
 [11 7]]
[[30 2]
 [8 8]]
[[28 5]
 [5 10]]
[[34 2]
 [7 5]]
[[29 6]
 [9 4]]
[[37 2]
 [8 1]]
Epoch 32/40
270/270 - 528s - loss: 0.5554 - accuracy: 0.9266 - precision: 0.8078 - recall: 0.9401 - gen_confusion_matrix: 3.9963 - val_loss: 0.6494 - val_accuracy: 0.7857 - val_precision: 0.6633 - val_recall: 0.4459 - val_gen_confusion_matrix: 11.7174
[[29 7]
 [7 5]]
[[30 6]
 [2 10]]
[[30 4]
 [7 7]]
[[33 6]
 [4 5]]
[[33 1]
 [9 5]]
[[21 8]
 [10 9]]
[[31 3]
 [9 5]]
[[30 3]
 [8 7]]
[[34 5]
 [4 5]]
[[26 4]
 [10 8]]
[[32 0]
 [6 10]]
[[31 4]
 [8 5]]
[[32 1]
 [7 8]]
[[30 5]
 [4 9]]
[[32 6]
 [7 3]]
[[35 4]
 [6 3]]
[[30 7]
 [4 7]]
[[34 1]
 [9 4]]
[[32 7]
 [6 3]]
[[29 1]
 [7 11]]
[[29 6]
 [8 5]]
[[34 3]
 [9 2]]
Epoch 33/40
270/270 - 527s - loss: 0.5586 - accuracy: 0.9224 - precision: 0.8009 - recall: 0.9320 - gen_confusion_matrix: 3.9963 - val_loss: 0.6594 - val_accuracy: 0.7690 - val_precision: 0.6000 - val_recall: 0.4764 - val_gen_confusion_matrix: 11.7174
[[39 0]
 [4 5]]
[[37 1]
 [8 2]]
[[33 1]
 [11 3]]
[[39 1]
 [6 2]]
[[34 2]
 [12 0]]
[[35 1]
 [9 3]]
[[33 1]
 [12 2]]
[[39 0]
 [7 2]]
[[31 2]
 [10 5]]
[[32 0]
 [14 2]]
[[34 1]
 [7 6]]
[[30 0]
 [9 9]]
[[31 2]
 [12 3]]
[[31 1]
 [13 3]]
[[27 1]
 [16 4]]
[[35 1]
 [10 2]]
[[37 0]
 [8 3]]
[[37 1]
 [7 3]]
[[30 3]
 [12 3]]
[[30 1]
 [13 4]]
[[32 3]
 [11 2]]
[[40 0]
 [6 2]]
Epoch 34/40
270/270 - 528s - loss: 0.5534 - accuracy: 0.9298 - precision: 0.8171 - recall: 0.9392 - gen_confusion_matrix: 3.9963 - val_loss: 0.6948 - val_accuracy: 0.7727 - val_precision: 0.7629 - val_recall: 0.2500 - val_gen_confusion_matrix: 11.7174
[[30 1]
 [11 6]]
[[38 1]
 [5 4]]
[[32 1]
 [8 7]]
[[30 3]
 [12 3]]
[[38 0]
 [6 4]]
[[29 2]
 [10 7]]
[[34 1]
 [7 6]]
[[32 2]
 [12 2]]
[[34 2]
 [8 4]]
[[35 3]
 [7 3]]
[[41 0]
 [3 4]]
[[37 2]
 [5 4]]
[[36 0]
 [7 5]]
[[30 1]
 [12 5]]
[[28 1]
 [14 5]]
[[31 3]
 [7 7]]
[[32 1]
 [10 5]]
[[33 0]
 [8 7]]
[[28 3]
 [12 5]]
[[38 2]
 [5 3]]
[[34 2]
 [10 2]]
[[36 1]
 [9 2]]

Epoch 00034: ReduceLROnPlateau reducing learning rate to 3.164062582072802e-05.
Epoch 35/40
270/270 - 527s - loss: 0.5505 - accuracy: 0.9379 - precision: 0.8284 - recall: 0.9589 - gen_confusion_matrix: 3.9963 - val_loss: 0.6671 - val_accuracy: 0.7904 - val_precision: 0.7612 - val_recall: 0.3446 - val_gen_confusion_matrix: 11.7174
[[23 7]
 [12 6]]
[[30 6]
 [4 8]]
[[29 9]
 [5 5]]
[[32 3]
 [5 8]]
[[31 3]
 [5 9]]
[[35 3]
 [5 5]]
[[27 4]
 [7 10]]
[[29 4]
 [7 8]]
[[27 5]
 [13 3]]
[[25 4]
 [12 7]]
[[32 6]
 [7 3]]
[[34 3]
 [6 5]]
[[32 5]
 [4 7]]
[[32 4]
 [3 9]]
[[37 3]
 [4 4]]
[[26 5]
 [7 10]]
[[30 4]
 [9 5]]
[[30 6]
 [5 7]]
[[29 5]
 [7 7]]
[[35 2]
 [6 5]]
[[31 3]
 [7 7]]
[[30 4]
 [7 7]]
Epoch 36/40
270/270 - 527s - loss: 0.5493 - accuracy: 0.9381 - precision: 0.8306 - recall: 0.9562 - gen_confusion_matrix: 3.9963 - val_loss: 0.6570 - val_accuracy: 0.8042 - val_precision: 0.6112 - val_recall: 0.4932 - val_gen_confusion_matrix: 11.7174
[[32 1]
 [10 5]]
[[32 4]
 [9 3]]
[[31 3]
 [8 6]]
[[35 0]
 [9 4]]
[[32 0]
 [11 5]]
[[29 2]
 [10 7]]
[[32 2]
 [4 10]]
[[32 2]
 [9 5]]
[[32 1]
 [11 4]]
[[39 1]
 [6 2]]
[[32 2]
 [10 4]]
[[34 3]
 [8 3]]
[[30 4]
 [11 3]]
[[29 3]
 [9 7]]
[[32 2]
 [12 2]]
[[30 4]
 [9 5]]
[[34 0]
 [9 5]]
[[37 1]
 [6 4]]
[[32 1]
 [12 3]]
[[33 3]
 [6 6]]
[[36 1]
 [6 5]]
[[38 2]
 [8 0]]
Epoch 37/40
270/270 - 527s - loss: 0.5496 - accuracy: 0.9423 - precision: 0.8462 - recall: 0.9499 - gen_confusion_matrix: 3.9963 - val_loss: 0.6768 - val_accuracy: 0.7792 - val_precision: 0.7042 - val_recall: 0.3378 - val_gen_confusion_matrix: 11.7174
[[30 1]
 [11 6]]
[[22 3]
 [14 9]]
[[32 3]
 [9 4]]
[[35 1]
 [9 3]]
[[31 3]
 [7 7]]
[[35 0]
 [10 3]]
[[33 2]
 [10 3]]
[[36 3]
 [6 3]]
[[26 1]
 [14 7]]
[[40 2]
 [3 3]]
[[35 0]
 [8 5]]
[[32 1]
 [12 3]]
[[40 1]
 [5 2]]
[[35 3]
 [8 2]]
[[40 2]
 [3 3]]
[[27 2]
 [10 9]]
[[28 4]
 [12 4]]
[[39 1]
 [7 1]]
[[38 0]
 [7 3]]
[[31 0]
 [12 5]]
[[34 1]
 [9 4]]
[[38 0]
 [8 2]]
Epoch 38/40
270/270 - 527s - loss: 0.5460 - accuracy: 0.9474 - precision: 0.8500 - recall: 0.9678 - gen_confusion_matrix: 3.9963 - val_loss: 0.6778 - val_accuracy: 0.7792 - val_precision: 0.7302 - val_recall: 0.3108 - val_gen_confusion_matrix: 11.7174
[[32 1]
 [9 6]]
[[36 1]
 [7 4]]
[[34 3]
 [5 6]]
[[34 1]
 [6 7]]
[[33 0]
 [9 6]]
[[29 1]
 [13 5]]
[[32 1]
 [8 7]]
[[33 6]
 [4 5]]
[[30 4]
 [10 4]]
[[32 3]
 [9 4]]
[[27 1]
 [16 4]]
[[30 1]
 [13 4]]
[[38 0]
 [7 3]]
[[30 1]
 [11 6]]
[[34 1]
 [10 3]]
[[34 5]
 [8 1]]
[[34 2]
 [8 4]]
[[37 0]
 [7 4]]
[[36 0]
 [6 6]]
[[30 1]
 [11 6]]
[[36 1]
 [8 3]]
[[37 1]
 [7 3]]
Epoch 39/40
270/270 - 527s - loss: 0.5464 - accuracy: 0.9462 - precision: 0.8521 - recall: 0.9589 - gen_confusion_matrix: 3.9963 - val_loss: 0.6641 - val_accuracy: 0.7857 - val_precision: 0.7338 - val_recall: 0.3446 - val_gen_confusion_matrix: 11.7174
[[38 2]
 [6 2]]
[[29 3]
 [9 7]]
[[37 1]
 [6 4]]
[[36 2]
 [4 6]]
[[33 2]
 [9 4]]
[[31 5]
 [8 4]]
[[30 1]
 [13 4]]
[[37 3]
 [8 0]]
[[31 1]
 [12 4]]
[[32 1]
 [9 6]]
[[26 1]
 [14 7]]
[[33 3]
 [4 8]]
[[35 2]
 [7 4]]
[[34 0]
 [12 2]]
[[33 1]
 [12 2]]
[[34 2]
 [7 5]]
[[34 1]
 [7 6]]
[[30 2]
 [10 6]]
[[29 3]
 [4 12]]
[[30 1]
 [10 7]]
[[35 2]
 [9 2]]
[[37 2]
 [7 2]]

Epoch 00039: ReduceLROnPlateau reducing learning rate to 2.3730469365546014e-05.
Epoch 40/40
270/270 - 527s - loss: 0.5467 - accuracy: 0.9481 - precision: 0.8559 - recall: 0.9615 - gen_confusion_matrix: 3.9963 - val_loss: 0.6776 - val_accuracy: 0.7848 - val_precision: 0.7162 - val_recall: 0.3581 - val_gen_confusion_matrix: 11.7174

 See logs at ../../cache/conv___04_2116___all_sw_coch_preprocessed_v2_param_v29_augm_v0_cleaned_8000___redo___2077/logs/