Category:  linear
Dataset:  all_sw_linear_preprocessed_v2_param_v31_augm_v0_cleaned_8000.pkl
File:  conv.train2085
Description:  mod9_onlinear
2021-04-26 13:33:07.739962: I tensorflow/stream_executor/platform/default/dso_loader.cc:49] Successfully opened dynamic library libcudart.so.11.0
2021-04-26 13:33:09.973336: I tensorflow/compiler/jit/xla_cpu_device.cc:41] Not creating XLA devices, tf_xla_enable_xla_devices not set
2021-04-26 13:33:09.974331: I tensorflow/stream_executor/platform/default/dso_loader.cc:49] Successfully opened dynamic library libcuda.so.1
2021-04-26 13:33:10.035994: I tensorflow/stream_executor/cuda/cuda_gpu_executor.cc:941] successful NUMA node read from SysFS had negative value (-1), but there must be at least one NUMA node, so returning NUMA node zero
2021-04-26 13:33:10.036755: I tensorflow/core/common_runtime/gpu/gpu_device.cc:1720] Found device 0 with properties: 
pciBusID: 0000:00:05.0 name: Tesla V100-SXM2-16GB computeCapability: 7.0
coreClock: 1.53GHz coreCount: 80 deviceMemorySize: 15.78GiB deviceMemoryBandwidth: 836.37GiB/s
2021-04-26 13:33:10.036784: I tensorflow/stream_executor/platform/default/dso_loader.cc:49] Successfully opened dynamic library libcudart.so.11.0
2021-04-26 13:33:10.040482: I tensorflow/stream_executor/platform/default/dso_loader.cc:49] Successfully opened dynamic library libcublas.so.11
2021-04-26 13:33:10.040565: I tensorflow/stream_executor/platform/default/dso_loader.cc:49] Successfully opened dynamic library libcublasLt.so.11
2021-04-26 13:33:10.041747: I tensorflow/stream_executor/platform/default/dso_loader.cc:49] Successfully opened dynamic library libcufft.so.10
2021-04-26 13:33:10.042069: I tensorflow/stream_executor/platform/default/dso_loader.cc:49] Successfully opened dynamic library libcurand.so.10
2021-04-26 13:33:10.043162: I tensorflow/stream_executor/platform/default/dso_loader.cc:49] Successfully opened dynamic library libcusolver.so.10
2021-04-26 13:33:10.044091: I tensorflow/stream_executor/platform/default/dso_loader.cc:49] Successfully opened dynamic library libcusparse.so.11
2021-04-26 13:33:10.044244: I tensorflow/stream_executor/platform/default/dso_loader.cc:49] Successfully opened dynamic library libcudnn.so.8
2021-04-26 13:33:10.044352: I tensorflow/stream_executor/cuda/cuda_gpu_executor.cc:941] successful NUMA node read from SysFS had negative value (-1), but there must be at least one NUMA node, so returning NUMA node zero
2021-04-26 13:33:10.045127: I tensorflow/stream_executor/cuda/cuda_gpu_executor.cc:941] successful NUMA node read from SysFS had negative value (-1), but there must be at least one NUMA node, so returning NUMA node zero
2021-04-26 13:33:10.045806: I tensorflow/core/common_runtime/gpu/gpu_device.cc:1862] Adding visible gpu devices: 0
2021-04-26 13:33:10.047969: I tensorflow/compiler/jit/xla_gpu_device.cc:99] Not creating XLA devices, tf_xla_enable_xla_devices not set
2021-04-26 13:33:10.048225: I tensorflow/stream_executor/cuda/cuda_gpu_executor.cc:941] successful NUMA node read from SysFS had negative value (-1), but there must be at least one NUMA node, so returning NUMA node zero
2021-04-26 13:33:10.048952: I tensorflow/core/common_runtime/gpu/gpu_device.cc:1720] Found device 0 with properties: 
pciBusID: 0000:00:05.0 name: Tesla V100-SXM2-16GB computeCapability: 7.0
coreClock: 1.53GHz coreCount: 80 deviceMemorySize: 15.78GiB deviceMemoryBandwidth: 836.37GiB/s
2021-04-26 13:33:10.048981: I tensorflow/stream_executor/platform/default/dso_loader.cc:49] Successfully opened dynamic library libcudart.so.11.0
2021-04-26 13:33:10.049012: I tensorflow/stream_executor/platform/default/dso_loader.cc:49] Successfully opened dynamic library libcublas.so.11
2021-04-26 13:33:10.049027: I tensorflow/stream_executor/platform/default/dso_loader.cc:49] Successfully opened dynamic library libcublasLt.so.11
2021-04-26 13:33:10.049040: I tensorflow/stream_executor/platform/default/dso_loader.cc:49] Successfully opened dynamic library libcufft.so.10
2021-04-26 13:33:10.049054: I tensorflow/stream_executor/platform/default/dso_loader.cc:49] Successfully opened dynamic library libcurand.so.10
2021-04-26 13:33:10.049080: I tensorflow/stream_executor/platform/default/dso_loader.cc:49] Successfully opened dynamic library libcusolver.so.10
2021-04-26 13:33:10.049094: I tensorflow/stream_executor/platform/default/dso_loader.cc:49] Successfully opened dynamic library libcusparse.so.11
2021-04-26 13:33:10.049108: I tensorflow/stream_executor/platform/default/dso_loader.cc:49] Successfully opened dynamic library libcudnn.so.8
2021-04-26 13:33:10.049180: I tensorflow/stream_executor/cuda/cuda_gpu_executor.cc:941] successful NUMA node read from SysFS had negative value (-1), but there must be at least one NUMA node, so returning NUMA node zero
2021-04-26 13:33:10.049961: I tensorflow/stream_executor/cuda/cuda_gpu_executor.cc:941] successful NUMA node read from SysFS had negative value (-1), but there must be at least one NUMA node, so returning NUMA node zero
2021-04-26 13:33:10.050722: I tensorflow/core/common_runtime/gpu/gpu_device.cc:1862] Adding visible gpu devices: 0
2021-04-26 13:33:10.050773: I tensorflow/stream_executor/platform/default/dso_loader.cc:49] Successfully opened dynamic library libcudart.so.11.0
2021-04-26 13:33:10.842868: I tensorflow/core/common_runtime/gpu/gpu_device.cc:1261] Device interconnect StreamExecutor with strength 1 edge matrix:
2021-04-26 13:33:10.842914: I tensorflow/core/common_runtime/gpu/gpu_device.cc:1267]      0 
2021-04-26 13:33:10.842923: I tensorflow/core/common_runtime/gpu/gpu_device.cc:1280] 0:   N 
2021-04-26 13:33:10.843204: I tensorflow/stream_executor/cuda/cuda_gpu_executor.cc:941] successful NUMA node read from SysFS had negative value (-1), but there must be at least one NUMA node, so returning NUMA node zero
2021-04-26 13:33:10.844019: I tensorflow/stream_executor/cuda/cuda_gpu_executor.cc:941] successful NUMA node read from SysFS had negative value (-1), but there must be at least one NUMA node, so returning NUMA node zero
2021-04-26 13:33:10.844759: I tensorflow/stream_executor/cuda/cuda_gpu_executor.cc:941] successful NUMA node read from SysFS had negative value (-1), but there must be at least one NUMA node, so returning NUMA node zero
2021-04-26 13:33:10.845477: I tensorflow/core/common_runtime/gpu/gpu_device.cc:1406] Created TensorFlow device (/job:localhost/replica:0/task:0/device:GPU:0 with 14760 MB memory) -> physical GPU (device: 0, name: Tesla V100-SXM2-16GB, pci bus id: 0000:00:05.0, compute capability: 7.0)
2021-04-26 13:33:11.271770: I tensorflow/core/profiler/lib/profiler_session.cc:136] Profiler session initializing.
2021-04-26 13:33:11.271811: I tensorflow/core/profiler/lib/profiler_session.cc:155] Profiler session started.
2021-04-26 13:33:11.271847: I tensorflow/core/profiler/internal/gpu/cupti_tracer.cc:1365] Profiler found 1 GPUs
2021-04-26 13:33:11.272052: W tensorflow/stream_executor/platform/default/dso_loader.cc:60] Could not load dynamic library 'libcupti.so.11.0'; dlerror: libcupti.so.11.0: cannot open shared object file: No such file or directory; LD_LIBRARY_PATH: /usr/local/cuda-11.2/lib64
2021-04-26 13:33:11.272852: I tensorflow/stream_executor/platform/default/dso_loader.cc:49] Successfully opened dynamic library libcupti.so
2021-04-26 13:33:11.475652: I tensorflow/core/profiler/lib/profiler_session.cc:172] Profiler session tear down.
2021-04-26 13:33:11.478337: I tensorflow/core/profiler/internal/gpu/cupti_tracer.cc:1487] CUPTI activity buffer flushed
Tensorflow Version: 2.4.0
Num GPUs Available:  1
-----------------------
Using module located at /main/models/conv/train2085.py
Using train_file located at ../../data/datasets/all_sw_linear_preprocessed_v2_param_v31_augm_v0_cleaned_8000.pkl
Using logs_path located at ../../cache/conv___04_1333___all_sw_linear_preprocessed_v2_param_v31_augm_v0_cleaned_8000___mod9_onlinear___2085/logs/
-----------------------
Collecting Variables...
Model Parameters: {'N_CLASSES': 1, 'SR': 8000, 'BATCH_SIZE': 8, 'LR': 0.0001, 'SHAPE': (257, 1251, 3), 'WEIGHT_DECAY': 0.001, 'LL2_REG': 0, 'EPSILON': 1e-07, 'LABEL_SMOOTHING': 0.4}
Learning Rate Parameters: {'factor': 0.75, 'patience': 4, 'min_lr': 1e-08}
Early Stopping Patience and Delta: 25, 1.0%
-----------------------
Size of training set: 4316
Size of validation set: 1078
Initializing weights...
weights = {0: 0.6776381909547738, 1: 1.9073550212164074}
Model: "conv2d"
__________________________________________________________________________________________________
Layer (type)                    Output Shape         Param #     Connected to                     
==================================================================================================
input_1 (InputLayer)            [(None, 257, 1251, 3 0                                            
__________________________________________________________________________________________________
batch_normalization (BatchNorma (None, 257, 1251, 3) 12          input_1[0][0]                    
__________________________________________________________________________________________________
conv2d (Conv2D)                 (None, 257, 1251, 16 64          batch_normalization[0][0]        
__________________________________________________________________________________________________
conv2d_2 (Conv2D)               (None, 257, 1251, 16 64          batch_normalization[0][0]        
__________________________________________________________________________________________________
max_pooling2d (MaxPooling2D)    (None, 257, 1251, 3) 0           batch_normalization[0][0]        
__________________________________________________________________________________________________
conv2d_1 (Conv2D)               (None, 257, 1251, 16 2320        conv2d[0][0]                     
__________________________________________________________________________________________________
conv2d_3 (Conv2D)               (None, 257, 1251, 16 6416        conv2d_2[0][0]                   
__________________________________________________________________________________________________
conv2d_4 (Conv2D)               (None, 257, 1251, 16 64          max_pooling2d[0][0]              
__________________________________________________________________________________________________
concatenate (Concatenate)       (None, 257, 1251, 48 0           conv2d_1[0][0]                   
                                                                 conv2d_3[0][0]                   
                                                                 conv2d_4[0][0]                   
__________________________________________________________________________________________________
average_pooling2d (AveragePooli (None, 129, 626, 48) 0           concatenate[0][0]                
__________________________________________________________________________________________________
batch_normalization_1 (BatchNor (None, 129, 626, 48) 192         average_pooling2d[0][0]          
__________________________________________________________________________________________________
dropout (Dropout)               (None, 129, 626, 48) 0           batch_normalization_1[0][0]      
__________________________________________________________________________________________________
inverted_residual (InvertedResi (None, 129, 626, 32) 35840       dropout[0][0]                    
__________________________________________________________________________________________________
inverted_residual_1 (InvertedRe (None, 129, 626, 32) 20864       inverted_residual[0][0]          
__________________________________________________________________________________________________
average_pooling2d_1 (AveragePoo (None, 64, 313, 32)  0           inverted_residual_1[0][0]        
__________________________________________________________________________________________________
batch_normalization_2 (BatchNor (None, 64, 313, 32)  128         average_pooling2d_1[0][0]        
__________________________________________________________________________________________________
dropout_1 (Dropout)             (None, 64, 313, 32)  0           batch_normalization_2[0][0]      
__________________________________________________________________________________________________
inverted_residual_2 (InvertedRe (None, 64, 313, 64)  27136       dropout_1[0][0]                  
__________________________________________________________________________________________________
inverted_residual_3 (InvertedRe (None, 64, 313, 64)  66304       inverted_residual_2[0][0]        
__________________________________________________________________________________________________
average_pooling2d_2 (AveragePoo (None, 32, 156, 64)  0           inverted_residual_3[0][0]        
__________________________________________________________________________________________________
batch_normalization_3 (BatchNor (None, 32, 156, 64)  256         average_pooling2d_2[0][0]        
__________________________________________________________________________________________________
dropout_2 (Dropout)             (None, 32, 156, 64)  0           batch_normalization_3[0][0]      
__________________________________________________________________________________________________
inverted_residual_4 (InvertedRe (None, 32, 156, 128) 91136       dropout_2[0][0]                  
__________________________________________________________________________________________________
inverted_residual_5 (InvertedRe (None, 32, 156, 128) 230912      inverted_residual_4[0][0]        
__________________________________________________________________________________________________
average_pooling2d_3 (AveragePoo (None, 16, 78, 128)  0           inverted_residual_5[0][0]        
__________________________________________________________________________________________________
batch_normalization_4 (BatchNor (None, 16, 78, 128)  512         average_pooling2d_3[0][0]        
__________________________________________________________________________________________________
dropout_3 (Dropout)             (None, 16, 78, 128)  0           batch_normalization_4[0][0]      
__________________________________________________________________________________________________
inverted_residual_6 (InvertedRe (None, 16, 78, 256)  329728      dropout_3[0][0]                  
__________________________________________________________________________________________________
inverted_residual_7 (InvertedRe (None, 16, 78, 256)  855040      inverted_residual_6[0][0]        
__________________________________________________________________________________________________
average_pooling2d_4 (AveragePoo (None, 8, 39, 256)   0           inverted_residual_7[0][0]        
__________________________________________________________________________________________________
batch_normalization_5 (BatchNor (None, 8, 39, 256)   1024        average_pooling2d_4[0][0]        
__________________________________________________________________________________________________
dropout_4 (Dropout)             (None, 8, 39, 256)   0           batch_normalization_5[0][0]      
__________________________________________________________________________________________________
inverted_residual_8 (InvertedRe (None, 8, 39, 512)   1249280     dropout_4[0][0]                  
__________________________________________________________________________________________________
inverted_residual_9 (InvertedRe (None, 8, 39, 512)   3282944     inverted_residual_8[0][0]        
__________________________________________________________________________________________________
global_average_pooling2d (Globa (None, 512)          0           inverted_residual_9[0][0]        2021-04-26 13:33:12.557517: I tensorflow/compiler/mlir/mlir_graph_optimization_pass.cc:116] None of the MLIR optimization passes are enabled (registered 2)
2021-04-26 13:33:12.559996: I tensorflow/core/platform/profile_utils/cpu_utils.cc:112] CPU Frequency: 2299995000 Hz
2021-04-26 13:33:16.851140: I tensorflow/stream_executor/platform/default/dso_loader.cc:49] Successfully opened dynamic library libcublas.so.11
2021-04-26 13:33:17.387452: I tensorflow/stream_executor/platform/default/dso_loader.cc:49] Successfully opened dynamic library libcublasLt.so.11
2021-04-26 13:33:17.406516: I tensorflow/stream_executor/platform/default/dso_loader.cc:49] Successfully opened dynamic library libcudnn.so.8
2021-04-26 13:33:22.120703: I tensorflow/core/profiler/lib/profiler_session.cc:136] Profiler session initializing.
2021-04-26 13:33:22.120752: I tensorflow/core/profiler/lib/profiler_session.cc:155] Profiler session started.
2021-04-26 13:33:23.672932: I tensorflow/core/profiler/lib/profiler_session.cc:71] Profiler session collecting data.
2021-04-26 13:33:23.674388: I tensorflow/core/profiler/internal/gpu/cupti_tracer.cc:1487] CUPTI activity buffer flushed
2021-04-26 13:33:23.712482: I tensorflow/core/profiler/internal/gpu/cupti_collector.cc:228]  GpuTracer has collected 841 callback api events and 837 activity events. 
2021-04-26 13:33:23.735108: I tensorflow/core/profiler/lib/profiler_session.cc:172] Profiler session tear down.

__________________________________________________________________________________________________
dense (Dense)                   (None, 1)            513         global_average_pooling2d[0][0]   
==================================================================================================
Total params: 6,200,749
Trainable params: 6,159,239
Non-trainable params: 41,510
__________________________________________________________________________________________________
Epoch 1/40
540/540 - 559s - loss: 0.7080 - accuracy: 0.5405 - precision: 0.2868 - recall: 0.5206 - gen_confusion_matrix: 1.9981 - val_loss: 0.7018 - val_accuracy: 0.2746 - val_precision: 0.2746 - val_recall: 1.0000 - val_gen_confusion_matrix: 3.9632
WARNING:tensorflow:Learning rate reduction is conditioned on metric `val_calc_accuracy` which is not available. Available metrics are: loss,accuracy,precision,recall,gen_confusion_matrix,val_loss,val_accuracy,val_precision,val_recall,val_gen_confusion_matrix,lr
WARNING:tensorflow:Early stopping conditioned on metric `val_calc_accuracy` which is not available. Available metrics are: loss,accuracy,precision,recall,gen_confusion_matrix,val_loss,val_accuracy,val_precision,val_recall,val_gen_confusion_matrix,lr
Epoch 2/40
540/540 - 546s - loss: 0.6891 - accuracy: 0.5656 - precision: 0.3118 - recall: 0.5608 - gen_confusion_matrix: 1.9981 - val_loss: 0.9230 - val_accuracy: 0.7254 - val_precision: 0.0000e+00 - val_recall: 0.0000e+00 - val_gen_confusion_matrix: 3.9632
WARNING:tensorflow:Learning rate reduction is conditioned on metric `val_calc_accuracy` which is not available. Available metrics are: loss,accuracy,precision,recall,gen_confusion_matrix,val_loss,val_accuracy,val_precision,val_recall,val_gen_confusion_matrix,lr
WARNING:tensorflow:Early stopping conditioned on metric `val_calc_accuracy` which is not available. Available metrics are: loss,accuracy,precision,recall,gen_confusion_matrix,val_loss,val_accuracy,val_precision,val_recall,val_gen_confusion_matrix,lr
Epoch 3/40
540/540 - 542s - loss: 0.6864 - accuracy: 0.5730 - precision: 0.3238 - recall: 0.5957 - gen_confusion_matrix: 1.9981 - val_loss: 0.6951 - val_accuracy: 0.5009 - val_precision: 0.3194 - val_recall: 0.7230 - val_gen_confusion_matrix: 3.9632
WARNING:tensorflow:Learning rate reduction is conditioned on metric `val_calc_accuracy` which is not available. Available metrics are: loss,accuracy,precision,recall,gen_confusion_matrix,val_loss,val_accuracy,val_precision,val_recall,val_gen_confusion_matrix,lr
WARNING:tensorflow:Early stopping conditioned on metric `val_calc_accuracy` which is not available. Available metrics are: loss,accuracy,precision,recall,gen_confusion_matrix,val_loss,val_accuracy,val_precision,val_recall,val_gen_confusion_matrix,lr
Epoch 4/40
540/540 - 541s - loss: 0.6831 - accuracy: 0.5820 - precision: 0.3292 - recall: 0.5912 - gen_confusion_matrix: 1.9981 - val_loss: 0.6756 - val_accuracy: 0.6354 - val_precision: 0.3618 - val_recall: 0.4291 - val_gen_confusion_matrix: 3.9632
WARNING:tensorflow:Learning rate reduction is conditioned on metric `val_calc_accuracy` which is not available. Available metrics are: loss,accuracy,precision,recall,gen_confusion_matrix,val_loss,val_accuracy,val_precision,val_recall,val_gen_confusion_matrix,lr
WARNING:tensorflow:Early stopping conditioned on metric `val_calc_accuracy` which is not available. Available metrics are: loss,accuracy,precision,recall,gen_confusion_matrix,val_loss,val_accuracy,val_precision,val_recall,val_gen_confusion_matrix,lr
Epoch 5/40
540/540 - 543s - loss: 0.6803 - accuracy: 0.5908 - precision: 0.3369 - recall: 0.5984 - gen_confusion_matrix: 1.9981 - val_loss: 0.9009 - val_accuracy: 0.2746 - val_precision: 0.2746 - val_recall: 1.0000 - val_gen_confusion_matrix: 3.9632
WARNING:tensorflow:Learning rate reduction is conditioned on metric `val_calc_accuracy` which is not available. Available metrics are: loss,accuracy,precision,recall,gen_confusion_matrix,val_loss,val_accuracy,val_precision,val_recall,val_gen_confusion_matrix,lr
WARNING:tensorflow:Early stopping conditioned on metric `val_calc_accuracy` which is not available. Available metrics are: loss,accuracy,precision,recall,gen_confusion_matrix,val_loss,val_accuracy,val_precision,val_recall,val_gen_confusion_matrix,lr
Epoch 6/40
540/540 - 540s - loss: 0.6768 - accuracy: 0.6066 - precision: 0.3514 - recall: 0.6136 - gen_confusion_matrix: 1.9981 - val_loss: 0.8979 - val_accuracy: 0.2783 - val_precision: 0.2756 - val_recall: 1.0000 - val_gen_confusion_matrix: 3.9632
WARNING:tensorflow:Learning rate reduction is conditioned on metric `val_calc_accuracy` which is not available. Available metrics are: loss,accuracy,precision,recall,gen_confusion_matrix,val_loss,val_accuracy,val_precision,val_recall,val_gen_confusion_matrix,lr
WARNING:tensorflow:Early stopping conditioned on metric `val_calc_accuracy` which is not available. Available metrics are: loss,accuracy,precision,recall,gen_confusion_matrix,val_loss,val_accuracy,val_precision,val_recall,val_gen_confusion_matrix,lr
Epoch 7/40
540/540 - 542s - loss: 0.6743 - accuracy: 0.6198 - precision: 0.3684 - recall: 0.6547 - gen_confusion_matrix: 1.9981 - val_loss: 0.7068 - val_accuracy: 0.4740 - val_precision: 0.3166 - val_recall: 0.7905 - val_gen_confusion_matrix: 3.9632
WARNING:tensorflow:Learning rate reduction is conditioned on metric `val_calc_accuracy` which is not available. Available metrics are: loss,accuracy,precision,recall,gen_confusion_matrix,val_loss,val_accuracy,val_precision,val_recall,val_gen_confusion_matrix,lr
WARNING:tensorflow:Early stopping conditioned on metric `val_calc_accuracy` which is not available. Available metrics are: loss,accuracy,precision,recall,gen_confusion_matrix,val_loss,val_accuracy,val_precision,val_recall,val_gen_confusion_matrix,lr
Epoch 8/40
540/540 - 544s - loss: 0.6717 - accuracy: 0.6168 - precision: 0.3656 - recall: 0.6521 - gen_confusion_matrix: 1.9981 - val_loss: 0.7347 - val_accuracy: 0.7245 - val_precision: 0.0000e+00 - val_recall: 0.0000e+00 - val_gen_confusion_matrix: 4.0074
WARNING:tensorflow:Learning rate reduction is conditioned on metric `val_calc_accuracy` which is not available. Available metrics are: loss,accuracy,precision,recall,gen_confusion_matrix,val_loss,val_accuracy,val_precision,val_recall,val_gen_confusion_matrix,lr
WARNING:tensorflow:Early stopping conditioned on metric `val_calc_accuracy` which is not available. Available metrics are: loss,accuracy,precision,recall,gen_confusion_matrix,val_loss,val_accuracy,val_precision,val_recall,val_gen_confusion_matrix,lr
Epoch 9/40
540/540 - 544s - loss: 0.6662 - accuracy: 0.6474 - precision: 0.3935 - recall: 0.6673 - gen_confusion_matrix: 1.9981 - val_loss: 0.9718 - val_accuracy: 0.2950 - val_precision: 0.2803 - val_recall: 1.0000 - val_gen_confusion_matrix: 3.9632
WARNING:tensorflow:Learning rate reduction is conditioned on metric `val_calc_accuracy` which is not available. Available metrics are: loss,accuracy,precision,recall,gen_confusion_matrix,val_loss,val_accuracy,val_precision,val_recall,val_gen_confusion_matrix,lr
WARNING:tensorflow:Early stopping conditioned on metric `val_calc_accuracy` which is not available. Available metrics are: loss,accuracy,precision,recall,gen_confusion_matrix,val_loss,val_accuracy,val_precision,val_recall,val_gen_confusion_matrix,lr
Epoch 10/40
540/540 - 543s - loss: 0.6626 - accuracy: 0.6580 - precision: 0.4048 - recall: 0.6807 - gen_confusion_matrix: 1.9981 - val_loss: 0.6914 - val_accuracy: 0.5714 - val_precision: 0.3373 - val_recall: 0.5811 - val_gen_confusion_matrix: 3.9632
WARNING:tensorflow:Learning rate reduction is conditioned on metric `val_calc_accuracy` which is not available. Available metrics are: loss,accuracy,precision,recall,gen_confusion_matrix,val_loss,val_accuracy,val_precision,val_recall,val_gen_confusion_matrix,lr
WARNING:tensorflow:Early stopping conditioned on metric `val_calc_accuracy` which is not available. Available metrics are: loss,accuracy,precision,recall,gen_confusion_matrix,val_loss,val_accuracy,val_precision,val_recall,val_gen_confusion_matrix,lr
Epoch 11/40
540/540 - 540s - loss: 0.6548 - accuracy: 0.6772 - precision: 0.4273 - recall: 0.7227 - gen_confusion_matrix: 1.9981 - val_loss: 0.9091 - val_accuracy: 0.3117 - val_precision: 0.2847 - val_recall: 0.9966 - val_gen_confusion_matrix: 3.9632
WARNING:tensorflow:Learning rate reduction is conditioned on metric `val_calc_accuracy` which is not available. Available metrics are: loss,accuracy,precision,recall,gen_confusion_matrix,val_loss,val_accuracy,val_precision,val_recall,val_gen_confusion_matrix,lr
WARNING:tensorflow:Early stopping conditioned on metric `val_calc_accuracy` which is not available. Available metrics are: loss,accuracy,precision,recall,gen_confusion_matrix,val_loss,val_accuracy,val_precision,val_recall,val_gen_confusion_matrix,lr
