Category:  coch
Dataset:  all_sw_coch_preprocessed_v2_param_v29_augm_v0_cleaned_8000.pkl
File:  conv.train2090
Description:  model9_MoE
2021-04-29 21:44:43.459476: I tensorflow/stream_executor/platform/default/dso_loader.cc:49] Successfully opened dynamic library libcudart.so.11.0
2021-04-29 21:44:45.813767: I tensorflow/compiler/jit/xla_cpu_device.cc:41] Not creating XLA devices, tf_xla_enable_xla_devices not set
2021-04-29 21:44:45.814967: I tensorflow/stream_executor/platform/default/dso_loader.cc:49] Successfully opened dynamic library libcuda.so.1
2021-04-29 21:44:45.870797: I tensorflow/stream_executor/cuda/cuda_gpu_executor.cc:941] successful NUMA node read from SysFS had negative value (-1), but there must be at least one NUMA node, so returning NUMA node zero
2021-04-29 21:44:45.871604: I tensorflow/core/common_runtime/gpu/gpu_device.cc:1720] Found device 0 with properties: 
pciBusID: 0000:00:05.0 name: Tesla T4 computeCapability: 7.5
coreClock: 1.59GHz coreCount: 40 deviceMemorySize: 14.75GiB deviceMemoryBandwidth: 298.08GiB/s
2021-04-29 21:44:45.871636: I tensorflow/stream_executor/platform/default/dso_loader.cc:49] Successfully opened dynamic library libcudart.so.11.0
2021-04-29 21:44:45.875586: I tensorflow/stream_executor/platform/default/dso_loader.cc:49] Successfully opened dynamic library libcublas.so.11
2021-04-29 21:44:45.875708: I tensorflow/stream_executor/platform/default/dso_loader.cc:49] Successfully opened dynamic library libcublasLt.so.11
2021-04-29 21:44:45.876947: I tensorflow/stream_executor/platform/default/dso_loader.cc:49] Successfully opened dynamic library libcufft.so.10
2021-04-29 21:44:45.877281: I tensorflow/stream_executor/platform/default/dso_loader.cc:49] Successfully opened dynamic library libcurand.so.10
2021-04-29 21:44:45.878397: I tensorflow/stream_executor/platform/default/dso_loader.cc:49] Successfully opened dynamic library libcusolver.so.10
2021-04-29 21:44:45.879332: I tensorflow/stream_executor/platform/default/dso_loader.cc:49] Successfully opened dynamic library libcusparse.so.11
2021-04-29 21:44:45.879521: I tensorflow/stream_executor/platform/default/dso_loader.cc:49] Successfully opened dynamic library libcudnn.so.8
2021-04-29 21:44:45.879682: I tensorflow/stream_executor/cuda/cuda_gpu_executor.cc:941] successful NUMA node read from SysFS had negative value (-1), but there must be at least one NUMA node, so returning NUMA node zero
2021-04-29 21:44:45.880584: I tensorflow/stream_executor/cuda/cuda_gpu_executor.cc:941] successful NUMA node read from SysFS had negative value (-1), but there must be at least one NUMA node, so returning NUMA node zero
2021-04-29 21:44:45.881302: I tensorflow/core/common_runtime/gpu/gpu_device.cc:1862] Adding visible gpu devices: 0
2021-04-29 21:44:45.883616: I tensorflow/compiler/jit/xla_gpu_device.cc:99] Not creating XLA devices, tf_xla_enable_xla_devices not set
2021-04-29 21:44:45.883835: I tensorflow/stream_executor/cuda/cuda_gpu_executor.cc:941] successful NUMA node read from SysFS had negative value (-1), but there must be at least one NUMA node, so returning NUMA node zero
2021-04-29 21:44:45.884629: I tensorflow/core/common_runtime/gpu/gpu_device.cc:1720] Found device 0 with properties: 
pciBusID: 0000:00:05.0 name: Tesla T4 computeCapability: 7.5
coreClock: 1.59GHz coreCount: 40 deviceMemorySize: 14.75GiB deviceMemoryBandwidth: 298.08GiB/s
2021-04-29 21:44:45.884662: I tensorflow/stream_executor/platform/default/dso_loader.cc:49] Successfully opened dynamic library libcudart.so.11.0
2021-04-29 21:44:45.884704: I tensorflow/stream_executor/platform/default/dso_loader.cc:49] Successfully opened dynamic library libcublas.so.11
2021-04-29 21:44:45.884720: I tensorflow/stream_executor/platform/default/dso_loader.cc:49] Successfully opened dynamic library libcublasLt.so.11
2021-04-29 21:44:45.884735: I tensorflow/stream_executor/platform/default/dso_loader.cc:49] Successfully opened dynamic library libcufft.so.10
2021-04-29 21:44:45.884750: I tensorflow/stream_executor/platform/default/dso_loader.cc:49] Successfully opened dynamic library libcurand.so.10
2021-04-29 21:44:45.884776: I tensorflow/stream_executor/platform/default/dso_loader.cc:49] Successfully opened dynamic library libcusolver.so.10
2021-04-29 21:44:45.884792: I tensorflow/stream_executor/platform/default/dso_loader.cc:49] Successfully opened dynamic library libcusparse.so.11
2021-04-29 21:44:45.884807: I tensorflow/stream_executor/platform/default/dso_loader.cc:49] Successfully opened dynamic library libcudnn.so.8
2021-04-29 21:44:45.884899: I tensorflow/stream_executor/cuda/cuda_gpu_executor.cc:941] successful NUMA node read from SysFS had negative value (-1), but there must be at least one NUMA node, so returning NUMA node zero
2021-04-29 21:44:45.885997: I tensorflow/stream_executor/cuda/cuda_gpu_executor.cc:941] successful NUMA node read from SysFS had negative value (-1), but there must be at least one NUMA node, so returning NUMA node zero
2021-04-29 21:44:45.886738: I tensorflow/core/common_runtime/gpu/gpu_device.cc:1862] Adding visible gpu devices: 0
2021-04-29 21:44:45.886783: I tensorflow/stream_executor/platform/default/dso_loader.cc:49] Successfully opened dynamic library libcudart.so.11.0
2021-04-29 21:44:46.704250: I tensorflow/core/common_runtime/gpu/gpu_device.cc:1261] Device interconnect StreamExecutor with strength 1 edge matrix:
2021-04-29 21:44:46.704307: I tensorflow/core/common_runtime/gpu/gpu_device.cc:1267]      0 
2021-04-29 21:44:46.704326: I tensorflow/core/common_runtime/gpu/gpu_device.cc:1280] 0:   N 
2021-04-29 21:44:46.704661: I tensorflow/stream_executor/cuda/cuda_gpu_executor.cc:941] successful NUMA node read from SysFS had negative value (-1), but there must be at least one NUMA node, so returning NUMA node zero
2021-04-29 21:44:46.705517: I tensorflow/stream_executor/cuda/cuda_gpu_executor.cc:941] successful NUMA node read from SysFS had negative value (-1), but there must be at least one NUMA node, so returning NUMA node zero
2021-04-29 21:44:46.706243: I tensorflow/stream_executor/cuda/cuda_gpu_executor.cc:941] successful NUMA node read from SysFS had negative value (-1), but there must be at least one NUMA node, so returning NUMA node zero
2021-04-29 21:44:46.706946: I tensorflow/core/common_runtime/gpu/gpu_device.cc:1406] Created TensorFlow device (/job:localhost/replica:0/task:0/device:GPU:0 with 13968 MB memory) -> physical GPU (device: 0, name: Tesla T4, pci bus id: 0000:00:05.0, compute capability: 7.5)
2021-04-29 21:44:47.242717: I tensorflow/core/profiler/lib/profiler_session.cc:136] Profiler session initializing.
2021-04-29 21:44:47.242783: I tensorflow/core/profiler/lib/profiler_session.cc:155] Profiler session started.
2021-04-29 21:44:47.242827: I tensorflow/core/profiler/internal/gpu/cupti_tracer.cc:1365] Profiler found 1 GPUs
2021-04-29 21:44:47.243099: W tensorflow/stream_executor/platform/default/dso_loader.cc:60] Could not load dynamic library 'libcupti.so.11.0'; dlerror: libcupti.so.11.0: cannot open shared object file: No such file or directory; LD_LIBRARY_PATH: /usr/local/cuda-11.2/lib64
2021-04-29 21:44:47.244390: I tensorflow/stream_executor/platform/default/dso_loader.cc:49] Successfully opened dynamic library libcupti.so
2021-04-29 21:44:47.507063: I tensorflow/core/profiler/lib/profiler_session.cc:172] Profiler session tear down.
2021-04-29 21:44:47.509707: I tensorflow/core/profiler/internal/gpu/cupti_tracer.cc:1487] CUPTI activity buffer flushed
Tensorflow Version: 2.4.0
Num GPUs Available:  1
-----------------------
Using module located at /main/models/conv/train2090.py
Using train_file located at ../../data/datasets/all_sw_coch_preprocessed_v2_param_v29_augm_v0_cleaned_8000.pkl
Using logs_path located at ../../cache/conv___04_2122___all_sw_coch_preprocessed_v2_param_v29_augm_v0_cleaned_8000___model9_MoE___2090/logs/
-----------------------
Collecting Variables...
Model Parameters: {'N_CLASSES': 1, 'SR': 8000, 'BATCH_SIZE': 16, 'LR': 0.0001, 'SHAPE': (128, 1250, 3), 'WEIGHT_DECAY': 0.001, 'LL2_REG': 0, 'EPSILON': 1e-07, 'LABEL_SMOOTHING': 0.4}
Learning Rate Parameters: {'factor': 0.75, 'patience': 4, 'min_lr': 1e-08}
Early Stopping Patience and Delta: 25, 1.0%
-----------------------
Size of training set: 4316
Size of validation set: 1078
Initializing weights...
weights = {0: 0.6776381909547738, 1: 1.9073550212164074}
Model: "conv2d"
__________________________________________________________________________________________________
Layer (type)                    Output Shape         Param #     Connected to                     
==================================================================================================
input_1 (InputLayer)            [(None, 128, 1250, 3 0                                            
__________________________________________________________________________________________________
batch_normalization (BatchNorma (None, 128, 1250, 3) 12          input_1[0][0]                    
__________________________________________________________________________________________________
conv2d (Conv2D)                 (None, 128, 1250, 16 64          batch_normalization[0][0]        
__________________________________________________________________________________________________
conv2d_2 (Conv2D)               (None, 128, 1250, 16 64          batch_normalization[0][0]        
__________________________________________________________________________________________________
max_pooling2d (MaxPooling2D)    (None, 128, 1250, 3) 0           batch_normalization[0][0]        
__________________________________________________________________________________________________
conv2d_1 (Conv2D)               (None, 128, 1250, 16 2320        conv2d[0][0]                     
__________________________________________________________________________________________________
conv2d_3 (Conv2D)               (None, 128, 1250, 16 6416        conv2d_2[0][0]                   
__________________________________________________________________________________________________
conv2d_4 (Conv2D)               (None, 128, 1250, 16 64          max_pooling2d[0][0]              
__________________________________________________________________________________________________
concatenate (Concatenate)       (None, 128, 1250, 48 0           conv2d_1[0][0]                   
                                                                 conv2d_3[0][0]                   
                                                                 conv2d_4[0][0]                   
__________________________________________________________________________________________________
average_pooling2d (AveragePooli (None, 64, 625, 48)  0           concatenate[0][0]                
__________________________________________________________________________________________________
batch_normalization_1 (BatchNor (None, 64, 625, 48)  192         average_pooling2d[0][0]          
__________________________________________________________________________________________________
dropout (Dropout)               (None, 64, 625, 48)  0           batch_normalization_1[0][0]      
__________________________________________________________________________________________________
inverted_residual (InvertedResi (None, 64, 625, 32)  35840       dropout[0][0]                    
__________________________________________________________________________________________________
inverted_residual_1 (InvertedRe (None, 64, 625, 32)  20864       inverted_residual[0][0]          
__________________________________________________________________________________________________
average_pooling2d_1 (AveragePoo (None, 32, 312, 32)  0           inverted_residual_1[0][0]        
__________________________________________________________________________________________________
batch_normalization_2 (BatchNor (None, 32, 312, 32)  128         average_pooling2d_1[0][0]        
__________________________________________________________________________________________________
dropout_1 (Dropout)             (None, 32, 312, 32)  0           batch_normalization_2[0][0]      
__________________________________________________________________________________________________
inverted_residual_2 (InvertedRe (None, 32, 312, 64)  27136       dropout_1[0][0]                  
__________________________________________________________________________________________________
inverted_residual_3 (InvertedRe (None, 32, 312, 64)  66304       inverted_residual_2[0][0]        
__________________________________________________________________________________________________
average_pooling2d_2 (AveragePoo (None, 16, 156, 64)  0           inverted_residual_3[0][0]        
__________________________________________________________________________________________________
batch_normalization_3 (BatchNor (None, 16, 156, 64)  256         average_pooling2d_2[0][0]        
__________________________________________________________________________________________________
dropout_2 (Dropout)             (None, 16, 156, 64)  0           batch_normalization_3[0][0]      
__________________________________________________________________________________________________
inverted_residual_4 (InvertedRe (None, 16, 156, 128) 91136       dropout_2[0][0]                  
__________________________________________________________________________________________________
inverted_residual_5 (InvertedRe (None, 16, 156, 128) 230912      inverted_residual_4[0][0]        
__________________________________________________________________________________________________
average_pooling2d_3 (AveragePoo (None, 8, 78, 128)   0           inverted_residual_5[0][0]        
__________________________________________________________________________________________________
batch_normalization_4 (BatchNor (None, 8, 78, 128)   512         average_pooling2d_3[0][0]        
__________________________________________________________________________________________________
dropout_3 (Dropout)             (None, 8, 78, 128)   0           batch_normalization_4[0][0]      
__________________________________________________________________________________________________
inverted_residual_6 (InvertedRe (None, 8, 78, 256)   329728      dropout_3[0][0]                  
__________________________________________________________________________________________________
inverted_residual_7 (InvertedRe (None, 8, 78, 256)   855040      inverted_residual_6[0][0]        
__________________________________________________________________________________________________
average_pooling2d_4 (AveragePoo (None, 4, 39, 256)   0           inverted_residual_7[0][0]        
__________________________________________________________________________________________________
batch_normalization_5 (BatchNor (None, 4, 39, 256)   1024        average_pooling2d_4[0][0]        
__________________________________________________________________________________________________
dropout_4 (Dropout)             (None, 4, 39, 256)   0           batch_normalization_5[0][0]      
__________________________________________________________________________________________________
inverted_residual_8 (InvertedRe (None, 4, 39, 512)   1249280     dropout_4[0][0]                  
__________________________________________________________________________________________________
inverted_residual_9 (InvertedRe (None, 4, 39, 512)   3282944     inverted_residual_8[0][0]        
__________________________________________________________________________________________________
global_average_pooling2d (Globa (None, 512)          0           inverted_residual_9[0][0]        2021-04-29 21:44:48.860936: I tensorflow/compiler/mlir/mlir_graph_optimization_pass.cc:116] None of the MLIR optimization passes are enabled (registered 2)
2021-04-29 21:44:48.862377: I tensorflow/core/platform/profile_utils/cpu_utils.cc:112] CPU Frequency: 2299995000 Hz
WARNING:tensorflow:Gradients do not exist for variables ['dense_mo_e/expert_bias:0', 'dense_mo_e/gating_bias:0'] when minimizing the loss.
WARNING:tensorflow:Gradients do not exist for variables ['dense_mo_e/expert_bias:0', 'dense_mo_e/gating_bias:0'] when minimizing the loss.
2021-04-29 21:44:53.865180: I tensorflow/stream_executor/platform/default/dso_loader.cc:49] Successfully opened dynamic library libcublas.so.11
2021-04-29 21:44:54.675704: I tensorflow/stream_executor/platform/default/dso_loader.cc:49] Successfully opened dynamic library libcublasLt.so.11
2021-04-29 21:44:54.695376: I tensorflow/stream_executor/platform/default/dso_loader.cc:49] Successfully opened dynamic library libcudnn.so.8
2021-04-29 21:45:02.739529: I tensorflow/core/profiler/lib/profiler_session.cc:136] Profiler session initializing.
2021-04-29 21:45:02.739575: I tensorflow/core/profiler/lib/profiler_session.cc:155] Profiler session started.
2021-04-29 21:45:05.125149: I tensorflow/core/profiler/lib/profiler_session.cc:71] Profiler session collecting data.
2021-04-29 21:45:05.129047: I tensorflow/core/profiler/internal/gpu/cupti_tracer.cc:1487] CUPTI activity buffer flushed
2021-04-29 21:45:05.173196: I tensorflow/core/profiler/internal/gpu/cupti_collector.cc:228]  GpuTracer has collected 2256 callback api events and 2252 activity events. 
2021-04-29 21:45:05.223871: I tensorflow/core/profiler/lib/profiler_session.cc:172] Profiler session tear down.
[[21 0]
 [11 0]]
[[18 0]
 [14 0]]
[[23 0]
 [9 0]]
[[24 0]
 [8 0]]
[[25 0]
 [7 0]]
[[25 0]
 [7 0]]
[[26 0]
 [6 0]]
[[20 0]
 [12 0]]
[[21 0]
 [11 0]]
[[22 0]
 [10 0]]
[[25 0]
 [7 0]]
[[25 0]
 [7 0]]
[[26 0]
 [6 0]]
[[22 0]
 [10 0]]
[[25 0]
 [7 0]]
[[27 0]
 [5 0]]
[[25 0]
 [7 0]]
[[22 0]
 [10 0]]
[[29 0]
 [3 0]]
[[21 0]
 [11 0]]
[[25 0]
 [7 0]]
[[26 0]
 [6 0]]
[[24 0]
 [8 0]]
[[23 0]
 [9 0]]
[[26 0]
 [6 0]]
[[18 0]
 [14 0]]
[[22 0]
 [10 0]]
[[23 0]
 [9 0]]
[[26 0]
 [6 0]]
[[23 0]
 [9 0]]
[[20 0]
 [12 0]]
[[24 0]
 [8 0]]
[[18 0]
 [14 0]]

__________________________________________________________________________________________________
dense_mo_e (DenseMoE)           (None, 512)          1579014     global_average_pooling2d[0][0]   
__________________________________________________________________________________________________
dense (Dense)                   (None, 1)            513         dense_mo_e[0][0]                 
==================================================================================================
Total params: 7,779,763
Trainable params: 7,738,253
Non-trainable params: 41,510
__________________________________________________________________________________________________
Epoch 1/40
270/270 - 532s - loss: 0.7155 - accuracy: 0.5422 - precision: 0.2866 - recall: 0.5152 - gen_confusion_matrix: 3.9963 - val_loss: 0.6645 - val_accuracy: 0.7254 - val_precision: 0.0000e+00 - val_recall: 0.0000e+00 - val_gen_confusion_matrix: 7.9265
[[23 0]
 [9 0]]
[[21 0]
 [11 0]]
[[23 0]
 [9 0]]
[[23 0]
 [9 0]]
[[23 0]
 [9 0]]
[[21 0]
 [11 0]]
[[28 0]
 [4 0]]
[[26 0]
 [6 0]]
[[23 0]
 [9 0]]
[[23 0]
 [9 0]]
[[26 0]
 [6 0]]
[[26 0]
 [6 0]]
[[23 0]
 [9 0]]
[[25 0]
 [7 0]]
[[26 0]
 [6 0]]
[[21 0]
 [11 0]]
[[25 0]
 [7 0]]
[[26 0]
 [6 0]]
[[21 0]
 [11 0]]
[[27 0]
 [5 0]]
[[20 0]
 [12 0]]
[[22 0]
 [10 0]]
[[20 0]
 [12 0]]
[[23 0]
 [9 0]]
[[26 0]
 [6 0]]
[[25 0]
 [7 0]]
[[23 0]
 [9 0]]
[[21 0]
 [11 0]]
[[20 0]
 [12 0]]
[[22 0]
 [10 0]]
[[19 0]
 [13 0]]
[[23 0]
 [9 0]]
[[23 0]
 [9 0]]
Epoch 2/40
270/270 - 520s - loss: 0.6969 - accuracy: 0.5623 - precision: 0.3044 - recall: 0.5367 - gen_confusion_matrix: 3.9963 - val_loss: 0.6805 - val_accuracy: 0.7254 - val_precision: 0.0000e+00 - val_recall: 0.0000e+00 - val_gen_confusion_matrix: 7.9265
[[19 1]
 [11 1]]
[[23 1]
 [6 2]]
[[24 2]
 [6 0]]
[[20 1]
 [11 0]]
[[25 1]
 [6 0]]
[[27 0]
 [4 1]]
[[24 1]
 [6 1]]
[[25 1]
 [6 0]]
[[21 0]
 [11 0]]
[[22 2]
 [8 0]]
[[18 0]
 [13 1]]
[[21 0]
 [10 1]]
[[26 0]
 [6 0]]
[[23 0]
 [7 2]]
[[19 1]
 [10 2]]
[[22 2]
 [8 0]]
[[23 0]
 [9 0]]
[[24 1]
 [6 1]]
[[25 1]
 [5 1]]
[[22 0]
 [10 0]]
[[23 0]
 [9 0]]
[[23 1]
 [8 0]]
[[23 0]
 [7 2]]
[[20 1]
 [11 0]]
[[20 0]
 [11 1]]
[[23 0]
 [9 0]]
[[23 0]
 [9 0]]
[[23 0]
 [9 0]]
[[21 1]
 [10 0]]
[[21 0]
 [10 1]]
[[22 0]
 [9 1]]
[[23 0]
 [9 0]]
[[28 0]
 [3 1]]
Epoch 3/40
270/270 - 520s - loss: 0.6899 - accuracy: 0.5660 - precision: 0.3149 - recall: 0.5742 - gen_confusion_matrix: 3.9963 - val_loss: 0.6571 - val_accuracy: 0.7245 - val_precision: 0.4878 - val_recall: 0.0676 - val_gen_confusion_matrix: 7.9265
[[21 2]
 [8 1]]
[[20 5]
 [6 1]]
[[21 2]
 [9 0]]
[[15 8]
 [6 3]]
[[16 3]
 [8 5]]
[[20 1]
 [8 3]]
[[17 2]
 [12 1]]
[[25 2]
 [4 1]]
[[23 2]
 [4 3]]
[[22 2]
 [8 0]]
[[22 3]
 [7 0]]
[[21 1]
 [8 2]]
[[16 4]
 [10 2]]
[[25 0]
 [6 1]]
[[13 3]
 [9 7]]
[[23 4]
 [5 0]]
[[23 0]
 [8 1]]
[[24 2]
 [6 0]]
[[25 0]
 [7 0]]
[[24 1]
 [4 3]]
[[25 2]
 [5 0]]
[[20 3]
 [8 1]]
[[22 3]
 [4 3]]
[[24 2]
 [4 2]]
[[21 2]
 [7 2]]
[[14 2]
 [10 6]]
[[19 2]
 [9 2]]
[[22 1]
 [7 2]]
[[20 4]
 [6 2]]
[[21 3]
 [8 0]]
[[24 1]
 [6 1]]
[[22 2]
 [6 2]]
[[20 2]
 [7 3]]
Epoch 4/40
270/270 - 521s - loss: 0.6868 - accuracy: 0.5783 - precision: 0.3234 - recall: 0.5751 - gen_confusion_matrix: 3.9963 - val_loss: 0.6657 - val_accuracy: 0.7096 - val_precision: 0.4380 - val_recall: 0.2027 - val_gen_confusion_matrix: 7.9265
[[25 1]
 [5 1]]
[[26 2]
 [3 1]]
[[20 1]
 [10 1]]
[[23 2]
 [7 0]]
[[28 1]
 [3 0]]
[[20 2]
 [9 1]]
[[20 2]
 [9 1]]
[[29 0]
 [2 1]]
[[21 2]
 [9 0]]
[[23 2]
 [7 0]]
[[23 1]
 [8 0]]
[[20 1]
 [9 2]]
[[19 0]
 [11 2]]
[[21 1]
 [10 0]]
[[17 4]
 [11 0]]
[[27 0]
 [4 1]]
[[19 1]
 [12 0]]
[[17 3]
 [10 2]]
[[21 1]
 [10 0]]
[[20 0]
 [10 2]]
[[23 2]
 [6 1]]
[[21 2]
 [8 1]]
[[24 0]
 [7 1]]
[[14 2]
 [14 2]]
[[22 1]
 [9 0]]
[[26 1]
 [5 0]]
[[27 1]
 [4 0]]
[[21 0]
 [10 1]]
[[25 1]
 [6 0]]
[[19 1]
 [10 2]]
[[21 0]
 [10 1]]
[[21 1]
 [9 1]]
[[25 0]
 [7 0]]
Epoch 5/40
270/270 - 521s - loss: 0.6837 - accuracy: 0.5966 - precision: 0.3428 - recall: 0.6073 - gen_confusion_matrix: 3.9963 - val_loss: 0.6648 - val_accuracy: 0.7124 - val_precision: 0.3906 - val_recall: 0.0845 - val_gen_confusion_matrix: 7.9265
[[21 3]
 [8 0]]
[[26 2]
 [3 1]]
[[19 0]
 [9 4]]
[[18 3]
 [10 1]]
[[23 4]
 [3 2]]
[[22 3]
 [5 2]]
[[21 1]
 [10 0]]
[[25 1]
 [6 0]]
[[18 2]
 [7 5]]
[[20 2]
 [7 3]]
[[22 1]
 [9 0]]
[[19 3]
 [8 2]]
[[19 2]
 [8 3]]
[[20 3]
 [7 2]]
[[25 2]
 [5 0]]
[[21 3]
 [7 1]]
[[24 4]
 [3 1]]
[[23 2]
 [5 2]]
[[21 0]
 [11 0]]
[[22 1]
 [8 1]]
[[22 1]
 [9 0]]
[[24 2]
 [6 0]]
[[25 4]
 [2 1]]
[[22 1]
 [9 0]]
[[16 1]
 [14 1]]
[[24 1]
 [6 1]]
[[20 1]
 [10 1]]
[[23 0]
 [8 1]]
[[16 1]
 [12 3]]
[[22 2]
 [7 1]]
[[18 2]
 [10 2]]
[[20 1]
 [9 2]]
[[23 2]
 [7 0]]

Epoch 00005: ReduceLROnPlateau reducing learning rate to 7.499999810534064e-05.
Epoch 6/40
270/270 - 520s - loss: 0.6770 - accuracy: 0.6251 - precision: 0.3634 - recall: 0.5948 - gen_confusion_matrix: 3.9963 - val_loss: 0.6648 - val_accuracy: 0.7059 - val_precision: 0.4019 - val_recall: 0.1453 - val_gen_confusion_matrix: 7.9265
[[27 1]
 [2 2]]
[[15 3]
 [9 5]]
[[17 5]
 [9 1]]
[[20 3]
 [7 2]]
[[23 2]
 [5 2]]
[[17 2]
 [12 1]]
[[26 2]
 [4 0]]
[[15 3]
 [12 2]]
[[20 4]
 [7 1]]
[[21 3]
 [8 0]]
[[21 2]
 [5 4]]
[[17 3]
 [11 1]]
[[22 0]
 [8 2]]
[[28 2]
 [2 0]]
[[19 2]
 [11 0]]
[[23 1]
 [5 3]]
[[20 4]
 [5 3]]
[[17 7]
 [7 1]]
[[23 1]
 [7 1]]
[[21 1]
 [9 1]]
[[21 5]
 [5 1]]
[[21 3]
 [6 2]]
[[19 3]
 [8 2]]
[[14 3]
 [11 4]]
[[20 3]
 [8 1]]
[[18 3]
 [8 3]]
[[21 2]
 [6 3]]
[[23 5]
 [2 2]]
[[21 1]
 [8 2]]
[[22 3]
 [7 0]]
[[23 1]
 [5 3]]
[[24 4]
 [3 1]]
[[18 5]
 [9 0]]
Epoch 7/40
270/270 - 522s - loss: 0.6750 - accuracy: 0.6295 - precision: 0.3708 - recall: 0.6172 - gen_confusion_matrix: 3.9963 - val_loss: 0.6600 - val_accuracy: 0.6920 - val_precision: 0.3784 - val_recall: 0.1892 - val_gen_confusion_matrix: 7.9265
[[21 0]
 [10 1]]
[[23 0]
 [9 0]]
[[18 1]
 [11 2]]
[[23 0]
 [8 1]]
[[18 1]
 [12 1]]
[[20 1]
 [10 1]]
[[24 0]
 [8 0]]
[[22 1]
 [9 0]]
[[22 0]
 [8 2]]
[[21 0]
 [10 1]]
[[24 1]
 [6 1]]
[[27 0]
 [5 0]]
[[21 2]
 [8 1]]
[[27 0]
 [5 0]]
[[23 0]
 [9 0]]
[[22 1]
 [8 1]]
[[23 1]
 [7 1]]
[[25 0]
 [7 0]]
[[18 0]
 [14 0]]
[[23 0]
 [8 1]]
[[21 1]
 [9 1]]
[[22 0]
 [10 0]]
[[27 1]
 [4 0]]
[[19 1]
 [12 0]]
[[25 0]
 [7 0]]
[[23 0]
 [7 2]]
[[26 0]
 [6 0]]
[[22 0]
 [10 0]]
[[28 1]
 [3 0]]
[[24 0]
 [8 0]]
[[24 0]
 [7 1]]
[[22 0]
 [10 0]]
[[25 0]
 [7 0]]
Epoch 8/40
270/270 - 520s - loss: 0.6729 - accuracy: 0.6279 - precision: 0.3717 - recall: 0.6324 - gen_confusion_matrix: 3.9963 - val_loss: 0.6997 - val_accuracy: 0.7310 - val_precision: 0.5938 - val_recall: 0.0642 - val_gen_confusion_matrix: 7.9265
[[11 13]
 [1 7]]
[[12 13]
 [2 5]]
[[10 15]
 [3 4]]
[[10 12]
 [6 4]]
[[11 12]
 [6 3]]
[[9 18]
 [0 5]]
[[11 15]
 [1 5]]
[[12 14]
 [2 4]]
[[9 12]
 [5 6]]
[[11 14]
 [2 5]]
[[10 10]
 [3 9]]
[[4 19]
 [3 6]]
[[9 12]
 [1 10]]
[[12 12]
 [3 5]]
[[13 10]
 [0 9]]
[[11 10]
 [4 7]]
[[16 8]
 [3 5]]
[[7 5]
 [8 12]]
[[11 11]
 [5 5]]
[[8 18]
 [1 5]]
[[9 9]
 [7 7]]
[[9 10]
 [4 9]]
[[14 11]
 [0 7]]
[[12 10]
 [3 7]]
[[8 15]
 [3 6]]
[[10 13]
 [3 6]]
[[14 11]
 [2 5]]
[[11 14]
 [1 6]]
[[8 15]
 [2 7]]
[[8 14]
 [3 7]]
[[13 14]
 [0 5]]
[[15 11]
 [1 5]]
[[11 16]
 [2 3]]
Epoch 9/40
270/270 - 519s - loss: 0.6689 - accuracy: 0.6522 - precision: 0.3932 - recall: 0.6306 - gen_confusion_matrix: 3.9963 - val_loss: 0.7427 - val_accuracy: 0.5186 - val_precision: 0.3233 - val_recall: 0.6892 - val_gen_confusion_matrix: 7.9265
[[14 6]
 [10 2]]
[[15 5]
 [10 2]]
[[24 3]
 [3 2]]
[[23 5]
 [3 1]]
[[21 4]
 [6 1]]
[[21 3]
 [4 4]]
[[21 5]
 [6 0]]
[[22 2]
 [4 4]]
[[21 2]
 [7 2]]
[[24 3]
 [5 0]]
[[20 3]
 [8 1]]
[[24 2]
 [4 2]]
[[18 2]
 [6 6]]
[[25 1]
 [5 1]]
[[19 4]
 [7 2]]
[[16 6]
 [8 2]]
[[16 4]
 [5 7]]
[[20 3]
 [6 3]]
[[23 0]
 [6 3]]
[[22 1]
 [6 3]]
[[19 5]
 [5 3]]
[[21 3]
 [5 3]]
[[19 2]
 [9 2]]
[[20 3]
 [7 2]]
[[17 1]
 [9 5]]
[[19 3]
 [9 1]]
[[17 3]
 [8 4]]
[[20 5]
 [7 0]]
[[21 3]
 [5 3]]
[[23 1]
 [6 2]]
[[19 3]
 [6 4]]
[[17 5]
 [8 2]]
[[18 5]
 [7 2]]
Epoch 10/40
270/270 - 520s - loss: 0.6679 - accuracy: 0.6518 - precision: 0.3923 - recall: 0.6270 - gen_confusion_matrix: 3.9963 - val_loss: 0.6629 - val_accuracy: 0.7004 - val_precision: 0.4286 - val_recall: 0.2736 - val_gen_confusion_matrix: 7.9265
[[18 5]
 [7 2]]
[[17 3]
 [9 3]]
[[22 5]
 [3 2]]
[[15 4]
 [11 2]]
[[18 2]
 [9 3]]
[[17 6]
 [8 1]]
[[21 2]
 [7 2]]
[[15 7]
 [4 6]]
[[20 4]
 [4 4]]
[[17 7]
 [5 3]]
[[20 7]
 [4 1]]
[[14 6]
 [8 4]]
[[17 9]
 [5 1]]
[[20 2]
 [7 3]]
[[15 10]
 [6 1]]
[[20 4]
 [6 2]]
[[20 2]
 [8 2]]
[[20 2]
 [8 2]]
[[17 4]
 [7 4]]
[[18 6]
 [4 4]]
[[20 3]
 [6 3]]
[[16 8]
 [3 5]]
[[13 7]
 [8 4]]
[[20 6]
 [3 3]]
[[21 4]
 [3 4]]
[[13 6]
 [8 5]]
[[16 4]
 [10 2]]
[[17 5]
 [5 5]]
[[18 3]
 [8 3]]
[[19 8]
 [1 4]]
[[22 4]
 [2 4]]
[[21 6]
 [4 1]]
[[21 6]
 [3 2]]
Epoch 11/40
270/270 - 519s - loss: 0.6628 - accuracy: 0.6694 - precision: 0.4102 - recall: 0.6315 - gen_confusion_matrix: 3.9963 - val_loss: 0.6759 - val_accuracy: 0.6577 - val_precision: 0.3653 - val_recall: 0.3345 - val_gen_confusion_matrix: 7.9265
[[13 14]
 [2 3]]
[[13 11]
 [2 6]]
[[10 11]
 [2 9]]
[[13 9]
 [2 8]]
[[9 13]
 [4 6]]
[[11 12]
 [1 8]]
[[13 13]
 [1 5]]
[[9 12]
 [5 6]]
[[11 15]
 [1 5]]
[[12 16]
 [1 3]]
[[10 13]
 [3 6]]
[[8 13]
 [3 8]]
[[12 15]
 [2 3]]
[[10 12]
 [3 7]]
[[11 9]
 [5 7]]
[[13 7]
 [2 10]]
[[9 10]
 [2 11]]
[[12 12]
 [1 7]]
[[11 10]
 [4 7]]
[[7 15]
 [2 8]]
[[11 9]
 [2 10]]
[[15 9]
 [3 5]]
[[9 15]
 [3 5]]
[[14 11]
 [2 5]]
[[15 9]
 [5 3]]
[[10 15]
 [2 5]]
[[9 12]
 [5 6]]
[[11 10]
 [3 8]]
[[10 16]
 [2 4]]
[[15 10]
 [2 5]]
[[15 9]
 [4 4]]
[[10 16]
 [2 4]]
[[13 11]
 [1 7]]
Epoch 12/40
270/270 - 522s - loss: 0.6564 - accuracy: 0.6856 - precision: 0.4318 - recall: 0.6762 - gen_confusion_matrix: 3.9963 - val_loss: 0.7105 - val_accuracy: 0.5445 - val_precision: 0.3415 - val_recall: 0.7095 - val_gen_confusion_matrix: 7.9265
[[16 8]
 [4 4]]
[[16 4]
 [7 5]]
[[23 4]
 [3 2]]
[[20 5]
 [1 6]]
[[14 8]
 [4 6]]
[[11 9]
 [7 5]]
[[15 7]
 [7 3]]
[[14 12]
 [2 4]]
[[14 8]
 [4 6]]
[[18 9]
 [3 2]]
[[13 9]
 [2 8]]
[[18 9]
 [3 2]]
[[16 9]
 [3 4]]
[[17 2]
 [8 5]]
[[18 5]
 [5 4]]
[[18 11]
 [3 0]]
[[18 5]
 [5 4]]
[[10 8]
 [6 8]]
[[13 8]
 [7 4]]
[[16 10]
 [3 3]]
[[15 7]
 [5 5]]
[[11 9]
 [7 5]]
[[9 11]
 [6 6]]
[[15 9]
 [5 3]]
[[20 3]
 [2 7]]
[[16 9]
 [4 3]]
[[15 7]
 [5 5]]
[[15 6]
 [5 6]]
[[20 4]
 [5 3]]
[[20 7]
 [3 2]]
[[20 3]
 [4 5]]
[[11 10]
 [6 5]]
[[22 5]
 [1 4]]

Epoch 00012: ReduceLROnPlateau reducing learning rate to 5.6249997214763425e-05.
Epoch 13/40
270/270 - 520s - loss: 0.6451 - accuracy: 0.7157 - precision: 0.4673 - recall: 0.6977 - gen_confusion_matrix: 3.9963 - val_loss: 0.6822 - val_accuracy: 0.6345 - val_precision: 0.3750 - val_recall: 0.4966 - val_gen_confusion_matrix: 7.9265
[[20 2]
 [10 0]]
[[22 1]
 [8 1]]
[[20 2]
 [8 2]]
[[22 2]
 [8 0]]
[[23 1]
 [4 4]]
[[21 2]
 [8 1]]
[[19 2]
 [9 2]]
[[21 1]
 [10 0]]
[[24 0]
 [6 2]]
[[20 4]
 [7 1]]
[[20 1]
 [11 0]]
[[16 3]
 [12 1]]
[[24 0]
 [7 1]]
[[22 2]
 [8 0]]
[[20 0]
 [11 1]]
[[20 1]
 [9 2]]
[[25 0]
 [5 2]]
[[18 1]
 [11 2]]
[[24 2]
 [5 1]]
[[22 0]
 [8 2]]
[[24 0]
 [8 0]]
[[24 3]
 [5 0]]
[[24 0]
 [5 3]]
[[23 2]
 [6 1]]
[[23 0]
 [9 0]]
[[19 1]
 [12 0]]
[[22 1]
 [7 2]]
[[24 0]
 [6 2]]
[[20 3]
 [5 4]]
[[26 1]
 [4 1]]
[[21 0]
 [11 0]]
[[21 6]
 [5 0]]
[[23 1]
 [7 1]]
Epoch 14/40
270/270 - 519s - loss: 0.6382 - accuracy: 0.7354 - precision: 0.4928 - recall: 0.7343 - gen_confusion_matrix: 3.9963 - val_loss: 0.7005 - val_accuracy: 0.7171 - val_precision: 0.4483 - val_recall: 0.1318 - val_gen_confusion_matrix: 7.9265
[[12 10]
 [3 7]]
[[13 9]
 [5 5]]
[[12 11]
 [4 5]]
[[16 10]
 [3 3]]
[[20 7]
 [4 1]]
[[16 8]
 [6 2]]
[[15 8]
 [2 7]]
[[18 7]
 [3 4]]
[[15 14]
 [1 2]]
[[13 7]
 [5 7]]
[[12 13]
 [1 6]]
[[19 6]
 [2 5]]
[[18 4]
 [3 7]]
[[14 9]
 [3 6]]
[[11 12]
 [5 4]]
[[16 6]
 [6 4]]
[[12 9]
 [8 3]]
[[16 5]
 [3 8]]
[[8 15]
 [3 6]]
[[14 8]
 [3 7]]
[[17 9]
 [3 3]]
[[12 7]
 [9 4]]
[[15 6]
 [5 6]]
[[13 9]
 [3 7]]
[[11 8]
 [8 5]]
[[15 7]
 [2 8]]
[[13 9]
 [7 3]]
[[11 9]
 [7 5]]
[[14 11]
 [1 6]]
[[15 10]
 [2 5]]
[[15 9]
 [3 5]]
[[16 11]
 [3 2]]
[[16 8]
 [1 7]]
Epoch 15/40
270/270 - 520s - loss: 0.6307 - accuracy: 0.7488 - precision: 0.5107 - recall: 0.7290 - gen_confusion_matrix: 3.9963 - val_loss: 0.7044 - val_accuracy: 0.6030 - val_precision: 0.3578 - val_recall: 0.5608 - val_gen_confusion_matrix: 7.9265
[[8 14]
 [3 7]]
[[10 12]
 [2 8]]
[[9 11]
 [0 12]]
[[11 13]
 [2 6]]
[[10 14]
 [2 6]]
[[11 13]
 [4 4]]
[[9 14]
 [2 7]]
[[10 10]
 [3 9]]
[[10 11]
 [1 10]]
[[14 12]
 [2 4]]
[[13 11]
 [2 6]]
[[9 14]
 [2 7]]
[[17 10]
 [2 3]]
[[12 12]
 [3 5]]
[[12 15]
 [3 2]]
[[13 11]
 [1 7]]
[[15 9]
 [2 6]]
[[11 11]
 [3 7]]
[[11 12]
 [5 4]]
[[10 14]
 [2 6]]
[[9 13]
 [3 7]]
[[11 14]
 [2 5]]
[[8 14]
 [5 5]]
[[8 13]
 [3 8]]
[[12 10]
 [3 7]]
[[7 13]
 [4 8]]
[[12 12]
 [0 8]]
[[14 12]
 [0 6]]
[[12 16]
 [1 3]]
[[13 9]
 [3 7]]
[[11 8]
 [3 10]]
[[15 9]
 [5 3]]
[[10 13]
 [3 6]]
Epoch 16/40
270/270 - 520s - loss: 0.6244 - accuracy: 0.7542 - precision: 0.5174 - recall: 0.7585 - gen_confusion_matrix: 3.9963 - val_loss: 0.7200 - val_accuracy: 0.5473 - val_precision: 0.3452 - val_recall: 0.7230 - val_gen_confusion_matrix: 7.9265
[[9 15]
 [2 6]]
[[11 16]
 [2 3]]
[[9 14]
 [1 8]]
[[10 12]
 [2 8]]
[[12 12]
 [1 7]]
[[16 12]
 [2 2]]
[[13 11]
 [1 7]]
[[7 16]
 [2 7]]
[[14 8]
 [4 6]]
[[12 16]
 [0 4]]
[[13 11]
 [2 6]]
[[13 15]
 [0 4]]
[[12 16]
 [0 4]]
[[10 12]
 [4 6]]
[[10 13]
 [0 9]]
[[14 12]
 [1 5]]
[[13 10]
 [1 8]]
[[5 12]
 [5 10]]
[[8 11]
 [3 10]]
[[14 6]
 [1 11]]
[[8 12]
 [3 9]]
[[11 10]
 [4 7]]
[[13 11]
 [1 7]]
[[12 9]
 [4 7]]
[[13 14]
 [1 4]]
[[9 15]
 [4 4]]
[[11 14]
 [1 6]]
[[6 12]
 [4 10]]
[[13 13]
 [1 5]]
[[3 18]
 [2 9]]
[[6 12]
 [3 11]]
[[13 11]
 [1 7]]
[[13 9]
 [3 7]]

Epoch 00016: ReduceLROnPlateau reducing learning rate to 4.218749927531462e-05.
Epoch 17/40
270/270 - 519s - loss: 0.6159 - accuracy: 0.7910 - precision: 0.5682 - recall: 0.8050 - gen_confusion_matrix: 3.9963 - val_loss: 0.7241 - val_accuracy: 0.5492 - val_precision: 0.3534 - val_recall: 0.7736 - val_gen_confusion_matrix: 7.9265
[[9 14]
 [4 5]]
[[7 12]
 [2 11]]
[[10 15]
 [2 5]]
[[8 15]
 [2 7]]
[[11 15]
 [2 4]]
[[12 10]
 [4 6]]
[[8 16]
 [1 7]]
[[10 13]
 [4 5]]
[[11 14]
 [1 6]]
[[12 10]
 [2 8]]
[[13 11]
 [1 7]]
[[10 11]
 [5 6]]
[[8 11]
 [7 6]]
[[9 17]
 [1 5]]
[[14 7]
 [3 8]]
[[13 9]
 [2 8]]
[[12 10]
 [2 8]]
[[11 12]
 [3 6]]
[[7 17]
 [5 3]]
[[10 12]
 [2 8]]
[[12 10]
 [1 9]]
[[12 16]
 [2 2]]
[[9 17]
 [1 5]]
[[11 13]
 [2 6]]
[[14 14]
 [3 1]]
[[16 9]
 [0 7]]
[[7 18]
 [5 2]]
[[11 12]
 [2 7]]
[[6 10]
 [4 12]]
[[13 10]
 [2 7]]
[[13 10]
 [2 7]]
[[8 15]
 [3 6]]
[[7 17]
 [2 6]]
Epoch 18/40
270/270 - 519s - loss: 0.6114 - accuracy: 0.7896 - precision: 0.5655 - recall: 0.8104 - gen_confusion_matrix: 3.9963 - val_loss: 0.7380 - val_accuracy: 0.5186 - val_precision: 0.3266 - val_recall: 0.7095 - val_gen_confusion_matrix: 7.9265
[[9 13]
 [4 6]]
[[13 11]
 [2 6]]
[[12 6]
 [6 8]]
[[14 11]
 [2 5]]
[[12 12]
 [2 6]]
[[16 9]
 [0 7]]
[[11 9]
 [4 8]]
[[18 8]
 [2 4]]
[[7 13]
 [3 9]]
[[12 9]
 [0 11]]
[[7 10]
 [2 13]]
[[13 12]
 [2 5]]
[[13 11]
 [1 7]]
[[15 9]
 [1 7]]
[[11 12]
 [2 7]]
[[13 10]
 [2 7]]
[[12 10]
 [2 8]]
[[10 14]
 [1 7]]
[[17 8]
 [2 5]]
[[14 10]
 [0 8]]
[[9 14]
 [1 8]]
[[12 13]
 [1 6]]
[[11 16]
 [2 3]]
[[16 6]
 [3 7]]
[[12 11]
 [2 7]]
[[8 17]
 [3 4]]
[[15 11]
 [0 6]]
[[12 12]
 [4 4]]
[[14 12]
 [0 6]]
[[14 13]
 [0 5]]
[[10 13]
 [2 7]]
[[12 5]
 [4 11]]
[[15 8]
 [2 7]]
Epoch 19/40
270/270 - 519s - loss: 0.6061 - accuracy: 0.8075 - precision: 0.5946 - recall: 0.8068 - gen_confusion_matrix: 3.9963 - val_loss: 0.7269 - val_accuracy: 0.5993 - val_precision: 0.3851 - val_recall: 0.7703 - val_gen_confusion_matrix: 7.9265
[[8 12]
 [4 8]]
[[15 13]
 [1 3]]
[[13 9]
 [5 5]]
[[14 7]
 [3 8]]
[[13 9]
 [2 8]]
[[13 9]
 [2 8]]
[[13 12]
 [0 7]]
[[7 14]
 [3 8]]
[[15 12]
 [1 4]]
[[15 13]
 [2 2]]
[[11 16]
 [3 2]]
[[13 7]
 [7 5]]
[[13 9]
 [2 8]]
[[16 11]
 [3 2]]
[[8 17]
 [2 5]]
[[14 7]
 [6 5]]
[[13 7]
 [3 9]]
[[12 12]
 [2 6]]
[[9 12]
 [1 10]]
[[14 9]
 [3 6]]
[[12 8]
 [2 10]]
[[10 11]
 [3 8]]
[[14 9]
 [3 6]]
[[9 13]
 [4 6]]
[[7 17]
 [1 7]]
[[12 11]
 [1 8]]
[[15 11]
 [1 5]]
[[9 13]
 [6 4]]
[[17 7]
 [5 3]]
[[16 7]
 [2 7]]
[[16 7]
 [2 7]]
[[12 12]
 [2 6]]
[[13 10]
 [5 4]]
Epoch 20/40
270/270 - 520s - loss: 0.6017 - accuracy: 0.8133 - precision: 0.6004 - recall: 0.8345 - gen_confusion_matrix: 3.9963 - val_loss: 0.7107 - val_accuracy: 0.5788 - val_precision: 0.3599 - val_recall: 0.6858 - val_gen_confusion_matrix: 7.9265
[[11 10]
 [5 6]]
[[18 8]
 [4 2]]
[[19 9]
 [2 2]]
[[14 10]
 [2 6]]
[[10 9]
 [7 6]]
[[14 12]
 [4 2]]
[[24 4]
 [3 1]]
[[13 7]
 [3 9]]
[[14 7]
 [5 6]]
[[17 5]
 [6 4]]
[[15 10]
 [2 5]]
[[16 9]
 [4 3]]
[[15 7]
 [5 5]]
[[13 7]
 [5 7]]
[[12 12]
 [7 1]]
[[20 5]
 [5 2]]
[[19 9]
 [4 0]]
[[17 5]
 [5 5]]
[[14 8]
 [5 5]]
[[16 8]
 [2 6]]
[[12 10]
 [8 2]]
[[11 10]
 [6 5]]
[[18 7]
 [5 2]]
[[14 6]
 [8 4]]
[[13 4]
 [8 7]]
[[21 2]
 [6 3]]
[[13 8]
 [6 5]]
[[17 9]
 [1 5]]
[[18 8]
 [2 4]]
[[19 9]
 [2 2]]
[[13 5]
 [6 8]]
[[19 6]
 [4 3]]
[[16 7]
 [7 2]]

Epoch 00020: ReduceLROnPlateau reducing learning rate to 3.164062582072802e-05.
Epoch 21/40
270/270 - 519s - loss: 0.5942 - accuracy: 0.8360 - precision: 0.6395 - recall: 0.8408 - gen_confusion_matrix: 3.9963 - val_loss: 0.7190 - val_accuracy: 0.6169 - val_precision: 0.3511 - val_recall: 0.4662 - val_gen_confusion_matrix: 7.9265
[[10 12]
 [2 8]]
[[10 10]
 [2 10]]
[[13 11]
 [1 7]]
[[17 9]
 [3 3]]
[[8 15]
 [4 5]]
[[9 12]
 [2 9]]
[[13 12]
 [5 2]]
[[12 11]
 [3 6]]
[[12 14]
 [4 2]]
[[14 11]
 [1 6]]
[[7 14]
 [3 8]]
[[12 13]
 [1 6]]
[[9 17]
 [5 1]]
[[8 16]
 [4 4]]
[[10 15]
 [1 6]]
[[11 13]
 [0 8]]
[[10 14]
 [3 5]]
[[11 9]
 [5 7]]
[[11 10]
 [4 7]]
[[13 11]
 [3 5]]
[[11 12]
 [4 5]]
[[12 12]
 [1 7]]
[[12 14]
 [2 4]]
[[6 11]
 [6 9]]
[[14 7]
 [4 7]]
[[17 10]
 [2 3]]
[[7 15]
 [4 6]]
[[9 12]
 [2 9]]
[[13 11]
 [3 5]]
[[8 10]
 [4 10]]
[[12 16]
 [1 3]]
[[14 10]
 [3 5]]
[[15 11]
 [2 4]]
Epoch 22/40
270/270 - 519s - loss: 0.5905 - accuracy: 0.8413 - precision: 0.6472 - recall: 0.8515 - gen_confusion_matrix: 3.9963 - val_loss: 0.7880 - val_accuracy: 0.5315 - val_precision: 0.3273 - val_recall: 0.6689 - val_gen_confusion_matrix: 7.9265
[[8 14]
 [4 6]]
[[9 8]
 [4 11]]
[[15 11]
 [2 4]]
[[8 12]
 [4 8]]
[[13 10]
 [2 7]]
[[13 13]
 [3 3]]
[[8 8]
 [4 12]]
[[8 12]
 [4 8]]
[[16 11]
 [3 2]]
[[9 16]
 [1 6]]
[[11 13]
 [3 5]]
[[11 11]
 [2 8]]
[[10 11]
 [4 7]]
[[13 14]
 [0 5]]
[[10 14]
 [2 6]]
[[10 16]
 [3 3]]
[[13 9]
 [2 8]]
[[13 14]
 [0 5]]
[[13 11]
 [2 6]]
[[12 11]
 [1 8]]
[[11 9]
 [3 9]]
[[8 18]
 [0 6]]
[[13 14]
 [1 4]]
[[10 17]
 [3 2]]
[[13 11]
 [0 8]]
[[11 11]
 [3 7]]
[[9 12]
 [3 8]]
[[8 14]
 [3 7]]
[[11 9]
 [5 7]]
[[11 11]
 [1 9]]
[[10 11]
 [3 8]]
[[10 15]
 [3 4]]
[[16 11]
 [3 2]]
Epoch 23/40
270/270 - 520s - loss: 0.5896 - accuracy: 0.8508 - precision: 0.6634 - recall: 0.8605 - gen_confusion_matrix: 3.9963 - val_loss: 0.7569 - val_accuracy: 0.5399 - val_precision: 0.3403 - val_recall: 0.7196 - val_gen_confusion_matrix: 7.9265
[[16 8]
 [2 6]]
[[12 15]
 [3 2]]
[[15 9]
 [3 5]]
[[11 15]
 [2 4]]
[[12 10]
 [4 6]]
[[19 7]
 [1 5]]
[[13 11]
 [3 5]]
[[10 9]
 [4 9]]
[[13 9]
 [5 5]]
[[16 9]
 [2 5]]
[[18 6]
 [1 7]]
[[15 9]
 [4 4]]
[[11 12]
 [1 8]]
[[14 14]
 [0 4]]
[[13 13]
 [3 3]]
[[17 9]
 [5 1]]
[[11 9]
 [5 7]]
[[14 7]
 [4 7]]
[[16 5]
 [7 4]]
[[12 11]
 [2 7]]
[[16 7]
 [4 5]]
[[11 9]
 [6 6]]
[[14 13]
 [2 3]]
[[13 11]
 [2 6]]
[[8 11]
 [7 6]]
[[15 9]
 [2 6]]
[[11 13]
 [3 5]]
[[16 7]
 [1 8]]
[[11 13]
 [1 7]]
[[8 13]
 [5 6]]
[[16 7]
 [3 6]]
[[12 6]
 [8 6]]
[[10 10]
 [6 6]]
Epoch 24/40
270/270 - 520s - loss: 0.5854 - accuracy: 0.8545 - precision: 0.6673 - recall: 0.8739 - gen_confusion_matrix: 3.9963 - val_loss: 0.7303 - val_accuracy: 0.5891 - val_precision: 0.3573 - val_recall: 0.6216 - val_gen_confusion_matrix: 7.9265
[[8 15]
 [2 7]]
[[9 11]
 [5 7]]
[[8 13]
 [0 11]]
[[13 14]
 [0 5]]
[[9 14]
 [1 8]]
[[4 19]
 [2 7]]
[[9 10]
 [3 10]]
[[5 13]
 [2 12]]
[[11 12]
 [1 8]]
[[12 11]
 [1 8]]
[[13 13]
 [0 6]]
[[10 15]
 [1 6]]
[[7 20]
 [0 5]]
[[11 16]
 [1 4]]
[[8 13]
 [2 9]]
[[8 17]
 [0 7]]
[[11 16]
 [0 5]]
[[8 16]
 [1 7]]
[[7 16]
 [3 6]]
[[10 13]
 [2 7]]
[[10 12]
 [1 9]]
[[10 16]
 [3 3]]
[[9 14]
 [1 8]]
[[7 18]
 [1 6]]
[[9 12]
 [2 9]]
[[6 18]
 [1 7]]
[[8 14]
 [3 7]]
[[9 15]
 [2 6]]
[[7 13]
 [0 12]]
[[7 16]
 [1 8]]
[[11 12]
 [2 7]]
[[8 12]
 [4 8]]
[[6 17]
 [1 8]]

Epoch 00024: ReduceLROnPlateau reducing learning rate to 2.3730469365546014e-05.
Epoch 25/40
270/270 - 519s - loss: 0.5827 - accuracy: 0.8654 - precision: 0.6911 - recall: 0.8685 - gen_confusion_matrix: 3.9963 - val_loss: 0.7880 - val_accuracy: 0.5009 - val_precision: 0.3356 - val_recall: 0.8345 - val_gen_confusion_matrix: 7.9265
[[16 8]
 [2 6]]
[[13 13]
 [2 4]]
[[16 10]
 [3 3]]
[[14 10]
 [4 4]]
[[16 11]
 [4 1]]
[[10 10]
 [4 8]]
[[13 12]
 [3 4]]
[[18 9]
 [4 1]]
[[18 4]
 [6 4]]
[[13 13]
 [2 4]]
[[12 12]
 [2 6]]
[[13 9]
 [7 3]]
[[11 6]
 [6 9]]
[[14 10]
 [3 5]]
[[17 7]
 [2 6]]
[[15 6]
 [6 5]]
[[14 10]
 [6 2]]
[[16 7]
 [3 6]]
[[9 13]
 [3 7]]
[[15 12]
 [3 2]]
[[15 7]
 [5 5]]
[[11 5]
 [7 9]]
[[16 7]
 [4 5]]
[[11 8]
 [5 8]]
[[15 8]
 [5 4]]
[[16 9]
 [1 6]]
[[11 12]
 [5 4]]
[[12 8]
 [3 9]]
[[17 7]
 [3 5]]
[[15 10]
 [0 7]]
[[18 8]
 [3 3]]
[[16 11]
 [2 3]]
[[9 8]
 [6 9]]
Epoch 26/40
270/270 - 520s - loss: 0.5780 - accuracy: 0.8628 - precision: 0.6814 - recall: 0.8837 - gen_confusion_matrix: 3.9963 - val_loss: 0.7410 - val_accuracy: 0.5983 - val_precision: 0.3558 - val_recall: 0.5709 - val_gen_confusion_matrix: 7.9265
Epoch 00026: early stopping

 See logs at ../../cache/conv___04_2122___all_sw_coch_preprocessed_v2_param_v29_augm_v0_cleaned_8000___model9_MoE___2090/logs/