Category:  coch
Dataset:  all_sw_coch_preprocessed_v2_param_v29_augm_v0_cleaned_8000.pkl
File:  conv.train2094
Description:  mixednet_Dense64
2021-05-02 16:21:31.459317: I tensorflow/stream_executor/platform/default/dso_loader.cc:49] Successfully opened dynamic library libcudart.so.11.0
2021-05-02 16:21:37.356266: I tensorflow/compiler/jit/xla_cpu_device.cc:41] Not creating XLA devices, tf_xla_enable_xla_devices not set
2021-05-02 16:21:37.372294: I tensorflow/stream_executor/platform/default/dso_loader.cc:49] Successfully opened dynamic library libcuda.so.1
2021-05-02 16:21:37.438693: I tensorflow/stream_executor/cuda/cuda_gpu_executor.cc:941] successful NUMA node read from SysFS had negative value (-1), but there must be at least one NUMA node, so returning NUMA node zero
2021-05-02 16:21:37.439450: I tensorflow/core/common_runtime/gpu/gpu_device.cc:1720] Found device 0 with properties: 
pciBusID: 0000:00:04.0 name: Tesla T4 computeCapability: 7.5
coreClock: 1.59GHz coreCount: 40 deviceMemorySize: 14.75GiB deviceMemoryBandwidth: 298.08GiB/s
2021-05-02 16:21:37.439486: I tensorflow/stream_executor/platform/default/dso_loader.cc:49] Successfully opened dynamic library libcudart.so.11.0
2021-05-02 16:21:37.472630: I tensorflow/stream_executor/platform/default/dso_loader.cc:49] Successfully opened dynamic library libcublas.so.11
2021-05-02 16:21:37.472753: I tensorflow/stream_executor/platform/default/dso_loader.cc:49] Successfully opened dynamic library libcublasLt.so.11
2021-05-02 16:21:37.492183: I tensorflow/stream_executor/platform/default/dso_loader.cc:49] Successfully opened dynamic library libcufft.so.10
2021-05-02 16:21:37.503276: I tensorflow/stream_executor/platform/default/dso_loader.cc:49] Successfully opened dynamic library libcurand.so.10
2021-05-02 16:21:37.510536: I tensorflow/stream_executor/platform/default/dso_loader.cc:49] Successfully opened dynamic library libcusolver.so.10
2021-05-02 16:21:37.521154: I tensorflow/stream_executor/platform/default/dso_loader.cc:49] Successfully opened dynamic library libcusparse.so.11
2021-05-02 16:21:37.531877: I tensorflow/stream_executor/platform/default/dso_loader.cc:49] Successfully opened dynamic library libcudnn.so.8
2021-05-02 16:21:37.532060: I tensorflow/stream_executor/cuda/cuda_gpu_executor.cc:941] successful NUMA node read from SysFS had negative value (-1), but there must be at least one NUMA node, so returning NUMA node zero
2021-05-02 16:21:37.532898: I tensorflow/stream_executor/cuda/cuda_gpu_executor.cc:941] successful NUMA node read from SysFS had negative value (-1), but there must be at least one NUMA node, so returning NUMA node zero
2021-05-02 16:21:37.534543: I tensorflow/core/common_runtime/gpu/gpu_device.cc:1862] Adding visible gpu devices: 0
2021-05-02 16:21:37.537306: I tensorflow/compiler/jit/xla_gpu_device.cc:99] Not creating XLA devices, tf_xla_enable_xla_devices not set
2021-05-02 16:21:37.537465: I tensorflow/stream_executor/cuda/cuda_gpu_executor.cc:941] successful NUMA node read from SysFS had negative value (-1), but there must be at least one NUMA node, so returning NUMA node zero
2021-05-02 16:21:37.538183: I tensorflow/core/common_runtime/gpu/gpu_device.cc:1720] Found device 0 with properties: 
pciBusID: 0000:00:04.0 name: Tesla T4 computeCapability: 7.5
coreClock: 1.59GHz coreCount: 40 deviceMemorySize: 14.75GiB deviceMemoryBandwidth: 298.08GiB/s
2021-05-02 16:21:37.538209: I tensorflow/stream_executor/platform/default/dso_loader.cc:49] Successfully opened dynamic library libcudart.so.11.0
2021-05-02 16:21:37.538242: I tensorflow/stream_executor/platform/default/dso_loader.cc:49] Successfully opened dynamic library libcublas.so.11
2021-05-02 16:21:37.538259: I tensorflow/stream_executor/platform/default/dso_loader.cc:49] Successfully opened dynamic library libcublasLt.so.11
2021-05-02 16:21:37.538274: I tensorflow/stream_executor/platform/default/dso_loader.cc:49] Successfully opened dynamic library libcufft.so.10
2021-05-02 16:21:37.538290: I tensorflow/stream_executor/platform/default/dso_loader.cc:49] Successfully opened dynamic library libcurand.so.10
2021-05-02 16:21:37.538313: I tensorflow/stream_executor/platform/default/dso_loader.cc:49] Successfully opened dynamic library libcusolver.so.10
2021-05-02 16:21:37.538329: I tensorflow/stream_executor/platform/default/dso_loader.cc:49] Successfully opened dynamic library libcusparse.so.11
2021-05-02 16:21:37.538345: I tensorflow/stream_executor/platform/default/dso_loader.cc:49] Successfully opened dynamic library libcudnn.so.8
2021-05-02 16:21:37.538406: I tensorflow/stream_executor/cuda/cuda_gpu_executor.cc:941] successful NUMA node read from SysFS had negative value (-1), but there must be at least one NUMA node, so returning NUMA node zero
2021-05-02 16:21:37.539083: I tensorflow/stream_executor/cuda/cuda_gpu_executor.cc:941] successful NUMA node read from SysFS had negative value (-1), but there must be at least one NUMA node, so returning NUMA node zero
2021-05-02 16:21:37.539692: I tensorflow/core/common_runtime/gpu/gpu_device.cc:1862] Adding visible gpu devices: 0
2021-05-02 16:21:37.540292: I tensorflow/stream_executor/platform/default/dso_loader.cc:49] Successfully opened dynamic library libcudart.so.11.0
2021-05-02 16:21:38.936171: I tensorflow/core/common_runtime/gpu/gpu_device.cc:1261] Device interconnect StreamExecutor with strength 1 edge matrix:
2021-05-02 16:21:38.936215: I tensorflow/core/common_runtime/gpu/gpu_device.cc:1267]      0 
2021-05-02 16:21:38.936224: I tensorflow/core/common_runtime/gpu/gpu_device.cc:1280] 0:   N 
2021-05-02 16:21:38.938385: I tensorflow/stream_executor/cuda/cuda_gpu_executor.cc:941] successful NUMA node read from SysFS had negative value (-1), but there must be at least one NUMA node, so returning NUMA node zero
2021-05-02 16:21:38.939211: I tensorflow/stream_executor/cuda/cuda_gpu_executor.cc:941] successful NUMA node read from SysFS had negative value (-1), but there must be at least one NUMA node, so returning NUMA node zero
2021-05-02 16:21:38.939894: I tensorflow/stream_executor/cuda/cuda_gpu_executor.cc:941] successful NUMA node read from SysFS had negative value (-1), but there must be at least one NUMA node, so returning NUMA node zero
2021-05-02 16:21:38.940525: I tensorflow/core/common_runtime/gpu/gpu_device.cc:1406] Created TensorFlow device (/job:localhost/replica:0/task:0/device:GPU:0 with 13968 MB memory) -> physical GPU (device: 0, name: Tesla T4, pci bus id: 0000:00:04.0, compute capability: 7.5)
2021-05-02 16:21:39.358757: I tensorflow/core/profiler/lib/profiler_session.cc:136] Profiler session initializing.
2021-05-02 16:21:39.358793: I tensorflow/core/profiler/lib/profiler_session.cc:155] Profiler session started.
2021-05-02 16:21:39.359330: I tensorflow/core/profiler/internal/gpu/cupti_tracer.cc:1365] Profiler found 1 GPUs
2021-05-02 16:21:39.359563: W tensorflow/stream_executor/platform/default/dso_loader.cc:60] Could not load dynamic library 'libcupti.so.11.0'; dlerror: libcupti.so.11.0: cannot open shared object file: No such file or directory; LD_LIBRARY_PATH: /usr/local/cuda-11.2/lib64
2021-05-02 16:21:39.375928: I tensorflow/stream_executor/platform/default/dso_loader.cc:49] Successfully opened dynamic library libcupti.so
2021-05-02 16:21:39.570564: I tensorflow/core/profiler/lib/profiler_session.cc:172] Profiler session tear down.
2021-05-02 16:21:39.573260: I tensorflow/core/profiler/internal/gpu/cupti_tracer.cc:1487] CUPTI activity buffer flushed
2021-05-02 16:21:40.350854: I tensorflow/compiler/mlir/mlir_graph_optimization_pass.cc:116] None of the MLIR optimization passes are enabled (registered 2)
2021-05-02 16:21:40.354698: I tensorflow/core/platform/profile_utils/cpu_utils.cc:112] CPU Frequency: 2299995000 Hz
2021-05-02 16:21:42.685505: I tensorflow/stream_executor/platform/default/dso_loader.cc:49] Successfully opened dynamic library libcublas.so.11
2021-05-02 16:21:44.611873: I tensorflow/stream_executor/platform/default/dso_loader.cc:49] Successfully opened dynamic library libcublasLt.so.11
2021-05-02 16:21:44.645690: I tensorflow/stream_executor/platform/default/dso_loader.cc:49] Successfully opened dynamic library libcudnn.so.8
2021-05-02 16:21:51.094832: I tensorflow/core/profiler/lib/profiler_session.cc:136] Profiler session initializing.
2021-05-02 16:21:51.094874: I tensorflow/core/profiler/lib/profiler_session.cc:155] Profiler session started.
2021-05-02 16:21:52.275006: I tensorflow/core/profiler/lib/profiler_session.cc:71] Profiler session collecting data.
2021-05-02 16:21:52.278122: I tensorflow/core/profiler/internal/gpu/cupti_tracer.cc:1487] CUPTI activity buffer flushed
2021-05-02 16:21:52.314030: I tensorflow/core/profiler/internal/gpu/cupti_collector.cc:228]  GpuTracer has collected 1296 callback api events and 1292 activity events. 
2021-05-02 16:21:52.347903: I tensorflow/core/profiler/lib/profiler_session.cc:172] Profiler session tear down.
[[0 21]
 [0 11]]
[[0 18]
 [0 14]]
[[0 23]
 [0 9]]
[[0 24]
 [0 8]]
[[0 25]
 [0 7]]
[[0 25]
 [0 7]]
[[0 26]
 [0 6]]
[[0 20]
 [0 12]]
[[0 21]
 [0 11]]
[[0 22]
 [0 10]]
[[0 25]
 [0 7]]
[[0 25]
 [0 7]]
[[0 26]
 [0 6]]
[[0 22]
 [0 10]]
[[0 25]
 [0 7]]
[[0 27]
 [0 5]]
[[0 25]
 [0 7]]
[[0 22]
 [0 10]]
[[0 29]
 [0 3]]
[[0 21]
 [0 11]]
[[0 25]
 [0 7]]
[[0 26]
 [0 6]]
[[0 24]
 [0 8]]
[[0 23]
 [0 9]]
[[0 26]
 [0 6]]
[[0 18]
 [0 14]]
[[0 22]
 [0 10]]
[[0 23]
 [0 9]]
[[0 26]
 [0 6]]
[[0 23]
 [0 9]]
[[0 20]
 [0 12]]
[[0 24]
 [0 8]]
[[0 18]
 [0 14]]
Tensorflow Version: 2.4.0
Num GPUs Available:  1
-----------------------
Using module located at /main/models/conv/train2094.py
Using train_file located at ../../data/datasets/all_sw_coch_preprocessed_v2_param_v29_augm_v0_cleaned_8000.pkl
Using logs_path located at ../../cache/conv___05_1621___all_sw_coch_preprocessed_v2_param_v29_augm_v0_cleaned_8000___mixednet_Dense64___2094/logs/
-----------------------
Collecting Variables...
Model Parameters: {'N_CLASSES': 1, 'SR': 8000, 'BATCH_SIZE': 16, 'LR': 0.0001, 'SHAPE': (128, 1250, 3), 'WEIGHT_DECAY': 0.001, 'LL2_REG': 0, 'EPSILON': 1e-07, 'LABEL_SMOOTHING': 0.4}
Learning Rate Parameters: {'factor': 0.75, 'patience': 4, 'min_lr': 1e-08}
Early Stopping Patience and Delta: 20, 1.0%
-----------------------
Size of training set: 4316
Size of validation set: 1078
Initializing weights...
weights = {0: 0.6776381909547738, 1: 1.9073550212164074}
Model: "conv2d"
_________________________________________________________________
Layer (type)                 Output Shape              Param #   
=================================================================
input_1 (InputLayer)         [(None, 128, 1250, 3)]    0         
_________________________________________________________________
conv2d (Conv2D)              (None, 128, 1250, 8)      224       
_________________________________________________________________
mix_depth_group_convolution2 (None, 128, 1250, 8)      162       
_________________________________________________________________
average_pooling2d (AveragePo (None, 64, 625, 8)        0         
_________________________________________________________________
batch_normalization (BatchNo (None, 64, 625, 8)        32        
_________________________________________________________________
conv2d_1 (Conv2D)            (None, 64, 625, 16)       1168      
_________________________________________________________________
mix_depth_group_convolution2 (None, 64, 625, 16)       414       
_________________________________________________________________
average_pooling2d_1 (Average (None, 32, 313, 16)       0         
_________________________________________________________________
batch_normalization_1 (Batch (None, 32, 313, 16)       64        
_________________________________________________________________
conv2d_2 (Conv2D)            (None, 32, 313, 32)       4640      
_________________________________________________________________
mix_depth_group_convolution2 (None, 32, 313, 32)       828       
_________________________________________________________________
average_pooling2d_2 (Average (None, 16, 157, 32)       0         
_________________________________________________________________
batch_normalization_2 (Batch (None, 16, 157, 32)       128       
_________________________________________________________________
conv2d_3 (Conv2D)            (None, 16, 157, 64)       18496     
_________________________________________________________________
mix_depth_group_convolution2 (None, 16, 157, 64)       1656      
_________________________________________________________________
average_pooling2d_3 (Average (None, 8, 79, 64)         0         
_________________________________________________________________
batch_normalization_3 (Batch (None, 8, 79, 64)         256       
_________________________________________________________________
conv2d_4 (Conv2D)            (None, 8, 79, 128)        73856     
_________________________________________________________________
mix_depth_group_convolution2 (None, 8, 79, 128)        3402      
_________________________________________________________________
average_pooling2d_4 (Average (None, 4, 40, 128)        0         
_________________________________________________________________
batch_normalization_4 (Batch (None, 4, 40, 128)        512       
_________________________________________________________________
global_average_pooling2d (Gl (None, 128)               0         
_________________________________________________________________
dense (Dense)                (None, 64)                8256      
_________________________________________________________________
dense_1 (Dense)              (None, 1)                 65        
=================================================================
Total params: 114,159
Trainable params: 113,663
Non-trainable params: 496
_________________________________________________________________
Epoch 1/40
270/270 - 168s - loss: 0.6894 - accuracy: 0.5653 - precision: 0.2936 - recall: 0.4821 - gen_confusion_matrix: 3.9963 - val_loss: 0.7094 - val_accuracy: 0.2746 - val_precision: 0.2746 - val_recall: 1.0000 - val_gen_confusion_matrix: 7.9265
[[2 21]
 [0 9]]
[[3 18]
 [2 9]]
[[0 23]
 [1 8]]
[[2 21]
 [1 8]]
[[1 22]
 [1 8]]
[[1 20]
 [0 11]]
[[0 28]
 [0 4]]
[[2 24]
 [0 6]]
[[0 23]
 [1 8]]
[[1 22]
 [0 9]]
[[2 24]
 [0 6]]
[[1 25]
 [0 6]]
[[2 21]
 [2 7]]
[[1 24]
 [0 7]]
[[1 25]
 [0 6]]
[[0 21]
 [1 10]]
[[2 23]
 [1 6]]
[[1 25]
 [2 4]]
[[2 19]
 [1 10]]
[[1 26]
 [1 4]]
[[0 20]
 [1 11]]
[[4 18]
 [0 10]]
[[2 18]
 [2 10]]
[[3 20]
 [0 9]]
[[0 26]
 [0 6]]
[[1 24]
 [1 6]]
[[0 23]
 [0 9]]
[[0 21]
 [1 10]]
[[1 19]
 [1 11]]
[[1 21]
 [1 9]]
[[1 18]
 [1 12]]
[[0 23]
 [0 9]]
[[0 23]
 [2 7]]
Epoch 2/40
270/270 - 156s - loss: 0.6834 - accuracy: 0.6040 - precision: 0.3330 - recall: 0.5268 - gen_confusion_matrix: 3.9963 - val_loss: 0.7077 - val_accuracy: 0.2894 - val_precision: 0.2682 - val_recall: 0.9189 - val_gen_confusion_matrix: 7.9265
[[19 1]
 [10 2]]
[[23 1]
 [7 1]]
[[24 2]
 [6 0]]
[[20 1]
 [10 1]]
[[22 4]
 [6 0]]
[[26 1]
 [5 0]]
[[24 1]
 [6 1]]
[[26 0]
 [5 1]]
[[21 0]
 [10 1]]
[[24 0]
 [8 0]]
[[18 0]
 [13 1]]
[[19 2]
 [10 1]]
[[25 1]
 [6 0]]
[[23 0]
 [8 1]]
[[18 2]
 [11 1]]
[[22 2]
 [8 0]]
[[23 0]
 [8 1]]
[[25 0]
 [4 3]]
[[24 2]
 [6 0]]
[[20 2]
 [9 1]]
[[22 1]
 [7 2]]
[[24 0]
 [7 1]]
[[22 1]
 [9 0]]
[[21 0]
 [11 0]]
[[20 0]
 [9 3]]
[[22 1]
 [8 1]]
[[22 1]
 [7 2]]
[[22 1]
 [8 1]]
[[21 1]
 [10 0]]
[[21 0]
 [11 0]]
[[22 0]
 [9 1]]
[[21 2]
 [7 2]]
[[28 0]
 [4 0]]
Epoch 3/40
270/270 - 157s - loss: 0.6798 - accuracy: 0.6172 - precision: 0.3536 - recall: 0.5769 - gen_confusion_matrix: 3.9963 - val_loss: 0.6667 - val_accuracy: 0.7226 - val_precision: 0.4762 - val_recall: 0.1014 - val_gen_confusion_matrix: 7.9265
[[18 5]
 [7 2]]
[[20 5]
 [5 2]]
[[21 2]
 [8 1]]
[[18 5]
 [6 3]]
[[18 1]
 [8 5]]
[[17 4]
 [8 3]]
[[17 2]
 [10 3]]
[[24 3]
 [4 1]]
[[23 2]
 [5 2]]
[[19 5]
 [7 1]]
[[22 3]
 [4 3]]
[[21 1]
 [8 2]]
[[17 3]
 [9 3]]
[[23 2]
 [6 1]]
[[13 3]
 [13 3]]
[[21 6]
 [4 1]]
[[20 3]
 [8 1]]
[[21 5]
 [6 0]]
[[24 1]
 [6 1]]
[[21 4]
 [3 4]]
[[23 4]
 [3 2]]
[[19 4]
 [6 3]]
[[20 5]
 [3 4]]
[[23 3]
 [4 2]]
[[20 3]
 [6 3]]
[[14 2]
 [10 6]]
[[15 6]
 [9 2]]
[[19 4]
 [6 3]]
[[20 4]
 [8 0]]
[[19 5]
 [7 1]]
[[21 4]
 [7 0]]
[[22 2]
 [4 4]]
[[16 6]
 [7 3]]
Epoch 4/40
270/270 - 156s - loss: 0.6771 - accuracy: 0.6342 - precision: 0.3694 - recall: 0.5832 - gen_confusion_matrix: 3.9963 - val_loss: 0.6662 - val_accuracy: 0.6846 - val_precision: 0.3866 - val_recall: 0.2534 - val_gen_confusion_matrix: 7.9265
[[21 5]
 [3 3]]
[[24 4]
 [2 2]]
[[16 5]
 [9 2]]
[[24 1]
 [6 1]]
[[27 2]
 [3 0]]
[[16 6]
 [8 2]]
[[19 3]
 [9 1]]
[[23 6]
 [3 0]]
[[20 3]
 [7 2]]
[[22 3]
 [6 1]]
[[20 4]
 [5 3]]
[[17 4]
 [9 2]]
[[17 2]
 [9 4]]
[[20 2]
 [8 2]]
[[18 3]
 [9 2]]
[[23 4]
 [2 3]]
[[15 5]
 [8 4]]
[[16 4]
 [8 4]]
[[21 1]
 [10 0]]
[[19 1]
 [9 3]]
[[22 3]
 [5 2]]
[[20 3]
 [7 2]]
[[22 2]
 [6 2]]
[[12 4]
 [11 5]]
[[20 3]
 [8 1]]
[[25 2]
 [4 1]]
[[24 4]
 [2 2]]
[[19 2]
 [6 5]]
[[22 4]
 [5 1]]
[[16 4]
 [10 2]]
[[17 4]
 [9 2]]
[[20 2]
 [8 2]]
[[24 1]
 [6 1]]
Epoch 5/40
270/270 - 158s - loss: 0.6749 - accuracy: 0.6411 - precision: 0.3794 - recall: 0.6064 - gen_confusion_matrix: 3.9963 - val_loss: 0.6686 - val_accuracy: 0.6920 - val_precision: 0.4000 - val_recall: 0.2432 - val_gen_confusion_matrix: 7.9265
[[23 1]
 [8 0]]
[[27 1]
 [3 1]]
[[19 0]
 [12 1]]
[[21 0]
 [10 1]]
[[27 0]
 [5 0]]
[[25 0]
 [7 0]]
[[21 1]
 [9 1]]
[[25 1]
 [6 0]]
[[20 0]
 [10 2]]
[[21 1]
 [10 0]]
[[23 0]
 [9 0]]
[[21 1]
 [8 2]]
[[20 1]
 [8 3]]
[[22 1]
 [7 2]]
[[27 0]
 [5 0]]
[[23 1]
 [8 0]]
[[27 1]
 [3 1]]
[[24 1]
 [7 0]]
[[20 1]
 [11 0]]
[[23 0]
 [8 1]]
[[23 0]
 [9 0]]
[[26 0]
 [6 0]]
[[29 0]
 [2 1]]
[[23 0]
 [7 2]]
[[16 1]
 [14 1]]
[[23 2]
 [7 0]]
[[21 0]
 [9 2]]
[[23 0]
 [8 1]]
[[17 0]
 [15 0]]
[[23 1]
 [8 0]]
[[20 0]
 [11 1]]
[[20 1]
 [11 0]]
[[24 1]
 [6 1]]
Epoch 6/40
270/270 - 156s - loss: 0.6704 - accuracy: 0.6592 - precision: 0.3973 - recall: 0.6109 - gen_confusion_matrix: 3.9963 - val_loss: 0.6573 - val_accuracy: 0.7310 - val_precision: 0.5714 - val_recall: 0.0811 - val_gen_confusion_matrix: 7.9265
[[24 4]
 [1 3]]
[[14 4]
 [7 7]]
[[16 6]
 [5 5]]
[[15 8]
 [1 8]]
[[18 7]
 [5 2]]
[[14 5]
 [3 10]]
[[23 5]
 [3 1]]
[[11 7]
 [10 4]]
[[12 12]
 [5 3]]
[[17 7]
 [3 5]]
[[16 7]
 [3 6]]
[[13 7]
 [7 5]]
[[13 9]
 [6 4]]
[[18 12]
 [1 1]]
[[16 5]
 [10 1]]
[[17 7]
 [5 3]]
[[12 12]
 [3 5]]
[[13 11]
 [2 6]]
[[15 9]
 [1 7]]
[[13 9]
 [8 2]]
[[18 8]
 [3 3]]
[[11 13]
 [8 0]]
[[14 8]
 [8 2]]
[[13 4]
 [10 5]]
[[15 8]
 [6 3]]
[[14 7]
 [7 4]]
[[19 4]
 [4 5]]
[[22 6]
 [2 2]]
[[13 9]
 [6 4]]
[[21 4]
 [4 3]]
[[16 8]
 [3 5]]
[[17 11]
 [1 3]]
[[12 11]
 [7 2]]
Epoch 7/40
270/270 - 156s - loss: 0.6696 - accuracy: 0.6596 - precision: 0.3997 - recall: 0.6252 - gen_confusion_matrix: 3.9963 - val_loss: 0.6765 - val_accuracy: 0.6095 - val_precision: 0.3402 - val_recall: 0.4493 - val_gen_confusion_matrix: 7.9265
[[14 7]
 [6 5]]
[[14 9]
 [5 4]]
[[10 9]
 [5 8]]
[[14 9]
 [5 4]]
[[12 7]
 [9 4]]
[[15 6]
 [2 9]]
[[16 8]
 [5 3]]
[[12 11]
 [4 5]]
[[15 7]
 [6 4]]
[[14 7]
 [6 5]]
[[19 6]
 [1 6]]
[[16 11]
 [2 3]]
[[13 10]
 [4 5]]
[[16 11]
 [3 2]]
[[14 9]
 [5 4]]
[[11 12]
 [3 6]]
[[17 7]
 [4 4]]
[[19 6]
 [5 2]]
[[11 7]
 [7 7]]
[[16 7]
 [2 7]]
[[19 3]
 [5 5]]
[[18 4]
 [6 4]]
[[16 12]
 [4 0]]
[[14 6]
 [7 5]]
[[18 7]
 [4 3]]
[[19 4]
 [3 6]]
[[18 8]
 [1 5]]
[[16 6]
 [7 3]]
[[23 6]
 [2 1]]
[[14 10]
 [4 4]]
[[15 9]
 [5 3]]
[[17 5]
 [6 4]]
[[19 6]
 [5 2]]
Epoch 8/40
270/270 - 155s - loss: 0.6663 - accuracy: 0.6636 - precision: 0.4056 - recall: 0.6422 - gen_confusion_matrix: 3.9963 - val_loss: 0.6804 - val_accuracy: 0.6224 - val_precision: 0.3616 - val_recall: 0.4899 - val_gen_confusion_matrix: 7.9265
[[16 8]
 [4 4]]
[[21 4]
 [6 1]]
[[20 5]
 [2 5]]
[[17 5]
 [5 5]]
[[15 8]
 [6 3]]
[[15 12]
 [4 1]]
[[19 7]
 [3 3]]
[[17 9]
 [2 4]]
[[19 2]
 [7 4]]
[[19 6]
 [2 5]]
[[14 6]
 [8 4]]
[[12 11]
 [6 3]]
[[19 2]
 [4 7]]
[[16 8]
 [3 5]]
[[17 6]
 [3 6]]
[[16 5]
 [4 7]]
[[15 9]
 [3 5]]
[[10 2]
 [14 6]]
[[15 7]
 [6 4]]
[[20 6]
 [3 3]]
[[17 1]
 [9 5]]
[[14 5]
 [11 2]]
[[18 7]
 [3 4]]
[[16 6]
 [6 4]]
[[16 7]
 [3 6]]
[[15 8]
 [5 4]]
[[21 4]
 [5 2]]
[[16 9]
 [4 3]]
[[16 7]
 [3 6]]
[[15 7]
 [5 5]]
[[18 9]
 [2 3]]
[[20 6]
 [3 3]]
[[19 8]
 [2 3]]
Epoch 9/40
270/270 - 156s - loss: 0.6640 - accuracy: 0.6874 - precision: 0.4296 - recall: 0.6306 - gen_confusion_matrix: 3.9963 - val_loss: 0.6853 - val_accuracy: 0.6531 - val_precision: 0.3892 - val_recall: 0.4628 - val_gen_confusion_matrix: 7.9265
[[12 8]
 [10 2]]
[[16 4]
 [10 2]]
[[23 4]
 [4 1]]
[[24 4]
 [0 4]]
[[20 5]
 [7 0]]
[[16 8]
 [7 1]]
[[24 2]
 [6 0]]
[[21 3]
 [3 5]]
[[22 1]
 [5 4]]
[[23 4]
 [2 3]]
[[19 4]
 [7 2]]
[[23 3]
 [3 3]]
[[16 4]
 [9 3]]
[[20 6]
 [4 2]]
[[18 5]
 [7 2]]
[[16 6]
 [6 4]]
[[17 3]
 [5 7]]
[[17 6]
 [7 2]]
[[19 4]
 [6 3]]
[[20 3]
 [6 3]]
[[15 9]
 [6 2]]
[[19 5]
 [5 3]]
[[15 6]
 [6 5]]
[[18 5]
 [6 3]]
[[16 2]
 [9 5]]
[[19 3]
 [8 2]]
[[16 4]
 [7 5]]
[[20 5]
 [5 2]]
[[17 7]
 [6 2]]
[[23 1]
 [4 4]]
[[16 6]
 [5 5]]
[[18 4]
 [10 0]]
[[17 6]
 [6 3]]
Epoch 10/40
270/270 - 156s - loss: 0.6636 - accuracy: 0.6930 - precision: 0.4369 - recall: 0.6404 - gen_confusion_matrix: 3.9963 - val_loss: 0.6648 - val_accuracy: 0.6716 - val_precision: 0.3831 - val_recall: 0.3209 - val_gen_confusion_matrix: 7.9265
[[20 3]
 [6 3]]
[[20 0]
 [7 5]]
[[24 3]
 [2 3]]
[[15 4]
 [7 6]]
[[19 1]
 [9 3]]
[[19 4]
 [8 1]]
[[18 5]
 [7 2]]
[[15 7]
 [5 5]]
[[20 4]
 [2 6]]
[[20 4]
 [5 3]]
[[19 8]
 [3 2]]
[[16 4]
 [9 3]]
[[20 6]
 [6 0]]
[[20 2]
 [6 4]]
[[19 6]
 [7 0]]
[[20 4]
 [6 2]]
[[20 2]
 [7 3]]
[[18 4]
 [6 4]]
[[20 1]
 [8 3]]
[[20 4]
 [4 4]]
[[22 1]
 [9 0]]
[[19 5]
 [5 3]]
[[15 5]
 [8 4]]
[[20 6]
 [4 2]]
[[21 4]
 [7 0]]
[[14 5]
 [11 2]]
[[17 3]
 [7 5]]
[[20 2]
 [7 3]]
[[16 5]
 [9 2]]
[[23 4]
 [3 2]]
[[19 7]
 [4 2]]
[[25 2]
 [3 2]]
[[22 5]
 [4 1]]

Epoch 00010: ReduceLROnPlateau reducing learning rate to 7.499999810534064e-05.
Epoch 11/40
270/270 - 156s - loss: 0.6601 - accuracy: 0.6997 - precision: 0.4462 - recall: 0.6601 - gen_confusion_matrix: 3.9963 - val_loss: 0.6609 - val_accuracy: 0.6874 - val_precision: 0.4072 - val_recall: 0.3041 - val_gen_confusion_matrix: 7.9265
[[21 6]
 [3 2]]
[[19 5]
 [5 3]]
[[14 7]
 [7 4]]
[[18 4]
 [9 1]]
[[16 6]
 [6 4]]
[[18 5]
 [5 4]]
[[22 4]
 [5 1]]
[[15 6]
 [7 4]]
[[18 8]
 [4 2]]
[[23 5]
 [3 1]]
[[18 5]
 [8 1]]
[[18 3]
 [7 4]]
[[21 6]
 [3 2]]
[[17 5]
 [8 2]]
[[17 3]
 [8 4]]
[[19 1]
 [5 7]]
[[16 3]
 [6 7]]
[[17 7]
 [6 2]]
[[15 6]
 [9 2]]
[[18 4]
 [5 5]]
[[18 2]
 [7 5]]
[[19 5]
 [4 4]]
[[18 6]
 [6 2]]
[[21 4]
 [5 2]]
[[21 3]
 [5 3]]
[[19 6]
 [2 5]]
[[16 5]
 [9 2]]
[[16 5]
 [5 6]]
[[21 5]
 [5 1]]
[[19 6]
 [3 4]]
[[18 6]
 [4 4]]
[[18 8]
 [4 2]]
[[18 6]
 [6 2]]
Epoch 12/40
270/270 - 156s - loss: 0.6569 - accuracy: 0.7095 - precision: 0.4589 - recall: 0.6798 - gen_confusion_matrix: 3.9963 - val_loss: 0.6681 - val_accuracy: 0.6679 - val_precision: 0.3893 - val_recall: 0.3682 - val_gen_confusion_matrix: 7.9265
[[21 3]
 [6 2]]
[[14 6]
 [8 4]]
[[21 6]
 [3 2]]
[[17 8]
 [4 3]]
[[18 4]
 [7 3]]
[[15 5]
 [9 3]]
[[18 4]
 [8 2]]
[[23 3]
 [3 3]]
[[20 2]
 [5 5]]
[[22 5]
 [4 1]]
[[17 5]
 [5 5]]
[[20 7]
 [3 2]]
[[14 11]
 [5 2]]
[[15 4]
 [9 4]]
[[20 3]
 [4 5]]
[[22 7]
 [3 0]]
[[18 5]
 [6 3]]
[[11 7]
 [9 5]]
[[15 6]
 [10 1]]
[[25 1]
 [5 1]]
[[18 4]
 [2 8]]
[[12 8]
 [8 4]]
[[16 4]
 [6 6]]
[[18 6]
 [5 3]]
[[15 8]
 [4 5]]
[[21 4]
 [6 1]]
[[17 5]
 [6 4]]
[[17 4]
 [6 5]]
[[21 3]
 [5 3]]
[[22 5]
 [3 2]]
[[19 4]
 [6 3]]
[[16 5]
 [10 1]]
[[23 4]
 [0 5]]
Epoch 13/40
270/270 - 155s - loss: 0.6555 - accuracy: 0.7159 - precision: 0.4673 - recall: 0.6905 - gen_confusion_matrix: 3.9963 - val_loss: 0.6663 - val_accuracy: 0.6698 - val_precision: 0.3929 - val_recall: 0.3716 - val_gen_confusion_matrix: 7.9265
[[18 4]
 [6 4]]
[[20 3]
 [6 3]]
[[14 8]
 [4 6]]
[[17 7]
 [6 2]]
[[17 7]
 [4 4]]
[[19 4]
 [5 4]]
[[14 7]
 [4 7]]
[[16 6]
 [9 1]]
[[20 4]
 [3 5]]
[[17 7]
 [5 3]]
[[17 4]
 [6 5]]
[[15 4]
 [9 4]]
[[17 7]
 [4 4]]
[[20 4]
 [4 4]]
[[14 6]
 [2 10]]
[[15 6]
 [6 5]]
[[21 4]
 [1 6]]
[[14 5]
 [7 6]]
[[17 9]
 [5 1]]
[[18 4]
 [6 4]]
[[18 6]
 [6 2]]
[[19 8]
 [4 1]]
[[19 5]
 [6 2]]
[[21 4]
 [4 3]]
[[19 4]
 [6 3]]
[[12 8]
 [8 4]]
[[14 9]
 [5 4]]
[[16 8]
 [4 4]]
[[17 6]
 [3 6]]
[[16 11]
 [3 2]]
[[16 5]
 [9 2]]
[[20 7]
 [4 1]]
[[22 2]
 [6 2]]
Epoch 14/40
270/270 - 155s - loss: 0.6544 - accuracy: 0.7129 - precision: 0.4631 - recall: 0.6789 - gen_confusion_matrix: 3.9963 - val_loss: 0.6709 - val_accuracy: 0.6568 - val_precision: 0.3858 - val_recall: 0.4223 - val_gen_confusion_matrix: 7.9265
[[16 6]
 [5 5]]
[[14 8]
 [5 5]]
[[18 5]
 [7 2]]
[[18 8]
 [5 1]]
[[19 8]
 [3 2]]
[[23 1]
 [5 3]]
[[17 6]
 [7 2]]
[[22 3]
 [6 1]]
[[24 5]
 [3 0]]
[[17 3]
 [7 5]]
[[18 7]
 [5 2]]
[[20 5]
 [2 5]]
[[17 5]
 [6 4]]
[[19 4]
 [6 3]]
[[20 3]
 [7 2]]
[[16 6]
 [6 4]]
[[17 4]
 [8 3]]
[[18 3]
 [5 6]]
[[18 5]
 [6 3]]
[[17 5]
 [9 1]]
[[22 4]
 [5 1]]
[[13 6]
 [9 4]]
[[17 4]
 [7 4]]
[[19 3]
 [8 2]]
[[15 4]
 [11 2]]
[[17 5]
 [6 4]]
[[18 4]
 [7 3]]
[[17 3]
 [7 5]]
[[22 3]
 [3 4]]
[[21 4]
 [6 1]]
[[19 5]
 [3 5]]
[[22 5]
 [3 2]]
[[20 4]
 [6 2]]

Epoch 00014: ReduceLROnPlateau reducing learning rate to 5.6249997214763425e-05.
Epoch 15/40
270/270 - 156s - loss: 0.6520 - accuracy: 0.7250 - precision: 0.4780 - recall: 0.6717 - gen_confusion_matrix: 3.9963 - val_loss: 0.6642 - val_accuracy: 0.6725 - val_precision: 0.3900 - val_recall: 0.3412 - val_gen_confusion_matrix: 7.9265
[[18 4]
 [8 2]]
[[20 2]
 [9 1]]
[[19 1]
 [6 6]]
[[18 6]
 [7 1]]
[[20 4]
 [8 0]]
[[19 5]
 [7 1]]
[[20 3]
 [4 5]]
[[16 4]
 [10 2]]
[[17 4]
 [8 3]]
[[23 3]
 [5 1]]
[[18 6]
 [6 2]]
[[17 6]
 [7 2]]
[[19 8]
 [1 4]]
[[19 5]
 [4 4]]
[[18 9]
 [4 1]]
[[22 2]
 [5 3]]
[[22 2]
 [6 2]]
[[19 3]
 [5 5]]
[[19 4]
 [6 3]]
[[22 2]
 [6 2]]
[[18 4]
 [9 1]]
[[23 2]
 [5 2]]
[[18 4]
 [9 1]]
[[19 2]
 [8 3]]
[[21 1]
 [6 4]]
[[18 2]
 [6 6]]
[[22 2]
 [4 4]]
[[23 3]
 [3 3]]
[[22 6]
 [2 2]]
[[22 0]
 [8 2]]
[[16 3]
 [11 2]]
[[20 4]
 [3 5]]
[[19 4]
 [8 1]]
Epoch 16/40
270/270 - 156s - loss: 0.6503 - accuracy: 0.7298 - precision: 0.4847 - recall: 0.6807 - gen_confusion_matrix: 3.9963 - val_loss: 0.6602 - val_accuracy: 0.6957 - val_precision: 0.4238 - val_recall: 0.3007 - val_gen_confusion_matrix: 7.9265
[[18 6]
 [4 4]]
[[17 10]
 [4 1]]
[[19 4]
 [7 2]]
[[16 6]
 [8 2]]
[[17 7]
 [6 2]]
[[23 5]
 [2 2]]
[[20 4]
 [3 5]]
[[19 4]
 [6 3]]
[[18 4]
 [7 3]]
[[21 7]
 [2 2]]
[[22 2]
 [6 2]]
[[23 5]
 [4 0]]
[[22 6]
 [4 0]]
[[22 0]
 [6 4]]
[[18 5]
 [4 5]]
[[23 3]
 [3 3]]
[[20 3]
 [7 2]]
[[14 3]
 [11 4]]
[[14 5]
 [10 3]]
[[17 3]
 [8 4]]
[[16 4]
 [6 6]]
[[17 4]
 [9 2]]
[[17 7]
 [5 3]]
[[18 3]
 [9 2]]
[[23 4]
 [3 2]]
[[20 4]
 [4 4]]
[[21 4]
 [4 3]]
[[17 1]
 [8 6]]
[[21 5]
 [4 2]]
[[15 6]
 [7 4]]
[[13 5]
 [8 6]]
[[20 4]
 [5 3]]
[[16 6]
 [8 2]]
Epoch 17/40
270/270 - 155s - loss: 0.6499 - accuracy: 0.7308 - precision: 0.4860 - recall: 0.6852 - gen_confusion_matrix: 3.9963 - val_loss: 0.6610 - val_accuracy: 0.6790 - val_precision: 0.4008 - val_recall: 0.3412 - val_gen_confusion_matrix: 7.9265
[[20 3]
 [7 2]]
[[19 0]
 [7 6]]
[[20 5]
 [5 2]]
[[21 2]
 [7 2]]
[[21 5]
 [4 2]]
[[21 1]
 [6 4]]
[[18 6]
 [8 0]]
[[18 5]
 [7 2]]
[[20 5]
 [6 1]]
[[17 5]
 [6 4]]
[[21 3]
 [7 1]]
[[15 6]
 [9 2]]
[[12 7]
 [10 3]]
[[18 8]
 [3 3]]
[[20 1]
 [7 4]]
[[20 2]
 [7 3]]
[[18 4]
 [7 3]]
[[17 6]
 [7 2]]
[[21 3]
 [5 3]]
[[18 4]
 [6 4]]
[[17 5]
 [8 2]]
[[25 3]
 [3 1]]
[[20 6]
 [5 1]]
[[20 4]
 [5 3]]
[[22 6]
 [3 1]]
[[19 6]
 [5 2]]
[[20 5]
 [5 2]]
[[19 4]
 [5 4]]
[[12 4]
 [9 7]]
[[23 0]
 [5 4]]
[[20 3]
 [6 3]]
[[17 6]
 [6 3]]
[[18 6]
 [5 3]]
Epoch 18/40
270/270 - 156s - loss: 0.6491 - accuracy: 0.7254 - precision: 0.4794 - recall: 0.6959 - gen_confusion_matrix: 3.9963 - val_loss: 0.6599 - val_accuracy: 0.6790 - val_precision: 0.3922 - val_recall: 0.3074 - val_gen_confusion_matrix: 7.9265
[[18 4]
 [5 5]]
[[20 4]
 [5 3]]
[[15 3]
 [11 3]]
[[20 5]
 [4 3]]
[[21 3]
 [4 4]]
[[20 5]
 [4 3]]
[[18 2]
 [9 3]]
[[21 5]
 [6 0]]
[[15 5]
 [8 4]]
[[16 5]
 [4 7]]
[[15 2]
 [11 4]]
[[19 6]
 [5 2]]
[[15 9]
 [7 1]]
[[21 3]
 [2 6]]
[[18 5]
 [7 2]]
[[20 3]
 [3 6]]
[[17 5]
 [7 3]]
[[13 11]
 [7 1]]
[[18 7]
 [2 5]]
[[20 4]
 [3 5]]
[[19 4]
 [5 4]]
[[21 4]
 [7 0]]
[[16 11]
 [1 4]]
[[18 4]
 [7 3]]
[[18 5]
 [5 4]]
[[19 6]
 [5 2]]
[[20 6]
 [3 3]]
[[20 4]
 [6 2]]
[[19 7]
 [5 1]]
[[18 9]
 [2 3]]
[[16 7]
 [6 3]]
[[13 4]
 [10 5]]
[[21 2]
 [6 3]]

Epoch 00018: ReduceLROnPlateau reducing learning rate to 4.218749927531462e-05.
Epoch 19/40
270/270 - 156s - loss: 0.6473 - accuracy: 0.7407 - precision: 0.4997 - recall: 0.7004 - gen_confusion_matrix: 3.9963 - val_loss: 0.6646 - val_accuracy: 0.6679 - val_precision: 0.3885 - val_recall: 0.3649 - val_gen_confusion_matrix: 7.9265
[[18 2]
 [7 5]]
[[21 7]
 [4 0]]
[[20 2]
 [5 5]]
[[14 7]
 [4 7]]
[[17 5]
 [7 3]]
[[15 7]
 [6 4]]
[[19 6]
 [4 3]]
[[14 7]
 [8 3]]
[[23 4]
 [5 0]]
[[24 4]
 [2 2]]
[[21 6]
 [3 2]]
[[19 1]
 [7 5]]
[[15 7]
 [6 4]]
[[22 5]
 [3 2]]
[[19 6]
 [5 2]]
[[13 8]
 [9 2]]
[[16 4]
 [4 8]]
[[20 4]
 [5 3]]
[[18 3]
 [7 4]]
[[16 7]
 [6 3]]
[[16 4]
 [8 4]]
[[19 2]
 [9 2]]
[[18 5]
 [7 2]]
[[17 5]
 [6 4]]
[[18 6]
 [6 2]]
[[20 3]
 [6 3]]
[[20 6]
 [5 1]]
[[20 2]
 [4 6]]
[[20 4]
 [3 5]]
[[20 3]
 [7 2]]
[[19 4]
 [6 3]]
[[18 6]
 [8 0]]
[[18 5]
 [7 2]]
Epoch 20/40
270/270 - 155s - loss: 0.6469 - accuracy: 0.7373 - precision: 0.4948 - recall: 0.6869 - gen_confusion_matrix: 3.9963 - val_loss: 0.6627 - val_accuracy: 0.6744 - val_precision: 0.3954 - val_recall: 0.3514 - val_gen_confusion_matrix: 7.9265
[[15 6]
 [5 6]]
[[20 6]
 [2 4]]
[[24 4]
 [4 0]]
[[19 5]
 [4 4]]
[[18 1]
 [8 5]]
[[21 5]
 [3 3]]
[[24 4]
 [1 3]]
[[15 5]
 [4 8]]
[[18 3]
 [5 6]]
[[16 6]
 [8 2]]
[[19 6]
 [5 2]]
[[19 6]
 [3 4]]
[[17 5]
 [9 1]]
[[17 3]
 [7 5]]
[[16 8]
 [5 3]]
[[19 6]
 [4 3]]
[[21 7]
 [4 0]]
[[17 5]
 [8 2]]
[[17 5]
 [9 1]]
[[17 7]
 [8 0]]
[[19 3]
 [5 5]]
[[15 6]
 [8 3]]
[[17 8]
 [5 2]]
[[15 5]
 [6 6]]
[[14 3]
 [6 9]]
[[19 4]
 [7 2]]
[[15 6]
 [8 3]]
[[20 6]
 [3 3]]
[[16 10]
 [1 5]]
[[23 5]
 [1 3]]
[[13 5]
 [9 5]]
[[21 4]
 [6 1]]
[[17 6]
 [6 3]]
Epoch 21/40
270/270 - 160s - loss: 0.6467 - accuracy: 0.7363 - precision: 0.4934 - recall: 0.6735 - gen_confusion_matrix: 3.9963 - val_loss: 0.6665 - val_accuracy: 0.6670 - val_precision: 0.3925 - val_recall: 0.3885 - val_gen_confusion_matrix: 7.9265
[[20 2]
 [9 1]]
[[16 4]
 [7 5]]
[[21 3]
 [6 2]]
[[18 8]
 [6 0]]
[[18 5]
 [7 2]]
[[16 5]
 [7 4]]
[[22 3]
 [4 3]]
[[19 4]
 [3 6]]
[[24 2]
 [2 4]]
[[22 3]
 [2 5]]
[[17 4]
 [9 2]]
[[20 5]
 [4 3]]
[[22 4]
 [3 3]]
[[21 3]
 [8 0]]
[[22 3]
 [5 2]]
[[19 5]
 [6 2]]
[[21 3]
 [6 2]]
[[16 4]
 [7 5]]
[[16 5]
 [6 5]]
[[20 4]
 [6 2]]
[[20 3]
 [6 3]]
[[23 1]
 [5 3]]
[[21 5]
 [4 2]]
[[17 0]
 [10 5]]
[[18 3]
 [7 4]]
[[21 6]
 [3 2]]
[[15 7]
 [8 2]]
[[18 3]
 [10 1]]
[[16 8]
 [4 4]]
[[12 6]
 [10 4]]
[[24 4]
 [4 0]]
[[22 2]
 [7 1]]
[[22 4]
 [3 3]]
Epoch 22/40
270/270 - 155s - loss: 0.6451 - accuracy: 0.7472 - precision: 0.5087 - recall: 0.7066 - gen_confusion_matrix: 3.9963 - val_loss: 0.6610 - val_accuracy: 0.6911 - val_precision: 0.4213 - val_recall: 0.3345 - val_gen_confusion_matrix: 7.9265
[[20 2]
 [7 3]]
[[12 5]
 [9 6]]
[[18 8]
 [5 1]]
[[12 8]
 [8 4]]
[[22 1]
 [2 7]]
[[20 6]
 [5 1]]
[[12 4]
 [10 6]]
[[19 1]
 [8 4]]
[[23 4]
 [3 2]]
[[19 6]
 [3 4]]
[[22 2]
 [4 4]]
[[16 6]
 [8 2]]
[[17 4]
 [7 4]]
[[18 9]
 [4 1]]
[[20 4]
 [4 4]]
[[17 9]
 [3 3]]
[[20 2]
 [6 4]]
[[19 8]
 [4 1]]
[[19 5]
 [5 3]]
[[14 9]
 [4 5]]
[[10 10]
 [7 5]]
[[22 4]
 [4 2]]
[[19 8]
 [5 0]]
[[22 5]
 [4 1]]
[[20 4]
 [3 5]]
[[19 3]
 [6 4]]
[[16 5]
 [6 5]]
[[16 6]
 [3 7]]
[[18 2]
 [10 2]]
[[17 5]
 [6 4]]
[[16 5]
 [7 4]]
[[17 8]
 [1 6]]
[[21 6]
 [3 2]]

Epoch 00022: ReduceLROnPlateau reducing learning rate to 3.164062582072802e-05.
Epoch 23/40
270/270 - 156s - loss: 0.6444 - accuracy: 0.7521 - precision: 0.5155 - recall: 0.7147 - gen_confusion_matrix: 3.9963 - val_loss: 0.6656 - val_accuracy: 0.6698 - val_precision: 0.3986 - val_recall: 0.3986 - val_gen_confusion_matrix: 7.9265
Epoch 00023: early stopping

 See logs at ../../cache/conv___05_1621___all_sw_coch_preprocessed_v2_param_v29_augm_v0_cleaned_8000___mixednet_Dense64___2094/logs/