Category:  coch
Dataset:  all_sw_coch_preprocessed_v2_param_v29_augm_v0_cleaned_8000.pkl
File:  conv.train2095
Description:  redo
2021-05-02 20:28:01.733344: I tensorflow/stream_executor/platform/default/dso_loader.cc:49] Successfully opened dynamic library libcudart.so.11.0
2021-05-02 20:28:03.576660: I tensorflow/compiler/jit/xla_cpu_device.cc:41] Not creating XLA devices, tf_xla_enable_xla_devices not set
2021-05-02 20:28:03.577547: I tensorflow/stream_executor/platform/default/dso_loader.cc:49] Successfully opened dynamic library libcuda.so.1
2021-05-02 20:28:03.622377: I tensorflow/stream_executor/cuda/cuda_gpu_executor.cc:941] successful NUMA node read from SysFS had negative value (-1), but there must be at least one NUMA node, so returning NUMA node zero
2021-05-02 20:28:03.623047: I tensorflow/core/common_runtime/gpu/gpu_device.cc:1720] Found device 0 with properties: 
pciBusID: 0000:00:04.0 name: Tesla T4 computeCapability: 7.5
coreClock: 1.59GHz coreCount: 40 deviceMemorySize: 14.75GiB deviceMemoryBandwidth: 298.08GiB/s
2021-05-02 20:28:03.623073: I tensorflow/stream_executor/platform/default/dso_loader.cc:49] Successfully opened dynamic library libcudart.so.11.0
2021-05-02 20:28:03.626337: I tensorflow/stream_executor/platform/default/dso_loader.cc:49] Successfully opened dynamic library libcublas.so.11
2021-05-02 20:28:03.626401: I tensorflow/stream_executor/platform/default/dso_loader.cc:49] Successfully opened dynamic library libcublasLt.so.11
2021-05-02 20:28:03.627432: I tensorflow/stream_executor/platform/default/dso_loader.cc:49] Successfully opened dynamic library libcufft.so.10
2021-05-02 20:28:03.627690: I tensorflow/stream_executor/platform/default/dso_loader.cc:49] Successfully opened dynamic library libcurand.so.10
2021-05-02 20:28:03.628658: I tensorflow/stream_executor/platform/default/dso_loader.cc:49] Successfully opened dynamic library libcusolver.so.10
2021-05-02 20:28:03.629513: I tensorflow/stream_executor/platform/default/dso_loader.cc:49] Successfully opened dynamic library libcusparse.so.11
2021-05-02 20:28:03.629656: I tensorflow/stream_executor/platform/default/dso_loader.cc:49] Successfully opened dynamic library libcudnn.so.8
2021-05-02 20:28:03.629767: I tensorflow/stream_executor/cuda/cuda_gpu_executor.cc:941] successful NUMA node read from SysFS had negative value (-1), but there must be at least one NUMA node, so returning NUMA node zero
2021-05-02 20:28:03.630498: I tensorflow/stream_executor/cuda/cuda_gpu_executor.cc:941] successful NUMA node read from SysFS had negative value (-1), but there must be at least one NUMA node, so returning NUMA node zero
2021-05-02 20:28:03.631168: I tensorflow/core/common_runtime/gpu/gpu_device.cc:1862] Adding visible gpu devices: 0
2021-05-02 20:28:03.632997: I tensorflow/compiler/jit/xla_gpu_device.cc:99] Not creating XLA devices, tf_xla_enable_xla_devices not set
2021-05-02 20:28:03.633124: I tensorflow/stream_executor/cuda/cuda_gpu_executor.cc:941] successful NUMA node read from SysFS had negative value (-1), but there must be at least one NUMA node, so returning NUMA node zero
2021-05-02 20:28:03.633757: I tensorflow/core/common_runtime/gpu/gpu_device.cc:1720] Found device 0 with properties: 
pciBusID: 0000:00:04.0 name: Tesla T4 computeCapability: 7.5
coreClock: 1.59GHz coreCount: 40 deviceMemorySize: 14.75GiB deviceMemoryBandwidth: 298.08GiB/s
2021-05-02 20:28:03.633781: I tensorflow/stream_executor/platform/default/dso_loader.cc:49] Successfully opened dynamic library libcudart.so.11.0
2021-05-02 20:28:03.633809: I tensorflow/stream_executor/platform/default/dso_loader.cc:49] Successfully opened dynamic library libcublas.so.11
2021-05-02 20:28:03.633825: I tensorflow/stream_executor/platform/default/dso_loader.cc:49] Successfully opened dynamic library libcublasLt.so.11
2021-05-02 20:28:03.633860: I tensorflow/stream_executor/platform/default/dso_loader.cc:49] Successfully opened dynamic library libcufft.so.10
2021-05-02 20:28:03.633888: I tensorflow/stream_executor/platform/default/dso_loader.cc:49] Successfully opened dynamic library libcurand.so.10
2021-05-02 20:28:03.633922: I tensorflow/stream_executor/platform/default/dso_loader.cc:49] Successfully opened dynamic library libcusolver.so.10
2021-05-02 20:28:03.633939: I tensorflow/stream_executor/platform/default/dso_loader.cc:49] Successfully opened dynamic library libcusparse.so.11
2021-05-02 20:28:03.633954: I tensorflow/stream_executor/platform/default/dso_loader.cc:49] Successfully opened dynamic library libcudnn.so.8
2021-05-02 20:28:03.634018: I tensorflow/stream_executor/cuda/cuda_gpu_executor.cc:941] successful NUMA node read from SysFS had negative value (-1), but there must be at least one NUMA node, so returning NUMA node zero
2021-05-02 20:28:03.634673: I tensorflow/stream_executor/cuda/cuda_gpu_executor.cc:941] successful NUMA node read from SysFS had negative value (-1), but there must be at least one NUMA node, so returning NUMA node zero
2021-05-02 20:28:03.635281: I tensorflow/core/common_runtime/gpu/gpu_device.cc:1862] Adding visible gpu devices: 0
2021-05-02 20:28:03.635315: I tensorflow/stream_executor/platform/default/dso_loader.cc:49] Successfully opened dynamic library libcudart.so.11.0
2021-05-02 20:28:04.299034: I tensorflow/core/common_runtime/gpu/gpu_device.cc:1261] Device interconnect StreamExecutor with strength 1 edge matrix:
2021-05-02 20:28:04.299078: I tensorflow/core/common_runtime/gpu/gpu_device.cc:1267]      0 
2021-05-02 20:28:04.299087: I tensorflow/core/common_runtime/gpu/gpu_device.cc:1280] 0:   N 
2021-05-02 20:28:04.299337: I tensorflow/stream_executor/cuda/cuda_gpu_executor.cc:941] successful NUMA node read from SysFS had negative value (-1), but there must be at least one NUMA node, so returning NUMA node zero
2021-05-02 20:28:04.300086: I tensorflow/stream_executor/cuda/cuda_gpu_executor.cc:941] successful NUMA node read from SysFS had negative value (-1), but there must be at least one NUMA node, so returning NUMA node zero
2021-05-02 20:28:04.300791: I tensorflow/stream_executor/cuda/cuda_gpu_executor.cc:941] successful NUMA node read from SysFS had negative value (-1), but there must be at least one NUMA node, so returning NUMA node zero
2021-05-02 20:28:04.301446: I tensorflow/core/common_runtime/gpu/gpu_device.cc:1406] Created TensorFlow device (/job:localhost/replica:0/task:0/device:GPU:0 with 13968 MB memory) -> physical GPU (device: 0, name: Tesla T4, pci bus id: 0000:00:04.0, compute capability: 7.5)
2021-05-02 20:28:04.637879: I tensorflow/core/profiler/lib/profiler_session.cc:136] Profiler session initializing.
2021-05-02 20:28:04.637913: I tensorflow/core/profiler/lib/profiler_session.cc:155] Profiler session started.
2021-05-02 20:28:04.637946: I tensorflow/core/profiler/internal/gpu/cupti_tracer.cc:1365] Profiler found 1 GPUs
2021-05-02 20:28:04.638115: W tensorflow/stream_executor/platform/default/dso_loader.cc:60] Could not load dynamic library 'libcupti.so.11.0'; dlerror: libcupti.so.11.0: cannot open shared object file: No such file or directory; LD_LIBRARY_PATH: /usr/local/cuda-11.2/lib64
2021-05-02 20:28:04.638852: I tensorflow/stream_executor/platform/default/dso_loader.cc:49] Successfully opened dynamic library libcupti.so
2021-05-02 20:28:04.823401: I tensorflow/core/profiler/lib/profiler_session.cc:172] Profiler session tear down.
2021-05-02 20:28:04.827748: I tensorflow/core/profiler/internal/gpu/cupti_tracer.cc:1487] CUPTI activity buffer flushed
Tensorflow Version: 2.4.0
Num GPUs Available:  1
-----------------------
Using module located at /main/models/conv/train2095.py
Using train_file located at ../../data/datasets/all_sw_coch_preprocessed_v2_param_v29_augm_v0_cleaned_8000.pkl
Using logs_path located at ../../cache/conv___05_2027___all_sw_coch_preprocessed_v2_param_v29_augm_v0_cleaned_8000___redo___2095/logs/
-----------------------
Collecting Variables...
Model Parameters: {'N_CLASSES': 1, 'SR': 8000, 'BATCH_SIZE': 16, 'LR': 0.0001, 'SHAPE': (128, 1250, 3), 'WEIGHT_DECAY': 0.001, 'LL2_REG': 0, 'EPSILON': 1e-07, 'LABEL_SMOOTHING': 0.4}
Learning Rate Parameters: {'factor': 0.75, 'patience': 4, 'min_lr': 1e-08}
Early Stopping Patience and Delta: 20, 1.0%
-----------------------
Size of training set: 4316
Size of validation set: 1078
Initializing weights...
weights = {0: 0.6776381909547738, 1: 1.9073550212164074}
Model: "conv2d"
__________________________________________________________________________________________________
Layer (type)                    Output Shape         Param #     Connected to                     
==================================================================================================
input_1 (InputLayer)            [(None, 128, 1250, 3 0                                            
__________________________________________________________________________________________________
batch_normalization (BatchNorma (None, 128, 1250, 3) 12          input_1[0][0]                    
__________________________________________________________________________________________________
conv2d (Conv2D)                 (None, 128, 1250, 16 64          batch_normalization[0][0]        
__________________________________________________________________________________________________
conv2d_2 (Conv2D)               (None, 128, 1250, 16 64          batch_normalization[0][0]        
__________________________________________________________________________________________________
max_pooling2d (MaxPooling2D)    (None, 128, 1250, 3) 0           batch_normalization[0][0]        
__________________________________________________________________________________________________
conv2d_1 (Conv2D)               (None, 128, 1250, 16 2320        conv2d[0][0]                     
__________________________________________________________________________________________________
conv2d_3 (Conv2D)               (None, 128, 1250, 16 6416        conv2d_2[0][0]                   
__________________________________________________________________________________________________
conv2d_4 (Conv2D)               (None, 128, 1250, 16 64          max_pooling2d[0][0]              
__________________________________________________________________________________________________
concatenate (Concatenate)       (None, 128, 1250, 48 0           conv2d_1[0][0]                   
                                                                 conv2d_3[0][0]                   
                                                                 conv2d_4[0][0]                   
__________________________________________________________________________________________________
average_pooling2d (AveragePooli (None, 64, 625, 48)  0           concatenate[0][0]                
__________________________________________________________________________________________________
batch_normalization_1 (BatchNor (None, 64, 625, 48)  192         average_pooling2d[0][0]          
__________________________________________________________________________________________________
dropout (Dropout)               (None, 64, 625, 48)  0           batch_normalization_1[0][0]      
__________________________________________________________________________________________________
inverted_residual (InvertedResi (None, 64, 625, 32)  35840       dropout[0][0]                    
__________________________________________________________________________________________________
inverted_residual_1 (InvertedRe (None, 64, 625, 32)  20864       inverted_residual[0][0]          
__________________________________________________________________________________________________
average_pooling2d_1 (AveragePoo (None, 32, 312, 32)  0           inverted_residual_1[0][0]        
__________________________________________________________________________________________________
batch_normalization_2 (BatchNor (None, 32, 312, 32)  128         average_pooling2d_1[0][0]        
__________________________________________________________________________________________________
dropout_1 (Dropout)             (None, 32, 312, 32)  0           batch_normalization_2[0][0]      
__________________________________________________________________________________________________
inverted_residual_2 (InvertedRe (None, 32, 312, 64)  27136       dropout_1[0][0]                  
__________________________________________________________________________________________________
inverted_residual_3 (InvertedRe (None, 32, 312, 64)  66304       inverted_residual_2[0][0]        
__________________________________________________________________________________________________
average_pooling2d_2 (AveragePoo (None, 16, 156, 64)  0           inverted_residual_3[0][0]        
__________________________________________________________________________________________________
batch_normalization_3 (BatchNor (None, 16, 156, 64)  256         average_pooling2d_2[0][0]        
__________________________________________________________________________________________________
dropout_2 (Dropout)             (None, 16, 156, 64)  0           batch_normalization_3[0][0]      
__________________________________________________________________________________________________
inverted_residual_4 (InvertedRe (None, 16, 156, 128) 91136       dropout_2[0][0]                  
__________________________________________________________________________________________________
inverted_residual_5 (InvertedRe (None, 16, 156, 128) 230912      inverted_residual_4[0][0]        
__________________________________________________________________________________________________
average_pooling2d_3 (AveragePoo (None, 8, 78, 128)   0           inverted_residual_5[0][0]        
__________________________________________________________________________________________________
batch_normalization_4 (BatchNor (None, 8, 78, 128)   512         average_pooling2d_3[0][0]        
__________________________________________________________________________________________________
dropout_3 (Dropout)             (None, 8, 78, 128)   0           batch_normalization_4[0][0]      
__________________________________________________________________________________________________
inverted_residual_6 (InvertedRe (None, 8, 78, 256)   329728      dropout_3[0][0]                  
__________________________________________________________________________________________________
inverted_residual_7 (InvertedRe (None, 8, 78, 256)   855040      inverted_residual_6[0][0]        
__________________________________________________________________________________________________
average_pooling2d_4 (AveragePoo (None, 4, 39, 256)   0           inverted_residual_7[0][0]        
__________________________________________________________________________________________________
batch_normalization_5 (BatchNor (None, 4, 39, 256)   1024        average_pooling2d_4[0][0]        
__________________________________________________________________________________________________
dropout_4 (Dropout)             (None, 4, 39, 256)   0           batch_normalization_5[0][0]      
__________________________________________________________________________________________________
mix_depth_group_convolution2d ( (None, 4, 39, 256)   6894        dropout_4[0][0]                  
__________________________________________________________________________________________________
global_average_pooling2d (Globa (None, 256)          0           mix_depth_group_convolution2d[0][
__________________________________________________________________________________________________
dense (Dense)                   (None, 1)            257         global_average_pooling2d[0][0]   2021-05-02 20:28:05.752938: I tensorflow/compiler/mlir/mlir_graph_optimization_pass.cc:116] None of the MLIR optimization passes are enabled (registered 2)
2021-05-02 20:28:05.754361: I tensorflow/core/platform/profile_utils/cpu_utils.cc:112] CPU Frequency: 2299995000 Hz
2021-05-02 20:28:08.943325: I tensorflow/stream_executor/platform/default/dso_loader.cc:49] Successfully opened dynamic library libcublas.so.11
2021-05-02 20:28:09.498108: I tensorflow/stream_executor/platform/default/dso_loader.cc:49] Successfully opened dynamic library libcublasLt.so.11
2021-05-02 20:28:09.512178: I tensorflow/stream_executor/platform/default/dso_loader.cc:49] Successfully opened dynamic library libcudnn.so.8
2021-05-02 20:28:17.431910: I tensorflow/core/profiler/lib/profiler_session.cc:136] Profiler session initializing.
2021-05-02 20:28:17.431952: I tensorflow/core/profiler/lib/profiler_session.cc:155] Profiler session started.
2021-05-02 20:28:19.867373: I tensorflow/core/profiler/lib/profiler_session.cc:71] Profiler session collecting data.
2021-05-02 20:28:19.871042: I tensorflow/core/profiler/internal/gpu/cupti_tracer.cc:1487] CUPTI activity buffer flushed
2021-05-02 20:28:19.908886: I tensorflow/core/profiler/internal/gpu/cupti_collector.cc:228]  GpuTracer has collected 2117 callback api events and 2113 activity events. 
2021-05-02 20:28:19.947660: I tensorflow/core/profiler/lib/profiler_session.cc:172] Profiler session tear down.
[[21 0]
 [11 0]]
[[18 0]
 [14 0]]
[[23 0]
 [9 0]]
[[24 0]
 [8 0]]
[[25 0]
 [7 0]]
[[25 0]
 [7 0]]
[[26 0]
 [6 0]]
[[20 0]
 [12 0]]
[[21 0]
 [11 0]]
[[22 0]
 [10 0]]
[[25 0]
 [7 0]]
[[25 0]
 [7 0]]
[[26 0]
 [6 0]]
[[22 0]
 [10 0]]
[[25 0]
 [7 0]]
[[27 0]
 [5 0]]
[[25 0]
 [7 0]]
[[22 0]
 [10 0]]
[[29 0]
 [3 0]]
[[21 0]
 [11 0]]
[[25 0]
 [7 0]]
[[26 0]
 [6 0]]
[[24 0]
 [8 0]]
[[23 0]
 [9 0]]
[[26 0]
 [6 0]]
[[18 0]
 [14 0]]
[[22 0]
 [10 0]]
[[23 0]
 [9 0]]
[[26 0]
 [6 0]]
[[23 0]
 [9 0]]
[[20 0]
 [12 0]]
[[24 0]
 [8 0]]
[[18 0]
 [14 0]]

==================================================================================================
Total params: 1,675,163
Trainable params: 1,654,133
Non-trainable params: 21,030
__________________________________________________________________________________________________
Epoch 1/30
270/270 - 538s - loss: 0.6890 - accuracy: 0.5612 - precision: 0.2936 - recall: 0.4937 - gen_confusion_matrix: 3.9963 - val_loss: 0.6914 - val_accuracy: 0.7254 - val_precision: 0.0000e+00 - val_recall: 0.0000e+00 - val_gen_confusion_matrix: 7.9265
[[23 0]
 [9 0]]
[[21 0]
 [11 0]]
[[23 0]
 [9 0]]
[[23 0]
 [9 0]]
[[23 0]
 [9 0]]
[[21 0]
 [11 0]]
[[28 0]
 [4 0]]
[[26 0]
 [6 0]]
[[23 0]
 [9 0]]
[[23 0]
 [9 0]]
[[26 0]
 [6 0]]
[[26 0]
 [6 0]]
[[23 0]
 [9 0]]
[[25 0]
 [7 0]]
[[26 0]
 [6 0]]
[[21 0]
 [11 0]]
[[25 0]
 [7 0]]
[[26 0]
 [6 0]]
[[21 0]
 [11 0]]
[[27 0]
 [5 0]]
[[20 0]
 [12 0]]
[[22 0]
 [10 0]]
[[20 0]
 [12 0]]
[[23 0]
 [9 0]]
[[26 0]
 [6 0]]
[[25 0]
 [7 0]]
[[23 0]
 [9 0]]
[[21 0]
 [11 0]]
[[20 0]
 [12 0]]
[[22 0]
 [10 0]]
[[19 0]
 [13 0]]
[[23 0]
 [9 0]]
[[23 0]
 [9 0]]
Epoch 2/30
270/270 - 520s - loss: 0.6860 - accuracy: 0.5836 - precision: 0.3150 - recall: 0.5170 - gen_confusion_matrix: 3.9963 - val_loss: 0.6746 - val_accuracy: 0.7254 - val_precision: 0.0000e+00 - val_recall: 0.0000e+00 - val_gen_confusion_matrix: 7.9265
[[20 0]
 [12 0]]
[[24 0]
 [8 0]]
[[26 0]
 [6 0]]
[[21 0]
 [11 0]]
[[25 1]
 [6 0]]
[[27 0]
 [5 0]]
[[25 0]
 [7 0]]
[[26 0]
 [6 0]]
[[21 0]
 [11 0]]
[[24 0]
 [8 0]]
[[18 0]
 [14 0]]
[[21 0]
 [11 0]]
[[26 0]
 [6 0]]
[[23 0]
 [8 1]]
[[19 1]
 [12 0]]
[[24 0]
 [8 0]]
[[23 0]
 [9 0]]
[[25 0]
 [7 0]]
[[26 0]
 [5 1]]
[[22 0]
 [10 0]]
[[23 0]
 [8 1]]
[[24 0]
 [8 0]]
[[23 0]
 [9 0]]
[[21 0]
 [11 0]]
[[20 0]
 [12 0]]
[[23 0]
 [9 0]]
[[23 0]
 [9 0]]
[[23 0]
 [9 0]]
[[22 0]
 [10 0]]
[[21 0]
 [11 0]]
[[22 0]
 [9 1]]
[[23 0]
 [9 0]]
[[28 0]
 [4 0]]
Epoch 3/30
270/270 - 520s - loss: 0.6822 - accuracy: 0.5776 - precision: 0.3226 - recall: 0.5733 - gen_confusion_matrix: 3.9963 - val_loss: 0.6530 - val_accuracy: 0.7273 - val_precision: 0.6667 - val_recall: 0.0135 - val_gen_confusion_matrix: 7.9265
[[22 1]
 [9 0]]
[[24 1]
 [7 0]]
[[20 3]
 [9 0]]
[[21 2]
 [6 3]]
[[18 1]
 [13 0]]
[[21 0]
 [10 1]]
[[19 0]
 [13 0]]
[[25 2]
 [5 0]]
[[25 0]
 [6 1]]
[[24 0]
 [8 0]]
[[25 0]
 [7 0]]
[[22 0]
 [10 0]]
[[20 0]
 [12 0]]
[[25 0]
 [7 0]]
[[16 0]
 [14 2]]
[[26 1]
 [4 1]]
[[23 0]
 [9 0]]
[[25 1]
 [6 0]]
[[25 0]
 [7 0]]
[[25 0]
 [5 2]]
[[26 1]
 [5 0]]
[[23 0]
 [9 0]]
[[24 1]
 [5 2]]
[[25 1]
 [6 0]]
[[23 0]
 [9 0]]
[[16 0]
 [15 1]]
[[21 0]
 [9 2]]
[[23 0]
 [7 2]]
[[24 0]
 [8 0]]
[[24 0]
 [8 0]]
[[25 0]
 [7 0]]
[[23 1]
 [8 0]]
[[21 1]
 [9 1]]
Epoch 4/30
270/270 - 518s - loss: 0.6794 - accuracy: 0.5978 - precision: 0.3436 - recall: 0.6073 - gen_confusion_matrix: 3.9963 - val_loss: 0.6566 - val_accuracy: 0.7254 - val_precision: 0.5000 - val_recall: 0.0608 - val_gen_confusion_matrix: 7.9265
[[23 3]
 [5 1]]
[[27 1]
 [2 2]]
[[18 3]
 [10 1]]
[[22 3]
 [6 1]]
[[27 2]
 [3 0]]
[[20 2]
 [10 0]]
[[20 2]
 [10 0]]
[[24 5]
 [2 1]]
[[22 1]
 [7 2]]
[[22 3]
 [6 1]]
[[22 2]
 [5 3]]
[[17 4]
 [8 3]]
[[18 1]
 [9 4]]
[[19 3]
 [10 0]]
[[16 5]
 [10 1]]
[[27 0]
 [4 1]]
[[18 2]
 [11 1]]
[[17 3]
 [10 2]]
[[21 1]
 [10 0]]
[[20 0]
 [7 5]]
[[22 3]
 [5 2]]
[[21 2]
 [7 2]]
[[20 4]
 [6 2]]
[[12 4]
 [13 3]]
[[20 3]
 [8 1]]
[[25 2]
 [5 0]]
[[25 3]
 [4 0]]
[[20 1]
 [8 3]]
[[24 2]
 [6 0]]
[[18 2]
 [9 3]]
[[20 1]
 [9 2]]
[[21 1]
 [9 1]]
[[25 0]
 [7 0]]
Epoch 5/30
270/270 - 520s - loss: 0.6771 - accuracy: 0.5980 - precision: 0.3455 - recall: 0.6172 - gen_confusion_matrix: 3.9963 - val_loss: 0.6624 - val_accuracy: 0.7022 - val_precision: 0.4000 - val_recall: 0.1689 - val_gen_confusion_matrix: 7.9265
[[21 3]
 [8 0]]
[[20 8]
 [1 3]]
[[18 1]
 [10 3]]
[[16 5]
 [10 1]]
[[21 6]
 [5 0]]
[[23 2]
 [5 2]]
[[20 2]
 [10 0]]
[[23 3]
 [4 2]]
[[18 2]
 [9 3]]
[[19 3]
 [8 2]]
[[19 4]
 [7 2]]
[[19 3]
 [9 1]]
[[15 6]
 [7 4]]
[[20 3]
 [6 3]]
[[25 2]
 [5 0]]
[[20 4]
 [7 1]]
[[23 5]
 [3 1]]
[[19 6]
 [5 2]]
[[20 1]
 [11 0]]
[[22 1]
 [8 1]]
[[21 2]
 [7 2]]
[[23 3]
 [5 1]]
[[20 9]
 [2 1]]
[[20 3]
 [7 2]]
[[16 1]
 [13 2]]
[[20 5]
 [6 1]]
[[20 1]
 [10 1]]
[[20 3]
 [7 2]]
[[15 2]
 [9 6]]
[[20 4]
 [7 1]]
[[20 0]
 [10 2]]
[[19 2]
 [6 5]]
[[22 3]
 [7 0]]
Epoch 6/30
270/270 - 520s - loss: 0.6730 - accuracy: 0.6462 - precision: 0.3801 - recall: 0.5796 - gen_confusion_matrix: 3.9963 - val_loss: 0.6639 - val_accuracy: 0.6753 - val_precision: 0.3393 - val_recall: 0.1926 - val_gen_confusion_matrix: 7.9265
[[25 3]
 [1 3]]
[[13 5]
 [7 7]]
[[16 6]
 [5 5]]
[[15 8]
 [4 5]]
[[18 7]
 [6 1]]
[[17 2]
 [5 8]]
[[21 7]
 [4 0]]
[[11 7]
 [8 6]]
[[18 6]
 [4 4]]
[[20 4]
 [3 5]]
[[18 5]
 [3 6]]
[[14 6]
 [5 7]]
[[15 7]
 [5 5]]
[[21 9]
 [1 1]]
[[17 4]
 [10 1]]
[[19 5]
 [5 3]]
[[13 11]
 [4 4]]
[[16 8]
 [4 4]]
[[18 6]
 [5 3]]
[[15 7]
 [8 2]]
[[18 8]
 [3 3]]
[[15 9]
 [7 1]]
[[15 7]
 [7 3]]
[[13 4]
 [9 6]]
[[19 4]
 [6 3]]
[[17 4]
 [9 2]]
[[17 6]
 [4 5]]
[[19 9]
 [2 2]]
[[16 6]
 [7 3]]
[[18 7]
 [5 2]]
[[18 6]
 [3 5]]
[[16 12]
 [1 3]]
[[12 11]
 [7 2]]
Epoch 7/30
270/270 - 519s - loss: 0.6713 - accuracy: 0.6316 - precision: 0.3723 - recall: 0.6154 - gen_confusion_matrix: 3.9963 - val_loss: 0.6724 - val_accuracy: 0.6391 - val_precision: 0.3636 - val_recall: 0.4189 - val_gen_confusion_matrix: 7.9265
[[17 4]
 [8 3]]
[[21 2]
 [9 0]]
[[17 2]
 [10 3]]
[[21 2]
 [7 2]]
[[16 3]
 [12 1]]
[[19 2]
 [8 3]]
[[23 1]
 [8 0]]
[[21 2]
 [8 1]]
[[22 0]
 [7 3]]
[[19 2]
 [9 2]]
[[24 1]
 [6 1]]
[[26 1]
 [5 0]]
[[19 4]
 [7 2]]
[[26 1]
 [5 0]]
[[21 2]
 [8 1]]
[[19 4]
 [6 3]]
[[21 3]
 [6 2]]
[[23 2]
 [6 1]]
[[17 1]
 [9 5]]
[[22 1]
 [8 1]]
[[21 1]
 [8 2]]
[[19 3]
 [9 1]]
[[26 2]
 [4 0]]
[[19 1]
 [11 1]]
[[25 0]
 [7 0]]
[[23 0]
 [8 1]]
[[25 1]
 [4 2]]
[[20 2]
 [8 2]]
[[27 2]
 [3 0]]
[[19 5]
 [7 1]]
[[22 2]
 [6 2]]
[[22 0]
 [10 0]]
[[24 1]
 [6 1]]

Epoch 00007: ReduceLROnPlateau reducing learning rate to 7.499999810534064e-05.
Epoch 8/30
270/270 - 518s - loss: 0.6675 - accuracy: 0.6416 - precision: 0.3849 - recall: 0.6413 - gen_confusion_matrix: 3.9963 - val_loss: 0.6691 - val_accuracy: 0.7152 - val_precision: 0.4495 - val_recall: 0.1655 - val_gen_confusion_matrix: 7.9265
[[10 14]
 [1 7]]
[[10 15]
 [2 5]]
[[8 17]
 [2 5]]
[[5 17]
 [5 5]]
[[9 14]
 [4 5]]
[[7 20]
 [0 5]]
[[12 14]
 [0 6]]
[[6 20]
 [1 5]]
[[9 12]
 [4 7]]
[[8 17]
 [2 5]]
[[10 10]
 [0 12]]
[[5 18]
 [1 8]]
[[6 15]
 [0 11]]
[[7 17]
 [2 6]]
[[11 12]
 [0 9]]
[[10 11]
 [3 8]]
[[10 14]
 [1 7]]
[[4 8]
 [6 14]]
[[9 13]
 [2 8]]
[[11 15]
 [1 5]]
[[7 11]
 [4 10]]
[[7 12]
 [4 9]]
[[9 16]
 [2 5]]
[[9 13]
 [2 8]]
[[4 19]
 [2 7]]
[[7 16]
 [4 5]]
[[10 15]
 [1 6]]
[[9 16]
 [1 6]]
[[10 13]
 [2 7]]
[[5 17]
 [3 7]]
[[9 18]
 [0 5]]
[[12 14]
 [1 5]]
[[9 18]
 [1 4]]
Epoch 9/30
270/270 - 520s - loss: 0.6645 - accuracy: 0.6689 - precision: 0.4092 - recall: 0.6270 - gen_confusion_matrix: 3.9963 - val_loss: 0.7704 - val_accuracy: 0.4722 - val_precision: 0.3143 - val_recall: 0.7804 - val_gen_confusion_matrix: 7.9265
[[6 14]
 [6 6]]
[[11 9]
 [9 3]]
[[18 9]
 [3 2]]
[[22 6]
 [1 3]]
[[16 9]
 [4 3]]
[[19 5]
 [2 6]]
[[16 10]
 [4 2]]
[[17 7]
 [1 7]]
[[15 8]
 [4 5]]
[[21 6]
 [1 4]]
[[18 5]
 [3 6]]
[[20 6]
 [2 4]]
[[14 6]
 [5 7]]
[[19 7]
 [4 2]]
[[16 7]
 [6 3]]
[[15 7]
 [3 7]]
[[12 8]
 [2 10]]
[[13 10]
 [7 2]]
[[17 6]
 [2 7]]
[[18 5]
 [4 5]]
[[13 11]
 [5 3]]
[[18 6]
 [3 5]]
[[15 6]
 [4 7]]
[[12 11]
 [4 5]]
[[14 4]
 [6 8]]
[[17 5]
 [6 4]]
[[16 4]
 [7 5]]
[[17 8]
 [3 4]]
[[17 7]
 [4 4]]
[[18 6]
 [3 5]]
[[13 9]
 [3 7]]
[[13 9]
 [6 4]]
[[15 8]
 [6 3]]
Epoch 10/30
270/270 - 520s - loss: 0.6626 - accuracy: 0.6717 - precision: 0.4117 - recall: 0.6234 - gen_confusion_matrix: 3.9963 - val_loss: 0.6857 - val_accuracy: 0.6447 - val_precision: 0.3936 - val_recall: 0.5439 - val_gen_confusion_matrix: 7.9265
[[8 15]
 [1 8]]
[[9 11]
 [2 10]]
[[10 17]
 [1 4]]
[[7 12]
 [3 10]]
[[11 9]
 [4 8]]
[[12 11]
 [6 3]]
[[12 11]
 [2 7]]
[[8 14]
 [1 9]]
[[12 12]
 [2 6]]
[[10 14]
 [3 5]]
[[10 17]
 [2 3]]
[[12 8]
 [7 5]]
[[11 15]
 [1 5]]
[[12 10]
 [3 7]]
[[10 15]
 [3 4]]
[[9 15]
 [1 7]]
[[10 12]
 [3 7]]
[[11 11]
 [3 7]]
[[7 14]
 [1 10]]
[[12 12]
 [1 7]]
[[12 11]
 [1 8]]
[[8 16]
 [2 6]]
[[8 12]
 [6 6]]
[[12 14]
 [2 4]]
[[10 15]
 [4 3]]
[[6 13]
 [4 9]]
[[10 10]
 [5 7]]
[[14 8]
 [1 9]]
[[9 12]
 [5 6]]
[[8 19]
 [0 5]]
[[9 17]
 [1 5]]
[[13 14]
 [2 3]]
[[12 15]
 [3 2]]
Epoch 11/30
270/270 - 522s - loss: 0.6581 - accuracy: 0.6872 - precision: 0.4314 - recall: 0.6521 - gen_confusion_matrix: 3.9963 - val_loss: 0.7951 - val_accuracy: 0.5111 - val_precision: 0.3209 - val_recall: 0.6993 - val_gen_confusion_matrix: 7.9265
[[16 11]
 [3 2]]
[[18 6]
 [4 4]]
[[15 6]
 [5 6]]
[[19 3]
 [6 4]]
[[17 5]
 [6 4]]
[[18 5]
 [6 3]]
[[20 6]
 [3 3]]
[[15 6]
 [6 5]]
[[17 9]
 [3 3]]
[[19 9]
 [2 2]]
[[16 7]
 [5 4]]
[[15 6]
 [2 9]]
[[20 7]
 [2 3]]
[[15 7]
 [6 4]]
[[16 4]
 [7 5]]
[[15 5]
 [4 8]]
[[13 6]
 [4 9]]
[[16 8]
 [6 2]]
[[15 6]
 [7 4]]
[[18 4]
 [5 5]]
[[16 4]
 [5 7]]
[[19 5]
 [5 3]]
[[16 8]
 [4 4]]
[[18 7]
 [4 3]]
[[18 6]
 [4 4]]
[[12 13]
 [3 4]]
[[13 8]
 [5 6]]
[[13 8]
 [2 9]]
[[19 7]
 [3 3]]
[[20 5]
 [3 4]]
[[17 7]
 [3 5]]
[[16 10]
 [3 3]]
[[16 8]
 [4 4]]

Epoch 00011: ReduceLROnPlateau reducing learning rate to 5.6249997214763425e-05.
Epoch 12/30
270/270 - 521s - loss: 0.6522 - accuracy: 0.6981 - precision: 0.4438 - recall: 0.6538 - gen_confusion_matrix: 3.9963 - val_loss: 0.6781 - val_accuracy: 0.6549 - val_precision: 0.4000 - val_recall: 0.5135 - val_gen_confusion_matrix: 7.9265
[[17 7]
 [4 4]]
[[13 7]
 [4 8]]
[[21 6]
 [2 3]]
[[13 12]
 [1 6]]
[[15 7]
 [4 6]]
[[13 7]
 [6 6]]
[[9 13]
 [4 6]]
[[15 11]
 [3 3]]
[[16 6]
 [4 6]]
[[20 7]
 [2 3]]
[[10 12]
 [3 7]]
[[17 10]
 [2 3]]
[[13 12]
 [5 2]]
[[14 5]
 [6 7]]
[[14 9]
 [4 5]]
[[18 11]
 [2 1]]
[[15 8]
 [4 5]]
[[8 10]
 [5 9]]
[[6 15]
 [3 8]]
[[13 13]
 [2 4]]
[[14 8]
 [1 9]]
[[9 11]
 [5 7]]
[[8 12]
 [5 7]]
[[12 12]
 [1 7]]
[[13 10]
 [2 7]]
[[15 10]
 [4 3]]
[[12 10]
 [7 3]]
[[15 6]
 [4 7]]
[[18 6]
 [4 4]]
[[18 9]
 [1 4]]
[[16 7]
 [4 5]]
[[13 8]
 [3 8]]
[[14 13]
 [1 4]]
Epoch 13/30
270/270 - 519s - loss: 0.6498 - accuracy: 0.7139 - precision: 0.4638 - recall: 0.6708 - gen_confusion_matrix: 3.9963 - val_loss: 0.7100 - val_accuracy: 0.5983 - val_precision: 0.3633 - val_recall: 0.6149 - val_gen_confusion_matrix: 7.9265
[[20 2]
 [8 2]]
[[20 3]
 [5 4]]
[[18 4]
 [6 4]]
[[20 4]
 [6 2]]
[[24 0]
 [4 4]]
[[19 4]
 [8 1]]
[[17 4]
 [8 3]]
[[16 6]
 [10 0]]
[[23 1]
 [3 5]]
[[18 6]
 [7 1]]
[[16 5]
 [11 0]]
[[16 3]
 [8 5]]
[[19 5]
 [4 4]]
[[20 4]
 [6 2]]
[[17 3]
 [10 2]]
[[19 2]
 [7 4]]
[[22 3]
 [3 4]]
[[15 4]
 [8 5]]
[[20 6]
 [4 2]]
[[20 2]
 [7 3]]
[[21 3]
 [6 2]]
[[22 5]
 [3 2]]
[[23 1]
 [6 2]]
[[23 2]
 [4 3]]
[[21 2]
 [8 1]]
[[16 4]
 [9 3]]
[[18 5]
 [6 3]]
[[23 1]
 [6 2]]
[[19 4]
 [4 5]]
[[24 3]
 [4 1]]
[[20 1]
 [11 0]]
[[24 3]
 [2 3]]
[[24 0]
 [5 3]]
Epoch 14/30
270/270 - 520s - loss: 0.6474 - accuracy: 0.7152 - precision: 0.4649 - recall: 0.6583 - gen_confusion_matrix: 3.9963 - val_loss: 0.6572 - val_accuracy: 0.7041 - val_precision: 0.4422 - val_recall: 0.2973 - val_gen_confusion_matrix: 7.9265
[[14 8]
 [3 7]]
[[13 9]
 [5 5]]
[[17 6]
 [3 6]]
[[18 8]
 [2 4]]
[[20 7]
 [4 1]]
[[18 6]
 [1 7]]
[[14 9]
 [2 7]]
[[18 7]
 [1 6]]
[[15 14]
 [1 2]]
[[12 8]
 [5 7]]
[[19 6]
 [2 5]]
[[17 8]
 [4 3]]
[[12 10]
 [4 6]]
[[15 8]
 [6 3]]
[[16 7]
 [4 5]]
[[15 7]
 [4 6]]
[[14 7]
 [8 3]]
[[13 8]
 [5 6]]
[[14 9]
 [1 8]]
[[13 9]
 [5 5]]
[[16 10]
 [2 4]]
[[6 13]
 [7 6]]
[[15 6]
 [5 6]]
[[12 10]
 [8 2]]
[[14 5]
 [7 6]]
[[15 7]
 [4 6]]
[[16 6]
 [7 3]]
[[16 4]
 [4 8]]
[[16 9]
 [0 7]]
[[15 10]
 [4 3]]
[[17 7]
 [1 7]]
[[20 7]
 [3 2]]
[[16 8]
 [5 3]]
Epoch 15/30
270/270 - 519s - loss: 0.6431 - accuracy: 0.7396 - precision: 0.4981 - recall: 0.6905 - gen_confusion_matrix: 3.9963 - val_loss: 0.6783 - val_accuracy: 0.6336 - val_precision: 0.3857 - val_recall: 0.5642 - val_gen_confusion_matrix: 7.9265
[[11 11]
 [6 4]]
[[11 11]
 [3 7]]
[[12 8]
 [1 11]]
[[15 9]
 [1 7]]
[[13 11]
 [1 7]]
[[9 15]
 [3 5]]
[[10 13]
 [0 9]]
[[8 12]
 [4 8]]
[[11 10]
 [1 10]]
[[12 14]
 [3 3]]
[[14 10]
 [4 4]]
[[9 14]
 [3 6]]
[[12 15]
 [0 5]]
[[14 10]
 [3 5]]
[[14 13]
 [4 1]]
[[12 12]
 [3 5]]
[[20 4]
 [3 5]]
[[14 8]
 [2 8]]
[[9 14]
 [3 6]]
[[15 9]
 [2 6]]
[[7 15]
 [0 10]]
[[13 12]
 [2 5]]
[[10 12]
 [4 6]]
[[8 13]
 [4 7]]
[[14 8]
 [1 9]]
[[10 10]
 [2 10]]
[[15 9]
 [1 7]]
[[14 12]
 [2 4]]
[[10 18]
 [0 4]]
[[14 8]
 [4 6]]
[[8 11]
 [3 10]]
[[11 13]
 [0 8]]
[[9 14]
 [2 7]]

Epoch 00015: ReduceLROnPlateau reducing learning rate to 4.218749927531462e-05.
Epoch 16/30
270/270 - 521s - loss: 0.6379 - accuracy: 0.7338 - precision: 0.4901 - recall: 0.6860 - gen_confusion_matrix: 3.9963 - val_loss: 0.7235 - val_accuracy: 0.5705 - val_precision: 0.3615 - val_recall: 0.7365 - val_gen_confusion_matrix: 7.9265
[[11 13]
 [1 7]]
[[15 12]
 [2 3]]
[[13 10]
 [3 6]]
[[12 10]
 [2 8]]
[[8 16]
 [2 6]]
[[16 12]
 [1 3]]
[[16 8]
 [0 8]]
[[13 10]
 [3 6]]
[[15 7]
 [5 5]]
[[7 21]
 [0 4]]
[[14 10]
 [3 5]]
[[20 8]
 [0 4]]
[[12 16]
 [1 3]]
[[11 11]
 [1 9]]
[[9 14]
 [2 7]]
[[19 7]
 [2 4]]
[[12 11]
 [3 6]]
[[8 9]
 [5 10]]
[[6 13]
 [5 8]]
[[11 9]
 [3 9]]
[[10 10]
 [2 10]]
[[10 11]
 [3 8]]
[[10 14]
 [3 5]]
[[10 11]
 [3 8]]
[[15 12]
 [0 5]]
[[13 11]
 [1 7]]
[[13 12]
 [2 5]]
[[12 6]
 [3 11]]
[[17 9]
 [3 3]]
[[9 12]
 [2 9]]
[[12 6]
 [5 9]]
[[9 15]
 [1 7]]
[[11 11]
 [1 9]]
Epoch 17/30
270/270 - 520s - loss: 0.6377 - accuracy: 0.7449 - precision: 0.5053 - recall: 0.7200 - gen_confusion_matrix: 3.9963 - val_loss: 0.7158 - val_accuracy: 0.5844 - val_precision: 0.3725 - val_recall: 0.7500 - val_gen_confusion_matrix: 7.9265
[[11 12]
 [2 7]]
[[13 6]
 [3 10]]
[[12 13]
 [1 6]]
[[16 7]
 [2 7]]
[[14 12]
 [2 4]]
[[14 8]
 [2 8]]
[[12 12]
 [1 7]]
[[13 10]
 [4 5]]
[[14 11]
 [2 5]]
[[11 11]
 [2 8]]
[[18 6]
 [2 6]]
[[12 9]
 [3 8]]
[[12 7]
 [5 8]]
[[9 17]
 [1 5]]
[[13 8]
 [3 8]]
[[16 6]
 [5 5]]
[[11 11]
 [0 10]]
[[11 12]
 [1 8]]
[[12 12]
 [3 5]]
[[11 11]
 [4 6]]
[[6 16]
 [2 8]]
[[13 15]
 [2 2]]
[[12 14]
 [3 3]]
[[10 14]
 [3 5]]
[[15 13]
 [2 2]]
[[12 13]
 [1 6]]
[[14 11]
 [3 4]]
[[11 12]
 [2 7]]
[[8 8]
 [4 12]]
[[18 5]
 [0 9]]
[[11 12]
 [3 6]]
[[4 19]
 [1 8]]
[[6 18]
 [3 5]]
Epoch 18/30
270/270 - 520s - loss: 0.6350 - accuracy: 0.7498 - precision: 0.5120 - recall: 0.7245 - gen_confusion_matrix: 3.9963 - val_loss: 0.7230 - val_accuracy: 0.5798 - val_precision: 0.3676 - val_recall: 0.7365 - val_gen_confusion_matrix: 7.9265
[[4 18]
 [0 10]]
[[4 20]
 [0 8]]
[[7 11]
 [1 13]]
[[4 21]
 [0 7]]
[[6 18]
 [0 8]]
[[8 17]
 [0 7]]
[[5 15]
 [0 12]]
[[6 20]
 [0 6]]
[[1 19]
 [3 9]]
[[5 16]
 [3 8]]
[[3 14]
 [0 15]]
[[5 20]
 [1 6]]
[[4 20]
 [2 6]]
[[10 14]
 [0 8]]
[[7 16]
 [0 9]]
[[8 15]
 [1 8]]
[[3 19]
 [0 10]]
[[2 22]
 [1 7]]
[[5 20]
 [0 7]]
[[7 17]
 [0 8]]
[[6 17]
 [1 8]]
[[4 21]
 [0 7]]
[[2 25]
 [0 5]]
[[6 16]
 [0 10]]
[[4 19]
 [0 9]]
[[5 20]
 [0 7]]
[[6 20]
 [0 6]]
[[7 17]
 [0 8]]
[[3 23]
 [0 6]]
[[3 24]
 [0 5]]
[[3 20]
 [1 8]]
[[4 13]
 [2 13]]
[[6 17]
 [1 8]]
Epoch 19/30
270/270 - 519s - loss: 0.6322 - accuracy: 0.7641 - precision: 0.5325 - recall: 0.7326 - gen_confusion_matrix: 3.9963 - val_loss: 0.9365 - val_accuracy: 0.4119 - val_precision: 0.3110 - val_recall: 0.9392 - val_gen_confusion_matrix: 7.9265
[[5 15]
 [0 12]]
[[3 25]
 [0 4]]
[[10 12]
 [1 9]]
[[5 16]
 [0 11]]
[[5 17]
 [0 10]]
[[3 19]
 [1 9]]
[[6 19]
 [0 7]]
[[3 18]
 [2 9]]
[[7 20]
 [0 5]]
[[8 20]
 [0 4]]
[[6 21]
 [0 5]]
[[7 13]
 [0 12]]
[[7 15]
 [1 9]]
[[9 18]
 [0 5]]
[[5 20]
 [0 7]]
[[5 16]
 [0 11]]
[[6 14]
 [1 11]]
[[2 22]
 [0 8]]
[[6 15]
 [1 10]]
[[8 15]
 [0 9]]
[[5 15]
 [1 11]]
[[6 15]
 [2 9]]
[[4 19]
 [0 9]]
[[5 17]
 [0 10]]
[[12 12]
 [1 7]]
[[5 18]
 [0 9]]
[[8 18]
 [0 6]]
[[5 17]
 [1 9]]
[[8 16]
 [1 7]]
[[8 15]
 [2 7]]
[[2 21]
 [1 8]]
[[7 17]
 [0 8]]
[[8 15]
 [2 7]]

Epoch 00019: ReduceLROnPlateau reducing learning rate to 3.164062582072802e-05.
Epoch 20/30
270/270 - 520s - loss: 0.6307 - accuracy: 0.7614 - precision: 0.5276 - recall: 0.7522 - gen_confusion_matrix: 3.9963 - val_loss: 0.8343 - val_accuracy: 0.4527 - val_precision: 0.3271 - val_recall: 0.9392 - val_gen_confusion_matrix: 7.9265
[[14 7]
 [3 8]]
[[19 7]
 [3 3]]
[[19 9]
 [3 1]]
[[15 9]
 [4 4]]
[[8 11]
 [6 7]]
[[16 10]
 [3 3]]
[[20 8]
 [2 2]]
[[17 3]
 [3 9]]
[[16 5]
 [2 9]]
[[16 6]
 [5 5]]
[[17 8]
 [3 4]]
[[15 10]
 [1 6]]
[[15 7]
 [5 5]]
[[11 9]
 [4 8]]
[[14 10]
 [5 3]]
[[14 11]
 [3 4]]
[[14 14]
 [3 1]]
[[15 7]
 [2 8]]
[[16 6]
 [2 8]]
[[14 10]
 [3 5]]
[[16 6]
 [4 6]]
[[11 10]
 [1 10]]
[[15 10]
 [4 3]]
[[11 9]
 [2 10]]
[[13 4]
 [5 10]]
[[21 2]
 [3 6]]
[[17 4]
 [3 8]]
[[17 9]
 [2 4]]
[[17 9]
 [2 4]]
[[17 11]
 [3 1]]
[[11 7]
 [8 6]]
[[17 8]
 [2 5]]
[[14 9]
 [3 6]]
Epoch 21/30
270/270 - 520s - loss: 0.6287 - accuracy: 0.7676 - precision: 0.5383 - recall: 0.7227 - gen_confusion_matrix: 3.9963 - val_loss: 0.6787 - val_accuracy: 0.6447 - val_precision: 0.4048 - val_recall: 0.6250 - val_gen_confusion_matrix: 7.9265
[[10 12]
 [2 8]]
[[9 11]
 [0 12]]
[[8 16]
 [0 8]]
[[13 13]
 [0 6]]
[[12 11]
 [0 9]]
[[9 12]
 [0 11]]
[[10 15]
 [0 7]]
[[11 12]
 [2 7]]
[[12 14]
 [1 5]]
[[13 12]
 [1 6]]
[[10 11]
 [1 10]]
[[14 11]
 [1 6]]
[[7 19]
 [2 4]]
[[7 17]
 [2 6]]
[[8 17]
 [2 5]]
[[9 15]
 [1 7]]
[[11 13]
 [1 7]]
[[11 9]
 [0 12]]
[[13 8]
 [2 9]]
[[14 10]
 [1 7]]
[[11 12]
 [4 5]]
[[16 8]
 [0 8]]
[[11 15]
 [1 5]]
[[8 9]
 [5 10]]
[[9 12]
 [1 10]]
[[11 16]
 [2 3]]
[[10 12]
 [1 9]]
[[10 11]
 [2 9]]
[[7 17]
 [1 7]]
[[9 9]
 [2 12]]
[[14 14]
 [2 2]]
[[10 14]
 [2 6]]
[[7 19]
 [1 5]]
Epoch 22/30
270/270 - 520s - loss: 0.6255 - accuracy: 0.7799 - precision: 0.5555 - recall: 0.7522 - gen_confusion_matrix: 3.9963 - val_loss: 0.7349 - val_accuracy: 0.5538 - val_precision: 0.3654 - val_recall: 0.8480 - val_gen_confusion_matrix: 7.9265
[[8 14]
 [1 9]]
[[8 9]
 [3 12]]
[[13 13]
 [0 6]]
[[6 14]
 [0 12]]
[[20 3]
 [1 8]]
[[8 18]
 [2 4]]
[[7 9]
 [2 14]]
[[10 10]
 [1 11]]
[[14 13]
 [2 3]]
[[11 14]
 [0 7]]
[[16 8]
 [0 8]]
[[12 10]
 [2 8]]
[[5 16]
 [1 10]]
[[8 19]
 [1 4]]
[[7 17]
 [2 6]]
[[9 17]
 [1 5]]
[[13 9]
 [1 9]]
[[11 16]
 [1 4]]
[[13 11]
 [1 7]]
[[7 16]
 [2 7]]
[[4 16]
 [1 11]]
[[9 17]
 [1 5]]
[[13 14]
 [2 3]]
[[10 17]
 [0 5]]
[[9 15]
 [1 7]]
[[11 11]
 [0 10]]
[[10 11]
 [4 7]]
[[12 10]
 [2 8]]
[[7 13]
 [3 9]]
[[9 13]
 [2 8]]
[[10 11]
 [1 10]]
[[9 16]
 [2 5]]
[[10 17]
 [2 3]]
Epoch 23/30
270/270 - 518s - loss: 0.6260 - accuracy: 0.7806 - precision: 0.5561 - recall: 0.7585 - gen_confusion_matrix: 3.9963 - val_loss: 0.7412 - val_accuracy: 0.5455 - val_precision: 0.3606 - val_recall: 0.8480 - val_gen_confusion_matrix: 7.9265
[[10 14]
 [1 7]]
[[8 19]
 [0 5]]
[[12 12]
 [0 8]]
[[6 20]
 [0 6]]
[[8 14]
 [1 9]]
[[11 15]
 [0 6]]
[[7 17]
 [1 7]]
[[9 10]
 [0 13]]
[[10 12]
 [1 9]]
[[8 17]
 [0 7]]
[[8 16]
 [3 5]]
[[7 17]
 [1 7]]
[[5 18]
 [1 8]]
[[11 17]
 [0 4]]
[[9 17]
 [0 6]]
[[11 15]
 [1 5]]
[[1 19]
 [1 11]]
[[8 13]
 [4 7]]
[[10 11]
 [0 11]]
[[11 12]
 [0 9]]
[[11 12]
 [0 9]]
[[7 13]
 [1 11]]
[[5 22]
 [1 4]]
[[12 12]
 [1 7]]
[[8 11]
 [0 13]]
[[12 12]
 [0 8]]
[[12 12]
 [1 7]]
[[5 18]
 [2 7]]
[[4 20]
 [1 7]]
[[11 10]
 [2 9]]
[[11 12]
 [3 6]]
[[6 12]
 [3 11]]
[[5 15]
 [1 11]]

Epoch 00023: ReduceLROnPlateau reducing learning rate to 2.3730469365546014e-05.
Epoch 24/30
270/270 - 520s - loss: 0.6207 - accuracy: 0.7843 - precision: 0.5610 - recall: 0.7692 - gen_confusion_matrix: 3.9963 - val_loss: 0.7708 - val_accuracy: 0.5121 - val_precision: 0.3487 - val_recall: 0.8953 - val_gen_confusion_matrix: 7.9265
[[7 16]
 [0 9]]
[[6 14]
 [2 10]]
[[4 17]
 [0 11]]
[[4 23]
 [0 5]]
[[1 22]
 [0 9]]
[[6 17]
 [0 9]]
[[3 16]
 [0 13]]
[[3 15]
 [1 13]]
[[6 17]
 [0 9]]
[[8 15]
 [0 9]]
[[6 20]
 [0 6]]
[[4 21]
 [1 6]]
[[3 24]
 [0 5]]
[[7 20]
 [0 5]]
[[6 15]
 [2 9]]
[[10 15]
 [0 7]]
[[9 18]
 [0 5]]
[[9 15]
 [0 8]]
[[9 14]
 [0 9]]
[[4 19]
 [0 9]]
[[5 17]
 [1 9]]
[[7 19]
 [1 5]]
[[2 21]
 [2 7]]
[[2 23]
 [0 7]]
[[8 13]
 [1 10]]
[[3 21]
 [0 8]]
[[4 18]
 [1 9]]
[[3 21]
 [1 7]]
[[3 17]
 [0 12]]
[[3 20]
 [0 9]]
[[4 19]
 [0 9]]
[[4 16]
 [0 12]]
[[8 15]
 [0 9]]
Epoch 25/30
270/270 - 520s - loss: 0.6201 - accuracy: 0.7899 - precision: 0.5693 - recall: 0.7755 - gen_confusion_matrix: 3.9963 - val_loss: 0.8971 - val_accuracy: 0.4249 - val_precision: 0.3180 - val_recall: 0.9561 - val_gen_confusion_matrix: 7.9265
[[13 11]
 [0 8]]
[[17 9]
 [3 3]]
[[11 15]
 [2 4]]
[[11 13]
 [0 8]]
[[15 12]
 [2 3]]
[[10 10]
 [2 10]]
[[9 16]
 [1 6]]
[[13 14]
 [1 4]]
[[13 9]
 [3 7]]
[[18 8]
 [1 5]]
[[9 15]
 [4 4]]
[[14 8]
 [2 8]]
[[9 8]
 [1 14]]
[[14 10]
 [1 7]]
[[10 14]
 [0 8]]
[[10 11]
 [1 10]]
[[12 12]
 [3 5]]
[[14 9]
 [0 9]]
[[12 10]
 [3 7]]
[[12 15]
 [0 5]]
[[14 8]
 [3 7]]
[[6 10]
 [5 11]]
[[18 5]
 [2 7]]
[[10 9]
 [3 10]]
[[16 7]
 [3 6]]
[[14 11]
 [2 5]]
[[13 10]
 [4 5]]
[[11 9]
 [2 10]]
[[9 15]
 [3 5]]
[[11 14]
 [1 6]]
[[19 7]
 [1 5]]
[[19 8]
 [2 3]]
[[10 7]
 [4 11]]
Epoch 26/30
270/270 - 520s - loss: 0.6180 - accuracy: 0.7910 - precision: 0.5719 - recall: 0.7683 - gen_confusion_matrix: 3.9963 - val_loss: 0.7119 - val_accuracy: 0.6085 - val_precision: 0.3925 - val_recall: 0.7770 - val_gen_confusion_matrix: 7.9265
[[7 14]
 [2 9]]
[[9 16]
 [1 6]]
[[10 14]
 [2 6]]
[[10 11]
 [2 9]]
[[14 11]
 [1 6]]
[[10 8]
 [3 11]]
[[11 17]
 [1 3]]
[[12 7]
 [1 12]]
[[14 10]
 [1 7]]
[[13 13]
 [0 6]]
[[7 15]
 [2 8]]
[[4 18]
 [1 9]]
[[14 13]
 [1 4]]
[[9 16]
 [2 5]]
[[5 18]
 [2 7]]
[[15 10]
 [1 6]]
[[10 11]
 [1 10]]
[[10 14]
 [2 6]]
[[11 18]
 [0 3]]
[[9 14]
 [1 8]]
[[9 12]
 [1 10]]
[[11 15]
 [1 5]]
[[11 13]
 [0 8]]
[[8 17]
 [1 6]]
[[11 14]
 [3 4]]
[[8 13]
 [3 8]]
[[10 14]
 [1 7]]
[[3 16]
 [1 12]]
[[13 11]
 [2 6]]
[[15 5]
 [2 10]]
[[9 13]
 [1 9]]
[[8 14]
 [3 7]]
[[12 8]
 [3 9]]
Epoch 27/30
270/270 - 520s - loss: 0.6198 - accuracy: 0.7880 - precision: 0.5664 - recall: 0.7746 - gen_confusion_matrix: 3.9963 - val_loss: 0.7483 - val_accuracy: 0.5445 - val_precision: 0.3577 - val_recall: 0.8277 - val_gen_confusion_matrix: 7.9265
[[8 17]
 [0 7]]
[[11 13]
 [0 8]]
[[10 13]
 [3 6]]
[[8 18]
 [0 6]]
[[7 12]
 [1 12]]
[[6 16]
 [0 10]]
[[9 12]
 [0 11]]
[[11 14]
 [1 6]]
[[9 15]
 [2 6]]
[[12 16]
 [1 3]]
[[8 16]
 [0 8]]
[[9 12]
 [1 10]]
[[8 17]
 [1 6]]
[[7 17]
 [1 7]]
[[10 18]
 [0 4]]
[[12 14]
 [0 6]]
[[10 15]
 [3 4]]
[[14 11]
 [0 7]]
[[10 15]
 [1 6]]
[[6 15]
 [1 10]]
[[10 12]
 [1 9]]
[[7 15]
 [3 7]]
[[7 14]
 [1 10]]
[[10 18]
 [0 4]]
[[10 12]
 [1 9]]
[[11 12]
 [2 7]]
[[9 17]
 [0 6]]
[[9 6]
 [2 15]]
[[11 12]
 [1 8]]
[[9 8]
 [1 14]]
[[12 15]
 [1 4]]
[[10 9]
 [1 12]]
[[10 10]
 [2 10]]

Epoch 00027: ReduceLROnPlateau reducing learning rate to 1.7797852706280537e-05.
Epoch 28/30
270/270 - 518s - loss: 0.6197 - accuracy: 0.7924 - precision: 0.5744 - recall: 0.7665 - gen_confusion_matrix: 3.9963 - val_loss: 0.7605 - val_accuracy: 0.5399 - val_precision: 0.3626 - val_recall: 0.8919 - val_gen_confusion_matrix: 7.9265
[[4 17]
 [0 11]]
[[12 14]
 [0 6]]
[[10 12]
 [1 9]]
[[11 14]
 [0 7]]
[[7 15]
 [1 9]]
[[9 16]
 [0 7]]
[[10 10]
 [1 11]]
[[6 13]
 [2 11]]
[[7 9]
 [4 12]]
[[12 13]
 [1 6]]
[[7 19]
 [1 5]]
[[8 17]
 [0 7]]
[[9 15]
 [0 8]]
[[10 18]
 [1 3]]
[[16 7]
 [2 7]]
[[10 13]
 [2 7]]
[[12 13]
 [0 7]]
[[7 14]
 [3 8]]
[[10 14]
 [1 7]]
[[7 16]
 [2 7]]
[[9 17]
 [0 6]]
[[4 14]
 [1 13]]
[[12 15]
 [1 4]]
[[12 10]
 [0 10]]
[[6 17]
 [1 8]]
[[10 12]
 [1 9]]
[[9 16]
 [2 5]]
[[11 8]
 [2 11]]
[[10 13]
 [1 8]]
[[11 12]
 [1 8]]
[[9 17]
 [0 6]]
[[10 16]
 [1 5]]
[[11 16]
 [0 5]]
Epoch 29/30
270/270 - 520s - loss: 0.6168 - accuracy: 0.7973 - precision: 0.5793 - recall: 0.7943 - gen_confusion_matrix: 3.9963 - val_loss: 0.7594 - val_accuracy: 0.5325 - val_precision: 0.3579 - val_recall: 0.8851 - val_gen_confusion_matrix: 7.9265
[[14 11]
 [0 7]]
[[9 14]
 [1 8]]
[[12 11]
 [1 8]]
[[14 7]
 [1 10]]
[[5 11]
 [0 16]]
[[12 13]
 [1 6]]
[[10 12]
 [2 8]]
[[10 14]
 [1 7]]
[[9 15]
 [0 8]]
[[11 13]
 [2 6]]
[[8 11]
 [3 10]]
[[10 13]
 [2 7]]
[[11 14]
 [2 5]]
[[13 15]
 [0 4]]
[[11 12]
 [1 8]]
[[11 14]
 [0 7]]
[[10 12]
 [0 10]]
[[11 14]
 [1 6]]
[[11 12]
 [2 7]]
[[19 7]
 [2 4]]
[[12 14]
 [1 5]]
[[12 11]
 [2 7]]
[[12 9]
 [0 11]]
[[11 11]
 [1 9]]
[[6 18]
 [1 7]]
[[15 11]
 [0 6]]
[[10 9]
 [3 10]]
[[6 16]
 [2 8]]
[[10 15]
 [1 6]]
[[10 15]
 [1 6]]
[[9 15]
 [1 7]]
[[7 12]
 [3 10]]
[[10 14]
 [0 8]]
Epoch 30/30
270/270 - 521s - loss: 0.6156 - accuracy: 0.7973 - precision: 0.5793 - recall: 0.7943 - gen_confusion_matrix: 3.9963 - val_loss: 0.7376 - val_accuracy: 0.5705 - val_precision: 0.3770 - val_recall: 0.8649 - val_gen_confusion_matrix: 7.9265

 See logs at ../../cache/conv___05_2027___all_sw_coch_preprocessed_v2_param_v29_augm_v0_cleaned_8000___redo___2095/logs/