Category:  coch
Dataset:  all_sw_coch_preprocessed_v2_param_v29_augm_v0_cleaned_8000.pkl
File:  conv.train2096
Description:  test
2021-05-05 23:15:00.443409: I tensorflow/stream_executor/platform/default/dso_loader.cc:49] Successfully opened dynamic library libcudart.so.11.0
2021-05-05 23:15:02.735083: I tensorflow/compiler/jit/xla_cpu_device.cc:41] Not creating XLA devices, tf_xla_enable_xla_devices not set
2021-05-05 23:15:02.736121: I tensorflow/stream_executor/platform/default/dso_loader.cc:49] Successfully opened dynamic library libcuda.so.1
2021-05-05 23:15:02.744617: I tensorflow/stream_executor/cuda/cuda_gpu_executor.cc:941] successful NUMA node read from SysFS had negative value (-1), but there must be at least one NUMA node, so returning NUMA node zero
2021-05-05 23:15:02.745229: I tensorflow/core/common_runtime/gpu/gpu_device.cc:1720] Found device 0 with properties: 
pciBusID: 0000:00:04.0 name: Tesla T4 computeCapability: 7.5
coreClock: 1.59GHz coreCount: 40 deviceMemorySize: 14.75GiB deviceMemoryBandwidth: 298.08GiB/s
2021-05-05 23:15:02.745258: I tensorflow/stream_executor/platform/default/dso_loader.cc:49] Successfully opened dynamic library libcudart.so.11.0
2021-05-05 23:15:02.748918: I tensorflow/stream_executor/platform/default/dso_loader.cc:49] Successfully opened dynamic library libcublas.so.11
2021-05-05 23:15:02.749004: I tensorflow/stream_executor/platform/default/dso_loader.cc:49] Successfully opened dynamic library libcublasLt.so.11
2021-05-05 23:15:02.750184: I tensorflow/stream_executor/platform/default/dso_loader.cc:49] Successfully opened dynamic library libcufft.so.10
2021-05-05 23:15:02.750464: I tensorflow/stream_executor/platform/default/dso_loader.cc:49] Successfully opened dynamic library libcurand.so.10
2021-05-05 23:15:02.751432: I tensorflow/stream_executor/platform/default/dso_loader.cc:49] Successfully opened dynamic library libcusolver.so.10
2021-05-05 23:15:02.752286: I tensorflow/stream_executor/platform/default/dso_loader.cc:49] Successfully opened dynamic library libcusparse.so.11
2021-05-05 23:15:02.752432: I tensorflow/stream_executor/platform/default/dso_loader.cc:49] Successfully opened dynamic library libcudnn.so.8
2021-05-05 23:15:02.752542: I tensorflow/stream_executor/cuda/cuda_gpu_executor.cc:941] successful NUMA node read from SysFS had negative value (-1), but there must be at least one NUMA node, so returning NUMA node zero
2021-05-05 23:15:02.753166: I tensorflow/stream_executor/cuda/cuda_gpu_executor.cc:941] successful NUMA node read from SysFS had negative value (-1), but there must be at least one NUMA node, so returning NUMA node zero
2021-05-05 23:15:02.753719: I tensorflow/core/common_runtime/gpu/gpu_device.cc:1862] Adding visible gpu devices: 0
wandb: Currently logged in as: arachid1 (use `wandb login --relogin` to force relogin)
Tensorflow Version: 2.4.0
Num GPUs Available:  1
-----------------------
Using module located at /main/models/conv/train2096.py
Using train_file located at ../../data/datasets/all_sw_coch_preprocessed_v2_param_v29_augm_v0_cleaned_8000.pkl
Using logs_path located at ../../cache/conv___05_2211___all_sw_coch_preprocessed_v2_param_v29_augm_v0_cleaned_8000___test___2096/logs/
-----------------------
Collecting Variables...
Model Parameters: {'N_CLASSES': 1, 'SR': 8000, 'BATCH_SIZE': 16, 'LR': 0.0001, 'SHAPE': (128, 1250, 1), 'WEIGHT_DECAY': 0.001, 'LL2_REG': 0, 'EPSILON': 1e-07, 'LABEL_SMOOTHING': 0.4}
Learning Rate Parameters: {'factor': 0.75, 'patience': 4, 'min_lr': 1e-08}
Early Stopping Patience and Delta: 12, 5.0%
Six: False and Concat: False
-----------------------
wandb: Tracking run with wandb version 0.10.29
wandb: Syncing run radiant-energy-158
wandb: â­ï¸ View project at https://wandb.ai/arachid1/tensorboard-integration
wandb: ðŸš€ View run at https://wandb.ai/arachid1/tensorboard-integration/runs/2zgeyxwn
wandb: Run data is saved locally in /home/alirachidi/classification_algorithm/trainers/main/wandb/run-20210505_231502-2zgeyxwn
wandb: Run `wandb offline` to turn off syncing.
2021-05-05 23:15:08.324833: I tensorflow/compiler/jit/xla_gpu_device.cc:99] Not creating XLA devices, tf_xla_enable_xla_devices not set
2021-05-05 23:15:08.325088: I tensorflow/stream_executor/cuda/cuda_gpu_executor.cc:941] successful NUMA node read from SysFS had negative value (-1), but there must be at least one NUMA node, so returning NUMA node zero
2021-05-05 23:15:08.325735: I tensorflow/core/common_runtime/gpu/gpu_device.cc:1720] Found device 0 with properties: 
pciBusID: 0000:00:04.0 name: Tesla T4 computeCapability: 7.5
coreClock: 1.59GHz coreCount: 40 deviceMemorySize: 14.75GiB deviceMemoryBandwidth: 298.08GiB/s
2021-05-05 23:15:08.325781: I tensorflow/stream_executor/platform/default/dso_loader.cc:49] Successfully opened dynamic library libcudart.so.11.0
2021-05-05 23:15:08.325842: I tensorflow/stream_executor/platform/default/dso_loader.cc:49] Successfully opened dynamic library libcublas.so.11
2021-05-05 23:15:08.325863: I tensorflow/stream_executor/platform/default/dso_loader.cc:49] Successfully opened dynamic library libcublasLt.so.11
2021-05-05 23:15:08.325884: I tensorflow/stream_executor/platform/default/dso_loader.cc:49] Successfully opened dynamic library libcufft.so.10
2021-05-05 23:15:08.325903: I tensorflow/stream_executor/platform/default/dso_loader.cc:49] Successfully opened dynamic library libcurand.so.10
2021-05-05 23:15:08.325923: I tensorflow/stream_executor/platform/default/dso_loader.cc:49] Successfully opened dynamic library libcusolver.so.10
2021-05-05 23:15:08.325943: I tensorflow/stream_executor/platform/default/dso_loader.cc:49] Successfully opened dynamic library libcusparse.so.11
2021-05-05 23:15:08.325962: I tensorflow/stream_executor/platform/default/dso_loader.cc:49] Successfully opened dynamic library libcudnn.so.8
2021-05-05 23:15:08.326059: I tensorflow/stream_executor/cuda/cuda_gpu_executor.cc:941] successful NUMA node read from SysFS had negative value (-1), but there must be at least one NUMA node, so returning NUMA node zero
2021-05-05 23:15:08.326750: I tensorflow/stream_executor/cuda/cuda_gpu_executor.cc:941] successful NUMA node read from SysFS had negative value (-1), but there must be at least one NUMA node, so returning NUMA node zero
2021-05-05 23:15:08.327316: I tensorflow/core/common_runtime/gpu/gpu_device.cc:1862] Adding visible gpu devices: 0
2021-05-05 23:15:08.327366: I tensorflow/stream_executor/platform/default/dso_loader.cc:49] Successfully opened dynamic library libcudart.so.11.0
2021-05-05 23:15:09.055434: I tensorflow/core/common_runtime/gpu/gpu_device.cc:1261] Device interconnect StreamExecutor with strength 1 edge matrix:
2021-05-05 23:15:09.055483: I tensorflow/core/common_runtime/gpu/gpu_device.cc:1267]      0 
2021-05-05 23:15:09.055499: I tensorflow/core/common_runtime/gpu/gpu_device.cc:1280] 0:   N 
2021-05-05 23:15:09.055816: I tensorflow/stream_executor/cuda/cuda_gpu_executor.cc:941] successful NUMA node read from SysFS had negative value (-1), but there must be at least one NUMA node, so returning NUMA node zero
2021-05-05 23:15:09.056561: I tensorflow/stream_executor/cuda/cuda_gpu_executor.cc:941] successful NUMA node read from SysFS had negative value (-1), but there must be at least one NUMA node, so returning NUMA node zero
2021-05-05 23:15:09.057240: I tensorflow/stream_executor/cuda/cuda_gpu_executor.cc:941] successful NUMA node read from SysFS had negative value (-1), but there must be at least one NUMA node, so returning NUMA node zero
2021-05-05 23:15:09.057861: I tensorflow/core/common_runtime/gpu/gpu_device.cc:1406] Created TensorFlow device (/job:localhost/replica:0/task:0/device:GPU:0 with 13968 MB memory) -> physical GPU (device: 0, name: Tesla T4, pci bus id: 0000:00:04.0, compute capability: 7.5)
2021-05-05 23:15:45.544793: I tensorflow/compiler/mlir/mlir_graph_optimization_pass.cc:116] None of the MLIR optimization passes are enabled (registered 2)
2021-05-05 23:15:45.546607: I tensorflow/core/platform/profile_utils/cpu_utils.cc:112] CPU Frequency: 2299995000 Hz
2021-05-05 23:15:48.525994: I tensorflow/stream_executor/platform/default/dso_loader.cc:49] Successfully opened dynamic library libcublas.so.11
2021-05-05 23:15:49.245033: I tensorflow/stream_executor/platform/default/dso_loader.cc:49] Successfully opened dynamic library libcublasLt.so.11
2021-05-05 23:15:49.253026: I tensorflow/stream_executor/platform/default/dso_loader.cc:49] Successfully opened dynamic library libcudnn.so.8
local_gc_exec.sh: line 6:  7321 Killed                  python -m models.$MODULE_NAME --train-file $LOCAL_TRAIN_FILE --job-dir $LOCAL_JOB_DIR --params "$PARAMS"

 See logs at ../../cache/conv___05_2211___all_sw_coch_preprocessed_v2_param_v29_augm_v0_cleaned_8000___test___2096/logs//home/alirachidi/anaconda3/envs/LungSoundClass/lib/python3.7/multiprocessing/semaphore_tracker.py:144: UserWarning: semaphore_tracker: There appear to be 6 leaked semaphores to clean up at shutdown
  len(cache))
