Category:  coch
Dataset:  all_sw_coch_preprocessed_v2_param_v29_augm_v0_cleaned_8000.pkl
File:  conv.train2113
Description:  mixednet
Tensorflow Version: 2.4.0
Num GPUs Available:  1
-----------------------
Using module located at /main/models/conv/train2113.py
Using train_file located at ../../data/datasets/all_sw_coch_preprocessed_v2_param_v29_augm_v0_cleaned_8000.pkl
Using logs_path located at ../../new_cache/conv__2113__05_0724__v29__mixednet/logs/
-----------------------
Collecting Variables...
Model Parameters: {'N_CLASSES': 1, 'SR': 8000, 'BATCH_SIZE': 128, 'LR': 0.001, 'SHAPE': (128, 1250, 1), 'WEIGHT_DECAY': 0.001, 'LL2_REG': 0, 'EPSILON': 1e-07, 'LABEL_SMOOTHING': 0}
Learning Rate Parameters: {'factor': 0.5, 'patience': 5, 'min_lr': 1e-10}
Early Stopping Patience and Delta: 20, 1.0%
Six: False and Concat: False
-----------------------

Original number of folders: 453
here
With concat = False and six = False, size of training set: 4196...
...and size of validation set: 1088
Initializing weights...
weights = {0: 0.7018518518518518, 1: 1.738532110091743}
Model: "conv2d"
_________________________________________________________________
Layer (type)                 Output Shape              Param #   
=================================================================
input_1 (InputLayer)         [(None, 128, 1250, 1)]    0         
_________________________________________________________________
conv2d (Conv2D)              (None, 128, 1250, 8)      80        
_________________________________________________________________
mix_depth_group_convolution2 (None, 128, 1250, 8)      162       
_________________________________________________________________
average_pooling2d (AveragePo (None, 64, 625, 8)        0         
_________________________________________________________________
batch_normalization (BatchNo (None, 64, 625, 8)        32        
_________________________________________________________________
conv2d_1 (Conv2D)            (None, 64, 625, 16)       1168      
_________________________________________________________________
mix_depth_group_convolution2 (None, 64, 625, 16)       414       
_________________________________________________________________
average_pooling2d_1 (Average (None, 32, 313, 16)       0         
_________________________________________________________________
batch_normalization_1 (Batch (None, 32, 313, 16)       64        
_________________________________________________________________
conv2d_2 (Conv2D)            (None, 32, 313, 32)       4640      
_________________________________________________________________
mix_depth_group_convolution2 (None, 32, 313, 32)       828       
_________________________________________________________________
average_pooling2d_2 (Average (None, 16, 157, 32)       0         
_________________________________________________________________
batch_normalization_2 (Batch (None, 16, 157, 32)       128       
_________________________________________________________________
conv2d_3 (Conv2D)            (None, 16, 157, 64)       18496     
_________________________________________________________________
mix_depth_group_convolution2 (None, 16, 157, 64)       1656      
_________________________________________________________________
average_pooling2d_3 (Average (None, 8, 79, 64)         0         
_________________________________________________________________
batch_normalization_3 (Batch (None, 8, 79, 64)         256       
_________________________________________________________________
conv2d_4 (Conv2D)            (None, 8, 79, 128)        73856     
_________________________________________________________________
mix_depth_group_convolution2 (None, 8, 79, 128)        3402      
_________________________________________________________________
average_pooling2d_4 (Average (None, 4, 40, 128)        0         
_________________________________________________________________
batch_normalization_4 (Batch (None, 4, 40, 128)        512       
_________________________________________________________________
global_average_pooling2d (Gl (None, 128)               0         
_________________________________________________________________
dense (Dense)                (None, 1)                 129       
=================================================================
Total params: 105,823
Trainable params: 105,327
Non-trainable params: 496
_________________________________________________________________
Epoch 1/40
33/33 - 170s - loss: 0.6810 - accuracy: 0.6163 - val_loss: 0.6661 - val_accuracy: 0.7996
Epoch 2/40
33/33 - 145s - loss: 0.6568 - accuracy: 0.6592 - val_loss: 0.6647 - val_accuracy: 0.7996
Epoch 3/40
33/33 - 146s - loss: 0.6453 - accuracy: 0.6404 - val_loss: 0.6510 - val_accuracy: 0.7996
Epoch 4/40
33/33 - 146s - loss: 0.6357 - accuracy: 0.6594 - val_loss: 0.6429 - val_accuracy: 0.7996
Epoch 5/40
33/33 - 146s - loss: 0.6147 - accuracy: 0.7004 - val_loss: 0.6297 - val_accuracy: 0.7996
The validation tracker metric at 0 hasn't increased by 0.01 in 1 epochs
Epoch 6/40
33/33 - 145s - loss: 0.5986 - accuracy: 0.6914 - val_loss: 0.6225 - val_accuracy: 0.7996
The validation tracker metric at 0 hasn't increased by 0.01 in 2 epochs
Epoch 7/40
33/33 - 146s - loss: 0.5600 - accuracy: 0.7400 - val_loss: 0.6093 - val_accuracy: 0.7996
The validation tracker metric at 0 hasn't increased by 0.01 in 3 epochs
Epoch 8/40
33/33 - 145s - loss: 0.5163 - accuracy: 0.7726 - val_loss: 0.5972 - val_accuracy: 0.7996
The validation tracker metric at 0 hasn't increased by 0.01 in 4 epochs
Epoch 9/40
33/33 - 145s - loss: 0.4657 - accuracy: 0.7998 - val_loss: 0.5528 - val_accuracy: 0.7996
Lr has been adjusted to 0.0005000000237487257
The validation tracker metric at 0 hasn't increased by 0.01 in 5 epochs
Epoch 10/40
33/33 - 146s - loss: 0.3894 - accuracy: 0.8460 - val_loss: 0.6210 - val_accuracy: 0.7996
The validation tracker metric at 0 hasn't increased by 0.01 in 6 epochs
Epoch 11/40
33/33 - 145s - loss: 0.3372 - accuracy: 0.8794 - val_loss: 0.5512 - val_accuracy: 0.7996
The validation tracker metric at 0 hasn't increased by 0.01 in 7 epochs
Epoch 12/40
33/33 - 145s - loss: 0.2919 - accuracy: 0.9073 - val_loss: 0.5501 - val_accuracy: 0.7996
The validation tracker metric at 0 hasn't increased by 0.01 in 8 epochs
Epoch 13/40
33/33 - 145s - loss: 0.2519 - accuracy: 0.9192 - val_loss: 0.5422 - val_accuracy: 0.8006
The validation tracker metric at 0 hasn't increased by 0.01 in 9 epochs
Saving model...
Epoch 14/40
33/33 - 146s - loss: 0.2256 - accuracy: 0.9323 - val_loss: 0.6135 - val_accuracy: 0.7436
Saving model...
Epoch 15/40
33/33 - 146s - loss: 0.1755 - accuracy: 0.9590 - val_loss: 0.8454 - val_accuracy: 0.2776
Saving model...
Epoch 16/40
33/33 - 145s - loss: 0.1538 - accuracy: 0.9631 - val_loss: 0.8683 - val_accuracy: 0.3502
The validation tracker metric at 0.2918918918918919 hasn't increased by 0.01 in 1 epochs
Epoch 17/40
33/33 - 145s - loss: 0.1294 - accuracy: 0.9702 - val_loss: 1.0234 - val_accuracy: 0.3704
The validation tracker metric at 0.2918918918918919 hasn't increased by 0.01 in 2 epochs
Saving model...
Epoch 18/40
33/33 - 146s - loss: 0.1269 - accuracy: 0.9709 - val_loss: 0.7921 - val_accuracy: 0.5818
The validation tracker metric at 0.2918918918918919 hasn't increased by 0.01 in 3 epochs
Epoch 19/40
33/33 - 145s - loss: 0.1009 - accuracy: 0.9797 - val_loss: 0.8503 - val_accuracy: 0.5956
The validation tracker metric at 0.2918918918918919 hasn't increased by 0.01 in 4 epochs
Epoch 20/40
33/33 - 145s - loss: 0.0855 - accuracy: 0.9867 - val_loss: 0.7876 - val_accuracy: 0.6774
Lr has been adjusted to 0.0002500000118743628
The validation tracker metric at 0.2918918918918919 hasn't increased by 0.01 in 5 epochs
Epoch 21/40
33/33 - 145s - loss: 0.0727 - accuracy: 0.9883 - val_loss: 0.8856 - val_accuracy: 0.6351
The validation tracker metric at 0.2918918918918919 hasn't increased by 0.01 in 6 epochs
Epoch 22/40
33/33 - 146s - loss: 0.0592 - accuracy: 0.9952 - val_loss: 0.9047 - val_accuracy: 0.6517
The validation tracker metric at 0.2918918918918919 hasn't increased by 0.01 in 7 epochs
Epoch 23/40
33/33 - 146s - loss: 0.0594 - accuracy: 0.9933 - val_loss: 0.9624 - val_accuracy: 0.6342
The validation tracker metric at 0.2918918918918919 hasn't increased by 0.01 in 8 epochs
Epoch 24/40
33/33 - 146s - loss: 0.0659 - accuracy: 0.9883 - val_loss: 0.9487 - val_accuracy: 0.6801
The validation tracker metric at 0.2918918918918919 hasn't increased by 0.01 in 9 epochs
Epoch 25/40
33/33 - 146s - loss: 0.0533 - accuracy: 0.9938 - val_loss: 1.0046 - val_accuracy: 0.6443
Lr has been adjusted to 0.0001250000059371814
The validation tracker metric at 0.2918918918918919 hasn't increased by 0.01 in 10 epochs
Epoch 26/40
33/33 - 145s - loss: 0.0459 - accuracy: 0.9969 - val_loss: 0.9825 - val_accuracy: 0.6866
The validation tracker metric at 0.2918918918918919 hasn't increased by 0.01 in 11 epochs
Epoch 27/40
33/33 - 146s - loss: 0.0456 - accuracy: 0.9950 - val_loss: 1.0218 - val_accuracy: 0.6599
The validation tracker metric at 0.2918918918918919 hasn't increased by 0.01 in 12 epochs
Epoch 28/40
33/33 - 145s - loss: 0.0444 - accuracy: 0.9952 - val_loss: 1.0293 - val_accuracy: 0.6664
The validation tracker metric at 0.2918918918918919 hasn't increased by 0.01 in 13 epochs
Epoch 29/40
33/33 - 145s - loss: 0.0437 - accuracy: 0.9959 - val_loss: 1.0726 - val_accuracy: 0.6443
The validation tracker metric at 0.2918918918918919 hasn't increased by 0.01 in 14 epochs
Epoch 30/40
33/33 - 146s - loss: 0.0407 - accuracy: 0.9976 - val_loss: 1.0843 - val_accuracy: 0.6342
Lr has been adjusted to 6.25000029685907e-05
The validation tracker metric at 0.2918918918918919 hasn't increased by 0.01 in 15 epochs
Epoch 31/40
33/33 - 146s - loss: 0.0389 - accuracy: 0.9976 - val_loss: 1.0685 - val_accuracy: 0.6489
The validation tracker metric at 0.2918918918918919 hasn't increased by 0.01 in 16 epochs
Epoch 32/40
33/33 - 145s - loss: 0.0406 - accuracy: 0.9967 - val_loss: 1.0645 - val_accuracy: 0.6562
The validation tracker metric at 0.2918918918918919 hasn't increased by 0.01 in 17 epochs
Epoch 33/40
33/33 - 146s - loss: 0.0378 - accuracy: 0.9971 - val_loss: 1.0720 - val_accuracy: 0.6535
The validation tracker metric at 0.2918918918918919 hasn't increased by 0.01 in 18 epochs
Epoch 34/40
33/33 - 145s - loss: 0.0372 - accuracy: 0.9962 - val_loss: 1.1432 - val_accuracy: 0.6305
The validation tracker metric at 0.2918918918918919 hasn't increased by 0.01 in 19 epochs
Epoch 35/40
33/33 - 146s - loss: 0.0356 - accuracy: 0.9983 - val_loss: 1.0718 - val_accuracy: 0.6719
Lr has been adjusted to 3.125000148429535e-05
The number of epochs since last 1% equals the patience

Starting the Bangladesh analysis...
Epoch: 40
Starting...
F1: 0.28571428571428575
Accuracy: 0.3333333333333333
Precision: 0.18181818181818182
Recall: 0.6666666666666666
Ended. Saving the Excel Sheet ../../new_cache/conv__2113__05_0724__v29__mixednet/validation_sheet_40.xls...
Done.
Epoch: 12
Starting...
F1: 0.0
Accuracy: 0.8
Precision: 0.0
Recall: 0.0
Ended. Saving the Excel Sheet ../../new_cache/conv__2113__05_0724__v29__mixednet/validation_sheet_12.xls...
Done.
Epoch: 14
Starting...
F1: 0.33333333333333337
Accuracy: 0.2
Precision: 0.2
Recall: 1.0
Ended. Saving the Excel Sheet ../../new_cache/conv__2113__05_0724__v29__mixednet/validation_sheet_14.xls...
Done.
Epoch: 16
Starting...
F1: 0.33333333333333337
Accuracy: 0.2
Precision: 0.2
Recall: 1.0
Ended. Saving the Excel Sheet ../../new_cache/conv__2113__05_0724__v29__mixednet/validation_sheet_16.xls...
Done.
Epoch: 13
Starting...
F1: 0.26415094339622636
Accuracy: 0.48
Precision: 0.18421052631578946
Recall: 0.4666666666666667
Ended. Saving the Excel Sheet ../../new_cache/conv__2113__05_0724__v29__mixednet/validation_sheet_13.xls...
Done.


 See logs at ../../new_cache/conv__2113__05_0724__v29__mixednet/logs/