Category:  coch
Dataset:  all_sw_coch_preprocessed_v2_param_v32_augm_v0_cleaned_8000.pkl
File:  conv.train2160
Description:  v32
2021-05-26 01:25:41.837321: I tensorflow/stream_executor/platform/default/dso_loader.cc:49] Successfully opened dynamic library libcudart.so.11.0
2021-05-26 01:25:47.165572: I tensorflow/compiler/jit/xla_cpu_device.cc:41] Not creating XLA devices, tf_xla_enable_xla_devices not set
2021-05-26 01:25:47.167683: I tensorflow/stream_executor/platform/default/dso_loader.cc:49] Successfully opened dynamic library libcuda.so.1
2021-05-26 01:25:47.251162: I tensorflow/stream_executor/cuda/cuda_gpu_executor.cc:941] successful NUMA node read from SysFS had negative value (-1), but there must be at least one NUMA node, so returning NUMA node zero
2021-05-26 01:25:47.252250: I tensorflow/core/common_runtime/gpu/gpu_device.cc:1720] Found device 0 with properties: 
pciBusID: 0000:00:05.0 name: Tesla T4 computeCapability: 7.5
coreClock: 1.59GHz coreCount: 40 deviceMemorySize: 14.75GiB deviceMemoryBandwidth: 298.08GiB/s
2021-05-26 01:25:47.252373: I tensorflow/stream_executor/platform/default/dso_loader.cc:49] Successfully opened dynamic library libcudart.so.11.0
2021-05-26 01:25:47.276898: I tensorflow/stream_executor/platform/default/dso_loader.cc:49] Successfully opened dynamic library libcublas.so.11
2021-05-26 01:25:47.277089: I tensorflow/stream_executor/platform/default/dso_loader.cc:49] Successfully opened dynamic library libcublasLt.so.11
2021-05-26 01:25:47.288532: I tensorflow/stream_executor/platform/default/dso_loader.cc:49] Successfully opened dynamic library libcufft.so.10
2021-05-26 01:25:47.292235: I tensorflow/stream_executor/platform/default/dso_loader.cc:49] Successfully opened dynamic library libcurand.so.10
2021-05-26 01:25:47.296680: I tensorflow/stream_executor/platform/default/dso_loader.cc:49] Successfully opened dynamic library libcusolver.so.10
2021-05-26 01:25:47.302392: I tensorflow/stream_executor/platform/default/dso_loader.cc:49] Successfully opened dynamic library libcusparse.so.11
2021-05-26 01:25:47.304091: I tensorflow/stream_executor/platform/default/dso_loader.cc:49] Successfully opened dynamic library libcudnn.so.8
2021-05-26 01:25:47.304272: I tensorflow/stream_executor/cuda/cuda_gpu_executor.cc:941] successful NUMA node read from SysFS had negative value (-1), but there must be at least one NUMA node, so returning NUMA node zero
2021-05-26 01:25:47.305089: I tensorflow/stream_executor/cuda/cuda_gpu_executor.cc:941] successful NUMA node read from SysFS had negative value (-1), but there must be at least one NUMA node, so returning NUMA node zero
2021-05-26 01:25:47.305774: I tensorflow/core/common_runtime/gpu/gpu_device.cc:1862] Adding visible gpu devices: 0
wandb: Currently logged in as: arachid1 (use `wandb login --relogin` to force relogin)
Tensorflow Version: 2.4.0
Num GPUs Available:  1
-----------------------
Using module located at /main/models/conv/train2160.py
Using train_file located at ../../data/datasets/all_sw_coch_preprocessed_v2_param_v32_augm_v0_cleaned_8000.pkl
Using logs_path located at ../../new_cache/conv__2160__05_0124__v32__v32/logs/
-----------------------
Collecting Variables...
Model Parameters: {'N_CLASSES': 1, 'SR': 8000, 'BATCH_SIZE': 16, 'LR': 0.001, 'SHAPE': (128, 1250, 3), 'WEIGHT_DECAY': 0.001, 'LL2_REG': 0, 'EPSILON': 1e-07, 'LABEL_SMOOTHING': 0}
Learning Rate Parameters: {'factor': 0.25, 'patience': 4, 'min_lr': 1e-10}
Early Stopping Patience and Delta: 25, 0%
Six: False and Concat: False
-----------------------
wandb: Tracking run with wandb version 0.10.30
wandb: Syncing run train2160
wandb: ⭐️ View project at https://wandb.ai/arachid1/tensorboard-integration
wandb: 🚀 View run at https://wandb.ai/arachid1/tensorboard-integration/runs/29tuw9yu
wandb: Run data is saved locally in /home/alirachidi/classification_algorithm/trainers/main/wandb/run-20210526_012547-29tuw9yu
wandb: Run `wandb offline` to turn off syncing.
2021-05-26 01:25:53.424295: I tensorflow/compiler/jit/xla_gpu_device.cc:99] Not creating XLA devices, tf_xla_enable_xla_devices not set
2021-05-26 01:25:53.424636: I tensorflow/stream_executor/cuda/cuda_gpu_executor.cc:941] successful NUMA node read from SysFS had negative value (-1), but there must be at least one NUMA node, so returning NUMA node zero
2021-05-26 01:25:53.425372: I tensorflow/core/common_runtime/gpu/gpu_device.cc:1720] Found device 0 with properties: 
pciBusID: 0000:00:05.0 name: Tesla T4 computeCapability: 7.5
coreClock: 1.59GHz coreCount: 40 deviceMemorySize: 14.75GiB deviceMemoryBandwidth: 298.08GiB/s
2021-05-26 01:25:53.425445: I tensorflow/stream_executor/platform/default/dso_loader.cc:49] Successfully opened dynamic library libcudart.so.11.0
2021-05-26 01:25:53.425517: I tensorflow/stream_executor/platform/default/dso_loader.cc:49] Successfully opened dynamic library libcublas.so.11
2021-05-26 01:25:53.425539: I tensorflow/stream_executor/platform/default/dso_loader.cc:49] Successfully opened dynamic library libcublasLt.so.11
2021-05-26 01:25:53.425560: I tensorflow/stream_executor/platform/default/dso_loader.cc:49] Successfully opened dynamic library libcufft.so.10
2021-05-26 01:25:53.425580: I tensorflow/stream_executor/platform/default/dso_loader.cc:49] Successfully opened dynamic library libcurand.so.10
2021-05-26 01:25:53.425600: I tensorflow/stream_executor/platform/default/dso_loader.cc:49] Successfully opened dynamic library libcusolver.so.10
2021-05-26 01:25:53.425620: I tensorflow/stream_executor/platform/default/dso_loader.cc:49] Successfully opened dynamic library libcusparse.so.11
2021-05-26 01:25:53.425639: I tensorflow/stream_executor/platform/default/dso_loader.cc:49] Successfully opened dynamic library libcudnn.so.8
2021-05-26 01:25:53.425746: I tensorflow/stream_executor/cuda/cuda_gpu_executor.cc:941] successful NUMA node read from SysFS had negative value (-1), but there must be at least one NUMA node, so returning NUMA node zero
2021-05-26 01:25:53.426522: I tensorflow/stream_executor/cuda/cuda_gpu_executor.cc:941] successful NUMA node read from SysFS had negative value (-1), but there must be at least one NUMA node, so returning NUMA node zero
2021-05-26 01:25:53.427257: I tensorflow/core/common_runtime/gpu/gpu_device.cc:1862] Adding visible gpu devices: 0
2021-05-26 01:25:53.428114: I tensorflow/stream_executor/platform/default/dso_loader.cc:49] Successfully opened dynamic library libcudart.so.11.0
2021-05-26 01:25:54.846178: I tensorflow/core/common_runtime/gpu/gpu_device.cc:1261] Device interconnect StreamExecutor with strength 1 edge matrix:
2021-05-26 01:25:54.846223: I tensorflow/core/common_runtime/gpu/gpu_device.cc:1267]      0 
2021-05-26 01:25:54.846232: I tensorflow/core/common_runtime/gpu/gpu_device.cc:1280] 0:   N 
2021-05-26 01:25:54.846567: I tensorflow/stream_executor/cuda/cuda_gpu_executor.cc:941] successful NUMA node read from SysFS had negative value (-1), but there must be at least one NUMA node, so returning NUMA node zero
2021-05-26 01:25:54.847356: I tensorflow/stream_executor/cuda/cuda_gpu_executor.cc:941] successful NUMA node read from SysFS had negative value (-1), but there must be at least one NUMA node, so returning NUMA node zero
2021-05-26 01:25:54.848100: I tensorflow/stream_executor/cuda/cuda_gpu_executor.cc:941] successful NUMA node read from SysFS had negative value (-1), but there must be at least one NUMA node, so returning NUMA node zero
2021-05-26 01:25:54.848830: I tensorflow/core/common_runtime/gpu/gpu_device.cc:1406] Created TensorFlow device (/job:localhost/replica:0/task:0/device:GPU:0 with 13968 MB memory) -> physical GPU (device: 0, name: Tesla T4, pci bus id: 0000:00:05.0, compute capability: 7.5)
2021-05-26 01:26:32.248720: I tensorflow/compiler/mlir/mlir_graph_optimization_pass.cc:116] None of the MLIR optimization passes are enabled (registered 2)
2021-05-26 01:26:32.251703: I tensorflow/core/platform/profile_utils/cpu_utils.cc:112] CPU Frequency: 2299995000 Hz
2021-05-26 01:26:35.616621: I tensorflow/stream_executor/platform/default/dso_loader.cc:49] Successfully opened dynamic library libcublas.so.11
2021-05-26 01:26:37.041450: I tensorflow/stream_executor/platform/default/dso_loader.cc:49] Successfully opened dynamic library libcublasLt.so.11
2021-05-26 01:26:37.055677: I tensorflow/stream_executor/platform/default/dso_loader.cc:49] Successfully opened dynamic library libcudnn.so.8

Original number of folders: 453
With concat = False and six = False, size of training set: 4165...
...and size of validation set: 1088
Model: "conv2d"
__________________________________________________________________________________________________
Layer (type)                    Output Shape         Param #     Connected to                     
==================================================================================================
input_1 (InputLayer)            [(None, 128, 1250, 3 0                                            
__________________________________________________________________________________________________
batch_normalization (BatchNorma (None, 128, 1250, 3) 12          input_1[0][0]                    
__________________________________________________________________________________________________
conv2d (Conv2D)                 (None, 128, 1250, 16 64          batch_normalization[0][0]        
__________________________________________________________________________________________________
conv2d_2 (Conv2D)               (None, 128, 1250, 16 64          batch_normalization[0][0]        
__________________________________________________________________________________________________
max_pooling2d (MaxPooling2D)    (None, 128, 1250, 3) 0           batch_normalization[0][0]        
__________________________________________________________________________________________________
conv2d_1 (Conv2D)               (None, 128, 1250, 16 2320        conv2d[0][0]                     
__________________________________________________________________________________________________
conv2d_3 (Conv2D)               (None, 128, 1250, 16 6416        conv2d_2[0][0]                   
__________________________________________________________________________________________________
conv2d_4 (Conv2D)               (None, 128, 1250, 16 64          max_pooling2d[0][0]              
__________________________________________________________________________________________________
concatenate (Concatenate)       (None, 128, 1250, 48 0           conv2d_1[0][0]                   
                                                                 conv2d_3[0][0]                   
                                                                 conv2d_4[0][0]                   
__________________________________________________________________________________________________
average_pooling2d (AveragePooli (None, 64, 625, 48)  0           concatenate[0][0]                
__________________________________________________________________________________________________
batch_normalization_1 (BatchNor (None, 64, 625, 48)  192         average_pooling2d[0][0]          
__________________________________________________________________________________________________
dropout (Dropout)               (None, 64, 625, 48)  0           batch_normalization_1[0][0]      
__________________________________________________________________________________________________
inverted_residual (InvertedResi (None, 64, 625, 32)  35840       dropout[0][0]                    
__________________________________________________________________________________________________
inverted_residual_1 (InvertedRe (None, 64, 625, 32)  20864       inverted_residual[0][0]          
__________________________________________________________________________________________________
average_pooling2d_1 (AveragePoo (None, 32, 312, 32)  0           inverted_residual_1[0][0]        
__________________________________________________________________________________________________
batch_normalization_2 (BatchNor (None, 32, 312, 32)  128         average_pooling2d_1[0][0]        
__________________________________________________________________________________________________
dropout_1 (Dropout)             (None, 32, 312, 32)  0           batch_normalization_2[0][0]      
__________________________________________________________________________________________________
inverted_residual_2 (InvertedRe (None, 32, 312, 64)  27136       dropout_1[0][0]                  
__________________________________________________________________________________________________
inverted_residual_3 (InvertedRe (None, 32, 312, 64)  66304       inverted_residual_2[0][0]        
__________________________________________________________________________________________________
average_pooling2d_2 (AveragePoo (None, 16, 156, 64)  0           inverted_residual_3[0][0]        
__________________________________________________________________________________________________
batch_normalization_3 (BatchNor (None, 16, 156, 64)  256         average_pooling2d_2[0][0]        
__________________________________________________________________________________________________
dropout_2 (Dropout)             (None, 16, 156, 64)  0           batch_normalization_3[0][0]      
__________________________________________________________________________________________________
inverted_residual_4 (InvertedRe (None, 16, 156, 128) 91136       dropout_2[0][0]                  
__________________________________________________________________________________________________
inverted_residual_5 (InvertedRe (None, 16, 156, 128) 230912      inverted_residual_4[0][0]        
__________________________________________________________________________________________________
average_pooling2d_3 (AveragePoo (None, 8, 78, 128)   0           inverted_residual_5[0][0]        
__________________________________________________________________________________________________
batch_normalization_4 (BatchNor (None, 8, 78, 128)   512         average_pooling2d_3[0][0]        
__________________________________________________________________________________________________
dropout_3 (Dropout)             (None, 8, 78, 128)   0           batch_normalization_4[0][0]      
__________________________________________________________________________________________________
inverted_residual_6 (InvertedRe (None, 8, 78, 256)   329728      dropout_3[0][0]                  
__________________________________________________________________________________________________
inverted_residual_7 (InvertedRe (None, 8, 78, 256)   855040      inverted_residual_6[0][0]        
__________________________________________________________________________________________________
average_pooling2d_4 (AveragePoo (None, 4, 39, 256)   0           inverted_residual_7[0][0]        
__________________________________________________________________________________________________
batch_normalization_5 (BatchNor (None, 4, 39, 256)   1024        average_pooling2d_4[0][0]        
__________________________________________________________________________________________________
dropout_4 (Dropout)             (None, 4, 39, 256)   0           batch_normalization_5[0][0]      
__________________________________________________________________________________________________
inverted_residual_8 (InvertedRe (None, 4, 39, 512)   1249280     dropout_4[0][0]                  
__________________________________________________________________________________________________
inverted_residual_9 (InvertedRe (None, 4, 39, 512)   3282944     inverted_residual_8[0][0]        
__________________________________________________________________________________________________
global_average_pooling2d (Globa (None, 512)          0           inverted_residual_9[0][0]        
__________________________________________________________________________________________________
dense (Dense)                   (None, 1)            513         global_average_pooling2d[0][0]   
==================================================================================================
Total params: 6,200,749
Trainable params: 6,159,239
Non-trainable params: 41,510
__________________________________________________________________________________________________
Epoch 1/80
261/261 - 507s - loss: 0.6542 - accuracy: 0.6992 - val_loss: 0.5180 - val_accuracy: 0.7996
Confusion matrix: 
 [[870   0]
 [218   0]]
/home/alirachidi/anaconda3/envs/LungSoundClass/lib/python3.7/site-packages/sklearn/metrics/_classification.py:1272: UndefinedMetricWarning: Precision and F-score are ill-defined and being set to 0.0 due to no predicted samples. Use `zero_division` parameter to control this behavior.
  _warn_prf(average, modifier, msg_start, len(result))
Validation f1: 0.00
Validation accuracy: 79.96
Validation recall: 0.00
Validation precision: 0.00
Validation AUC: 0.16832930790977133
Validation class accuracies: [1.0, 0.0]
TARGET: 1
target metric(test f1): 0.0
inside not defaulting
The validation tracker metric at 0 hasn't increased by 0 in 1 epochs
Epoch 2/80
261/261 - 497s - loss: 0.5885 - accuracy: 0.7181 - val_loss: 0.5313 - val_accuracy: 0.7996
Confusion matrix: 
 [[870   0]
 [218   0]]
Validation f1: 0.00
Validation accuracy: 79.96
/home/alirachidi/anaconda3/envs/LungSoundClass/lib/python3.7/site-packages/sklearn/metrics/_classification.py:1272: UndefinedMetricWarning: Precision and F-score are ill-defined and being set to 0.0 due to no predicted samples. Use `zero_division` parameter to control this behavior.
  _warn_prf(average, modifier, msg_start, len(result))
Validation recall: 0.00
Validation precision: 0.00
Validation AUC: 0.1996105554165196
Validation class accuracies: [1.0, 0.0]
TARGET: 1
target metric(test f1): 0.0
inside not defaulting
The validation tracker metric at 0 hasn't increased by 0 in 2 epochs
Epoch 3/80
261/261 - 496s - loss: 0.5866 - accuracy: 0.7229 - val_loss: 0.5174 - val_accuracy: 0.7996
Confusion matrix: 
 [[870   0]
 [218   0]]
Validation f1: 0.00
/home/alirachidi/anaconda3/envs/LungSoundClass/lib/python3.7/site-packages/sklearn/metrics/_classification.py:1272: UndefinedMetricWarning: Precision and F-score are ill-defined and being set to 0.0 due to no predicted samples. Use `zero_division` parameter to control this behavior.
  _warn_prf(average, modifier, msg_start, len(result))
Validation accuracy: 79.96
Validation recall: 0.00
Validation precision: 0.00
Validation AUC: 0.17879414735057225
Validation class accuracies: [1.0, 0.0]
TARGET: 1
target metric(test f1): 0.0
inside not defaulting
The validation tracker metric at 0 hasn't increased by 0 in 3 epochs
Epoch 4/80
261/261 - 497s - loss: 0.5874 - accuracy: 0.7196 - val_loss: 0.5562 - val_accuracy: 0.7996
Confusion matrix: 
 [[870   0]
 [218   0]]
Validation f1: 0.00
/home/alirachidi/anaconda3/envs/LungSoundClass/lib/python3.7/site-packages/sklearn/metrics/_classification.py:1272: UndefinedMetricWarning: Precision and F-score are ill-defined and being set to 0.0 due to no predicted samples. Use `zero_division` parameter to control this behavior.
  _warn_prf(average, modifier, msg_start, len(result))
Validation accuracy: 79.96
Validation recall: 0.00
Validation precision: 0.00
Validation AUC: 0.17494534255535987
Validation class accuracies: [1.0, 0.0]
TARGET: 1
target metric(test f1): 0.0
inside not defaulting
Lr has been adjusted to 0.0002500000118743628
The validation tracker metric at 0 hasn't increased by 0 in 4 epochs
Epoch 5/80
261/261 - 495s - loss: 0.5755 - accuracy: 0.7222 - val_loss: 0.5257 - val_accuracy: 0.7987
Confusion matrix: 
 [[869   1]
 [218   0]]
Validation f1: 0.00
Validation accuracy: 79.87
Validation recall: 0.00
Validation precision: 0.00
Validation AUC: 0.20827981613733
Validation class accuracies: [0.9988505747126437, 0.0]
TARGET: 1
target metric(test f1): 0.0
inside not defaulting
The validation tracker metric at 0 hasn't increased by 0 in 5 epochs
Epoch 6/80
261/261 - 495s - loss: 0.5705 - accuracy: 0.7224 - val_loss: 0.5165 - val_accuracy: 0.7969
Confusion matrix: 
 [[866   4]
 [217   1]]
Validation f1: 0.90
Validation accuracy: 79.69
Validation recall: 0.46
Validation precision: 20.00
Validation AUC: 0.22216872256770911
Validation class accuracies: [0.9954022988505747, 0.0045871559633027525]
TARGET: 1
target metric(test f1): 0.008968609865470852
inside not defaulting
Saving model...
Epoch 7/80
261/261 - 496s - loss: 0.5686 - accuracy: 0.7217 - val_loss: 0.5054 - val_accuracy: 0.7987
Confusion matrix: 
 [[867   3]
 [216   2]]
Validation f1: 1.79
Validation accuracy: 79.87
Validation recall: 0.92
Validation precision: 40.00
Validation AUC: 0.24340736374505423
Validation class accuracies: [0.996551724137931, 0.009174311926605505]
TARGET: 1
target metric(test f1): 0.017937219730941704
inside not defaulting
Saving model...
Epoch 8/80
261/261 - 498s - loss: 0.5651 - accuracy: 0.7232 - val_loss: 0.5279 - val_accuracy: 0.7914
Confusion matrix: 
 [[857  13]
 [214   4]]
Validation f1: 3.40
Validation accuracy: 79.14
Validation recall: 1.83
Validation precision: 23.53
Validation AUC: 0.21284539796091834
Validation class accuracies: [0.9850574712643678, 0.01834862385321101]
TARGET: 1
target metric(test f1): 0.03404255319148936
inside not defaulting
Saving model...
Epoch 9/80
261/261 - 496s - loss: 0.5621 - accuracy: 0.7227 - val_loss: 0.7181 - val_accuracy: 0.4945
Confusion matrix: 
 [[453 417]
 [133  85]]
Validation f1: 23.61
Validation accuracy: 49.45
Validation recall: 38.99
Validation precision: 16.93
Validation AUC: 0.1818739644171096
Validation class accuracies: [0.5206896551724138, 0.38990825688073394]
TARGET: 1
target metric(test f1): 0.2361111111111111
inside not defaulting
Saving model...
Epoch 10/80
261/261 - 497s - loss: 0.5628 - accuracy: 0.7263 - val_loss: 0.5465 - val_accuracy: 0.7711
Confusion matrix: 
 [[825  45]
 [204  14]]
Validation f1: 10.11
Validation accuracy: 77.11
Validation recall: 6.42
Validation precision: 23.73
Validation AUC: 0.22063854843029912
Validation class accuracies: [0.9482758620689655, 0.06422018348623854]
TARGET: 1
target metric(test f1): 0.10108303249097474
inside not defaulting
The validation tracker metric at 0.2361111111111111 hasn't increased by 0 in 1 epochs
Epoch 11/80
261/261 - 496s - loss: 0.5556 - accuracy: 0.7256 - val_loss: 0.5480 - val_accuracy: 0.7914
Confusion matrix: 
 [[859  11]
 [216   2]]
Validation f1: 1.73
Validation accuracy: 79.14
Validation recall: 0.92
Validation precision: 15.38
Validation AUC: 0.19065951974709816
Validation class accuracies: [0.9873563218390805, 0.009174311926605505]
TARGET: 1
target metric(test f1): 0.017316017316017316
inside not defaulting
The validation tracker metric at 0.2361111111111111 hasn't increased by 0 in 2 epochs
Epoch 12/80
261/261 - 496s - loss: 0.5507 - accuracy: 0.7318 - val_loss: 0.5381 - val_accuracy: 0.7739
Confusion matrix: 
 [[839  31]
 [215   3]]
Validation f1: 2.38
Validation accuracy: 77.39
Validation recall: 1.38
Validation precision: 8.82
Validation AUC: 0.20562009017817623
Validation class accuracies: [0.964367816091954, 0.013761467889908258]
TARGET: 1
target metric(test f1): 0.02380952380952381
inside not defaulting
The validation tracker metric at 0.2361111111111111 hasn't increased by 0 in 3 epochs
Epoch 13/80
261/261 - 497s - loss: 0.5406 - accuracy: 0.7347 - val_loss: 0.5888 - val_accuracy: 0.7381
Confusion matrix: 
 [[774  96]
 [189  29]]
Validation f1: 16.91
Validation accuracy: 73.81
Validation recall: 13.30
Validation precision: 23.20
Validation AUC: 0.1962185634683689
Validation class accuracies: [0.8896551724137931, 0.13302752293577982]
TARGET: 1
target metric(test f1): 0.16909620991253643
inside not defaulting
Lr has been adjusted to 6.25000029685907e-05
The validation tracker metric at 0.2361111111111111 hasn't increased by 0 in 4 epochs
Epoch 14/80
261/261 - 496s - loss: 0.5214 - accuracy: 0.7400 - val_loss: 0.6007 - val_accuracy: 0.7298
Confusion matrix: 
 [[771  99]
 [195  23]]
Validation f1: 13.53
Validation accuracy: 72.98
Validation recall: 10.55
Validation precision: 18.85
Validation AUC: 0.19386982302071043
Validation class accuracies: [0.8862068965517241, 0.10550458715596331]
TARGET: 1
target metric(test f1): 0.13529411764705881
inside not defaulting
The validation tracker metric at 0.2361111111111111 hasn't increased by 0 in 5 epochs
Epoch 15/80
261/261 - 495s - loss: 0.5049 - accuracy: 0.7565 - val_loss: 0.7201 - val_accuracy: 0.6186
Confusion matrix: 
 [[595 275]
 [140  78]]
Validation f1: 27.32
Validation accuracy: 61.86
Validation recall: 35.78
Validation precision: 22.10
Validation AUC: 0.196672688785722
Validation class accuracies: [0.6839080459770115, 0.3577981651376147]
TARGET: 1
target metric(test f1): 0.2732049036777583
inside not defaulting
Saving model...
Epoch 16/80
261/261 - 497s - loss: 0.4967 - accuracy: 0.7594 - val_loss: 0.6756 - val_accuracy: 0.6599
Confusion matrix: 
 [[669 201]
 [169  49]]
Validation f1: 20.94
Validation accuracy: 65.99
Validation recall: 22.48
Validation precision: 19.60
Validation AUC: 0.1882540847883012
Validation class accuracies: [0.7689655172413793, 0.22477064220183487]
TARGET: 1
target metric(test f1): 0.2094017094017094
inside not defaulting
The validation tracker metric at 0.2732049036777583 hasn't increased by 0 in 1 epochs
Epoch 17/80
261/261 - 495s - loss: 0.4855 - accuracy: 0.7649 - val_loss: 0.6956 - val_accuracy: 0.6572
Confusion matrix: 
 [[671 199]
 [174  44]]
Validation f1: 19.09
Validation accuracy: 65.72
Validation recall: 20.18
Validation precision: 18.11
Validation AUC: 0.1798342766768256
Validation class accuracies: [0.771264367816092, 0.2018348623853211]
TARGET: 1
target metric(test f1): 0.1908893709327549
inside not defaulting
The validation tracker metric at 0.2732049036777583 hasn't increased by 0 in 2 epochs
Epoch 18/80
261/261 - 495s - loss: 0.4755 - accuracy: 0.7758 - val_loss: 0.6614 - val_accuracy: 0.6994
Confusion matrix: 
 [[732 138]
 [189  29]]
Validation f1: 15.06
Validation accuracy: 69.94
Validation recall: 13.30
Validation precision: 17.37
Validation AUC: 0.17635732020519884
Validation class accuracies: [0.8413793103448276, 0.13302752293577982]
TARGET: 1
target metric(test f1): 0.15064935064935064
inside not defaulting
The validation tracker metric at 0.2732049036777583 hasn't increased by 0 in 3 epochs
Epoch 19/80
261/261 - 498s - loss: 0.4695 - accuracy: 0.7772 - val_loss: 0.6439 - val_accuracy: 0.7169
Confusion matrix: 
 [[749 121]
 [187  31]]
Validation f1: 16.76
Validation accuracy: 71.69
Validation recall: 14.22
Validation precision: 20.39
Validation AUC: 0.18578463512507207
Validation class accuracies: [0.860919540229885, 0.14220183486238533]
TARGET: 1
target metric(test f1): 0.16756756756756758
inside not defaulting
Lr has been adjusted to 1.5625000742147677e-05
The validation tracker metric at 0.2732049036777583 hasn't increased by 0 in 4 epochs
Epoch 20/80
261/261 - 496s - loss: 0.4496 - accuracy: 0.7935 - val_loss: 0.7207 - val_accuracy: 0.6443
Confusion matrix: 
 [[657 213]
 [174  44]]
Validation f1: 18.53
Validation accuracy: 64.43
Validation recall: 20.18
Validation precision: 17.12
Validation AUC: 0.182801974368885
Validation class accuracies: [0.7551724137931034, 0.2018348623853211]
TARGET: 1
target metric(test f1): 0.18526315789473682
inside not defaulting
The validation tracker metric at 0.2732049036777583 hasn't increased by 0 in 5 epochs
Epoch 21/80
261/261 - 496s - loss: 0.4418 - accuracy: 0.7873 - val_loss: 0.7115 - val_accuracy: 0.6664
Confusion matrix: 
 [[692 178]
 [185  33]]
Validation f1: 15.38
Validation accuracy: 66.64
Validation recall: 15.14
Validation precision: 15.64
Validation AUC: 0.1774316665364522
Validation class accuracies: [0.7954022988505747, 0.15137614678899083]
TARGET: 1
target metric(test f1): 0.15384615384615383
inside not defaulting
The validation tracker metric at 0.2732049036777583 hasn't increased by 0 in 6 epochs
Epoch 22/80
261/261 - 496s - loss: 0.4445 - accuracy: 0.7957 - val_loss: 0.7429 - val_accuracy: 0.6425
Confusion matrix: 
 [[659 211]
 [178  40]]
Validation f1: 17.06
Validation accuracy: 64.25
Validation recall: 18.35
Validation precision: 15.94
Validation AUC: 0.17212449846475647
Validation class accuracies: [0.7574712643678161, 0.1834862385321101]
TARGET: 1
target metric(test f1): 0.1705756929637527
inside not defaulting
The validation tracker metric at 0.2732049036777583 hasn't increased by 0 in 7 epochs
Epoch 23/80
261/261 - 497s - loss: 0.4412 - accuracy: 0.8012 - val_loss: 0.7256 - val_accuracy: 0.6581
Confusion matrix: 
 [[684 186]
 [186  32]]
Validation f1: 14.68
Validation accuracy: 65.81
Validation recall: 14.68
Validation precision: 14.68
Validation AUC: 0.1736248469152255
Validation class accuracies: [0.7862068965517242, 0.14678899082568808]
TARGET: 1
target metric(test f1): 0.14678899082568808
inside not defaulting
Lr has been adjusted to 3.906250185536919e-06
The validation tracker metric at 0.2732049036777583 hasn't increased by 0 in 8 epochs
Epoch 24/80
261/261 - 497s - loss: 0.4353 - accuracy: 0.7976 - val_loss: 0.7447 - val_accuracy: 0.6406
Confusion matrix: 
 [[660 210]
 [181  37]]
Validation f1: 15.91
Validation accuracy: 64.06
Validation recall: 16.97
Validation precision: 14.98
Validation AUC: 0.174072437801943
Validation class accuracies: [0.7586206896551724, 0.16972477064220184]
TARGET: 1
target metric(test f1): 0.15913978494623657
inside not defaulting
The validation tracker metric at 0.2732049036777583 hasn't increased by 0 in 9 epochs
Epoch 25/80
261/261 - 498s - loss: 0.4332 - accuracy: 0.7986 - val_loss: 0.7526 - val_accuracy: 0.6360
Confusion matrix: 
 [[655 215]
 [181  37]]
Validation f1: 15.74
Validation accuracy: 63.60
Validation recall: 16.97
Validation precision: 14.68
Validation AUC: 0.17326459764824645
Validation class accuracies: [0.7528735632183908, 0.16972477064220184]
TARGET: 1
target metric(test f1): 0.1574468085106383
inside not defaulting
The validation tracker metric at 0.2732049036777583 hasn't increased by 0 in 10 epochs
Epoch 26/80
261/261 - 496s - loss: 0.4377 - accuracy: 0.7998 - val_loss: 0.7566 - val_accuracy: 0.6388
Confusion matrix: 
 [[658 212]
 [181  37]]
Validation f1: 15.85
Validation accuracy: 63.88
Validation recall: 16.97
Validation precision: 14.86
Validation AUC: 0.1742674897019687
Validation class accuracies: [0.7563218390804598, 0.16972477064220184]
TARGET: 1
target metric(test f1): 0.15845824411134904
inside not defaulting
The validation tracker metric at 0.2732049036777583 hasn't increased by 0 in 11 epochs
Epoch 27/80
261/261 - 496s - loss: 0.4266 - accuracy: 0.8046 - val_loss: 0.7665 - val_accuracy: 0.6241
Confusion matrix: 
 [[641 229]
 [180  38]]
Validation f1: 15.67
Validation accuracy: 62.41
Validation recall: 17.43
Validation precision: 14.23
Validation AUC: 0.17440142924603141
Validation class accuracies: [0.7367816091954023, 0.1743119266055046]
TARGET: 1
target metric(test f1): 0.15670103092783505
inside not defaulting
Lr has been adjusted to 9.765625463842298e-07
The validation tracker metric at 0.2732049036777583 hasn't increased by 0 in 12 epochs
Epoch 28/80
261/261 - 496s - loss: 0.4278 - accuracy: 0.8048 - val_loss: 0.7637 - val_accuracy: 0.6314
Confusion matrix: 
 [[648 222]
 [179  39]]
Validation f1: 16.28
Validation accuracy: 63.14
Validation recall: 17.89
Validation precision: 14.94
Validation AUC: 0.1744621004819042
Validation class accuracies: [0.7448275862068966, 0.17889908256880735]
TARGET: 1
target metric(test f1): 0.16283924843423803
inside not defaulting
The validation tracker metric at 0.2732049036777583 hasn't increased by 0 in 13 epochs
Epoch 29/80
261/261 - 496s - loss: 0.4271 - accuracy: 0.8046 - val_loss: 0.7597 - val_accuracy: 0.6351
Confusion matrix: 
 [[653 217]
 [180  38]]
Validation f1: 16.07
Validation accuracy: 63.51
Validation recall: 17.43
Validation precision: 14.90
Validation AUC: 0.17441006848495397
Validation class accuracies: [0.7505747126436781, 0.1743119266055046]
TARGET: 1
target metric(test f1): 0.16067653276955604
inside not defaulting
The validation tracker metric at 0.2732049036777583 hasn't increased by 0 in 14 epochs
Epoch 30/80
261/261 - 497s - loss: 0.4302 - accuracy: 0.7995 - val_loss: 0.7758 - val_accuracy: 0.6222
Confusion matrix: 
 [[635 235]
 [176  42]]
Validation f1: 16.97
Validation accuracy: 62.22
Validation recall: 19.27
Validation precision: 15.16
Validation AUC: 0.17462921457347952
Validation class accuracies: [0.7298850574712644, 0.1926605504587156]
TARGET: 1
target metric(test f1): 0.1696969696969697
inside not defaulting
The validation tracker metric at 0.2732049036777583 hasn't increased by 0 in 15 epochs
Epoch 31/80
261/261 - 497s - loss: 0.4260 - accuracy: 0.8060 - val_loss: 0.7734 - val_accuracy: 0.6167
Confusion matrix: 
 [[628 242]
 [175  43]]
Validation f1: 17.10
Validation accuracy: 61.67
Validation recall: 19.72
Validation precision: 15.09
Validation AUC: 0.17552908306678755
Validation class accuracies: [0.7218390804597701, 0.19724770642201836]
TARGET: 1
target metric(test f1): 0.17097415506958252
inside not defaulting
Lr has been adjusted to 2.4414063659605745e-07
The validation tracker metric at 0.2732049036777583 hasn't increased by 0 in 16 epochs
Epoch 32/80
261/261 - 495s - loss: 0.4201 - accuracy: 0.8065 - val_loss: 0.7738 - val_accuracy: 0.6204
Confusion matrix: 
 [[633 237]
 [176  42]]
Validation f1: 16.90
Validation accuracy: 62.04
Validation recall: 19.27
Validation precision: 15.05
Validation AUC: 0.1753441264837711
Validation class accuracies: [0.7275862068965517, 0.1926605504587156]
TARGET: 1
target metric(test f1): 0.16901408450704225
inside not defaulting
The validation tracker metric at 0.2732049036777583 hasn't increased by 0 in 17 epochs
Epoch 33/80
261/261 - 497s - loss: 0.4210 - accuracy: 0.8062 - val_loss: 0.7749 - val_accuracy: 0.6204
Confusion matrix: 
 [[633 237]
 [176  42]]
Validation f1: 16.90
Validation accuracy: 62.04
Validation recall: 19.27
Validation precision: 15.05
Validation AUC: 0.17508057587011538
Validation class accuracies: [0.7275862068965517, 0.1926605504587156]
TARGET: 1
target metric(test f1): 0.16901408450704225
inside not defaulting
The validation tracker metric at 0.2732049036777583 hasn't increased by 0 in 18 epochs
Epoch 34/80
261/261 - 497s - loss: 0.4263 - accuracy: 0.8029 - val_loss: 0.7559 - val_accuracy: 0.6388
Confusion matrix: 
 [[657 213]
 [180  38]]
Validation f1: 16.20
Validation accuracy: 63.88
Validation recall: 17.43
Validation precision: 15.14
Validation AUC: 0.17402681287114297
Validation class accuracies: [0.7551724137931034, 0.1743119266055046]
TARGET: 1
target metric(test f1): 0.16204690831556504
inside not defaulting
The validation tracker metric at 0.2732049036777583 hasn't increased by 0 in 19 epochs
Epoch 35/80
261/261 - 496s - loss: 0.4258 - accuracy: 0.8019 - val_loss: 0.7541 - val_accuracy: 0.6480
Confusion matrix: 
 [[669 201]
 [182  36]]
Validation f1: 15.82
Validation accuracy: 64.80
Validation recall: 16.51
Validation precision: 15.19
Validation AUC: 0.1738616027494509
Validation class accuracies: [0.7689655172413793, 0.1651376146788991]
TARGET: 1
target metric(test f1): 0.15824175824175823
inside not defaulting
Lr has been adjusted to 6.103515914901436e-08
The validation tracker metric at 0.2732049036777583 hasn't increased by 0 in 20 epochs
Epoch 36/80
261/261 - 495s - loss: 0.4289 - accuracy: 0.7998 - val_loss: 0.7752 - val_accuracy: 0.6158
Confusion matrix: 
 [[628 242]
 [176  42]]
Validation f1: 16.73
Validation accuracy: 61.58
Validation recall: 19.27
Validation precision: 14.79
Validation AUC: 0.17558287941658876
Validation class accuracies: [0.7218390804597701, 0.1926605504587156]
TARGET: 1
target metric(test f1): 0.16733067729083667
inside not defaulting
The validation tracker metric at 0.2732049036777583 hasn't increased by 0 in 21 epochs
Epoch 37/80
261/261 - 497s - loss: 0.4289 - accuracy: 0.7983 - val_loss: 0.7723 - val_accuracy: 0.6259
Confusion matrix: 
 [[640 230]
 [177  41]]
Validation f1: 16.77
Validation accuracy: 62.59
Validation recall: 18.81
Validation precision: 15.13
Validation AUC: 0.17486517411528957
Validation class accuracies: [0.735632183908046, 0.18807339449541285]
TARGET: 1
target metric(test f1): 0.16768916155419222
inside not defaulting
The validation tracker metric at 0.2732049036777583 hasn't increased by 0 in 22 epochs
Epoch 38/80
261/261 - 496s - loss: 0.4275 - accuracy: 0.8036 - val_loss: 0.7762 - val_accuracy: 0.6195
Confusion matrix: 
 [[632 238]
 [176  42]]
Validation f1: 16.87
Validation accuracy: 61.95
Validation recall: 19.27
Validation precision: 15.00
Validation AUC: 0.17484578562464906
Validation class accuracies: [0.7264367816091954, 0.1926605504587156]
TARGET: 1
target metric(test f1): 0.16867469879518074
inside not defaulting
The validation tracker metric at 0.2732049036777583 hasn't increased by 0 in 23 epochs
Epoch 39/80
261/261 - 495s - loss: 0.4232 - accuracy: 0.8132 - val_loss: 0.7647 - val_accuracy: 0.6305
Confusion matrix: 
 [[647 223]
 [179  39]]
Validation f1: 16.25
Validation accuracy: 63.05
Validation recall: 17.89
Validation precision: 14.89
Validation AUC: 0.17460897590860985
Validation class accuracies: [0.7436781609195402, 0.17889908256880735]
TARGET: 1
target metric(test f1): 0.1625
inside not defaulting
Lr has been adjusted to 1.525878978725359e-08
The validation tracker metric at 0.2732049036777583 hasn't increased by 0 in 24 epochs
Epoch 40/80
261/261 - 496s - loss: 0.4260 - accuracy: 0.8026 - val_loss: 0.7694 - val_accuracy: 0.6259
Confusion matrix: 
 [[641 229]
 [178  40]]
Validation f1: 16.43
Validation accuracy: 62.59
Validation recall: 18.35
Validation precision: 14.87
Validation AUC: 0.17456970745372774
Validation class accuracies: [0.7367816091954023, 0.1834862385321101]

The metrics for the epoch with the best target metric are: 
Best cm: [[595 275]
 [140  78]]
Best f1: 0.2732049036777583
Best accuracy: 0.6185661764705882
Best recall: 0.3577981651376147
Best precision: 0.22096317280453256
Best AUC: 0.196672688785722
Best epoch: 15
TARGET: 1
target metric(test f1): 0.16427104722792607
inside not defaulting
The number of epochs since last 1% equals the patience

Starting the Bangladesh analysis...
Epoch: 80
Starting...
CM: [[15 45]
 [ 6  9]]
F1: 0.2608695652173913
AUC: 0.4233333333333334
Accuracy: 0.32
Precision: 0.16666666666666666
Recall: 0.6
Ended. Saving the Excel Sheet ../../new_cache/conv__2160__05_0124__v32__v32/validation_sheet_80.xls...
Done.
Epoch: 80
Starting...
CM: [[29 31]
 [10  5]]
F1: 0.19607843137254902
AUC: 0.3027777777777778
Accuracy: 0.4533333333333333
Precision: 0.1388888888888889
Recall: 0.3333333333333333
Ended. Saving the Excel Sheet ../../new_cache/conv__2160__05_0124__v32__v32/validation_sheet_80.xls...
Done.
Epoch: 80
Starting...
CM: [[43 17]
 [13  2]]
F1: 0.11764705882352941
AUC: 0.20596491228070174
Accuracy: 0.6
Precision: 0.10526315789473684
Recall: 0.13333333333333333
Ended. Saving the Excel Sheet ../../new_cache/conv__2160__05_0124__v32__v32/validation_sheet_80.xls...
Done.
Epoch: epoch15
Starting...
CM: [[ 9 51]
 [ 4 11]]
F1: 0.2857142857142857
AUC: 0.4820430107526882
Accuracy: 0.26666666666666666
Precision: 0.1774193548387097
Recall: 0.7333333333333333
Ended. Saving the Excel Sheet ../../new_cache/conv__2160__05_0124__v32__v32/validation_sheet_epoch15.xls...
Done.
Epoch: epoch15
Starting...
CM: [[23 37]
 [ 5 10]]
F1: 0.3225806451612903
AUC: 0.473049645390071
Accuracy: 0.44
Precision: 0.2127659574468085
Recall: 0.6666666666666666
Ended. Saving the Excel Sheet ../../new_cache/conv__2160__05_0124__v32__v32/validation_sheet_epoch15.xls...
Done.
Epoch: epoch15
Starting...
CM: [[37 23]
 [ 7  8]]
F1: 0.34782608695652173
AUC: 0.4423655913978494
Accuracy: 0.6
Precision: 0.25806451612903225
Recall: 0.5333333333333333
Ended. Saving the Excel Sheet ../../new_cache/conv__2160__05_0124__v32__v32/validation_sheet_epoch15.xls...
Done.
Epoch: epoch6
Starting...
CM: [[59  1]
 [15  0]]
F1: 0.0
AUC: 0.1
Accuracy: 0.7866666666666666
Precision: 0.0
Recall: 0.0
Ended. Saving the Excel Sheet ../../new_cache/conv__2160__05_0124__v32__v32/validation_sheet_epoch6.xls...
Done.
Epoch: epoch6
Starting...
CM: [[60  0]
 [15  0]]
F1: 0.0
AUC: 0.6
Accuracy: 0.8
Precision: 0.0
Recall: 0.0
Ended. Saving the Excel Sheet ../../new_cache/conv__2160__05_0124__v32__v32/validation_sheet_epoch6.xls...
Done.
Epoch: epoch6
Starting...
CM: [[60  0]
 [15  0]]
F1: 0.0
AUC: 0.6
Accuracy: 0.8
Precision: 0.0
Recall: 0.0
Ended. Saving the Excel Sheet ../../new_cache/conv__2160__05_0124__v32__v32/validation_sheet_epoch6.xls...
Done.
Epoch: epoch7
Starting...
CM: [[59  1]
 [14  1]]
F1: 0.11764705882352941
AUC: 0.37666666666666665
Accuracy: 0.8
Precision: 0.5
Recall: 0.06666666666666667
Ended. Saving the Excel Sheet ../../new_cache/conv__2160__05_0124__v32__v32/validation_sheet_epoch7.xls...
Done.
Epoch: epoch7
Starting...
CM: [[60  0]
 [15  0]]
F1: 0.0
AUC: 0.6
Accuracy: 0.8
Precision: 0.0
Recall: 0.0
Ended. Saving the Excel Sheet ../../new_cache/conv__2160__05_0124__v32__v32/validation_sheet_epoch7.xls...
Done.
Epoch: epoch7
Starting...
CM: [[60  0]
 [15  0]]
F1: 0.0
AUC: 0.6
Accuracy: 0.8
Precision: 0.0
Recall: 0.0
Ended. Saving the Excel Sheet ../../new_cache/conv__2160__05_0124__v32__v32/validation_sheet_epoch7.xls...
Done.
Epoch: epoch8
Starting...
CM: [[55  5]
 [13  2]]
F1: 0.18181818181818182
AUC: 0.29619047619047617
Accuracy: 0.76
Precision: 0.2857142857142857
Recall: 0.13333333333333333
Ended. Saving the Excel Sheet ../../new_cache/conv__2160__05_0124__v32__v32/validation_sheet_epoch8.xls...
Done.
Epoch: epoch8
Starting...
CM: [[59  1]
 [15  0]]
F1: 0.0
AUC: 0.1
Accuracy: 0.7866666666666666
Precision: 0.0
Recall: 0.0
Ended. Saving the Excel Sheet ../../new_cache/conv__2160__05_0124__v32__v32/validation_sheet_epoch8.xls...
Done.
Epoch: epoch8
Starting...
CM: [[60  0]
 [15  0]]
F1: 0.0
AUC: 0.6
Accuracy: 0.8
Precision: 0.0
Recall: 0.0
Ended. Saving the Excel Sheet ../../new_cache/conv__2160__05_0124__v32__v32/validation_sheet_epoch8.xls...
Done.
Epoch: epoch9
Starting...
CM: [[ 1 59]
 [ 1 14]]
F1: 0.3181818181818181
AUC: 0.5692237442922373
Accuracy: 0.2
Precision: 0.1917808219178082
Recall: 0.9333333333333333
Ended. Saving the Excel Sheet ../../new_cache/conv__2160__05_0124__v32__v32/validation_sheet_epoch9.xls...
Done.
Epoch: epoch9
Starting...
CM: [[10 50]
 [ 2 13]]
F1: 0.3333333333333333
AUC: 0.5498412698412698
Accuracy: 0.30666666666666664
Precision: 0.20634920634920634
Recall: 0.8666666666666667
Ended. Saving the Excel Sheet ../../new_cache/conv__2160__05_0124__v32__v32/validation_sheet_epoch9.xls...
Done.
Epoch: epoch9
Starting...
CM: [[23 37]
 [ 7  8]]
F1: 0.26666666666666666
AUC: 0.4022222222222222
Accuracy: 0.41333333333333333
Precision: 0.17777777777777778
Recall: 0.5333333333333333
Ended. Saving the Excel Sheet ../../new_cache/conv__2160__05_0124__v32__v32/validation_sheet_epoch9.xls...
Done.
/home/alirachidi/anaconda3/envs/LungSoundClass/lib/python3.7/site-packages/sklearn/metrics/_classification.py:1272: UndefinedMetricWarning: Precision and F-score are ill-defined and being set to 0.0 due to no predicted samples. Use `zero_division` parameter to control this behavior.
  _warn_prf(average, modifier, msg_start, len(result))
wandb: Waiting for W&B process to finish, PID 19547
wandb: Program ended successfully.
wandb: - 0.11MB of 0.11MB uploaded (0.00MB deduped)wandb: \ 0.11MB of 0.11MB uploaded (0.00MB deduped)wandb: | 0.11MB of 0.12MB uploaded (0.00MB deduped)wandb: / 0.12MB of 0.12MB uploaded (0.00MB deduped)wandb: - 0.12MB of 0.12MB uploaded (0.00MB deduped)wandb: \ 0.12MB of 0.12MB uploaded (0.00MB deduped)wandb: | 0.12MB of 0.12MB uploaded (0.00MB deduped)wandb: / 0.12MB of 0.12MB uploaded (0.00MB deduped)wandb: - 0.12MB of 0.12MB uploaded (0.00MB deduped)wandb: \ 0.12MB of 0.12MB uploaded (0.00MB deduped)wandb:                                                                                
wandb: Find user logs for this run at: /home/alirachidi/classification_algorithm/trainers/main/wandb/run-20210526_012547-29tuw9yu/logs/debug.log
wandb: Find internal logs for this run at: /home/alirachidi/classification_algorithm/trainers/main/wandb/run-20210526_012547-29tuw9yu/logs/debug-internal.log
wandb: Run summary:
wandb:       train_accuracy 0.80264
wandb:         val_accuracy 0.62592
wandb:             _runtime 21297
wandb:           _timestamp 1622013644
wandb:                _step 298
wandb:           train_loss 0.42602
wandb:             val_loss 0.7694
wandb:           val_recall 0.18349
wandb:        val_precision 0.1487
wandb:               val_f1 0.16427
wandb:              val_auc 0.17457
wandb:                   lr 0.0
wandb:          best_val_f1 0.2732
wandb:    best_val_accuracy 0.61857
wandb:   best_val_precision 0.22096
wandb:      best_val_recall 0.3578
wandb:             best_auc 0.19667
wandb:           best_epoch 15
wandb:           best_bd_f1 0.34783
wandb:          best_bd_auc 0.44237
wandb:     best_bd_accuracy 0.6
wandb:    best_bd_precision 0.25806
wandb:       best_bd_recall 0.53333
wandb:        best_bd_epoch epoch15
wandb: Run history:
wandb:   train_accuracy ▁▂▂▂▂▂▂▂▂▃▃▃▃▄▅▅▅▆▆▇▆▇▇▇▇▇▇▇▇▇███▇▇▇▇▇█▇
wandb:     val_accuracy ████████▁▇█▇▇▆▄▅▅▆▆▄▅▄▅▄▄▄▄▄▄▄▄▄▄▄▅▄▄▄▄▄
wandb:         _runtime ▁▁▁▂▂▂▂▂▂▂▃▃▃▃▃▄▄▄▄▄▄▅▅▅▅▅▅▆▆▆▆▇▇▇▇▇▇███
wandb:       _timestamp ▁▁▁▂▂▂▂▂▂▂▃▃▃▃▃▄▄▄▄▄▄▅▅▅▅▅▅▆▆▆▆▇▇▇▇▇▇███
wandb:            _step ▁▁▁▁▂▂▂▂▂▃▃▃▃▃▃▄▄▄▄▄▅▅▅▅▅▅▆▆▆▆▆▇▇▇▇▇▇███
wandb:       train_loss █▆▆▆▆▅▅▅▅▅▅▅▅▄▄▃▃▃▂▂▂▂▂▁▁▂▁▁▁▁▁▁▁▁▁▁▁▁▁▁
wandb:         val_loss ▁▂▁▂▂▁▁▂▆▂▂▂▃▃▇▅▆▅▅▇▆▇▇▇▇▇███████▇▇█████
wandb:       val_recall ▁▁▁▁▁▁▁▁█▂▁▁▃▃▇▅▅▃▄▅▄▄▄▄▄▄▄▄▄▄▅▄▄▄▄▄▄▄▄▄
wandb:    val_precision ▁▁▁▁▁▅█▅▄▅▄▃▅▄▅▄▄▄▅▄▄▄▄▄▄▄▃▄▄▄▄▄▄▄▄▄▄▄▄▄
wandb:           val_f1 ▁▁▁▁▁▁▁▂▇▄▁▂▅▄█▆▆▅▅▆▅▅▅▅▅▅▅▅▅▅▅▅▅▅▅▅▅▅▅▅
wandb:          val_auc ▁▄▂▂▅▆█▅▂▆▃▄▄▃▄▃▂▂▃▂▂▁▁▂▁▂▂▂▂▂▂▂▂▂▂▂▂▂▂▂
wandb:               lr ████▃▃▃▃▃▃▃▃▃▁▁▁▁▁▁▁▁▁▁▁▁▁▁▁▁▁▁▁▁▁▁▁▁▁▁▁
wandb: 
wandb: Synced 6 W&B file(s), 19 media file(s), 14 artifact file(s) and 0 other file(s)
wandb: 
wandb: Synced train2160: https://wandb.ai/arachid1/tensorboard-integration/runs/29tuw9yu


 See logs at ../../new_cache/conv__2160__05_0124__v32__v32/logs/