Category:  coch
Dataset:  all_sw_coch_preprocessed_v2_param_v34_augm_v0_cleaned_8000.pkl
File:  conv.train2169
Description:  0mean_1variance
2021-05-31 16:33:29.178577: I tensorflow/stream_executor/platform/default/dso_loader.cc:49] Successfully opened dynamic library libcudart.so.11.0
2021-05-31 16:33:39.012669: I tensorflow/compiler/jit/xla_cpu_device.cc:41] Not creating XLA devices, tf_xla_enable_xla_devices not set
2021-05-31 16:33:39.045143: I tensorflow/stream_executor/platform/default/dso_loader.cc:49] Successfully opened dynamic library libcuda.so.1
2021-05-31 16:33:39.711365: I tensorflow/stream_executor/cuda/cuda_gpu_executor.cc:941] successful NUMA node read from SysFS had negative value (-1), but there must be at least one NUMA node, so returning NUMA node zero
2021-05-31 16:33:39.712197: I tensorflow/core/common_runtime/gpu/gpu_device.cc:1720] Found device 0 with properties: 
pciBusID: 0000:00:04.0 name: Tesla V100-SXM2-16GB computeCapability: 7.0
coreClock: 1.53GHz coreCount: 80 deviceMemorySize: 15.78GiB deviceMemoryBandwidth: 836.37GiB/s
2021-05-31 16:33:39.712239: I tensorflow/stream_executor/platform/default/dso_loader.cc:49] Successfully opened dynamic library libcudart.so.11.0
2021-05-31 16:33:39.779573: I tensorflow/stream_executor/platform/default/dso_loader.cc:49] Successfully opened dynamic library libcublas.so.11
2021-05-31 16:33:39.779673: I tensorflow/stream_executor/platform/default/dso_loader.cc:49] Successfully opened dynamic library libcublasLt.so.11
2021-05-31 16:33:39.810552: I tensorflow/stream_executor/platform/default/dso_loader.cc:49] Successfully opened dynamic library libcufft.so.10
2021-05-31 16:33:39.829417: I tensorflow/stream_executor/platform/default/dso_loader.cc:49] Successfully opened dynamic library libcurand.so.10
2021-05-31 16:33:39.848776: I tensorflow/stream_executor/platform/default/dso_loader.cc:49] Successfully opened dynamic library libcusolver.so.10
2021-05-31 16:33:39.869093: I tensorflow/stream_executor/platform/default/dso_loader.cc:49] Successfully opened dynamic library libcusparse.so.11
2021-05-31 16:33:39.884871: I tensorflow/stream_executor/platform/default/dso_loader.cc:49] Successfully opened dynamic library libcudnn.so.8
2021-05-31 16:33:39.885077: I tensorflow/stream_executor/cuda/cuda_gpu_executor.cc:941] successful NUMA node read from SysFS had negative value (-1), but there must be at least one NUMA node, so returning NUMA node zero
2021-05-31 16:33:39.885931: I tensorflow/stream_executor/cuda/cuda_gpu_executor.cc:941] successful NUMA node read from SysFS had negative value (-1), but there must be at least one NUMA node, so returning NUMA node zero
2021-05-31 16:33:39.888052: I tensorflow/core/common_runtime/gpu/gpu_device.cc:1862] Adding visible gpu devices: 0
wandb: Currently logged in as: arachid1 (use `wandb login --relogin` to force relogin)
Tensorflow Version: 2.4.0
Num GPUs Available:  1
-----------------------
Using module located at /main/models/conv/train2169.py
Using train_file located at ../../data/datasets/all_sw_coch_preprocessed_v2_param_v34_augm_v0_cleaned_8000.pkl
Using logs_path located at ../../new_cache/conv__2169__05_1625__v34__0mean_1variance/logs/
-----------------------
Collecting Variables...
Model Parameters: {'N_CLASSES': 1, 'SR': 8000, 'BATCH_SIZE': 16, 'LR': 0.001, 'SHAPE': (128, 1250, 1), 'WEIGHT_DECAY': 0.001, 'LL2_REG': 0, 'EPSILON': 1e-07, 'LABEL_SMOOTHING': 0}
Learning Rate Parameters: {'factor': 0.25, 'patience': 4, 'min_lr': 1e-10}
Early Stopping Patience and Delta: 25, 0%
Six: False and Concat: False
-----------------------
wandb: wandb version 0.10.31 is available!  To upgrade, please run:
wandb:  $ pip install wandb --upgrade
wandb: Tracking run with wandb version 0.10.30
wandb: Syncing run train2169
wandb: â­ï¸ View project at https://wandb.ai/arachid1/tensorboard-integration
wandb: ðŸš€ View run at https://wandb.ai/arachid1/tensorboard-integration/runs/2t290bs7
wandb: Run data is saved locally in /home/alirachidi/classification_algorithm/trainers/main/wandb/run-20210531_163340-2t290bs7
wandb: Run `wandb offline` to turn off syncing.
2021-05-31 16:33:46.318928: I tensorflow/compiler/jit/xla_gpu_device.cc:99] Not creating XLA devices, tf_xla_enable_xla_devices not set
2021-05-31 16:33:46.319180: I tensorflow/stream_executor/cuda/cuda_gpu_executor.cc:941] successful NUMA node read from SysFS had negative value (-1), but there must be at least one NUMA node, so returning NUMA node zero
2021-05-31 16:33:46.320019: I tensorflow/core/common_runtime/gpu/gpu_device.cc:1720] Found device 0 with properties: 
pciBusID: 0000:00:04.0 name: Tesla V100-SXM2-16GB computeCapability: 7.0
coreClock: 1.53GHz coreCount: 80 deviceMemorySize: 15.78GiB deviceMemoryBandwidth: 836.37GiB/s
2021-05-31 16:33:46.320079: I tensorflow/stream_executor/platform/default/dso_loader.cc:49] Successfully opened dynamic library libcudart.so.11.0
2021-05-31 16:33:46.320143: I tensorflow/stream_executor/platform/default/dso_loader.cc:49] Successfully opened dynamic library libcublas.so.11
2021-05-31 16:33:46.320177: I tensorflow/stream_executor/platform/default/dso_loader.cc:49] Successfully opened dynamic library libcublasLt.so.11
2021-05-31 16:33:46.320207: I tensorflow/stream_executor/platform/default/dso_loader.cc:49] Successfully opened dynamic library libcufft.so.10
2021-05-31 16:33:46.320236: I tensorflow/stream_executor/platform/default/dso_loader.cc:49] Successfully opened dynamic library libcurand.so.10
2021-05-31 16:33:46.320264: I tensorflow/stream_executor/platform/default/dso_loader.cc:49] Successfully opened dynamic library libcusolver.so.10
2021-05-31 16:33:46.320292: I tensorflow/stream_executor/platform/default/dso_loader.cc:49] Successfully opened dynamic library libcusparse.so.11
2021-05-31 16:33:46.320318: I tensorflow/stream_executor/platform/default/dso_loader.cc:49] Successfully opened dynamic library libcudnn.so.8
2021-05-31 16:33:46.320431: I tensorflow/stream_executor/cuda/cuda_gpu_executor.cc:941] successful NUMA node read from SysFS had negative value (-1), but there must be at least one NUMA node, so returning NUMA node zero
2021-05-31 16:33:46.321295: I tensorflow/stream_executor/cuda/cuda_gpu_executor.cc:941] successful NUMA node read from SysFS had negative value (-1), but there must be at least one NUMA node, so returning NUMA node zero
2021-05-31 16:33:46.322070: I tensorflow/core/common_runtime/gpu/gpu_device.cc:1862] Adding visible gpu devices: 0
2021-05-31 16:33:46.324236: I tensorflow/stream_executor/platform/default/dso_loader.cc:49] Successfully opened dynamic library libcudart.so.11.0
2021-05-31 16:33:48.450125: I tensorflow/core/common_runtime/gpu/gpu_device.cc:1261] Device interconnect StreamExecutor with strength 1 edge matrix:
2021-05-31 16:33:48.450171: I tensorflow/core/common_runtime/gpu/gpu_device.cc:1267]      0 
2021-05-31 16:33:48.450181: I tensorflow/core/common_runtime/gpu/gpu_device.cc:1280] 0:   N 
2021-05-31 16:33:48.453649: I tensorflow/stream_executor/cuda/cuda_gpu_executor.cc:941] successful NUMA node read from SysFS had negative value (-1), but there must be at least one NUMA node, so returning NUMA node zero
2021-05-31 16:33:48.454593: I tensorflow/stream_executor/cuda/cuda_gpu_executor.cc:941] successful NUMA node read from SysFS had negative value (-1), but there must be at least one NUMA node, so returning NUMA node zero
2021-05-31 16:33:48.455397: I tensorflow/stream_executor/cuda/cuda_gpu_executor.cc:941] successful NUMA node read from SysFS had negative value (-1), but there must be at least one NUMA node, so returning NUMA node zero
2021-05-31 16:33:48.456161: I tensorflow/core/common_runtime/gpu/gpu_device.cc:1406] Created TensorFlow device (/job:localhost/replica:0/task:0/device:GPU:0 with 14760 MB memory) -> physical GPU (device: 0, name: Tesla V100-SXM2-16GB, pci bus id: 0000:00:04.0, compute capability: 7.0)
2021-05-31 16:34:24.580799: I tensorflow/compiler/mlir/mlir_graph_optimization_pass.cc:116] None of the MLIR optimization passes are enabled (registered 2)
2021-05-31 16:34:24.589021: I tensorflow/core/platform/profile_utils/cpu_utils.cc:112] CPU Frequency: 2299995000 Hz
2021-05-31 16:34:27.633326: I tensorflow/stream_executor/platform/default/dso_loader.cc:49] Successfully opened dynamic library libcublas.so.11
2021-05-31 16:34:29.609177: I tensorflow/stream_executor/platform/default/dso_loader.cc:49] Successfully opened dynamic library libcublasLt.so.11
2021-05-31 16:34:29.642997: I tensorflow/stream_executor/platform/default/dso_loader.cc:49] Successfully opened dynamic library libcudnn.so.8

Original number of folders: 453
With concat = False and six = False, size of training set: 4196...
...and size of validation set: 1088
Model: "conv2d"
__________________________________________________________________________________________________
Layer (type)                    Output Shape         Param #     Connected to                     
==================================================================================================
input_1 (InputLayer)            [(None, 128, 1250, 1 0                                            
__________________________________________________________________________________________________
batch_normalization (BatchNorma (None, 128, 1250, 1) 4           input_1[0][0]                    
__________________________________________________________________________________________________
conv2d (Conv2D)                 (None, 128, 1250, 16 32          batch_normalization[0][0]        
__________________________________________________________________________________________________
conv2d_2 (Conv2D)               (None, 128, 1250, 16 32          batch_normalization[0][0]        
__________________________________________________________________________________________________
max_pooling2d (MaxPooling2D)    (None, 128, 1250, 1) 0           batch_normalization[0][0]        
__________________________________________________________________________________________________
conv2d_1 (Conv2D)               (None, 128, 1250, 16 2320        conv2d[0][0]                     
__________________________________________________________________________________________________
conv2d_3 (Conv2D)               (None, 128, 1250, 16 6416        conv2d_2[0][0]                   
__________________________________________________________________________________________________
conv2d_4 (Conv2D)               (None, 128, 1250, 16 32          max_pooling2d[0][0]              
__________________________________________________________________________________________________
concatenate (Concatenate)       (None, 128, 1250, 48 0           conv2d_1[0][0]                   
                                                                 conv2d_3[0][0]                   
                                                                 conv2d_4[0][0]                   
__________________________________________________________________________________________________
average_pooling2d (AveragePooli (None, 64, 625, 48)  0           concatenate[0][0]                
__________________________________________________________________________________________________
batch_normalization_1 (BatchNor (None, 64, 625, 48)  192         average_pooling2d[0][0]          
__________________________________________________________________________________________________
dropout (Dropout)               (None, 64, 625, 48)  0           batch_normalization_1[0][0]      
__________________________________________________________________________________________________
inverted_residual (InvertedResi (None, 64, 625, 32)  35840       dropout[0][0]                    
__________________________________________________________________________________________________
inverted_residual_1 (InvertedRe (None, 64, 625, 32)  20864       inverted_residual[0][0]          
__________________________________________________________________________________________________
average_pooling2d_1 (AveragePoo (None, 32, 312, 32)  0           inverted_residual_1[0][0]        
__________________________________________________________________________________________________
batch_normalization_2 (BatchNor (None, 32, 312, 32)  128         average_pooling2d_1[0][0]        
__________________________________________________________________________________________________
dropout_1 (Dropout)             (None, 32, 312, 32)  0           batch_normalization_2[0][0]      
__________________________________________________________________________________________________
inverted_residual_2 (InvertedRe (None, 32, 312, 64)  27136       dropout_1[0][0]                  
__________________________________________________________________________________________________
inverted_residual_3 (InvertedRe (None, 32, 312, 64)  66304       inverted_residual_2[0][0]        
__________________________________________________________________________________________________
average_pooling2d_2 (AveragePoo (None, 16, 156, 64)  0           inverted_residual_3[0][0]        
__________________________________________________________________________________________________
batch_normalization_3 (BatchNor (None, 16, 156, 64)  256         average_pooling2d_2[0][0]        
__________________________________________________________________________________________________
dropout_2 (Dropout)             (None, 16, 156, 64)  0           batch_normalization_3[0][0]      
__________________________________________________________________________________________________
inverted_residual_4 (InvertedRe (None, 16, 156, 128) 91136       dropout_2[0][0]                  
__________________________________________________________________________________________________
inverted_residual_5 (InvertedRe (None, 16, 156, 128) 230912      inverted_residual_4[0][0]        
__________________________________________________________________________________________________
average_pooling2d_3 (AveragePoo (None, 8, 78, 128)   0           inverted_residual_5[0][0]        
__________________________________________________________________________________________________
batch_normalization_4 (BatchNor (None, 8, 78, 128)   512         average_pooling2d_3[0][0]        
__________________________________________________________________________________________________
dropout_3 (Dropout)             (None, 8, 78, 128)   0           batch_normalization_4[0][0]      
__________________________________________________________________________________________________
inverted_residual_6 (InvertedRe (None, 8, 78, 256)   329728      dropout_3[0][0]                  
__________________________________________________________________________________________________
inverted_residual_7 (InvertedRe (None, 8, 78, 256)   855040      inverted_residual_6[0][0]        
__________________________________________________________________________________________________
average_pooling2d_4 (AveragePoo (None, 4, 39, 256)   0           inverted_residual_7[0][0]        
__________________________________________________________________________________________________
batch_normalization_5 (BatchNor (None, 4, 39, 256)   1024        average_pooling2d_4[0][0]        
__________________________________________________________________________________________________
dropout_4 (Dropout)             (None, 4, 39, 256)   0           batch_normalization_5[0][0]      
__________________________________________________________________________________________________
inverted_residual_8 (InvertedRe (None, 4, 39, 512)   1249280     dropout_4[0][0]                  
__________________________________________________________________________________________________
inverted_residual_9 (InvertedRe (None, 4, 39, 512)   3282944     inverted_residual_8[0][0]        
__________________________________________________________________________________________________
global_average_pooling2d (Globa (None, 512)          0           inverted_residual_9[0][0]        
__________________________________________________________________________________________________
dense (Dense)                   (None, 1)            513         global_average_pooling2d[0][0]   
==================================================================================================
Total params: 6,200,645
Trainable params: 6,159,139
Non-trainable params: 41,506
__________________________________________________________________________________________________
Epoch 1/80
263/263 - 217s - loss: 0.6435 - accuracy: 0.7000 - val_loss: 0.5914 - val_accuracy: 0.7996
Confusion matrix: 
 [[870   0]
 [218   0]]
/home/alirachidi/anaconda3/envs/LungSoundClass/lib/python3.7/site-packages/sklearn/metrics/_classification.py:1272: UndefinedMetricWarning: Precision and F-score are ill-defined and being set to 0.0 due to no predicted samples. Use `zero_division` parameter to control this behavior.
  _warn_prf(average, modifier, msg_start, len(result))
Validation f1: 0.00
Validation accuracy: 79.96
Validation recall: 0.00
Validation precision: 0.00
Validation AUC: 0.16507447199842928
Validation class accuracies: [1.0, 0.0]
TARGET: 1
target metric(test f1): 0.0
column_sums: [1088    0]
cm_sum: 1088
The training is defaulting to either class.
Epoch 2/80
263/263 - 204s - loss: 0.5845 - accuracy: 0.7250 - val_loss: 0.5424 - val_accuracy: 0.7996
Confusion matrix: 
 [[870   0]
 [218   0]]
Validation f1: 0.00
Validation accuracy: 79.96
/home/alirachidi/anaconda3/envs/LungSoundClass/lib/python3.7/site-packages/sklearn/metrics/_classification.py:1272: UndefinedMetricWarning: Precision and F-score are ill-defined and being set to 0.0 due to no predicted samples. Use `zero_division` parameter to control this behavior.
  _warn_prf(average, modifier, msg_start, len(result))
Validation recall: 0.00
Validation precision: 0.00
Validation AUC: 0.21103634091169204
Validation class accuracies: [1.0, 0.0]
TARGET: 1
target metric(test f1): 0.0
column_sums: [1088    0]
cm_sum: 1088
The training is defaulting to either class.
Epoch 3/80
263/263 - 204s - loss: 0.5846 - accuracy: 0.7247 - val_loss: 0.5055 - val_accuracy: 0.7996
Confusion matrix: 
 [[869   1]
 [217   1]]
Validation f1: 0.91
Validation accuracy: 79.96
Validation recall: 0.46
Validation precision: 50.00
Validation AUC: 0.22287286672719914
Validation class accuracies: [0.9988505747126437, 0.0045871559633027525]
TARGET: 1
target metric(test f1): 0.009090909090909092
column_sums: [1086    2]
cm_sum: 1088
The training is defaulting to either class.
Epoch 4/80
263/263 - 203s - loss: 0.5807 - accuracy: 0.7245 - val_loss: 0.5203 - val_accuracy: 0.7987
Confusion matrix: 
 [[869   1]
 [218   0]]
Validation f1: 0.00
Validation accuracy: 79.87
Validation recall: 0.00
Validation precision: 0.00
Validation AUC: 0.21607064755247296
Validation class accuracies: [0.9988505747126437, 0.0]
TARGET: 1
target metric(test f1): 0.0
column_sums: [1087    1]
cm_sum: 1088
The training is defaulting to either class.
Epoch 5/80
263/263 - 202s - loss: 0.5758 - accuracy: 0.7235 - val_loss: 0.5199 - val_accuracy: 0.7895
Confusion matrix: 
 [[855  15]
 [214   4]]
Validation f1: 3.38
Validation accuracy: 78.95
Validation recall: 1.83
Validation precision: 21.05
Validation AUC: 0.22587193301679448
Validation class accuracies: [0.9827586206896551, 0.01834862385321101]
TARGET: 1
target metric(test f1): 0.03375527426160337
column_sums: [1069   19]
cm_sum: 1088
The training is defaulting to either class.
Epoch 6/80
263/263 - 204s - loss: 0.5750 - accuracy: 0.7250 - val_loss: 0.6227 - val_accuracy: 0.6994
Confusion matrix: 
 [[732 138]
 [189  29]]
Validation f1: 15.06
Validation accuracy: 69.94
Validation recall: 13.30
Validation precision: 17.37
Validation AUC: 0.19643054394860177
Validation class accuracies: [0.8413793103448276, 0.13302752293577982]
TARGET: 1
target metric(test f1): 0.15064935064935064
column_sums: [921 167]
cm_sum: 1088
inside not defaulting
Saving model...
Epoch 7/80
263/263 - 202s - loss: 0.5725 - accuracy: 0.7274 - val_loss: 1.2465 - val_accuracy: 0.2904
Confusion matrix: 
 [[120 750]
 [ 22 196]]
Validation f1: 33.68
Validation accuracy: 29.04
Validation recall: 89.91
Validation precision: 20.72
Validation AUC: 0.17718864799337697
Validation class accuracies: [0.13793103448275862, 0.8990825688073395]
TARGET: 1
target metric(test f1): 0.3367697594501718
column_sums: [142 946]
cm_sum: 1088
inside not defaulting
Saving model...
Epoch 8/80
263/263 - 202s - loss: 0.5700 - accuracy: 0.7259 - val_loss: 0.5214 - val_accuracy: 0.7987
Confusion matrix: 
 [[868   2]
 [217   1]]
Validation f1: 0.90
Validation accuracy: 79.87
Validation recall: 0.46
Validation precision: 33.33
Validation AUC: 0.1862085263502657
Validation class accuracies: [0.9977011494252873, 0.0045871559633027525]
TARGET: 1
target metric(test f1): 0.009049773755656108
column_sums: [1085    3]
cm_sum: 1088
The training is defaulting to either class.
Epoch 9/80
263/263 - 204s - loss: 0.5633 - accuracy: 0.7276 - val_loss: 0.5221 - val_accuracy: 0.7711
Confusion matrix: 
 [[830  40]
 [209   9]]
Validation f1: 6.74
Validation accuracy: 77.11
Validation recall: 4.13
Validation precision: 18.37
Validation AUC: 0.23522957180850856
Validation class accuracies: [0.9540229885057471, 0.04128440366972477]
TARGET: 1
target metric(test f1): 0.06741573033707865
column_sums: [1039   49]
cm_sum: 1088
The training is defaulting to either class.
Epoch 10/80
263/263 - 204s - loss: 0.5632 - accuracy: 0.7302 - val_loss: 0.5161 - val_accuracy: 0.7978
Confusion matrix: 
 [[866   4]
 [216   2]]
Validation f1: 1.79
Validation accuracy: 79.78
Validation recall: 0.92
Validation precision: 33.33
Validation AUC: 0.24489545218839687
Validation class accuracies: [0.9954022988505747, 0.009174311926605505]
TARGET: 1
target metric(test f1): 0.01785714285714286
column_sums: [1082    6]
cm_sum: 1088
The training is defaulting to either class.
Epoch 11/80
263/263 - 204s - loss: 0.5531 - accuracy: 0.7338 - val_loss: 0.5644 - val_accuracy: 0.7592
Confusion matrix: 
 [[810  60]
 [202  16]]
Validation f1: 10.88
Validation accuracy: 75.92
Validation recall: 7.34
Validation precision: 21.05
Validation AUC: 0.21007007310150455
Validation class accuracies: [0.9310344827586207, 0.07339449541284404]
TARGET: 1
target metric(test f1): 0.10884353741496598
column_sums: [1012   76]
cm_sum: 1088
The training is defaulting to either class.
Epoch 12/80
263/263 - 203s - loss: 0.5499 - accuracy: 0.7362 - val_loss: 0.5415 - val_accuracy: 0.7840
Confusion matrix: 
 [[849  21]
 [214   4]]
Validation f1: 3.29
Validation accuracy: 78.40
Validation recall: 1.83
Validation precision: 16.00
Validation AUC: 0.22341879188140581
Validation class accuracies: [0.9758620689655172, 0.01834862385321101]
TARGET: 1
target metric(test f1): 0.03292181069958848
column_sums: [1063   25]
cm_sum: 1088
The training is defaulting to either class.
Epoch 13/80
263/263 - 204s - loss: 0.5463 - accuracy: 0.7376 - val_loss: 0.5257 - val_accuracy: 0.7822
Confusion matrix: 
 [[840  30]
 [207  11]]
Validation f1: 8.49
Validation accuracy: 78.22
Validation recall: 5.05
Validation precision: 26.83
Validation AUC: 0.23501692957943893
Validation class accuracies: [0.9655172413793104, 0.05045871559633028]
TARGET: 1
target metric(test f1): 0.08494208494208494
column_sums: [1047   41]
cm_sum: 1088
The training is defaulting to either class.
Epoch 14/80
263/263 - 203s - loss: 0.5337 - accuracy: 0.7507 - val_loss: 0.5444 - val_accuracy: 0.7702
Confusion matrix: 
 [[814  56]
 [194  24]]
Validation f1: 16.11
Validation accuracy: 77.02
Validation recall: 11.01
Validation precision: 30.00
Validation AUC: 0.23327564933583939
Validation class accuracies: [0.9356321839080459, 0.11009174311926606]
TARGET: 1
target metric(test f1): 0.16107382550335572
column_sums: [1008   80]
cm_sum: 1088
The training is defaulting to either class.
Epoch 15/80
263/263 - 205s - loss: 0.5269 - accuracy: 0.7495 - val_loss: 0.7666 - val_accuracy: 0.5037
Confusion matrix: 
 [[411 459]
 [ 81 137]]
Validation f1: 33.66
Validation accuracy: 50.37
Validation recall: 62.84
Validation precision: 22.99
Validation AUC: 0.25776079062476315
Validation class accuracies: [0.4724137931034483, 0.6284403669724771]
TARGET: 1
target metric(test f1): 0.3366093366093366
column_sums: [492 596]
cm_sum: 1088
inside not defaulting
The validation tracker metric at 0.3367697594501718 hasn't increased by 0 in 1 epochs
Epoch 16/80
263/263 - 203s - loss: 0.5199 - accuracy: 0.7533 - val_loss: 0.5830 - val_accuracy: 0.7426
Confusion matrix: 
 [[782  88]
 [192  26]]
Validation f1: 15.66
Validation accuracy: 74.26
Validation recall: 11.93
Validation precision: 22.81
Validation AUC: 0.23302820544215902
Validation class accuracies: [0.8988505747126436, 0.11926605504587157]
TARGET: 1
target metric(test f1): 0.1566265060240964
column_sums: [974 114]
cm_sum: 1088
inside not defaulting
The validation tracker metric at 0.3367697594501718 hasn't increased by 0 in 2 epochs
Epoch 17/80
263/263 - 204s - loss: 0.5047 - accuracy: 0.7600 - val_loss: 1.0857 - val_accuracy: 0.4835
Confusion matrix: 
 [[376 494]
 [ 68 150]]
Validation f1: 34.80
Validation accuracy: 48.35
Validation recall: 68.81
Validation precision: 23.29
Validation AUC: 0.25576945895792536
Validation class accuracies: [0.432183908045977, 0.6880733944954128]
TARGET: 1
target metric(test f1): 0.3480278422273782
column_sums: [444 644]
cm_sum: 1088
inside not defaulting
Saving model...
Epoch 18/80
263/263 - 203s - loss: 0.4866 - accuracy: 0.7755 - val_loss: 0.6612 - val_accuracy: 0.7114
Confusion matrix: 
 [[722 148]
 [166  52]]
Validation f1: 24.88
Validation accuracy: 71.14
Validation recall: 23.85
Validation precision: 26.00
Validation AUC: 0.23914762239466053
Validation class accuracies: [0.8298850574712644, 0.23853211009174313]
TARGET: 1
target metric(test f1): 0.2488038277511962
column_sums: [888 200]
cm_sum: 1088
inside not defaulting
The validation tracker metric at 0.3480278422273782 hasn't increased by 0 in 1 epochs
Epoch 19/80
263/263 - 206s - loss: 0.4731 - accuracy: 0.7788 - val_loss: 0.7047 - val_accuracy: 0.7914
Confusion matrix: 
 [[846  24]
 [203  15]]
Validation f1: 11.67
Validation accuracy: 79.14
Validation recall: 6.88
Validation precision: 38.46
Validation AUC: 0.21612763079379013
Validation class accuracies: [0.9724137931034482, 0.06880733944954129]
TARGET: 1
target metric(test f1): 0.11673151750972763
column_sums: [1049   39]
cm_sum: 1088
The training is defaulting to either class.
Epoch 20/80
263/263 - 208s - loss: 0.4474 - accuracy: 0.7965 - val_loss: 0.5699 - val_accuracy: 0.7803
Confusion matrix: 
 [[837  33]
 [206  12]]
Validation f1: 9.13
Validation accuracy: 78.03
Validation recall: 5.50
Validation precision: 26.67
Validation AUC: 0.227315319244291
Validation class accuracies: [0.9620689655172414, 0.05504587155963303]
TARGET: 1
target metric(test f1): 0.09125475285171103
column_sums: [1043   45]
cm_sum: 1088
The training is defaulting to either class.
Epoch 21/80
263/263 - 208s - loss: 0.4161 - accuracy: 0.8112 - val_loss: 0.6956 - val_accuracy: 0.7077
Confusion matrix: 
 [[721 149]
 [169  49]]
Validation f1: 23.56
Validation accuracy: 70.77
Validation recall: 22.48
Validation precision: 24.75
Validation AUC: 0.22799039719959888
Validation class accuracies: [0.828735632183908, 0.22477064220183487]
TARGET: 1
target metric(test f1): 0.2355769230769231
column_sums: [890 198]
cm_sum: 1088
inside not defaulting
The validation tracker metric at 0.3480278422273782 hasn't increased by 0 in 2 epochs
Epoch 22/80
263/263 - 207s - loss: 0.3873 - accuracy: 0.8263 - val_loss: 0.7425 - val_accuracy: 0.7298
Confusion matrix: 
 [[763 107]
 [187  31]]
Validation f1: 17.42
Validation accuracy: 72.98
Validation recall: 14.22
Validation precision: 22.46
Validation AUC: 0.21340096621127078
Validation class accuracies: [0.8770114942528736, 0.14220183486238533]
TARGET: 1
target metric(test f1): 0.17415730337078653
column_sums: [950 138]
cm_sum: 1088
inside not defaulting
The validation tracker metric at 0.3480278422273782 hasn't increased by 0 in 3 epochs
Epoch 23/80
263/263 - 207s - loss: 0.3503 - accuracy: 0.8401 - val_loss: 0.7984 - val_accuracy: 0.7555
Confusion matrix: 
 [[797  73]
 [193  25]]
Validation f1: 15.82
Validation accuracy: 75.55
Validation recall: 11.47
Validation precision: 25.51
Validation AUC: 0.22532934976852298
Validation class accuracies: [0.9160919540229885, 0.11467889908256881]
TARGET: 1
target metric(test f1): 0.15822784810126583
column_sums: [990  98]
cm_sum: 1088
The training is defaulting to either class.
Epoch 24/80
263/263 - 206s - loss: 0.3214 - accuracy: 0.8572 - val_loss: 1.1974 - val_accuracy: 0.5055
Confusion matrix: 
 [[432 438]
 [100 118]]
Validation f1: 30.49
Validation accuracy: 50.55
Validation recall: 54.13
Validation precision: 21.22
Validation AUC: 0.23619742076304473
Validation class accuracies: [0.496551724137931, 0.5412844036697247]
TARGET: 1
target metric(test f1): 0.3049095607235142
column_sums: [532 556]
cm_sum: 1088
inside not defaulting
Lr has been adjusted to 0.0002500000118743628
The validation tracker metric at 0.3480278422273782 hasn't increased by 0 in 4 epochs
Epoch 25/80
263/263 - 207s - loss: 0.2400 - accuracy: 0.9047 - val_loss: 0.8251 - val_accuracy: 0.7050
Confusion matrix: 
 [[717 153]
 [168  50]]
Validation f1: 23.75
Validation accuracy: 70.50
Validation recall: 22.94
Validation precision: 24.63
Validation AUC: 0.24228694826987685
Validation class accuracies: [0.8241379310344827, 0.22935779816513763]
TARGET: 1
target metric(test f1): 0.23752969121140144
column_sums: [885 203]
cm_sum: 1088
inside not defaulting
The validation tracker metric at 0.3480278422273782 hasn't increased by 0 in 5 epochs
Epoch 26/80
263/263 - 204s - loss: 0.1957 - accuracy: 0.9228 - val_loss: 0.9153 - val_accuracy: 0.7059
Confusion matrix: 
 [[724 146]
 [174  44]]
Validation f1: 21.57
Validation accuracy: 70.59
Validation recall: 20.18
Validation precision: 23.16
Validation AUC: 0.23742924635386284
Validation class accuracies: [0.832183908045977, 0.2018348623853211]
TARGET: 1
target metric(test f1): 0.21568627450980393
column_sums: [898 190]
cm_sum: 1088
inside not defaulting
The validation tracker metric at 0.3480278422273782 hasn't increased by 0 in 6 epochs
Epoch 27/80
263/263 - 206s - loss: 0.1573 - accuracy: 0.9411 - val_loss: 0.9921 - val_accuracy: 0.7206
Confusion matrix: 
 [[750 120]
 [184  34]]
Validation f1: 18.28
Validation accuracy: 72.06
Validation recall: 15.60
Validation precision: 22.08
Validation AUC: 0.2328345360605664
Validation class accuracies: [0.8620689655172413, 0.1559633027522936]
TARGET: 1
target metric(test f1): 0.18279569892473116
column_sums: [934 154]
cm_sum: 1088
inside not defaulting
The validation tracker metric at 0.3480278422273782 hasn't increased by 0 in 7 epochs
Epoch 28/80
263/263 - 204s - loss: 0.1519 - accuracy: 0.9402 - val_loss: 1.2487 - val_accuracy: 0.6278
Confusion matrix: 
 [[604 266]
 [139  79]]
Validation f1: 28.06
Validation accuracy: 62.78
Validation recall: 36.24
Validation precision: 22.90
Validation AUC: 0.24310860107461804
Validation class accuracies: [0.6942528735632184, 0.3623853211009174]
TARGET: 1
target metric(test f1): 0.280639431616341
column_sums: [743 345]
cm_sum: 1088
inside not defaulting
Lr has been adjusted to 6.25000029685907e-05
The validation tracker metric at 0.3480278422273782 hasn't increased by 0 in 8 epochs
Epoch 29/80
263/263 - 205s - loss: 0.1347 - accuracy: 0.9507 - val_loss: 1.0541 - val_accuracy: 0.7040
Confusion matrix: 
 [[716 154]
 [168  50]]
Validation f1: 23.70
Validation accuracy: 70.40
Validation recall: 22.94
Validation precision: 24.51
Validation AUC: 0.24263325936036734
Validation class accuracies: [0.8229885057471265, 0.22935779816513763]
TARGET: 1
target metric(test f1): 0.2369668246445498
column_sums: [884 204]
cm_sum: 1088
inside not defaulting
The validation tracker metric at 0.3480278422273782 hasn't increased by 0 in 9 epochs
Epoch 30/80
263/263 - 204s - loss: 0.1197 - accuracy: 0.9592 - val_loss: 1.1169 - val_accuracy: 0.6792
Confusion matrix: 
 [[682 188]
 [161  57]]
Validation f1: 24.62
Validation accuracy: 67.92
Validation recall: 26.15
Validation precision: 23.27
Validation AUC: 0.2440831906905797
Validation class accuracies: [0.7839080459770115, 0.26146788990825687]
TARGET: 1
target metric(test f1): 0.2462203023758099
column_sums: [843 245]
cm_sum: 1088
inside not defaulting
The validation tracker metric at 0.3480278422273782 hasn't increased by 0 in 10 epochs
Epoch 31/80
263/263 - 203s - loss: 0.1222 - accuracy: 0.9550 - val_loss: 1.1764 - val_accuracy: 0.6654
Confusion matrix: 
 [[663 207]
 [157  61]]
Validation f1: 25.10
Validation accuracy: 66.54
Validation recall: 27.98
Validation precision: 22.76
Validation AUC: 0.24275664515539086
Validation class accuracies: [0.7620689655172413, 0.2798165137614679]
TARGET: 1
target metric(test f1): 0.2510288065843621
column_sums: [820 268]
cm_sum: 1088
inside not defaulting
The validation tracker metric at 0.3480278422273782 hasn't increased by 0 in 11 epochs
Epoch 32/80
263/263 - 202s - loss: 0.1187 - accuracy: 0.9583 - val_loss: 1.1653 - val_accuracy: 0.6893
Confusion matrix: 
 [[693 177]
 [161  57]]
Validation f1: 25.22
Validation accuracy: 68.93
Validation recall: 26.15
Validation precision: 24.36
Validation AUC: 0.24509642744430615
Validation class accuracies: [0.7965517241379311, 0.26146788990825687]
TARGET: 1
target metric(test f1): 0.2522123893805309
column_sums: [854 234]
cm_sum: 1088
inside not defaulting
Lr has been adjusted to 1.5625000742147677e-05
The validation tracker metric at 0.3480278422273782 hasn't increased by 0 in 12 epochs
Epoch 33/80
263/263 - 204s - loss: 0.1177 - accuracy: 0.9542 - val_loss: 1.1865 - val_accuracy: 0.6756
Confusion matrix: 
 [[675 195]
 [158  60]]
Validation f1: 25.37
Validation accuracy: 67.56
Validation recall: 27.52
Validation precision: 23.53
Validation AUC: 0.2442981744193849
Validation class accuracies: [0.7758620689655172, 0.27522935779816515]
TARGET: 1
target metric(test f1): 0.2536997885835095
column_sums: [833 255]
cm_sum: 1088
inside not defaulting
The validation tracker metric at 0.3480278422273782 hasn't increased by 0 in 13 epochs
Epoch 34/80
263/263 - 205s - loss: 0.1017 - accuracy: 0.9645 - val_loss: 1.1991 - val_accuracy: 0.6756
Confusion matrix: 
 [[674 196]
 [157  61]]
Validation f1: 25.68
Validation accuracy: 67.56
Validation recall: 27.98
Validation precision: 23.74
Validation AUC: 0.24418326133972063
Validation class accuracies: [0.774712643678161, 0.2798165137614679]
TARGET: 1
target metric(test f1): 0.25684210526315787
column_sums: [831 257]
cm_sum: 1088
inside not defaulting
The validation tracker metric at 0.3480278422273782 hasn't increased by 0 in 14 epochs
Epoch 35/80
263/263 - 203s - loss: 0.1037 - accuracy: 0.9621 - val_loss: 1.1958 - val_accuracy: 0.6682
Confusion matrix: 
 [[669 201]
 [160  58]]
Validation f1: 24.32
Validation accuracy: 66.82
Validation recall: 26.61
Validation precision: 22.39
Validation AUC: 0.24296914378464446
Validation class accuracies: [0.7689655172413793, 0.26605504587155965]
TARGET: 1
target metric(test f1): 0.2431865828092243
column_sums: [829 259]
cm_sum: 1088
inside not defaulting
The validation tracker metric at 0.3480278422273782 hasn't increased by 0 in 15 epochs
Epoch 36/80
263/263 - 206s - loss: 0.1113 - accuracy: 0.9583 - val_loss: 1.2076 - val_accuracy: 0.6792
Confusion matrix: 
 [[679 191]
 [158  60]]
Validation f1: 25.59
Validation accuracy: 67.92
Validation recall: 27.52
Validation precision: 23.90
Validation AUC: 0.24371863945757655
Validation class accuracies: [0.7804597701149425, 0.27522935779816515]
TARGET: 1
target metric(test f1): 0.255863539445629
column_sums: [837 251]
cm_sum: 1088
inside not defaulting
Lr has been adjusted to 3.906250185536919e-06
The validation tracker metric at 0.3480278422273782 hasn't increased by 0 in 16 epochs
Epoch 37/80
263/263 - 206s - loss: 0.0962 - accuracy: 0.9688 - val_loss: 1.2104 - val_accuracy: 0.6737
Confusion matrix: 
 [[675 195]
 [160  58]]
Validation f1: 24.63
Validation accuracy: 67.37
Validation recall: 26.61
Validation precision: 22.92
Validation AUC: 0.24345456050445935
Validation class accuracies: [0.7758620689655172, 0.26605504587155965]
local_gc_exec.sh: line 6:  2664 Killed                  python -m models.$MODULE_NAME --train-file $LOCAL_TRAIN_FILE --job-dir $LOCAL_JOB_DIR --params "$PARAMS" --augm-params "$AUGM_PARAMS"

 See logs at ../../new_cache/conv__2169__05_1625__v34__0mean_1variance/logs//home/alirachidi/anaconda3/envs/LungSoundClass/lib/python3.7/multiprocessing/semaphore_tracker.py:144: UserWarning: semaphore_tracker: There appear to be 6 leaked semaphores to clean up at shutdown
  len(cache))
