Category:  coch
Dataset:  all_sw_coch_preprocessed_v2_param_v29_augm_v0_cleaned_8000.pkl
File:  conv.train2173
Description:  pitchshifting_400_woclause
2021-06-01 03:09:50.642991: I tensorflow/stream_executor/platform/default/dso_loader.cc:49] Successfully opened dynamic library libcudart.so.11.0
WARNING:tensorflow:From /home/alirachidi/classification_algorithm/trainers/main/models/conv/modules/augmentation.py:18: experimental_run_functions_eagerly (from tensorflow.python.eager.def_function) is deprecated and will be removed in a future version.
Instructions for updating:
Use `tf.config.run_functions_eagerly` instead of the experimental version.
2021-06-01 03:09:53.426752: I tensorflow/compiler/jit/xla_cpu_device.cc:41] Not creating XLA devices, tf_xla_enable_xla_devices not set
2021-06-01 03:09:53.427908: I tensorflow/stream_executor/platform/default/dso_loader.cc:49] Successfully opened dynamic library libcuda.so.1
2021-06-01 03:09:53.486789: I tensorflow/stream_executor/cuda/cuda_gpu_executor.cc:941] successful NUMA node read from SysFS had negative value (-1), but there must be at least one NUMA node, so returning NUMA node zero
2021-06-01 03:09:53.487547: I tensorflow/core/common_runtime/gpu/gpu_device.cc:1720] Found device 0 with properties: 
pciBusID: 0000:00:04.0 name: Tesla V100-SXM2-16GB computeCapability: 7.0
coreClock: 1.53GHz coreCount: 80 deviceMemorySize: 15.78GiB deviceMemoryBandwidth: 836.37GiB/s
2021-06-01 03:09:53.487574: I tensorflow/stream_executor/platform/default/dso_loader.cc:49] Successfully opened dynamic library libcudart.so.11.0
2021-06-01 03:09:53.491019: I tensorflow/stream_executor/platform/default/dso_loader.cc:49] Successfully opened dynamic library libcublas.so.11
2021-06-01 03:09:53.491100: I tensorflow/stream_executor/platform/default/dso_loader.cc:49] Successfully opened dynamic library libcublasLt.so.11
2021-06-01 03:09:53.492248: I tensorflow/stream_executor/platform/default/dso_loader.cc:49] Successfully opened dynamic library libcufft.so.10
2021-06-01 03:09:53.492533: I tensorflow/stream_executor/platform/default/dso_loader.cc:49] Successfully opened dynamic library libcurand.so.10
2021-06-01 03:09:53.493512: I tensorflow/stream_executor/platform/default/dso_loader.cc:49] Successfully opened dynamic library libcusolver.so.10
2021-06-01 03:09:53.494363: I tensorflow/stream_executor/platform/default/dso_loader.cc:49] Successfully opened dynamic library libcusparse.so.11
2021-06-01 03:09:53.494515: I tensorflow/stream_executor/platform/default/dso_loader.cc:49] Successfully opened dynamic library libcudnn.so.8
2021-06-01 03:09:53.494619: I tensorflow/stream_executor/cuda/cuda_gpu_executor.cc:941] successful NUMA node read from SysFS had negative value (-1), but there must be at least one NUMA node, so returning NUMA node zero
2021-06-01 03:09:53.495722: I tensorflow/stream_executor/cuda/cuda_gpu_executor.cc:941] successful NUMA node read from SysFS had negative value (-1), but there must be at least one NUMA node, so returning NUMA node zero
2021-06-01 03:09:53.496425: I tensorflow/core/common_runtime/gpu/gpu_device.cc:1862] Adding visible gpu devices: 0
wandb: Currently logged in as: arachid1 (use `wandb login --relogin` to force relogin)
Tensorflow Version: 2.4.0
Num GPUs Available:  1
-----------------------
Using module located at /main/models/conv/train2173.py
Using train_file located at ../../data/datasets/all_sw_coch_preprocessed_v2_param_v29_augm_v0_cleaned_8000.pkl
Using logs_path located at ../../new_cache/conv__2173__06_0308__v29__pitchshifting_400_woclause/logs/
-----------------------
Collecting Variables...
Model Parameters: {'N_CLASSES': 1, 'SR': 8000, 'BATCH_SIZE': 16, 'LR': 0.001, 'SHAPE': (128, 1250, 1), 'WEIGHT_DECAY': 0.001, 'LL2_REG': 0, 'EPSILON': 1e-07, 'LABEL_SMOOTHING': 0}
Learning Rate Parameters: {'factor': 0.25, 'patience': 4, 'min_lr': 1e-10}
Early Stopping Patience and Delta: 25, 0%
Six: False and Concat: False
-----------------------
wandb: wandb version 0.10.31 is available!  To upgrade, please run:
wandb:  $ pip install wandb --upgrade
wandb: Tracking run with wandb version 0.10.30
wandb: Syncing run train2173
wandb: â­ï¸ View project at https://wandb.ai/arachid1/tensorboard-integration
wandb: ðŸš€ View run at https://wandb.ai/arachid1/tensorboard-integration/runs/lpvboidv
wandb: Run data is saved locally in /home/alirachidi/classification_algorithm/trainers/main/wandb/run-20210601_030953-lpvboidv
wandb: Run `wandb offline` to turn off syncing.
2021-06-01 03:09:59.570049: I tensorflow/compiler/jit/xla_gpu_device.cc:99] Not creating XLA devices, tf_xla_enable_xla_devices not set
2021-06-01 03:09:59.570311: I tensorflow/stream_executor/cuda/cuda_gpu_executor.cc:941] successful NUMA node read from SysFS had negative value (-1), but there must be at least one NUMA node, so returning NUMA node zero
2021-06-01 03:09:59.571065: I tensorflow/core/common_runtime/gpu/gpu_device.cc:1720] Found device 0 with properties: 
pciBusID: 0000:00:04.0 name: Tesla V100-SXM2-16GB computeCapability: 7.0
coreClock: 1.53GHz coreCount: 80 deviceMemorySize: 15.78GiB deviceMemoryBandwidth: 836.37GiB/s
2021-06-01 03:09:59.571115: I tensorflow/stream_executor/platform/default/dso_loader.cc:49] Successfully opened dynamic library libcudart.so.11.0
2021-06-01 03:09:59.571183: I tensorflow/stream_executor/platform/default/dso_loader.cc:49] Successfully opened dynamic library libcublas.so.11
2021-06-01 03:09:59.571214: I tensorflow/stream_executor/platform/default/dso_loader.cc:49] Successfully opened dynamic library libcublasLt.so.11
2021-06-01 03:09:59.571244: I tensorflow/stream_executor/platform/default/dso_loader.cc:49] Successfully opened dynamic library libcufft.so.10
2021-06-01 03:09:59.571271: I tensorflow/stream_executor/platform/default/dso_loader.cc:49] Successfully opened dynamic library libcurand.so.10
2021-06-01 03:09:59.571299: I tensorflow/stream_executor/platform/default/dso_loader.cc:49] Successfully opened dynamic library libcusolver.so.10
2021-06-01 03:09:59.571327: I tensorflow/stream_executor/platform/default/dso_loader.cc:49] Successfully opened dynamic library libcusparse.so.11
2021-06-01 03:09:59.571354: I tensorflow/stream_executor/platform/default/dso_loader.cc:49] Successfully opened dynamic library libcudnn.so.8
2021-06-01 03:09:59.571463: I tensorflow/stream_executor/cuda/cuda_gpu_executor.cc:941] successful NUMA node read from SysFS had negative value (-1), but there must be at least one NUMA node, so returning NUMA node zero
2021-06-01 03:09:59.572275: I tensorflow/stream_executor/cuda/cuda_gpu_executor.cc:941] successful NUMA node read from SysFS had negative value (-1), but there must be at least one NUMA node, so returning NUMA node zero
2021-06-01 03:09:59.573006: I tensorflow/core/common_runtime/gpu/gpu_device.cc:1862] Adding visible gpu devices: 0
2021-06-01 03:09:59.573071: I tensorflow/stream_executor/platform/default/dso_loader.cc:49] Successfully opened dynamic library libcudart.so.11.0
2021-06-01 03:10:00.318377: I tensorflow/core/common_runtime/gpu/gpu_device.cc:1261] Device interconnect StreamExecutor with strength 1 edge matrix:
2021-06-01 03:10:00.318453: I tensorflow/core/common_runtime/gpu/gpu_device.cc:1267]      0 
2021-06-01 03:10:00.318467: I tensorflow/core/common_runtime/gpu/gpu_device.cc:1280] 0:   N 
2021-06-01 03:10:00.318869: I tensorflow/stream_executor/cuda/cuda_gpu_executor.cc:941] successful NUMA node read from SysFS had negative value (-1), but there must be at least one NUMA node, so returning NUMA node zero
2021-06-01 03:10:00.320182: I tensorflow/stream_executor/cuda/cuda_gpu_executor.cc:941] successful NUMA node read from SysFS had negative value (-1), but there must be at least one NUMA node, so returning NUMA node zero
2021-06-01 03:10:00.321393: I tensorflow/stream_executor/cuda/cuda_gpu_executor.cc:941] successful NUMA node read from SysFS had negative value (-1), but there must be at least one NUMA node, so returning NUMA node zero
2021-06-01 03:10:00.322373: I tensorflow/core/common_runtime/gpu/gpu_device.cc:1406] Created TensorFlow device (/job:localhost/replica:0/task:0/device:GPU:0 with 14760 MB memory) -> physical GPU (device: 0, name: Tesla V100-SXM2-16GB, pci bus id: 0000:00:04.0, compute capability: 7.0)
2021-06-01 03:10:50.751302: I tensorflow/compiler/mlir/mlir_graph_optimization_pass.cc:116] None of the MLIR optimization passes are enabled (registered 2)
/home/alirachidi/anaconda3/envs/LungSoundClass/lib/python3.7/site-packages/tensorflow/python/data/ops/dataset_ops.py:3504: UserWarning: Even though the tf.config.experimental_run_functions_eagerly option is set, this option does not apply to tf.data functions. tf.data functions are still traced and executed as graphs.
  "Even though the tf.config.experimental_run_functions_eagerly "
2021-06-01 03:10:50.756967: I tensorflow/core/platform/profile_utils/cpu_utils.cc:112] CPU Frequency: 2299995000 Hz
2021-06-01 03:10:51.254659: I tensorflow/stream_executor/platform/default/dso_loader.cc:49] Successfully opened dynamic library libcudnn.so.8
2021-06-01 03:10:53.237215: I tensorflow/stream_executor/platform/default/dso_loader.cc:49] Successfully opened dynamic library libcublas.so.11
2021-06-01 03:10:53.660216: I tensorflow/stream_executor/platform/default/dso_loader.cc:49] Successfully opened dynamic library libcublasLt.so.11

Original number of folders: 453
4196
Augmenting audios...
Length of training samples after augmentation: 4596
With concat = False and six = False, size of training set: 4596...
...and size of validation set: 1088
Model: "conv2d"
__________________________________________________________________________________________________
Layer (type)                    Output Shape         Param #     Connected to                     
==================================================================================================
input_1 (InputLayer)            [(None, 128, 1250, 1 0                                            
__________________________________________________________________________________________________
batch_normalization (BatchNorma (None, 128, 1250, 1) 4           input_1[0][0]                    
__________________________________________________________________________________________________
conv2d (Conv2D)                 (None, 128, 1250, 16 32          batch_normalization[0][0]        
__________________________________________________________________________________________________
conv2d_2 (Conv2D)               (None, 128, 1250, 16 32          batch_normalization[0][0]        
__________________________________________________________________________________________________
max_pooling2d (MaxPooling2D)    (None, 128, 1250, 1) 0           batch_normalization[0][0]        
__________________________________________________________________________________________________
conv2d_1 (Conv2D)               (None, 128, 1250, 16 2320        conv2d[0][0]                     
__________________________________________________________________________________________________
conv2d_3 (Conv2D)               (None, 128, 1250, 16 6416        conv2d_2[0][0]                   
__________________________________________________________________________________________________
conv2d_4 (Conv2D)               (None, 128, 1250, 16 32          max_pooling2d[0][0]              
__________________________________________________________________________________________________
concatenate (Concatenate)       (None, 128, 1250, 48 0           conv2d_1[0][0]                   
                                                                 conv2d_3[0][0]                   
                                                                 conv2d_4[0][0]                   
__________________________________________________________________________________________________
average_pooling2d (AveragePooli (None, 64, 625, 48)  0           concatenate[0][0]                
__________________________________________________________________________________________________
batch_normalization_1 (BatchNor (None, 64, 625, 48)  192         average_pooling2d[0][0]          
__________________________________________________________________________________________________
dropout (Dropout)               (None, 64, 625, 48)  0           batch_normalization_1[0][0]      
__________________________________________________________________________________________________
inverted_residual (InvertedResi (None, 64, 625, 32)  35840       dropout[0][0]                    
__________________________________________________________________________________________________
inverted_residual_1 (InvertedRe (None, 64, 625, 32)  20864       inverted_residual[0][0]          
__________________________________________________________________________________________________
average_pooling2d_1 (AveragePoo (None, 32, 312, 32)  0           inverted_residual_1[0][0]        
__________________________________________________________________________________________________
batch_normalization_2 (BatchNor (None, 32, 312, 32)  128         average_pooling2d_1[0][0]        
__________________________________________________________________________________________________
dropout_1 (Dropout)             (None, 32, 312, 32)  0           batch_normalization_2[0][0]      
__________________________________________________________________________________________________
inverted_residual_2 (InvertedRe (None, 32, 312, 64)  27136       dropout_1[0][0]                  
__________________________________________________________________________________________________
inverted_residual_3 (InvertedRe (None, 32, 312, 64)  66304       inverted_residual_2[0][0]        
__________________________________________________________________________________________________
average_pooling2d_2 (AveragePoo (None, 16, 156, 64)  0           inverted_residual_3[0][0]        
__________________________________________________________________________________________________
batch_normalization_3 (BatchNor (None, 16, 156, 64)  256         average_pooling2d_2[0][0]        
__________________________________________________________________________________________________
dropout_2 (Dropout)             (None, 16, 156, 64)  0           batch_normalization_3[0][0]      
__________________________________________________________________________________________________
inverted_residual_4 (InvertedRe (None, 16, 156, 128) 91136       dropout_2[0][0]                  
__________________________________________________________________________________________________
inverted_residual_5 (InvertedRe (None, 16, 156, 128) 230912      inverted_residual_4[0][0]        
__________________________________________________________________________________________________
average_pooling2d_3 (AveragePoo (None, 8, 78, 128)   0           inverted_residual_5[0][0]        
__________________________________________________________________________________________________
batch_normalization_4 (BatchNor (None, 8, 78, 128)   512         average_pooling2d_3[0][0]        
__________________________________________________________________________________________________
dropout_3 (Dropout)             (None, 8, 78, 128)   0           batch_normalization_4[0][0]      
__________________________________________________________________________________________________
inverted_residual_6 (InvertedRe (None, 8, 78, 256)   329728      dropout_3[0][0]                  
__________________________________________________________________________________________________
inverted_residual_7 (InvertedRe (None, 8, 78, 256)   855040      inverted_residual_6[0][0]        
__________________________________________________________________________________________________
average_pooling2d_4 (AveragePoo (None, 4, 39, 256)   0           inverted_residual_7[0][0]        
__________________________________________________________________________________________________
batch_normalization_5 (BatchNor (None, 4, 39, 256)   1024        average_pooling2d_4[0][0]        
__________________________________________________________________________________________________
dropout_4 (Dropout)             (None, 4, 39, 256)   0           batch_normalization_5[0][0]      
__________________________________________________________________________________________________
inverted_residual_8 (InvertedRe (None, 4, 39, 512)   1249280     dropout_4[0][0]                  
__________________________________________________________________________________________________
inverted_residual_9 (InvertedRe (None, 4, 39, 512)   3282944     inverted_residual_8[0][0]        
__________________________________________________________________________________________________
global_average_pooling2d (Globa (None, 512)          0           inverted_residual_9[0][0]        
__________________________________________________________________________________________________
dense (Dense)                   (None, 1)            513         global_average_pooling2d[0][0]   
==================================================================================================
Total params: 6,200,645
Trainable params: 6,159,139
Non-trainable params: 41,506
__________________________________________________________________________________________________
Epoch 1/80
288/288 - 151s - loss: 0.6625 - accuracy: 0.7080 - val_loss: 0.5300 - val_accuracy: 0.7996
Confusion matrix: 
 [[870   0]
 [218   0]]
Validation f1: 0.00
/home/alirachidi/anaconda3/envs/LungSoundClass/lib/python3.7/site-packages/sklearn/metrics/_classification.py:1272: UndefinedMetricWarning: Precision and F-score are ill-defined and being set to 0.0 due to no predicted samples. Use `zero_division` parameter to control this behavior.
  _warn_prf(average, modifier, msg_start, len(result))
Validation accuracy: 79.96
Validation recall: 0.00
Validation precision: 0.00
Validation AUC: 0.2533581237119721
Validation class accuracies: [1.0, 0.0]
TARGET: 1
target metric(test f1): 0.0
The validation tracker metric at 0 hasn't increased by 0 in 1 epochs
Epoch 2/80
288/288 - 148s - loss: 0.5890 - accuracy: 0.7213 - val_loss: 0.5355 - val_accuracy: 0.7996
Confusion matrix: 
 [[870   0]
 [218   0]]
Validation f1: 0.00
/home/alirachidi/anaconda3/envs/LungSoundClass/lib/python3.7/site-packages/tensorflow/python/data/ops/dataset_ops.py:3504: UserWarning: Even though the tf.config.experimental_run_functions_eagerly option is set, this option does not apply to tf.data functions. tf.data functions are still traced and executed as graphs.
  "Even though the tf.config.experimental_run_functions_eagerly "
/home/alirachidi/anaconda3/envs/LungSoundClass/lib/python3.7/site-packages/sklearn/metrics/_classification.py:1272: UndefinedMetricWarning: Precision and F-score are ill-defined and being set to 0.0 due to no predicted samples. Use `zero_division` parameter to control this behavior.
  _warn_prf(average, modifier, msg_start, len(result))
Validation accuracy: 79.96
Validation recall: 0.00
Validation precision: 0.00
Validation AUC: 0.2512873693938834
Validation class accuracies: [1.0, 0.0]
TARGET: 1
target metric(test f1): 0.0
The validation tracker metric at 0 hasn't increased by 0 in 2 epochs
Epoch 3/80
288/288 - 150s - loss: 0.5829 - accuracy: 0.7237 - val_loss: 0.5071 - val_accuracy: 0.7987
Confusion matrix: 
 [[867   3]
 [216   2]]
Validation f1: 1.79
/home/alirachidi/anaconda3/envs/LungSoundClass/lib/python3.7/site-packages/tensorflow/python/data/ops/dataset_ops.py:3504: UserWarning: Even though the tf.config.experimental_run_functions_eagerly option is set, this option does not apply to tf.data functions. tf.data functions are still traced and executed as graphs.
  "Even though the tf.config.experimental_run_functions_eagerly "
Validation accuracy: 79.87
Validation recall: 0.92
Validation precision: 40.00
Validation AUC: 0.22340919587905894
Validation class accuracies: [0.996551724137931, 0.009174311926605505]
TARGET: 1
target metric(test f1): 0.017937219730941704
Saving model...
Epoch 4/80
288/288 - 153s - loss: 0.5832 - accuracy: 0.7243 - val_loss: 0.5047 - val_accuracy: 0.7914
Confusion matrix: 
 [[856  14]
 [213   5]]
Validation f1: 4.22
/home/alirachidi/anaconda3/envs/LungSoundClass/lib/python3.7/site-packages/tensorflow/python/data/ops/dataset_ops.py:3504: UserWarning: Even though the tf.config.experimental_run_functions_eagerly option is set, this option does not apply to tf.data functions. tf.data functions are still traced and executed as graphs.
  "Even though the tf.config.experimental_run_functions_eagerly "
Validation accuracy: 79.14
Validation recall: 2.29
Validation precision: 26.32
Validation AUC: 0.2350941395526978
Validation class accuracies: [0.9839080459770115, 0.022935779816513763]
TARGET: 1
target metric(test f1): 0.04219409282700422
Saving model...
Epoch 5/80
288/288 - 151s - loss: 0.5755 - accuracy: 0.7265 - val_loss: 0.5449 - val_accuracy: 0.7390
Confusion matrix: 
 [[788  82]
 [202  16]]
/home/alirachidi/anaconda3/envs/LungSoundClass/lib/python3.7/site-packages/tensorflow/python/data/ops/dataset_ops.py:3504: UserWarning: Even though the tf.config.experimental_run_functions_eagerly option is set, this option does not apply to tf.data functions. tf.data functions are still traced and executed as graphs.
  "Even though the tf.config.experimental_run_functions_eagerly "
Validation f1: 10.13
Validation accuracy: 73.90
Validation recall: 7.34
Validation precision: 16.33
Validation AUC: 0.24340556558795345
Validation class accuracies: [0.9057471264367816, 0.07339449541284404]
TARGET: 1
target metric(test f1): 0.10126582278481013
Saving model...
Epoch 6/80
288/288 - 153s - loss: 0.5782 - accuracy: 0.7228 - val_loss: 0.5126 - val_accuracy: 0.7996
Confusion matrix: 
 [[870   0]
 [218   0]]
Validation f1: 0.00
/home/alirachidi/anaconda3/envs/LungSoundClass/lib/python3.7/site-packages/tensorflow/python/data/ops/dataset_ops.py:3504: UserWarning: Even though the tf.config.experimental_run_functions_eagerly option is set, this option does not apply to tf.data functions. tf.data functions are still traced and executed as graphs.
  "Even though the tf.config.experimental_run_functions_eagerly "
/home/alirachidi/anaconda3/envs/LungSoundClass/lib/python3.7/site-packages/sklearn/metrics/_classification.py:1272: UndefinedMetricWarning: Precision and F-score are ill-defined and being set to 0.0 due to no predicted samples. Use `zero_division` parameter to control this behavior.
  _warn_prf(average, modifier, msg_start, len(result))
Validation accuracy: 79.96
Validation recall: 0.00
Validation precision: 0.00
Validation AUC: 0.19801341692849816
Validation class accuracies: [1.0, 0.0]
TARGET: 1
target metric(test f1): 0.0
The validation tracker metric at 0.10126582278481013 hasn't increased by 0 in 1 epochs
Epoch 7/80
288/288 - 158s - loss: 0.5771 - accuracy: 0.7232 - val_loss: 0.5322 - val_accuracy: 0.7932
Confusion matrix: 
 [[861   9]
 [216   2]]
Validation f1: 1.75
/home/alirachidi/anaconda3/envs/LungSoundClass/lib/python3.7/site-packages/tensorflow/python/data/ops/dataset_ops.py:3504: UserWarning: Even though the tf.config.experimental_run_functions_eagerly option is set, this option does not apply to tf.data functions. tf.data functions are still traced and executed as graphs.
  "Even though the tf.config.experimental_run_functions_eagerly "
Validation accuracy: 79.32
Validation recall: 0.92
Validation precision: 18.18
Validation AUC: 0.20025663328881788
Validation class accuracies: [0.9896551724137931, 0.009174311926605505]
TARGET: 1
target metric(test f1): 0.017467248908296946
The validation tracker metric at 0.10126582278481013 hasn't increased by 0 in 2 epochs
Epoch 8/80
288/288 - 159s - loss: 0.5746 - accuracy: 0.7228 - val_loss: 0.6076 - val_accuracy: 0.7325
Confusion matrix: 
 [[780  90]
 [201  17]]
/home/alirachidi/anaconda3/envs/LungSoundClass/lib/python3.7/site-packages/tensorflow/python/data/ops/dataset_ops.py:3504: UserWarning: Even though the tf.config.experimental_run_functions_eagerly option is set, this option does not apply to tf.data functions. tf.data functions are still traced and executed as graphs.
  "Even though the tf.config.experimental_run_functions_eagerly "
Validation f1: 10.46
Validation accuracy: 73.25
Validation recall: 7.80
Validation precision: 15.89
Validation AUC: 0.17348753320571986
Validation class accuracies: [0.896551724137931, 0.0779816513761468]
TARGET: 1
target metric(test f1): 0.10461538461538462
Saving model...
Epoch 9/80
288/288 - 159s - loss: 0.5738 - accuracy: 0.7254 - val_loss: 0.5115 - val_accuracy: 0.7914
Confusion matrix: 
 [[855  15]
 [212   6]]
/home/alirachidi/anaconda3/envs/LungSoundClass/lib/python3.7/site-packages/tensorflow/python/data/ops/dataset_ops.py:3504: UserWarning: Even though the tf.config.experimental_run_functions_eagerly option is set, this option does not apply to tf.data functions. tf.data functions are still traced and executed as graphs.
  "Even though the tf.config.experimental_run_functions_eagerly "
Validation f1: 5.02
Validation accuracy: 79.14
Validation recall: 2.75
Validation precision: 28.57
Validation AUC: 0.2214797935433153
Validation class accuracies: [0.9827586206896551, 0.027522935779816515]
TARGET: 1
target metric(test f1): 0.0502092050209205
The validation tracker metric at 0.10461538461538462 hasn't increased by 0 in 1 epochs
Epoch 10/80
288/288 - 158s - loss: 0.5703 - accuracy: 0.7293 - val_loss: 0.5544 - val_accuracy: 0.7858
Confusion matrix: 
 [[851  19]
 [214   4]]
/home/alirachidi/anaconda3/envs/LungSoundClass/lib/python3.7/site-packages/tensorflow/python/data/ops/dataset_ops.py:3504: UserWarning: Even though the tf.config.experimental_run_functions_eagerly option is set, this option does not apply to tf.data functions. tf.data functions are still traced and executed as graphs.
  "Even though the tf.config.experimental_run_functions_eagerly "
Validation f1: 3.32
Validation accuracy: 78.58
Validation recall: 1.83
Validation precision: 17.39
Validation AUC: 0.23177469594453942
Validation class accuracies: [0.9781609195402299, 0.01834862385321101]
TARGET: 1
target metric(test f1): 0.03319502074688797
The validation tracker metric at 0.10461538461538462 hasn't increased by 0 in 2 epochs
Epoch 11/80
288/288 - 159s - loss: 0.5617 - accuracy: 0.7302 - val_loss: 0.5890 - val_accuracy: 0.7243
Confusion matrix: 
 [[753 117]
 [183  35]]
/home/alirachidi/anaconda3/envs/LungSoundClass/lib/python3.7/site-packages/tensorflow/python/data/ops/dataset_ops.py:3504: UserWarning: Even though the tf.config.experimental_run_functions_eagerly option is set, this option does not apply to tf.data functions. tf.data functions are still traced and executed as graphs.
  "Even though the tf.config.experimental_run_functions_eagerly "
Validation f1: 18.92
Validation accuracy: 72.43
Validation recall: 16.06
Validation precision: 23.03
Validation AUC: 0.21427848589336598
Validation class accuracies: [0.8655172413793103, 0.16055045871559634]
TARGET: 1
target metric(test f1): 0.18918918918918917
Saving model...
Epoch 12/80
288/288 - 159s - loss: 0.5612 - accuracy: 0.7348 - val_loss: 0.5743 - val_accuracy: 0.7454
Confusion matrix: 
 [[794  76]
 [201  17]]
/home/alirachidi/anaconda3/envs/LungSoundClass/lib/python3.7/site-packages/tensorflow/python/data/ops/dataset_ops.py:3504: UserWarning: Even though the tf.config.experimental_run_functions_eagerly option is set, this option does not apply to tf.data functions. tf.data functions are still traced and executed as graphs.
  "Even though the tf.config.experimental_run_functions_eagerly "
Validation f1: 10.93
Validation accuracy: 74.54
Validation recall: 7.80
Validation precision: 18.28
Validation AUC: 0.22127942922566027
Validation class accuracies: [0.9126436781609195, 0.0779816513761468]
TARGET: 1
target metric(test f1): 0.10932475884244372
The validation tracker metric at 0.18918918918918917 hasn't increased by 0 in 1 epochs
Epoch 13/80
288/288 - 160s - loss: 0.5562 - accuracy: 0.7356 - val_loss: 0.5328 - val_accuracy: 0.7877
Confusion matrix: 
 [[852  18]
 [213   5]]
/home/alirachidi/anaconda3/envs/LungSoundClass/lib/python3.7/site-packages/tensorflow/python/data/ops/dataset_ops.py:3504: UserWarning: Even though the tf.config.experimental_run_functions_eagerly option is set, this option does not apply to tf.data functions. tf.data functions are still traced and executed as graphs.
  "Even though the tf.config.experimental_run_functions_eagerly "
Validation f1: 4.15
Validation accuracy: 78.77
Validation recall: 2.29
Validation precision: 21.74
Validation AUC: 0.19685309378282528
Validation class accuracies: [0.9793103448275862, 0.022935779816513763]
TARGET: 1
target metric(test f1): 0.04149377593360996
The validation tracker metric at 0.18918918918918917 hasn't increased by 0 in 2 epochs
Epoch 14/80
288/288 - 163s - loss: 0.5517 - accuracy: 0.7376 - val_loss: 0.5292 - val_accuracy: 0.7960
Confusion matrix: 
 [[865   5]
 [217   1]]
Validation f1: 0.89
/home/alirachidi/anaconda3/envs/LungSoundClass/lib/python3.7/site-packages/tensorflow/python/data/ops/dataset_ops.py:3504: UserWarning: Even though the tf.config.experimental_run_functions_eagerly option is set, this option does not apply to tf.data functions. tf.data functions are still traced and executed as graphs.
  "Even though the tf.config.experimental_run_functions_eagerly "
Validation accuracy: 79.60
Validation recall: 0.46
Validation precision: 16.67
Validation AUC: 0.1979040928002482
Validation class accuracies: [0.9942528735632183, 0.0045871559633027525]
TARGET: 1
target metric(test f1): 0.00892857142857143
The validation tracker metric at 0.18918918918918917 hasn't increased by 0 in 3 epochs
Epoch 15/80
288/288 - 161s - loss: 0.5456 - accuracy: 0.7359 - val_loss: 0.6167 - val_accuracy: 0.7693
Confusion matrix: 
 [[830  40]
 [211   7]]
/home/alirachidi/anaconda3/envs/LungSoundClass/lib/python3.7/site-packages/tensorflow/python/data/ops/dataset_ops.py:3504: UserWarning: Even though the tf.config.experimental_run_functions_eagerly option is set, this option does not apply to tf.data functions. tf.data functions are still traced and executed as graphs.
  "Even though the tf.config.experimental_run_functions_eagerly "
Validation f1: 5.28
Validation accuracy: 76.93
Validation recall: 3.21
Validation precision: 14.89
Validation AUC: 0.19515296750281766
Validation class accuracies: [0.9540229885057471, 0.03211009174311927]
TARGET: 1
target metric(test f1): 0.052830188679245285
Lr has been adjusted to 0.0002500000118743628
The validation tracker metric at 0.18918918918918917 hasn't increased by 0 in 4 epochs
Epoch 16/80
288/288 - 163s - loss: 0.5240 - accuracy: 0.7524 - val_loss: 0.5518 - val_accuracy: 0.7794
Confusion matrix: 
 [[841  29]
 [211   7]]
/home/alirachidi/anaconda3/envs/LungSoundClass/lib/python3.7/site-packages/tensorflow/python/data/ops/dataset_ops.py:3504: UserWarning: Even though the tf.config.experimental_run_functions_eagerly option is set, this option does not apply to tf.data functions. tf.data functions are still traced and executed as graphs.
  "Even though the tf.config.experimental_run_functions_eagerly "
Validation f1: 5.51
Validation accuracy: 77.94
Validation recall: 3.21
Validation precision: 19.44
Validation AUC: 0.18787613947963921
Validation class accuracies: [0.9666666666666667, 0.03211009174311927]
TARGET: 1
target metric(test f1): 0.05511811023622047
The validation tracker metric at 0.18918918918918917 hasn't increased by 0 in 5 epochs
Epoch 17/80
288/288 - 167s - loss: 0.5121 - accuracy: 0.7585 - val_loss: 0.5466 - val_accuracy: 0.7849
Confusion matrix: 
 [[847  23]
 [211   7]]
/home/alirachidi/anaconda3/envs/LungSoundClass/lib/python3.7/site-packages/tensorflow/python/data/ops/dataset_ops.py:3504: UserWarning: Even though the tf.config.experimental_run_functions_eagerly option is set, this option does not apply to tf.data functions. tf.data functions are still traced and executed as graphs.
  "Even though the tf.config.experimental_run_functions_eagerly "
Validation f1: 5.65
Validation accuracy: 78.49
Validation recall: 3.21
Validation precision: 23.33
Validation AUC: 0.21219427015001072
Validation class accuracies: [0.9735632183908046, 0.03211009174311927]
TARGET: 1
target metric(test f1): 0.05645161290322581
The validation tracker metric at 0.18918918918918917 hasn't increased by 0 in 6 epochs
Epoch 18/80
288/288 - 167s - loss: 0.5075 - accuracy: 0.7585 - val_loss: 0.5600 - val_accuracy: 0.7656
Confusion matrix: 
 [[819  51]
 [204  14]]
/home/alirachidi/anaconda3/envs/LungSoundClass/lib/python3.7/site-packages/tensorflow/python/data/ops/dataset_ops.py:3504: UserWarning: Even though the tf.config.experimental_run_functions_eagerly option is set, this option does not apply to tf.data functions. tf.data functions are still traced and executed as graphs.
  "Even though the tf.config.experimental_run_functions_eagerly "
Validation f1: 9.89
Validation accuracy: 76.56
Validation recall: 6.42
Validation precision: 21.54
Validation AUC: 0.2068471419185679
Validation class accuracies: [0.9413793103448276, 0.06422018348623854]
TARGET: 1
target metric(test f1): 0.0989399293286219
The validation tracker metric at 0.18918918918918917 hasn't increased by 0 in 7 epochs
Epoch 19/80
288/288 - 166s - loss: 0.4961 - accuracy: 0.7681 - val_loss: 0.5920 - val_accuracy: 0.7574
Confusion matrix: 
 [[809  61]
 [203  15]]
/home/alirachidi/anaconda3/envs/LungSoundClass/lib/python3.7/site-packages/tensorflow/python/data/ops/dataset_ops.py:3504: UserWarning: Even though the tf.config.experimental_run_functions_eagerly option is set, this option does not apply to tf.data functions. tf.data functions are still traced and executed as graphs.
  "Even though the tf.config.experimental_run_functions_eagerly "
Validation f1: 10.20
Validation accuracy: 75.74
Validation recall: 6.88
Validation precision: 19.74
Validation AUC: 0.19883502948608336
Validation class accuracies: [0.9298850574712644, 0.06880733944954129]
TARGET: 1
target metric(test f1): 0.10204081632653063
Lr has been adjusted to 6.25000029685907e-05
The validation tracker metric at 0.18918918918918917 hasn't increased by 0 in 8 epochs
Epoch 20/80
288/288 - 159s - loss: 0.4770 - accuracy: 0.7757 - val_loss: 0.6077 - val_accuracy: 0.7289
Confusion matrix: 
 [[770 100]
 [195  23]]
Validation f1: 13.49
/home/alirachidi/anaconda3/envs/LungSoundClass/lib/python3.7/site-packages/tensorflow/python/data/ops/dataset_ops.py:3504: UserWarning: Even though the tf.config.experimental_run_functions_eagerly option is set, this option does not apply to tf.data functions. tf.data functions are still traced and executed as graphs.
  "Even though the tf.config.experimental_run_functions_eagerly "
Validation accuracy: 72.89
Validation recall: 10.55
Validation precision: 18.70
Validation AUC: 0.21019080345351704
Validation class accuracies: [0.8850574712643678, 0.10550458715596331]
TARGET: 1
target metric(test f1): 0.13489736070381234
The validation tracker metric at 0.18918918918918917 hasn't increased by 0 in 9 epochs
Epoch 21/80
288/288 - 146s - loss: 0.4764 - accuracy: 0.7783 - val_loss: 0.6241 - val_accuracy: 0.7197
Confusion matrix: 
 [[759 111]
 [194  24]]
/home/alirachidi/anaconda3/envs/LungSoundClass/lib/python3.7/site-packages/tensorflow/python/data/ops/dataset_ops.py:3504: UserWarning: Even though the tf.config.experimental_run_functions_eagerly option is set, this option does not apply to tf.data functions. tf.data functions are still traced and executed as graphs.
  "Even though the tf.config.experimental_run_functions_eagerly "
Validation f1: 13.60
Validation accuracy: 71.97
Validation recall: 11.01
Validation precision: 17.78
Validation AUC: 0.20562476300618932
Validation class accuracies: [0.8724137931034482, 0.11009174311926606]
TARGET: 1
target metric(test f1): 0.13597733711048157
The validation tracker metric at 0.18918918918918917 hasn't increased by 0 in 10 epochs
Epoch 22/80
288/288 - 150s - loss: 0.4672 - accuracy: 0.7872 - val_loss: 0.6364 - val_accuracy: 0.7197
Confusion matrix: 
 [[758 112]
 [193  25]]
/home/alirachidi/anaconda3/envs/LungSoundClass/lib/python3.7/site-packages/tensorflow/python/data/ops/dataset_ops.py:3504: UserWarning: Even though the tf.config.experimental_run_functions_eagerly option is set, this option does not apply to tf.data functions. tf.data functions are still traced and executed as graphs.
  "Even though the tf.config.experimental_run_functions_eagerly "
Validation f1: 14.08
Validation accuracy: 71.97
Validation recall: 11.47
Validation precision: 18.25
Validation AUC: 0.20361009195107588
Validation class accuracies: [0.871264367816092, 0.11467889908256881]
TARGET: 1
target metric(test f1): 0.14084507042253522
The validation tracker metric at 0.18918918918918917 hasn't increased by 0 in 11 epochs
Epoch 23/80
288/288 - 147s - loss: 0.4690 - accuracy: 0.7796 - val_loss: 0.6460 - val_accuracy: 0.7169
Confusion matrix: 
 [[749 121]
 [187  31]]
/home/alirachidi/anaconda3/envs/LungSoundClass/lib/python3.7/site-packages/tensorflow/python/data/ops/dataset_ops.py:3504: UserWarning: Even though the tf.config.experimental_run_functions_eagerly option is set, this option does not apply to tf.data functions. tf.data functions are still traced and executed as graphs.
  "Even though the tf.config.experimental_run_functions_eagerly "
Validation f1: 16.76
Validation accuracy: 71.69
Validation recall: 14.22
Validation precision: 20.39
Validation AUC: 0.20906141266735584
Validation class accuracies: [0.860919540229885, 0.14220183486238533]
TARGET: 1
target metric(test f1): 0.16756756756756758
Lr has been adjusted to 1.5625000742147677e-05
The validation tracker metric at 0.18918918918918917 hasn't increased by 0 in 12 epochs
Epoch 24/80
288/288 - 152s - loss: 0.4689 - accuracy: 0.7776 - val_loss: 0.6355 - val_accuracy: 0.7307
Confusion matrix: 
 [[771  99]
 [194  24]]
Validation f1: 14.08
/home/alirachidi/anaconda3/envs/LungSoundClass/lib/python3.7/site-packages/tensorflow/python/data/ops/dataset_ops.py:3504: UserWarning: Even though the tf.config.experimental_run_functions_eagerly option is set, this option does not apply to tf.data functions. tf.data functions are still traced and executed as graphs.
  "Even though the tf.config.experimental_run_functions_eagerly "
Validation accuracy: 73.07
Validation recall: 11.01
Validation precision: 19.51
Validation AUC: 0.20476035855921457
Validation class accuracies: [0.8862068965517241, 0.11009174311926606]
TARGET: 1
target metric(test f1): 0.14076246334310852
The validation tracker metric at 0.18918918918918917 hasn't increased by 0 in 13 epochs
Epoch 25/80
288/288 - 180s - loss: 0.4663 - accuracy: 0.7829 - val_loss: 0.6478 - val_accuracy: 0.7160
Confusion matrix: 
 [[752 118]
 [191  27]]
/home/alirachidi/anaconda3/envs/LungSoundClass/lib/python3.7/site-packages/tensorflow/python/data/ops/dataset_ops.py:3504: UserWarning: Even though the tf.config.experimental_run_functions_eagerly option is set, this option does not apply to tf.data functions. tf.data functions are still traced and executed as graphs.
  "Even though the tf.config.experimental_run_functions_eagerly "
Validation f1: 14.88
Validation accuracy: 71.60
Validation recall: 12.39
Validation precision: 18.62
Validation AUC: 0.20333413306574885
Validation class accuracies: [0.864367816091954, 0.12385321100917432]
TARGET: 1
target metric(test f1): 0.14876033057851243
The validation tracker metric at 0.18918918918918917 hasn't increased by 0 in 14 epochs
Epoch 26/80
288/288 - 179s - loss: 0.4629 - accuracy: 0.7842 - val_loss: 0.6543 - val_accuracy: 0.7123
Confusion matrix: 
 [[747 123]
 [190  28]]
/home/alirachidi/anaconda3/envs/LungSoundClass/lib/python3.7/site-packages/tensorflow/python/data/ops/dataset_ops.py:3504: UserWarning: Even though the tf.config.experimental_run_functions_eagerly option is set, this option does not apply to tf.data functions. tf.data functions are still traced and executed as graphs.
  "Even though the tf.config.experimental_run_functions_eagerly "
Validation f1: 15.18
Validation accuracy: 71.23
Validation recall: 12.84
Validation precision: 18.54
Validation AUC: 0.20255150005639375
Validation class accuracies: [0.8586206896551725, 0.12844036697247707]
TARGET: 1
target metric(test f1): 0.15176151761517617
The validation tracker metric at 0.18918918918918917 hasn't increased by 0 in 15 epochs
Epoch 27/80
288/288 - 180s - loss: 0.4657 - accuracy: 0.7876 - val_loss: 0.6453 - val_accuracy: 0.7197
Confusion matrix: 
 [[758 112]
 [193  25]]
/home/alirachidi/anaconda3/envs/LungSoundClass/lib/python3.7/site-packages/tensorflow/python/data/ops/dataset_ops.py:3504: UserWarning: Even though the tf.config.experimental_run_functions_eagerly option is set, this option does not apply to tf.data functions. tf.data functions are still traced and executed as graphs.
  "Even though the tf.config.experimental_run_functions_eagerly "
Validation f1: 14.08
Validation accuracy: 71.97
Validation recall: 11.47
Validation precision: 18.25
Validation AUC: 0.20487259781834444
Validation class accuracies: [0.871264367816092, 0.11467889908256881]
TARGET: 1
target metric(test f1): 0.14084507042253522
Lr has been adjusted to 3.906250185536919e-06
The validation tracker metric at 0.18918918918918917 hasn't increased by 0 in 16 epochs
Epoch 28/80
288/288 - 185s - loss: 0.4593 - accuracy: 0.7857 - val_loss: 0.6484 - val_accuracy: 0.7142
Confusion matrix: 
 [[751 119]
 [192  26]]
/home/alirachidi/anaconda3/envs/LungSoundClass/lib/python3.7/site-packages/tensorflow/python/data/ops/dataset_ops.py:3504: UserWarning: Even though the tf.config.experimental_run_functions_eagerly option is set, this option does not apply to tf.data functions. tf.data functions are still traced and executed as graphs.
  "Even though the tf.config.experimental_run_functions_eagerly "
Validation f1: 14.33
Validation accuracy: 71.42
Validation recall: 11.93
Validation precision: 17.93
Validation AUC: 0.2051723567049336
Validation class accuracies: [0.8632183908045977, 0.11926605504587157]
TARGET: 1
target metric(test f1): 0.14325068870523416
The validation tracker metric at 0.18918918918918917 hasn't increased by 0 in 17 epochs
Epoch 29/80
288/288 - 187s - loss: 0.4617 - accuracy: 0.7855 - val_loss: 0.6423 - val_accuracy: 0.7224
Confusion matrix: 
 [[762 108]
 [194  24]]
/home/alirachidi/anaconda3/envs/LungSoundClass/lib/python3.7/site-packages/tensorflow/python/data/ops/dataset_ops.py:3504: UserWarning: Even though the tf.config.experimental_run_functions_eagerly option is set, this option does not apply to tf.data functions. tf.data functions are still traced and executed as graphs.
  "Even though the tf.config.experimental_run_functions_eagerly "
Validation f1: 13.71
Validation accuracy: 72.24
Validation recall: 11.01
Validation precision: 18.18
Validation AUC: 0.20451841784356356
Validation class accuracies: [0.8758620689655172, 0.11009174311926606]
TARGET: 1
target metric(test f1): 0.13714285714285715
The validation tracker metric at 0.18918918918918917 hasn't increased by 0 in 18 epochs
Epoch 30/80
288/288 - 189s - loss: 0.4587 - accuracy: 0.7859 - val_loss: 0.6410 - val_accuracy: 0.7279
Confusion matrix: 
 [[768 102]
 [194  24]]
/home/alirachidi/anaconda3/envs/LungSoundClass/lib/python3.7/site-packages/tensorflow/python/data/ops/dataset_ops.py:3504: UserWarning: Even though the tf.config.experimental_run_functions_eagerly option is set, this option does not apply to tf.data functions. tf.data functions are still traced and executed as graphs.
  "Even though the tf.config.experimental_run_functions_eagerly "
Validation f1: 13.95
Validation accuracy: 72.79
Validation recall: 11.01
Validation precision: 19.05
Validation AUC: 0.2051706643333279
Validation class accuracies: [0.8827586206896552, 0.11009174311926606]
TARGET: 1
target metric(test f1): 0.13953488372093023
The validation tracker metric at 0.18918918918918917 hasn't increased by 0 in 19 epochs
Epoch 31/80
288/288 - 184s - loss: 0.4529 - accuracy: 0.7913 - val_loss: 0.6399 - val_accuracy: 0.7279
Confusion matrix: 
 [[768 102]
 [194  24]]
/home/alirachidi/anaconda3/envs/LungSoundClass/lib/python3.7/site-packages/tensorflow/python/data/ops/dataset_ops.py:3504: UserWarning: Even though the tf.config.experimental_run_functions_eagerly option is set, this option does not apply to tf.data functions. tf.data functions are still traced and executed as graphs.
  "Even though the tf.config.experimental_run_functions_eagerly "
Validation f1: 13.95
Validation accuracy: 72.79
Validation recall: 11.01
Validation precision: 19.05
Validation AUC: 0.2049935049307074
Validation class accuracies: [0.8827586206896552, 0.11009174311926606]
TARGET: 1
target metric(test f1): 0.13953488372093023
Lr has been adjusted to 9.765625463842298e-07
The validation tracker metric at 0.18918918918918917 hasn't increased by 0 in 20 epochs
Epoch 32/80
288/288 - 186s - loss: 0.4599 - accuracy: 0.7889 - val_loss: 0.6363 - val_accuracy: 0.7325
Confusion matrix: 
 [[774  96]
 [195  23]]
/home/alirachidi/anaconda3/envs/LungSoundClass/lib/python3.7/site-packages/tensorflow/python/data/ops/dataset_ops.py:3504: UserWarning: Even though the tf.config.experimental_run_functions_eagerly option is set, this option does not apply to tf.data functions. tf.data functions are still traced and executed as graphs.
  "Even though the tf.config.experimental_run_functions_eagerly "
Validation f1: 13.65
Validation accuracy: 73.25
Validation recall: 10.55
Validation precision: 19.33
Validation AUC: 0.20484308502606255
Validation class accuracies: [0.8896551724137931, 0.10550458715596331]
TARGET: 1
target metric(test f1): 0.13649851632047477
The validation tracker metric at 0.18918918918918917 hasn't increased by 0 in 21 epochs
Epoch 33/80
288/288 - 185s - loss: 0.4575 - accuracy: 0.7857 - val_loss: 0.6421 - val_accuracy: 0.7215
Confusion matrix: 
 [[761 109]
 [194  24]]
/home/alirachidi/anaconda3/envs/LungSoundClass/lib/python3.7/site-packages/tensorflow/python/data/ops/dataset_ops.py:3504: UserWarning: Even though the tf.config.experimental_run_functions_eagerly option is set, this option does not apply to tf.data functions. tf.data functions are still traced and executed as graphs.
  "Even though the tf.config.experimental_run_functions_eagerly "
Validation f1: 13.68
Validation accuracy: 72.15
Validation recall: 11.01
Validation precision: 18.05
Validation AUC: 0.20504470747153192
Validation class accuracies: [0.8747126436781609, 0.11009174311926606]
TARGET: 1
target metric(test f1): 0.13675213675213677
The validation tracker metric at 0.18918918918918917 hasn't increased by 0 in 22 epochs
Epoch 34/80
288/288 - 185s - loss: 0.4561 - accuracy: 0.7916 - val_loss: 0.6435 - val_accuracy: 0.7215
Confusion matrix: 
 [[761 109]
 [194  24]]
/home/alirachidi/anaconda3/envs/LungSoundClass/lib/python3.7/site-packages/tensorflow/python/data/ops/dataset_ops.py:3504: UserWarning: Even though the tf.config.experimental_run_functions_eagerly option is set, this option does not apply to tf.data functions. tf.data functions are still traced and executed as graphs.
  "Even though the tf.config.experimental_run_functions_eagerly "
Validation f1: 13.68
Validation accuracy: 72.15
Validation recall: 11.01
Validation precision: 18.05
Validation AUC: 0.20498585115539536
Validation class accuracies: [0.8747126436781609, 0.11009174311926606]
TARGET: 1
target metric(test f1): 0.13675213675213677
The validation tracker metric at 0.18918918918918917 hasn't increased by 0 in 23 epochs
Epoch 35/80
288/288 - 187s - loss: 0.4562 - accuracy: 0.7872 - val_loss: 0.6441 - val_accuracy: 0.7197
Confusion matrix: 
 [[758 112]
 [193  25]]
/home/alirachidi/anaconda3/envs/LungSoundClass/lib/python3.7/site-packages/tensorflow/python/data/ops/dataset_ops.py:3504: UserWarning: Even though the tf.config.experimental_run_functions_eagerly option is set, this option does not apply to tf.data functions. tf.data functions are still traced and executed as graphs.
  "Even though the tf.config.experimental_run_functions_eagerly "
Validation f1: 14.08
Validation accuracy: 71.97
Validation recall: 11.47
Validation precision: 18.25
Validation AUC: 0.2048240030715236
Validation class accuracies: [0.871264367816092, 0.11467889908256881]
TARGET: 1
target metric(test f1): 0.14084507042253522
Lr has been adjusted to 2.4414063659605745e-07
The validation tracker metric at 0.18918918918918917 hasn't increased by 0 in 24 epochs
Epoch 36/80
288/288 - 190s - loss: 0.4508 - accuracy: 0.7924 - val_loss: 0.6447 - val_accuracy: 0.7197
Confusion matrix: 
 [[759 111]
 [194  24]]
Validation f1: 13.60
/home/alirachidi/anaconda3/envs/LungSoundClass/lib/python3.7/site-packages/tensorflow/python/data/ops/dataset_ops.py:3504: UserWarning: Even though the tf.config.experimental_run_functions_eagerly option is set, this option does not apply to tf.data functions. tf.data functions are still traced and executed as graphs.
  "Even though the tf.config.experimental_run_functions_eagerly "
Validation accuracy: 71.97
Validation recall: 11.01
Validation precision: 17.78
Validation AUC: 0.20540131115900565
Validation class accuracies: [0.8724137931034482, 0.11009174311926606]

The metrics for the epoch with the best target metric are: 
Best cm: [[753 117]
 [183  35]]
Best f1: 0.18918918918918917
Best accuracy: 0.7242647058823529
Best recall: 0.16055045871559634
Best precision: 0.23026315789473684
Best AUC: 0.21427848589336598
Best epoch: 11
local_gc_exec.sh: line 6: 30891 Killed                  python -m models.$MODULE_NAME --train-file $LOCAL_TRAIN_FILE --job-dir $LOCAL_JOB_DIR --params "$PARAMS" --wav-params "$WAV_PARAMS" --spec-params "$SPEC_PARAMS"

 See logs at ../../new_cache/conv__2173__06_0308__v29__pitchshifting_400_woclause/logs//home/alirachidi/anaconda3/envs/LungSoundClass/lib/python3.7/multiprocessing/semaphore_tracker.py:144: UserWarning: semaphore_tracker: There appear to be 6 leaked semaphores to clean up at shutdown
  len(cache))
