Category:  coch
Dataset:  all_sw_coch_preprocessed_v2_param_v29_augm_v0_cleaned_8000.pkl
File:  conv.train2196
Description:  finding_lr
2021-06-06 18:42:37.934519: I tensorflow/stream_executor/platform/default/dso_loader.cc:49] Successfully opened dynamic library libcudart.so.11.0
WARNING:tensorflow:From /home/alirachidi/classification_algorithm/trainers/main/models/conv/modules/augmentation.py:19: experimental_run_functions_eagerly (from tensorflow.python.eager.def_function) is deprecated and will be removed in a future version.
Instructions for updating:
Use `tf.config.run_functions_eagerly` instead of the experimental version.
2021-06-06 18:42:40.238335: I tensorflow/compiler/jit/xla_cpu_device.cc:41] Not creating XLA devices, tf_xla_enable_xla_devices not set
2021-06-06 18:42:40.239313: I tensorflow/stream_executor/platform/default/dso_loader.cc:49] Successfully opened dynamic library libcuda.so.1
2021-06-06 18:42:40.251283: I tensorflow/stream_executor/cuda/cuda_gpu_executor.cc:941] successful NUMA node read from SysFS had negative value (-1), but there must be at least one NUMA node, so returning NUMA node zero
2021-06-06 18:42:40.251963: I tensorflow/core/common_runtime/gpu/gpu_device.cc:1720] Found device 0 with properties: 
pciBusID: 0000:00:05.0 name: Tesla T4 computeCapability: 7.5
coreClock: 1.59GHz coreCount: 40 deviceMemorySize: 14.75GiB deviceMemoryBandwidth: 298.08GiB/s
2021-06-06 18:42:40.251988: I tensorflow/stream_executor/platform/default/dso_loader.cc:49] Successfully opened dynamic library libcudart.so.11.0
2021-06-06 18:42:40.255479: I tensorflow/stream_executor/platform/default/dso_loader.cc:49] Successfully opened dynamic library libcublas.so.11
2021-06-06 18:42:40.255553: I tensorflow/stream_executor/platform/default/dso_loader.cc:49] Successfully opened dynamic library libcublasLt.so.11
2021-06-06 18:42:40.256641: I tensorflow/stream_executor/platform/default/dso_loader.cc:49] Successfully opened dynamic library libcufft.so.10
2021-06-06 18:42:40.256924: I tensorflow/stream_executor/platform/default/dso_loader.cc:49] Successfully opened dynamic library libcurand.so.10
2021-06-06 18:42:40.257895: I tensorflow/stream_executor/platform/default/dso_loader.cc:49] Successfully opened dynamic library libcusolver.so.10
2021-06-06 18:42:40.258734: I tensorflow/stream_executor/platform/default/dso_loader.cc:49] Successfully opened dynamic library libcusparse.so.11
2021-06-06 18:42:40.258889: I tensorflow/stream_executor/platform/default/dso_loader.cc:49] Successfully opened dynamic library libcudnn.so.8
2021-06-06 18:42:40.258995: I tensorflow/stream_executor/cuda/cuda_gpu_executor.cc:941] successful NUMA node read from SysFS had negative value (-1), but there must be at least one NUMA node, so returning NUMA node zero
2021-06-06 18:42:40.259707: I tensorflow/stream_executor/cuda/cuda_gpu_executor.cc:941] successful NUMA node read from SysFS had negative value (-1), but there must be at least one NUMA node, so returning NUMA node zero
2021-06-06 18:42:40.260329: I tensorflow/core/common_runtime/gpu/gpu_device.cc:1862] Adding visible gpu devices: 0
Tensorflow Version: 2.4.0
Num GPUs Available:  1
-----------------------
Using module: nv/train2196.py
Using train_file: ../../data/datasets/all_sw_coch_preprocessed_v2_param_v29_augm_v0_cleaned_8000.pkl
Job directory: ../../new_cache/conv__2196__06_1841__v29__finding_lr
Parameters: {'N_CLASSES': 1, 'SR': 8000, 'BATCH_SIZE': 16, 'LR': 0.0001, 'SHAPE': [128, 1250], 'LL2_REG': 0, 'WEIGHT_DECAY': 0.001, 'N_EPOCHS': 80, 'FACTOR': 0.25, 'PATIENCE': 8, 'MIN_LR': 1e-05, 'LABEL_SMOOTHING': 0, 'EPSILON': 1e-07, 'ES_PATIENCE': 20, 'OVERSAMPLE': 0, 'MIN_DELTA': 0, 'PARAM': 'v29', 'EPOCH_START': 1, 'CLAUSE': 0, 'AUGMENTATION': 0, 'TARGET': 1, 'INITIAL_CHANNELS': 1, 'CLASS_WEIGHTS': 1, 'SIX': 0, 'CONCAT': 0, 'TESTING': 0}
Augmentation parameters for audio: {'ADD': 1, 'QUANTITY': 250, 'WAV_PATH': 'v36,v37'}
Augmentation parameters for spectrograms: {'ADD': 1, 'QUANTITY': 150, 'TIME_MASKING': 1, 'FREQUENCY_MASKING': 1, 'LOUDNESS': 0}
-----------------------
Collecting Variables...
All variables have been collected.
/home/alirachidi/anaconda3/envs/LungSoundClass/lib/python3.7/site-packages/tensorflow_addons/utils/ensure_tf_install.py:68: UserWarning: Tensorflow Addons supports using Python ops for all Tensorflow versions above or equal to 2.2.0 and strictly below 2.3.0 (nightly versions are not supported). 
 The versions of TensorFlow you are currently using is 2.4.0 and is not supported. 
Some things might work, some things might not.
If you were to encounter a bug, do not file an issue.
If you want to make sure you're using a tested and supported configuration, either change the TensorFlow version or the TensorFlow Addons's version. 
You can find the compatibility matrix in TensorFlow Addon's readme:
https://github.com/tensorflow/addons
  UserWarning,
wandb: W&B syncing is set to `offline` in this directory.  Run `wandb online` or set WANDB_MODE=online to enable cloud syncing.
2021-06-06 18:43:21.252130: I tensorflow/compiler/jit/xla_gpu_device.cc:99] Not creating XLA devices, tf_xla_enable_xla_devices not set
2021-06-06 18:43:21.252448: I tensorflow/stream_executor/cuda/cuda_gpu_executor.cc:941] successful NUMA node read from SysFS had negative value (-1), but there must be at least one NUMA node, so returning NUMA node zero
2021-06-06 18:43:21.253386: I tensorflow/core/common_runtime/gpu/gpu_device.cc:1720] Found device 0 with properties: 
pciBusID: 0000:00:05.0 name: Tesla T4 computeCapability: 7.5
coreClock: 1.59GHz coreCount: 40 deviceMemorySize: 14.75GiB deviceMemoryBandwidth: 298.08GiB/s
2021-06-06 18:43:21.253466: I tensorflow/stream_executor/platform/default/dso_loader.cc:49] Successfully opened dynamic library libcudart.so.11.0
2021-06-06 18:43:21.253565: I tensorflow/stream_executor/platform/default/dso_loader.cc:49] Successfully opened dynamic library libcublas.so.11
2021-06-06 18:43:21.253607: I tensorflow/stream_executor/platform/default/dso_loader.cc:49] Successfully opened dynamic library libcublasLt.so.11
2021-06-06 18:43:21.253662: I tensorflow/stream_executor/platform/default/dso_loader.cc:49] Successfully opened dynamic library libcufft.so.10
2021-06-06 18:43:21.253691: I tensorflow/stream_executor/platform/default/dso_loader.cc:49] Successfully opened dynamic library libcurand.so.10
2021-06-06 18:43:21.253731: I tensorflow/stream_executor/platform/default/dso_loader.cc:49] Successfully opened dynamic library libcusolver.so.10
2021-06-06 18:43:21.253760: I tensorflow/stream_executor/platform/default/dso_loader.cc:49] Successfully opened dynamic library libcusparse.so.11
2021-06-06 18:43:21.253785: I tensorflow/stream_executor/platform/default/dso_loader.cc:49] Successfully opened dynamic library libcudnn.so.8
2021-06-06 18:43:21.253894: I tensorflow/stream_executor/cuda/cuda_gpu_executor.cc:941] successful NUMA node read from SysFS had negative value (-1), but there must be at least one NUMA node, so returning NUMA node zero
2021-06-06 18:43:21.254593: I tensorflow/stream_executor/cuda/cuda_gpu_executor.cc:941] successful NUMA node read from SysFS had negative value (-1), but there must be at least one NUMA node, so returning NUMA node zero
2021-06-06 18:43:21.255246: I tensorflow/core/common_runtime/gpu/gpu_device.cc:1862] Adding visible gpu devices: 0
2021-06-06 18:43:21.255294: I tensorflow/stream_executor/platform/default/dso_loader.cc:49] Successfully opened dynamic library libcudart.so.11.0
2021-06-06 18:43:21.960994: I tensorflow/core/common_runtime/gpu/gpu_device.cc:1261] Device interconnect StreamExecutor with strength 1 edge matrix:
2021-06-06 18:43:21.961039: I tensorflow/core/common_runtime/gpu/gpu_device.cc:1267]      0 
2021-06-06 18:43:21.961051: I tensorflow/core/common_runtime/gpu/gpu_device.cc:1280] 0:   N 
2021-06-06 18:43:21.961357: I tensorflow/stream_executor/cuda/cuda_gpu_executor.cc:941] successful NUMA node read from SysFS had negative value (-1), but there must be at least one NUMA node, so returning NUMA node zero
2021-06-06 18:43:21.962221: I tensorflow/stream_executor/cuda/cuda_gpu_executor.cc:941] successful NUMA node read from SysFS had negative value (-1), but there must be at least one NUMA node, so returning NUMA node zero
2021-06-06 18:43:21.963068: I tensorflow/stream_executor/cuda/cuda_gpu_executor.cc:941] successful NUMA node read from SysFS had negative value (-1), but there must be at least one NUMA node, so returning NUMA node zero
2021-06-06 18:43:21.963760: I tensorflow/core/common_runtime/gpu/gpu_device.cc:1406] Created TensorFlow device (/job:localhost/replica:0/task:0/device:GPU:0 with 13968 MB memory) -> physical GPU (device: 0, name: Tesla T4, pci bus id: 0000:00:05.0, compute capability: 7.5)
Original number of folders: 453
Pneumonia patients: 109, Non-pneumonia patients: 270
-----------------------
Number of train recordings: 4212 with pneumonia: 1080 and non-pneumonia: 3132
Number of val recordings: 1072 with pneumonia: 288 and non-pneumonia: 784
-----------------------
The initial learning rate for this job is: 0.001
With concat = False and six = False, size of training set: 4212...
...and size of validation set: 1072
Initializing weights...
weights = {0: 0.6724137931034483, 1: 1.95}
Model: "conv2d"
__________________________________________________________________________________________________
Layer (type)                    Output Shape         Param #     Connected to                     
==================================================================================================
input_1 (InputLayer)            [(None, 128, 1250, 1 0                                            
__________________________________________________________________________________________________
batch_normalization (BatchNorma (None, 128, 1250, 1) 4           input_1[0][0]                    
__________________________________________________________________________________________________
conv2d (Conv2D)                 (None, 128, 1250, 16 32          batch_normalization[0][0]        
__________________________________________________________________________________________________
conv2d_2 (Conv2D)               (None, 128, 1250, 16 32          batch_normalization[0][0]        
__________________________________________________________________________________________________
max_pooling2d (MaxPooling2D)    (None, 128, 1250, 1) 0           batch_normalization[0][0]        
__________________________________________________________________________________________________
conv2d_1 (Conv2D)               (None, 128, 1250, 16 2320        conv2d[0][0]                     
__________________________________________________________________________________________________
conv2d_3 (Conv2D)               (None, 128, 1250, 16 6416        conv2d_2[0][0]                   
__________________________________________________________________________________________________
conv2d_4 (Conv2D)               (None, 128, 1250, 16 32          max_pooling2d[0][0]              
__________________________________________________________________________________________________
concatenate (Concatenate)       (None, 128, 1250, 48 0           conv2d_1[0][0]                   
                                                                 conv2d_3[0][0]                   
                                                                 conv2d_4[0][0]                   
__________________________________________________________________________________________________
average_pooling2d (AveragePooli (None, 64, 625, 48)  0           concatenate[0][0]                
__________________________________________________________________________________________________
batch_normalization_1 (BatchNor (None, 64, 625, 48)  192         average_pooling2d[0][0]          
__________________________________________________________________________________________________
dropout (Dropout)               (None, 64, 625, 48)  0           batch_normalization_1[0][0]      
__________________________________________________________________________________________________
inverted_residual (InvertedResi (None, 64, 625, 32)  35840       dropout[0][0]                    
__________________________________________________________________________________________________
inverted_residual_1 (InvertedRe (None, 64, 625, 32)  20864       inverted_residual[0][0]          
__________________________________________________________________________________________________
average_pooling2d_1 (AveragePoo (None, 32, 312, 32)  0           inverted_residual_1[0][0]        
__________________________________________________________________________________________________
batch_normalization_2 (BatchNor (None, 32, 312, 32)  128         average_pooling2d_1[0][0]        
__________________________________________________________________________________________________
dropout_1 (Dropout)             (None, 32, 312, 32)  0           batch_normalization_2[0][0]      
__________________________________________________________________________________________________
inverted_residual_2 (InvertedRe (None, 32, 312, 64)  27136       dropout_1[0][0]                  
__________________________________________________________________________________________________
inverted_residual_3 (InvertedRe (None, 32, 312, 64)  66304       inverted_residual_2[0][0]        
__________________________________________________________________________________________________
average_pooling2d_2 (AveragePoo (None, 16, 156, 64)  0           inverted_residual_3[0][0]        
__________________________________________________________________________________________________
batch_normalization_3 (BatchNor (None, 16, 156, 64)  256         average_pooling2d_2[0][0]        
__________________________________________________________________________________________________
dropout_2 (Dropout)             (None, 16, 156, 64)  0           batch_normalization_3[0][0]      
__________________________________________________________________________________________________
inverted_residual_4 (InvertedRe (None, 16, 156, 128) 91136       dropout_2[0][0]                  
__________________________________________________________________________________________________
inverted_residual_5 (InvertedRe (None, 16, 156, 128) 230912      inverted_residual_4[0][0]        
__________________________________________________________________________________________________
average_pooling2d_3 (AveragePoo (None, 8, 78, 128)   0           inverted_residual_5[0][0]        
__________________________________________________________________________________________________
batch_normalization_4 (BatchNor (None, 8, 78, 128)   512         average_pooling2d_3[0][0]        
__________________________________________________________________________________________________
dropout_3 (Dropout)             (None, 8, 78, 128)   0           batch_normalization_4[0][0]      
__________________________________________________________________________________________________
inverted_residual_6 (InvertedRe (None, 8, 78, 256)   329728      dropout_3[0][0]                  
__________________________________________________________________________________________________
inverted_residual_7 (InvertedRe (None, 8, 78, 256)   855040      inverted_residual_6[0][0]        
__________________________________________________________________________________________________
average_pooling2d_4 (AveragePoo (None, 4, 39, 256)   0           inverted_residual_7[0][0]        
__________________________________________________________________________________________________
batch_normalization_5 (BatchNor (None, 4, 39, 256)   1024        average_pooling2d_4[0][0]        
__________________________________________________________________________________________________
dropout_4 (Dropout)             (None, 4, 39, 256)   0           batch_normalization_5[0][0]      
__________________________________________________________________________________________________
inverted_residual_8 (InvertedRe (None, 4, 39, 512)   1249280     dropout_4[0][0]                  
__________________________________________________________________________________________________
inverted_residual_9 (InvertedRe (None, 4, 39, 512)   3282944     inverted_residual_8[0][0]        
__________________________________________________________________________________________________
global_average_pooling2d (Globa (None, 512)          0           inverted_residual_9[0][0]        
__________________________________________________________________________________________________
dense (Dense)                   (None, 1)            513         global_average_pooling2d[0][0]   
==================================================================================================
Total params: 6,200,645
Trainable params: 6,159,139
Non-trainable params: 41,506
__________________________________________________________________________________________________
2021-06-06 18:43:23.229506: I tensorflow/compiler/mlir/mlir_graph_optimization_pass.cc:116] None of the MLIR optimization passes are enabled (registered 2)
/home/alirachidi/anaconda3/envs/LungSoundClass/lib/python3.7/site-packages/tensorflow/python/data/ops/dataset_ops.py:3504: UserWarning: Even though the tf.config.experimental_run_functions_eagerly option is set, this option does not apply to tf.data functions. tf.data functions are still traced and executed as graphs.
  "Even though the tf.config.experimental_run_functions_eagerly "
2021-06-06 18:43:23.231631: I tensorflow/core/platform/profile_utils/cpu_utils.cc:112] CPU Frequency: 2299995000 Hz
2021-06-06 18:43:23.576385: I tensorflow/stream_executor/platform/default/dso_loader.cc:49] Successfully opened dynamic library libcudnn.so.8
2021-06-06 18:43:25.522900: I tensorflow/stream_executor/platform/default/dso_loader.cc:49] Successfully opened dynamic library libcublas.so.11
2021-06-06 18:43:26.012021: I tensorflow/stream_executor/platform/default/dso_loader.cc:49] Successfully opened dynamic library libcublasLt.so.11
Epoch 1/80
264/264 - 402s - loss: 0.7451 - accuracy: 0.5451 - val_loss: 0.5940 - val_accuracy: 0.7313
Confusion matrix: 
 [[784   0]
 [288   0]]
/home/alirachidi/anaconda3/envs/LungSoundClass/lib/python3.7/site-packages/sklearn/metrics/_classification.py:1272: UndefinedMetricWarning: Precision and F-score are ill-defined and being set to 0.0 due to no predicted samples. Use `zero_division` parameter to control this behavior.
  _warn_prf(average, modifier, msg_start, len(result))
Normalized Confusion matrix: 
 [[1. 0.]
 [1. 0.]]
Validation f1: 0.00
Validation accuracy: 73.13
Validation recall: 0.00
Validation precision: 0.00
Validation AUC: 0.2840173946939114
Validation class accuracies: [1.0, 0.0]
The validation tracker metric at 0 hasn't increased by 0 in 1 epochs
Lr has been adjusted to 0.0001399999891873449
Epoch 2/80
264/264 - 412s - loss: 0.7025 - accuracy: 0.5520 - val_loss: 0.6114 - val_accuracy: 0.7313
Confusion matrix: 
 [[784   0]
 [288   0]]
Normalized Confusion matrix: 
 [[1. 0.]
 [1. 0.]]
/home/alirachidi/anaconda3/envs/LungSoundClass/lib/python3.7/site-packages/tensorflow/python/data/ops/dataset_ops.py:3504: UserWarning: Even though the tf.config.experimental_run_functions_eagerly option is set, this option does not apply to tf.data functions. tf.data functions are still traced and executed as graphs.
  "Even though the tf.config.experimental_run_functions_eagerly "
/home/alirachidi/anaconda3/envs/LungSoundClass/lib/python3.7/site-packages/sklearn/metrics/_classification.py:1272: UndefinedMetricWarning: Precision and F-score are ill-defined and being set to 0.0 due to no predicted samples. Use `zero_division` parameter to control this behavior.
  _warn_prf(average, modifier, msg_start, len(result))
Validation f1: 0.00
Validation accuracy: 73.13
Validation recall: 0.00
Validation precision: 0.00
Validation AUC: 0.2824490950854899
Validation class accuracies: [1.0, 0.0]
The validation tracker metric at 0 hasn't increased by 0 in 2 epochs
Lr has been adjusted to 0.00019599997904151678
Epoch 3/80
264/264 - 412s - loss: 0.6854 - accuracy: 0.5817 - val_loss: 0.5872 - val_accuracy: 0.7211
Confusion matrix: 
 [[767  17]
 [282   6]]
/home/alirachidi/anaconda3/envs/LungSoundClass/lib/python3.7/site-packages/tensorflow/python/data/ops/dataset_ops.py:3504: UserWarning: Even though the tf.config.experimental_run_functions_eagerly option is set, this option does not apply to tf.data functions. tf.data functions are still traced and executed as graphs.
  "Even though the tf.config.experimental_run_functions_eagerly "
Normalized Confusion matrix: 
 [[0.97831633 0.02168367]
 [0.97916667 0.02083333]]
Validation f1: 3.86
Validation accuracy: 72.11
Validation recall: 2.08
Validation precision: 26.09
Validation AUC: 0.31197228768950025
Validation class accuracies: [0.9783163265306123, 0.020833333333333332]
Lr has been adjusted to 0.0002743999648373574
Saving model...
Epoch 4/80
264/264 - 413s - loss: 0.6924 - accuracy: 0.5610 - val_loss: 0.6988 - val_accuracy: 0.6315
Confusion matrix: 
 [[582 202]
 [193  95]]
/home/alirachidi/anaconda3/envs/LungSoundClass/lib/python3.7/site-packages/tensorflow/python/data/ops/dataset_ops.py:3504: UserWarning: Even though the tf.config.experimental_run_functions_eagerly option is set, this option does not apply to tf.data functions. tf.data functions are still traced and executed as graphs.
  "Even though the tf.config.experimental_run_functions_eagerly "
Normalized Confusion matrix: 
 [[0.74234694 0.25765306]
 [0.67013889 0.32986111]]
Validation f1: 32.48
Validation accuracy: 63.15
Validation recall: 32.99
Validation precision: 31.99
Validation AUC: 0.2860520700234545
Validation class accuracies: [0.7423469387755102, 0.3298611111111111]
Lr has been adjusted to 0.0003841599391307682
Saving model...
Epoch 5/80
264/264 - 413s - loss: 0.6730 - accuracy: 0.5966 - val_loss: 0.8432 - val_accuracy: 0.4049
Confusion matrix: 
 [[202 582]
 [ 56 232]]
/home/alirachidi/anaconda3/envs/LungSoundClass/lib/python3.7/site-packages/tensorflow/python/data/ops/dataset_ops.py:3504: UserWarning: Even though the tf.config.experimental_run_functions_eagerly option is set, this option does not apply to tf.data functions. tf.data functions are still traced and executed as graphs.
  "Even though the tf.config.experimental_run_functions_eagerly "
Normalized Confusion matrix: 
 [[0.25765306 0.74234694]
 [0.19444444 0.80555556]]
Validation f1: 42.11
Validation accuracy: 40.49
Validation recall: 80.56
Validation precision: 28.50
Validation AUC: 0.29709389681761134
Validation class accuracies: [0.2576530612244898, 0.8055555555555556]
Lr has been adjusted to 0.000537823885679245
Saving model...
Epoch 6/80
264/264 - 413s - loss: 0.6743 - accuracy: 0.5905 - val_loss: 0.6326 - val_accuracy: 0.7164
Confusion matrix: 
 [[755  29]
 [275  13]]
/home/alirachidi/anaconda3/envs/LungSoundClass/lib/python3.7/site-packages/tensorflow/python/data/ops/dataset_ops.py:3504: UserWarning: Even though the tf.config.experimental_run_functions_eagerly option is set, this option does not apply to tf.data functions. tf.data functions are still traced and executed as graphs.
  "Even though the tf.config.experimental_run_functions_eagerly "
Normalized Confusion matrix: 
 [[0.9630102  0.0369898 ]
 [0.95486111 0.04513889]]
Validation f1: 7.88
Validation accuracy: 71.64
Validation recall: 4.51
Validation precision: 30.95
Validation AUC: 0.31183810546629354
Validation class accuracies: [0.9630102040816326, 0.04513888888888889]
The validation tracker metric at 0.42105263157894735 hasn't increased by 0 in 1 epochs
Lr has been adjusted to 0.0007529534050263464
Epoch 7/80
264/264 - 412s - loss: 0.6783 - accuracy: 0.5895 - val_loss: 0.7095 - val_accuracy: 0.5625
Confusion matrix: 
 [[441 343]
 [126 162]]
/home/alirachidi/anaconda3/envs/LungSoundClass/lib/python3.7/site-packages/tensorflow/python/data/ops/dataset_ops.py:3504: UserWarning: Even though the tf.config.experimental_run_functions_eagerly option is set, this option does not apply to tf.data functions. tf.data functions are still traced and executed as graphs.
  "Even though the tf.config.experimental_run_functions_eagerly "
Normalized Confusion matrix: 
 [[0.5625 0.4375]
 [0.4375 0.5625]]
Validation f1: 40.86
Validation accuracy: 56.25
Validation recall: 56.25
Validation precision: 32.08
Validation AUC: 0.3014976557144436
Validation class accuracies: [0.5625, 0.5625]
The validation tracker metric at 0.42105263157894735 hasn't increased by 0 in 2 epochs
Lr has been adjusted to 0.0010541348019614816
Epoch 8/80
264/264 - 412s - loss: 0.6722 - accuracy: 0.5817 - val_loss: 0.8107 - val_accuracy: 0.5494
Confusion matrix: 
 [[418 366]
 [117 171]]
/home/alirachidi/anaconda3/envs/LungSoundClass/lib/python3.7/site-packages/tensorflow/python/data/ops/dataset_ops.py:3504: UserWarning: Even though the tf.config.experimental_run_functions_eagerly option is set, this option does not apply to tf.data functions. tf.data functions are still traced and executed as graphs.
  "Even though the tf.config.experimental_run_functions_eagerly "
Normalized Confusion matrix: 
 [[0.53316327 0.46683673]
 [0.40625    0.59375   ]]
Validation f1: 41.45
Validation accuracy: 54.94
Validation recall: 59.38
Validation precision: 31.84
Validation AUC: 0.29161214180548306
Validation class accuracies: [0.5331632653061225, 0.59375]
The validation tracker metric at 0.42105263157894735 hasn't increased by 0 in 3 epochs
Lr has been adjusted to 0.001475788652896881
Epoch 9/80
264/264 - 413s - loss: 0.6759 - accuracy: 0.5819 - val_loss: 0.7321 - val_accuracy: 0.5047
Confusion matrix: 
 [[380 404]
 [127 161]]
/home/alirachidi/anaconda3/envs/LungSoundClass/lib/python3.7/site-packages/tensorflow/python/data/ops/dataset_ops.py:3504: UserWarning: Even though the tf.config.experimental_run_functions_eagerly option is set, this option does not apply to tf.data functions. tf.data functions are still traced and executed as graphs.
  "Even though the tf.config.experimental_run_functions_eagerly "
Normalized Confusion matrix: 
 [[0.48469388 0.51530612]
 [0.44097222 0.55902778]]
Validation f1: 37.75
Validation accuracy: 50.47
Validation recall: 55.90
Validation precision: 28.50
Validation AUC: 0.2940158673535242
Validation class accuracies: [0.4846938775510204, 0.5590277777777778]
The validation tracker metric at 0.42105263157894735 hasn't increased by 0 in 4 epochs
Lr has been adjusted to 0.0020661039743572474
Epoch 10/80
264/264 - 412s - loss: 0.6766 - accuracy: 0.6061 - val_loss: 0.6779 - val_accuracy: 0.6978
Confusion matrix: 
 [[711  73]
 [251  37]]
/home/alirachidi/anaconda3/envs/LungSoundClass/lib/python3.7/site-packages/tensorflow/python/data/ops/dataset_ops.py:3504: UserWarning: Even though the tf.config.experimental_run_functions_eagerly option is set, this option does not apply to tf.data functions. tf.data functions are still traced and executed as graphs.
  "Even though the tf.config.experimental_run_functions_eagerly "
Normalized Confusion matrix: 
 [[0.90688776 0.09311224]
 [0.87152778 0.12847222]]
Validation f1: 18.59
Validation accuracy: 69.78
Validation recall: 12.85
Validation precision: 33.64
Validation AUC: 0.31176980460221937
Validation class accuracies: [0.9068877551020408, 0.1284722222222222]
The validation tracker metric at 0.42105263157894735 hasn't increased by 0 in 5 epochs
Lr has been adjusted to 0.00289254542440176
Epoch 11/80
264/264 - 411s - loss: 0.6859 - accuracy: 0.5738 - val_loss: 11.7079 - val_accuracy: 0.3256
Confusion matrix: 
 [[ 82 702]
 [ 21 267]]
/home/alirachidi/anaconda3/envs/LungSoundClass/lib/python3.7/site-packages/tensorflow/python/data/ops/dataset_ops.py:3504: UserWarning: Even though the tf.config.experimental_run_functions_eagerly option is set, this option does not apply to tf.data functions. tf.data functions are still traced and executed as graphs.
  "Even though the tf.config.experimental_run_functions_eagerly "
Normalized Confusion matrix: 
 [[0.10459184 0.89540816]
 [0.07291667 0.92708333]]
Validation f1: 42.48
Validation accuracy: 32.56
Validation recall: 92.71
Validation precision: 27.55
Validation AUC: 0.4466768424057314
Validation class accuracies: [0.10459183673469388, 0.9270833333333334]
Lr has been adjusted to 0.004049563314765692
Saving model...
Epoch 12/80
264/264 - 411s - loss: 0.6840 - accuracy: 0.5700 - val_loss: 3.3487 - val_accuracy: 0.3657
Confusion matrix: 
 [[138 646]
 [ 34 254]]
/home/alirachidi/anaconda3/envs/LungSoundClass/lib/python3.7/site-packages/tensorflow/python/data/ops/dataset_ops.py:3504: UserWarning: Even though the tf.config.experimental_run_functions_eagerly option is set, this option does not apply to tf.data functions. tf.data functions are still traced and executed as graphs.
  "Even though the tf.config.experimental_run_functions_eagerly "
Normalized Confusion matrix: 
 [[0.17602041 0.82397959]
 [0.11805556 0.88194444]]
Validation f1: 42.76
Validation accuracy: 36.57
Validation recall: 88.19
Validation precision: 28.22
Validation AUC: 0.3077581731779156
Validation class accuracies: [0.1760204081632653, 0.8819444444444444]
Lr has been adjusted to 0.0056693884544074535
Saving model...
Epoch 13/80
264/264 - 411s - loss: 0.6822 - accuracy: 0.5764 - val_loss: 1.0692 - val_accuracy: 0.4487
Confusion matrix: 
 [[285 499]
 [ 92 196]]
/home/alirachidi/anaconda3/envs/LungSoundClass/lib/python3.7/site-packages/tensorflow/python/data/ops/dataset_ops.py:3504: UserWarning: Even though the tf.config.experimental_run_functions_eagerly option is set, this option does not apply to tf.data functions. tf.data functions are still traced and executed as graphs.
  "Even though the tf.config.experimental_run_functions_eagerly "
Normalized Confusion matrix: 
 [[0.36352041 0.63647959]
 [0.31944444 0.68055556]]
Validation f1: 39.88
Validation accuracy: 44.87
Validation recall: 68.06
Validation precision: 28.20
Validation AUC: 0.28141364093104637
Validation class accuracies: [0.3635204081632653, 0.6805555555555556]
The validation tracker metric at 0.4276094276094276 hasn't increased by 0 in 1 epochs
Lr has been adjusted to 0.007937143556773663
Epoch 14/80
264/264 - 411s - loss: 0.6779 - accuracy: 0.5791 - val_loss: 0.8094 - val_accuracy: 0.4198
Confusion matrix: 
 [[207 577]
 [ 45 243]]
/home/alirachidi/anaconda3/envs/LungSoundClass/lib/python3.7/site-packages/tensorflow/python/data/ops/dataset_ops.py:3504: UserWarning: Even though the tf.config.experimental_run_functions_eagerly option is set, this option does not apply to tf.data functions. tf.data functions are still traced and executed as graphs.
  "Even though the tf.config.experimental_run_functions_eagerly "
Normalized Confusion matrix: 
 [[0.26403061 0.73596939]
 [0.15625    0.84375   ]]
Validation f1: 43.86
Validation accuracy: 41.98
Validation recall: 84.38
Validation precision: 29.63
Validation AUC: 0.32333553365202317
Validation class accuracies: [0.26403061224489793, 0.84375]
Lr has been adjusted to 0.011112000793218613
Saving model...
Epoch 15/80
264/264 - 409s - loss: 0.6896 - accuracy: 0.5470 - val_loss: 0.6552 - val_accuracy: 0.6744
Confusion matrix: 
 [[674 110]
 [239  49]]
/home/alirachidi/anaconda3/envs/LungSoundClass/lib/python3.7/site-packages/tensorflow/python/data/ops/dataset_ops.py:3504: UserWarning: Even though the tf.config.experimental_run_functions_eagerly option is set, this option does not apply to tf.data functions. tf.data functions are still traced and executed as graphs.
  "Even though the tf.config.experimental_run_functions_eagerly "
Normalized Confusion matrix: 
 [[0.85969388 0.14030612]
 [0.82986111 0.17013889]]
Validation f1: 21.92
Validation accuracy: 67.44
Validation recall: 17.01
Validation precision: 30.82
Validation AUC: 0.3066291444456717
Validation class accuracies: [0.8596938775510204, 0.1701388888888889]
The validation tracker metric at 0.43862815884476525 hasn't increased by 0 in 1 epochs
Lr has been adjusted to 0.015556801110506058
Epoch 16/80
264/264 - 409s - loss: 0.6879 - accuracy: 0.5726 - val_loss: 0.6434 - val_accuracy: 0.6614
Confusion matrix: 
 [[653 131]
 [232  56]]
/home/alirachidi/anaconda3/envs/LungSoundClass/lib/python3.7/site-packages/tensorflow/python/data/ops/dataset_ops.py:3504: UserWarning: Even though the tf.config.experimental_run_functions_eagerly option is set, this option does not apply to tf.data functions. tf.data functions are still traced and executed as graphs.
  "Even though the tf.config.experimental_run_functions_eagerly "
Normalized Confusion matrix: 
 [[0.83290816 0.16709184]
 [0.80555556 0.19444444]]
Validation f1: 23.58
Validation accuracy: 66.14
Validation recall: 19.44
Validation precision: 29.95
Validation AUC: 0.2861924970293334
Validation class accuracies: [0.8329081632653061, 0.19444444444444445]
The validation tracker metric at 0.43862815884476525 hasn't increased by 0 in 2 epochs
Lr has been adjusted to 0.02177952043712139
Epoch 17/80
264/264 - 409s - loss: 0.6924 - accuracy: 0.5465 - val_loss: 0.9496 - val_accuracy: 0.3125
Confusion matrix: 
 [[ 73 711]
 [ 26 262]]
Normalized Confusion matrix: 
 [[0.09311224 0.90688776]
 [0.09027778 0.90972222]]
/home/alirachidi/anaconda3/envs/LungSoundClass/lib/python3.7/site-packages/tensorflow/python/data/ops/dataset_ops.py:3504: UserWarning: Even though the tf.config.experimental_run_functions_eagerly option is set, this option does not apply to tf.data functions. tf.data functions are still traced and executed as graphs.
  "Even though the tf.config.experimental_run_functions_eagerly "
Validation f1: 41.55
Validation accuracy: 31.25
Validation recall: 90.97
Validation precision: 26.93
Validation AUC: 0.3126855012869326
Validation class accuracies: [0.09311224489795919, 0.9097222222222222]
The validation tracker metric at 0.43862815884476525 hasn't increased by 0 in 3 epochs
Lr has been adjusted to 0.030491327866911888
Epoch 18/80
264/264 - 409s - loss: 0.6872 - accuracy: 0.5515 - val_loss: 0.7640 - val_accuracy: 0.5261
Confusion matrix: 
 [[361 423]
 [ 85 203]]
/home/alirachidi/anaconda3/envs/LungSoundClass/lib/python3.7/site-packages/tensorflow/python/data/ops/dataset_ops.py:3504: UserWarning: Even though the tf.config.experimental_run_functions_eagerly option is set, this option does not apply to tf.data functions. tf.data functions are still traced and executed as graphs.
  "Even though the tf.config.experimental_run_functions_eagerly "
Normalized Confusion matrix: 
 [[0.46045918 0.53954082]
 [0.29513889 0.70486111]]
Validation f1: 44.42
Validation accuracy: 52.61
Validation recall: 70.49
Validation precision: 32.43
Validation AUC: 0.33310223188413024
Validation class accuracies: [0.4604591836734694, 0.7048611111111112]
Lr has been adjusted to 0.04268785938620567
Saving model...
Epoch 19/80
264/264 - 410s - loss: 0.6885 - accuracy: 0.5430 - val_loss: 3.6798 - val_accuracy: 0.7313
Confusion matrix: 
 [[784   0]
 [288   0]]
Normalized Confusion matrix: 
 [[1. 0.]
 [1. 0.]]
/home/alirachidi/anaconda3/envs/LungSoundClass/lib/python3.7/site-packages/tensorflow/python/data/ops/dataset_ops.py:3504: UserWarning: Even though the tf.config.experimental_run_functions_eagerly option is set, this option does not apply to tf.data functions. tf.data functions are still traced and executed as graphs.
  "Even though the tf.config.experimental_run_functions_eagerly "
/home/alirachidi/anaconda3/envs/LungSoundClass/lib/python3.7/site-packages/sklearn/metrics/_classification.py:1272: UndefinedMetricWarning: Precision and F-score are ill-defined and being set to 0.0 due to no predicted samples. Use `zero_division` parameter to control this behavior.
  _warn_prf(average, modifier, msg_start, len(result))
Validation f1: 0.00
Validation accuracy: 73.13
Validation recall: 0.00
Validation precision: 0.00
Validation AUC: 0.2830369957168062
Validation class accuracies: [1.0, 0.0]
The validation tracker metric at 0.4442013129102844 hasn't increased by 0 in 1 epochs
Lr has been adjusted to 0.05976300314068794
Epoch 20/80
264/264 - 409s - loss: 0.6934 - accuracy: 0.5591 - val_loss: 0.7667 - val_accuracy: 0.3153
Confusion matrix: 
 [[ 66 718]
 [ 16 272]]
/home/alirachidi/anaconda3/envs/LungSoundClass/lib/python3.7/site-packages/tensorflow/python/data/ops/dataset_ops.py:3504: UserWarning: Even though the tf.config.experimental_run_functions_eagerly option is set, this option does not apply to tf.data functions. tf.data functions are still traced and executed as graphs.
  "Even though the tf.config.experimental_run_functions_eagerly "
Normalized Confusion matrix: 
 [[0.08418367 0.91581633]
 [0.05555556 0.94444444]]
Validation f1: 42.57
Validation accuracy: 31.53
Validation recall: 94.44
Validation precision: 27.47
Validation AUC: 0.29568264710806813
Validation class accuracies: [0.08418367346938775, 0.9444444444444444]
The validation tracker metric at 0.4442013129102844 hasn't increased by 0 in 2 epochs
Epoch 21/80
264/264 - 409s - loss: 0.6928 - accuracy: 0.5358 - val_loss: 3.5702 - val_accuracy: 0.2687
Confusion matrix: 
 [[  0 784]
 [  0 288]]
/home/alirachidi/anaconda3/envs/LungSoundClass/lib/python3.7/site-packages/tensorflow/python/data/ops/dataset_ops.py:3504: UserWarning: Even though the tf.config.experimental_run_functions_eagerly option is set, this option does not apply to tf.data functions. tf.data functions are still traced and executed as graphs.
  "Even though the tf.config.experimental_run_functions_eagerly "
Normalized Confusion matrix: 
 [[0. 1.]
 [0. 1.]]
Validation f1: 42.35
Validation accuracy: 26.87
Validation recall: 100.00
Validation precision: 26.87
Validation AUC: 0.2958990933811595
Validation class accuracies: [0.0, 1.0]
The validation tracker metric at 0.4442013129102844 hasn't increased by 0 in 3 epochs
Epoch 22/80
264/264 - 410s - loss: 0.6875 - accuracy: 0.5468 - val_loss: 0.6731 - val_accuracy: 0.6660
Confusion matrix: 
 [[653 131]
 [227  61]]
/home/alirachidi/anaconda3/envs/LungSoundClass/lib/python3.7/site-packages/tensorflow/python/data/ops/dataset_ops.py:3504: UserWarning: Even though the tf.config.experimental_run_functions_eagerly option is set, this option does not apply to tf.data functions. tf.data functions are still traced and executed as graphs.
  "Even though the tf.config.experimental_run_functions_eagerly "
Normalized Confusion matrix: 
 [[0.83290816 0.16709184]
 [0.78819444 0.21180556]]
Validation f1: 25.42
Validation accuracy: 66.60
Validation recall: 21.18
Validation precision: 31.77
Validation AUC: 0.28040611446348745
Validation class accuracies: [0.8329081632653061, 0.21180555555555555]
The validation tracker metric at 0.4442013129102844 hasn't increased by 0 in 4 epochs
Epoch 23/80
264/264 - 409s - loss: 0.6797 - accuracy: 0.5693 - val_loss: 0.6615 - val_accuracy: 0.7155
Confusion matrix: 
 [[751  33]
 [272  16]]
/home/alirachidi/anaconda3/envs/LungSoundClass/lib/python3.7/site-packages/tensorflow/python/data/ops/dataset_ops.py:3504: UserWarning: Even though the tf.config.experimental_run_functions_eagerly option is set, this option does not apply to tf.data functions. tf.data functions are still traced and executed as graphs.
  "Even though the tf.config.experimental_run_functions_eagerly "
Normalized Confusion matrix: 
 [[0.95790816 0.04209184]
 [0.94444444 0.05555556]]
Validation f1: 9.50
Validation accuracy: 71.55
Validation recall: 5.56
Validation precision: 32.65
Validation AUC: 0.26134138524956774
Validation class accuracies: [0.9579081632653061, 0.05555555555555555]
The validation tracker metric at 0.4442013129102844 hasn't increased by 0 in 5 epochs
Epoch 24/80
264/264 - 408s - loss: 0.6801 - accuracy: 0.5864 - val_loss: 0.6029 - val_accuracy: 0.7034
Confusion matrix: 
 [[731  53]
 [265  23]]
/home/alirachidi/anaconda3/envs/LungSoundClass/lib/python3.7/site-packages/tensorflow/python/data/ops/dataset_ops.py:3504: UserWarning: Even though the tf.config.experimental_run_functions_eagerly option is set, this option does not apply to tf.data functions. tf.data functions are still traced and executed as graphs.
  "Even though the tf.config.experimental_run_functions_eagerly "
Normalized Confusion matrix: 
 [[0.93239796 0.06760204]
 [0.92013889 0.07986111]]
Validation f1: 12.64
Validation accuracy: 70.34
Validation recall: 7.99
Validation precision: 30.26
Validation AUC: 0.31450192309891156
Validation class accuracies: [0.9323979591836735, 0.0798611111111111]
The validation tracker metric at 0.4442013129102844 hasn't increased by 0 in 6 epochs
Epoch 25/80
264/264 - 410s - loss: 0.6830 - accuracy: 0.5605 - val_loss: 0.6978 - val_accuracy: 0.5784
Confusion matrix: 
 [[466 318]
 [134 154]]
/home/alirachidi/anaconda3/envs/LungSoundClass/lib/python3.7/site-packages/tensorflow/python/data/ops/dataset_ops.py:3504: UserWarning: Even though the tf.config.experimental_run_functions_eagerly option is set, this option does not apply to tf.data functions. tf.data functions are still traced and executed as graphs.
  "Even though the tf.config.experimental_run_functions_eagerly "
Normalized Confusion matrix: 
 [[0.59438776 0.40561224]
 [0.46527778 0.53472222]]
Validation f1: 40.53
Validation accuracy: 57.84
Validation recall: 53.47
Validation precision: 32.63
Validation AUC: 0.3048171604301322
Validation class accuracies: [0.5943877551020408, 0.5347222222222222]
The validation tracker metric at 0.4442013129102844 hasn't increased by 0 in 7 epochs
Epoch 26/80
264/264 - 409s - loss: 0.6746 - accuracy: 0.5845 - val_loss: 0.8936 - val_accuracy: 0.5084
Confusion matrix: 
 [[367 417]
 [110 178]]
/home/alirachidi/anaconda3/envs/LungSoundClass/lib/python3.7/site-packages/tensorflow/python/data/ops/dataset_ops.py:3504: UserWarning: Even though the tf.config.experimental_run_functions_eagerly option is set, this option does not apply to tf.data functions. tf.data functions are still traced and executed as graphs.
  "Even though the tf.config.experimental_run_functions_eagerly "
Normalized Confusion matrix: 
 [[0.46811224 0.53188776]
 [0.38194444 0.61805556]]
Validation f1: 40.32
Validation accuracy: 50.84
Validation recall: 61.81
Validation precision: 29.92
Validation AUC: 0.29853433651579864
Validation class accuracies: [0.46811224489795916, 0.6180555555555556]
The validation tracker metric at 0.4442013129102844 hasn't increased by 0 in 8 epochs
Epoch 27/80
264/264 - 409s - loss: 0.6736 - accuracy: 0.5909 - val_loss: 0.6431 - val_accuracy: 0.6539
Confusion matrix: 
 [[637 147]
 [224  64]]
/home/alirachidi/anaconda3/envs/LungSoundClass/lib/python3.7/site-packages/tensorflow/python/data/ops/dataset_ops.py:3504: UserWarning: Even though the tf.config.experimental_run_functions_eagerly option is set, this option does not apply to tf.data functions. tf.data functions are still traced and executed as graphs.
  "Even though the tf.config.experimental_run_functions_eagerly "
Normalized Confusion matrix: 
 [[0.8125     0.1875    ]
 [0.77777778 0.22222222]]
Validation f1: 25.65
Validation accuracy: 65.39
Validation recall: 22.22
Validation precision: 30.33
Validation AUC: 0.2985865029156242
Validation class accuracies: [0.8125, 0.2222222222222222]
The validation tracker metric at 0.4442013129102844 hasn't increased by 0 in 9 epochs
Epoch 28/80
264/264 - 409s - loss: 0.6724 - accuracy: 0.5997 - val_loss: 0.6358 - val_accuracy: 0.6884
Confusion matrix: 
 [[663 121]
 [213  75]]
Normalized Confusion matrix: 
 [[0.84566327 0.15433673]
 [0.73958333 0.26041667]]
/home/alirachidi/anaconda3/envs/LungSoundClass/lib/python3.7/site-packages/tensorflow/python/data/ops/dataset_ops.py:3504: UserWarning: Even though the tf.config.experimental_run_functions_eagerly option is set, this option does not apply to tf.data functions. tf.data functions are still traced and executed as graphs.
  "Even though the tf.config.experimental_run_functions_eagerly "
Validation f1: 30.99
Validation accuracy: 68.84
Validation recall: 26.04
Validation precision: 38.27
Validation AUC: 0.34378973187058526
Validation class accuracies: [0.8456632653061225, 0.2604166666666667]
The validation tracker metric at 0.4442013129102844 hasn't increased by 0 in 10 epochs
Epoch 29/80
264/264 - 409s - loss: 0.6732 - accuracy: 0.5840 - val_loss: 0.6173 - val_accuracy: 0.7146
Confusion matrix: 
 [[756  28]
 [278  10]]
/home/alirachidi/anaconda3/envs/LungSoundClass/lib/python3.7/site-packages/tensorflow/python/data/ops/dataset_ops.py:3504: UserWarning: Even though the tf.config.experimental_run_functions_eagerly option is set, this option does not apply to tf.data functions. tf.data functions are still traced and executed as graphs.
  "Even though the tf.config.experimental_run_functions_eagerly "
Normalized Confusion matrix: 
 [[0.96428571 0.03571429]
 [0.96527778 0.03472222]]
Validation f1: 6.13
Validation accuracy: 71.46
Validation recall: 3.47
Validation precision: 26.32
Validation AUC: 0.2945959630593548
Validation class accuracies: [0.9642857142857143, 0.034722222222222224]
The validation tracker metric at 0.4442013129102844 hasn't increased by 0 in 11 epochs
Epoch 30/80
264/264 - 409s - loss: 0.6690 - accuracy: 0.6059 - val_loss: 1.0228 - val_accuracy: 0.3312
Confusion matrix: 
 [[ 71 713]
 [  4 284]]
/home/alirachidi/anaconda3/envs/LungSoundClass/lib/python3.7/site-packages/tensorflow/python/data/ops/dataset_ops.py:3504: UserWarning: Even though the tf.config.experimental_run_functions_eagerly option is set, this option does not apply to tf.data functions. tf.data functions are still traced and executed as graphs.
  "Even though the tf.config.experimental_run_functions_eagerly "
Normalized Confusion matrix: 
 [[0.09056122 0.90943878]
 [0.01388889 0.98611111]]
Validation f1: 44.20
Validation accuracy: 33.12
Validation recall: 98.61
Validation precision: 28.49
Validation AUC: 0.34269650091030646
Validation class accuracies: [0.09056122448979592, 0.9861111111111112]
The validation tracker metric at 0.4442013129102844 hasn't increased by 0 in 12 epochs
Epoch 31/80
264/264 - 408s - loss: 0.6660 - accuracy: 0.6000 - val_loss: 0.6750 - val_accuracy: 0.6325
Confusion matrix: 
 [[556 228]
 [166 122]]
/home/alirachidi/anaconda3/envs/LungSoundClass/lib/python3.7/site-packages/tensorflow/python/data/ops/dataset_ops.py:3504: UserWarning: Even though the tf.config.experimental_run_functions_eagerly option is set, this option does not apply to tf.data functions. tf.data functions are still traced and executed as graphs.
  "Even though the tf.config.experimental_run_functions_eagerly "
Normalized Confusion matrix: 
 [[0.70918367 0.29081633]
 [0.57638889 0.42361111]]
Validation f1: 38.24
Validation accuracy: 63.25
Validation recall: 42.36
Validation precision: 34.86
Validation AUC: 0.3179894742590101
Validation class accuracies: [0.7091836734693877, 0.4236111111111111]
The validation tracker metric at 0.4442013129102844 hasn't increased by 0 in 13 epochs
Epoch 32/80
264/264 - 408s - loss: 0.6641 - accuracy: 0.5867 - val_loss: 0.7843 - val_accuracy: 0.4869
Confusion matrix: 
 [[310 474]
 [ 76 212]]
/home/alirachidi/anaconda3/envs/LungSoundClass/lib/python3.7/site-packages/tensorflow/python/data/ops/dataset_ops.py:3504: UserWarning: Even though the tf.config.experimental_run_functions_eagerly option is set, this option does not apply to tf.data functions. tf.data functions are still traced and executed as graphs.
  "Even though the tf.config.experimental_run_functions_eagerly "
Normalized Confusion matrix: 
 [[0.39540816 0.60459184]
 [0.26388889 0.73611111]]
Validation f1: 43.53
Validation accuracy: 48.69
Validation recall: 73.61
Validation precision: 30.90
Validation AUC: 0.33847557599022865
Validation class accuracies: [0.39540816326530615, 0.7361111111111112]
The validation tracker metric at 0.4442013129102844 hasn't increased by 0 in 14 epochs
Epoch 33/80
264/264 - 408s - loss: 0.6609 - accuracy: 0.6011 - val_loss: 0.6472 - val_accuracy: 0.6586
Confusion matrix: 
 [[639 145]
 [221  67]]
/home/alirachidi/anaconda3/envs/LungSoundClass/lib/python3.7/site-packages/tensorflow/python/data/ops/dataset_ops.py:3504: UserWarning: Even though the tf.config.experimental_run_functions_eagerly option is set, this option does not apply to tf.data functions. tf.data functions are still traced and executed as graphs.
  "Even though the tf.config.experimental_run_functions_eagerly "
Normalized Confusion matrix: 
 [[0.81505102 0.18494898]
 [0.76736111 0.23263889]]
Validation f1: 26.80
Validation accuracy: 65.86
Validation recall: 23.26
Validation precision: 31.60
Validation AUC: 0.3056956740558874
Validation class accuracies: [0.8150510204081632, 0.2326388888888889]
The validation tracker metric at 0.4442013129102844 hasn't increased by 0 in 15 epochs
Epoch 34/80
264/264 - 408s - loss: 0.6507 - accuracy: 0.6154 - val_loss: 0.6572 - val_accuracy: 0.6362
Confusion matrix: 
 [[563 221]
 [169 119]]
/home/alirachidi/anaconda3/envs/LungSoundClass/lib/python3.7/site-packages/tensorflow/python/data/ops/dataset_ops.py:3504: UserWarning: Even though the tf.config.experimental_run_functions_eagerly option is set, this option does not apply to tf.data functions. tf.data functions are still traced and executed as graphs.
  "Even though the tf.config.experimental_run_functions_eagerly "
Normalized Confusion matrix: 
 [[0.71811224 0.28188776]
 [0.58680556 0.41319444]]
Validation f1: 37.90
Validation accuracy: 63.62
Validation recall: 41.32
Validation precision: 35.00
Validation AUC: 0.3123379475679983
Validation class accuracies: [0.7181122448979592, 0.4131944444444444]
The validation tracker metric at 0.4442013129102844 hasn't increased by 0 in 16 epochs
Epoch 35/80
264/264 - 407s - loss: 0.6538 - accuracy: 0.6170 - val_loss: 0.9498 - val_accuracy: 0.4123
Confusion matrix: 
 [[184 600]
 [ 30 258]]
/home/alirachidi/anaconda3/envs/LungSoundClass/lib/python3.7/site-packages/tensorflow/python/data/ops/dataset_ops.py:3504: UserWarning: Even though the tf.config.experimental_run_functions_eagerly option is set, this option does not apply to tf.data functions. tf.data functions are still traced and executed as graphs.
  "Even though the tf.config.experimental_run_functions_eagerly "
Normalized Confusion matrix: 
 [[0.23469388 0.76530612]
 [0.10416667 0.89583333]]
Validation f1: 45.03
Validation accuracy: 41.23
Validation recall: 89.58
Validation precision: 30.07
Validation AUC: 0.3158562979558084
Validation class accuracies: [0.23469387755102042, 0.8958333333333334]
Saving model...
Epoch 36/80
264/264 - 409s - loss: 0.6436 - accuracy: 0.6358 - val_loss: 0.8824 - val_accuracy: 0.4701
Confusion matrix: 
 [[272 512]
 [ 56 232]]
/home/alirachidi/anaconda3/envs/LungSoundClass/lib/python3.7/site-packages/tensorflow/python/data/ops/dataset_ops.py:3504: UserWarning: Even though the tf.config.experimental_run_functions_eagerly option is set, this option does not apply to tf.data functions. tf.data functions are still traced and executed as graphs.
  "Even though the tf.config.experimental_run_functions_eagerly "
Normalized Confusion matrix: 
 [[0.34693878 0.65306122]
 [0.19444444 0.80555556]]
Validation f1: 44.96
Validation accuracy: 47.01
Validation recall: 80.56
Validation precision: 31.18
Validation AUC: 0.3214529126325085
Validation class accuracies: [0.3469387755102041, 0.8055555555555556]
The validation tracker metric at 0.450261780104712 hasn't increased by 0 in 1 epochs
Epoch 37/80
264/264 - 407s - loss: 0.6330 - accuracy: 0.6327 - val_loss: 0.7081 - val_accuracy: 0.6054
Confusion matrix: 
 [[500 284]
 [139 149]]
/home/alirachidi/anaconda3/envs/LungSoundClass/lib/python3.7/site-packages/tensorflow/python/data/ops/dataset_ops.py:3504: UserWarning: Even though the tf.config.experimental_run_functions_eagerly option is set, this option does not apply to tf.data functions. tf.data functions are still traced and executed as graphs.
  "Even though the tf.config.experimental_run_functions_eagerly "
Normalized Confusion matrix: 
 [[0.6377551  0.3622449 ]
 [0.48263889 0.51736111]]
Validation f1: 41.33
Validation accuracy: 60.54
Validation recall: 51.74
Validation precision: 34.41
Validation AUC: 0.33941063771461893
Validation class accuracies: [0.6377551020408163, 0.5173611111111112]
The validation tracker metric at 0.450261780104712 hasn't increased by 0 in 2 epochs
Epoch 38/80
264/264 - 408s - loss: 0.6286 - accuracy: 0.6379 - val_loss: 0.8478 - val_accuracy: 0.4692
Confusion matrix: 
 [[303 481]
 [ 88 200]]
/home/alirachidi/anaconda3/envs/LungSoundClass/lib/python3.7/site-packages/tensorflow/python/data/ops/dataset_ops.py:3504: UserWarning: Even though the tf.config.experimental_run_functions_eagerly option is set, this option does not apply to tf.data functions. tf.data functions are still traced and executed as graphs.
  "Even though the tf.config.experimental_run_functions_eagerly "
Normalized Confusion matrix: 
 [[0.38647959 0.61352041]
 [0.30555556 0.69444444]]
Validation f1: 41.28
Validation accuracy: 46.92
Validation recall: 69.44
Validation precision: 29.37
Validation AUC: 0.3118577432921832
Validation class accuracies: [0.3864795918367347, 0.6944444444444444]
The validation tracker metric at 0.450261780104712 hasn't increased by 0 in 3 epochs
Epoch 39/80
264/264 - 408s - loss: 0.6097 - accuracy: 0.6593 - val_loss: 0.7145 - val_accuracy: 0.5299
Confusion matrix: 
 [[412 372]
 [132 156]]
/home/alirachidi/anaconda3/envs/LungSoundClass/lib/python3.7/site-packages/tensorflow/python/data/ops/dataset_ops.py:3504: UserWarning: Even though the tf.config.experimental_run_functions_eagerly option is set, this option does not apply to tf.data functions. tf.data functions are still traced and executed as graphs.
  "Even though the tf.config.experimental_run_functions_eagerly "
Normalized Confusion matrix: 
 [[0.5255102  0.4744898 ]
 [0.45833333 0.54166667]]
Validation f1: 38.24
Validation accuracy: 52.99
Validation recall: 54.17
Validation precision: 29.55
Validation AUC: 0.3019478185484873
Validation class accuracies: [0.5255102040816326, 0.5416666666666666]
The validation tracker metric at 0.450261780104712 hasn't increased by 0 in 4 epochs
Epoch 40/80
264/264 - 407s - loss: 0.6106 - accuracy: 0.6576 - val_loss: 0.6859 - val_accuracy: 0.7080
Confusion matrix: 
 [[716  68]
 [245  43]]
/home/alirachidi/anaconda3/envs/LungSoundClass/lib/python3.7/site-packages/tensorflow/python/data/ops/dataset_ops.py:3504: UserWarning: Even though the tf.config.experimental_run_functions_eagerly option is set, this option does not apply to tf.data functions. tf.data functions are still traced and executed as graphs.
  "Even though the tf.config.experimental_run_functions_eagerly "
Normalized Confusion matrix: 
 [[0.91326531 0.08673469]
 [0.85069444 0.14930556]]
Validation f1: 21.55
Validation accuracy: 70.80
Validation recall: 14.93
Validation precision: 38.74
Validation AUC: 0.31690749988232986
Validation class accuracies: [0.9132653061224489, 0.14930555555555555]
The validation tracker metric at 0.450261780104712 hasn't increased by 0 in 5 epochs
Epoch 41/80
264/264 - 407s - loss: 0.5970 - accuracy: 0.6714 - val_loss: 0.6242 - val_accuracy: 0.7183
Confusion matrix: 
 [[757  27]
 [275  13]]
/home/alirachidi/anaconda3/envs/LungSoundClass/lib/python3.7/site-packages/tensorflow/python/data/ops/dataset_ops.py:3504: UserWarning: Even though the tf.config.experimental_run_functions_eagerly option is set, this option does not apply to tf.data functions. tf.data functions are still traced and executed as graphs.
  "Even though the tf.config.experimental_run_functions_eagerly "
Normalized Confusion matrix: 
 [[0.96556122 0.03443878]
 [0.95486111 0.04513889]]
Validation f1: 7.93
Validation accuracy: 71.83
Validation recall: 4.51
Validation precision: 32.50
Validation AUC: 0.29313512689565935
Validation class accuracies: [0.9655612244897959, 0.04513888888888889]
The validation tracker metric at 0.450261780104712 hasn't increased by 0 in 6 epochs
Epoch 42/80
264/264 - 409s - loss: 0.5709 - accuracy: 0.7020 - val_loss: 1.5720 - val_accuracy: 0.3013
Confusion matrix: 
 [[ 47 737]
 [ 12 276]]
/home/alirachidi/anaconda3/envs/LungSoundClass/lib/python3.7/site-packages/tensorflow/python/data/ops/dataset_ops.py:3504: UserWarning: Even though the tf.config.experimental_run_functions_eagerly option is set, this option does not apply to tf.data functions. tf.data functions are still traced and executed as graphs.
  "Even though the tf.config.experimental_run_functions_eagerly "
Normalized Confusion matrix: 
 [[0.05994898 0.94005102]
 [0.04166667 0.95833333]]
Validation f1: 42.43
Validation accuracy: 30.13
Validation recall: 95.83
Validation precision: 27.25
Validation AUC: 0.3096232150615982
Validation class accuracies: [0.05994897959183673, 0.9583333333333334]
The validation tracker metric at 0.450261780104712 hasn't increased by 0 in 7 epochs
Epoch 43/80
264/264 - 408s - loss: 0.5592 - accuracy: 0.7063 - val_loss: 1.4508 - val_accuracy: 0.3629
Confusion matrix: 
 [[141 643]
 [ 40 248]]
/home/alirachidi/anaconda3/envs/LungSoundClass/lib/python3.7/site-packages/tensorflow/python/data/ops/dataset_ops.py:3504: UserWarning: Even though the tf.config.experimental_run_functions_eagerly option is set, this option does not apply to tf.data functions. tf.data functions are still traced and executed as graphs.
  "Even though the tf.config.experimental_run_functions_eagerly "
Normalized Confusion matrix: 
 [[0.17984694 0.82015306]
 [0.13888889 0.86111111]]
Validation f1: 42.07
Validation accuracy: 36.29
Validation recall: 86.11
Validation precision: 27.83
Validation AUC: 0.30128340863596276
Validation class accuracies: [0.1798469387755102, 0.8611111111111112]
The validation tracker metric at 0.450261780104712 hasn't increased by 0 in 8 epochs
Epoch 44/80
264/264 - 408s - loss: 0.5426 - accuracy: 0.7246 - val_loss: 1.0857 - val_accuracy: 0.4440
Confusion matrix: 
 [[248 536]
 [ 60 228]]
/home/alirachidi/anaconda3/envs/LungSoundClass/lib/python3.7/site-packages/tensorflow/python/data/ops/dataset_ops.py:3504: UserWarning: Even though the tf.config.experimental_run_functions_eagerly option is set, this option does not apply to tf.data functions. tf.data functions are still traced and executed as graphs.
  "Even though the tf.config.experimental_run_functions_eagerly "
Normalized Confusion matrix: 
 [[0.31632653 0.68367347]
 [0.20833333 0.79166667]]
Validation f1: 43.35
Validation accuracy: 44.40
Validation recall: 79.17
Validation precision: 29.84
Validation AUC: 0.30849978008633716
Validation class accuracies: [0.3163265306122449, 0.7916666666666666]
The validation tracker metric at 0.450261780104712 hasn't increased by 0 in 9 epochs
Epoch 45/80
264/264 - 408s - loss: 0.5287 - accuracy: 0.7320 - val_loss: 1.3554 - val_accuracy: 0.3629
Confusion matrix: 
 [[130 654]
 [ 29 259]]
/home/alirachidi/anaconda3/envs/LungSoundClass/lib/python3.7/site-packages/tensorflow/python/data/ops/dataset_ops.py:3504: UserWarning: Even though the tf.config.experimental_run_functions_eagerly option is set, this option does not apply to tf.data functions. tf.data functions are still traced and executed as graphs.
  "Even though the tf.config.experimental_run_functions_eagerly "
Normalized Confusion matrix: 
 [[0.16581633 0.83418367]
 [0.10069444 0.89930556]]
Validation f1: 43.13
Validation accuracy: 36.29
Validation recall: 89.93
Validation precision: 28.37
Validation AUC: 0.32642219475030587
Validation class accuracies: [0.16581632653061223, 0.8993055555555556]
The validation tracker metric at 0.450261780104712 hasn't increased by 0 in 10 epochs
Epoch 46/80
264/264 - 407s - loss: 0.4926 - accuracy: 0.7557 - val_loss: 0.9160 - val_accuracy: 0.5159
Confusion matrix: 
 [[350 434]
 [ 85 203]]
/home/alirachidi/anaconda3/envs/LungSoundClass/lib/python3.7/site-packages/tensorflow/python/data/ops/dataset_ops.py:3504: UserWarning: Even though the tf.config.experimental_run_functions_eagerly option is set, this option does not apply to tf.data functions. tf.data functions are still traced and executed as graphs.
  "Even though the tf.config.experimental_run_functions_eagerly "
Normalized Confusion matrix: 
 [[0.44642857 0.55357143]
 [0.29513889 0.70486111]]
Validation f1: 43.89
Validation accuracy: 51.59
Validation recall: 70.49
Validation precision: 31.87
Validation AUC: 0.33919147081810985
Validation class accuracies: [0.44642857142857145, 0.7048611111111112]
The validation tracker metric at 0.450261780104712 hasn't increased by 0 in 11 epochs
Epoch 47/80
264/264 - 407s - loss: 0.4754 - accuracy: 0.7657 - val_loss: 0.8171 - val_accuracy: 0.6922
Confusion matrix: 
 [[712  72]
 [258  30]]
/home/alirachidi/anaconda3/envs/LungSoundClass/lib/python3.7/site-packages/tensorflow/python/data/ops/dataset_ops.py:3504: UserWarning: Even though the tf.config.experimental_run_functions_eagerly option is set, this option does not apply to tf.data functions. tf.data functions are still traced and executed as graphs.
  "Even though the tf.config.experimental_run_functions_eagerly "
Normalized Confusion matrix: 
 [[0.90816327 0.09183673]
 [0.89583333 0.10416667]]
Validation f1: 15.38
Validation accuracy: 69.22
Validation recall: 10.42
Validation precision: 29.41
Validation AUC: 0.2928636068063138
Validation class accuracies: [0.9081632653061225, 0.10416666666666667]
The validation tracker metric at 0.450261780104712 hasn't increased by 0 in 12 epochs
Epoch 48/80
264/264 - 407s - loss: 0.4465 - accuracy: 0.7849 - val_loss: 0.9426 - val_accuracy: 0.5410
Confusion matrix: 
 [[436 348]
 [144 144]]
/home/alirachidi/anaconda3/envs/LungSoundClass/lib/python3.7/site-packages/tensorflow/python/data/ops/dataset_ops.py:3504: UserWarning: Even though the tf.config.experimental_run_functions_eagerly option is set, this option does not apply to tf.data functions. tf.data functions are still traced and executed as graphs.
  "Even though the tf.config.experimental_run_functions_eagerly "
Normalized Confusion matrix: 
 [[0.55612245 0.44387755]
 [0.5        0.5       ]]
Validation f1: 36.92
Validation accuracy: 54.10
Validation recall: 50.00
Validation precision: 29.27
Validation AUC: 0.2881658326476882
Validation class accuracies: [0.5561224489795918, 0.5]
The validation tracker metric at 0.450261780104712 hasn't increased by 0 in 13 epochs
Epoch 49/80
264/264 - 407s - loss: 0.4134 - accuracy: 0.8086 - val_loss: 0.8085 - val_accuracy: 0.6474
Confusion matrix: 
 [[595 189]
 [189  99]]
/home/alirachidi/anaconda3/envs/LungSoundClass/lib/python3.7/site-packages/tensorflow/python/data/ops/dataset_ops.py:3504: UserWarning: Even though the tf.config.experimental_run_functions_eagerly option is set, this option does not apply to tf.data functions. tf.data functions are still traced and executed as graphs.
  "Even though the tf.config.experimental_run_functions_eagerly "
Normalized Confusion matrix: 
 [[0.75892857 0.24107143]
 [0.65625    0.34375   ]]
Validation f1: 34.38
Validation accuracy: 64.74
Validation recall: 34.38
Validation precision: 34.38
Validation AUC: 0.31680616654567667
Validation class accuracies: [0.7589285714285714, 0.34375]
The validation tracker metric at 0.450261780104712 hasn't increased by 0 in 14 epochs
Epoch 50/80
264/264 - 406s - loss: 0.3947 - accuracy: 0.8129 - val_loss: 0.8018 - val_accuracy: 0.6185
Confusion matrix: 
 [[549 235]
 [174 114]]
/home/alirachidi/anaconda3/envs/LungSoundClass/lib/python3.7/site-packages/tensorflow/python/data/ops/dataset_ops.py:3504: UserWarning: Even though the tf.config.experimental_run_functions_eagerly option is set, this option does not apply to tf.data functions. tf.data functions are still traced and executed as graphs.
  "Even though the tf.config.experimental_run_functions_eagerly "
Normalized Confusion matrix: 
 [[0.7002551  0.2997449 ]
 [0.60416667 0.39583333]]
Validation f1: 35.79
Validation accuracy: 61.85
Validation recall: 39.58
Validation precision: 32.66
Validation AUC: 0.32518933312116627
Validation class accuracies: [0.7002551020408163, 0.3958333333333333]
The validation tracker metric at 0.450261780104712 hasn't increased by 0 in 15 epochs
Epoch 51/80
264/264 - 406s - loss: 0.3524 - accuracy: 0.8400 - val_loss: 1.2205 - val_accuracy: 0.5532
Confusion matrix: 
 [[405 379]
 [100 188]]
/home/alirachidi/anaconda3/envs/LungSoundClass/lib/python3.7/site-packages/tensorflow/python/data/ops/dataset_ops.py:3504: UserWarning: Even though the tf.config.experimental_run_functions_eagerly option is set, this option does not apply to tf.data functions. tf.data functions are still traced and executed as graphs.
  "Even though the tf.config.experimental_run_functions_eagerly "
Normalized Confusion matrix: 
 [[0.51658163 0.48341837]
 [0.34722222 0.65277778]]
Validation f1: 43.98
Validation accuracy: 55.32
Validation recall: 65.28
Validation precision: 33.16
Validation AUC: 0.32778848571334873
Validation class accuracies: [0.5165816326530612, 0.6527777777777778]
The validation tracker metric at 0.450261780104712 hasn't increased by 0 in 16 epochs
Epoch 52/80
264/264 - 406s - loss: 0.3428 - accuracy: 0.8433 - val_loss: 1.1714 - val_accuracy: 0.5504
Confusion matrix: 
 [[438 346]
 [136 152]]
/home/alirachidi/anaconda3/envs/LungSoundClass/lib/python3.7/site-packages/tensorflow/python/data/ops/dataset_ops.py:3504: UserWarning: Even though the tf.config.experimental_run_functions_eagerly option is set, this option does not apply to tf.data functions. tf.data functions are still traced and executed as graphs.
  "Even though the tf.config.experimental_run_functions_eagerly "
Normalized Confusion matrix: 
 [[0.55867347 0.44132653]
 [0.47222222 0.52777778]]
Validation f1: 38.68
Validation accuracy: 55.04
Validation recall: 52.78
Validation precision: 30.52
Validation AUC: 0.30314363267199507
Validation class accuracies: [0.5586734693877551, 0.5277777777777778]
The validation tracker metric at 0.450261780104712 hasn't increased by 0 in 17 epochs
Epoch 53/80
264/264 - 406s - loss: 0.3083 - accuracy: 0.8587 - val_loss: 1.1460 - val_accuracy: 0.6213
Confusion matrix: 
 [[559 225]
 [181 107]]
/home/alirachidi/anaconda3/envs/LungSoundClass/lib/python3.7/site-packages/tensorflow/python/data/ops/dataset_ops.py:3504: UserWarning: Even though the tf.config.experimental_run_functions_eagerly option is set, this option does not apply to tf.data functions. tf.data functions are still traced and executed as graphs.
  "Even though the tf.config.experimental_run_functions_eagerly "
Normalized Confusion matrix: 
 [[0.7130102  0.2869898 ]
 [0.62847222 0.37152778]]
Validation f1: 34.52
Validation accuracy: 62.13
Validation recall: 37.15
Validation precision: 32.23
Validation AUC: 0.29922827873740165
Validation class accuracies: [0.7130102040816326, 0.3715277777777778]
The validation tracker metric at 0.450261780104712 hasn't increased by 0 in 18 epochs
Epoch 54/80
264/264 - 407s - loss: 0.2901 - accuracy: 0.8765 - val_loss: 0.9885 - val_accuracy: 0.6026
Confusion matrix: 
 [[525 259]
 [167 121]]
/home/alirachidi/anaconda3/envs/LungSoundClass/lib/python3.7/site-packages/tensorflow/python/data/ops/dataset_ops.py:3504: UserWarning: Even though the tf.config.experimental_run_functions_eagerly option is set, this option does not apply to tf.data functions. tf.data functions are still traced and executed as graphs.
  "Even though the tf.config.experimental_run_functions_eagerly "
Normalized Confusion matrix: 
 [[0.66964286 0.33035714]
 [0.57986111 0.42013889]]
Validation f1: 36.23
Validation accuracy: 60.26
Validation recall: 42.01
Validation precision: 31.84
Validation AUC: 0.314971391761652
Validation class accuracies: [0.6696428571428571, 0.4201388888888889]
The validation tracker metric at 0.450261780104712 hasn't increased by 0 in 19 epochs
Epoch 55/80
264/264 - 406s - loss: 0.2541 - accuracy: 0.8884 - val_loss: 1.1074 - val_accuracy: 0.6091
Confusion matrix: 
 [[561 223]
 [196  92]]
/home/alirachidi/anaconda3/envs/LungSoundClass/lib/python3.7/site-packages/tensorflow/python/data/ops/dataset_ops.py:3504: UserWarning: Even though the tf.config.experimental_run_functions_eagerly option is set, this option does not apply to tf.data functions. tf.data functions are still traced and executed as graphs.
  "Even though the tf.config.experimental_run_functions_eagerly "
Normalized Confusion matrix: 
 [[0.71556122 0.28443878]
 [0.68055556 0.31944444]]
Validation f1: 30.51
Validation accuracy: 60.91
Validation recall: 31.94
Validation precision: 29.21
Validation AUC: 0.28942050702943567
Validation class accuracies: [0.7155612244897959, 0.3194444444444444]

The metrics for job 0 with the best target metric are: 
Best cm: [[184 600]
 [ 30 258]]
Best normalized cm: [[0.23469388 0.76530612]
 [0.10416667 0.89583333]]
Best f1: 0.45
Best accuracy: 0.41
Best recall: 0.90
Best precision: 0.30
Best AUC: 0.32
Best class accuracies: [0.23469387755102042, 0.8958333333333334]
Best epoch: 35
local_gc_exec.sh: line 6:  4799 Killed                  python -m models.$MODULE_NAME --train-file $LOCAL_TRAIN_FILE --job-dir $LOCAL_JOB_DIR --params "$PARAMS" --wav-params "$WAV_PARAMS" --spec-params "$SPEC_PARAMS"

 See logs at ../../new_cache/conv__2196__06_1841__v29__finding_lr/logs//home/alirachidi/anaconda3/envs/LungSoundClass/lib/python3.7/multiprocessing/semaphore_tracker.py:144: UserWarning: semaphore_tracker: There appear to be 6 leaked semaphores to clean up at shutdown
  len(cache))
