Category:  coch
Dataset:  all_sw_coch_preprocessed_v2_param_v39_augm_v0_cleaned_8000.pkl
File:  conv.train2265
Description:  lstm
2021-06-28 20:36:07.515443: I tensorflow/stream_executor/platform/default/dso_loader.cc:49] Successfully opened dynamic library libcudart.so.11.0
WARNING:tensorflow:From /home/alirachidi/classification_algorithm/trainers/main/models/conv/modules/augmentation.py:19: experimental_run_functions_eagerly (from tensorflow.python.eager.def_function) is deprecated and will be removed in a future version.
Instructions for updating:
Use `tf.config.run_functions_eagerly` instead of the experimental version.
2021-06-28 20:36:10.109182: I tensorflow/compiler/jit/xla_cpu_device.cc:41] Not creating XLA devices, tf_xla_enable_xla_devices not set
2021-06-28 20:36:10.110203: I tensorflow/stream_executor/platform/default/dso_loader.cc:49] Successfully opened dynamic library libcuda.so.1
2021-06-28 20:36:10.162818: I tensorflow/stream_executor/cuda/cuda_gpu_executor.cc:941] successful NUMA node read from SysFS had negative value (-1), but there must be at least one NUMA node, so returning NUMA node zero
2021-06-28 20:36:10.163615: I tensorflow/core/common_runtime/gpu/gpu_device.cc:1720] Found device 0 with properties: 
pciBusID: 0000:00:05.0 name: Tesla T4 computeCapability: 7.5
coreClock: 1.59GHz coreCount: 40 deviceMemorySize: 14.75GiB deviceMemoryBandwidth: 298.08GiB/s
2021-06-28 20:36:10.163652: I tensorflow/stream_executor/platform/default/dso_loader.cc:49] Successfully opened dynamic library libcudart.so.11.0
2021-06-28 20:36:10.167675: I tensorflow/stream_executor/platform/default/dso_loader.cc:49] Successfully opened dynamic library libcublas.so.11
2021-06-28 20:36:10.167815: I tensorflow/stream_executor/platform/default/dso_loader.cc:49] Successfully opened dynamic library libcublasLt.so.11
2021-06-28 20:36:10.169049: I tensorflow/stream_executor/platform/default/dso_loader.cc:49] Successfully opened dynamic library libcufft.so.10
2021-06-28 20:36:10.169429: I tensorflow/stream_executor/platform/default/dso_loader.cc:49] Successfully opened dynamic library libcurand.so.10
2021-06-28 20:36:10.170551: I tensorflow/stream_executor/platform/default/dso_loader.cc:49] Successfully opened dynamic library libcusolver.so.10
2021-06-28 20:36:10.171522: I tensorflow/stream_executor/platform/default/dso_loader.cc:49] Successfully opened dynamic library libcusparse.so.11
2021-06-28 20:36:10.171705: I tensorflow/stream_executor/platform/default/dso_loader.cc:49] Successfully opened dynamic library libcudnn.so.8
2021-06-28 20:36:10.171868: I tensorflow/stream_executor/cuda/cuda_gpu_executor.cc:941] successful NUMA node read from SysFS had negative value (-1), but there must be at least one NUMA node, so returning NUMA node zero
2021-06-28 20:36:10.172722: I tensorflow/stream_executor/cuda/cuda_gpu_executor.cc:941] successful NUMA node read from SysFS had negative value (-1), but there must be at least one NUMA node, so returning NUMA node zero
2021-06-28 20:36:10.173441: I tensorflow/core/common_runtime/gpu/gpu_device.cc:1862] Adding visible gpu devices: 0
Tensorflow Version: 2.4.0
Num GPUs Available:  1
-----------------------
Using module: nv/train2265.py
Using train_file: ../../data/datasets/all_sw_coch_preprocessed_v2_param_v39_augm_v0_cleaned_8000.pkl
Job directory: ../../new_cache/conv__2265__06_1912__v39__lstm
Parameters: {'N_CLASSES': 1, 'SR': 8000, 'BATCH_SIZE': 16, 'LR': 0.001, 'SHAPE': [128, 1250], 'LL2_REG': 0, 'WEIGHT_DECAY': 0.001, 'N_EPOCHS': 65, 'FACTOR': 0.5, 'PATIENCE': 6, 'MIN_LR': 1e-07, 'LABEL_SMOOTHING': 0, 'EPSILON': 1e-07, 'ES_PATIENCE': 20, 'OVERSAMPLE': 0, 'MIN_DELTA': 0, 'PARAM': 'v39', 'EPOCH_START': 1, 'JORDAN_DATASET': 1, 'PNEUMONIA_ONLY': 1, 'CLAUSE': 0, 'CUBEROOTING': 1, 'NORMALIZING': 1, 'AUGMENTATION': 0, 'TARGET': 1, 'INITIAL_CHANNELS': 1, 'ADAPTIVE_LR': 1, 'CLASS_WEIGHTS': 0, 'SIX': 0, 'CONCAT': 0, 'TESTING': 0}
Augmentation parameters for audio: {'ADD': 1, 'QUANTITY': 1000, 'WAV_PATH': 'v42,v43'}
Augmentation parameters for spectrograms: {'ADD': 0, 'QUANTITY': 158, 'TIME_MASKING': 0, 'FREQUENCY_MASKING': 1, 'LOUDNESS': 0}
-----------------------
Collecting Variables...
All variables have been collected.
/home/alirachidi/anaconda3/envs/LungSoundClass/lib/python3.7/site-packages/tensorflow_addons/utils/ensure_tf_install.py:68: UserWarning: Tensorflow Addons supports using Python ops for all Tensorflow versions above or equal to 2.2.0 and strictly below 2.3.0 (nightly versions are not supported). 
 The versions of TensorFlow you are currently using is 2.4.0 and is not supported. 
Some things might work, some things might not.
If you were to encounter a bug, do not file an issue.
If you want to make sure you're using a tested and supported configuration, either change the TensorFlow version or the TensorFlow Addons's version. 
You can find the compatibility matrix in TensorFlow Addon's readme:
https://github.com/tensorflow/addons
  UserWarning,
wandb: W&B syncing is set to `offline` in this directory.  Run `wandb online` or set WANDB_MODE=online to enable cloud syncing.
2021-06-28 20:36:15.439039: I tensorflow/compiler/jit/xla_gpu_device.cc:99] Not creating XLA devices, tf_xla_enable_xla_devices not set
2021-06-28 20:36:15.439417: I tensorflow/stream_executor/cuda/cuda_gpu_executor.cc:941] successful NUMA node read from SysFS had negative value (-1), but there must be at least one NUMA node, so returning NUMA node zero
2021-06-28 20:36:15.440615: I tensorflow/core/common_runtime/gpu/gpu_device.cc:1720] Found device 0 with properties: 
pciBusID: 0000:00:05.0 name: Tesla T4 computeCapability: 7.5
coreClock: 1.59GHz coreCount: 40 deviceMemorySize: 14.75GiB deviceMemoryBandwidth: 298.08GiB/s
2021-06-28 20:36:15.440706: I tensorflow/stream_executor/platform/default/dso_loader.cc:49] Successfully opened dynamic library libcudart.so.11.0
2021-06-28 20:36:15.440826: I tensorflow/stream_executor/platform/default/dso_loader.cc:49] Successfully opened dynamic library libcublas.so.11
2021-06-28 20:36:15.440930: I tensorflow/stream_executor/platform/default/dso_loader.cc:49] Successfully opened dynamic library libcublasLt.so.11
2021-06-28 20:36:15.440973: I tensorflow/stream_executor/platform/default/dso_loader.cc:49] Successfully opened dynamic library libcufft.so.10
2021-06-28 20:36:15.441008: I tensorflow/stream_executor/platform/default/dso_loader.cc:49] Successfully opened dynamic library libcurand.so.10
2021-06-28 20:36:15.441042: I tensorflow/stream_executor/platform/default/dso_loader.cc:49] Successfully opened dynamic library libcusolver.so.10
2021-06-28 20:36:15.441076: I tensorflow/stream_executor/platform/default/dso_loader.cc:49] Successfully opened dynamic library libcusparse.so.11
2021-06-28 20:36:15.441108: I tensorflow/stream_executor/platform/default/dso_loader.cc:49] Successfully opened dynamic library libcudnn.so.8
2021-06-28 20:36:15.441283: I tensorflow/stream_executor/cuda/cuda_gpu_executor.cc:941] successful NUMA node read from SysFS had negative value (-1), but there must be at least one NUMA node, so returning NUMA node zero
2021-06-28 20:36:15.442457: I tensorflow/stream_executor/cuda/cuda_gpu_executor.cc:941] successful NUMA node read from SysFS had negative value (-1), but there must be at least one NUMA node, so returning NUMA node zero
2021-06-28 20:36:15.443498: I tensorflow/core/common_runtime/gpu/gpu_device.cc:1862] Adding visible gpu devices: 0
2021-06-28 20:36:15.443567: I tensorflow/stream_executor/platform/default/dso_loader.cc:49] Successfully opened dynamic library libcudart.so.11.0
2021-06-28 20:36:16.349179: I tensorflow/core/common_runtime/gpu/gpu_device.cc:1261] Device interconnect StreamExecutor with strength 1 edge matrix:
2021-06-28 20:36:16.349260: I tensorflow/core/common_runtime/gpu/gpu_device.cc:1267]      0 
2021-06-28 20:36:16.349285: I tensorflow/core/common_runtime/gpu/gpu_device.cc:1280] 0:   N 
2021-06-28 20:36:16.349650: I tensorflow/stream_executor/cuda/cuda_gpu_executor.cc:941] successful NUMA node read from SysFS had negative value (-1), but there must be at least one NUMA node, so returning NUMA node zero
2021-06-28 20:36:16.350886: I tensorflow/stream_executor/cuda/cuda_gpu_executor.cc:941] successful NUMA node read from SysFS had negative value (-1), but there must be at least one NUMA node, so returning NUMA node zero
2021-06-28 20:36:16.352026: I tensorflow/stream_executor/cuda/cuda_gpu_executor.cc:941] successful NUMA node read from SysFS had negative value (-1), but there must be at least one NUMA node, so returning NUMA node zero
2021-06-28 20:36:16.353167: I tensorflow/core/common_runtime/gpu/gpu_device.cc:1406] Created TensorFlow device (/job:localhost/replica:0/task:0/device:GPU:0 with 13968 MB memory) -> physical GPU (device: 0, name: Tesla T4, pci bus id: 0000:00:05.0, compute capability: 7.5)
2021-06-28 20:36:18.621383: I tensorflow/compiler/mlir/mlir_graph_optimization_pass.cc:116] None of the MLIR optimization passes are enabled (registered 2)
/home/alirachidi/anaconda3/envs/LungSoundClass/lib/python3.7/site-packages/tensorflow/python/data/ops/dataset_ops.py:3504: UserWarning: Even though the tf.config.experimental_run_functions_eagerly option is set, this option does not apply to tf.data functions. tf.data functions are still traced and executed as graphs.
  "Even though the tf.config.experimental_run_functions_eagerly "
2021-06-28 20:36:18.623056: I tensorflow/core/platform/profile_utils/cpu_utils.cc:112] CPU Frequency: 2299995000 Hz
2021-06-28 20:36:19.170351: I tensorflow/stream_executor/platform/default/dso_loader.cc:49] Successfully opened dynamic library libcudnn.so.8
2021-06-28 20:36:22.115139: I tensorflow/stream_executor/platform/default/dso_loader.cc:49] Successfully opened dynamic library libcublas.so.11
2021-06-28 20:36:22.742525: I tensorflow/stream_executor/platform/default/dso_loader.cc:49] Successfully opened dynamic library libcublasLt.so.11
Pneumonia patients: 148, Non-pneumonia patients: 2873
Pneumonia patients: 51, Non-pneumonia patients: 0
-----------------------
Number of train recordings: 2458 with pneumonia: 158 and non-pneumonia: 2300
Number of val recordings: 614 with pneumonia: 41 and non-pneumonia: 573
-----------------------
Model: "conv2d"
______________________________________________________________________________________________________________
Layer (type)                                     Output Shape                                Param #          
==============================================================================================================
input_1 (InputLayer)                             [(None, 10, 125, 128, 1)]                   0                
______________________________________________________________________________________________________________
batch_normalization (BatchNormalization)         (None, 10, 125, 128, 1)                     4                
______________________________________________________________________________________________________________
time_distributed (TimeDistributed)               (None, 10, 125, 128, 64)                    640              
______________________________________________________________________________________________________________
time_distributed_1 (TimeDistributed)             (None, 10, 125, 128, 64)                    1831             
______________________________________________________________________________________________________________
time_distributed_2 (TimeDistributed)             (None, 10, 125, 128, 64)                    256              
______________________________________________________________________________________________________________
time_distributed_3 (TimeDistributed)             (None, 10, 64)                              0                
______________________________________________________________________________________________________________
bidirectional (Bidirectional)                    (None, 10, 256)                             197632           
______________________________________________________________________________________________________________
bidirectional_1 (Bidirectional)                  (None, 10, 256)                             394240           
______________________________________________________________________________________________________________
dense (Dense)                                    (None, 10, 128)                             32896            
______________________________________________________________________________________________________________
dense_1 (Dense)                                  (None, 10, 1)                               129              
______________________________________________________________________________________________________________
flatten (Flatten)                                (None, 10)                                  0                
______________________________________________________________________________________________________________
dense_2 (Dense)                                  (None, 1)                                   11               
==============================================================================================================
Total params: 627,639
Trainable params: 627,509
Non-trainable params: 130
______________________________________________________________________________________________________________
Epoch 1/65
154/154 - 144s - loss: 0.2237 - accuracy: 0.9357 - val_loss: 0.2471 - val_accuracy: 0.9332
Confusion matrix: 
 [[573   0]
 [ 41   0]]
/home/alirachidi/anaconda3/envs/LungSoundClass/lib/python3.7/site-packages/sklearn/metrics/_classification.py:1272: UndefinedMetricWarning: Precision and F-score are ill-defined and being set to 0.0 due to no predicted samples. Use `zero_division` parameter to control this behavior.
  _warn_prf(average, modifier, msg_start, len(result))
Normalized Confusion matrix: 
 [[1. 0.]
 [1. 0.]]
Validation f1: 0.00
Validation accuracy: 93.32
Validation recall: 0.00
Validation precision: 0.00
Validation AUC: 0.38930948219592004
Validation class accuracies: [1.0, 0.0]
The validation tracker metric at 0 hasn't increased by 0 in 1 epochs
Epoch 2/65
154/154 - 145s - loss: 0.1880 - accuracy: 0.9357 - val_loss: 0.1962 - val_accuracy: 0.9332
Confusion matrix: 
 [[573   0]
 [ 41   0]]
/home/alirachidi/anaconda3/envs/LungSoundClass/lib/python3.7/site-packages/tensorflow/python/data/ops/dataset_ops.py:3504: UserWarning: Even though the tf.config.experimental_run_functions_eagerly option is set, this option does not apply to tf.data functions. tf.data functions are still traced and executed as graphs.
  "Even though the tf.config.experimental_run_functions_eagerly "
/home/alirachidi/anaconda3/envs/LungSoundClass/lib/python3.7/site-packages/sklearn/metrics/_classification.py:1272: UndefinedMetricWarning: Precision and F-score are ill-defined and being set to 0.0 due to no predicted samples. Use `zero_division` parameter to control this behavior.
  _warn_prf(average, modifier, msg_start, len(result))
Normalized Confusion matrix: 
 [[1. 0.]
 [1. 0.]]
Validation f1: 0.00
Validation accuracy: 93.32
Validation recall: 0.00
Validation precision: 0.00
Validation AUC: 0.5918677673860322
Validation class accuracies: [1.0, 0.0]
The validation tracker metric at 0 hasn't increased by 0 in 2 epochs
Epoch 3/65
154/154 - 142s - loss: 0.1724 - accuracy: 0.9357 - val_loss: 0.2050 - val_accuracy: 0.9332
Confusion matrix: 
 [[573   0]
 [ 41   0]]
Normalized Confusion matrix: 
 [[1. 0.]
 [1. 0.]]
/home/alirachidi/anaconda3/envs/LungSoundClass/lib/python3.7/site-packages/tensorflow/python/data/ops/dataset_ops.py:3504: UserWarning: Even though the tf.config.experimental_run_functions_eagerly option is set, this option does not apply to tf.data functions. tf.data functions are still traced and executed as graphs.
  "Even though the tf.config.experimental_run_functions_eagerly "
/home/alirachidi/anaconda3/envs/LungSoundClass/lib/python3.7/site-packages/sklearn/metrics/_classification.py:1272: UndefinedMetricWarning: Precision and F-score are ill-defined and being set to 0.0 due to no predicted samples. Use `zero_division` parameter to control this behavior.
  _warn_prf(average, modifier, msg_start, len(result))
Validation f1: 0.00
Validation accuracy: 93.32
Validation recall: 0.00
Validation precision: 0.00
Validation AUC: 0.3457848697304499
Validation class accuracies: [1.0, 0.0]
The validation tracker metric at 0 hasn't increased by 0 in 3 epochs
Epoch 4/65
154/154 - 142s - loss: 0.1559 - accuracy: 0.9357 - val_loss: 0.1786 - val_accuracy: 0.9332
Confusion matrix: 
 [[573   0]
 [ 41   0]]
/home/alirachidi/anaconda3/envs/LungSoundClass/lib/python3.7/site-packages/tensorflow/python/data/ops/dataset_ops.py:3504: UserWarning: Even though the tf.config.experimental_run_functions_eagerly option is set, this option does not apply to tf.data functions. tf.data functions are still traced and executed as graphs.
  "Even though the tf.config.experimental_run_functions_eagerly "
/home/alirachidi/anaconda3/envs/LungSoundClass/lib/python3.7/site-packages/sklearn/metrics/_classification.py:1272: UndefinedMetricWarning: Precision and F-score are ill-defined and being set to 0.0 due to no predicted samples. Use `zero_division` parameter to control this behavior.
  _warn_prf(average, modifier, msg_start, len(result))
Normalized Confusion matrix: 
 [[1. 0.]
 [1. 0.]]
Validation f1: 0.00
Validation accuracy: 93.32
Validation recall: 0.00
Validation precision: 0.00
Validation AUC: 0.6057923889573934
Validation class accuracies: [1.0, 0.0]
The validation tracker metric at 0 hasn't increased by 0 in 4 epochs
Epoch 5/65
154/154 - 145s - loss: 0.1454 - accuracy: 0.9357 - val_loss: 0.1775 - val_accuracy: 0.9332
Confusion matrix: 
 [[573   0]
 [ 41   0]]
Normalized Confusion matrix: 
 [[1. 0.]
 [1. 0.]]
Validation f1: 0.00
/home/alirachidi/anaconda3/envs/LungSoundClass/lib/python3.7/site-packages/tensorflow/python/data/ops/dataset_ops.py:3504: UserWarning: Even though the tf.config.experimental_run_functions_eagerly option is set, this option does not apply to tf.data functions. tf.data functions are still traced and executed as graphs.
  "Even though the tf.config.experimental_run_functions_eagerly "
/home/alirachidi/anaconda3/envs/LungSoundClass/lib/python3.7/site-packages/sklearn/metrics/_classification.py:1272: UndefinedMetricWarning: Precision and F-score are ill-defined and being set to 0.0 due to no predicted samples. Use `zero_division` parameter to control this behavior.
  _warn_prf(average, modifier, msg_start, len(result))
Validation accuracy: 93.32
Validation recall: 0.00
Validation precision: 0.00
Validation AUC: 0.5219573976670892
Validation class accuracies: [1.0, 0.0]
The validation tracker metric at 0 hasn't increased by 0 in 5 epochs
Epoch 6/65
154/154 - 140s - loss: 0.1440 - accuracy: 0.9357 - val_loss: 0.2022 - val_accuracy: 0.9332
Confusion matrix: 
 [[573   0]
 [ 41   0]]
Normalized Confusion matrix: 
 [[1. 0.]
 [1. 0.]]
/home/alirachidi/anaconda3/envs/LungSoundClass/lib/python3.7/site-packages/tensorflow/python/data/ops/dataset_ops.py:3504: UserWarning: Even though the tf.config.experimental_run_functions_eagerly option is set, this option does not apply to tf.data functions. tf.data functions are still traced and executed as graphs.
  "Even though the tf.config.experimental_run_functions_eagerly "
/home/alirachidi/anaconda3/envs/LungSoundClass/lib/python3.7/site-packages/sklearn/metrics/_classification.py:1272: UndefinedMetricWarning: Precision and F-score are ill-defined and being set to 0.0 due to no predicted samples. Use `zero_division` parameter to control this behavior.
  _warn_prf(average, modifier, msg_start, len(result))
Validation f1: 0.00
Validation accuracy: 93.32
Validation recall: 0.00
Validation precision: 0.00
Validation AUC: 0.5413297179916846
Validation class accuracies: [1.0, 0.0]
The validation tracker metric at 0 hasn't increased by 0 in 6 epochs
Lr has been adjusted to 0.0005000000237487257
Epoch 7/65
154/154 - 140s - loss: 0.1396 - accuracy: 0.9357 - val_loss: 0.1599 - val_accuracy: 0.9332
Confusion matrix: 
 [[573   0]
 [ 41   0]]
Normalized Confusion matrix: 
 [[1. 0.]
 [1. 0.]]
/home/alirachidi/anaconda3/envs/LungSoundClass/lib/python3.7/site-packages/tensorflow/python/data/ops/dataset_ops.py:3504: UserWarning: Even though the tf.config.experimental_run_functions_eagerly option is set, this option does not apply to tf.data functions. tf.data functions are still traced and executed as graphs.
  "Even though the tf.config.experimental_run_functions_eagerly "
/home/alirachidi/anaconda3/envs/LungSoundClass/lib/python3.7/site-packages/sklearn/metrics/_classification.py:1272: UndefinedMetricWarning: Precision and F-score are ill-defined and being set to 0.0 due to no predicted samples. Use `zero_division` parameter to control this behavior.
  _warn_prf(average, modifier, msg_start, len(result))
Validation f1: 0.00
Validation accuracy: 93.32
Validation recall: 0.00
Validation precision: 0.00
Validation AUC: 0.5417509245191593
Validation class accuracies: [1.0, 0.0]
The validation tracker metric at 0 hasn't increased by 0 in 7 epochs
Epoch 8/65
154/154 - 138s - loss: 0.1355 - accuracy: 0.9357 - val_loss: 0.1684 - val_accuracy: 0.9332
Confusion matrix: 
 [[573   0]
 [ 41   0]]
Normalized Confusion matrix: 
 [[1. 0.]
 [1. 0.]]
/home/alirachidi/anaconda3/envs/LungSoundClass/lib/python3.7/site-packages/tensorflow/python/data/ops/dataset_ops.py:3504: UserWarning: Even though the tf.config.experimental_run_functions_eagerly option is set, this option does not apply to tf.data functions. tf.data functions are still traced and executed as graphs.
  "Even though the tf.config.experimental_run_functions_eagerly "
/home/alirachidi/anaconda3/envs/LungSoundClass/lib/python3.7/site-packages/sklearn/metrics/_classification.py:1272: UndefinedMetricWarning: Precision and F-score are ill-defined and being set to 0.0 due to no predicted samples. Use `zero_division` parameter to control this behavior.
  _warn_prf(average, modifier, msg_start, len(result))
Validation f1: 0.00
Validation accuracy: 93.32
Validation recall: 0.00
Validation precision: 0.00
Validation AUC: 0.5233000924672782
Validation class accuracies: [1.0, 0.0]
The validation tracker metric at 0 hasn't increased by 0 in 8 epochs
Epoch 9/65
154/154 - 141s - loss: 0.1340 - accuracy: 0.9357 - val_loss: 0.1521 - val_accuracy: 0.9332
Confusion matrix: 
 [[573   0]
 [ 41   0]]
/home/alirachidi/anaconda3/envs/LungSoundClass/lib/python3.7/site-packages/tensorflow/python/data/ops/dataset_ops.py:3504: UserWarning: Even though the tf.config.experimental_run_functions_eagerly option is set, this option does not apply to tf.data functions. tf.data functions are still traced and executed as graphs.
  "Even though the tf.config.experimental_run_functions_eagerly "
/home/alirachidi/anaconda3/envs/LungSoundClass/lib/python3.7/site-packages/sklearn/metrics/_classification.py:1272: UndefinedMetricWarning: Precision and F-score are ill-defined and being set to 0.0 due to no predicted samples. Use `zero_division` parameter to control this behavior.
  _warn_prf(average, modifier, msg_start, len(result))
Normalized Confusion matrix: 
 [[1. 0.]
 [1. 0.]]
Validation f1: 0.00
Validation accuracy: 93.32
Validation recall: 0.00
Validation precision: 0.00
Validation AUC: 0.5486338645234702
Validation class accuracies: [1.0, 0.0]
The validation tracker metric at 0 hasn't increased by 0 in 9 epochs
Epoch 10/65
154/154 - 142s - loss: 0.1292 - accuracy: 0.9357 - val_loss: 0.1485 - val_accuracy: 0.9332
Confusion matrix: 
 [[573   0]
 [ 41   0]]
Normalized Confusion matrix: 
 [[1. 0.]
 [1. 0.]]
/home/alirachidi/anaconda3/envs/LungSoundClass/lib/python3.7/site-packages/tensorflow/python/data/ops/dataset_ops.py:3504: UserWarning: Even though the tf.config.experimental_run_functions_eagerly option is set, this option does not apply to tf.data functions. tf.data functions are still traced and executed as graphs.
  "Even though the tf.config.experimental_run_functions_eagerly "
/home/alirachidi/anaconda3/envs/LungSoundClass/lib/python3.7/site-packages/sklearn/metrics/_classification.py:1272: UndefinedMetricWarning: Precision and F-score are ill-defined and being set to 0.0 due to no predicted samples. Use `zero_division` parameter to control this behavior.
  _warn_prf(average, modifier, msg_start, len(result))
Validation f1: 0.00
Validation accuracy: 93.32
Validation recall: 0.00
Validation precision: 0.00
Validation AUC: 0.5222099702825892
Validation class accuracies: [1.0, 0.0]
The validation tracker metric at 0 hasn't increased by 0 in 10 epochs
Epoch 11/65
154/154 - 140s - loss: 0.1297 - accuracy: 0.9357 - val_loss: 0.1742 - val_accuracy: 0.9332
Confusion matrix: 
 [[573   0]
 [ 41   0]]
Normalized Confusion matrix: 
 [[1. 0.]
 [1. 0.]]
/home/alirachidi/anaconda3/envs/LungSoundClass/lib/python3.7/site-packages/tensorflow/python/data/ops/dataset_ops.py:3504: UserWarning: Even though the tf.config.experimental_run_functions_eagerly option is set, this option does not apply to tf.data functions. tf.data functions are still traced and executed as graphs.
  "Even though the tf.config.experimental_run_functions_eagerly "
/home/alirachidi/anaconda3/envs/LungSoundClass/lib/python3.7/site-packages/sklearn/metrics/_classification.py:1272: UndefinedMetricWarning: Precision and F-score are ill-defined and being set to 0.0 due to no predicted samples. Use `zero_division` parameter to control this behavior.
  _warn_prf(average, modifier, msg_start, len(result))
Validation f1: 0.00
Validation accuracy: 93.32
Validation recall: 0.00
Validation precision: 0.00
Validation AUC: 0.5302625917432784
Validation class accuracies: [1.0, 0.0]
The validation tracker metric at 0 hasn't increased by 0 in 11 epochs
Epoch 12/65
154/154 - 143s - loss: 0.1298 - accuracy: 0.9357 - val_loss: 0.1592 - val_accuracy: 0.9332
Confusion matrix: 
 [[573   0]
 [ 41   0]]
/home/alirachidi/anaconda3/envs/LungSoundClass/lib/python3.7/site-packages/tensorflow/python/data/ops/dataset_ops.py:3504: UserWarning: Even though the tf.config.experimental_run_functions_eagerly option is set, this option does not apply to tf.data functions. tf.data functions are still traced and executed as graphs.
  "Even though the tf.config.experimental_run_functions_eagerly "
/home/alirachidi/anaconda3/envs/LungSoundClass/lib/python3.7/site-packages/sklearn/metrics/_classification.py:1272: UndefinedMetricWarning: Precision and F-score are ill-defined and being set to 0.0 due to no predicted samples. Use `zero_division` parameter to control this behavior.
  _warn_prf(average, modifier, msg_start, len(result))
Normalized Confusion matrix: 
 [[1. 0.]
 [1. 0.]]
Validation f1: 0.00
Validation accuracy: 93.32
Validation recall: 0.00
Validation precision: 0.00
Validation AUC: 0.5464862496377313
Validation class accuracies: [1.0, 0.0]
The validation tracker metric at 0 hasn't increased by 0 in 12 epochs
Lr has been adjusted to 0.0002500000118743628
Epoch 13/65
154/154 - 141s - loss: 0.1298 - accuracy: 0.9357 - val_loss: 0.1691 - val_accuracy: 0.9332
Confusion matrix: 
 [[573   0]
 [ 41   0]]
/home/alirachidi/anaconda3/envs/LungSoundClass/lib/python3.7/site-packages/tensorflow/python/data/ops/dataset_ops.py:3504: UserWarning: Even though the tf.config.experimental_run_functions_eagerly option is set, this option does not apply to tf.data functions. tf.data functions are still traced and executed as graphs.
  "Even though the tf.config.experimental_run_functions_eagerly "
/home/alirachidi/anaconda3/envs/LungSoundClass/lib/python3.7/site-packages/sklearn/metrics/_classification.py:1272: UndefinedMetricWarning: Precision and F-score are ill-defined and being set to 0.0 due to no predicted samples. Use `zero_division` parameter to control this behavior.
  _warn_prf(average, modifier, msg_start, len(result))
Normalized Confusion matrix: 
 [[1. 0.]
 [1. 0.]]
Validation f1: 0.00
Validation accuracy: 93.32
Validation recall: 0.00
Validation precision: 0.00
Validation AUC: 0.535580112688991
Validation class accuracies: [1.0, 0.0]
The validation tracker metric at 0 hasn't increased by 0 in 13 epochs
Epoch 14/65
154/154 - 147s - loss: 0.1265 - accuracy: 0.9357 - val_loss: 0.1588 - val_accuracy: 0.9332
Confusion matrix: 
 [[573   0]
 [ 41   0]]
Normalized Confusion matrix: 
 [[1. 0.]
 [1. 0.]]
/home/alirachidi/anaconda3/envs/LungSoundClass/lib/python3.7/site-packages/tensorflow/python/data/ops/dataset_ops.py:3504: UserWarning: Even though the tf.config.experimental_run_functions_eagerly option is set, this option does not apply to tf.data functions. tf.data functions are still traced and executed as graphs.
  "Even though the tf.config.experimental_run_functions_eagerly "
/home/alirachidi/anaconda3/envs/LungSoundClass/lib/python3.7/site-packages/sklearn/metrics/_classification.py:1272: UndefinedMetricWarning: Precision and F-score are ill-defined and being set to 0.0 due to no predicted samples. Use `zero_division` parameter to control this behavior.
  _warn_prf(average, modifier, msg_start, len(result))
Validation f1: 0.00
Validation accuracy: 93.32
Validation recall: 0.00
Validation precision: 0.00
Validation AUC: 0.5411958827774717
Validation class accuracies: [1.0, 0.0]
local_gc_exec.sh: line 6: 30556 Killed                  python -m models.$MODULE_NAME --train-file $LOCAL_TRAIN_FILE --job-dir $LOCAL_JOB_DIR --params "$PARAMS" --wav-params "$WAV_PARAMS" --spec-params "$SPEC_PARAMS"

 See logs at ../../new_cache/conv__2265__06_1912__v39__lstm/logs//home/alirachidi/anaconda3/envs/LungSoundClass/lib/python3.7/multiprocessing/semaphore_tracker.py:144: UserWarning: semaphore_tracker: There appear to be 6 leaked semaphores to clean up at shutdown
  len(cache))
