Category:  coch
Dataset:  all_sw_coch_preprocessed_v2_param_v39_augm_v0_cleaned_8000.pkl
File:  conv.train2272
Description:  mixup
2021-06-29 18:14:25.738031: I tensorflow/stream_executor/platform/default/dso_loader.cc:49] Successfully opened dynamic library libcudart.so.11.0
WARNING:tensorflow:From /home/alirachidi/classification_algorithm/trainers/main/models/conv/modules/augmentation.py:19: experimental_run_functions_eagerly (from tensorflow.python.eager.def_function) is deprecated and will be removed in a future version.
Instructions for updating:
Use `tf.config.run_functions_eagerly` instead of the experimental version.
2021-06-29 18:14:28.318167: I tensorflow/compiler/jit/xla_cpu_device.cc:41] Not creating XLA devices, tf_xla_enable_xla_devices not set
2021-06-29 18:14:28.319170: I tensorflow/stream_executor/platform/default/dso_loader.cc:49] Successfully opened dynamic library libcuda.so.1
2021-06-29 18:14:28.371329: I tensorflow/stream_executor/cuda/cuda_gpu_executor.cc:941] successful NUMA node read from SysFS had negative value (-1), but there must be at least one NUMA node, so returning NUMA node zero
2021-06-29 18:14:28.372097: I tensorflow/core/common_runtime/gpu/gpu_device.cc:1720] Found device 0 with properties: 
pciBusID: 0000:00:05.0 name: Tesla T4 computeCapability: 7.5
coreClock: 1.59GHz coreCount: 40 deviceMemorySize: 14.75GiB deviceMemoryBandwidth: 298.08GiB/s
2021-06-29 18:14:28.372128: I tensorflow/stream_executor/platform/default/dso_loader.cc:49] Successfully opened dynamic library libcudart.so.11.0
2021-06-29 18:14:28.376137: I tensorflow/stream_executor/platform/default/dso_loader.cc:49] Successfully opened dynamic library libcublas.so.11
2021-06-29 18:14:28.376249: I tensorflow/stream_executor/platform/default/dso_loader.cc:49] Successfully opened dynamic library libcublasLt.so.11
2021-06-29 18:14:28.377468: I tensorflow/stream_executor/platform/default/dso_loader.cc:49] Successfully opened dynamic library libcufft.so.10
2021-06-29 18:14:28.377794: I tensorflow/stream_executor/platform/default/dso_loader.cc:49] Successfully opened dynamic library libcurand.so.10
2021-06-29 18:14:28.378879: I tensorflow/stream_executor/platform/default/dso_loader.cc:49] Successfully opened dynamic library libcusolver.so.10
2021-06-29 18:14:28.379825: I tensorflow/stream_executor/platform/default/dso_loader.cc:49] Successfully opened dynamic library libcusparse.so.11
2021-06-29 18:14:28.379987: I tensorflow/stream_executor/platform/default/dso_loader.cc:49] Successfully opened dynamic library libcudnn.so.8
2021-06-29 18:14:28.380124: I tensorflow/stream_executor/cuda/cuda_gpu_executor.cc:941] successful NUMA node read from SysFS had negative value (-1), but there must be at least one NUMA node, so returning NUMA node zero
2021-06-29 18:14:28.380954: I tensorflow/stream_executor/cuda/cuda_gpu_executor.cc:941] successful NUMA node read from SysFS had negative value (-1), but there must be at least one NUMA node, so returning NUMA node zero
2021-06-29 18:14:28.381684: I tensorflow/core/common_runtime/gpu/gpu_device.cc:1862] Adding visible gpu devices: 0
Tensorflow Version: 2.4.0
Num GPUs Available:  1
-----------------------
Using module: nv/train2272.py
Using train_file: ../../data/datasets/all_sw_coch_preprocessed_v2_param_v39_augm_v0_cleaned_8000.pkl
Job directory: ../../new_cache/conv__2272__06_1814__v39__mixup
Parameters: {'N_CLASSES': 1, 'SR': 8000, 'BATCH_SIZE': 16, 'LR': 0.001, 'SHAPE': [128, 1250], 'LL2_REG': 0, 'WEIGHT_DECAY': 0.001, 'N_EPOCHS': 65, 'FACTOR': 0.5, 'PATIENCE': 6, 'MIN_LR': 1e-07, 'LABEL_SMOOTHING': 0, 'EPSILON': 1e-07, 'ES_PATIENCE': 20, 'OVERSAMPLE': 0, 'MIN_DELTA': 0, 'PARAM': 'v39', 'EPOCH_START': 1, 'JORDAN_DATASET': 1, 'PNEUMONIA_ONLY': 1, 'CLAUSE': 0, 'CUBEROOTING': 1, 'NORMALIZING': 1, 'AUGMENTATION': 0, 'TARGET': 1, 'INITIAL_CHANNELS': 1, 'ADAPTIVE_LR': 1, 'CLASS_WEIGHTS': 0, 'SIX': 0, 'CONCAT': 0, 'TESTING': 0}
Augmentation parameters for audio: {'ADD': 1, 'QUANTITY': 1000, 'WAV_PATH': 'v42'}
Augmentation parameters for spectrograms: {'ADD': 0, 'QUANTITY': 158, 'TIME_MASKING': 1, 'FREQUENCY_MASKING': 1, 'LOUDNESS': 0}
-----------------------
Collecting Variables...
All variables have been collected.
/home/alirachidi/anaconda3/envs/LungSoundClass/lib/python3.7/site-packages/tensorflow_addons/utils/ensure_tf_install.py:68: UserWarning: Tensorflow Addons supports using Python ops for all Tensorflow versions above or equal to 2.2.0 and strictly below 2.3.0 (nightly versions are not supported). 
 The versions of TensorFlow you are currently using is 2.4.0 and is not supported. 
Some things might work, some things might not.
If you were to encounter a bug, do not file an issue.
If you want to make sure you're using a tested and supported configuration, either change the TensorFlow version or the TensorFlow Addons's version. 
You can find the compatibility matrix in TensorFlow Addon's readme:
https://github.com/tensorflow/addons
  UserWarning,
wandb: W&B syncing is set to `offline` in this directory.  Run `wandb online` or set WANDB_MODE=online to enable cloud syncing.
2021-06-29 18:14:33.626507: I tensorflow/compiler/jit/xla_gpu_device.cc:99] Not creating XLA devices, tf_xla_enable_xla_devices not set
2021-06-29 18:14:33.626781: I tensorflow/stream_executor/cuda/cuda_gpu_executor.cc:941] successful NUMA node read from SysFS had negative value (-1), but there must be at least one NUMA node, so returning NUMA node zero
2021-06-29 18:14:33.627587: I tensorflow/core/common_runtime/gpu/gpu_device.cc:1720] Found device 0 with properties: 
pciBusID: 0000:00:05.0 name: Tesla T4 computeCapability: 7.5
coreClock: 1.59GHz coreCount: 40 deviceMemorySize: 14.75GiB deviceMemoryBandwidth: 298.08GiB/s
2021-06-29 18:14:33.627638: I tensorflow/stream_executor/platform/default/dso_loader.cc:49] Successfully opened dynamic library libcudart.so.11.0
2021-06-29 18:14:33.627698: I tensorflow/stream_executor/platform/default/dso_loader.cc:49] Successfully opened dynamic library libcublas.so.11
2021-06-29 18:14:33.627719: I tensorflow/stream_executor/platform/default/dso_loader.cc:49] Successfully opened dynamic library libcublasLt.so.11
2021-06-29 18:14:33.627741: I tensorflow/stream_executor/platform/default/dso_loader.cc:49] Successfully opened dynamic library libcufft.so.10
2021-06-29 18:14:33.627762: I tensorflow/stream_executor/platform/default/dso_loader.cc:49] Successfully opened dynamic library libcurand.so.10
2021-06-29 18:14:33.627783: I tensorflow/stream_executor/platform/default/dso_loader.cc:49] Successfully opened dynamic library libcusolver.so.10
2021-06-29 18:14:33.627803: I tensorflow/stream_executor/platform/default/dso_loader.cc:49] Successfully opened dynamic library libcusparse.so.11
2021-06-29 18:14:33.627824: I tensorflow/stream_executor/platform/default/dso_loader.cc:49] Successfully opened dynamic library libcudnn.so.8
2021-06-29 18:14:33.627939: I tensorflow/stream_executor/cuda/cuda_gpu_executor.cc:941] successful NUMA node read from SysFS had negative value (-1), but there must be at least one NUMA node, so returning NUMA node zero
2021-06-29 18:14:33.628734: I tensorflow/stream_executor/cuda/cuda_gpu_executor.cc:941] successful NUMA node read from SysFS had negative value (-1), but there must be at least one NUMA node, so returning NUMA node zero
2021-06-29 18:14:33.629498: I tensorflow/core/common_runtime/gpu/gpu_device.cc:1862] Adding visible gpu devices: 0
2021-06-29 18:14:33.629560: I tensorflow/stream_executor/platform/default/dso_loader.cc:49] Successfully opened dynamic library libcudart.so.11.0
2021-06-29 18:14:34.391143: I tensorflow/core/common_runtime/gpu/gpu_device.cc:1261] Device interconnect StreamExecutor with strength 1 edge matrix:
2021-06-29 18:14:34.391190: I tensorflow/core/common_runtime/gpu/gpu_device.cc:1267]      0 
2021-06-29 18:14:34.391200: I tensorflow/core/common_runtime/gpu/gpu_device.cc:1280] 0:   N 
2021-06-29 18:14:34.391489: I tensorflow/stream_executor/cuda/cuda_gpu_executor.cc:941] successful NUMA node read from SysFS had negative value (-1), but there must be at least one NUMA node, so returning NUMA node zero
2021-06-29 18:14:34.392355: I tensorflow/stream_executor/cuda/cuda_gpu_executor.cc:941] successful NUMA node read from SysFS had negative value (-1), but there must be at least one NUMA node, so returning NUMA node zero
2021-06-29 18:14:34.393119: I tensorflow/stream_executor/cuda/cuda_gpu_executor.cc:941] successful NUMA node read from SysFS had negative value (-1), but there must be at least one NUMA node, so returning NUMA node zero
2021-06-29 18:14:34.393877: I tensorflow/core/common_runtime/gpu/gpu_device.cc:1406] Created TensorFlow device (/job:localhost/replica:0/task:0/device:GPU:0 with 13968 MB memory) -> physical GPU (device: 0, name: Tesla T4, pci bus id: 0000:00:05.0, compute capability: 7.5)
2021-06-29 18:14:35.481789: I tensorflow/compiler/mlir/mlir_graph_optimization_pass.cc:116] None of the MLIR optimization passes are enabled (registered 2)
/home/alirachidi/anaconda3/envs/LungSoundClass/lib/python3.7/site-packages/tensorflow/python/data/ops/dataset_ops.py:3504: UserWarning: Even though the tf.config.experimental_run_functions_eagerly option is set, this option does not apply to tf.data functions. tf.data functions are still traced and executed as graphs.
  "Even though the tf.config.experimental_run_functions_eagerly "
2021-06-29 18:14:35.484427: I tensorflow/core/platform/profile_utils/cpu_utils.cc:112] CPU Frequency: 2299995000 Hz
2021-06-29 18:16:22.445877: I tensorflow/core/kernels/data/shuffle_dataset_op.cc:177] Filling up shuffle buffer (this may take a while): 385 of 2616
2021-06-29 18:16:32.227675: I tensorflow/core/kernels/data/shuffle_dataset_op.cc:177] Filling up shuffle buffer (this may take a while): 849 of 2616
2021-06-29 18:16:42.188265: I tensorflow/core/kernels/data/shuffle_dataset_op.cc:177] Filling up shuffle buffer (this may take a while): 1457 of 2616
2021-06-29 18:16:52.010763: I tensorflow/core/kernels/data/shuffle_dataset_op.cc:177] Filling up shuffle buffer (this may take a while): 2049 of 2616
2021-06-29 18:17:02.485604: I tensorflow/core/kernels/data/shuffle_dataset_op.cc:177] Filling up shuffle buffer (this may take a while): 2469 of 2616
2021-06-29 18:17:12.044600: I tensorflow/core/kernels/data/shuffle_dataset_op.cc:177] Filling up shuffle buffer (this may take a while): 2504 of 2616
2021-06-29 18:17:22.167122: I tensorflow/core/kernels/data/shuffle_dataset_op.cc:177] Filling up shuffle buffer (this may take a while): 2544 of 2616
2021-06-29 18:17:32.261573: I tensorflow/core/kernels/data/shuffle_dataset_op.cc:177] Filling up shuffle buffer (this may take a while): 2580 of 2616
2021-06-29 18:17:42.348753: I tensorflow/core/kernels/data/shuffle_dataset_op.cc:230] Shuffle buffer filled.
2021-06-29 18:17:42.362801: I tensorflow/stream_executor/platform/default/dso_loader.cc:49] Successfully opened dynamic library libcudnn.so.8
2021-06-29 18:17:44.245395: I tensorflow/stream_executor/platform/default/dso_loader.cc:49] Successfully opened dynamic library libcublas.so.11
2021-06-29 18:17:44.820073: I tensorflow/stream_executor/platform/default/dso_loader.cc:49] Successfully opened dynamic library libcublasLt.so.11
Pneumonia patients: 148, Non-pneumonia patients: 2873
Pneumonia patients: 51, Non-pneumonia patients: 0
-----------------------
Number of train recordings: 2458 with pneumonia: 158 and non-pneumonia: 2300
Number of val recordings: 614 with pneumonia: 41 and non-pneumonia: 573
-----------------------
New dataset length after mix-up augmentation: 2616
Model: "conv2d"
______________________________________________________________________________________________________________
Layer (type)                                     Output Shape                                Param #          
==============================================================================================================
input_1 (InputLayer)                             [(None, 128, 1250, 1)]                      0                
______________________________________________________________________________________________________________
conv2d (Conv2D)                                  (None, 128, 1250, 8)                        80               
______________________________________________________________________________________________________________
mix_depth_group_convolution2d (MixDepthGroupConv (None, 128, 1250, 8)                        162              
______________________________________________________________________________________________________________
average_pooling2d (AveragePooling2D)             (None, 64, 625, 8)                          0                
______________________________________________________________________________________________________________
batch_normalization (BatchNormalization)         (None, 64, 625, 8)                          32               
______________________________________________________________________________________________________________
conv2d_1 (Conv2D)                                (None, 64, 625, 16)                         1168             
______________________________________________________________________________________________________________
mix_depth_group_convolution2d_1 (MixDepthGroupCo (None, 64, 625, 16)                         414              
______________________________________________________________________________________________________________
average_pooling2d_1 (AveragePooling2D)           (None, 32, 313, 16)                         0                
______________________________________________________________________________________________________________
batch_normalization_1 (BatchNormalization)       (None, 32, 313, 16)                         64               
______________________________________________________________________________________________________________
conv2d_2 (Conv2D)                                (None, 32, 313, 32)                         4640             
______________________________________________________________________________________________________________
mix_depth_group_convolution2d_2 (MixDepthGroupCo (None, 32, 313, 32)                         828              
______________________________________________________________________________________________________________
average_pooling2d_2 (AveragePooling2D)           (None, 16, 157, 32)                         0                
______________________________________________________________________________________________________________
batch_normalization_2 (BatchNormalization)       (None, 16, 157, 32)                         128              
______________________________________________________________________________________________________________
conv2d_3 (Conv2D)                                (None, 16, 157, 64)                         18496            
______________________________________________________________________________________________________________
mix_depth_group_convolution2d_3 (MixDepthGroupCo (None, 16, 157, 64)                         1656             
______________________________________________________________________________________________________________
average_pooling2d_3 (AveragePooling2D)           (None, 8, 79, 64)                           0                
______________________________________________________________________________________________________________
batch_normalization_3 (BatchNormalization)       (None, 8, 79, 64)                           256              
______________________________________________________________________________________________________________
conv2d_4 (Conv2D)                                (None, 8, 79, 128)                          73856            
______________________________________________________________________________________________________________
mix_depth_group_convolution2d_4 (MixDepthGroupCo (None, 8, 79, 128)                          3402             
______________________________________________________________________________________________________________
average_pooling2d_4 (AveragePooling2D)           (None, 4, 40, 128)                          0                
______________________________________________________________________________________________________________
batch_normalization_4 (BatchNormalization)       (None, 4, 40, 128)                          512              
______________________________________________________________________________________________________________
global_average_pooling2d (GlobalAveragePooling2D (None, 128)                                 0                
______________________________________________________________________________________________________________
dense (Dense)                                    (None, 1)                                   129              
==============================================================================================================
Total params: 105,823
Trainable params: 105,327
Non-trainable params: 496
______________________________________________________________________________________________________________
Epoch 1/65
164/164 - 163s - loss: 0.3488 - accuracy: 0.8414 - val_loss: 0.2452 - val_accuracy: 0.9332
Confusion matrix: 
 [[573   0]
 [ 41   0]]
/home/alirachidi/anaconda3/envs/LungSoundClass/lib/python3.7/site-packages/sklearn/metrics/_classification.py:1272: UndefinedMetricWarning: Precision and F-score are ill-defined and being set to 0.0 due to no predicted samples. Use `zero_division` parameter to control this behavior.
  _warn_prf(average, modifier, msg_start, len(result))
Normalized Confusion matrix: 
 [[1. 0.]
 [1. 0.]]
Validation f1: 0.00
Validation accuracy: 93.32
Validation recall: 0.00
Validation precision: 0.00
Validation AUC: 0.12390101023786125
Validation class accuracies: [1.0, 0.0]
2021-06-29 18:19:15.303337: I tensorflow/core/kernels/data/shuffle_dataset_op.cc:177] Filling up shuffle buffer (this may take a while): 609 of 2616
2021-06-29 18:19:25.282164: I tensorflow/core/kernels/data/shuffle_dataset_op.cc:177] Filling up shuffle buffer (this may take a while): 1233 of 2616
2021-06-29 18:19:35.269617: I tensorflow/core/kernels/data/shuffle_dataset_op.cc:177] Filling up shuffle buffer (this may take a while): 1857 of 2616
2021-06-29 18:19:46.072616: I tensorflow/core/kernels/data/shuffle_dataset_op.cc:177] Filling up shuffle buffer (this may take a while): 2459 of 2616
2021-06-29 18:19:55.368323: I tensorflow/core/kernels/data/shuffle_dataset_op.cc:177] Filling up shuffle buffer (this may take a while): 2483 of 2616
2021-06-29 18:20:05.390880: I tensorflow/core/kernels/data/shuffle_dataset_op.cc:177] Filling up shuffle buffer (this may take a while): 2513 of 2616
2021-06-29 18:20:15.231024: I tensorflow/core/kernels/data/shuffle_dataset_op.cc:177] Filling up shuffle buffer (this may take a while): 2545 of 2616
2021-06-29 18:20:25.364569: I tensorflow/core/kernels/data/shuffle_dataset_op.cc:177] Filling up shuffle buffer (this may take a while): 2580 of 2616
2021-06-29 18:20:34.947590: I tensorflow/core/kernels/data/shuffle_dataset_op.cc:230] Shuffle buffer filled.
The validation tracker metric at 0 hasn't increased by 0 in 1 epochs
Epoch 2/65
164/164 - 155s - loss: 0.1650 - accuracy: 0.8976 - val_loss: 0.2690 - val_accuracy: 0.9332
Confusion matrix: 
 [[573   0]
 [ 41   0]]
Normalized Confusion matrix: 
 [[1. 0.]
 [1. 0.]]
/home/alirachidi/anaconda3/envs/LungSoundClass/lib/python3.7/site-packages/tensorflow/python/data/ops/dataset_ops.py:3504: UserWarning: Even though the tf.config.experimental_run_functions_eagerly option is set, this option does not apply to tf.data functions. tf.data functions are still traced and executed as graphs.
  "Even though the tf.config.experimental_run_functions_eagerly "
/home/alirachidi/anaconda3/envs/LungSoundClass/lib/python3.7/site-packages/sklearn/metrics/_classification.py:1272: UndefinedMetricWarning: Precision and F-score are ill-defined and being set to 0.0 due to no predicted samples. Use `zero_division` parameter to control this behavior.
  _warn_prf(average, modifier, msg_start, len(result))
Validation f1: 0.00
Validation accuracy: 93.32
Validation recall: 0.00
Validation precision: 0.00
Validation AUC: 0.3568081025817753
Validation class accuracies: [1.0, 0.0]
2021-06-29 18:21:59.698642: I tensorflow/core/kernels/data/shuffle_dataset_op.cc:177] Filling up shuffle buffer (this may take a while): 657 of 2616
2021-06-29 18:22:09.659858: I tensorflow/core/kernels/data/shuffle_dataset_op.cc:177] Filling up shuffle buffer (this may take a while): 1233 of 2616
2021-06-29 18:22:19.670289: I tensorflow/core/kernels/data/shuffle_dataset_op.cc:177] Filling up shuffle buffer (this may take a while): 1777 of 2616
2021-06-29 18:22:29.721743: I tensorflow/core/kernels/data/shuffle_dataset_op.cc:177] Filling up shuffle buffer (this may take a while): 2321 of 2616
2021-06-29 18:22:39.787110: I tensorflow/core/kernels/data/shuffle_dataset_op.cc:177] Filling up shuffle buffer (this may take a while): 2489 of 2616
2021-06-29 18:22:49.780120: I tensorflow/core/kernels/data/shuffle_dataset_op.cc:177] Filling up shuffle buffer (this may take a while): 2528 of 2616
2021-06-29 18:22:59.688979: I tensorflow/core/kernels/data/shuffle_dataset_op.cc:177] Filling up shuffle buffer (this may take a while): 2563 of 2616
2021-06-29 18:23:09.766863: I tensorflow/core/kernels/data/shuffle_dataset_op.cc:177] Filling up shuffle buffer (this may take a while): 2597 of 2616
2021-06-29 18:23:19.902187: I tensorflow/core/kernels/data/shuffle_dataset_op.cc:177] Filling up shuffle buffer (this may take a while): 2614 of 2616
2021-06-29 18:23:21.247793: I tensorflow/core/kernels/data/shuffle_dataset_op.cc:230] Shuffle buffer filled.
The validation tracker metric at 0 hasn't increased by 0 in 2 epochs
Epoch 3/65
164/164 - 157s - loss: 0.1234 - accuracy: 0.9067 - val_loss: 0.3595 - val_accuracy: 0.9332
Confusion matrix: 
 [[573   0]
 [ 41   0]]
Normalized Confusion matrix: 
 [[1. 0.]
 [1. 0.]]
/home/alirachidi/anaconda3/envs/LungSoundClass/lib/python3.7/site-packages/tensorflow/python/data/ops/dataset_ops.py:3504: UserWarning: Even though the tf.config.experimental_run_functions_eagerly option is set, this option does not apply to tf.data functions. tf.data functions are still traced and executed as graphs.
  "Even though the tf.config.experimental_run_functions_eagerly "
/home/alirachidi/anaconda3/envs/LungSoundClass/lib/python3.7/site-packages/sklearn/metrics/_classification.py:1272: UndefinedMetricWarning: Precision and F-score are ill-defined and being set to 0.0 due to no predicted samples. Use `zero_division` parameter to control this behavior.
  _warn_prf(average, modifier, msg_start, len(result))
Validation f1: 0.00
Validation accuracy: 93.32
Validation recall: 0.00
Validation precision: 0.00
Validation AUC: 0.16154602512881155
Validation class accuracies: [1.0, 0.0]
2021-06-29 18:24:49.766533: I tensorflow/core/kernels/data/shuffle_dataset_op.cc:177] Filling up shuffle buffer (this may take a while): 481 of 2616
2021-06-29 18:24:59.722833: I tensorflow/core/kernels/data/shuffle_dataset_op.cc:177] Filling up shuffle buffer (this may take a while): 977 of 2616
2021-06-29 18:25:09.585877: I tensorflow/core/kernels/data/shuffle_dataset_op.cc:177] Filling up shuffle buffer (this may take a while): 1473 of 2616
2021-06-29 18:25:19.777499: I tensorflow/core/kernels/data/shuffle_dataset_op.cc:177] Filling up shuffle buffer (this may take a while): 1985 of 2616
2021-06-29 18:25:30.116104: I tensorflow/core/kernels/data/shuffle_dataset_op.cc:177] Filling up shuffle buffer (this may take a while): 2459 of 2616
2021-06-29 18:25:40.593903: I tensorflow/core/kernels/data/shuffle_dataset_op.cc:177] Filling up shuffle buffer (this may take a while): 2497 of 2616
2021-06-29 18:25:49.898775: I tensorflow/core/kernels/data/shuffle_dataset_op.cc:177] Filling up shuffle buffer (this may take a while): 2514 of 2616
2021-06-29 18:26:00.149473: I tensorflow/core/kernels/data/shuffle_dataset_op.cc:177] Filling up shuffle buffer (this may take a while): 2543 of 2616
2021-06-29 18:26:09.763503: I tensorflow/core/kernels/data/shuffle_dataset_op.cc:177] Filling up shuffle buffer (this may take a while): 2581 of 2616
2021-06-29 18:26:17.377456: I tensorflow/core/kernels/data/shuffle_dataset_op.cc:230] Shuffle buffer filled.
The validation tracker metric at 0 hasn't increased by 0 in 3 epochs
Epoch 4/65
164/164 - 166s - loss: 0.0888 - accuracy: 0.9239 - val_loss: 0.2299 - val_accuracy: 0.9332
Confusion matrix: 
 [[573   0]
 [ 41   0]]
Normalized Confusion matrix: 
 [[1. 0.]
 [1. 0.]]
/home/alirachidi/anaconda3/envs/LungSoundClass/lib/python3.7/site-packages/tensorflow/python/data/ops/dataset_ops.py:3504: UserWarning: Even though the tf.config.experimental_run_functions_eagerly option is set, this option does not apply to tf.data functions. tf.data functions are still traced and executed as graphs.
  "Even though the tf.config.experimental_run_functions_eagerly "
/home/alirachidi/anaconda3/envs/LungSoundClass/lib/python3.7/site-packages/sklearn/metrics/_classification.py:1272: UndefinedMetricWarning: Precision and F-score are ill-defined and being set to 0.0 due to no predicted samples. Use `zero_division` parameter to control this behavior.
  _warn_prf(average, modifier, msg_start, len(result))
Validation f1: 0.00
Validation accuracy: 93.32
Validation recall: 0.00
Validation precision: 0.00
Validation AUC: 0.6053488580825174
Validation class accuracies: [1.0, 0.0]
2021-06-29 18:27:48.290038: I tensorflow/core/kernels/data/shuffle_dataset_op.cc:177] Filling up shuffle buffer (this may take a while): 497 of 2616
2021-06-29 18:27:58.131506: I tensorflow/core/kernels/data/shuffle_dataset_op.cc:177] Filling up shuffle buffer (this may take a while): 993 of 2616
2021-06-29 18:28:08.200690: I tensorflow/core/kernels/data/shuffle_dataset_op.cc:177] Filling up shuffle buffer (this may take a while): 1409 of 2616
2021-06-29 18:28:18.097593: I tensorflow/core/kernels/data/shuffle_dataset_op.cc:177] Filling up shuffle buffer (this may take a while): 1809 of 2616
2021-06-29 18:28:28.167620: I tensorflow/core/kernels/data/shuffle_dataset_op.cc:177] Filling up shuffle buffer (this may take a while): 2417 of 2616
2021-06-29 18:28:38.303264: I tensorflow/core/kernels/data/shuffle_dataset_op.cc:177] Filling up shuffle buffer (this may take a while): 2499 of 2616
2021-06-29 18:28:48.103659: I tensorflow/core/kernels/data/shuffle_dataset_op.cc:177] Filling up shuffle buffer (this may take a while): 2534 of 2616
2021-06-29 18:28:58.207909: I tensorflow/core/kernels/data/shuffle_dataset_op.cc:177] Filling up shuffle buffer (this may take a while): 2568 of 2616
2021-06-29 18:29:08.305859: I tensorflow/core/kernels/data/shuffle_dataset_op.cc:177] Filling up shuffle buffer (this may take a while): 2611 of 2616
2021-06-29 18:29:09.743764: I tensorflow/core/kernels/data/shuffle_dataset_op.cc:230] Shuffle buffer filled.
The validation tracker metric at 0 hasn't increased by 0 in 4 epochs
Epoch 5/65
164/164 - 159s - loss: 0.0697 - accuracy: 0.9300 - val_loss: 0.1540 - val_accuracy: 0.9528
Confusion matrix: 
 [[562  11]
 [ 18  23]]
/home/alirachidi/anaconda3/envs/LungSoundClass/lib/python3.7/site-packages/tensorflow/python/data/ops/dataset_ops.py:3504: UserWarning: Even though the tf.config.experimental_run_functions_eagerly option is set, this option does not apply to tf.data functions. tf.data functions are still traced and executed as graphs.
  "Even though the tf.config.experimental_run_functions_eagerly "
Normalized Confusion matrix: 
 [[0.981 0.019]
 [0.439 0.561]]
Validation f1: 61.33
Validation accuracy: 95.28
Validation recall: 56.10
Validation precision: 67.65
Validation AUC: 0.6673601653807585
Validation class accuracies: [0.9808027923211169, 0.5609756097560976]
2021-06-29 18:30:43.785945: I tensorflow/core/kernels/data/shuffle_dataset_op.cc:177] Filling up shuffle buffer (this may take a while): 641 of 2616
2021-06-29 18:30:53.933902: I tensorflow/core/kernels/data/shuffle_dataset_op.cc:177] Filling up shuffle buffer (this may take a while): 1313 of 2616
2021-06-29 18:31:03.754276: I tensorflow/core/kernels/data/shuffle_dataset_op.cc:177] Filling up shuffle buffer (this may take a while): 1969 of 2616
2021-06-29 18:31:13.873180: I tensorflow/core/kernels/data/shuffle_dataset_op.cc:177] Filling up shuffle buffer (this may take a while): 2469 of 2616
2021-06-29 18:31:23.866758: I tensorflow/core/kernels/data/shuffle_dataset_op.cc:177] Filling up shuffle buffer (this may take a while): 2516 of 2616
2021-06-29 18:31:33.824842: I tensorflow/core/kernels/data/shuffle_dataset_op.cc:177] Filling up shuffle buffer (this may take a while): 2551 of 2616
2021-06-29 18:31:43.970167: I tensorflow/core/kernels/data/shuffle_dataset_op.cc:177] Filling up shuffle buffer (this may take a while): 2588 of 2616
2021-06-29 18:31:52.022209: I tensorflow/core/kernels/data/shuffle_dataset_op.cc:230] Shuffle buffer filled.
Saving model...
Epoch 6/65
164/164 - 144s - loss: 0.0565 - accuracy: 0.9358 - val_loss: 0.1548 - val_accuracy: 0.9446
Confusion matrix: 
 [[552  21]
 [ 13  28]]
/home/alirachidi/anaconda3/envs/LungSoundClass/lib/python3.7/site-packages/tensorflow/python/data/ops/dataset_ops.py:3504: UserWarning: Even though the tf.config.experimental_run_functions_eagerly option is set, this option does not apply to tf.data functions. tf.data functions are still traced and executed as graphs.
  "Even though the tf.config.experimental_run_functions_eagerly "
Normalized Confusion matrix: 
 [[0.963 0.037]
 [0.317 0.683]]
Validation f1: 62.22
Validation accuracy: 94.46
Validation recall: 68.29
Validation precision: 57.14
Validation AUC: 0.6839505971915382
Validation class accuracies: [0.9633507853403142, 0.6829268292682927]
2021-06-29 18:33:16.879314: I tensorflow/core/kernels/data/shuffle_dataset_op.cc:177] Filling up shuffle buffer (this may take a while): 673 of 2616
2021-06-29 18:33:26.948890: I tensorflow/core/kernels/data/shuffle_dataset_op.cc:177] Filling up shuffle buffer (this may take a while): 1345 of 2616
2021-06-29 18:33:36.859351: I tensorflow/core/kernels/data/shuffle_dataset_op.cc:177] Filling up shuffle buffer (this may take a while): 2017 of 2616
2021-06-29 18:33:46.889210: I tensorflow/core/kernels/data/shuffle_dataset_op.cc:177] Filling up shuffle buffer (this may take a while): 2464 of 2616
2021-06-29 18:33:57.187645: I tensorflow/core/kernels/data/shuffle_dataset_op.cc:177] Filling up shuffle buffer (this may take a while): 2498 of 2616
2021-06-29 18:34:07.315261: I tensorflow/core/kernels/data/shuffle_dataset_op.cc:177] Filling up shuffle buffer (this may take a while): 2530 of 2616
2021-06-29 18:34:16.873607: I tensorflow/core/kernels/data/shuffle_dataset_op.cc:177] Filling up shuffle buffer (this may take a while): 2567 of 2616
2021-06-29 18:34:27.579878: I tensorflow/core/kernels/data/shuffle_dataset_op.cc:177] Filling up shuffle buffer (this may take a while): 2609 of 2616
2021-06-29 18:34:29.270216: I tensorflow/core/kernels/data/shuffle_dataset_op.cc:230] Shuffle buffer filled.
Saving model...
Epoch 7/65
164/164 - 149s - loss: 0.0489 - accuracy: 0.9358 - val_loss: 0.2540 - val_accuracy: 0.9365
Confusion matrix: 
 [[564   9]
 [ 30  11]]
/home/alirachidi/anaconda3/envs/LungSoundClass/lib/python3.7/site-packages/tensorflow/python/data/ops/dataset_ops.py:3504: UserWarning: Even though the tf.config.experimental_run_functions_eagerly option is set, this option does not apply to tf.data functions. tf.data functions are still traced and executed as graphs.
  "Even though the tf.config.experimental_run_functions_eagerly "
Normalized Confusion matrix: 
 [[0.984 0.016]
 [0.732 0.268]]
Validation f1: 36.07
Validation accuracy: 93.65
Validation recall: 26.83
Validation precision: 55.00
Validation AUC: 0.38096369899260957
Validation class accuracies: [0.9842931937172775, 0.2682926829268293]
2021-06-29 18:35:55.890573: I tensorflow/core/kernels/data/shuffle_dataset_op.cc:177] Filling up shuffle buffer (this may take a while): 657 of 2616
2021-06-29 18:36:06.037554: I tensorflow/core/kernels/data/shuffle_dataset_op.cc:177] Filling up shuffle buffer (this may take a while): 1217 of 2616
2021-06-29 18:36:15.912133: I tensorflow/core/kernels/data/shuffle_dataset_op.cc:177] Filling up shuffle buffer (this may take a while): 1745 of 2616
2021-06-29 18:36:26.026781: I tensorflow/core/kernels/data/shuffle_dataset_op.cc:177] Filling up shuffle buffer (this may take a while): 2305 of 2616
2021-06-29 18:36:36.681791: I tensorflow/core/kernels/data/shuffle_dataset_op.cc:177] Filling up shuffle buffer (this may take a while): 2481 of 2616
2021-06-29 18:36:46.423264: I tensorflow/core/kernels/data/shuffle_dataset_op.cc:177] Filling up shuffle buffer (this may take a while): 2512 of 2616
2021-06-29 18:36:56.200394: I tensorflow/core/kernels/data/shuffle_dataset_op.cc:177] Filling up shuffle buffer (this may take a while): 2543 of 2616
2021-06-29 18:37:05.799827: I tensorflow/core/kernels/data/shuffle_dataset_op.cc:177] Filling up shuffle buffer (this may take a while): 2581 of 2616
2021-06-29 18:37:16.086179: I tensorflow/core/kernels/data/shuffle_dataset_op.cc:177] Filling up shuffle buffer (this may take a while): 2610 of 2616
2021-06-29 18:37:18.075585: I tensorflow/core/kernels/data/shuffle_dataset_op.cc:230] Shuffle buffer filled.
The validation tracker metric at 0.6222222222222223 hasn't increased by 0 in 1 epochs
Epoch 8/65
164/164 - 159s - loss: 0.0425 - accuracy: 0.9385 - val_loss: 0.1605 - val_accuracy: 0.9463
Confusion matrix: 
 [[552  21]
 [ 12  29]]
/home/alirachidi/anaconda3/envs/LungSoundClass/lib/python3.7/site-packages/tensorflow/python/data/ops/dataset_ops.py:3504: UserWarning: Even though the tf.config.experimental_run_functions_eagerly option is set, this option does not apply to tf.data functions. tf.data functions are still traced and executed as graphs.
  "Even though the tf.config.experimental_run_functions_eagerly "
Normalized Confusion matrix: 
 [[0.963 0.037]
 [0.293 0.707]]
Validation f1: 63.74
Validation accuracy: 94.63
Validation recall: 70.73
Validation precision: 58.00
Validation AUC: 0.6815920019886506
Validation class accuracies: [0.9633507853403142, 0.7073170731707317]
2021-06-29 18:38:48.779519: I tensorflow/core/kernels/data/shuffle_dataset_op.cc:177] Filling up shuffle buffer (this may take a while): 481 of 2616
2021-06-29 18:38:58.758184: I tensorflow/core/kernels/data/shuffle_dataset_op.cc:177] Filling up shuffle buffer (this may take a while): 977 of 2616
2021-06-29 18:39:08.682774: I tensorflow/core/kernels/data/shuffle_dataset_op.cc:177] Filling up shuffle buffer (this may take a while): 1473 of 2616
2021-06-29 18:39:18.877636: I tensorflow/core/kernels/data/shuffle_dataset_op.cc:177] Filling up shuffle buffer (this may take a while): 1985 of 2616
2021-06-29 18:39:28.995379: I tensorflow/core/kernels/data/shuffle_dataset_op.cc:177] Filling up shuffle buffer (this may take a while): 2459 of 2616
2021-06-29 18:39:39.056902: I tensorflow/core/kernels/data/shuffle_dataset_op.cc:177] Filling up shuffle buffer (this may take a while): 2489 of 2616
2021-06-29 18:39:48.781539: I tensorflow/core/kernels/data/shuffle_dataset_op.cc:177] Filling up shuffle buffer (this may take a while): 2510 of 2616
2021-06-29 18:39:58.900782: I tensorflow/core/kernels/data/shuffle_dataset_op.cc:177] Filling up shuffle buffer (this may take a while): 2559 of 2616
2021-06-29 18:40:09.098874: I tensorflow/core/kernels/data/shuffle_dataset_op.cc:177] Filling up shuffle buffer (this may take a while): 2592 of 2616
2021-06-29 18:40:16.848831: I tensorflow/core/kernels/data/shuffle_dataset_op.cc:230] Shuffle buffer filled.
Saving model...
Epoch 9/65
164/164 - 166s - loss: 0.0386 - accuracy: 0.9385 - val_loss: 0.2884 - val_accuracy: 0.9218
Confusion matrix: 
 [[533  40]
 [  8  33]]
/home/alirachidi/anaconda3/envs/LungSoundClass/lib/python3.7/site-packages/tensorflow/python/data/ops/dataset_ops.py:3504: UserWarning: Even though the tf.config.experimental_run_functions_eagerly option is set, this option does not apply to tf.data functions. tf.data functions are still traced and executed as graphs.
  "Even though the tf.config.experimental_run_functions_eagerly "
Normalized Confusion matrix: 
 [[0.93  0.07 ]
 [0.195 0.805]]
Validation f1: 57.89
Validation accuracy: 92.18
Validation recall: 80.49
Validation precision: 45.21
Validation AUC: 0.6597935939558214
Validation class accuracies: [0.9301919720767888, 0.8048780487804879]
2021-06-29 18:41:48.071559: I tensorflow/core/kernels/data/shuffle_dataset_op.cc:177] Filling up shuffle buffer (this may take a while): 497 of 2616
2021-06-29 18:41:57.946380: I tensorflow/core/kernels/data/shuffle_dataset_op.cc:177] Filling up shuffle buffer (this may take a while): 993 of 2616
2021-06-29 18:42:07.922526: I tensorflow/core/kernels/data/shuffle_dataset_op.cc:177] Filling up shuffle buffer (this may take a while): 1345 of 2616
2021-06-29 18:42:17.874735: I tensorflow/core/kernels/data/shuffle_dataset_op.cc:177] Filling up shuffle buffer (this may take a while): 1857 of 2616
2021-06-29 18:42:28.335472: I tensorflow/core/kernels/data/shuffle_dataset_op.cc:177] Filling up shuffle buffer (this may take a while): 2459 of 2616
2021-06-29 18:42:38.040727: I tensorflow/core/kernels/data/shuffle_dataset_op.cc:177] Filling up shuffle buffer (this may take a while): 2501 of 2616
2021-06-29 18:42:47.813047: I tensorflow/core/kernels/data/shuffle_dataset_op.cc:177] Filling up shuffle buffer (this may take a while): 2540 of 2616
2021-06-29 18:42:58.959394: I tensorflow/core/kernels/data/shuffle_dataset_op.cc:177] Filling up shuffle buffer (this may take a while): 2578 of 2616
2021-06-29 18:43:07.871634: I tensorflow/core/kernels/data/shuffle_dataset_op.cc:177] Filling up shuffle buffer (this may take a while): 2609 of 2616
2021-06-29 18:43:08.630648: I tensorflow/core/kernels/data/shuffle_dataset_op.cc:230] Shuffle buffer filled.
The validation tracker metric at 0.6373626373626374 hasn't increased by 0 in 1 epochs
Epoch 10/65
164/164 - 159s - loss: 0.0373 - accuracy: 0.9381 - val_loss: 0.5564 - val_accuracy: 0.8290
Confusion matrix: 
 [[474  99]
 [  6  35]]
/home/alirachidi/anaconda3/envs/LungSoundClass/lib/python3.7/site-packages/tensorflow/python/data/ops/dataset_ops.py:3504: UserWarning: Even though the tf.config.experimental_run_functions_eagerly option is set, this option does not apply to tf.data functions. tf.data functions are still traced and executed as graphs.
  "Even though the tf.config.experimental_run_functions_eagerly "
Normalized Confusion matrix: 
 [[0.827 0.173]
 [0.146 0.854]]
Validation f1: 40.00
Validation accuracy: 82.90
Validation recall: 85.37
Validation precision: 26.12
Validation AUC: 0.6462253947934106
Validation class accuracies: [0.8272251308900523, 0.8536585365853658]
2021-06-29 18:44:39.663408: I tensorflow/core/kernels/data/shuffle_dataset_op.cc:177] Filling up shuffle buffer (this may take a while): 673 of 2616
2021-06-29 18:44:49.642098: I tensorflow/core/kernels/data/shuffle_dataset_op.cc:177] Filling up shuffle buffer (this may take a while): 1345 of 2616
2021-06-29 18:44:59.839594: I tensorflow/core/kernels/data/shuffle_dataset_op.cc:177] Filling up shuffle buffer (this may take a while): 2033 of 2616
2021-06-29 18:45:09.717657: I tensorflow/core/kernels/data/shuffle_dataset_op.cc:177] Filling up shuffle buffer (this may take a while): 2474 of 2616
2021-06-29 18:45:19.789163: I tensorflow/core/kernels/data/shuffle_dataset_op.cc:177] Filling up shuffle buffer (this may take a while): 2514 of 2616
2021-06-29 18:45:29.704939: I tensorflow/core/kernels/data/shuffle_dataset_op.cc:177] Filling up shuffle buffer (this may take a while): 2552 of 2616
2021-06-29 18:45:40.172186: I tensorflow/core/kernels/data/shuffle_dataset_op.cc:177] Filling up shuffle buffer (this may take a while): 2586 of 2616
2021-06-29 18:45:48.360071: I tensorflow/core/kernels/data/shuffle_dataset_op.cc:230] Shuffle buffer filled.
The validation tracker metric at 0.6373626373626374 hasn't increased by 0 in 2 epochs
Epoch 11/65
164/164 - 146s - loss: 0.0337 - accuracy: 0.9392 - val_loss: 0.1901 - val_accuracy: 0.9577
Confusion matrix: 
 [[564   9]
 [ 17  24]]
/home/alirachidi/anaconda3/envs/LungSoundClass/lib/python3.7/site-packages/tensorflow/python/data/ops/dataset_ops.py:3504: UserWarning: Even though the tf.config.experimental_run_functions_eagerly option is set, this option does not apply to tf.data functions. tf.data functions are still traced and executed as graphs.
  "Even though the tf.config.experimental_run_functions_eagerly "
Normalized Confusion matrix: 
 [[0.984 0.016]
 [0.415 0.585]]
Validation f1: 64.86
Validation accuracy: 95.77
Validation recall: 58.54
Validation precision: 72.73
Validation AUC: 0.6153790920393669
Validation class accuracies: [0.9842931937172775, 0.5853658536585366]
2021-06-29 18:47:16.523008: I tensorflow/core/kernels/data/shuffle_dataset_op.cc:177] Filling up shuffle buffer (this may take a while): 609 of 2616
2021-06-29 18:47:26.398431: I tensorflow/core/kernels/data/shuffle_dataset_op.cc:177] Filling up shuffle buffer (this may take a while): 1217 of 2616
2021-06-29 18:47:36.453723: I tensorflow/core/kernels/data/shuffle_dataset_op.cc:177] Filling up shuffle buffer (this may take a while): 1809 of 2616
2021-06-29 18:47:46.425514: I tensorflow/core/kernels/data/shuffle_dataset_op.cc:177] Filling up shuffle buffer (this may take a while): 2305 of 2616
2021-06-29 18:47:56.885799: I tensorflow/core/kernels/data/shuffle_dataset_op.cc:177] Filling up shuffle buffer (this may take a while): 2484 of 2616
2021-06-29 18:48:07.022733: I tensorflow/core/kernels/data/shuffle_dataset_op.cc:177] Filling up shuffle buffer (this may take a while): 2511 of 2616
2021-06-29 18:48:16.852211: I tensorflow/core/kernels/data/shuffle_dataset_op.cc:177] Filling up shuffle buffer (this may take a while): 2544 of 2616
2021-06-29 18:48:26.468717: I tensorflow/core/kernels/data/shuffle_dataset_op.cc:177] Filling up shuffle buffer (this may take a while): 2571 of 2616
2021-06-29 18:48:36.997974: I tensorflow/core/kernels/data/shuffle_dataset_op.cc:177] Filling up shuffle buffer (this may take a while): 2604 of 2616
2021-06-29 18:48:40.522469: I tensorflow/core/kernels/data/shuffle_dataset_op.cc:230] Shuffle buffer filled.
Saving model...
Epoch 12/65
164/164 - 162s - loss: 0.0327 - accuracy: 0.9388 - val_loss: 0.3694 - val_accuracy: 0.8860
Confusion matrix: 
 [[512  61]
 [  9  32]]
/home/alirachidi/anaconda3/envs/LungSoundClass/lib/python3.7/site-packages/tensorflow/python/data/ops/dataset_ops.py:3504: UserWarning: Even though the tf.config.experimental_run_functions_eagerly option is set, this option does not apply to tf.data functions. tf.data functions are still traced and executed as graphs.
  "Even though the tf.config.experimental_run_functions_eagerly "
Normalized Confusion matrix: 
 [[0.894 0.106]
 [0.22  0.78 ]]
Validation f1: 47.76
Validation accuracy: 88.60
Validation recall: 78.05
Validation precision: 34.41
Validation AUC: 0.64350407220314
Validation class accuracies: [0.893542757417103, 0.7804878048780488]
2021-06-29 18:50:08.793803: I tensorflow/core/kernels/data/shuffle_dataset_op.cc:177] Filling up shuffle buffer (this may take a while): 497 of 2616
2021-06-29 18:50:18.771690: I tensorflow/core/kernels/data/shuffle_dataset_op.cc:177] Filling up shuffle buffer (this may take a while): 977 of 2616
2021-06-29 18:50:28.794733: I tensorflow/core/kernels/data/shuffle_dataset_op.cc:177] Filling up shuffle buffer (this may take a while): 1473 of 2616
2021-06-29 18:50:38.692438: I tensorflow/core/kernels/data/shuffle_dataset_op.cc:177] Filling up shuffle buffer (this may take a while): 1969 of 2616
2021-06-29 18:50:49.162195: I tensorflow/core/kernels/data/shuffle_dataset_op.cc:177] Filling up shuffle buffer (this may take a while): 2459 of 2616
2021-06-29 18:50:58.700754: I tensorflow/core/kernels/data/shuffle_dataset_op.cc:177] Filling up shuffle buffer (this may take a while): 2482 of 2616
2021-06-29 18:51:08.811671: I tensorflow/core/kernels/data/shuffle_dataset_op.cc:177] Filling up shuffle buffer (this may take a while): 2513 of 2616
2021-06-29 18:51:19.269583: I tensorflow/core/kernels/data/shuffle_dataset_op.cc:177] Filling up shuffle buffer (this may take a while): 2536 of 2616
2021-06-29 18:51:28.683456: I tensorflow/core/kernels/data/shuffle_dataset_op.cc:177] Filling up shuffle buffer (this may take a while): 2562 of 2616
2021-06-29 18:51:38.626538: I tensorflow/core/kernels/data/shuffle_dataset_op.cc:177] Filling up shuffle buffer (this may take a while): 2614 of 2616
2021-06-29 18:51:39.159250: I tensorflow/core/kernels/data/shuffle_dataset_op.cc:230] Shuffle buffer filled.
The validation tracker metric at 0.6486486486486487 hasn't increased by 0 in 1 epochs
Epoch 13/65
164/164 - 168s - loss: 0.0320 - accuracy: 0.9396 - val_loss: 0.1764 - val_accuracy: 0.9544
Confusion matrix: 
 [[560  13]
 [ 15  26]]
/home/alirachidi/anaconda3/envs/LungSoundClass/lib/python3.7/site-packages/tensorflow/python/data/ops/dataset_ops.py:3504: UserWarning: Even though the tf.config.experimental_run_functions_eagerly option is set, this option does not apply to tf.data functions. tf.data functions are still traced and executed as graphs.
  "Even though the tf.config.experimental_run_functions_eagerly "
Normalized Confusion matrix: 
 [[0.977 0.023]
 [0.366 0.634]]
Validation f1: 65.00
Validation accuracy: 95.44
Validation recall: 63.41
Validation precision: 66.67
Validation AUC: 0.6730367589009947
Validation class accuracies: [0.9773123909249564, 0.6341463414634146]
2021-06-29 18:53:09.498760: I tensorflow/core/kernels/data/shuffle_dataset_op.cc:177] Filling up shuffle buffer (this may take a while): 545 of 2616
2021-06-29 18:53:19.418604: I tensorflow/core/kernels/data/shuffle_dataset_op.cc:177] Filling up shuffle buffer (this may take a while): 1089 of 2616
2021-06-29 18:53:29.317874: I tensorflow/core/kernels/data/shuffle_dataset_op.cc:177] Filling up shuffle buffer (this may take a while): 1633 of 2616
2021-06-29 18:53:39.507507: I tensorflow/core/kernels/data/shuffle_dataset_op.cc:177] Filling up shuffle buffer (this may take a while): 2145 of 2616
2021-06-29 18:53:49.451886: I tensorflow/core/kernels/data/shuffle_dataset_op.cc:177] Filling up shuffle buffer (this may take a while): 2463 of 2616
2021-06-29 18:53:59.329460: I tensorflow/core/kernels/data/shuffle_dataset_op.cc:177] Filling up shuffle buffer (this may take a while): 2504 of 2616
2021-06-29 18:54:09.284502: I tensorflow/core/kernels/data/shuffle_dataset_op.cc:177] Filling up shuffle buffer (this may take a while): 2545 of 2616
2021-06-29 18:54:19.240096: I tensorflow/core/kernels/data/shuffle_dataset_op.cc:177] Filling up shuffle buffer (this may take a while): 2588 of 2616
2021-06-29 18:54:24.914982: I tensorflow/core/kernels/data/shuffle_dataset_op.cc:230] Shuffle buffer filled.
Saving model...
Epoch 14/65
164/164 - 152s - loss: 0.0333 - accuracy: 0.9396 - val_loss: 0.1947 - val_accuracy: 0.9397
Confusion matrix: 
 [[548  25]
 [ 12  29]]
/home/alirachidi/anaconda3/envs/LungSoundClass/lib/python3.7/site-packages/tensorflow/python/data/ops/dataset_ops.py:3504: UserWarning: Even though the tf.config.experimental_run_functions_eagerly option is set, this option does not apply to tf.data functions. tf.data functions are still traced and executed as graphs.
  "Even though the tf.config.experimental_run_functions_eagerly "
Normalized Confusion matrix: 
 [[0.956 0.044]
 [0.293 0.707]]
Validation f1: 61.05
Validation accuracy: 93.97
Validation recall: 70.73
Validation precision: 53.70
Validation AUC: 0.6955425667481431
Validation class accuracies: [0.956369982547993, 0.7073170731707317]
2021-06-29 18:55:53.477590: I tensorflow/core/kernels/data/shuffle_dataset_op.cc:177] Filling up shuffle buffer (this may take a while): 465 of 2616
2021-06-29 18:56:03.484872: I tensorflow/core/kernels/data/shuffle_dataset_op.cc:177] Filling up shuffle buffer (this may take a while): 929 of 2616
2021-06-29 18:56:13.285725: I tensorflow/core/kernels/data/shuffle_dataset_op.cc:177] Filling up shuffle buffer (this may take a while): 1585 of 2616
2021-06-29 18:56:23.376516: I tensorflow/core/kernels/data/shuffle_dataset_op.cc:177] Filling up shuffle buffer (this may take a while): 2257 of 2616
2021-06-29 18:56:33.386266: I tensorflow/core/kernels/data/shuffle_dataset_op.cc:177] Filling up shuffle buffer (this may take a while): 2486 of 2616
2021-06-29 18:56:43.401265: I tensorflow/core/kernels/data/shuffle_dataset_op.cc:177] Filling up shuffle buffer (this may take a while): 2524 of 2616
2021-06-29 18:56:53.703068: I tensorflow/core/kernels/data/shuffle_dataset_op.cc:177] Filling up shuffle buffer (this may take a while): 2571 of 2616
2021-06-29 18:57:03.449284: I tensorflow/core/kernels/data/shuffle_dataset_op.cc:177] Filling up shuffle buffer (this may take a while): 2612 of 2616
2021-06-29 18:57:04.184459: I tensorflow/core/kernels/data/shuffle_dataset_op.cc:230] Shuffle buffer filled.
The validation tracker metric at 0.6499999999999999 hasn't increased by 0 in 1 epochs
Epoch 15/65
164/164 - 149s - loss: 0.0305 - accuracy: 0.9396 - val_loss: 0.2307 - val_accuracy: 0.9397
Confusion matrix: 
 [[550  23]
 [ 14  27]]
/home/alirachidi/anaconda3/envs/LungSoundClass/lib/python3.7/site-packages/tensorflow/python/data/ops/dataset_ops.py:3504: UserWarning: Even though the tf.config.experimental_run_functions_eagerly option is set, this option does not apply to tf.data functions. tf.data functions are still traced and executed as graphs.
  "Even though the tf.config.experimental_run_functions_eagerly "
Normalized Confusion matrix: 
 [[0.96  0.04 ]
 [0.341 0.659]]
Validation f1: 59.34
Validation accuracy: 93.97
Validation recall: 65.85
Validation precision: 54.00
Validation AUC: 0.6261870706493342
Validation class accuracies: [0.9598603839441536, 0.6585365853658537]
2021-06-29 18:58:31.840330: I tensorflow/core/kernels/data/shuffle_dataset_op.cc:177] Filling up shuffle buffer (this may take a while): 657 of 2616
2021-06-29 18:58:41.828571: I tensorflow/core/kernels/data/shuffle_dataset_op.cc:177] Filling up shuffle buffer (this may take a while): 1329 of 2616
2021-06-29 18:58:51.810403: I tensorflow/core/kernels/data/shuffle_dataset_op.cc:177] Filling up shuffle buffer (this may take a while): 2001 of 2616
2021-06-29 18:59:02.073910: I tensorflow/core/kernels/data/shuffle_dataset_op.cc:177] Filling up shuffle buffer (this may take a while): 2478 of 2616
2021-06-29 18:59:11.889223: I tensorflow/core/kernels/data/shuffle_dataset_op.cc:177] Filling up shuffle buffer (this may take a while): 2511 of 2616
2021-06-29 18:59:21.877049: I tensorflow/core/kernels/data/shuffle_dataset_op.cc:177] Filling up shuffle buffer (this may take a while): 2538 of 2616
2021-06-29 18:59:31.871390: I tensorflow/core/kernels/data/shuffle_dataset_op.cc:177] Filling up shuffle buffer (this may take a while): 2569 of 2616
2021-06-29 18:59:41.754494: I tensorflow/core/kernels/data/shuffle_dataset_op.cc:177] Filling up shuffle buffer (this may take a while): 2611 of 2616
2021-06-29 18:59:42.704173: I tensorflow/core/kernels/data/shuffle_dataset_op.cc:230] Shuffle buffer filled.
The validation tracker metric at 0.6499999999999999 hasn't increased by 0 in 2 epochs
Epoch 16/65
164/164 - 147s - loss: 0.0341 - accuracy: 0.9396 - val_loss: 0.1697 - val_accuracy: 0.9479
Confusion matrix: 
 [[559  14]
 [ 18  23]]
/home/alirachidi/anaconda3/envs/LungSoundClass/lib/python3.7/site-packages/tensorflow/python/data/ops/dataset_ops.py:3504: UserWarning: Even though the tf.config.experimental_run_functions_eagerly option is set, this option does not apply to tf.data functions. tf.data functions are still traced and executed as graphs.
  "Even though the tf.config.experimental_run_functions_eagerly "
Normalized Confusion matrix: 
 [[0.976 0.024]
 [0.439 0.561]]
Validation f1: 58.97
Validation accuracy: 94.79
Validation recall: 56.10
Validation precision: 62.16
Validation AUC: 0.6091357456533835
Validation class accuracies: [0.9755671902268761, 0.5609756097560976]
2021-06-29 19:01:07.998209: I tensorflow/core/kernels/data/shuffle_dataset_op.cc:177] Filling up shuffle buffer (this may take a while): 641 of 2616
2021-06-29 19:01:18.084121: I tensorflow/core/kernels/data/shuffle_dataset_op.cc:177] Filling up shuffle buffer (this may take a while): 1313 of 2616
2021-06-29 19:01:28.222699: I tensorflow/core/kernels/data/shuffle_dataset_op.cc:177] Filling up shuffle buffer (this may take a while): 1873 of 2616
2021-06-29 19:01:38.016059: I tensorflow/core/kernels/data/shuffle_dataset_op.cc:177] Filling up shuffle buffer (this may take a while): 2385 of 2616
2021-06-29 19:01:48.523766: I tensorflow/core/kernels/data/shuffle_dataset_op.cc:177] Filling up shuffle buffer (this may take a while): 2482 of 2616
2021-06-29 19:01:58.138485: I tensorflow/core/kernels/data/shuffle_dataset_op.cc:177] Filling up shuffle buffer (this may take a while): 2513 of 2616
2021-06-29 19:02:08.111526: I tensorflow/core/kernels/data/shuffle_dataset_op.cc:177] Filling up shuffle buffer (this may take a while): 2550 of 2616
2021-06-29 19:02:18.251911: I tensorflow/core/kernels/data/shuffle_dataset_op.cc:177] Filling up shuffle buffer (this may take a while): 2592 of 2616
2021-06-29 19:02:25.496536: I tensorflow/core/kernels/data/shuffle_dataset_op.cc:230] Shuffle buffer filled.
The validation tracker metric at 0.6499999999999999 hasn't increased by 0 in 3 epochs
Epoch 17/65
164/164 - 154s - loss: 0.0299 - accuracy: 0.9396 - val_loss: 0.1934 - val_accuracy: 0.9511
Confusion matrix: 
 [[561  12]
 [ 18  23]]
/home/alirachidi/anaconda3/envs/LungSoundClass/lib/python3.7/site-packages/tensorflow/python/data/ops/dataset_ops.py:3504: UserWarning: Even though the tf.config.experimental_run_functions_eagerly option is set, this option does not apply to tf.data functions. tf.data functions are still traced and executed as graphs.
  "Even though the tf.config.experimental_run_functions_eagerly "
Normalized Confusion matrix: 
 [[0.979 0.021]
 [0.439 0.561]]
Validation f1: 60.53
Validation accuracy: 95.11
Validation recall: 56.10
Validation precision: 65.71
Validation AUC: 0.6077760962091517
Validation class accuracies: [0.9790575916230366, 0.5609756097560976]
2021-06-29 19:03:54.337507: I tensorflow/core/kernels/data/shuffle_dataset_op.cc:177] Filling up shuffle buffer (this may take a while): 481 of 2616
2021-06-29 19:04:04.386753: I tensorflow/core/kernels/data/shuffle_dataset_op.cc:177] Filling up shuffle buffer (this may take a while): 977 of 2616
2021-06-29 19:04:14.210794: I tensorflow/core/kernels/data/shuffle_dataset_op.cc:177] Filling up shuffle buffer (this may take a while): 1473 of 2616
2021-06-29 19:04:24.283546: I tensorflow/core/kernels/data/shuffle_dataset_op.cc:177] Filling up shuffle buffer (this may take a while): 1985 of 2616
2021-06-29 19:04:34.310222: I tensorflow/core/kernels/data/shuffle_dataset_op.cc:177] Filling up shuffle buffer (this may take a while): 2459 of 2616
2021-06-29 19:04:44.880963: I tensorflow/core/kernels/data/shuffle_dataset_op.cc:177] Filling up shuffle buffer (this may take a while): 2495 of 2616
2021-06-29 19:04:54.377987: I tensorflow/core/kernels/data/shuffle_dataset_op.cc:177] Filling up shuffle buffer (this may take a while): 2528 of 2616
2021-06-29 19:05:04.585026: I tensorflow/core/kernels/data/shuffle_dataset_op.cc:177] Filling up shuffle buffer (this may take a while): 2546 of 2616
2021-06-29 19:05:14.651589: I tensorflow/core/kernels/data/shuffle_dataset_op.cc:177] Filling up shuffle buffer (this may take a while): 2582 of 2616
2021-06-29 19:05:24.069359: I tensorflow/core/kernels/data/shuffle_dataset_op.cc:230] Shuffle buffer filled.
The validation tracker metric at 0.6499999999999999 hasn't increased by 0 in 4 epochs
Epoch 18/65
164/164 - 168s - loss: 0.0283 - accuracy: 0.9396 - val_loss: 0.2459 - val_accuracy: 0.9169
Confusion matrix: 
 [[535  38]
 [ 13  28]]
/home/alirachidi/anaconda3/envs/LungSoundClass/lib/python3.7/site-packages/tensorflow/python/data/ops/dataset_ops.py:3504: UserWarning: Even though the tf.config.experimental_run_functions_eagerly option is set, this option does not apply to tf.data functions. tf.data functions are still traced and executed as graphs.
  "Even though the tf.config.experimental_run_functions_eagerly "
Normalized Confusion matrix: 
 [[0.934 0.066]
 [0.317 0.683]]
Validation f1: 52.34
Validation accuracy: 91.69
Validation recall: 68.29
Validation precision: 42.42
Validation AUC: 0.6427125206605071
Validation class accuracies: [0.9336823734729494, 0.6829268292682927]
2021-06-29 19:06:55.724673: I tensorflow/core/kernels/data/shuffle_dataset_op.cc:177] Filling up shuffle buffer (this may take a while): 497 of 2616
2021-06-29 19:07:05.529995: I tensorflow/core/kernels/data/shuffle_dataset_op.cc:177] Filling up shuffle buffer (this may take a while): 993 of 2616
2021-06-29 19:07:15.714092: I tensorflow/core/kernels/data/shuffle_dataset_op.cc:177] Filling up shuffle buffer (this may take a while): 1505 of 2616
2021-06-29 19:07:25.895144: I tensorflow/core/kernels/data/shuffle_dataset_op.cc:177] Filling up shuffle buffer (this may take a while): 1921 of 2616
2021-06-29 19:07:35.627443: I tensorflow/core/kernels/data/shuffle_dataset_op.cc:177] Filling up shuffle buffer (this may take a while): 2321 of 2616
2021-06-29 19:07:45.531281: I tensorflow/core/kernels/data/shuffle_dataset_op.cc:177] Filling up shuffle buffer (this may take a while): 2491 of 2616
2021-06-29 19:07:55.713808: I tensorflow/core/kernels/data/shuffle_dataset_op.cc:177] Filling up shuffle buffer (this may take a while): 2535 of 2616
2021-06-29 19:08:05.696950: I tensorflow/core/kernels/data/shuffle_dataset_op.cc:177] Filling up shuffle buffer (this may take a while): 2575 of 2616
2021-06-29 19:08:15.717836: I tensorflow/core/kernels/data/shuffle_dataset_op.cc:177] Filling up shuffle buffer (this may take a while): 2610 of 2616
2021-06-29 19:08:17.761048: I tensorflow/core/kernels/data/shuffle_dataset_op.cc:230] Shuffle buffer filled.
The validation tracker metric at 0.6499999999999999 hasn't increased by 0 in 5 epochs
Epoch 19/65
164/164 - 159s - loss: 0.0279 - accuracy: 0.9396 - val_loss: 0.1993 - val_accuracy: 0.9332
Confusion matrix: 
 [[545  28]
 [ 13  28]]
/home/alirachidi/anaconda3/envs/LungSoundClass/lib/python3.7/site-packages/tensorflow/python/data/ops/dataset_ops.py:3504: UserWarning: Even though the tf.config.experimental_run_functions_eagerly option is set, this option does not apply to tf.data functions. tf.data functions are still traced and executed as graphs.
  "Even though the tf.config.experimental_run_functions_eagerly "
Normalized Confusion matrix: 
 [[0.951 0.049]
 [0.317 0.683]]
Validation f1: 57.73
Validation accuracy: 93.32
Validation recall: 68.29
Validation precision: 50.00
Validation AUC: 0.6557682240170509
Validation class accuracies: [0.9511343804537522, 0.6829268292682927]
2021-06-29 19:09:47.051867: I tensorflow/core/kernels/data/shuffle_dataset_op.cc:177] Filling up shuffle buffer (this may take a while): 385 of 2616
2021-06-29 19:09:57.155832: I tensorflow/core/kernels/data/shuffle_dataset_op.cc:177] Filling up shuffle buffer (this may take a while): 1073 of 2616
2021-06-29 19:10:07.083818: I tensorflow/core/kernels/data/shuffle_dataset_op.cc:177] Filling up shuffle buffer (this may take a while): 1729 of 2616
2021-06-29 19:10:17.122824: I tensorflow/core/kernels/data/shuffle_dataset_op.cc:177] Filling up shuffle buffer (this may take a while): 2417 of 2616
2021-06-29 19:10:27.460936: I tensorflow/core/kernels/data/shuffle_dataset_op.cc:177] Filling up shuffle buffer (this may take a while): 2490 of 2616
2021-06-29 19:10:37.072763: I tensorflow/core/kernels/data/shuffle_dataset_op.cc:177] Filling up shuffle buffer (this may take a while): 2533 of 2616
2021-06-29 19:10:47.176130: I tensorflow/core/kernels/data/shuffle_dataset_op.cc:177] Filling up shuffle buffer (this may take a while): 2574 of 2616
2021-06-29 19:10:56.254196: I tensorflow/core/kernels/data/shuffle_dataset_op.cc:230] Shuffle buffer filled.
The validation tracker metric at 0.6499999999999999 hasn't increased by 0 in 6 epochs
Lr has been adjusted to 0.0005000000237487257
Epoch 20/65
164/164 - 145s - loss: 0.0283 - accuracy: 0.9396 - val_loss: 0.1947 - val_accuracy: 0.9463
Confusion matrix: 
 [[555  18]
 [ 15  26]]
/home/alirachidi/anaconda3/envs/LungSoundClass/lib/python3.7/site-packages/tensorflow/python/data/ops/dataset_ops.py:3504: UserWarning: Even though the tf.config.experimental_run_functions_eagerly option is set, this option does not apply to tf.data functions. tf.data functions are still traced and executed as graphs.
  "Even though the tf.config.experimental_run_functions_eagerly "
Normalized Confusion matrix: 
 [[0.969 0.031]
 [0.366 0.634]]
Validation f1: 61.18
Validation accuracy: 94.63
Validation recall: 63.41
Validation precision: 59.09
Validation AUC: 0.6476730796595571
Validation class accuracies: [0.9685863874345549, 0.6341463414634146]
2021-06-29 19:12:21.358564: I tensorflow/core/kernels/data/shuffle_dataset_op.cc:177] Filling up shuffle buffer (this may take a while): 673 of 2616
2021-06-29 19:12:31.473769: I tensorflow/core/kernels/data/shuffle_dataset_op.cc:177] Filling up shuffle buffer (this may take a while): 1361 of 2616
2021-06-29 19:12:41.471885: I tensorflow/core/kernels/data/shuffle_dataset_op.cc:177] Filling up shuffle buffer (this may take a while): 2033 of 2616
2021-06-29 19:12:51.445052: I tensorflow/core/kernels/data/shuffle_dataset_op.cc:177] Filling up shuffle buffer (this may take a while): 2471 of 2616
2021-06-29 19:13:01.858539: I tensorflow/core/kernels/data/shuffle_dataset_op.cc:177] Filling up shuffle buffer (this may take a while): 2503 of 2616
2021-06-29 19:13:11.334512: I tensorflow/core/kernels/data/shuffle_dataset_op.cc:177] Filling up shuffle buffer (this may take a while): 2534 of 2616
2021-06-29 19:13:21.444247: I tensorflow/core/kernels/data/shuffle_dataset_op.cc:177] Filling up shuffle buffer (this may take a while): 2576 of 2616
2021-06-29 19:13:30.336513: I tensorflow/core/kernels/data/shuffle_dataset_op.cc:230] Shuffle buffer filled.
The validation tracker metric at 0.6499999999999999 hasn't increased by 0 in 7 epochs
Epoch 21/65
164/164 - 142s - loss: 0.0271 - accuracy: 0.9396 - val_loss: 0.1913 - val_accuracy: 0.9446
Confusion matrix: 
 [[553  20]
 [ 14  27]]
/home/alirachidi/anaconda3/envs/LungSoundClass/lib/python3.7/site-packages/tensorflow/python/data/ops/dataset_ops.py:3504: UserWarning: Even though the tf.config.experimental_run_functions_eagerly option is set, this option does not apply to tf.data functions. tf.data functions are still traced and executed as graphs.
  "Even though the tf.config.experimental_run_functions_eagerly "
Normalized Confusion matrix: 
 [[0.965 0.035]
 [0.341 0.659]]
Validation f1: 61.36
Validation accuracy: 94.46
Validation recall: 65.85
Validation precision: 57.45
Validation AUC: 0.6766562983320327
Validation class accuracies: [0.9650959860383944, 0.6585365853658537]
2021-06-29 19:14:53.157701: I tensorflow/core/kernels/data/shuffle_dataset_op.cc:177] Filling up shuffle buffer (this may take a while): 689 of 2616
2021-06-29 19:15:03.282009: I tensorflow/core/kernels/data/shuffle_dataset_op.cc:177] Filling up shuffle buffer (this may take a while): 1409 of 2616
2021-06-29 19:15:13.268262: I tensorflow/core/kernels/data/shuffle_dataset_op.cc:177] Filling up shuffle buffer (this may take a while): 2113 of 2616
2021-06-29 19:15:23.246898: I tensorflow/core/kernels/data/shuffle_dataset_op.cc:177] Filling up shuffle buffer (this may take a while): 2479 of 2616
2021-06-29 19:15:33.286954: I tensorflow/core/kernels/data/shuffle_dataset_op.cc:177] Filling up shuffle buffer (this may take a while): 2528 of 2616
2021-06-29 19:15:43.306256: I tensorflow/core/kernels/data/shuffle_dataset_op.cc:177] Filling up shuffle buffer (this may take a while): 2569 of 2616
2021-06-29 19:15:53.175703: I tensorflow/core/kernels/data/shuffle_dataset_op.cc:177] Filling up shuffle buffer (this may take a while): 2615 of 2616
2021-06-29 19:15:53.291867: I tensorflow/core/kernels/data/shuffle_dataset_op.cc:230] Shuffle buffer filled.
The validation tracker metric at 0.6499999999999999 hasn't increased by 0 in 8 epochs
Epoch 22/65
164/164 - 134s - loss: 0.0273 - accuracy: 0.9396 - val_loss: 0.1945 - val_accuracy: 0.9446
Confusion matrix: 
 [[553  20]
 [ 14  27]]
Normalized Confusion matrix: 
 [[0.965 0.035]
 [0.341 0.659]]
/home/alirachidi/anaconda3/envs/LungSoundClass/lib/python3.7/site-packages/tensorflow/python/data/ops/dataset_ops.py:3504: UserWarning: Even though the tf.config.experimental_run_functions_eagerly option is set, this option does not apply to tf.data functions. tf.data functions are still traced and executed as graphs.
  "Even though the tf.config.experimental_run_functions_eagerly "
Validation f1: 61.36
Validation accuracy: 94.46
Validation recall: 65.85
Validation precision: 57.45
Validation AUC: 0.6469526190487748
Validation class accuracies: [0.9650959860383944, 0.6585365853658537]
2021-06-29 19:17:16.309025: I tensorflow/core/kernels/data/shuffle_dataset_op.cc:177] Filling up shuffle buffer (this may take a while): 705 of 2616
2021-06-29 19:17:26.235042: I tensorflow/core/kernels/data/shuffle_dataset_op.cc:177] Filling up shuffle buffer (this may take a while): 1409 of 2616
2021-06-29 19:17:36.231971: I tensorflow/core/kernels/data/shuffle_dataset_op.cc:177] Filling up shuffle buffer (this may take a while): 2113 of 2616
2021-06-29 19:17:46.292349: I tensorflow/core/kernels/data/shuffle_dataset_op.cc:177] Filling up shuffle buffer (this may take a while): 2477 of 2616
2021-06-29 19:17:56.131202: I tensorflow/core/kernels/data/shuffle_dataset_op.cc:177] Filling up shuffle buffer (this may take a while): 2520 of 2616
2021-06-29 19:18:06.314017: I tensorflow/core/kernels/data/shuffle_dataset_op.cc:177] Filling up shuffle buffer (this may take a while): 2569 of 2616
2021-06-29 19:18:16.417456: I tensorflow/core/kernels/data/shuffle_dataset_op.cc:177] Filling up shuffle buffer (this may take a while): 2615 of 2616
2021-06-29 19:18:16.524871: I tensorflow/core/kernels/data/shuffle_dataset_op.cc:230] Shuffle buffer filled.
The validation tracker metric at 0.6499999999999999 hasn't increased by 0 in 9 epochs
Epoch 23/65
164/164 - 134s - loss: 0.0270 - accuracy: 0.9396 - val_loss: 0.2315 - val_accuracy: 0.9251
Confusion matrix: 
 [[537  36]
 [ 10  31]]
/home/alirachidi/anaconda3/envs/LungSoundClass/lib/python3.7/site-packages/tensorflow/python/data/ops/dataset_ops.py:3504: UserWarning: Even though the tf.config.experimental_run_functions_eagerly option is set, this option does not apply to tf.data functions. tf.data functions are still traced and executed as graphs.
  "Even though the tf.config.experimental_run_functions_eagerly "
Normalized Confusion matrix: 
 [[0.937 0.063]
 [0.244 0.756]]
Validation f1: 57.41
Validation accuracy: 92.51
Validation recall: 75.61
Validation precision: 46.27
Validation AUC: 0.6637063956041845
Validation class accuracies: [0.93717277486911, 0.7560975609756098]
2021-06-29 19:19:39.908624: I tensorflow/core/kernels/data/shuffle_dataset_op.cc:177] Filling up shuffle buffer (this may take a while): 673 of 2616
2021-06-29 19:19:50.087421: I tensorflow/core/kernels/data/shuffle_dataset_op.cc:177] Filling up shuffle buffer (this may take a while): 1377 of 2616
2021-06-29 19:20:00.061859: I tensorflow/core/kernels/data/shuffle_dataset_op.cc:177] Filling up shuffle buffer (this may take a while): 2081 of 2616
2021-06-29 19:20:10.357993: I tensorflow/core/kernels/data/shuffle_dataset_op.cc:177] Filling up shuffle buffer (this may take a while): 2476 of 2616
2021-06-29 19:20:20.280900: I tensorflow/core/kernels/data/shuffle_dataset_op.cc:177] Filling up shuffle buffer (this may take a while): 2515 of 2616
2021-06-29 19:20:29.939940: I tensorflow/core/kernels/data/shuffle_dataset_op.cc:177] Filling up shuffle buffer (this may take a while): 2558 of 2616
2021-06-29 19:20:40.721505: I tensorflow/core/kernels/data/shuffle_dataset_op.cc:177] Filling up shuffle buffer (this may take a while): 2614 of 2616
2021-06-29 19:20:41.328685: I tensorflow/core/kernels/data/shuffle_dataset_op.cc:230] Shuffle buffer filled.
The validation tracker metric at 0.6499999999999999 hasn't increased by 0 in 10 epochs
Epoch 24/65
164/164 - 136s - loss: 0.0270 - accuracy: 0.9396 - val_loss: 0.1936 - val_accuracy: 0.9528
Confusion matrix: 
 [[559  14]
 [ 15  26]]
/home/alirachidi/anaconda3/envs/LungSoundClass/lib/python3.7/site-packages/tensorflow/python/data/ops/dataset_ops.py:3504: UserWarning: Even though the tf.config.experimental_run_functions_eagerly option is set, this option does not apply to tf.data functions. tf.data functions are still traced and executed as graphs.
  "Even though the tf.config.experimental_run_functions_eagerly "
Normalized Confusion matrix: 
 [[0.976 0.024]
 [0.366 0.634]]
Validation f1: 64.20
Validation accuracy: 95.28
Validation recall: 63.41
Validation precision: 65.00
Validation AUC: 0.6799813950042178
Validation class accuracies: [0.9755671902268761, 0.6341463414634146]
2021-06-29 19:22:04.847399: I tensorflow/core/kernels/data/shuffle_dataset_op.cc:177] Filling up shuffle buffer (this may take a while): 689 of 2616
2021-06-29 19:22:14.791185: I tensorflow/core/kernels/data/shuffle_dataset_op.cc:177] Filling up shuffle buffer (this may take a while): 1393 of 2616
2021-06-29 19:22:24.899006: I tensorflow/core/kernels/data/shuffle_dataset_op.cc:177] Filling up shuffle buffer (this may take a while): 2113 of 2616
2021-06-29 19:22:34.959121: I tensorflow/core/kernels/data/shuffle_dataset_op.cc:177] Filling up shuffle buffer (this may take a while): 2480 of 2616
2021-06-29 19:22:44.811948: I tensorflow/core/kernels/data/shuffle_dataset_op.cc:177] Filling up shuffle buffer (this may take a while): 2523 of 2616
2021-06-29 19:22:54.772713: I tensorflow/core/kernels/data/shuffle_dataset_op.cc:177] Filling up shuffle buffer (this may take a while): 2567 of 2616
2021-06-29 19:23:05.176146: I tensorflow/core/kernels/data/shuffle_dataset_op.cc:177] Filling up shuffle buffer (this may take a while): 2615 of 2616
2021-06-29 19:23:05.177477: I tensorflow/core/kernels/data/shuffle_dataset_op.cc:230] Shuffle buffer filled.
The validation tracker metric at 0.6499999999999999 hasn't increased by 0 in 11 epochs
Epoch 25/65
164/164 - 134s - loss: 0.0256 - accuracy: 0.9396 - val_loss: 0.2243 - val_accuracy: 0.9365
Confusion matrix: 
 [[545  28]
 [ 11  30]]
/home/alirachidi/anaconda3/envs/LungSoundClass/lib/python3.7/site-packages/tensorflow/python/data/ops/dataset_ops.py:3504: UserWarning: Even though the tf.config.experimental_run_functions_eagerly option is set, this option does not apply to tf.data functions. tf.data functions are still traced and executed as graphs.
  "Even though the tf.config.experimental_run_functions_eagerly "
Normalized Confusion matrix: 
 [[0.951 0.049]
 [0.268 0.732]]
Validation f1: 60.61
Validation accuracy: 93.65
Validation recall: 73.17
Validation precision: 51.72
Validation AUC: 0.6855061183502827
Validation class accuracies: [0.9511343804537522, 0.7317073170731707]
2021-06-29 19:24:28.410492: I tensorflow/core/kernels/data/shuffle_dataset_op.cc:177] Filling up shuffle buffer (this may take a while): 689 of 2616
2021-06-29 19:24:38.417790: I tensorflow/core/kernels/data/shuffle_dataset_op.cc:177] Filling up shuffle buffer (this may take a while): 1393 of 2616
2021-06-29 19:24:48.332516: I tensorflow/core/kernels/data/shuffle_dataset_op.cc:177] Filling up shuffle buffer (this may take a while): 2097 of 2616
2021-06-29 19:24:58.373699: I tensorflow/core/kernels/data/shuffle_dataset_op.cc:177] Filling up shuffle buffer (this may take a while): 2477 of 2616
2021-06-29 19:25:08.456937: I tensorflow/core/kernels/data/shuffle_dataset_op.cc:177] Filling up shuffle buffer (this may take a while): 2520 of 2616
2021-06-29 19:25:18.483983: I tensorflow/core/kernels/data/shuffle_dataset_op.cc:177] Filling up shuffle buffer (this may take a while): 2565 of 2616
2021-06-29 19:25:28.345244: I tensorflow/core/kernels/data/shuffle_dataset_op.cc:177] Filling up shuffle buffer (this may take a while): 2610 of 2616
2021-06-29 19:25:29.403213: I tensorflow/core/kernels/data/shuffle_dataset_op.cc:230] Shuffle buffer filled.
The validation tracker metric at 0.6499999999999999 hasn't increased by 0 in 12 epochs
Lr has been adjusted to 0.0002500000118743628
Epoch 26/65
164/164 - 135s - loss: 0.0273 - accuracy: 0.9396 - val_loss: 0.1847 - val_accuracy: 0.9414
Confusion matrix: 
 [[549  24]
 [ 12  29]]
/home/alirachidi/anaconda3/envs/LungSoundClass/lib/python3.7/site-packages/tensorflow/python/data/ops/dataset_ops.py:3504: UserWarning: Even though the tf.config.experimental_run_functions_eagerly option is set, this option does not apply to tf.data functions. tf.data functions are still traced and executed as graphs.
  "Even though the tf.config.experimental_run_functions_eagerly "
Normalized Confusion matrix: 
 [[0.958 0.042]
 [0.293 0.707]]
Validation f1: 61.70
Validation accuracy: 94.14
Validation recall: 70.73
Validation precision: 54.72
Validation AUC: 0.6934331808738693
Validation class accuracies: [0.9581151832460733, 0.7073170731707317]
2021-06-29 19:26:52.993785: I tensorflow/core/kernels/data/shuffle_dataset_op.cc:177] Filling up shuffle buffer (this may take a while): 689 of 2616
2021-06-29 19:27:02.946658: I tensorflow/core/kernels/data/shuffle_dataset_op.cc:177] Filling up shuffle buffer (this may take a while): 1377 of 2616
2021-06-29 19:27:12.844658: I tensorflow/core/kernels/data/shuffle_dataset_op.cc:177] Filling up shuffle buffer (this may take a while): 2081 of 2616
2021-06-29 19:27:23.168336: I tensorflow/core/kernels/data/shuffle_dataset_op.cc:177] Filling up shuffle buffer (this may take a while): 2476 of 2616
2021-06-29 19:27:33.058103: I tensorflow/core/kernels/data/shuffle_dataset_op.cc:177] Filling up shuffle buffer (this may take a while): 2529 of 2616
2021-06-29 19:27:42.993119: I tensorflow/core/kernels/data/shuffle_dataset_op.cc:177] Filling up shuffle buffer (this may take a while): 2573 of 2616
2021-06-29 19:27:52.940342: I tensorflow/core/kernels/data/shuffle_dataset_op.cc:177] Filling up shuffle buffer (this may take a while): 2612 of 2616
2021-06-29 19:27:53.535055: I tensorflow/core/kernels/data/shuffle_dataset_op.cc:230] Shuffle buffer filled.
The validation tracker metric at 0.6499999999999999 hasn't increased by 0 in 13 epochs
Epoch 27/65
164/164 - 135s - loss: 0.0267 - accuracy: 0.9396 - val_loss: 0.1913 - val_accuracy: 0.9365
Confusion matrix: 
 [[547  26]
 [ 13  28]]
/home/alirachidi/anaconda3/envs/LungSoundClass/lib/python3.7/site-packages/tensorflow/python/data/ops/dataset_ops.py:3504: UserWarning: Even though the tf.config.experimental_run_functions_eagerly option is set, this option does not apply to tf.data functions. tf.data functions are still traced and executed as graphs.
  "Even though the tf.config.experimental_run_functions_eagerly "
Normalized Confusion matrix: 
 [[0.955 0.045]
 [0.317 0.683]]
Validation f1: 58.95
Validation accuracy: 93.65
Validation recall: 68.29
Validation precision: 51.85
Validation AUC: 0.659428447727595
Validation class accuracies: [0.9546247818499127, 0.6829268292682927]
2021-06-29 19:29:17.143004: I tensorflow/core/kernels/data/shuffle_dataset_op.cc:177] Filling up shuffle buffer (this may take a while): 689 of 2616
2021-06-29 19:29:27.293105: I tensorflow/core/kernels/data/shuffle_dataset_op.cc:177] Filling up shuffle buffer (this may take a while): 1409 of 2616
2021-06-29 19:29:37.269124: I tensorflow/core/kernels/data/shuffle_dataset_op.cc:177] Filling up shuffle buffer (this may take a while): 2129 of 2616
2021-06-29 19:29:47.308045: I tensorflow/core/kernels/data/shuffle_dataset_op.cc:177] Filling up shuffle buffer (this may take a while): 2479 of 2616
2021-06-29 19:29:57.377672: I tensorflow/core/kernels/data/shuffle_dataset_op.cc:177] Filling up shuffle buffer (this may take a while): 2526 of 2616
2021-06-29 19:30:07.318320: I tensorflow/core/kernels/data/shuffle_dataset_op.cc:177] Filling up shuffle buffer (this may take a while): 2564 of 2616
2021-06-29 19:30:17.202195: I tensorflow/core/kernels/data/shuffle_dataset_op.cc:177] Filling up shuffle buffer (this may take a while): 2615 of 2616
2021-06-29 19:30:17.430482: I tensorflow/core/kernels/data/shuffle_dataset_op.cc:230] Shuffle buffer filled.
The validation tracker metric at 0.6499999999999999 hasn't increased by 0 in 14 epochs
Epoch 28/65
164/164 - 134s - loss: 0.0263 - accuracy: 0.9396 - val_loss: 0.1914 - val_accuracy: 0.9365
Confusion matrix: 
 [[547  26]
 [ 13  28]]
Normalized Confusion matrix: 
 [[0.955 0.045]
 [0.317 0.683]]
/home/alirachidi/anaconda3/envs/LungSoundClass/lib/python3.7/site-packages/tensorflow/python/data/ops/dataset_ops.py:3504: UserWarning: Even though the tf.config.experimental_run_functions_eagerly option is set, this option does not apply to tf.data functions. tf.data functions are still traced and executed as graphs.
  "Even though the tf.config.experimental_run_functions_eagerly "
Validation f1: 58.95
Validation accuracy: 93.65
Validation recall: 68.29
Validation precision: 51.85
Validation AUC: 0.6589871124332257
Validation class accuracies: [0.9546247818499127, 0.6829268292682927]
2021-06-29 19:31:40.648946: I tensorflow/core/kernels/data/shuffle_dataset_op.cc:177] Filling up shuffle buffer (this may take a while): 689 of 2616
2021-06-29 19:31:50.560311: I tensorflow/core/kernels/data/shuffle_dataset_op.cc:177] Filling up shuffle buffer (this may take a while): 1382 of 2616
2021-06-29 19:32:00.670456: I tensorflow/core/kernels/data/shuffle_dataset_op.cc:177] Filling up shuffle buffer (this may take a while): 2081 of 2616
2021-06-29 19:32:11.231972: I tensorflow/core/kernels/data/shuffle_dataset_op.cc:177] Filling up shuffle buffer (this may take a while): 2472 of 2616
2021-06-29 19:32:20.652026: I tensorflow/core/kernels/data/shuffle_dataset_op.cc:177] Filling up shuffle buffer (this may take a while): 2515 of 2616
2021-06-29 19:32:30.648110: I tensorflow/core/kernels/data/shuffle_dataset_op.cc:177] Filling up shuffle buffer (this may take a while): 2553 of 2616
2021-06-29 19:32:40.650340: I tensorflow/core/kernels/data/shuffle_dataset_op.cc:177] Filling up shuffle buffer (this may take a while): 2605 of 2616
2021-06-29 19:32:41.948382: I tensorflow/core/kernels/data/shuffle_dataset_op.cc:230] Shuffle buffer filled.
The validation tracker metric at 0.6499999999999999 hasn't increased by 0 in 15 epochs
Epoch 29/65
164/164 - 135s - loss: 0.0261 - accuracy: 0.9396 - val_loss: 0.1851 - val_accuracy: 0.9463
Confusion matrix: 
 [[554  19]
 [ 14  27]]
/home/alirachidi/anaconda3/envs/LungSoundClass/lib/python3.7/site-packages/tensorflow/python/data/ops/dataset_ops.py:3504: UserWarning: Even though the tf.config.experimental_run_functions_eagerly option is set, this option does not apply to tf.data functions. tf.data functions are still traced and executed as graphs.
  "Even though the tf.config.experimental_run_functions_eagerly "
Normalized Confusion matrix: 
 [[0.967 0.033]
 [0.341 0.659]]
Validation f1: 62.07
Validation accuracy: 94.63
Validation recall: 65.85
Validation precision: 58.70
Validation AUC: 0.6611716012059293
Validation class accuracies: [0.9668411867364747, 0.6585365853658537]
2021-06-29 19:34:04.924038: I tensorflow/core/kernels/data/shuffle_dataset_op.cc:177] Filling up shuffle buffer (this may take a while): 689 of 2616
2021-06-29 19:34:15.067024: I tensorflow/core/kernels/data/shuffle_dataset_op.cc:177] Filling up shuffle buffer (this may take a while): 1409 of 2616
2021-06-29 19:34:24.945567: I tensorflow/core/kernels/data/shuffle_dataset_op.cc:177] Filling up shuffle buffer (this may take a while): 2113 of 2616
2021-06-29 19:34:35.092047: I tensorflow/core/kernels/data/shuffle_dataset_op.cc:177] Filling up shuffle buffer (this may take a while): 2480 of 2616
2021-06-29 19:34:44.929528: I tensorflow/core/kernels/data/shuffle_dataset_op.cc:177] Filling up shuffle buffer (this may take a while): 2523 of 2616
2021-06-29 19:34:55.223822: I tensorflow/core/kernels/data/shuffle_dataset_op.cc:177] Filling up shuffle buffer (this may take a while): 2567 of 2616
2021-06-29 19:35:04.791257: I tensorflow/core/kernels/data/shuffle_dataset_op.cc:230] Shuffle buffer filled.
The validation tracker metric at 0.6499999999999999 hasn't increased by 0 in 16 epochs
Epoch 30/65
164/164 - 135s - loss: 0.0272 - accuracy: 0.9396 - val_loss: 0.1763 - val_accuracy: 0.9446
Confusion matrix: 
 [[554  19]
 [ 15  26]]
/home/alirachidi/anaconda3/envs/LungSoundClass/lib/python3.7/site-packages/tensorflow/python/data/ops/dataset_ops.py:3504: UserWarning: Even though the tf.config.experimental_run_functions_eagerly option is set, this option does not apply to tf.data functions. tf.data functions are still traced and executed as graphs.
  "Even though the tf.config.experimental_run_functions_eagerly "
Normalized Confusion matrix: 
 [[0.967 0.033]
 [0.366 0.634]]
Validation f1: 60.47
Validation accuracy: 94.46
Validation recall: 63.41
Validation precision: 57.78
Validation AUC: 0.6757314331070697
Validation class accuracies: [0.9668411867364747, 0.6341463414634146]
2021-06-29 19:36:29.045957: I tensorflow/core/kernels/data/shuffle_dataset_op.cc:177] Filling up shuffle buffer (this may take a while): 689 of 2616
2021-06-29 19:36:38.911216: I tensorflow/core/kernels/data/shuffle_dataset_op.cc:177] Filling up shuffle buffer (this may take a while): 1393 of 2616
2021-06-29 19:36:49.051041: I tensorflow/core/kernels/data/shuffle_dataset_op.cc:177] Filling up shuffle buffer (this may take a while): 2113 of 2616
2021-06-29 19:36:58.925993: I tensorflow/core/kernels/data/shuffle_dataset_op.cc:177] Filling up shuffle buffer (this may take a while): 2481 of 2616
2021-06-29 19:37:08.976856: I tensorflow/core/kernels/data/shuffle_dataset_op.cc:177] Filling up shuffle buffer (this may take a while): 2526 of 2616
2021-06-29 19:37:18.955119: I tensorflow/core/kernels/data/shuffle_dataset_op.cc:177] Filling up shuffle buffer (this may take a while): 2573 of 2616
2021-06-29 19:37:28.854722: I tensorflow/core/kernels/data/shuffle_dataset_op.cc:230] Shuffle buffer filled.
The validation tracker metric at 0.6499999999999999 hasn't increased by 0 in 17 epochs
Epoch 31/65
164/164 - 134s - loss: 0.0254 - accuracy: 0.9396 - val_loss: 0.1920 - val_accuracy: 0.9414
Confusion matrix: 
 [[551  22]
 [ 14  27]]
/home/alirachidi/anaconda3/envs/LungSoundClass/lib/python3.7/site-packages/tensorflow/python/data/ops/dataset_ops.py:3504: UserWarning: Even though the tf.config.experimental_run_functions_eagerly option is set, this option does not apply to tf.data functions. tf.data functions are still traced and executed as graphs.
  "Even though the tf.config.experimental_run_functions_eagerly "
Normalized Confusion matrix: 
 [[0.962 0.038]
 [0.341 0.659]]
Validation f1: 60.00
Validation accuracy: 94.14
Validation recall: 65.85
Validation precision: 55.10
Validation AUC: 0.6752297808458531
Validation class accuracies: [0.9616055846422339, 0.6585365853658537]
2021-06-29 19:38:51.650374: I tensorflow/core/kernels/data/shuffle_dataset_op.cc:177] Filling up shuffle buffer (this may take a while): 705 of 2616
2021-06-29 19:39:01.651109: I tensorflow/core/kernels/data/shuffle_dataset_op.cc:177] Filling up shuffle buffer (this may take a while): 1441 of 2616
2021-06-29 19:39:11.766448: I tensorflow/core/kernels/data/shuffle_dataset_op.cc:177] Filling up shuffle buffer (this may take a while): 2177 of 2616
2021-06-29 19:39:21.934543: I tensorflow/core/kernels/data/shuffle_dataset_op.cc:177] Filling up shuffle buffer (this may take a while): 2482 of 2616
2021-06-29 19:39:32.302959: I tensorflow/core/kernels/data/shuffle_dataset_op.cc:177] Filling up shuffle buffer (this may take a while): 2535 of 2616
2021-06-29 19:39:41.832944: I tensorflow/core/kernels/data/shuffle_dataset_op.cc:177] Filling up shuffle buffer (this may take a while): 2579 of 2616
2021-06-29 19:39:50.696418: I tensorflow/core/kernels/data/shuffle_dataset_op.cc:230] Shuffle buffer filled.
The validation tracker metric at 0.6499999999999999 hasn't increased by 0 in 18 epochs
Lr has been adjusted to 0.0001250000059371814
Epoch 32/65
164/164 - 133s - loss: 0.0253 - accuracy: 0.9396 - val_loss: 0.1902 - val_accuracy: 0.9511
Confusion matrix: 
 [[557  16]
 [ 14  27]]
/home/alirachidi/anaconda3/envs/LungSoundClass/lib/python3.7/site-packages/tensorflow/python/data/ops/dataset_ops.py:3504: UserWarning: Even though the tf.config.experimental_run_functions_eagerly option is set, this option does not apply to tf.data functions. tf.data functions are still traced and executed as graphs.
  "Even though the tf.config.experimental_run_functions_eagerly "
Normalized Confusion matrix: 
 [[0.972 0.028]
 [0.341 0.659]]
Validation f1: 64.29
Validation accuracy: 95.11
Validation recall: 65.85
Validation precision: 62.79
Validation AUC: 0.6626544394212872
Validation class accuracies: [0.9720767888307156, 0.6585365853658537]
2021-06-29 19:41:13.932976: I tensorflow/core/kernels/data/shuffle_dataset_op.cc:177] Filling up shuffle buffer (this may take a while): 689 of 2616
2021-06-29 19:41:24.036336: I tensorflow/core/kernels/data/shuffle_dataset_op.cc:177] Filling up shuffle buffer (this may take a while): 1393 of 2616
2021-06-29 19:41:34.001598: I tensorflow/core/kernels/data/shuffle_dataset_op.cc:177] Filling up shuffle buffer (this may take a while): 2097 of 2616
2021-06-29 19:41:44.322387: I tensorflow/core/kernels/data/shuffle_dataset_op.cc:177] Filling up shuffle buffer (this may take a while): 2479 of 2616
2021-06-29 19:41:54.077163: I tensorflow/core/kernels/data/shuffle_dataset_op.cc:177] Filling up shuffle buffer (this may take a while): 2520 of 2616
2021-06-29 19:42:04.046339: I tensorflow/core/kernels/data/shuffle_dataset_op.cc:177] Filling up shuffle buffer (this may take a while): 2562 of 2616
2021-06-29 19:42:13.916070: I tensorflow/core/kernels/data/shuffle_dataset_op.cc:177] Filling up shuffle buffer (this may take a while): 2605 of 2616
2021-06-29 19:42:16.233505: I tensorflow/core/kernels/data/shuffle_dataset_op.cc:230] Shuffle buffer filled.
The validation tracker metric at 0.6499999999999999 hasn't increased by 0 in 19 epochs
Epoch 33/65
164/164 - 137s - loss: 0.0255 - accuracy: 0.9396 - val_loss: 0.1896 - val_accuracy: 0.9397
Confusion matrix: 
 [[550  23]
 [ 14  27]]
Normalized Confusion matrix: 
 [[0.96  0.04 ]
 [0.341 0.659]]
/home/alirachidi/anaconda3/envs/LungSoundClass/lib/python3.7/site-packages/tensorflow/python/data/ops/dataset_ops.py:3504: UserWarning: Even though the tf.config.experimental_run_functions_eagerly option is set, this option does not apply to tf.data functions. tf.data functions are still traced and executed as graphs.
  "Even though the tf.config.experimental_run_functions_eagerly "
Validation f1: 59.34
Validation accuracy: 93.97
Validation recall: 65.85
Validation precision: 54.00
Validation AUC: 0.6588422749258894
Validation class accuracies: [0.9598603839441536, 0.6585365853658537]

The metrics for job 0 with the best target metric are: 
Best cm: [[560  13]
 [ 15  26]]
Best normalized cm: [[0.977 0.023]
 [0.366 0.634]]
Best f1: 0.65
Best accuracy: 0.95
Best recall: 0.63
Best precision: 0.67
Best AUC: 0.67
Best class accuracies: [0.9773123909249564, 0.6341463414634146]
Best epoch: 13
The number of epochs since last 1% equals the patience
../../new_cache/conv__2272__06_1814__v39__mixup/0/icbhi_213_1p3_Pl_mc_AKGC417L_3_label_0_pred_0.png, [[0.012]]
../../new_cache/conv__2272__06_1814__v39__mixup/0/icbhi_213_1p2_Ar_mc_AKGC417L_2_label_0_pred_0.png, [[0.002]]
../../new_cache/conv__2272__06_1814__v39__mixup/0/icbhi_207_3b2_Al_mc_AKGC417L_0_label_0_pred_0.png, [[4.293e-05]]
../../new_cache/conv__2272__06_1814__v39__mixup/0/icbhi_221_2b3_Pr_mc_LittC2SE_3_label_0_pred_0.png, [[0.049]]
../../new_cache/conv__2272__06_1814__v39__mixup/0/icbhi_213_1p2_Pl_mc_AKGC417L_2_label_0_pred_0.png, [[0.002]]
../../new_cache/conv__2272__06_1814__v39__mixup/0/icbhi_213_1p5_Tc_mc_AKGC417L_3_label_0_pred_0.png, [[0.009]]
../../new_cache/conv__2272__06_1814__v39__mixup/0/icbhi_205_4b2_Al_mc_AKGC417L_1_label_0_pred_0.png, [[0.]]
../../new_cache/conv__2272__06_1814__v39__mixup/0/icbhi_218_1p1_Pr_sc_Litt3200_0_label_0_pred_0.png, [[0.011]]
../../new_cache/conv__2272__06_1814__v39__mixup/0/icbhi_204_2b5_Al_mc_AKGC417L_3_label_0_pred_0.png, [[0.013]]
../../new_cache/conv__2272__06_1814__v39__mixup/0/icbhi_221_2b3_Al_mc_LittC2SE_3_label_0_pred_0.png, [[0.216]]
../../new_cache/conv__2272__06_1814__v39__mixup/0/icbhi_213_1p3_Pr_mc_AKGC417L_3_label_0_pred_0.png, [[0.001]]
../../new_cache/conv__2272__06_1814__v39__mixup/0/icbhi_205_2b3_Ll_mc_AKGC417L_2_label_0_pred_0.png, [[3.657e-05]]
../../new_cache/conv__2272__06_1814__v39__mixup/0/icbhi_207_3b2_Tc_mc_AKGC417L_1_label_0_pred_0.png, [[0.]]
../../new_cache/conv__2272__06_1814__v39__mixup/0/icbhi_222_1b1_Pr_sc_Meditron_3_label_0_pred_0.png, [[0.]]
../../new_cache/conv__2272__06_1814__v39__mixup/0/icbhi_216_1b1_Pl_sc_Meditron_3_label_0_pred_0.png, [[0.013]]
../../new_cache/conv__2272__06_1814__v39__mixup/0/icbhi_207_3b2_Ar_mc_AKGC417L_3_label_0_pred_0.png, [[0.005]]
../../new_cache/conv__2272__06_1814__v39__mixup/0/icbhi_221_2b1_Ar_mc_LittC2SE_1_label_0_pred_0.png, [[0.078]]
../../new_cache/conv__2272__06_1814__v39__mixup/0/icbhi_203_2p3_Pr_mc_AKGC417L_2_label_0_pred_0.png, [[0.001]]
../../new_cache/conv__2272__06_1814__v39__mixup/0/icbhi_211_1p2_Pl_mc_AKGC417L_2_label_0_pred_0.png, [[0.001]]
../../new_cache/conv__2272__06_1814__v39__mixup/0/icbhi_211_1p2_Ar_mc_AKGC417L_3_label_0_pred_0.png, [[0.02]]
../../new_cache/conv__2272__06_1814__v39__mixup/0/icbhi_213_2p2_Pl_mc_AKGC417L_1_label_0_pred_0.png, [[0.001]]
../../new_cache/conv__2272__06_1814__v39__mixup/0/icbhi_223_1b1_Pr_sc_Meditron_0_label_0_pred_0.png, [[0.026]]
../../new_cache/conv__2272__06_1814__v39__mixup/0/icbhi_220_1b1_Tc_mc_LittC2SE_0_label_0_pred_0.png, [[5.465e-05]]
../../new_cache/conv__2272__06_1814__v39__mixup/0/icbhi_218_1b1_Pl_sc_Meditron_2_label_0_pred_0.png, [[6.449e-05]]
../../new_cache/conv__2272__06_1814__v39__mixup/0/icbhi_213_1p3_Pr_mc_AKGC417L_1_label_0_pred_0.png, [[2.995e-05]]
../../new_cache/conv__2272__06_1814__v39__mixup/0/icbhi_218_1b1_Al_sc_Meditron_11_label_0_pred_0.png, [[0.024]]
../../new_cache/conv__2272__06_1814__v39__mixup/0/icbhi_214_1b1_Ar_sc_Meditron_2_label_0_pred_0.png, [[7.798e-05]]
../../new_cache/conv__2272__06_1814__v39__mixup/0/icbhi_218_1b1_Al_sc_Meditron_5_label_0_pred_0.png, [[0.001]]
../../new_cache/conv__2272__06_1814__v39__mixup/0/icbhi_216_1b1_Pl_sc_Meditron_2_label_0_pred_0.png, [[0.007]]
../../new_cache/conv__2272__06_1814__v39__mixup/0/icbhi_222_1b1_Lr_sc_Meditron_12_label_0_pred_0.png, [[0.001]]
../../new_cache/conv__2272__06_1814__v39__mixup/0/icbhi_213_1p2_Pr_mc_AKGC417L_2_label_0_pred_0.png, [[0.]]
../../new_cache/conv__2272__06_1814__v39__mixup/0/icbhi_204_2b5_Al_mc_AKGC417L_0_label_0_pred_0.png, [[0.071]]
../../new_cache/conv__2272__06_1814__v39__mixup/0/icbhi_205_4b2_Al_mc_AKGC417L_3_label_0_pred_0.png, [[0.002]]
../../new_cache/conv__2272__06_1814__v39__mixup/0/icbhi_215_1b2_Ar_sc_Meditron_2_label_0_pred_0.png, [[0.001]]
../../new_cache/conv__2272__06_1814__v39__mixup/0/icbhi_220_1b1_Tc_mc_LittC2SE_3_label_0_pred_0.png, [[0.009]]
../../new_cache/conv__2272__06_1814__v39__mixup/0/icbhi_207_2b4_Ar_mc_AKGC417L_2_label_0_pred_0.png, [[0.007]]
../../new_cache/conv__2272__06_1814__v39__mixup/0/icbhi_207_2b4_Al_mc_AKGC417L_2_label_0_pred_0.png, [[0.]]
../../new_cache/conv__2272__06_1814__v39__mixup/0/icbhi_213_1p2_Al_mc_AKGC417L_2_label_0_pred_0.png, [[0.003]]
../../new_cache/conv__2272__06_1814__v39__mixup/0/icbhi_213_1p5_Pl_mc_AKGC417L_2_label_0_pred_0.png, [[0.001]]
../../new_cache/conv__2272__06_1814__v39__mixup/0/icbhi_218_1b1_Pr_sc_Meditron_8_label_0_pred_0.png, [[0.003]]
../../new_cache/conv__2272__06_1814__v39__mixup/0/icbhi_207_2b4_Ar_mc_AKGC417L_3_label_0_pred_0.png, [[0.006]]
../../new_cache/conv__2272__06_1814__v39__mixup/0/icbhi_203_2p3_Al_mc_AKGC417L_0_label_0_pred_0.png, [[0.]]
../../new_cache/conv__2272__06_1814__v39__mixup/0/icbhi_226_1b1_Pl_sc_LittC2SE_1_label_1_pred_0.png, [[0.287]]
../../new_cache/conv__2272__06_1814__v39__mixup/0/icbhi_221_2b3_Lr_mc_LittC2SE_0_label_0_pred_0.png, [[0.028]]
../../new_cache/conv__2272__06_1814__v39__mixup/0/icbhi_221_2b1_Al_mc_LittC2SE_2_label_0_pred_0.png, [[0.012]]
/home/alirachidi/anaconda3/envs/LungSoundClass/lib/python3.7/site-packages/tensorflow/python/data/ops/dataset_ops.py:3504: UserWarning: Even though the tf.config.experimental_run_functions_eagerly option is set, this option does not apply to tf.data functions. tf.data functions are still traced and executed as graphs.
  "Even though the tf.config.experimental_run_functions_eagerly "
wandb: Waiting for W&B process to finish, PID 17965
wandb: Program ended successfully.
wandb: Find user logs for this run at: /home/alirachidi/classification_algorithm/trainers/main/wandb/offline-run-20210629_181428-jqj0eyav/logs/debug.log
wandb: Find internal logs for this run at: /home/alirachidi/classification_algorithm/trainers/main/wandb/offline-run-20210629_181428-jqj0eyav/logs/debug-internal.log
wandb: Run summary:
wandb:       train_accuracy 0.9396
wandb:         val_accuracy 0.93974
wandb:             _runtime 5341
wandb:           _timestamp 1624995809
wandb:                _step 245
wandb:           train_loss 0.02546
wandb:             val_loss 0.18955
wandb:           val_recall 0.65854
wandb:        val_precision 0.54
wandb:               val_f1 0.59341
wandb:              val_auc 0.65884
wandb:                   lr 0.00013
wandb:          best_val_f1 0.65
wandb:    best_val_accuracy 0.9544
wandb:   best_val_precision 0.66667
wandb:      best_val_recall 0.63415
wandb:             best_auc 0.67304
wandb:           best_epoch 13
wandb: Run history:
wandb:   train_accuracy 
wandb:     val_accuracy 
wandb:         _runtime 
wandb:       _timestamp 
wandb:            _step 
wandb:       train_loss 
wandb:         val_loss 
wandb:       val_recall 
wandb:    val_precision 
wandb:           val_f1 
wandb:          val_auc 
wandb:               lr 
wandb: 
wandb: You can sync this run to the cloud by running:
wandb: wandb sync /home/alirachidi/classification_algorithm/trainers/main/wandb/offline-run-20210629_181428-jqj0eyav


 See logs at ../../new_cache/conv__2272__06_1814__v39__mixup/logs/