Category:  coch
Dataset:  all_sw_coch_preprocessed_v2_param_v39_augm_v0_cleaned_8000.pkl
File:  conv.train2273
Description:  mixup
2021-06-29 20:13:38.705707: I tensorflow/stream_executor/platform/default/dso_loader.cc:49] Successfully opened dynamic library libcudart.so.11.0
WARNING:tensorflow:From /home/alirachidi/classification_algorithm/trainers/main/models/conv/modules/augmentation.py:19: experimental_run_functions_eagerly (from tensorflow.python.eager.def_function) is deprecated and will be removed in a future version.
Instructions for updating:
Use `tf.config.run_functions_eagerly` instead of the experimental version.
2021-06-29 20:13:41.136334: I tensorflow/compiler/jit/xla_cpu_device.cc:41] Not creating XLA devices, tf_xla_enable_xla_devices not set
2021-06-29 20:13:41.137370: I tensorflow/stream_executor/platform/default/dso_loader.cc:49] Successfully opened dynamic library libcuda.so.1
2021-06-29 20:13:41.186609: I tensorflow/stream_executor/cuda/cuda_gpu_executor.cc:941] successful NUMA node read from SysFS had negative value (-1), but there must be at least one NUMA node, so returning NUMA node zero
2021-06-29 20:13:41.187338: I tensorflow/core/common_runtime/gpu/gpu_device.cc:1720] Found device 0 with properties: 
pciBusID: 0000:00:04.0 name: Tesla T4 computeCapability: 7.5
coreClock: 1.59GHz coreCount: 40 deviceMemorySize: 14.75GiB deviceMemoryBandwidth: 298.08GiB/s
2021-06-29 20:13:41.187372: I tensorflow/stream_executor/platform/default/dso_loader.cc:49] Successfully opened dynamic library libcudart.so.11.0
2021-06-29 20:13:41.191343: I tensorflow/stream_executor/platform/default/dso_loader.cc:49] Successfully opened dynamic library libcublas.so.11
2021-06-29 20:13:41.191468: I tensorflow/stream_executor/platform/default/dso_loader.cc:49] Successfully opened dynamic library libcublasLt.so.11
2021-06-29 20:13:41.192609: I tensorflow/stream_executor/platform/default/dso_loader.cc:49] Successfully opened dynamic library libcufft.so.10
2021-06-29 20:13:41.192922: I tensorflow/stream_executor/platform/default/dso_loader.cc:49] Successfully opened dynamic library libcurand.so.10
2021-06-29 20:13:41.193964: I tensorflow/stream_executor/platform/default/dso_loader.cc:49] Successfully opened dynamic library libcusolver.so.10
2021-06-29 20:13:41.194878: I tensorflow/stream_executor/platform/default/dso_loader.cc:49] Successfully opened dynamic library libcusparse.so.11
2021-06-29 20:13:41.195037: I tensorflow/stream_executor/platform/default/dso_loader.cc:49] Successfully opened dynamic library libcudnn.so.8
2021-06-29 20:13:41.195173: I tensorflow/stream_executor/cuda/cuda_gpu_executor.cc:941] successful NUMA node read from SysFS had negative value (-1), but there must be at least one NUMA node, so returning NUMA node zero
2021-06-29 20:13:41.195981: I tensorflow/stream_executor/cuda/cuda_gpu_executor.cc:941] successful NUMA node read from SysFS had negative value (-1), but there must be at least one NUMA node, so returning NUMA node zero
2021-06-29 20:13:41.196704: I tensorflow/core/common_runtime/gpu/gpu_device.cc:1862] Adding visible gpu devices: 0
Tensorflow Version: 2.4.0
Num GPUs Available:  1
-----------------------
Using module: nv/train2273.py
Using train_file: ../../data/datasets/all_sw_coch_preprocessed_v2_param_v39_augm_v0_cleaned_8000.pkl
Job directory: ../../new_cache/conv__2273__06_2013__v39__mixup
Parameters: {'N_CLASSES': 1, 'SR': 8000, 'BATCH_SIZE': 16, 'LR': 0.001, 'SHAPE': [128, 1250], 'LL2_REG': 0, 'WEIGHT_DECAY': 0.001, 'N_EPOCHS': 65, 'FACTOR': 0.5, 'PATIENCE': 6, 'MIN_LR': 1e-07, 'LABEL_SMOOTHING': 0, 'EPSILON': 1e-07, 'ES_PATIENCE': 20, 'OVERSAMPLE': 0, 'MIN_DELTA': 0, 'PARAM': 'v39', 'EPOCH_START': 1, 'JORDAN_DATASET': 1, 'PNEUMONIA_ONLY': 1, 'CLAUSE': 0, 'CUBEROOTING': 1, 'NORMALIZING': 1, 'AUGMENTATION': 0, 'TARGET': 1, 'INITIAL_CHANNELS': 1, 'ADAPTIVE_LR': 1, 'CLASS_WEIGHTS': 0, 'SIX': 0, 'CONCAT': 0, 'TESTING': 0}
Augmentation parameters for audio: {'ADD': 1, 'QUANTITY': 1000, 'WAV_PATH': 'v42'}
Augmentation parameters for spectrograms: {'ADD': 0, 'QUANTITY': 158, 'TIME_MASKING': 1, 'FREQUENCY_MASKING': 1, 'LOUDNESS': 0}
-----------------------
Collecting Variables...
All variables have been collected.
/home/alirachidi/anaconda3/envs/LungSoundClass/lib/python3.7/site-packages/tensorflow_addons/utils/ensure_tf_install.py:68: UserWarning: Tensorflow Addons supports using Python ops for all Tensorflow versions above or equal to 2.2.0 and strictly below 2.3.0 (nightly versions are not supported). 
 The versions of TensorFlow you are currently using is 2.4.0 and is not supported. 
Some things might work, some things might not.
If you were to encounter a bug, do not file an issue.
If you want to make sure you're using a tested and supported configuration, either change the TensorFlow version or the TensorFlow Addons's version. 
You can find the compatibility matrix in TensorFlow Addon's readme:
https://github.com/tensorflow/addons
  UserWarning,
wandb: W&B syncing is set to `offline` in this directory.  Run `wandb online` or set WANDB_MODE=online to enable cloud syncing.
2021-06-29 20:13:46.295355: I tensorflow/compiler/jit/xla_gpu_device.cc:99] Not creating XLA devices, tf_xla_enable_xla_devices not set
2021-06-29 20:13:46.295648: I tensorflow/stream_executor/cuda/cuda_gpu_executor.cc:941] successful NUMA node read from SysFS had negative value (-1), but there must be at least one NUMA node, so returning NUMA node zero
2021-06-29 20:13:46.296404: I tensorflow/core/common_runtime/gpu/gpu_device.cc:1720] Found device 0 with properties: 
pciBusID: 0000:00:04.0 name: Tesla T4 computeCapability: 7.5
coreClock: 1.59GHz coreCount: 40 deviceMemorySize: 14.75GiB deviceMemoryBandwidth: 298.08GiB/s
2021-06-29 20:13:46.296460: I tensorflow/stream_executor/platform/default/dso_loader.cc:49] Successfully opened dynamic library libcudart.so.11.0
2021-06-29 20:13:46.296533: I tensorflow/stream_executor/platform/default/dso_loader.cc:49] Successfully opened dynamic library libcublas.so.11
2021-06-29 20:13:46.296566: I tensorflow/stream_executor/platform/default/dso_loader.cc:49] Successfully opened dynamic library libcublasLt.so.11
2021-06-29 20:13:46.296597: I tensorflow/stream_executor/platform/default/dso_loader.cc:49] Successfully opened dynamic library libcufft.so.10
2021-06-29 20:13:46.296627: I tensorflow/stream_executor/platform/default/dso_loader.cc:49] Successfully opened dynamic library libcurand.so.10
2021-06-29 20:13:46.296656: I tensorflow/stream_executor/platform/default/dso_loader.cc:49] Successfully opened dynamic library libcusolver.so.10
2021-06-29 20:13:46.296685: I tensorflow/stream_executor/platform/default/dso_loader.cc:49] Successfully opened dynamic library libcusparse.so.11
2021-06-29 20:13:46.296711: I tensorflow/stream_executor/platform/default/dso_loader.cc:49] Successfully opened dynamic library libcudnn.so.8
2021-06-29 20:13:46.296825: I tensorflow/stream_executor/cuda/cuda_gpu_executor.cc:941] successful NUMA node read from SysFS had negative value (-1), but there must be at least one NUMA node, so returning NUMA node zero
2021-06-29 20:13:46.297712: I tensorflow/stream_executor/cuda/cuda_gpu_executor.cc:941] successful NUMA node read from SysFS had negative value (-1), but there must be at least one NUMA node, so returning NUMA node zero
2021-06-29 20:13:46.298420: I tensorflow/core/common_runtime/gpu/gpu_device.cc:1862] Adding visible gpu devices: 0
2021-06-29 20:13:46.298507: I tensorflow/stream_executor/platform/default/dso_loader.cc:49] Successfully opened dynamic library libcudart.so.11.0
2021-06-29 20:13:47.026895: I tensorflow/core/common_runtime/gpu/gpu_device.cc:1261] Device interconnect StreamExecutor with strength 1 edge matrix:
2021-06-29 20:13:47.026945: I tensorflow/core/common_runtime/gpu/gpu_device.cc:1267]      0 
2021-06-29 20:13:47.026955: I tensorflow/core/common_runtime/gpu/gpu_device.cc:1280] 0:   N 
2021-06-29 20:13:47.027271: I tensorflow/stream_executor/cuda/cuda_gpu_executor.cc:941] successful NUMA node read from SysFS had negative value (-1), but there must be at least one NUMA node, so returning NUMA node zero
2021-06-29 20:13:47.028082: I tensorflow/stream_executor/cuda/cuda_gpu_executor.cc:941] successful NUMA node read from SysFS had negative value (-1), but there must be at least one NUMA node, so returning NUMA node zero
2021-06-29 20:13:47.028860: I tensorflow/stream_executor/cuda/cuda_gpu_executor.cc:941] successful NUMA node read from SysFS had negative value (-1), but there must be at least one NUMA node, so returning NUMA node zero
2021-06-29 20:13:47.029627: I tensorflow/core/common_runtime/gpu/gpu_device.cc:1406] Created TensorFlow device (/job:localhost/replica:0/task:0/device:GPU:0 with 13968 MB memory) -> physical GPU (device: 0, name: Tesla T4, pci bus id: 0000:00:04.0, compute capability: 7.5)
2021-06-29 20:13:48.047205: I tensorflow/compiler/mlir/mlir_graph_optimization_pass.cc:116] None of the MLIR optimization passes are enabled (registered 2)
/home/alirachidi/anaconda3/envs/LungSoundClass/lib/python3.7/site-packages/tensorflow/python/data/ops/dataset_ops.py:3504: UserWarning: Even though the tf.config.experimental_run_functions_eagerly option is set, this option does not apply to tf.data functions. tf.data functions are still traced and executed as graphs.
  "Even though the tf.config.experimental_run_functions_eagerly "
2021-06-29 20:13:48.049634: I tensorflow/core/platform/profile_utils/cpu_utils.cc:112] CPU Frequency: 2299995000 Hz
2021-06-29 20:15:09.320195: I tensorflow/core/kernels/data/shuffle_dataset_op.cc:177] Filling up shuffle buffer (this may take a while): 721 of 2616
2021-06-29 20:15:19.332446: I tensorflow/core/kernels/data/shuffle_dataset_op.cc:177] Filling up shuffle buffer (this may take a while): 1457 of 2616
2021-06-29 20:15:29.398985: I tensorflow/core/kernels/data/shuffle_dataset_op.cc:177] Filling up shuffle buffer (this may take a while): 2193 of 2616
2021-06-29 20:15:39.327178: I tensorflow/core/kernels/data/shuffle_dataset_op.cc:177] Filling up shuffle buffer (this may take a while): 2479 of 2616
2021-06-29 20:15:49.356875: I tensorflow/core/kernels/data/shuffle_dataset_op.cc:177] Filling up shuffle buffer (this may take a while): 2528 of 2616
2021-06-29 20:16:00.058714: I tensorflow/core/kernels/data/shuffle_dataset_op.cc:177] Filling up shuffle buffer (this may take a while): 2582 of 2616
2021-06-29 20:16:09.196924: I tensorflow/core/kernels/data/shuffle_dataset_op.cc:230] Shuffle buffer filled.
2021-06-29 20:16:09.214847: I tensorflow/stream_executor/platform/default/dso_loader.cc:49] Successfully opened dynamic library libcudnn.so.8
2021-06-29 20:16:10.972030: I tensorflow/stream_executor/platform/default/dso_loader.cc:49] Successfully opened dynamic library libcublas.so.11
2021-06-29 20:16:11.439670: I tensorflow/stream_executor/platform/default/dso_loader.cc:49] Successfully opened dynamic library libcublasLt.so.11
Pneumonia patients: 148, Non-pneumonia patients: 2873
Pneumonia patients: 51, Non-pneumonia patients: 0
-----------------------
Number of train recordings: 2458 with pneumonia: 158 and non-pneumonia: 2300
Number of val recordings: 614 with pneumonia: 41 and non-pneumonia: 573
-----------------------
New dataset length after mix-up augmentation: 2616
Model: "conv2d"
______________________________________________________________________________________________________________
Layer (type)                                     Output Shape                                Param #          
==============================================================================================================
input_1 (InputLayer)                             [(None, 128, 1250, 1)]                      0                
______________________________________________________________________________________________________________
conv2d (Conv2D)                                  (None, 128, 1250, 8)                        80               
______________________________________________________________________________________________________________
mix_depth_group_convolution2d (MixDepthGroupConv (None, 128, 1250, 8)                        162              
______________________________________________________________________________________________________________
average_pooling2d (AveragePooling2D)             (None, 64, 625, 8)                          0                
______________________________________________________________________________________________________________
batch_normalization (BatchNormalization)         (None, 64, 625, 8)                          32               
______________________________________________________________________________________________________________
conv2d_1 (Conv2D)                                (None, 64, 625, 16)                         1168             
______________________________________________________________________________________________________________
mix_depth_group_convolution2d_1 (MixDepthGroupCo (None, 64, 625, 16)                         414              
______________________________________________________________________________________________________________
average_pooling2d_1 (AveragePooling2D)           (None, 32, 313, 16)                         0                
______________________________________________________________________________________________________________
batch_normalization_1 (BatchNormalization)       (None, 32, 313, 16)                         64               
______________________________________________________________________________________________________________
conv2d_2 (Conv2D)                                (None, 32, 313, 32)                         4640             
______________________________________________________________________________________________________________
mix_depth_group_convolution2d_2 (MixDepthGroupCo (None, 32, 313, 32)                         828              
______________________________________________________________________________________________________________
average_pooling2d_2 (AveragePooling2D)           (None, 16, 157, 32)                         0                
______________________________________________________________________________________________________________
batch_normalization_2 (BatchNormalization)       (None, 16, 157, 32)                         128              
______________________________________________________________________________________________________________
conv2d_3 (Conv2D)                                (None, 16, 157, 64)                         18496            
______________________________________________________________________________________________________________
mix_depth_group_convolution2d_3 (MixDepthGroupCo (None, 16, 157, 64)                         1656             
______________________________________________________________________________________________________________
average_pooling2d_3 (AveragePooling2D)           (None, 8, 79, 64)                           0                
______________________________________________________________________________________________________________
batch_normalization_3 (BatchNormalization)       (None, 8, 79, 64)                           256              
______________________________________________________________________________________________________________
conv2d_4 (Conv2D)                                (None, 8, 79, 128)                          73856            
______________________________________________________________________________________________________________
mix_depth_group_convolution2d_4 (MixDepthGroupCo (None, 8, 79, 128)                          3402             
______________________________________________________________________________________________________________
average_pooling2d_4 (AveragePooling2D)           (None, 4, 40, 128)                          0                
______________________________________________________________________________________________________________
batch_normalization_4 (BatchNormalization)       (None, 4, 40, 128)                          512              
______________________________________________________________________________________________________________
global_average_pooling2d (GlobalAveragePooling2D (None, 128)                                 0                
______________________________________________________________________________________________________________
dense (Dense)                                    (None, 1)                                   129              
==============================================================================================================
Total params: 105,823
Trainable params: 105,327
Non-trainable params: 496
______________________________________________________________________________________________________________
Epoch 1/65
164/164 - 139s - loss: 0.3500 - accuracy: 0.8318 - val_loss: 0.2454 - val_accuracy: 0.9332
Confusion matrix: 
 [[573   0]
 [ 41   0]]
/home/alirachidi/anaconda3/envs/LungSoundClass/lib/python3.7/site-packages/sklearn/metrics/_classification.py:1272: UndefinedMetricWarning: Precision and F-score are ill-defined and being set to 0.0 due to no predicted samples. Use `zero_division` parameter to control this behavior.
  _warn_prf(average, modifier, msg_start, len(result))
Normalized Confusion matrix: 
 [[1. 0.]
 [1. 0.]]
Validation f1: 0.00
Validation accuracy: 93.32
Validation recall: 0.00
Validation precision: 0.00
Validation AUC: 0.1405290844910393
Validation class accuracies: [1.0, 0.0]
2021-06-29 20:17:38.336608: I tensorflow/core/kernels/data/shuffle_dataset_op.cc:177] Filling up shuffle buffer (this may take a while): 689 of 2616
2021-06-29 20:17:48.275836: I tensorflow/core/kernels/data/shuffle_dataset_op.cc:177] Filling up shuffle buffer (this may take a while): 1377 of 2616
2021-06-29 20:17:58.264646: I tensorflow/core/kernels/data/shuffle_dataset_op.cc:177] Filling up shuffle buffer (this may take a while): 2081 of 2616
2021-06-29 20:18:08.220614: I tensorflow/core/kernels/data/shuffle_dataset_op.cc:177] Filling up shuffle buffer (this may take a while): 2476 of 2616
2021-06-29 20:18:18.262338: I tensorflow/core/kernels/data/shuffle_dataset_op.cc:177] Filling up shuffle buffer (this may take a while): 2533 of 2616
2021-06-29 20:18:28.399972: I tensorflow/core/kernels/data/shuffle_dataset_op.cc:177] Filling up shuffle buffer (this may take a while): 2577 of 2616
2021-06-29 20:18:38.299504: I tensorflow/core/kernels/data/shuffle_dataset_op.cc:177] Filling up shuffle buffer (this may take a while): 2614 of 2616
2021-06-29 20:18:38.416583: I tensorflow/core/kernels/data/shuffle_dataset_op.cc:230] Shuffle buffer filled.
The validation tracker metric at 0 hasn't increased by 0 in 1 epochs
Epoch 2/65
164/164 - 135s - loss: 0.1640 - accuracy: 0.8979 - val_loss: 0.2550 - val_accuracy: 0.9332
Confusion matrix: 
 [[573   0]
 [ 41   0]]
Normalized Confusion matrix: 
 [[1. 0.]
 [1. 0.]]
/home/alirachidi/anaconda3/envs/LungSoundClass/lib/python3.7/site-packages/tensorflow/python/data/ops/dataset_ops.py:3504: UserWarning: Even though the tf.config.experimental_run_functions_eagerly option is set, this option does not apply to tf.data functions. tf.data functions are still traced and executed as graphs.
  "Even though the tf.config.experimental_run_functions_eagerly "
/home/alirachidi/anaconda3/envs/LungSoundClass/lib/python3.7/site-packages/sklearn/metrics/_classification.py:1272: UndefinedMetricWarning: Precision and F-score are ill-defined and being set to 0.0 due to no predicted samples. Use `zero_division` parameter to control this behavior.
  _warn_prf(average, modifier, msg_start, len(result))
Validation f1: 0.00
Validation accuracy: 93.32
Validation recall: 0.00
Validation precision: 0.00
Validation AUC: 0.21486063944315997
Validation class accuracies: [1.0, 0.0]
2021-06-29 20:20:02.638402: I tensorflow/core/kernels/data/shuffle_dataset_op.cc:177] Filling up shuffle buffer (this may take a while): 673 of 2616
2021-06-29 20:20:12.692263: I tensorflow/core/kernels/data/shuffle_dataset_op.cc:177] Filling up shuffle buffer (this may take a while): 1345 of 2616
2021-06-29 20:20:22.501405: I tensorflow/core/kernels/data/shuffle_dataset_op.cc:177] Filling up shuffle buffer (this may take a while): 1937 of 2616
2021-06-29 20:20:32.939385: I tensorflow/core/kernels/data/shuffle_dataset_op.cc:177] Filling up shuffle buffer (this may take a while): 2459 of 2616
2021-06-29 20:20:42.913489: I tensorflow/core/kernels/data/shuffle_dataset_op.cc:177] Filling up shuffle buffer (this may take a while): 2502 of 2616
2021-06-29 20:20:52.856473: I tensorflow/core/kernels/data/shuffle_dataset_op.cc:177] Filling up shuffle buffer (this may take a while): 2525 of 2616
2021-06-29 20:21:02.606336: I tensorflow/core/kernels/data/shuffle_dataset_op.cc:177] Filling up shuffle buffer (this may take a while): 2558 of 2616
2021-06-29 20:21:12.912081: I tensorflow/core/kernels/data/shuffle_dataset_op.cc:177] Filling up shuffle buffer (this may take a while): 2591 of 2616
2021-06-29 20:21:21.694253: I tensorflow/core/kernels/data/shuffle_dataset_op.cc:230] Shuffle buffer filled.
The validation tracker metric at 0 hasn't increased by 0 in 2 epochs
Epoch 3/65
164/164 - 158s - loss: 0.1207 - accuracy: 0.9140 - val_loss: 0.2815 - val_accuracy: 0.9332
Confusion matrix: 
 [[573   0]
 [ 41   0]]
Normalized Confusion matrix: 
 [[1. 0.]
 [1. 0.]]
/home/alirachidi/anaconda3/envs/LungSoundClass/lib/python3.7/site-packages/tensorflow/python/data/ops/dataset_ops.py:3504: UserWarning: Even though the tf.config.experimental_run_functions_eagerly option is set, this option does not apply to tf.data functions. tf.data functions are still traced and executed as graphs.
  "Even though the tf.config.experimental_run_functions_eagerly "
/home/alirachidi/anaconda3/envs/LungSoundClass/lib/python3.7/site-packages/sklearn/metrics/_classification.py:1272: UndefinedMetricWarning: Precision and F-score are ill-defined and being set to 0.0 due to no predicted samples. Use `zero_division` parameter to control this behavior.
  _warn_prf(average, modifier, msg_start, len(result))
Validation f1: 0.00
Validation accuracy: 93.32
Validation recall: 0.00
Validation precision: 0.00
Validation AUC: 0.29767622600466864
Validation class accuracies: [1.0, 0.0]
2021-06-29 20:22:54.242781: I tensorflow/core/kernels/data/shuffle_dataset_op.cc:177] Filling up shuffle buffer (this may take a while): 481 of 2616
2021-06-29 20:23:04.592336: I tensorflow/core/kernels/data/shuffle_dataset_op.cc:177] Filling up shuffle buffer (this may take a while): 1009 of 2616
2021-06-29 20:23:14.436990: I tensorflow/core/kernels/data/shuffle_dataset_op.cc:177] Filling up shuffle buffer (this may take a while): 1505 of 2616
2021-06-29 20:23:24.372132: I tensorflow/core/kernels/data/shuffle_dataset_op.cc:177] Filling up shuffle buffer (this may take a while): 2049 of 2616
2021-06-29 20:23:34.267158: I tensorflow/core/kernels/data/shuffle_dataset_op.cc:177] Filling up shuffle buffer (this may take a while): 2474 of 2616
2021-06-29 20:23:44.219792: I tensorflow/core/kernels/data/shuffle_dataset_op.cc:177] Filling up shuffle buffer (this may take a while): 2513 of 2616
2021-06-29 20:23:54.231985: I tensorflow/core/kernels/data/shuffle_dataset_op.cc:177] Filling up shuffle buffer (this may take a while): 2552 of 2616
2021-06-29 20:24:04.518165: I tensorflow/core/kernels/data/shuffle_dataset_op.cc:177] Filling up shuffle buffer (this may take a while): 2607 of 2616
2021-06-29 20:24:07.028747: I tensorflow/core/kernels/data/shuffle_dataset_op.cc:230] Shuffle buffer filled.
The validation tracker metric at 0 hasn't increased by 0 in 3 epochs
Epoch 4/65
164/164 - 152s - loss: 0.0859 - accuracy: 0.9243 - val_loss: 0.1983 - val_accuracy: 0.9544
Confusion matrix: 
 [[569   4]
 [ 24  17]]
/home/alirachidi/anaconda3/envs/LungSoundClass/lib/python3.7/site-packages/tensorflow/python/data/ops/dataset_ops.py:3504: UserWarning: Even though the tf.config.experimental_run_functions_eagerly option is set, this option does not apply to tf.data functions. tf.data functions are still traced and executed as graphs.
  "Even though the tf.config.experimental_run_functions_eagerly "
Normalized Confusion matrix: 
 [[0.993 0.007]
 [0.585 0.415]]
Validation f1: 54.84
Validation accuracy: 95.44
Validation recall: 41.46
Validation precision: 80.95
Validation AUC: 0.6433447674136629
Validation class accuracies: [0.9930191972076788, 0.4146341463414634]
2021-06-29 20:25:39.355247: I tensorflow/core/kernels/data/shuffle_dataset_op.cc:177] Filling up shuffle buffer (this may take a while): 497 of 2616
2021-06-29 20:25:49.612366: I tensorflow/core/kernels/data/shuffle_dataset_op.cc:177] Filling up shuffle buffer (this may take a while): 1025 of 2616
2021-06-29 20:25:59.495751: I tensorflow/core/kernels/data/shuffle_dataset_op.cc:177] Filling up shuffle buffer (this may take a while): 1521 of 2616
2021-06-29 20:26:09.553557: I tensorflow/core/kernels/data/shuffle_dataset_op.cc:177] Filling up shuffle buffer (this may take a while): 2017 of 2616
2021-06-29 20:26:19.550940: I tensorflow/core/kernels/data/shuffle_dataset_op.cc:177] Filling up shuffle buffer (this may take a while): 2464 of 2616
2021-06-29 20:26:29.769373: I tensorflow/core/kernels/data/shuffle_dataset_op.cc:177] Filling up shuffle buffer (this may take a while): 2502 of 2616
2021-06-29 20:26:39.483078: I tensorflow/core/kernels/data/shuffle_dataset_op.cc:177] Filling up shuffle buffer (this may take a while): 2543 of 2616
2021-06-29 20:26:49.542517: I tensorflow/core/kernels/data/shuffle_dataset_op.cc:177] Filling up shuffle buffer (this may take a while): 2593 of 2616
2021-06-29 20:26:55.855270: I tensorflow/core/kernels/data/shuffle_dataset_op.cc:230] Shuffle buffer filled.
Saving model...
Epoch 5/65
164/164 - 155s - loss: 0.0623 - accuracy: 0.9320 - val_loss: 0.2008 - val_accuracy: 0.9316
Confusion matrix: 
 [[551  22]
 [ 20  21]]
/home/alirachidi/anaconda3/envs/LungSoundClass/lib/python3.7/site-packages/tensorflow/python/data/ops/dataset_ops.py:3504: UserWarning: Even though the tf.config.experimental_run_functions_eagerly option is set, this option does not apply to tf.data functions. tf.data functions are still traced and executed as graphs.
  "Even though the tf.config.experimental_run_functions_eagerly "
Normalized Confusion matrix: 
 [[0.962 0.038]
 [0.488 0.512]]
Validation f1: 50.00
Validation accuracy: 93.16
Validation recall: 51.22
Validation precision: 48.84
Validation AUC: 0.4790002552229777
Validation class accuracies: [0.9616055846422339, 0.5121951219512195]
2021-06-29 20:28:27.437866: I tensorflow/core/kernels/data/shuffle_dataset_op.cc:177] Filling up shuffle buffer (this may take a while): 481 of 2616
2021-06-29 20:28:37.315195: I tensorflow/core/kernels/data/shuffle_dataset_op.cc:177] Filling up shuffle buffer (this may take a while): 977 of 2616
2021-06-29 20:28:47.373522: I tensorflow/core/kernels/data/shuffle_dataset_op.cc:177] Filling up shuffle buffer (this may take a while): 1489 of 2616
2021-06-29 20:28:57.553537: I tensorflow/core/kernels/data/shuffle_dataset_op.cc:177] Filling up shuffle buffer (this may take a while): 2001 of 2616
2021-06-29 20:29:08.138836: I tensorflow/core/kernels/data/shuffle_dataset_op.cc:177] Filling up shuffle buffer (this may take a while): 2468 of 2616
2021-06-29 20:29:17.516052: I tensorflow/core/kernels/data/shuffle_dataset_op.cc:177] Filling up shuffle buffer (this may take a while): 2511 of 2616
2021-06-29 20:29:27.400378: I tensorflow/core/kernels/data/shuffle_dataset_op.cc:177] Filling up shuffle buffer (this may take a while): 2555 of 2616
2021-06-29 20:29:37.399371: I tensorflow/core/kernels/data/shuffle_dataset_op.cc:177] Filling up shuffle buffer (this may take a while): 2592 of 2616
2021-06-29 20:29:44.271297: I tensorflow/core/kernels/data/shuffle_dataset_op.cc:230] Shuffle buffer filled.
The validation tracker metric at 0.5483870967741935 hasn't increased by 0 in 1 epochs
Epoch 6/65
164/164 - 155s - loss: 0.0481 - accuracy: 0.9369 - val_loss: 0.1916 - val_accuracy: 0.9349
Confusion matrix: 
 [[547  26]
 [ 14  27]]
/home/alirachidi/anaconda3/envs/LungSoundClass/lib/python3.7/site-packages/tensorflow/python/data/ops/dataset_ops.py:3504: UserWarning: Even though the tf.config.experimental_run_functions_eagerly option is set, this option does not apply to tf.data functions. tf.data functions are still traced and executed as graphs.
  "Even though the tf.config.experimental_run_functions_eagerly "
Normalized Confusion matrix: 
 [[0.955 0.045]
 [0.341 0.659]]
Validation f1: 57.45
Validation accuracy: 93.49
Validation recall: 65.85
Validation precision: 50.94
Validation AUC: 0.6405111869463855
Validation class accuracies: [0.9546247818499127, 0.6585365853658537]
2021-06-29 20:31:15.601931: I tensorflow/core/kernels/data/shuffle_dataset_op.cc:177] Filling up shuffle buffer (this may take a while): 513 of 2616
2021-06-29 20:31:25.632989: I tensorflow/core/kernels/data/shuffle_dataset_op.cc:177] Filling up shuffle buffer (this may take a while): 1057 of 2616
2021-06-29 20:31:35.780932: I tensorflow/core/kernels/data/shuffle_dataset_op.cc:177] Filling up shuffle buffer (this may take a while): 1601 of 2616
2021-06-29 20:31:45.617284: I tensorflow/core/kernels/data/shuffle_dataset_op.cc:177] Filling up shuffle buffer (this may take a while): 2129 of 2616
2021-06-29 20:31:56.025072: I tensorflow/core/kernels/data/shuffle_dataset_op.cc:177] Filling up shuffle buffer (this may take a while): 2476 of 2616
2021-06-29 20:32:06.236431: I tensorflow/core/kernels/data/shuffle_dataset_op.cc:177] Filling up shuffle buffer (this may take a while): 2509 of 2616
2021-06-29 20:32:16.006274: I tensorflow/core/kernels/data/shuffle_dataset_op.cc:177] Filling up shuffle buffer (this may take a while): 2556 of 2616
2021-06-29 20:32:25.733266: I tensorflow/core/kernels/data/shuffle_dataset_op.cc:177] Filling up shuffle buffer (this may take a while): 2597 of 2616
2021-06-29 20:32:29.883661: I tensorflow/core/kernels/data/shuffle_dataset_op.cc:230] Shuffle buffer filled.
Saving model...
Epoch 7/65
164/164 - 152s - loss: 0.0431 - accuracy: 0.9373 - val_loss: 0.4699 - val_accuracy: 0.8616
Confusion matrix: 
 [[498  75]
 [ 10  31]]
/home/alirachidi/anaconda3/envs/LungSoundClass/lib/python3.7/site-packages/tensorflow/python/data/ops/dataset_ops.py:3504: UserWarning: Even though the tf.config.experimental_run_functions_eagerly option is set, this option does not apply to tf.data functions. tf.data functions are still traced and executed as graphs.
  "Even though the tf.config.experimental_run_functions_eagerly "
Normalized Confusion matrix: 
 [[0.869 0.131]
 [0.244 0.756]]
Validation f1: 42.18
Validation accuracy: 86.16
Validation recall: 75.61
Validation precision: 29.25
Validation AUC: 0.5138617307553873
Validation class accuracies: [0.8691099476439791, 0.7560975609756098]
2021-06-29 20:34:00.915399: I tensorflow/core/kernels/data/shuffle_dataset_op.cc:177] Filling up shuffle buffer (this may take a while): 513 of 2616
2021-06-29 20:34:10.985432: I tensorflow/core/kernels/data/shuffle_dataset_op.cc:177] Filling up shuffle buffer (this may take a while): 1041 of 2616
2021-06-29 20:34:21.283686: I tensorflow/core/kernels/data/shuffle_dataset_op.cc:177] Filling up shuffle buffer (this may take a while): 1569 of 2616
2021-06-29 20:34:30.945070: I tensorflow/core/kernels/data/shuffle_dataset_op.cc:177] Filling up shuffle buffer (this may take a while): 2113 of 2616
2021-06-29 20:34:41.613856: I tensorflow/core/kernels/data/shuffle_dataset_op.cc:177] Filling up shuffle buffer (this may take a while): 2475 of 2616
2021-06-29 20:34:51.124505: I tensorflow/core/kernels/data/shuffle_dataset_op.cc:177] Filling up shuffle buffer (this may take a while): 2516 of 2616
2021-06-29 20:35:01.372990: I tensorflow/core/kernels/data/shuffle_dataset_op.cc:177] Filling up shuffle buffer (this may take a while): 2564 of 2616
2021-06-29 20:35:11.343246: I tensorflow/core/kernels/data/shuffle_dataset_op.cc:177] Filling up shuffle buffer (this may take a while): 2601 of 2616
2021-06-29 20:35:14.144349: I tensorflow/core/kernels/data/shuffle_dataset_op.cc:230] Shuffle buffer filled.
The validation tracker metric at 0.574468085106383 hasn't increased by 0 in 1 epochs
Epoch 8/65
164/164 - 152s - loss: 0.0383 - accuracy: 0.9385 - val_loss: 0.2163 - val_accuracy: 0.9397
Confusion matrix: 
 [[549  24]
 [ 13  28]]
Normalized Confusion matrix: 
 [[0.958 0.042]
 [0.317 0.683]]
Validation f1: 60.22
/home/alirachidi/anaconda3/envs/LungSoundClass/lib/python3.7/site-packages/tensorflow/python/data/ops/dataset_ops.py:3504: UserWarning: Even though the tf.config.experimental_run_functions_eagerly option is set, this option does not apply to tf.data functions. tf.data functions are still traced and executed as graphs.
  "Even though the tf.config.experimental_run_functions_eagerly "
Validation accuracy: 93.97
Validation recall: 68.29
Validation precision: 53.85
Validation AUC: 0.5886844473687467
Validation class accuracies: [0.9581151832460733, 0.6829268292682927]
2021-06-29 20:36:46.816741: I tensorflow/core/kernels/data/shuffle_dataset_op.cc:177] Filling up shuffle buffer (this may take a while): 497 of 2616
2021-06-29 20:36:56.664171: I tensorflow/core/kernels/data/shuffle_dataset_op.cc:177] Filling up shuffle buffer (this may take a while): 993 of 2616
2021-06-29 20:37:06.796388: I tensorflow/core/kernels/data/shuffle_dataset_op.cc:177] Filling up shuffle buffer (this may take a while): 1505 of 2616
2021-06-29 20:37:16.718382: I tensorflow/core/kernels/data/shuffle_dataset_op.cc:177] Filling up shuffle buffer (this may take a while): 2065 of 2616
2021-06-29 20:37:27.011059: I tensorflow/core/kernels/data/shuffle_dataset_op.cc:177] Filling up shuffle buffer (this may take a while): 2474 of 2616
2021-06-29 20:37:36.893488: I tensorflow/core/kernels/data/shuffle_dataset_op.cc:177] Filling up shuffle buffer (this may take a while): 2518 of 2616
2021-06-29 20:37:46.705869: I tensorflow/core/kernels/data/shuffle_dataset_op.cc:177] Filling up shuffle buffer (this may take a while): 2563 of 2616
2021-06-29 20:37:56.875930: I tensorflow/core/kernels/data/shuffle_dataset_op.cc:177] Filling up shuffle buffer (this may take a while): 2604 of 2616
2021-06-29 20:38:01.464943: I tensorflow/core/kernels/data/shuffle_dataset_op.cc:230] Shuffle buffer filled.
Saving model...
Epoch 9/65
164/164 - 153s - loss: 0.0385 - accuracy: 0.9385 - val_loss: 0.2795 - val_accuracy: 0.9283
Confusion matrix: 
 [[546  27]
 [ 17  24]]
/home/alirachidi/anaconda3/envs/LungSoundClass/lib/python3.7/site-packages/tensorflow/python/data/ops/dataset_ops.py:3504: UserWarning: Even though the tf.config.experimental_run_functions_eagerly option is set, this option does not apply to tf.data functions. tf.data functions are still traced and executed as graphs.
  "Even though the tf.config.experimental_run_functions_eagerly "
Normalized Confusion matrix: 
 [[0.953 0.047]
 [0.415 0.585]]
Validation f1: 52.17
Validation accuracy: 92.83
Validation recall: 58.54
Validation precision: 47.06
Validation AUC: 0.5668024561943892
Validation class accuracies: [0.9528795811518325, 0.5853658536585366]
2021-06-29 20:39:31.371338: I tensorflow/core/kernels/data/shuffle_dataset_op.cc:177] Filling up shuffle buffer (this may take a while): 529 of 2616
2021-06-29 20:39:41.405853: I tensorflow/core/kernels/data/shuffle_dataset_op.cc:177] Filling up shuffle buffer (this may take a while): 1073 of 2616
2021-06-29 20:39:51.445873: I tensorflow/core/kernels/data/shuffle_dataset_op.cc:177] Filling up shuffle buffer (this may take a while): 1617 of 2616
2021-06-29 20:40:01.470679: I tensorflow/core/kernels/data/shuffle_dataset_op.cc:177] Filling up shuffle buffer (this may take a while): 2257 of 2616
2021-06-29 20:40:11.379817: I tensorflow/core/kernels/data/shuffle_dataset_op.cc:177] Filling up shuffle buffer (this may take a while): 2485 of 2616
2021-06-29 20:40:21.424871: I tensorflow/core/kernels/data/shuffle_dataset_op.cc:177] Filling up shuffle buffer (this may take a while): 2529 of 2616
2021-06-29 20:40:31.783566: I tensorflow/core/kernels/data/shuffle_dataset_op.cc:177] Filling up shuffle buffer (this may take a while): 2563 of 2616
2021-06-29 20:40:41.421249: I tensorflow/core/kernels/data/shuffle_dataset_op.cc:177] Filling up shuffle buffer (this may take a while): 2606 of 2616
2021-06-29 20:40:43.602360: I tensorflow/core/kernels/data/shuffle_dataset_op.cc:230] Shuffle buffer filled.
The validation tracker metric at 0.6021505376344086 hasn't increased by 0 in 1 epochs
Epoch 10/65
164/164 - 150s - loss: 0.0323 - accuracy: 0.9396 - val_loss: 0.2085 - val_accuracy: 0.9397
Confusion matrix: 
 [[558  15]
 [ 22  19]]
/home/alirachidi/anaconda3/envs/LungSoundClass/lib/python3.7/site-packages/tensorflow/python/data/ops/dataset_ops.py:3504: UserWarning: Even though the tf.config.experimental_run_functions_eagerly option is set, this option does not apply to tf.data functions. tf.data functions are still traced and executed as graphs.
  "Even though the tf.config.experimental_run_functions_eagerly "
Normalized Confusion matrix: 
 [[0.974 0.026]
 [0.537 0.463]]
Validation f1: 50.67
Validation accuracy: 93.97
Validation recall: 46.34
Validation precision: 55.88
Validation AUC: 0.5908043092014321
Validation class accuracies: [0.9738219895287958, 0.4634146341463415]
2021-06-29 20:42:13.685298: I tensorflow/core/kernels/data/shuffle_dataset_op.cc:177] Filling up shuffle buffer (this may take a while): 529 of 2616
2021-06-29 20:42:23.650918: I tensorflow/core/kernels/data/shuffle_dataset_op.cc:177] Filling up shuffle buffer (this may take a while): 1057 of 2616
2021-06-29 20:42:33.755141: I tensorflow/core/kernels/data/shuffle_dataset_op.cc:177] Filling up shuffle buffer (this may take a while): 1633 of 2616
2021-06-29 20:42:43.584397: I tensorflow/core/kernels/data/shuffle_dataset_op.cc:177] Filling up shuffle buffer (this may take a while): 2305 of 2616
2021-06-29 20:42:53.677542: I tensorflow/core/kernels/data/shuffle_dataset_op.cc:177] Filling up shuffle buffer (this may take a while): 2480 of 2616
2021-06-29 20:43:03.594764: I tensorflow/core/kernels/data/shuffle_dataset_op.cc:177] Filling up shuffle buffer (this may take a while): 2522 of 2616
2021-06-29 20:43:13.913817: I tensorflow/core/kernels/data/shuffle_dataset_op.cc:177] Filling up shuffle buffer (this may take a while): 2580 of 2616
2021-06-29 20:43:22.978869: I tensorflow/core/kernels/data/shuffle_dataset_op.cc:230] Shuffle buffer filled.
The validation tracker metric at 0.6021505376344086 hasn't increased by 0 in 2 epochs
Epoch 11/65
164/164 - 147s - loss: 0.0307 - accuracy: 0.9396 - val_loss: 0.2280 - val_accuracy: 0.9397
Confusion matrix: 
 [[551  22]
 [ 15  26]]
Normalized Confusion matrix: 
 [[0.962 0.038]
 [0.366 0.634]]
/home/alirachidi/anaconda3/envs/LungSoundClass/lib/python3.7/site-packages/tensorflow/python/data/ops/dataset_ops.py:3504: UserWarning: Even though the tf.config.experimental_run_functions_eagerly option is set, this option does not apply to tf.data functions. tf.data functions are still traced and executed as graphs.
  "Even though the tf.config.experimental_run_functions_eagerly "
Validation f1: 58.43
Validation accuracy: 93.97
Validation recall: 63.41
Validation precision: 54.17
Validation AUC: 0.6427855080165384
Validation class accuracies: [0.9616055846422339, 0.6341463414634146]
2021-06-29 20:44:53.769104: I tensorflow/core/kernels/data/shuffle_dataset_op.cc:177] Filling up shuffle buffer (this may take a while): 481 of 2616
2021-06-29 20:45:03.911200: I tensorflow/core/kernels/data/shuffle_dataset_op.cc:177] Filling up shuffle buffer (this may take a while): 993 of 2616
2021-06-29 20:45:13.599470: I tensorflow/core/kernels/data/shuffle_dataset_op.cc:177] Filling up shuffle buffer (this may take a while): 1505 of 2616
2021-06-29 20:45:23.773042: I tensorflow/core/kernels/data/shuffle_dataset_op.cc:177] Filling up shuffle buffer (this may take a while): 2193 of 2616
2021-06-29 20:45:34.129759: I tensorflow/core/kernels/data/shuffle_dataset_op.cc:177] Filling up shuffle buffer (this may take a while): 2486 of 2616
2021-06-29 20:45:43.929205: I tensorflow/core/kernels/data/shuffle_dataset_op.cc:177] Filling up shuffle buffer (this may take a while): 2520 of 2616
2021-06-29 20:45:53.610530: I tensorflow/core/kernels/data/shuffle_dataset_op.cc:177] Filling up shuffle buffer (this may take a while): 2559 of 2616
2021-06-29 20:46:03.761639: I tensorflow/core/kernels/data/shuffle_dataset_op.cc:177] Filling up shuffle buffer (this may take a while): 2605 of 2616
2021-06-29 20:46:06.914342: I tensorflow/core/kernels/data/shuffle_dataset_op.cc:230] Shuffle buffer filled.
The validation tracker metric at 0.6021505376344086 hasn't increased by 0 in 3 epochs
Epoch 12/65
164/164 - 152s - loss: 0.0327 - accuracy: 0.9388 - val_loss: 0.2635 - val_accuracy: 0.9202
Confusion matrix: 
 [[536  37]
 [ 12  29]]
/home/alirachidi/anaconda3/envs/LungSoundClass/lib/python3.7/site-packages/tensorflow/python/data/ops/dataset_ops.py:3504: UserWarning: Even though the tf.config.experimental_run_functions_eagerly option is set, this option does not apply to tf.data functions. tf.data functions are still traced and executed as graphs.
  "Even though the tf.config.experimental_run_functions_eagerly "
Normalized Confusion matrix: 
 [[0.935 0.065]
 [0.293 0.707]]
Validation f1: 54.21
Validation accuracy: 92.02
Validation recall: 70.73
Validation precision: 43.94
Validation AUC: 0.5820048840249356
Validation class accuracies: [0.9354275741710296, 0.7073170731707317]
2021-06-29 20:47:38.111657: I tensorflow/core/kernels/data/shuffle_dataset_op.cc:177] Filling up shuffle buffer (this may take a while): 545 of 2616
2021-06-29 20:47:47.893126: I tensorflow/core/kernels/data/shuffle_dataset_op.cc:177] Filling up shuffle buffer (this may take a while): 1089 of 2616
2021-06-29 20:47:57.972320: I tensorflow/core/kernels/data/shuffle_dataset_op.cc:177] Filling up shuffle buffer (this may take a while): 1729 of 2616
2021-06-29 20:48:07.914147: I tensorflow/core/kernels/data/shuffle_dataset_op.cc:177] Filling up shuffle buffer (this may take a while): 2417 of 2616
2021-06-29 20:48:17.935144: I tensorflow/core/kernels/data/shuffle_dataset_op.cc:177] Filling up shuffle buffer (this may take a while): 2499 of 2616
2021-06-29 20:48:28.423359: I tensorflow/core/kernels/data/shuffle_dataset_op.cc:177] Filling up shuffle buffer (this may take a while): 2543 of 2616
2021-06-29 20:48:38.064881: I tensorflow/core/kernels/data/shuffle_dataset_op.cc:177] Filling up shuffle buffer (this may take a while): 2584 of 2616
2021-06-29 20:48:46.663240: I tensorflow/core/kernels/data/shuffle_dataset_op.cc:230] Shuffle buffer filled.
The validation tracker metric at 0.6021505376344086 hasn't increased by 0 in 4 epochs
Epoch 13/65
164/164 - 148s - loss: 0.0326 - accuracy: 0.9392 - val_loss: 0.2713 - val_accuracy: 0.9446
Confusion matrix: 
 [[564   9]
 [ 25  16]]
Normalized Confusion matrix: 
 [[0.984 0.016]
 [0.61  0.39 ]]
/home/alirachidi/anaconda3/envs/LungSoundClass/lib/python3.7/site-packages/tensorflow/python/data/ops/dataset_ops.py:3504: UserWarning: Even though the tf.config.experimental_run_functions_eagerly option is set, this option does not apply to tf.data functions. tf.data functions are still traced and executed as graphs.
  "Even though the tf.config.experimental_run_functions_eagerly "
Validation f1: 48.48
Validation accuracy: 94.46
Validation recall: 39.02
Validation precision: 64.00
Validation AUC: 0.5642144585642771
Validation class accuracies: [0.9842931937172775, 0.3902439024390244]
2021-06-29 20:50:18.481573: I tensorflow/core/kernels/data/shuffle_dataset_op.cc:177] Filling up shuffle buffer (this may take a while): 497 of 2616
2021-06-29 20:50:28.530088: I tensorflow/core/kernels/data/shuffle_dataset_op.cc:177] Filling up shuffle buffer (this may take a while): 1025 of 2616
2021-06-29 20:50:38.589127: I tensorflow/core/kernels/data/shuffle_dataset_op.cc:177] Filling up shuffle buffer (this may take a while): 1617 of 2616
2021-06-29 20:50:48.528229: I tensorflow/core/kernels/data/shuffle_dataset_op.cc:177] Filling up shuffle buffer (this may take a while): 2305 of 2616
2021-06-29 20:50:58.609770: I tensorflow/core/kernels/data/shuffle_dataset_op.cc:177] Filling up shuffle buffer (this may take a while): 2491 of 2616
2021-06-29 20:51:08.490297: I tensorflow/core/kernels/data/shuffle_dataset_op.cc:177] Filling up shuffle buffer (this may take a while): 2527 of 2616
2021-06-29 20:51:18.768143: I tensorflow/core/kernels/data/shuffle_dataset_op.cc:177] Filling up shuffle buffer (this may take a while): 2574 of 2616
2021-06-29 20:51:28.638444: I tensorflow/core/kernels/data/shuffle_dataset_op.cc:177] Filling up shuffle buffer (this may take a while): 2611 of 2616
2021-06-29 20:51:29.132212: I tensorflow/core/kernels/data/shuffle_dataset_op.cc:230] Shuffle buffer filled.
The validation tracker metric at 0.6021505376344086 hasn't increased by 0 in 5 epochs
Epoch 14/65
164/164 - 149s - loss: 0.0356 - accuracy: 0.9388 - val_loss: 0.2425 - val_accuracy: 0.9479
Confusion matrix: 
 [[561  12]
 [ 20  21]]
/home/alirachidi/anaconda3/envs/LungSoundClass/lib/python3.7/site-packages/tensorflow/python/data/ops/dataset_ops.py:3504: UserWarning: Even though the tf.config.experimental_run_functions_eagerly option is set, this option does not apply to tf.data functions. tf.data functions are still traced and executed as graphs.
  "Even though the tf.config.experimental_run_functions_eagerly "
Normalized Confusion matrix: 
 [[0.979 0.021]
 [0.488 0.512]]
Validation f1: 56.76
Validation accuracy: 94.79
Validation recall: 51.22
Validation precision: 63.64
Validation AUC: 0.5683774962787087
Validation class accuracies: [0.9790575916230366, 0.5121951219512195]
2021-06-29 20:52:59.421822: I tensorflow/core/kernels/data/shuffle_dataset_op.cc:177] Filling up shuffle buffer (this may take a while): 513 of 2616
2021-06-29 20:53:09.297224: I tensorflow/core/kernels/data/shuffle_dataset_op.cc:177] Filling up shuffle buffer (this may take a while): 1025 of 2616
2021-06-29 20:53:19.481685: I tensorflow/core/kernels/data/shuffle_dataset_op.cc:177] Filling up shuffle buffer (this may take a while): 1633 of 2616
2021-06-29 20:53:29.411504: I tensorflow/core/kernels/data/shuffle_dataset_op.cc:177] Filling up shuffle buffer (this may take a while): 2289 of 2616
2021-06-29 20:53:39.470842: I tensorflow/core/kernels/data/shuffle_dataset_op.cc:177] Filling up shuffle buffer (this may take a while): 2491 of 2616
2021-06-29 20:53:49.808787: I tensorflow/core/kernels/data/shuffle_dataset_op.cc:177] Filling up shuffle buffer (this may take a while): 2521 of 2616
2021-06-29 20:53:59.523339: I tensorflow/core/kernels/data/shuffle_dataset_op.cc:177] Filling up shuffle buffer (this may take a while): 2569 of 2616
2021-06-29 20:54:09.449706: I tensorflow/core/kernels/data/shuffle_dataset_op.cc:177] Filling up shuffle buffer (this may take a while): 2611 of 2616
2021-06-29 20:54:10.556706: I tensorflow/core/kernels/data/shuffle_dataset_op.cc:230] Shuffle buffer filled.
The validation tracker metric at 0.6021505376344086 hasn't increased by 0 in 6 epochs
Lr has been adjusted to 0.0005000000237487257
Epoch 15/65
164/164 - 150s - loss: 0.0309 - accuracy: 0.9392 - val_loss: 0.2111 - val_accuracy: 0.9446
Confusion matrix: 
 [[560  13]
 [ 21  20]]
/home/alirachidi/anaconda3/envs/LungSoundClass/lib/python3.7/site-packages/tensorflow/python/data/ops/dataset_ops.py:3504: UserWarning: Even though the tf.config.experimental_run_functions_eagerly option is set, this option does not apply to tf.data functions. tf.data functions are still traced and executed as graphs.
  "Even though the tf.config.experimental_run_functions_eagerly "
Normalized Confusion matrix: 
 [[0.977 0.023]
 [0.512 0.488]]
Validation f1: 54.05
Validation accuracy: 94.46
Validation recall: 48.78
Validation precision: 60.61
Validation AUC: 0.588412518010476
Validation class accuracies: [0.9773123909249564, 0.4878048780487805]
2021-06-29 20:55:41.458519: I tensorflow/core/kernels/data/shuffle_dataset_op.cc:177] Filling up shuffle buffer (this may take a while): 529 of 2616
2021-06-29 20:55:51.489997: I tensorflow/core/kernels/data/shuffle_dataset_op.cc:177] Filling up shuffle buffer (this may take a while): 1073 of 2616
2021-06-29 20:56:01.494281: I tensorflow/core/kernels/data/shuffle_dataset_op.cc:177] Filling up shuffle buffer (this may take a while): 1745 of 2616
2021-06-29 20:56:11.450571: I tensorflow/core/kernels/data/shuffle_dataset_op.cc:177] Filling up shuffle buffer (this may take a while): 2433 of 2616
2021-06-29 20:56:21.459326: I tensorflow/core/kernels/data/shuffle_dataset_op.cc:177] Filling up shuffle buffer (this may take a while): 2504 of 2616
2021-06-29 20:56:31.662890: I tensorflow/core/kernels/data/shuffle_dataset_op.cc:177] Filling up shuffle buffer (this may take a while): 2535 of 2616
2021-06-29 20:56:41.381068: I tensorflow/core/kernels/data/shuffle_dataset_op.cc:177] Filling up shuffle buffer (this may take a while): 2571 of 2616
2021-06-29 20:56:51.148653: I tensorflow/core/kernels/data/shuffle_dataset_op.cc:230] Shuffle buffer filled.
The validation tracker metric at 0.6021505376344086 hasn't increased by 0 in 7 epochs
Epoch 16/65
164/164 - 148s - loss: 0.0300 - accuracy: 0.9396 - val_loss: 0.1880 - val_accuracy: 0.9397
Confusion matrix: 
 [[553  20]
 [ 17  24]]
/home/alirachidi/anaconda3/envs/LungSoundClass/lib/python3.7/site-packages/tensorflow/python/data/ops/dataset_ops.py:3504: UserWarning: Even though the tf.config.experimental_run_functions_eagerly option is set, this option does not apply to tf.data functions. tf.data functions are still traced and executed as graphs.
  "Even though the tf.config.experimental_run_functions_eagerly "
Normalized Confusion matrix: 
 [[0.965 0.035]
 [0.415 0.585]]
Validation f1: 56.47
Validation accuracy: 93.97
Validation recall: 58.54
Validation precision: 54.55
Validation AUC: 0.6010170074948056
Validation class accuracies: [0.9650959860383944, 0.5853658536585366]
2021-06-29 20:58:23.030612: I tensorflow/core/kernels/data/shuffle_dataset_op.cc:177] Filling up shuffle buffer (this may take a while): 513 of 2616
2021-06-29 20:58:33.150501: I tensorflow/core/kernels/data/shuffle_dataset_op.cc:177] Filling up shuffle buffer (this may take a while): 1041 of 2616
2021-06-29 20:58:42.957425: I tensorflow/core/kernels/data/shuffle_dataset_op.cc:177] Filling up shuffle buffer (this may take a while): 1681 of 2616
2021-06-29 20:58:52.957925: I tensorflow/core/kernels/data/shuffle_dataset_op.cc:177] Filling up shuffle buffer (this may take a while): 2369 of 2616
2021-06-29 20:59:03.035338: I tensorflow/core/kernels/data/shuffle_dataset_op.cc:177] Filling up shuffle buffer (this may take a while): 2494 of 2616
2021-06-29 20:59:13.041331: I tensorflow/core/kernels/data/shuffle_dataset_op.cc:177] Filling up shuffle buffer (this may take a while): 2537 of 2616
2021-06-29 20:59:23.134312: I tensorflow/core/kernels/data/shuffle_dataset_op.cc:177] Filling up shuffle buffer (this may take a while): 2577 of 2616
2021-06-29 20:59:32.739372: I tensorflow/core/kernels/data/shuffle_dataset_op.cc:230] Shuffle buffer filled.
The validation tracker metric at 0.6021505376344086 hasn't increased by 0 in 8 epochs
Epoch 17/65
164/164 - 147s - loss: 0.0289 - accuracy: 0.9396 - val_loss: 0.1965 - val_accuracy: 0.9414
Confusion matrix: 
 [[555  18]
 [ 18  23]]
/home/alirachidi/anaconda3/envs/LungSoundClass/lib/python3.7/site-packages/tensorflow/python/data/ops/dataset_ops.py:3504: UserWarning: Even though the tf.config.experimental_run_functions_eagerly option is set, this option does not apply to tf.data functions. tf.data functions are still traced and executed as graphs.
  "Even though the tf.config.experimental_run_functions_eagerly "
Normalized Confusion matrix: 
 [[0.969 0.031]
 [0.439 0.561]]
Validation f1: 56.10
Validation accuracy: 94.14
Validation recall: 56.10
Validation precision: 56.10
Validation AUC: 0.5962387400741987
Validation class accuracies: [0.9685863874345549, 0.5609756097560976]
2021-06-29 21:01:02.883105: I tensorflow/core/kernels/data/shuffle_dataset_op.cc:177] Filling up shuffle buffer (this may take a while): 513 of 2616
2021-06-29 21:01:12.947650: I tensorflow/core/kernels/data/shuffle_dataset_op.cc:177] Filling up shuffle buffer (this may take a while): 1025 of 2616
2021-06-29 21:01:22.829628: I tensorflow/core/kernels/data/shuffle_dataset_op.cc:177] Filling up shuffle buffer (this may take a while): 1681 of 2616
2021-06-29 21:01:32.807557: I tensorflow/core/kernels/data/shuffle_dataset_op.cc:177] Filling up shuffle buffer (this may take a while): 2337 of 2616
2021-06-29 21:01:42.794394: I tensorflow/core/kernels/data/shuffle_dataset_op.cc:177] Filling up shuffle buffer (this may take a while): 2498 of 2616
2021-06-29 21:01:54.349183: I tensorflow/core/kernels/data/shuffle_dataset_op.cc:177] Filling up shuffle buffer (this may take a while): 2541 of 2616
2021-06-29 21:02:02.722503: I tensorflow/core/kernels/data/shuffle_dataset_op.cc:177] Filling up shuffle buffer (this may take a while): 2571 of 2616
2021-06-29 21:02:13.069530: I tensorflow/core/kernels/data/shuffle_dataset_op.cc:177] Filling up shuffle buffer (this may take a while): 2615 of 2616
2021-06-29 21:02:13.079613: I tensorflow/core/kernels/data/shuffle_dataset_op.cc:230] Shuffle buffer filled.
The validation tracker metric at 0.6021505376344086 hasn't increased by 0 in 9 epochs
Epoch 18/65
164/164 - 148s - loss: 0.0291 - accuracy: 0.9396 - val_loss: 0.2238 - val_accuracy: 0.9283
Confusion matrix: 
 [[545  28]
 [ 16  25]]
/home/alirachidi/anaconda3/envs/LungSoundClass/lib/python3.7/site-packages/tensorflow/python/data/ops/dataset_ops.py:3504: UserWarning: Even though the tf.config.experimental_run_functions_eagerly option is set, this option does not apply to tf.data functions. tf.data functions are still traced and executed as graphs.
  "Even though the tf.config.experimental_run_functions_eagerly "
Normalized Confusion matrix: 
 [[0.951 0.049]
 [0.39  0.61 ]]
Validation f1: 53.19
Validation accuracy: 92.83
Validation recall: 60.98
Validation precision: 47.17
Validation AUC: 0.5661498196049227
Validation class accuracies: [0.9511343804537522, 0.6097560975609756]
2021-06-29 21:03:43.299941: I tensorflow/core/kernels/data/shuffle_dataset_op.cc:177] Filling up shuffle buffer (this may take a while): 529 of 2616
2021-06-29 21:03:53.217722: I tensorflow/core/kernels/data/shuffle_dataset_op.cc:177] Filling up shuffle buffer (this may take a while): 1057 of 2616
2021-06-29 21:04:03.366185: I tensorflow/core/kernels/data/shuffle_dataset_op.cc:177] Filling up shuffle buffer (this may take a while): 1697 of 2616
2021-06-29 21:04:13.162615: I tensorflow/core/kernels/data/shuffle_dataset_op.cc:177] Filling up shuffle buffer (this may take a while): 2321 of 2616
2021-06-29 21:04:23.268960: I tensorflow/core/kernels/data/shuffle_dataset_op.cc:177] Filling up shuffle buffer (this may take a while): 2487 of 2616
2021-06-29 21:04:33.140623: I tensorflow/core/kernels/data/shuffle_dataset_op.cc:177] Filling up shuffle buffer (this may take a while): 2525 of 2616
2021-06-29 21:04:43.346365: I tensorflow/core/kernels/data/shuffle_dataset_op.cc:177] Filling up shuffle buffer (this may take a while): 2569 of 2616
2021-06-29 21:04:53.218857: I tensorflow/core/kernels/data/shuffle_dataset_op.cc:177] Filling up shuffle buffer (this may take a while): 2611 of 2616
2021-06-29 21:04:54.958827: I tensorflow/core/kernels/data/shuffle_dataset_op.cc:230] Shuffle buffer filled.
The validation tracker metric at 0.6021505376344086 hasn't increased by 0 in 10 epochs
Epoch 19/65
164/164 - 151s - loss: 0.0289 - accuracy: 0.9396 - val_loss: 0.2252 - val_accuracy: 0.9414
Confusion matrix: 
 [[555  18]
 [ 18  23]]
Normalized Confusion matrix: 
 [[0.969 0.031]
 [0.439 0.561]]
/home/alirachidi/anaconda3/envs/LungSoundClass/lib/python3.7/site-packages/tensorflow/python/data/ops/dataset_ops.py:3504: UserWarning: Even though the tf.config.experimental_run_functions_eagerly option is set, this option does not apply to tf.data functions. tf.data functions are still traced and executed as graphs.
  "Even though the tf.config.experimental_run_functions_eagerly "
Validation f1: 56.10
Validation accuracy: 94.14
Validation recall: 56.10
Validation precision: 56.10
Validation AUC: 0.5770175843640608
Validation class accuracies: [0.9685863874345549, 0.5609756097560976]
2021-06-29 21:06:27.364473: I tensorflow/core/kernels/data/shuffle_dataset_op.cc:177] Filling up shuffle buffer (this may take a while): 497 of 2616
2021-06-29 21:06:37.534473: I tensorflow/core/kernels/data/shuffle_dataset_op.cc:177] Filling up shuffle buffer (this may take a while): 1025 of 2616
2021-06-29 21:06:47.515155: I tensorflow/core/kernels/data/shuffle_dataset_op.cc:177] Filling up shuffle buffer (this may take a while): 1697 of 2616
2021-06-29 21:06:57.517656: I tensorflow/core/kernels/data/shuffle_dataset_op.cc:177] Filling up shuffle buffer (this may take a while): 2385 of 2616
2021-06-29 21:07:07.873848: I tensorflow/core/kernels/data/shuffle_dataset_op.cc:177] Filling up shuffle buffer (this may take a while): 2487 of 2616
2021-06-29 21:07:17.407000: I tensorflow/core/kernels/data/shuffle_dataset_op.cc:177] Filling up shuffle buffer (this may take a while): 2533 of 2616
2021-06-29 21:07:27.490100: I tensorflow/core/kernels/data/shuffle_dataset_op.cc:177] Filling up shuffle buffer (this may take a while): 2578 of 2616
2021-06-29 21:07:34.962580: I tensorflow/core/kernels/data/shuffle_dataset_op.cc:230] Shuffle buffer filled.
The validation tracker metric at 0.6021505376344086 hasn't increased by 0 in 11 epochs
Epoch 20/65
164/164 - 147s - loss: 0.0274 - accuracy: 0.9396 - val_loss: 0.2320 - val_accuracy: 0.9397
Confusion matrix: 
 [[561  12]
 [ 25  16]]
/home/alirachidi/anaconda3/envs/LungSoundClass/lib/python3.7/site-packages/tensorflow/python/data/ops/dataset_ops.py:3504: UserWarning: Even though the tf.config.experimental_run_functions_eagerly option is set, this option does not apply to tf.data functions. tf.data functions are still traced and executed as graphs.
  "Even though the tf.config.experimental_run_functions_eagerly "
Normalized Confusion matrix: 
 [[0.979 0.021]
 [0.61  0.39 ]]
Validation f1: 46.38
Validation accuracy: 93.97
Validation recall: 39.02
Validation precision: 57.14
Validation AUC: 0.56823683369693
Validation class accuracies: [0.9790575916230366, 0.3902439024390244]
2021-06-29 21:09:06.897098: I tensorflow/core/kernels/data/shuffle_dataset_op.cc:177] Filling up shuffle buffer (this may take a while): 513 of 2616
2021-06-29 21:09:16.752914: I tensorflow/core/kernels/data/shuffle_dataset_op.cc:177] Filling up shuffle buffer (this may take a while): 1025 of 2616
2021-06-29 21:09:26.886275: I tensorflow/core/kernels/data/shuffle_dataset_op.cc:177] Filling up shuffle buffer (this may take a while): 1681 of 2616
2021-06-29 21:09:36.839863: I tensorflow/core/kernels/data/shuffle_dataset_op.cc:177] Filling up shuffle buffer (this may take a while): 2353 of 2616
2021-06-29 21:09:47.290241: I tensorflow/core/kernels/data/shuffle_dataset_op.cc:177] Filling up shuffle buffer (this may take a while): 2500 of 2616
2021-06-29 21:09:57.035387: I tensorflow/core/kernels/data/shuffle_dataset_op.cc:177] Filling up shuffle buffer (this may take a while): 2541 of 2616
2021-06-29 21:10:06.949716: I tensorflow/core/kernels/data/shuffle_dataset_op.cc:177] Filling up shuffle buffer (this may take a while): 2583 of 2616
2021-06-29 21:10:15.125429: I tensorflow/core/kernels/data/shuffle_dataset_op.cc:230] Shuffle buffer filled.
The validation tracker metric at 0.6021505376344086 hasn't increased by 0 in 12 epochs
Lr has been adjusted to 0.0002500000118743628
Epoch 21/65
164/164 - 146s - loss: 0.0277 - accuracy: 0.9396 - val_loss: 0.2037 - val_accuracy: 0.9349
Confusion matrix: 
 [[552  21]
 [ 19  22]]
/home/alirachidi/anaconda3/envs/LungSoundClass/lib/python3.7/site-packages/tensorflow/python/data/ops/dataset_ops.py:3504: UserWarning: Even though the tf.config.experimental_run_functions_eagerly option is set, this option does not apply to tf.data functions. tf.data functions are still traced and executed as graphs.
  "Even though the tf.config.experimental_run_functions_eagerly "
Normalized Confusion matrix: 
 [[0.963 0.037]
 [0.463 0.537]]
Validation f1: 52.38
Validation accuracy: 93.49
Validation recall: 53.66
Validation precision: 51.16
Validation AUC: 0.5834119621423426
Validation class accuracies: [0.9633507853403142, 0.5365853658536586]
2021-06-29 21:11:45.961914: I tensorflow/core/kernels/data/shuffle_dataset_op.cc:177] Filling up shuffle buffer (this may take a while): 529 of 2616
2021-06-29 21:11:55.888981: I tensorflow/core/kernels/data/shuffle_dataset_op.cc:177] Filling up shuffle buffer (this may take a while): 1089 of 2616
2021-06-29 21:12:06.049900: I tensorflow/core/kernels/data/shuffle_dataset_op.cc:177] Filling up shuffle buffer (this may take a while): 1761 of 2616
2021-06-29 21:12:16.021693: I tensorflow/core/kernels/data/shuffle_dataset_op.cc:177] Filling up shuffle buffer (this may take a while): 2433 of 2616
2021-06-29 21:12:26.293285: I tensorflow/core/kernels/data/shuffle_dataset_op.cc:177] Filling up shuffle buffer (this may take a while): 2489 of 2616
2021-06-29 21:12:36.019592: I tensorflow/core/kernels/data/shuffle_dataset_op.cc:177] Filling up shuffle buffer (this may take a while): 2534 of 2616
2021-06-29 21:12:46.184671: I tensorflow/core/kernels/data/shuffle_dataset_op.cc:177] Filling up shuffle buffer (this may take a while): 2577 of 2616
2021-06-29 21:12:55.277151: I tensorflow/core/kernels/data/shuffle_dataset_op.cc:230] Shuffle buffer filled.
The validation tracker metric at 0.6021505376344086 hasn't increased by 0 in 13 epochs
Epoch 22/65
164/164 - 147s - loss: 0.0279 - accuracy: 0.9396 - val_loss: 0.2144 - val_accuracy: 0.9365
Confusion matrix: 
 [[553  20]
 [ 19  22]]
/home/alirachidi/anaconda3/envs/LungSoundClass/lib/python3.7/site-packages/tensorflow/python/data/ops/dataset_ops.py:3504: UserWarning: Even though the tf.config.experimental_run_functions_eagerly option is set, this option does not apply to tf.data functions. tf.data functions are still traced and executed as graphs.
  "Even though the tf.config.experimental_run_functions_eagerly "
Normalized Confusion matrix: 
 [[0.965 0.035]
 [0.463 0.537]]
Validation f1: 53.01
Validation accuracy: 93.65
Validation recall: 53.66
Validation precision: 52.38
Validation AUC: 0.5808884156658888
Validation class accuracies: [0.9650959860383944, 0.5365853658536586]
2021-06-29 21:14:24.873856: I tensorflow/core/kernels/data/shuffle_dataset_op.cc:177] Filling up shuffle buffer (this may take a while): 513 of 2616
2021-06-29 21:14:35.044673: I tensorflow/core/kernels/data/shuffle_dataset_op.cc:177] Filling up shuffle buffer (this may take a while): 1057 of 2616
2021-06-29 21:14:44.887298: I tensorflow/core/kernels/data/shuffle_dataset_op.cc:177] Filling up shuffle buffer (this may take a while): 1713 of 2616
2021-06-29 21:14:54.898357: I tensorflow/core/kernels/data/shuffle_dataset_op.cc:177] Filling up shuffle buffer (this may take a while): 2385 of 2616
2021-06-29 21:15:04.985818: I tensorflow/core/kernels/data/shuffle_dataset_op.cc:177] Filling up shuffle buffer (this may take a while): 2501 of 2616
2021-06-29 21:15:14.896822: I tensorflow/core/kernels/data/shuffle_dataset_op.cc:177] Filling up shuffle buffer (this may take a while): 2537 of 2616
2021-06-29 21:15:24.829180: I tensorflow/core/kernels/data/shuffle_dataset_op.cc:177] Filling up shuffle buffer (this may take a while): 2581 of 2616
2021-06-29 21:15:33.575710: I tensorflow/core/kernels/data/shuffle_dataset_op.cc:230] Shuffle buffer filled.
The validation tracker metric at 0.6021505376344086 hasn't increased by 0 in 14 epochs
Epoch 23/65
164/164 - 147s - loss: 0.0276 - accuracy: 0.9396 - val_loss: 0.2141 - val_accuracy: 0.9332
Confusion matrix: 
 [[551  22]
 [ 19  22]]
/home/alirachidi/anaconda3/envs/LungSoundClass/lib/python3.7/site-packages/tensorflow/python/data/ops/dataset_ops.py:3504: UserWarning: Even though the tf.config.experimental_run_functions_eagerly option is set, this option does not apply to tf.data functions. tf.data functions are still traced and executed as graphs.
  "Even though the tf.config.experimental_run_functions_eagerly "
Normalized Confusion matrix: 
 [[0.962 0.038]
 [0.463 0.537]]
Validation f1: 51.76
Validation accuracy: 93.32
Validation recall: 53.66
Validation precision: 50.00
Validation AUC: 0.5741130316755858
Validation class accuracies: [0.9616055846422339, 0.5365853658536586]
2021-06-29 21:17:04.378169: I tensorflow/core/kernels/data/shuffle_dataset_op.cc:177] Filling up shuffle buffer (this may take a while): 529 of 2616
2021-06-29 21:17:14.217455: I tensorflow/core/kernels/data/shuffle_dataset_op.cc:177] Filling up shuffle buffer (this may take a while): 1073 of 2616
2021-06-29 21:17:24.334895: I tensorflow/core/kernels/data/shuffle_dataset_op.cc:177] Filling up shuffle buffer (this may take a while): 1745 of 2616
2021-06-29 21:17:34.150381: I tensorflow/core/kernels/data/shuffle_dataset_op.cc:177] Filling up shuffle buffer (this may take a while): 2385 of 2616
2021-06-29 21:17:44.879192: I tensorflow/core/kernels/data/shuffle_dataset_op.cc:177] Filling up shuffle buffer (this may take a while): 2490 of 2616
2021-06-29 21:17:54.283746: I tensorflow/core/kernels/data/shuffle_dataset_op.cc:177] Filling up shuffle buffer (this may take a while): 2527 of 2616
2021-06-29 21:18:04.584728: I tensorflow/core/kernels/data/shuffle_dataset_op.cc:177] Filling up shuffle buffer (this may take a while): 2575 of 2616
2021-06-29 21:18:14.160798: I tensorflow/core/kernels/data/shuffle_dataset_op.cc:177] Filling up shuffle buffer (this may take a while): 2615 of 2616
2021-06-29 21:18:14.162659: I tensorflow/core/kernels/data/shuffle_dataset_op.cc:230] Shuffle buffer filled.
The validation tracker metric at 0.6021505376344086 hasn't increased by 0 in 15 epochs
Epoch 24/65
164/164 - 148s - loss: 0.0264 - accuracy: 0.9396 - val_loss: 0.2154 - val_accuracy: 0.9365
Confusion matrix: 
 [[552  21]
 [ 18  23]]
/home/alirachidi/anaconda3/envs/LungSoundClass/lib/python3.7/site-packages/tensorflow/python/data/ops/dataset_ops.py:3504: UserWarning: Even though the tf.config.experimental_run_functions_eagerly option is set, this option does not apply to tf.data functions. tf.data functions are still traced and executed as graphs.
  "Even though the tf.config.experimental_run_functions_eagerly "
Normalized Confusion matrix: 
 [[0.963 0.037]
 [0.439 0.561]]
Validation f1: 54.12
Validation accuracy: 93.65
Validation recall: 56.10
Validation precision: 52.27
Validation AUC: 0.5967103959443131
Validation class accuracies: [0.9633507853403142, 0.5609756097560976]
2021-06-29 21:19:44.827633: I tensorflow/core/kernels/data/shuffle_dataset_op.cc:177] Filling up shuffle buffer (this may take a while): 513 of 2616
2021-06-29 21:19:54.845845: I tensorflow/core/kernels/data/shuffle_dataset_op.cc:177] Filling up shuffle buffer (this may take a while): 1105 of 2616
2021-06-29 21:20:04.942265: I tensorflow/core/kernels/data/shuffle_dataset_op.cc:177] Filling up shuffle buffer (this may take a while): 1777 of 2616
2021-06-29 21:20:14.950946: I tensorflow/core/kernels/data/shuffle_dataset_op.cc:177] Filling up shuffle buffer (this may take a while): 2433 of 2616
2021-06-29 21:20:24.948381: I tensorflow/core/kernels/data/shuffle_dataset_op.cc:177] Filling up shuffle buffer (this may take a while): 2499 of 2616
2021-06-29 21:20:34.873602: I tensorflow/core/kernels/data/shuffle_dataset_op.cc:177] Filling up shuffle buffer (this may take a while): 2538 of 2616
2021-06-29 21:20:44.863890: I tensorflow/core/kernels/data/shuffle_dataset_op.cc:177] Filling up shuffle buffer (this may take a while): 2575 of 2616
2021-06-29 21:20:54.792677: I tensorflow/core/kernels/data/shuffle_dataset_op.cc:177] Filling up shuffle buffer (this may take a while): 2609 of 2616
2021-06-29 21:20:56.221299: I tensorflow/core/kernels/data/shuffle_dataset_op.cc:230] Shuffle buffer filled.
The validation tracker metric at 0.6021505376344086 hasn't increased by 0 in 16 epochs
Epoch 25/65
164/164 - 149s - loss: 0.0266 - accuracy: 0.9396 - val_loss: 0.2143 - val_accuracy: 0.9365
Confusion matrix: 
 [[551  22]
 [ 17  24]]
/home/alirachidi/anaconda3/envs/LungSoundClass/lib/python3.7/site-packages/tensorflow/python/data/ops/dataset_ops.py:3504: UserWarning: Even though the tf.config.experimental_run_functions_eagerly option is set, this option does not apply to tf.data functions. tf.data functions are still traced and executed as graphs.
  "Even though the tf.config.experimental_run_functions_eagerly "
Normalized Confusion matrix: 
 [[0.962 0.038]
 [0.415 0.585]]
Validation f1: 55.17
Validation accuracy: 93.65
Validation recall: 58.54
Validation precision: 52.17
Validation AUC: 0.586778657360058
Validation class accuracies: [0.9616055846422339, 0.5853658536585366]
2021-06-29 21:22:25.713424: I tensorflow/core/kernels/data/shuffle_dataset_op.cc:177] Filling up shuffle buffer (this may take a while): 545 of 2616
2021-06-29 21:22:35.665099: I tensorflow/core/kernels/data/shuffle_dataset_op.cc:177] Filling up shuffle buffer (this may take a while): 1217 of 2616
2021-06-29 21:22:45.748704: I tensorflow/core/kernels/data/shuffle_dataset_op.cc:177] Filling up shuffle buffer (this may take a while): 1889 of 2616
2021-06-29 21:22:55.609269: I tensorflow/core/kernels/data/shuffle_dataset_op.cc:177] Filling up shuffle buffer (this may take a while): 2461 of 2616
2021-06-29 21:23:05.803113: I tensorflow/core/kernels/data/shuffle_dataset_op.cc:177] Filling up shuffle buffer (this may take a while): 2498 of 2616
2021-06-29 21:23:15.716379: I tensorflow/core/kernels/data/shuffle_dataset_op.cc:177] Filling up shuffle buffer (this may take a while): 2545 of 2616
2021-06-29 21:23:26.457743: I tensorflow/core/kernels/data/shuffle_dataset_op.cc:177] Filling up shuffle buffer (this may take a while): 2581 of 2616
2021-06-29 21:23:34.436312: I tensorflow/core/kernels/data/shuffle_dataset_op.cc:230] Shuffle buffer filled.
The validation tracker metric at 0.6021505376344086 hasn't increased by 0 in 17 epochs
Epoch 26/65
164/164 - 147s - loss: 0.0262 - accuracy: 0.9396 - val_loss: 0.2102 - val_accuracy: 0.9381
Confusion matrix: 
 [[553  20]
 [ 18  23]]
Normalized Confusion matrix: 
 [[0.965 0.035]
 [0.439 0.561]]
/home/alirachidi/anaconda3/envs/LungSoundClass/lib/python3.7/site-packages/tensorflow/python/data/ops/dataset_ops.py:3504: UserWarning: Even though the tf.config.experimental_run_functions_eagerly option is set, this option does not apply to tf.data functions. tf.data functions are still traced and executed as graphs.
  "Even though the tf.config.experimental_run_functions_eagerly "
Validation f1: 54.76
Validation accuracy: 93.81
Validation recall: 56.10
Validation precision: 53.49
Validation AUC: 0.5920428178749935
Validation class accuracies: [0.9650959860383944, 0.5609756097560976]
2021-06-29 21:25:05.059667: I tensorflow/core/kernels/data/shuffle_dataset_op.cc:177] Filling up shuffle buffer (this may take a while): 497 of 2616
2021-06-29 21:25:15.146242: I tensorflow/core/kernels/data/shuffle_dataset_op.cc:177] Filling up shuffle buffer (this may take a while): 1137 of 2616
2021-06-29 21:25:25.033375: I tensorflow/core/kernels/data/shuffle_dataset_op.cc:177] Filling up shuffle buffer (this may take a while): 1793 of 2616
2021-06-29 21:25:35.639753: I tensorflow/core/kernels/data/shuffle_dataset_op.cc:177] Filling up shuffle buffer (this may take a while): 2459 of 2616
2021-06-29 21:25:45.059272: I tensorflow/core/kernels/data/shuffle_dataset_op.cc:177] Filling up shuffle buffer (this may take a while): 2497 of 2616
2021-06-29 21:25:55.030615: I tensorflow/core/kernels/data/shuffle_dataset_op.cc:177] Filling up shuffle buffer (this may take a while): 2536 of 2616
2021-06-29 21:26:05.205302: I tensorflow/core/kernels/data/shuffle_dataset_op.cc:177] Filling up shuffle buffer (this may take a while): 2573 of 2616
2021-06-29 21:26:15.073021: I tensorflow/core/kernels/data/shuffle_dataset_op.cc:177] Filling up shuffle buffer (this may take a while): 2614 of 2616
2021-06-29 21:26:15.651211: I tensorflow/core/kernels/data/shuffle_dataset_op.cc:230] Shuffle buffer filled.
The validation tracker metric at 0.6021505376344086 hasn't increased by 0 in 18 epochs
Lr has been adjusted to 0.0001250000059371814
Epoch 27/65
164/164 - 149s - loss: 0.0273 - accuracy: 0.9396 - val_loss: 0.2209 - val_accuracy: 0.9397
Confusion matrix: 
 [[555  18]
 [ 19  22]]
/home/alirachidi/anaconda3/envs/LungSoundClass/lib/python3.7/site-packages/tensorflow/python/data/ops/dataset_ops.py:3504: UserWarning: Even though the tf.config.experimental_run_functions_eagerly option is set, this option does not apply to tf.data functions. tf.data functions are still traced and executed as graphs.
  "Even though the tf.config.experimental_run_functions_eagerly "
Normalized Confusion matrix: 
 [[0.969 0.031]
 [0.463 0.537]]
Validation f1: 54.32
Validation accuracy: 93.97
Validation recall: 53.66
Validation precision: 55.00
Validation AUC: 0.5856088220412402
Validation class accuracies: [0.9685863874345549, 0.5365853658536586]
2021-06-29 21:27:45.949965: I tensorflow/core/kernels/data/shuffle_dataset_op.cc:177] Filling up shuffle buffer (this may take a while): 561 of 2616
2021-06-29 21:27:56.106922: I tensorflow/core/kernels/data/shuffle_dataset_op.cc:177] Filling up shuffle buffer (this may take a while): 1233 of 2616
2021-06-29 21:28:05.916512: I tensorflow/core/kernels/data/shuffle_dataset_op.cc:177] Filling up shuffle buffer (this may take a while): 1873 of 2616
2021-06-29 21:28:15.868299: I tensorflow/core/kernels/data/shuffle_dataset_op.cc:177] Filling up shuffle buffer (this may take a while): 2460 of 2616
2021-06-29 21:28:26.009105: I tensorflow/core/kernels/data/shuffle_dataset_op.cc:177] Filling up shuffle buffer (this may take a while): 2506 of 2616
2021-06-29 21:28:35.898273: I tensorflow/core/kernels/data/shuffle_dataset_op.cc:177] Filling up shuffle buffer (this may take a while): 2540 of 2616
2021-06-29 21:28:46.444202: I tensorflow/core/kernels/data/shuffle_dataset_op.cc:177] Filling up shuffle buffer (this may take a while): 2586 of 2616
2021-06-29 21:28:55.598468: I tensorflow/core/kernels/data/shuffle_dataset_op.cc:230] Shuffle buffer filled.
The validation tracker metric at 0.6021505376344086 hasn't increased by 0 in 19 epochs
Epoch 28/65
164/164 - 148s - loss: 0.0271 - accuracy: 0.9396 - val_loss: 0.2118 - val_accuracy: 0.9365
Confusion matrix: 
 [[552  21]
 [ 18  23]]
/home/alirachidi/anaconda3/envs/LungSoundClass/lib/python3.7/site-packages/tensorflow/python/data/ops/dataset_ops.py:3504: UserWarning: Even though the tf.config.experimental_run_functions_eagerly option is set, this option does not apply to tf.data functions. tf.data functions are still traced and executed as graphs.
  "Even though the tf.config.experimental_run_functions_eagerly "
Normalized Confusion matrix: 
 [[0.963 0.037]
 [0.439 0.561]]
Validation f1: 54.12
Validation accuracy: 93.65
Validation recall: 56.10
Validation precision: 52.27
Validation AUC: 0.5879097705865153
Validation class accuracies: [0.9633507853403142, 0.5609756097560976]

The metrics for job 0 with the best target metric are: 
Best cm: [[549  24]
 [ 13  28]]
Best normalized cm: [[0.958 0.042]
 [0.317 0.683]]
Best f1: 0.60
Best accuracy: 0.94
Best recall: 0.68
Best precision: 0.54
Best AUC: 0.59
Best class accuracies: [0.9581151832460733, 0.6829268292682927]
Best epoch: 8
The number of epochs since last 1% equals the patience
../../new_cache/conv__2273__06_2013__v39__mixup/0/icbhi_213_1p3_Pl_mc_AKGC417L_3_label_0_pred_0.png, [[0.007]]
../../new_cache/conv__2273__06_2013__v39__mixup/0/icbhi_213_1p2_Ar_mc_AKGC417L_2_label_0_pred_0.png, [[0.]]
../../new_cache/conv__2273__06_2013__v39__mixup/0/icbhi_207_3b2_Al_mc_AKGC417L_0_label_0_pred_0.png, [[0.]]
../../new_cache/conv__2273__06_2013__v39__mixup/0/icbhi_221_2b3_Pr_mc_LittC2SE_3_label_0_pred_0.png, [[0.015]]
../../new_cache/conv__2273__06_2013__v39__mixup/0/icbhi_213_1p2_Pl_mc_AKGC417L_2_label_0_pred_0.png, [[0.001]]
../../new_cache/conv__2273__06_2013__v39__mixup/0/icbhi_213_1p5_Tc_mc_AKGC417L_3_label_0_pred_0.png, [[0.016]]
../../new_cache/conv__2273__06_2013__v39__mixup/0/icbhi_205_4b2_Al_mc_AKGC417L_1_label_0_pred_0.png, [[0.]]
../../new_cache/conv__2273__06_2013__v39__mixup/0/icbhi_218_1p1_Pr_sc_Litt3200_0_label_0_pred_0.png, [[0.064]]
../../new_cache/conv__2273__06_2013__v39__mixup/0/icbhi_204_2b5_Al_mc_AKGC417L_3_label_0_pred_0.png, [[0.006]]
../../new_cache/conv__2273__06_2013__v39__mixup/0/icbhi_221_2b3_Al_mc_LittC2SE_3_label_0_pred_0.png, [[0.101]]
../../new_cache/conv__2273__06_2013__v39__mixup/0/icbhi_213_1p3_Pr_mc_AKGC417L_3_label_0_pred_0.png, [[0.001]]
../../new_cache/conv__2273__06_2013__v39__mixup/0/icbhi_205_2b3_Ll_mc_AKGC417L_2_label_0_pred_0.png, [[8.254e-06]]
../../new_cache/conv__2273__06_2013__v39__mixup/0/icbhi_207_3b2_Tc_mc_AKGC417L_1_label_0_pred_0.png, [[0.]]
../../new_cache/conv__2273__06_2013__v39__mixup/0/icbhi_222_1b1_Pr_sc_Meditron_3_label_0_pred_0.png, [[0.]]
../../new_cache/conv__2273__06_2013__v39__mixup/0/icbhi_216_1b1_Pl_sc_Meditron_3_label_0_pred_0.png, [[0.008]]
../../new_cache/conv__2273__06_2013__v39__mixup/0/icbhi_207_3b2_Ar_mc_AKGC417L_3_label_0_pred_0.png, [[0.002]]
../../new_cache/conv__2273__06_2013__v39__mixup/0/icbhi_221_2b1_Ar_mc_LittC2SE_1_label_0_pred_1.png, [[0.726]]
../../new_cache/conv__2273__06_2013__v39__mixup/0/icbhi_203_2p3_Pr_mc_AKGC417L_2_label_0_pred_0.png, [[7.737e-05]]
../../new_cache/conv__2273__06_2013__v39__mixup/0/icbhi_211_1p2_Pl_mc_AKGC417L_2_label_0_pred_0.png, [[0.003]]
../../new_cache/conv__2273__06_2013__v39__mixup/0/icbhi_211_1p2_Ar_mc_AKGC417L_3_label_0_pred_0.png, [[0.002]]
../../new_cache/conv__2273__06_2013__v39__mixup/0/icbhi_213_2p2_Pl_mc_AKGC417L_1_label_0_pred_0.png, [[0.003]]
../../new_cache/conv__2273__06_2013__v39__mixup/0/icbhi_223_1b1_Pr_sc_Meditron_0_label_0_pred_0.png, [[0.063]]
../../new_cache/conv__2273__06_2013__v39__mixup/0/icbhi_220_1b1_Tc_mc_LittC2SE_0_label_0_pred_0.png, [[4.653e-05]]
../../new_cache/conv__2273__06_2013__v39__mixup/0/icbhi_218_1b1_Pl_sc_Meditron_2_label_0_pred_0.png, [[3.743e-05]]
../../new_cache/conv__2273__06_2013__v39__mixup/0/icbhi_213_1p3_Pr_mc_AKGC417L_1_label_0_pred_0.png, [[1.517e-05]]
../../new_cache/conv__2273__06_2013__v39__mixup/0/icbhi_218_1b1_Al_sc_Meditron_11_label_0_pred_0.png, [[0.01]]
../../new_cache/conv__2273__06_2013__v39__mixup/0/icbhi_214_1b1_Ar_sc_Meditron_2_label_0_pred_0.png, [[6.798e-05]]
../../new_cache/conv__2273__06_2013__v39__mixup/0/icbhi_218_1b1_Al_sc_Meditron_5_label_0_pred_0.png, [[9.439e-05]]
../../new_cache/conv__2273__06_2013__v39__mixup/0/icbhi_216_1b1_Pl_sc_Meditron_2_label_0_pred_0.png, [[0.001]]
../../new_cache/conv__2273__06_2013__v39__mixup/0/icbhi_222_1b1_Lr_sc_Meditron_12_label_0_pred_0.png, [[0.003]]
../../new_cache/conv__2273__06_2013__v39__mixup/0/icbhi_213_1p2_Pr_mc_AKGC417L_2_label_0_pred_0.png, [[9.559e-05]]
../../new_cache/conv__2273__06_2013__v39__mixup/0/icbhi_204_2b5_Al_mc_AKGC417L_0_label_0_pred_0.png, [[0.005]]
../../new_cache/conv__2273__06_2013__v39__mixup/0/icbhi_205_4b2_Al_mc_AKGC417L_3_label_0_pred_0.png, [[0.002]]
../../new_cache/conv__2273__06_2013__v39__mixup/0/icbhi_215_1b2_Ar_sc_Meditron_2_label_0_pred_0.png, [[0.001]]
../../new_cache/conv__2273__06_2013__v39__mixup/0/icbhi_220_1b1_Tc_mc_LittC2SE_3_label_0_pred_0.png, [[0.004]]
../../new_cache/conv__2273__06_2013__v39__mixup/0/icbhi_207_2b4_Ar_mc_AKGC417L_2_label_0_pred_0.png, [[0.]]
../../new_cache/conv__2273__06_2013__v39__mixup/0/icbhi_207_2b4_Al_mc_AKGC417L_2_label_0_pred_0.png, [[0.]]
../../new_cache/conv__2273__06_2013__v39__mixup/0/icbhi_213_1p2_Al_mc_AKGC417L_2_label_0_pred_0.png, [[0.001]]
../../new_cache/conv__2273__06_2013__v39__mixup/0/icbhi_213_1p5_Pl_mc_AKGC417L_2_label_0_pred_0.png, [[0.]]
../../new_cache/conv__2273__06_2013__v39__mixup/0/icbhi_218_1b1_Pr_sc_Meditron_8_label_0_pred_0.png, [[0.005]]
../../new_cache/conv__2273__06_2013__v39__mixup/0/icbhi_207_2b4_Ar_mc_AKGC417L_3_label_0_pred_0.png, [[0.002]]
../../new_cache/conv__2273__06_2013__v39__mixup/0/icbhi_203_2p3_Al_mc_AKGC417L_0_label_0_pred_0.png, [[0.]]
../../new_cache/conv__2273__06_2013__v39__mixup/0/icbhi_226_1b1_Pl_sc_LittC2SE_1_label_1_pred_0.png, [[0.081]]
../../new_cache/conv__2273__06_2013__v39__mixup/0/icbhi_221_2b3_Lr_mc_LittC2SE_0_label_0_pred_0.png, [[0.002]]
../../new_cache/conv__2273__06_2013__v39__mixup/0/icbhi_221_2b1_Al_mc_LittC2SE_2_label_0_pred_0.png, [[0.125]]
/home/alirachidi/anaconda3/envs/LungSoundClass/lib/python3.7/site-packages/tensorflow/python/data/ops/dataset_ops.py:3504: UserWarning: Even though the tf.config.experimental_run_functions_eagerly option is set, this option does not apply to tf.data functions. tf.data functions are still traced and executed as graphs.
  "Even though the tf.config.experimental_run_functions_eagerly "
wandb: Waiting for W&B process to finish, PID 12199
wandb: Program ended successfully.
wandb: Find user logs for this run at: /home/alirachidi/classification_algorithm/trainers/main/wandb/offline-run-20210629_201341-jmgrhtic/logs/debug.log
wandb: Find internal logs for this run at: /home/alirachidi/classification_algorithm/trainers/main/wandb/offline-run-20210629_201341-jmgrhtic/logs/debug-internal.log
wandb: Run summary:
wandb:       train_accuracy 0.9396
wandb:         val_accuracy 0.93648
wandb:             _runtime 4594
wandb:           _timestamp 1625002216
wandb:                _step 204
wandb:           train_loss 0.02714
wandb:             val_loss 0.21184
wandb:           val_recall 0.56098
wandb:        val_precision 0.52273
wandb:               val_f1 0.54118
wandb:              val_auc 0.58791
wandb:                   lr 0.00013
wandb:          best_val_f1 0.60215
wandb:    best_val_accuracy 0.93974
wandb:   best_val_precision 0.53846
wandb:      best_val_recall 0.68293
wandb:             best_auc 0.58868
wandb:           best_epoch 8
wandb: Run history:
wandb:   train_accuracy 
wandb:     val_accuracy 
wandb:         _runtime 
wandb:       _timestamp 
wandb:            _step 
wandb:       train_loss 
wandb:         val_loss 
wandb:       val_recall 
wandb:    val_precision 
wandb:           val_f1 
wandb:          val_auc 
wandb:               lr 
wandb: 
wandb: You can sync this run to the cloud by running:
wandb: wandb sync /home/alirachidi/classification_algorithm/trainers/main/wandb/offline-run-20210629_201341-jmgrhtic


 See logs at ../../new_cache/conv__2273__06_2013__v39__mixup/logs/