-----------------------
Sample Rate: 8000
Type of spectrogram: coch
number of fft : -1, hop length : -1, window length : -1, number of mels: -1
Expected Dimensions: (128, 1250)
Destination & Name: ../../data/datasets/all_sw_coch_preprocessed_v2_param_v18_augm_v0_cleaned_8000.pkl
PARAMS: {"SR": 8000, "SPEC_TYPE": "coch", "GCP": 0, "LOCAL": 1, "ALL": 1, "PERCH": 0, "ICBHI": 0, "ANTWERP": 0, "COCH_A": "COCH_A.txt", "COCH_B": "COCH_B.txt", "P": "p.txt", "AUGMENTATION": 0,
"HEIGHT": 128, "WIDTH": 1250, "ANTWERP_SIMULATED_ROOT": "../../data/m4a_raw_audios/Antwerp_Simulated/",  "N_FFT": -1, "HOP_LENGTH": -1, "SPEC_WIN_LENGTH": -1, "N_MELS": -1, "AUDIO_LENGTH": 10, 
"STEP_SIZE": 5, "OVERLAP_THRESHOLD": 0.15, "TEST": 0, "BP": 1, "FS": 8000, "COCH_PATH": "../../cochlear_preprocessing/", "ICBHI_ROOT": "../../data/m4a_raw_audios/icbhi_preprocessed_v2_cleaned_8000/", "PERCH_ROOT": "../../data/m4a_raw_audios/perch_8000_10seconds/", 
"ANTWERP_ROOT": "../../data/m4a_raw_audios/Antwerp_Clinical/", "ALL_FILE_DEST": "../../data/datasets/all_sw_coch_preprocessed_v2_param_v18_augm_v0_cleaned_8000.pkl", "ICBHI_FILE_DEST" : "../../data/datasets/icbhi_sw_coch_preprocessed_v2_param_v18_augm_v0_8000.pkl", "PERCH_FILE_DEST": "../../data/datasets/perch_sw_coch_param_v18_augm_v0_8000.pkl", "ANTWERP_FILE_DEST": "../../data/datasets/antwerp_sw_coch_param_v18_augm_v0_8000.pkl"}
-----------------------
Collecting Variables...
Generating ANTWERP...
Number of Files: 49
Number of 10-sec raw audio: 260
Generating spectograms...
(128, 1250)
Generating ICBHI...
Number of Files: 1800
Number of 10-sec raw audio: 11157
Generating spectograms...
Completed 2000 elements...
Completed 2000 elements...
Completed 2000 elements...
Completed 2000 elements...
Generating ICBHI...
Number of Files: 725
Number of 10-sec raw audio: 2304
Generating spectograms...
Generating PERCH...
Number of Files: 3132
Number of 10-sec raw audio: 3132
Generating spectograms...
Completed 2000 elements...

Merging Dataset...
Samples Available
[Training set]
all:13476
none:5253
crackles:2867
wheezes:2834
both:2522

[Test set]
all:3377
none:1315
crackles:719
wheezes:711
both:632
Writing ALL locally...
Find ALL dataset at ../../data/datasets/all_sw_coch_preprocessed_v2_param_v18_augm_v0_cleaned_8000.pkl
Done.
