-----------------------
Sample Rate: 8000
Type of spectrogram: coch
number of fft : -1, hop length : -1, window length : -1, number of mels: -1
Expected Dimensions: (128, 1250)
Destination & Name: ../../data/datasets/all_sw_coch_preprocessed_v2_param_v20_augm_v0_cleaned_8000.pkl
PARAMS: {"SR": 8000, "SPEC_TYPE": "coch", "GCP": 0, "LOCAL": 1, "ALL": 1, "PERCH": 0, "ICBHI": 0, "ANTWERP": 0, "COCH_A": "COCH_A.txt", "COCH_B": "COCH_B.txt", "P": "p.txt", "AUGMENTATION": 0,
"HEIGHT": 128, "WIDTH": 1250, "ANTWERP_SIMULATED_ROOT": "../../data/Data-CVSDEncoded/AntwerpSimulated/",  "N_FFT": -1, "HOP_LENGTH": -1, "SPEC_WIN_LENGTH": -1, "N_MELS": -1, "AUDIO_LENGTH": 10, 
"STEP_SIZE": 5, "OVERLAP_THRESHOLD": 0.15, "TEST": 0, "BP": 1, "FS": 8000, "COCH_PATH": "../../cochlear_preprocessing/64_channels/", "ICBHI_ROOT": "../../data/Data-CVSDEncoded/ICBHI/", "PERCH_ROOT": "../../data/Data-CVSDEncoded/PERCH/", 
"ANTWERP_ROOT": "../../data/Data-CVSDEncoded/AntwerpClinical/", "ALL_FILE_DEST": "../../data/datasets/all_sw_coch_preprocessed_v2_param_v20_augm_v0_cleaned_8000.pkl", "ICBHI_FILE_DEST" : "../../data/datasets/icbhi_sw_coch_preprocessed_v2_param_v20_augm_v0_8000.pkl", "PERCH_FILE_DEST": "../../data/datasets/perch_sw_coch_param_v20_augm_v0_8000.pkl", "ANTWERP_FILE_DEST": "../../data/datasets/antwerp_sw_coch_param_v20_augm_v0_8000.pkl"}
-----------------------
Collecting Variables...
Generating ANTWERP...
Number of Files: 131
Number of 10-sec raw audio: 691
Generating spectograms...
Generating ICBHI...
Number of Files: 725
Number of 10-sec raw audio: 2304
Generating spectograms...
Completed 2000 elements...
Generating ANTWERP...
Number of Files: 1800
Number of 10-sec raw audio: 11157
Generating spectograms...
Completed 2000 elements...
Completed 4000 elements...
Completed 6000 elements...
Completed 8000 elements...
Completed 10000 elements...
Generating PERCH...
Number of Files: 3246
Number of 10-sec raw audio: 3246
Generating spectograms...
Completed 2000 elements...
All datasets are completed.
Find dataset at ../../data/txt_datasets/all_sw_coch_preprocessed_v2_param_v20_augm_v0_cleaned_8000
Done.
